98.02.16 13:48 B C:\Louis\minesweeper\sounds\applause.MP2 <-- content /home/content/webtv.disco/content/explore2d/programming/minesweeper/sounds applause.MP2
98.02.16 13:48 B C:\Louis\minesweeper\sounds\cpms <-- content /home/content/webtv.disco/content/explore2d/programming/minesweeper/sounds cpms
98.02.16 13:48 B C:\Louis\minesweeper\sounds\door.MP2 <-- content /home/content/webtv.disco/content/explore2d/programming/minesweeper/sounds door.MP2
98.02.16 13:48 B C:\Louis\minesweeper\sounds\var6.mid <-- content /home/content/webtv.disco/content/explore2d/programming/minesweeper/sounds var6.mid
98.02.16 13:48 B C:\Louis\minesweeper\sounds\var7.mid <-- content /home/content/webtv.disco/content/explore2d/programming/minesweeper/sounds var7.mid
98.02.16 13:48 B C:\Louis\minesweeper\sounds\var8.mid <-- content /home/content/webtv.disco/content/explore2d/programming/minesweeper/sounds var8.mid
98.02.16 16:04 B C:\Louis\minesweeper\sounds\applause.MP2 --> ed.webtv.net /usr/local/etc/apache_1.2.1/htdocs/tpark/public_html/minesweeper/sounds applause.MP2
98.02.16 16:04 B C:\Louis\minesweeper\sounds\cpms --> ed.webtv.net /usr/local/etc/apache_1.2.1/htdocs/tpark/public_html/minesweeper/sounds cpms
98.02.16 16:04 B C:\Louis\minesweeper\sounds\door.MP2 --> ed.webtv.net /usr/local/etc/apache_1.2.1/htdocs/tpark/public_html/minesweeper/sounds door.MP2
98.02.16 16:04 B C:\Louis\minesweeper\sounds\var6.mid --> ed.webtv.net /usr/local/etc/apache_1.2.1/htdocs/tpark/public_html/minesweeper/sounds var6.mid
98.02.16 16:04 B C:\Louis\minesweeper\sounds\var7.mid --> ed.webtv.net /usr/local/etc/apache_1.2.1/htdocs/tpark/public_html/minesweeper/sounds var7.mid
98.02.16 16:04 B C:\Louis\minesweeper\sounds\var8.mid --> ed.webtv.net /usr/local/etc/apache_1.2.1/htdocs/tpark/public_html/minesweeper/sounds var8.mid
98.02.16 16:04 B C:\Louis\minesweeper\sounds\WS_FTP.LOG --> ed.webtv.net /usr/local/etc/apache_1.2.1/htdocs/tpark/public_html/minesweeper/sounds WS_FTP.LOG
98.02.18 17:26 B C:\Louis\minesweeper\sounds\applause.MP2 --> www.woofie.com /u1/vhome/louis/www/wtv/minesweeper/sounds applause.MP2
98.02.18 17:26 B C:\Louis\minesweeper\sounds\cpms --> www.woofie.com /u1/vhome/louis/www/wtv/minesweeper/sounds cpms
98.02.18 17:26 B C:\Louis\minesweeper\sounds\door.MP2 --> www.woofie.com /u1/vhome/louis/www/wtv/minesweeper/sounds door.MP2
98.02.18 17:26 B C:\Louis\minesweeper\sounds\var6.mid --> www.woofie.com /u1/vhome/louis/www/wtv/minesweeper/sounds var6.mid
98.02.18 17:26 B C:\Louis\minesweeper\sounds\var7.mid --> www.woofie.com /u1/vhome/louis/www/wtv/minesweeper/sounds var7.mid
98.02.18 17:26 B C:\Louis\minesweeper\sounds\var8.mid --> www.woofie.com /u1/vhome/louis/www/wtv/minesweeper/sounds var8.mid
98.02.18 17:26 B C:\Louis\minesweeper\sounds\WS_FTP.LOG --> www.woofie.com /u1/vhome/louis/www/wtv/minesweeper/sounds WS_FTP.LOG
98.02.24 11:51 B C:\Louis\minesweeper\sounds\chasing.mid --> ed.webtv.net /usr/local/etc/apache_1.2.1/htdocs/tpark/public_html/minesweeper/sounds chasing.mid
98.02.24 11:51 B C:\Louis\minesweeper\sounds\wtvspl2.mid --> ed.webtv.net /usr/local/etc/apache_1.2.1/htdocs/tpark/public_html/minesweeper/sounds wtvspl2.mid
98.02.24 11:58 B C:\Louis\minesweeper\sounds\chasing.mid --> www.woofie.com /u1/vhome/louis/www/wtv/minesweeper/sounds chasing.mid
98.02.24 11:58 B C:\Louis\minesweeper\sounds\wtvspl2.mid --> www.woofie.com /u1/vhome/louis/www/wtv/minesweeper/sounds wtvspl2.mid
98.02.24 18:55 B C:\Louis\minesweeper\sounds\door.MP2 --> homeless.artemis.com /home/content/webtv.disco/content/explore2d/programming/minesweeper/sounds door.MP2
98.02.24 19:06 B C:\Louis\minesweeper\sounds\applause.MP2 <-- Ed /usr/home/tpark/public_html/offminesweep/sounds applause.MP2
98.02.24 19:06 B C:\Louis\minesweeper\sounds\door.MP2 <-- Ed /usr/home/tpark/public_html/offminesweep/sounds door.MP2
98.02.24 19:07 B C:\Louis\minesweeper\sounds\laugh.MP2 <-- Ed /usr/home/tpark/public_html/offminesweep/sounds laugh.MP2
98.02.24 19:07 A C:\Louis\minesweeper\sounds\applause.MP2 --> homeless.artemis.com /home/content/webtv.disco/content/explore2d/programming/minesweeper/sounds applause.MP2
98.02.24 19:07 A C:\Louis\minesweeper\sounds\door.MP2 --> homeless.artemis.com /home/content/webtv.disco/content/explore2d/programming/minesweeper/sounds door.MP2
98.02.24 19:07 A C:\Louis\minesweeper\sounds\laugh.MP2 --> homeless.artemis.com /home/content/webtv.disco/content/explore2d/programming/minesweeper/sounds laugh.MP2
98.02.24 19:09 B C:\Louis\minesweeper\sounds\applause.MP2 <-- Ed /usr/home/tpark/public_html/offminesweep/sounds applause.MP2
98.02.24 19:09 B C:\Louis\minesweeper\sounds\door.MP2 <-- Ed /usr/home/tpark/public_html/offminesweep/sounds door.MP2
98.02.24 19:09 B C:\Louis\minesweeper\sounds\laugh.MP2 <-- Ed /usr/home/tpark/public_html/offminesweep/sounds laugh.MP2
98.02.24 19:09 B C:\Louis\minesweeper\sounds\applause.MP2 --> homeless.artemis.com /home/content/webtv.disco/content/explore2d/programming/minesweeper/sounds applause.MP2
98.02.24 19:09 B C:\Louis\minesweeper\sounds\door.MP2 --> homeless.artemis.com /home/content/webtv.disco/content/explore2d/programming/minesweeper/sounds door.MP2
98.02.24 19:09 B C:\Louis\minesweeper\sounds\laugh.MP2 --> homeless.artemis.com /home/content/webtv.disco/content/explore2d/programming/minesweeper/sounds laugh.MP2
98.02.24 20:53 B C:\Louis\minesweeper\sounds\laugh.MP2 --> ed.webtv.net /usr/local/etc/apache_1.2.1/htdocs/tpark/public_html/minesweeper/sounds laugh.MP2
98.02.24 21:22 B C:\Louis\minesweeper\sounds\wtvspl2.mid --> homeless.artemis.com /home/content/webtv.disco/content/explore2d/programming/wordfind/sounds wtvspl2.mid
98.02.24 21:23 B C:\Louis\minesweeper\sounds\wtvspl2.mid --> homeless.artemis.com /home/content/webtv.disco/content/explore2d/programming/arcade wtvspl2.mid
98.03.03 21:57 B C:\Louis\minesweeper\sounds\applause.MP2 --> www.woofie.com /u1/vhome/louis/www/wtv/minesweeper/sounds applause.MP2
98.03.03 21:57 B C:\Louis\minesweeper\sounds\chasing.mid --> www.woofie.com /u1/vhome/louis/www/wtv/minesweeper/sounds chasing.mid
98.03.03 21:57 B C:\Louis\minesweeper\sounds\cpms --> www.woofie.com /u1/vhome/louis/www/wtv/minesweeper/sounds cpms
98.03.03 21:57 B C:\Louis\minesweeper\sounds\door.MP2 --> www.woofie.com /u1/vhome/louis/www/wtv/minesweeper/sounds door.MP2
98.03.03 21:57 B C:\Louis\minesweeper\sounds\laugh.MP2 --> www.woofie.com /u1/vhome/louis/www/wtv/minesweeper/sounds laugh.MP2
98.03.03 21:57 B C:\Louis\minesweeper\sounds\var6.mid --> www.woofie.com /u1/vhome/louis/www/wtv/minesweeper/sounds var6.mid
98.03.03 21:57 B C:\Louis\minesweeper\sounds\var7.mid --> www.woofie.com /u1/vhome/louis/www/wtv/minesweeper/sounds var7.mid
98.03.03 21:57 B C:\Louis\minesweeper\sounds\var8.mid --> www.woofie.com /u1/vhome/louis/www/wtv/minesweeper/sounds var8.mid
98.03.03 21:57 B C:\Louis\minesweeper\sounds\WS_FTP.LOG --> www.woofie.com /u1/vhome/louis/www/wtv/minesweeper/sounds WS_FTP.LOG
98.03.03 21:57 B C:\Louis\minesweeper\sounds\wtvspl2.mid --> www.woofie.com /u1/vhome/louis/www/wtv/minesweeper/sounds wtvspl2.mid
98.03.05 14:02 B C:\Louis\minesweeper\sounds\chase2.mid --> homeless.artemis.com /home/content/webtv.disco/content/explore2d/programming/minesweeper/sounds chase2.mid
98.03.05 14:02 B C:\Louis\minesweeper\sounds\chase2e.mid --> homeless.artemis.com /home/content/webtv.disco/content/explore2d/programming/minesweeper/sounds chase2e.mid
98.03.05 14:37 B C:\Louis\minesweeper\sounds\chase2.mid --> www.woofie.com /u1/vhome/louis/www/wtv/minesweeper/sounds chase2.mid
98.03.05 14:37 B C:\Louis\minesweeper\sounds\chase2e.mid --> www.woofie.com /u1/vhome/louis/www/wtv/minesweeper/sounds chase2e.mid
98.03.05 15:14 B C:\Louis\minesweeper\sounds\wtvspl2.mid --> www.woofie.com /u1/vhome/louis/www/wtv/arcade wtvspl2.mid
98.03.05 15:26 B C:\Louis\minesweeper\sounds\chase2e.mid --> homeless.artemis.com /home/content/webtv.disco/content/explore2d/programming/minesweeper/sounds chase2e.mid
98.03.05 15:26 B C:\Louis\minesweeper\sounds\chase2.mid --> homeless.artemis.com /home/content/webtv.disco/content/explore2d/programming/minesweeper/sounds chase2.mid
98.03.20 12:03 B C:\Louis\minesweeper\sounds\applause.MP2 --> www.woofie.com /u1/vhome/louis/www/wtv/minesweeper/sounds applause.MP2
98.03.20 12:03 B C:\Louis\minesweeper\sounds\chase2.mid --> www.woofie.com /u1/vhome/louis/www/wtv/minesweeper/sounds chase2.mid
98.03.20 12:03 B C:\Louis\minesweeper\sounds\chase2e.mid --> www.woofie.com /u1/vhome/louis/www/wtv/minesweeper/sounds chase2e.mid
98.03.20 12:03 B C:\Louis\minesweeper\sounds\chasing.mid --> www.woofie.com /u1/vhome/louis/www/wtv/minesweeper/sounds chasing.mid
98.03.20 12:03 B C:\Louis\minesweeper\sounds\cpms --> www.woofie.com /u1/vhome/louis/www/wtv/minesweeper/sounds cpms
98.03.20 12:03 B C:\Louis\minesweeper\sounds\door.MP2 --> www.woofie.com /u1/vhome/louis/www/wtv/minesweeper/sounds door.MP2
98.03.20 12:03 B C:\Louis\minesweeper\sounds\laugh.MP2 --> www.woofie.com /u1/vhome/louis/www/wtv/minesweeper/sounds laugh.MP2
98.03.20 12:03 B C:\Louis\minesweeper\sounds\var6.mid --> www.woofie.com /u1/vhome/louis/www/wtv/minesweeper/sounds var6.mid
98.03.20 12:03 B C:\Louis\minesweeper\sounds\var7.mid --> www.woofie.com /u1/vhome/louis/www/wtv/minesweeper/sounds var7.mid
98.03.20 12:03 B C:\Louis\minesweeper\sounds\var8.mid --> www.woofie.com /u1/vhome/louis/www/wtv/minesweeper/sounds var8.mid
