97.09.25 21:43 B C:\AWork\AWebSites\WebTVGames\makeamatch\clock\0.GIF --> vp2.netgate.net /u1/vhome/louis/www/makeamatch/clock 0.GIF
97.09.25 21:43 B C:\AWork\AWebSites\WebTVGames\makeamatch\clock\1.GIF --> vp2.netgate.net /u1/vhome/louis/www/makeamatch/clock 1.GIF
97.09.25 21:43 B C:\AWork\AWebSites\WebTVGames\makeamatch\clock\2.GIF --> vp2.netgate.net /u1/vhome/louis/www/makeamatch/clock 2.GIF
97.09.25 21:43 B C:\AWork\AWebSites\WebTVGames\makeamatch\clock\3.GIF --> vp2.netgate.net /u1/vhome/louis/www/makeamatch/clock 3.GIF
97.09.25 21:43 B C:\AWork\AWebSites\WebTVGames\makeamatch\clock\4.GIF --> vp2.netgate.net /u1/vhome/louis/www/makeamatch/clock 4.GIF
97.09.25 21:43 B C:\AWork\AWebSites\WebTVGames\makeamatch\clock\5.GIF --> vp2.netgate.net /u1/vhome/louis/www/makeamatch/clock 5.GIF
97.09.25 21:43 B C:\AWork\AWebSites\WebTVGames\makeamatch\clock\6.GIF --> vp2.netgate.net /u1/vhome/louis/www/makeamatch/clock 6.GIF
97.09.25 21:43 B C:\AWork\AWebSites\WebTVGames\makeamatch\clock\7.GIF --> vp2.netgate.net /u1/vhome/louis/www/makeamatch/clock 7.GIF
97.09.25 21:43 B C:\AWork\AWebSites\WebTVGames\makeamatch\clock\8.GIF --> vp2.netgate.net /u1/vhome/louis/www/makeamatch/clock 8.GIF
97.09.25 21:43 B C:\AWork\AWebSites\WebTVGames\makeamatch\clock\9.GIF --> vp2.netgate.net /u1/vhome/louis/www/makeamatch/clock 9.GIF
97.09.25 21:43 B C:\AWork\AWebSites\WebTVGames\makeamatch\clock\COLON.GIF --> vp2.netgate.net /u1/vhome/louis/www/makeamatch/clock COLON.GIF
97.09.29 13:03 B C:\AWork\AWebSites\WebTVGames\makeamatch\clock\0.GIF --> vp2.netgate.net /u1/vhome/louis/www/makeamatch/clock 0.GIF
97.09.29 13:03 B C:\AWork\AWebSites\WebTVGames\makeamatch\clock\1.GIF --> vp2.netgate.net /u1/vhome/louis/www/makeamatch/clock 1.GIF
97.09.29 13:04 B C:\AWork\AWebSites\WebTVGames\makeamatch\clock\2.GIF --> vp2.netgate.net /u1/vhome/louis/www/makeamatch/clock 2.GIF
97.09.29 13:04 B C:\AWork\AWebSites\WebTVGames\makeamatch\clock\3.GIF --> vp2.netgate.net /u1/vhome/louis/www/makeamatch/clock 3.GIF
97.09.29 13:04 B C:\AWork\AWebSites\WebTVGames\makeamatch\clock\4.GIF --> vp2.netgate.net /u1/vhome/louis/www/makeamatch/clock 4.GIF
97.09.29 13:04 B C:\AWork\AWebSites\WebTVGames\makeamatch\clock\5.GIF --> vp2.netgate.net /u1/vhome/louis/www/makeamatch/clock 5.GIF
97.09.29 13:04 B C:\AWork\AWebSites\WebTVGames\makeamatch\clock\6.GIF --> vp2.netgate.net /u1/vhome/louis/www/makeamatch/clock 6.GIF
97.09.29 13:04 B C:\AWork\AWebSites\WebTVGames\makeamatch\clock\7.GIF --> vp2.netgate.net /u1/vhome/louis/www/makeamatch/clock 7.GIF
97.09.29 13:04 B C:\AWork\AWebSites\WebTVGames\makeamatch\clock\8.GIF --> vp2.netgate.net /u1/vhome/louis/www/makeamatch/clock 8.GIF
97.09.29 13:04 B C:\AWork\AWebSites\WebTVGames\makeamatch\clock\9.GIF --> vp2.netgate.net /u1/vhome/louis/www/makeamatch/clock 9.GIF
97.09.29 13:04 B C:\AWork\AWebSites\WebTVGames\makeamatch\clock\COLON.GIF --> vp2.netgate.net /u1/vhome/louis/www/makeamatch/clock COLON.GIF
97.09.29 15:43 B D:\LouisRoehrs\makeamatch\clock\WS_FTP.LOG <-- AWoofie /u1/vhome/louis/www/makeamatch/clock WS_FTP.LOG
97.09.29 15:56 B D:\LouisRoehrs\makeamatch\clock\0.GIF --> ed.webtv.net /usr/home/tpark/public_html/louis/makeamatch/clock 0.GIF
97.09.29 15:56 B D:\LouisRoehrs\makeamatch\clock\1.GIF --> ed.webtv.net /usr/home/tpark/public_html/louis/makeamatch/clock 1.GIF
97.09.29 15:56 B D:\LouisRoehrs\makeamatch\clock\2.GIF --> ed.webtv.net /usr/home/tpark/public_html/louis/makeamatch/clock 2.GIF
97.09.29 15:56 B D:\LouisRoehrs\makeamatch\clock\3.GIF --> ed.webtv.net /usr/home/tpark/public_html/louis/makeamatch/clock 3.GIF
97.09.29 15:56 B D:\LouisRoehrs\makeamatch\clock\4.GIF --> ed.webtv.net /usr/home/tpark/public_html/louis/makeamatch/clock 4.GIF
97.09.29 15:56 B D:\LouisRoehrs\makeamatch\clock\5.GIF --> ed.webtv.net /usr/home/tpark/public_html/louis/makeamatch/clock 5.GIF
97.09.29 15:56 B D:\LouisRoehrs\makeamatch\clock\6.GIF --> ed.webtv.net /usr/home/tpark/public_html/louis/makeamatch/clock 6.GIF
97.09.29 15:56 B D:\LouisRoehrs\makeamatch\clock\7.GIF --> ed.webtv.net /usr/home/tpark/public_html/louis/makeamatch/clock 7.GIF
97.09.29 15:56 B D:\LouisRoehrs\makeamatch\clock\8.GIF --> ed.webtv.net /usr/home/tpark/public_html/louis/makeamatch/clock 8.GIF
97.09.29 15:56 B D:\LouisRoehrs\makeamatch\clock\9.GIF --> ed.webtv.net /usr/home/tpark/public_html/louis/makeamatch/clock 9.GIF
97.09.29 15:56 B D:\LouisRoehrs\makeamatch\clock\COLON.GIF --> ed.webtv.net /usr/home/tpark/public_html/louis/makeamatch/clock COLON.GIF
97.09.29 15:56 B D:\LouisRoehrs\makeamatch\clock\WS_FTP.LOG --> ed.webtv.net /usr/home/tpark/public_html/louis/makeamatch/clock WS_FTP.LOG
97.09.29 16:06 B D:\LouisRoehrs\makeamatch\clock\0.gif --> ed.webtv.net /usr/home/tpark/public_html/louis/makeamatch/clock 0.gif
97.09.29 16:06 B D:\LouisRoehrs\makeamatch\clock\1.gif --> ed.webtv.net /usr/home/tpark/public_html/louis/makeamatch/clock 1.gif
97.09.29 16:06 B D:\LouisRoehrs\makeamatch\clock\2.gif --> ed.webtv.net /usr/home/tpark/public_html/louis/makeamatch/clock 2.gif
97.09.29 16:06 B D:\LouisRoehrs\makeamatch\clock\3.gif --> ed.webtv.net /usr/home/tpark/public_html/louis/makeamatch/clock 3.gif
97.09.29 16:06 B D:\LouisRoehrs\makeamatch\clock\4.gif --> ed.webtv.net /usr/home/tpark/public_html/louis/makeamatch/clock 4.gif
97.09.29 16:06 B D:\LouisRoehrs\makeamatch\clock\5.gif --> ed.webtv.net /usr/home/tpark/public_html/louis/makeamatch/clock 5.gif
97.09.29 16:06 B D:\LouisRoehrs\makeamatch\clock\6.gif --> ed.webtv.net /usr/home/tpark/public_html/louis/makeamatch/clock 6.gif
97.09.29 16:06 B D:\LouisRoehrs\makeamatch\clock\7.gif --> ed.webtv.net /usr/home/tpark/public_html/louis/makeamatch/clock 7.gif
97.09.29 16:06 B D:\LouisRoehrs\makeamatch\clock\8.gif --> ed.webtv.net /usr/home/tpark/public_html/louis/makeamatch/clock 8.gif
97.09.29 16:06 B D:\LouisRoehrs\makeamatch\clock\9.gif --> ed.webtv.net /usr/home/tpark/public_html/louis/makeamatch/clock 9.gif
97.09.29 16:06 B D:\LouisRoehrs\makeamatch\clock\colon.gif --> ed.webtv.net /usr/home/tpark/public_html/louis/makeamatch/clock colon.gif
97.09.29 16:06 B D:\LouisRoehrs\makeamatch\clock\WS_FTP.LOG --> ed.webtv.net /usr/home/tpark/public_html/louis/makeamatch/clock WS_FTP.LOG
97.09.29 16:32 B D:\LouisRoehrs\makeamatch\clock\0.gif --> ed.webtv.net /usr/home/tpark/public_html/louis/makeamatch/matches 0.gif
97.09.29 16:32 B D:\LouisRoehrs\makeamatch\clock\1.gif --> ed.webtv.net /usr/home/tpark/public_html/louis/makeamatch/matches 1.gif
97.09.29 16:32 B D:\LouisRoehrs\makeamatch\clock\2.gif --> ed.webtv.net /usr/home/tpark/public_html/louis/makeamatch/matches 2.gif
97.09.29 16:32 B D:\LouisRoehrs\makeamatch\clock\3.gif --> ed.webtv.net /usr/home/tpark/public_html/louis/makeamatch/matches 3.gif
97.09.29 16:32 B D:\LouisRoehrs\makeamatch\clock\4.gif --> ed.webtv.net /usr/home/tpark/public_html/louis/makeamatch/matches 4.gif
97.09.29 16:32 B D:\LouisRoehrs\makeamatch\clock\5.gif --> ed.webtv.net /usr/home/tpark/public_html/louis/makeamatch/matches 5.gif
97.09.29 16:32 B D:\LouisRoehrs\makeamatch\clock\6.gif --> ed.webtv.net /usr/home/tpark/public_html/louis/makeamatch/matches 6.gif
97.09.29 16:32 B D:\LouisRoehrs\makeamatch\clock\7.gif --> ed.webtv.net /usr/home/tpark/public_html/louis/makeamatch/matches 7.gif
97.09.29 16:32 B D:\LouisRoehrs\makeamatch\clock\8.gif --> ed.webtv.net /usr/home/tpark/public_html/louis/makeamatch/matches 8.gif
97.09.29 16:33 B D:\LouisRoehrs\makeamatch\clock\9.gif --> ed.webtv.net /usr/home/tpark/public_html/louis/makeamatch/matches 9.gif
97.09.29 16:33 B D:\LouisRoehrs\makeamatch\clock\colon.gif --> ed.webtv.net /usr/home/tpark/public_html/louis/makeamatch/matches colon.gif
97.09.29 20:38 B D:\LouisRoehrs\makeamatch\clock\0.gif --> vp2.netgate.net /u1/vhome/louis/www/makeamatch/clock 0.gif
97.09.29 20:38 B D:\LouisRoehrs\makeamatch\clock\1.gif --> vp2.netgate.net /u1/vhome/louis/www/makeamatch/clock 1.gif
97.09.29 20:38 B D:\LouisRoehrs\makeamatch\clock\2.gif --> vp2.netgate.net /u1/vhome/louis/www/makeamatch/clock 2.gif
97.09.29 20:38 B D:\LouisRoehrs\makeamatch\clock\3.gif --> vp2.netgate.net /u1/vhome/louis/www/makeamatch/clock 3.gif
97.09.29 20:38 B D:\LouisRoehrs\makeamatch\clock\4.gif --> vp2.netgate.net /u1/vhome/louis/www/makeamatch/clock 4.gif
97.09.29 20:38 B D:\LouisRoehrs\makeamatch\clock\5.gif --> vp2.netgate.net /u1/vhome/louis/www/makeamatch/clock 5.gif
97.09.29 20:38 B D:\LouisRoehrs\makeamatch\clock\6.gif --> vp2.netgate.net /u1/vhome/louis/www/makeamatch/clock 6.gif
97.09.29 20:38 B D:\LouisRoehrs\makeamatch\clock\7.gif --> vp2.netgate.net /u1/vhome/louis/www/makeamatch/clock 7.gif
97.09.29 20:38 B D:\LouisRoehrs\makeamatch\clock\8.gif --> vp2.netgate.net /u1/vhome/louis/www/makeamatch/clock 8.gif
97.09.29 20:38 B D:\LouisRoehrs\makeamatch\clock\9.gif --> vp2.netgate.net /u1/vhome/louis/www/makeamatch/clock 9.gif
97.09.29 20:38 B D:\LouisRoehrs\makeamatch\clock\colon.gif --> vp2.netgate.net /u1/vhome/louis/www/makeamatch/clock colon.gif
97.09.29 20:38 B D:\LouisRoehrs\makeamatch\clock\WS_FTP.LOG --> vp2.netgate.net /u1/vhome/louis/www/makeamatch/clock WS_FTP.LOG
97.10.02 10:45 B D:\LouisRoehrs\makeamatch\clock\1.gif --> ed.webtv.net /usr/home/tpark/public_html/louis/makeamatch/clock 1.gif
97.10.02 10:51 B D:\LouisRoehrs\makeamatch\clock\1.gif --> ed.webtv.net /usr/home/tpark/public_html/louis/makeamatch/clock 1.gif
97.10.02 10:56 B D:\LouisRoehrs\makeamatch\clock\1.gif --> ed.webtv.net /usr/home/tpark/public_html/louis/makeamatch/clock 1.gif
97.10.02 10:58 B D:\LouisRoehrs\makeamatch\clock\1.gif --> ed.webtv.net /usr/home/tpark/public_html/louis/makeamatch/clock 1.gif
97.10.13 12:42 B D:\LouisRoehrs\tetris\clock\0.gif --> vp2.netgate.net /u1/vhome/louis/www/wtv/tetris/clock 0.gif
97.10.13 12:42 B D:\LouisRoehrs\tetris\clock\1.gif --> vp2.netgate.net /u1/vhome/louis/www/wtv/tetris/clock 1.gif
97.10.13 12:42 B D:\LouisRoehrs\tetris\clock\2.gif --> vp2.netgate.net /u1/vhome/louis/www/wtv/tetris/clock 2.gif
97.10.13 12:42 B D:\LouisRoehrs\tetris\clock\3.gif --> vp2.netgate.net /u1/vhome/louis/www/wtv/tetris/clock 3.gif
97.10.13 12:42 B D:\LouisRoehrs\tetris\clock\4.gif --> vp2.netgate.net /u1/vhome/louis/www/wtv/tetris/clock 4.gif
97.10.13 12:42 B D:\LouisRoehrs\tetris\clock\5.gif --> vp2.netgate.net /u1/vhome/louis/www/wtv/tetris/clock 5.gif
97.10.13 12:42 B D:\LouisRoehrs\tetris\clock\6.gif --> vp2.netgate.net /u1/vhome/louis/www/wtv/tetris/clock 6.gif
97.10.13 12:42 B D:\LouisRoehrs\tetris\clock\7.gif --> vp2.netgate.net /u1/vhome/louis/www/wtv/tetris/clock 7.gif
97.10.13 12:42 B D:\LouisRoehrs\tetris\clock\8.gif --> vp2.netgate.net /u1/vhome/louis/www/wtv/tetris/clock 8.gif
97.10.13 12:42 B D:\LouisRoehrs\tetris\clock\9.gif --> vp2.netgate.net /u1/vhome/louis/www/wtv/tetris/clock 9.gif
97.10.13 12:42 B D:\LouisRoehrs\tetris\clock\colon.gif --> vp2.netgate.net /u1/vhome/louis/www/wtv/tetris/clock colon.gif
97.10.13 12:42 B D:\LouisRoehrs\tetris\clock\WS_FTP.LOG --> vp2.netgate.net /u1/vhome/louis/www/wtv/tetris/clock WS_FTP.LOG
97.10.21 20:06 B D:\LouisRoehrs\tetris\clock\0.gif --> vp2.netgate.net /u1/vhome/louis/www/wtv/tetris/clock 0.gif
97.10.21 20:06 B D:\LouisRoehrs\tetris\clock\1.gif --> vp2.netgate.net /u1/vhome/louis/www/wtv/tetris/clock 1.gif
97.10.21 20:06 B D:\LouisRoehrs\tetris\clock\2.gif --> vp2.netgate.net /u1/vhome/louis/www/wtv/tetris/clock 2.gif
97.10.21 20:06 B D:\LouisRoehrs\tetris\clock\3.gif --> vp2.netgate.net /u1/vhome/louis/www/wtv/tetris/clock 3.gif
97.10.21 20:06 B D:\LouisRoehrs\tetris\clock\4.gif --> vp2.netgate.net /u1/vhome/louis/www/wtv/tetris/clock 4.gif
97.10.21 20:06 B D:\LouisRoehrs\tetris\clock\5.gif --> vp2.netgate.net /u1/vhome/louis/www/wtv/tetris/clock 5.gif
97.10.21 20:06 B D:\LouisRoehrs\tetris\clock\6.gif --> vp2.netgate.net /u1/vhome/louis/www/wtv/tetris/clock 6.gif
97.10.21 20:06 B D:\LouisRoehrs\tetris\clock\7.gif --> vp2.netgate.net /u1/vhome/louis/www/wtv/tetris/clock 7.gif
97.10.21 20:06 B D:\LouisRoehrs\tetris\clock\8.gif --> vp2.netgate.net /u1/vhome/louis/www/wtv/tetris/clock 8.gif
97.10.21 20:06 B D:\LouisRoehrs\tetris\clock\9.gif --> vp2.netgate.net /u1/vhome/louis/www/wtv/tetris/clock 9.gif
97.10.21 20:06 B D:\LouisRoehrs\tetris\clock\colon.gif --> vp2.netgate.net /u1/vhome/louis/www/wtv/tetris/clock colon.gif
97.10.21 20:06 B D:\LouisRoehrs\tetris\clock\WS_FTP.LOG --> vp2.netgate.net /u1/vhome/louis/www/wtv/tetris/clock WS_FTP.LOG
97.10.24 18:41 B D:\LouisRoehrs\tetris\clock\0.gif --> vp2.netgate.net /u1/vhome/louis/www/wtv/tetris/clock 0.gif
97.10.24 18:41 B D:\LouisRoehrs\tetris\clock\1.gif --> vp2.netgate.net /u1/vhome/louis/www/wtv/tetris/clock 1.gif
97.10.24 18:41 B D:\LouisRoehrs\tetris\clock\2.gif --> vp2.netgate.net /u1/vhome/louis/www/wtv/tetris/clock 2.gif
97.10.24 18:41 B D:\LouisRoehrs\tetris\clock\3.gif --> vp2.netgate.net /u1/vhome/louis/www/wtv/tetris/clock 3.gif
97.10.24 18:41 B D:\LouisRoehrs\tetris\clock\4.gif --> vp2.netgate.net /u1/vhome/louis/www/wtv/tetris/clock 4.gif
97.10.24 18:41 B D:\LouisRoehrs\tetris\clock\5.gif --> vp2.netgate.net /u1/vhome/louis/www/wtv/tetris/clock 5.gif
97.10.24 18:41 B D:\LouisRoehrs\tetris\clock\6.gif --> vp2.netgate.net /u1/vhome/louis/www/wtv/tetris/clock 6.gif
97.10.24 18:41 B D:\LouisRoehrs\tetris\clock\7.gif --> vp2.netgate.net /u1/vhome/louis/www/wtv/tetris/clock 7.gif
97.10.24 18:41 B D:\LouisRoehrs\tetris\clock\8.gif --> vp2.netgate.net /u1/vhome/louis/www/wtv/tetris/clock 8.gif
97.10.24 18:41 B D:\LouisRoehrs\tetris\clock\9.gif --> vp2.netgate.net /u1/vhome/louis/www/wtv/tetris/clock 9.gif
97.10.24 18:41 B D:\LouisRoehrs\tetris\clock\colon.gif --> vp2.netgate.net /u1/vhome/louis/www/wtv/tetris/clock colon.gif
