97.09.12 07:10 B C:\Awork\Awebsites\Woofie\calc\0.gif --> shellx.best.com /webx/web2/louisr/public_html/calc 0.gif
97.09.12 07:10 B C:\Awork\Awebsites\Woofie\calc\1.gif --> shellx.best.com /webx/web2/louisr/public_html/calc 1.gif
97.09.12 07:10 B C:\Awork\Awebsites\Woofie\calc\1x1clear.GIF --> shellx.best.com /webx/web2/louisr/public_html/calc 1x1clear.GIF
97.09.12 07:10 B C:\Awork\Awebsites\Woofie\calc\2.gif --> shellx.best.com /webx/web2/louisr/public_html/calc 2.gif
97.09.12 07:10 B C:\Awork\Awebsites\Woofie\calc\3.gif --> shellx.best.com /webx/web2/louisr/public_html/calc 3.gif
97.09.12 07:10 B C:\Awork\Awebsites\Woofie\calc\4.gif --> shellx.best.com /webx/web2/louisr/public_html/calc 4.gif
97.09.12 07:10 B C:\Awork\Awebsites\Woofie\calc\5.gif --> shellx.best.com /webx/web2/louisr/public_html/calc 5.gif
97.09.12 07:10 B C:\Awork\Awebsites\Woofie\calc\6.gif --> shellx.best.com /webx/web2/louisr/public_html/calc 6.gif
97.09.12 07:10 B C:\Awork\Awebsites\Woofie\calc\7.gif --> shellx.best.com /webx/web2/louisr/public_html/calc 7.gif
97.09.12 07:10 B C:\Awork\Awebsites\Woofie\calc\8.gif --> shellx.best.com /webx/web2/louisr/public_html/calc 8.gif
97.09.12 07:10 B C:\Awork\Awebsites\Woofie\calc\9.gif --> shellx.best.com /webx/web2/louisr/public_html/calc 9.gif
97.09.12 07:10 B C:\Awork\Awebsites\Woofie\calc\button.gif --> shellx.best.com /webx/web2/louisr/public_html/calc button.gif
97.09.12 07:10 A C:\Awork\Awebsites\Woofie\calc\calc.html --> shellx.best.com /webx/web2/louisr/public_html/calc calc.html
97.09.12 07:10 B C:\Awork\Awebsites\Woofie\calc\d0.gif --> shellx.best.com /webx/web2/louisr/public_html/calc d0.gif
97.09.12 07:10 B C:\Awork\Awebsites\Woofie\calc\d1.gif --> shellx.best.com /webx/web2/louisr/public_html/calc d1.gif
97.09.12 07:10 B C:\Awork\Awebsites\Woofie\calc\d2.gif --> shellx.best.com /webx/web2/louisr/public_html/calc d2.gif
97.09.12 07:10 B C:\Awork\Awebsites\Woofie\calc\d3.gif --> shellx.best.com /webx/web2/louisr/public_html/calc d3.gif
97.09.12 07:10 B C:\Awork\Awebsites\Woofie\calc\d4.gif --> shellx.best.com /webx/web2/louisr/public_html/calc d4.gif
97.09.12 07:10 B C:\Awork\Awebsites\Woofie\calc\d5.gif --> shellx.best.com /webx/web2/louisr/public_html/calc d5.gif
97.09.12 07:10 B C:\Awork\Awebsites\Woofie\calc\d6.gif --> shellx.best.com /webx/web2/louisr/public_html/calc d6.gif
97.09.12 07:10 B C:\Awork\Awebsites\Woofie\calc\d7.gif --> shellx.best.com /webx/web2/louisr/public_html/calc d7.gif
97.09.12 07:10 B C:\Awork\Awebsites\Woofie\calc\d8.gif --> shellx.best.com /webx/web2/louisr/public_html/calc d8.gif
97.09.12 07:10 B C:\Awork\Awebsites\Woofie\calc\d9.gif --> shellx.best.com /webx/web2/louisr/public_html/calc d9.gif
97.09.12 07:10 B C:\Awork\Awebsites\Woofie\calc\dblank.gif --> shellx.best.com /webx/web2/louisr/public_html/calc dblank.gif
97.09.12 07:10 B C:\Awork\Awebsites\Woofie\calc\ddot.gif --> shellx.best.com /webx/web2/louisr/public_html/calc ddot.gif
97.09.12 07:10 B C:\Awork\Awebsites\Woofie\calc\dnodot.gif --> shellx.best.com /webx/web2/louisr/public_html/calc dnodot.gif
97.09.12 07:11 B C:\Awork\Awebsites\Woofie\calc\dot.gif --> shellx.best.com /webx/web2/louisr/public_html/calc dot.gif
97.09.12 07:11 B C:\Awork\Awebsites\Woofie\calc\minus.gif --> shellx.best.com /webx/web2/louisr/public_html/calc minus.gif
97.09.12 07:11 B C:\Awork\Awebsites\Woofie\calc\plus.gif --> shellx.best.com /webx/web2/louisr/public_html/calc plus.gif
97.09.16 05:30 B C:\AWork\AWebSites\Woofie\calc\0.gif --> vp2.netgate.net /u1/vhome/louis/www/calc 0.gif
97.09.16 05:30 B C:\AWork\AWebSites\Woofie\calc\1.gif --> vp2.netgate.net /u1/vhome/louis/www/calc 1.gif
97.09.16 05:30 B C:\AWork\AWebSites\Woofie\calc\1x1clear.GIF --> vp2.netgate.net /u1/vhome/louis/www/calc 1x1clear.GIF
97.09.16 05:30 B C:\AWork\AWebSites\Woofie\calc\2.gif --> vp2.netgate.net /u1/vhome/louis/www/calc 2.gif
97.09.16 05:30 B C:\AWork\AWebSites\Woofie\calc\3.gif --> vp2.netgate.net /u1/vhome/louis/www/calc 3.gif
97.09.16 05:30 B C:\AWork\AWebSites\Woofie\calc\4.gif --> vp2.netgate.net /u1/vhome/louis/www/calc 4.gif
97.09.16 05:30 B C:\AWork\AWebSites\Woofie\calc\5.gif --> vp2.netgate.net /u1/vhome/louis/www/calc 5.gif
97.09.16 05:30 B C:\AWork\AWebSites\Woofie\calc\6.gif --> vp2.netgate.net /u1/vhome/louis/www/calc 6.gif
97.09.16 05:31 B C:\AWork\AWebSites\Woofie\calc\7.gif --> vp2.netgate.net /u1/vhome/louis/www/calc 7.gif
97.09.16 05:31 B C:\AWork\AWebSites\Woofie\calc\8.gif --> vp2.netgate.net /u1/vhome/louis/www/calc 8.gif
97.09.16 05:31 B C:\AWork\AWebSites\Woofie\calc\9.gif --> vp2.netgate.net /u1/vhome/louis/www/calc 9.gif
97.09.16 05:31 B C:\AWork\AWebSites\Woofie\calc\button.gif --> vp2.netgate.net /u1/vhome/louis/www/calc button.gif
97.09.16 05:31 A C:\AWork\AWebSites\Woofie\calc\calc.html --> vp2.netgate.net /u1/vhome/louis/www/calc calc.html
97.09.16 05:31 B C:\AWork\AWebSites\Woofie\calc\d0.gif --> vp2.netgate.net /u1/vhome/louis/www/calc d0.gif
97.09.16 05:31 B C:\AWork\AWebSites\Woofie\calc\d1.gif --> vp2.netgate.net /u1/vhome/louis/www/calc d1.gif
97.09.16 05:31 B C:\AWork\AWebSites\Woofie\calc\d2.gif --> vp2.netgate.net /u1/vhome/louis/www/calc d2.gif
97.09.16 05:31 B C:\AWork\AWebSites\Woofie\calc\d3.gif --> vp2.netgate.net /u1/vhome/louis/www/calc d3.gif
97.09.16 05:31 B C:\AWork\AWebSites\Woofie\calc\d4.gif --> vp2.netgate.net /u1/vhome/louis/www/calc d4.gif
97.09.16 05:31 B C:\AWork\AWebSites\Woofie\calc\d5.gif --> vp2.netgate.net /u1/vhome/louis/www/calc d5.gif
97.09.16 05:31 B C:\AWork\AWebSites\Woofie\calc\d6.gif --> vp2.netgate.net /u1/vhome/louis/www/calc d6.gif
97.09.16 05:31 B C:\AWork\AWebSites\Woofie\calc\d7.gif --> vp2.netgate.net /u1/vhome/louis/www/calc d7.gif
97.09.16 05:31 B C:\AWork\AWebSites\Woofie\calc\d8.gif --> vp2.netgate.net /u1/vhome/louis/www/calc d8.gif
97.09.16 05:31 B C:\AWork\AWebSites\Woofie\calc\d9.gif --> vp2.netgate.net /u1/vhome/louis/www/calc d9.gif
97.09.16 05:31 B C:\AWork\AWebSites\Woofie\calc\dblank.gif --> vp2.netgate.net /u1/vhome/louis/www/calc dblank.gif
97.09.16 05:31 B C:\AWork\AWebSites\Woofie\calc\ddot.gif --> vp2.netgate.net /u1/vhome/louis/www/calc ddot.gif
97.09.16 05:31 B C:\AWork\AWebSites\Woofie\calc\dnodot.gif --> vp2.netgate.net /u1/vhome/louis/www/calc dnodot.gif
97.09.16 05:31 B C:\AWork\AWebSites\Woofie\calc\dot.gif --> vp2.netgate.net /u1/vhome/louis/www/calc dot.gif
97.09.16 05:31 B C:\AWork\AWebSites\Woofie\calc\minus.gif --> vp2.netgate.net /u1/vhome/louis/www/calc minus.gif
97.09.16 05:31 B C:\AWork\AWebSites\Woofie\calc\plus.gif --> vp2.netgate.net /u1/vhome/louis/www/calc plus.gif
97.09.16 05:31 B C:\AWork\AWebSites\Woofie\calc\WS_FTP.LOG --> vp2.netgate.net /u1/vhome/louis/www/calc WS_FTP.LOG
97.09.16 05:33 B C:\AWork\AWebSites\Woofie\calc\1x1clear.gif --> vp2.netgate.net /u1/vhome/louis/www/calc 1x1clear.gif
97.09.16 15:13 B C:\AWork\AWebSites\Woofie\calc\calc.html --> vp2.netgate.net /u1/vhome/louis/www/calc calc.html
97.09.16 15:16 B C:\AWork\AWebSites\Woofie\calc\calc.html --> vp2.netgate.net /u1/vhome/louis/www/calc calc.html
97.09.16 17:27 B C:\AWork\AWebSites\Woofie\calc\0.gif --> vp2.netgate.net /u1/vhome/louis/www/calc/calc 0.gif
97.09.16 17:27 B C:\AWork\AWebSites\Woofie\calc\1.gif --> vp2.netgate.net /u1/vhome/louis/www/calc/calc 1.gif
97.09.16 17:27 B C:\AWork\AWebSites\Woofie\calc\1x1clear.gif --> vp2.netgate.net /u1/vhome/louis/www/calc/calc 1x1clear.gif
97.09.16 17:27 B C:\AWork\AWebSites\Woofie\calc\2.gif --> vp2.netgate.net /u1/vhome/louis/www/calc/calc 2.gif
97.09.16 17:27 B C:\AWork\AWebSites\Woofie\calc\3.gif --> vp2.netgate.net /u1/vhome/louis/www/calc/calc 3.gif
97.09.16 17:27 B C:\AWork\AWebSites\Woofie\calc\4.gif --> vp2.netgate.net /u1/vhome/louis/www/calc/calc 4.gif
97.09.16 17:27 B C:\AWork\AWebSites\Woofie\calc\5.gif --> vp2.netgate.net /u1/vhome/louis/www/calc/calc 5.gif
97.09.16 17:27 B C:\AWork\AWebSites\Woofie\calc\6.gif --> vp2.netgate.net /u1/vhome/louis/www/calc/calc 6.gif
97.09.16 17:27 B C:\AWork\AWebSites\Woofie\calc\7.gif --> vp2.netgate.net /u1/vhome/louis/www/calc/calc 7.gif
97.09.16 17:27 B C:\AWork\AWebSites\Woofie\calc\8.gif --> vp2.netgate.net /u1/vhome/louis/www/calc/calc 8.gif
97.09.16 17:27 B C:\AWork\AWebSites\Woofie\calc\9.gif --> vp2.netgate.net /u1/vhome/louis/www/calc/calc 9.gif
97.09.16 17:27 B C:\AWork\AWebSites\Woofie\calc\button.gif --> vp2.netgate.net /u1/vhome/louis/www/calc/calc button.gif
97.09.16 17:27 A C:\AWork\AWebSites\Woofie\calc\calc.html --> vp2.netgate.net /u1/vhome/louis/www/calc/calc calc.html
97.09.16 17:27 B C:\AWork\AWebSites\Woofie\calc\d0.gif --> vp2.netgate.net /u1/vhome/louis/www/calc/calc d0.gif
97.09.16 17:27 B C:\AWork\AWebSites\Woofie\calc\d1.gif --> vp2.netgate.net /u1/vhome/louis/www/calc/calc d1.gif
97.09.16 17:27 B C:\AWork\AWebSites\Woofie\calc\d2.gif --> vp2.netgate.net /u1/vhome/louis/www/calc/calc d2.gif
97.09.16 17:27 B C:\AWork\AWebSites\Woofie\calc\d3.gif --> vp2.netgate.net /u1/vhome/louis/www/calc/calc d3.gif
97.09.16 17:27 B C:\AWork\AWebSites\Woofie\calc\d4.gif --> vp2.netgate.net /u1/vhome/louis/www/calc/calc d4.gif
97.09.16 17:27 B C:\AWork\AWebSites\Woofie\calc\d5.gif --> vp2.netgate.net /u1/vhome/louis/www/calc/calc d5.gif
97.09.16 17:27 B C:\AWork\AWebSites\Woofie\calc\d6.gif --> vp2.netgate.net /u1/vhome/louis/www/calc/calc d6.gif
97.09.16 17:27 B C:\AWork\AWebSites\Woofie\calc\d7.gif --> vp2.netgate.net /u1/vhome/louis/www/calc/calc d7.gif
97.09.16 17:27 B C:\AWork\AWebSites\Woofie\calc\d8.gif --> vp2.netgate.net /u1/vhome/louis/www/calc/calc d8.gif
97.09.16 17:27 B C:\AWork\AWebSites\Woofie\calc\d9.gif --> vp2.netgate.net /u1/vhome/louis/www/calc/calc d9.gif
97.09.16 17:27 B C:\AWork\AWebSites\Woofie\calc\dblank.gif --> vp2.netgate.net /u1/vhome/louis/www/calc/calc dblank.gif
97.09.16 17:27 B C:\AWork\AWebSites\Woofie\calc\ddot.gif --> vp2.netgate.net /u1/vhome/louis/www/calc/calc ddot.gif
97.09.16 17:27 B C:\AWork\AWebSites\Woofie\calc\dg0.gif --> vp2.netgate.net /u1/vhome/louis/www/calc/calc dg0.gif
97.09.16 17:27 B C:\AWork\AWebSites\Woofie\calc\dg1.gif --> vp2.netgate.net /u1/vhome/louis/www/calc/calc dg1.gif
97.09.16 17:27 B C:\AWork\AWebSites\Woofie\calc\dg2.gif --> vp2.netgate.net /u1/vhome/louis/www/calc/calc dg2.gif
97.09.16 17:27 B C:\AWork\AWebSites\Woofie\calc\dg3.gif --> vp2.netgate.net /u1/vhome/louis/www/calc/calc dg3.gif
97.09.16 17:27 B C:\AWork\AWebSites\Woofie\calc\dg4.gif --> vp2.netgate.net /u1/vhome/louis/www/calc/calc dg4.gif
97.09.16 17:27 B C:\AWork\AWebSites\Woofie\calc\dg5.gif --> vp2.netgate.net /u1/vhome/louis/www/calc/calc dg5.gif
97.09.16 17:27 B C:\AWork\AWebSites\Woofie\calc\dg6.gif --> vp2.netgate.net /u1/vhome/louis/www/calc/calc dg6.gif
97.09.16 17:27 B C:\AWork\AWebSites\Woofie\calc\dg7.gif --> vp2.netgate.net /u1/vhome/louis/www/calc/calc dg7.gif
97.09.16 17:27 B C:\AWork\AWebSites\Woofie\calc\dg8.gif --> vp2.netgate.net /u1/vhome/louis/www/calc/calc dg8.gif
97.09.16 17:27 B C:\AWork\AWebSites\Woofie\calc\dg9.gif --> vp2.netgate.net /u1/vhome/louis/www/calc/calc dg9.gif
97.09.16 17:27 B C:\AWork\AWebSites\Woofie\calc\dgam.gif --> vp2.netgate.net /u1/vhome/louis/www/calc/calc dgam.gif
97.09.16 17:27 B C:\AWork\AWebSites\Woofie\calc\dgb.gif --> vp2.netgate.net /u1/vhome/louis/www/calc/calc dgb.gif
97.09.16 17:27 B C:\AWork\AWebSites\Woofie\calc\dgc.gif --> vp2.netgate.net /u1/vhome/louis/www/calc/calc dgc.gif
97.09.16 17:27 B C:\AWork\AWebSites\Woofie\calc\dgpm.gif --> vp2.netgate.net /u1/vhome/louis/www/calc/calc dgpm.gif
97.09.16 17:28 B C:\AWork\AWebSites\Woofie\calc\dnodot.gif --> vp2.netgate.net /u1/vhome/louis/www/calc/calc dnodot.gif
97.09.16 17:28 B C:\AWork\AWebSites\Woofie\calc\dot.gif --> vp2.netgate.net /u1/vhome/louis/www/calc/calc dot.gif
97.09.16 17:28 B C:\AWork\AWebSites\Woofie\calc\minus.gif --> vp2.netgate.net /u1/vhome/louis/www/calc/calc minus.gif
97.09.16 17:28 B C:\AWork\AWebSites\Woofie\calc\plus.gif --> vp2.netgate.net /u1/vhome/louis/www/calc/calc plus.gif
97.09.16 17:28 B C:\AWork\AWebSites\Woofie\calc\WS_FTP.LOG --> vp2.netgate.net /u1/vhome/louis/www/calc/calc WS_FTP.LOG
97.09.16 18:05 B C:\AWork\AWebSites\Woofie\calc\0.gif --> vp2.netgate.net /u1/vhome/louis/www/calc 0.gif
97.09.16 18:05 B C:\AWork\AWebSites\Woofie\calc\1.gif --> vp2.netgate.net /u1/vhome/louis/www/calc 1.gif
97.09.16 18:05 B C:\AWork\AWebSites\Woofie\calc\1x1clear.gif --> vp2.netgate.net /u1/vhome/louis/www/calc 1x1clear.gif
97.09.16 18:05 B C:\AWork\AWebSites\Woofie\calc\2.gif --> vp2.netgate.net /u1/vhome/louis/www/calc 2.gif
97.09.16 18:05 B C:\AWork\AWebSites\Woofie\calc\3.gif --> vp2.netgate.net /u1/vhome/louis/www/calc 3.gif
97.09.16 18:05 B C:\AWork\AWebSites\Woofie\calc\4.gif --> vp2.netgate.net /u1/vhome/louis/www/calc 4.gif
97.09.16 18:05 B C:\AWork\AWebSites\Woofie\calc\5.gif --> vp2.netgate.net /u1/vhome/louis/www/calc 5.gif
97.09.16 18:05 B C:\AWork\AWebSites\Woofie\calc\6.gif --> vp2.netgate.net /u1/vhome/louis/www/calc 6.gif
97.09.16 18:05 B C:\AWork\AWebSites\Woofie\calc\7.gif --> vp2.netgate.net /u1/vhome/louis/www/calc 7.gif
97.09.16 18:05 B C:\AWork\AWebSites\Woofie\calc\8.gif --> vp2.netgate.net /u1/vhome/louis/www/calc 8.gif
97.09.16 18:05 B C:\AWork\AWebSites\Woofie\calc\9.gif --> vp2.netgate.net /u1/vhome/louis/www/calc 9.gif
97.09.16 18:05 B C:\AWork\AWebSites\Woofie\calc\button.gif --> vp2.netgate.net /u1/vhome/louis/www/calc button.gif
97.09.16 18:05 A C:\AWork\AWebSites\Woofie\calc\calc.html --> vp2.netgate.net /u1/vhome/louis/www/calc calc.html
97.09.16 18:05 B C:\AWork\AWebSites\Woofie\calc\d0.gif --> vp2.netgate.net /u1/vhome/louis/www/calc d0.gif
97.09.16 18:05 B C:\AWork\AWebSites\Woofie\calc\d1.gif --> vp2.netgate.net /u1/vhome/louis/www/calc d1.gif
97.09.16 18:05 B C:\AWork\AWebSites\Woofie\calc\d2.gif --> vp2.netgate.net /u1/vhome/louis/www/calc d2.gif
97.09.16 18:05 B C:\AWork\AWebSites\Woofie\calc\d3.gif --> vp2.netgate.net /u1/vhome/louis/www/calc d3.gif
97.09.16 18:05 B C:\AWork\AWebSites\Woofie\calc\d4.gif --> vp2.netgate.net /u1/vhome/louis/www/calc d4.gif
97.09.16 18:05 B C:\AWork\AWebSites\Woofie\calc\d5.gif --> vp2.netgate.net /u1/vhome/louis/www/calc d5.gif
97.09.16 18:05 B C:\AWork\AWebSites\Woofie\calc\d6.gif --> vp2.netgate.net /u1/vhome/louis/www/calc d6.gif
97.09.16 18:05 B C:\AWork\AWebSites\Woofie\calc\d7.gif --> vp2.netgate.net /u1/vhome/louis/www/calc d7.gif
97.09.16 18:05 B C:\AWork\AWebSites\Woofie\calc\d8.gif --> vp2.netgate.net /u1/vhome/louis/www/calc d8.gif
97.09.16 18:05 B C:\AWork\AWebSites\Woofie\calc\d9.gif --> vp2.netgate.net /u1/vhome/louis/www/calc d9.gif
97.09.16 18:05 B C:\AWork\AWebSites\Woofie\calc\dblank.gif --> vp2.netgate.net /u1/vhome/louis/www/calc dblank.gif
97.09.16 18:05 B C:\AWork\AWebSites\Woofie\calc\ddot.gif --> vp2.netgate.net /u1/vhome/louis/www/calc ddot.gif
97.09.16 18:05 B C:\AWork\AWebSites\Woofie\calc\dg0.gif --> vp2.netgate.net /u1/vhome/louis/www/calc dg0.gif
97.09.16 18:05 B C:\AWork\AWebSites\Woofie\calc\dg1.gif --> vp2.netgate.net /u1/vhome/louis/www/calc dg1.gif
97.09.16 18:05 B C:\AWork\AWebSites\Woofie\calc\dg2.gif --> vp2.netgate.net /u1/vhome/louis/www/calc dg2.gif
97.09.16 18:05 B C:\AWork\AWebSites\Woofie\calc\dg3.gif --> vp2.netgate.net /u1/vhome/louis/www/calc dg3.gif
97.09.16 18:05 B C:\AWork\AWebSites\Woofie\calc\dg4.gif --> vp2.netgate.net /u1/vhome/louis/www/calc dg4.gif
97.09.16 18:05 B C:\AWork\AWebSites\Woofie\calc\dg5.gif --> vp2.netgate.net /u1/vhome/louis/www/calc dg5.gif
97.09.16 18:05 B C:\AWork\AWebSites\Woofie\calc\dg6.gif --> vp2.netgate.net /u1/vhome/louis/www/calc dg6.gif
97.09.16 18:05 B C:\AWork\AWebSites\Woofie\calc\dg7.gif --> vp2.netgate.net /u1/vhome/louis/www/calc dg7.gif
97.09.16 18:05 B C:\AWork\AWebSites\Woofie\calc\dg8.gif --> vp2.netgate.net /u1/vhome/louis/www/calc dg8.gif
97.09.16 18:05 B C:\AWork\AWebSites\Woofie\calc\dg9.gif --> vp2.netgate.net /u1/vhome/louis/www/calc dg9.gif
97.09.16 18:05 B C:\AWork\AWebSites\Woofie\calc\dgam.gif --> vp2.netgate.net /u1/vhome/louis/www/calc dgam.gif
97.09.16 18:05 B C:\AWork\AWebSites\Woofie\calc\dgb.gif --> vp2.netgate.net /u1/vhome/louis/www/calc dgb.gif
97.09.16 18:05 B C:\AWork\AWebSites\Woofie\calc\dgc.gif --> vp2.netgate.net /u1/vhome/louis/www/calc dgc.gif
97.09.16 18:05 B C:\AWork\AWebSites\Woofie\calc\dgpm.gif --> vp2.netgate.net /u1/vhome/louis/www/calc dgpm.gif
97.09.16 18:05 B C:\AWork\AWebSites\Woofie\calc\dnodot.gif --> vp2.netgate.net /u1/vhome/louis/www/calc dnodot.gif
97.09.16 18:05 B C:\AWork\AWebSites\Woofie\calc\dot.gif --> vp2.netgate.net /u1/vhome/louis/www/calc dot.gif
97.09.16 18:05 B C:\AWork\AWebSites\Woofie\calc\minus.gif --> vp2.netgate.net /u1/vhome/louis/www/calc minus.gif
97.09.16 18:05 B C:\AWork\AWebSites\Woofie\calc\plus.gif --> vp2.netgate.net /u1/vhome/louis/www/calc plus.gif
