97.09.25 21:44 B C:\AWork\AWebSites\WebTVGames\makeamatch\images\ALLSTAR.GIF --> vp2.netgate.net /u1/vhome/louis/www/makeamatch/images ALLSTAR.GIF
97.09.25 21:44 B C:\AWork\AWebSites\WebTVGames\makeamatch\images\cover.gif --> vp2.netgate.net /u1/vhome/louis/www/makeamatch/images cover.gif
97.09.25 21:44 B C:\AWork\AWebSites\WebTVGames\makeamatch\images\HINT.GIF --> vp2.netgate.net /u1/vhome/louis/www/makeamatch/images HINT.GIF
97.09.25 21:44 B C:\AWork\AWebSites\WebTVGames\makeamatch\images\logo.gif --> vp2.netgate.net /u1/vhome/louis/www/makeamatch/images logo.gif
97.09.25 21:44 B C:\AWork\AWebSites\WebTVGames\makeamatch\images\PLAY.GIF --> vp2.netgate.net /u1/vhome/louis/www/makeamatch/images PLAY.GIF
97.09.25 21:44 B C:\AWork\AWebSites\WebTVGames\makeamatch\images\playagain.gif --> vp2.netgate.net /u1/vhome/louis/www/makeamatch/images playagain.gif
97.09.25 21:44 B C:\AWork\AWebSites\WebTVGames\makeamatch\images\QUIT.GIF --> vp2.netgate.net /u1/vhome/louis/www/makeamatch/images QUIT.GIF
97.09.25 21:44 B C:\AWork\AWebSites\WebTVGames\makeamatch\images\RESTART.GIF --> vp2.netgate.net /u1/vhome/louis/www/makeamatch/images RESTART.GIF
97.09.25 21:44 B C:\AWork\AWebSites\WebTVGames\makeamatch\images\SOLVE.GIF --> vp2.netgate.net /u1/vhome/louis/www/makeamatch/images SOLVE.GIF
97.09.25 21:44 B C:\AWork\AWebSites\WebTVGames\makeamatch\images\TRYAGAIN.GIF --> vp2.netgate.net /u1/vhome/louis/www/makeamatch/images TRYAGAIN.GIF
97.09.29 13:05 B C:\AWork\AWebSites\WebTVGames\makeamatch\images\ALLSTAR.GIF --> vp2.netgate.net /u1/vhome/louis/www/makeamatch/images ALLSTAR.GIF
97.09.29 13:05 B C:\AWork\AWebSites\WebTVGames\makeamatch\images\cover.gif --> vp2.netgate.net /u1/vhome/louis/www/makeamatch/images cover.gif
97.09.29 13:05 B C:\AWork\AWebSites\WebTVGames\makeamatch\images\HINT.GIF --> vp2.netgate.net /u1/vhome/louis/www/makeamatch/images HINT.GIF
97.09.29 13:05 B C:\AWork\AWebSites\WebTVGames\makeamatch\images\logo.gif --> vp2.netgate.net /u1/vhome/louis/www/makeamatch/images logo.gif
97.09.29 13:05 B C:\AWork\AWebSites\WebTVGames\makeamatch\images\PLAY.GIF --> vp2.netgate.net /u1/vhome/louis/www/makeamatch/images PLAY.GIF
97.09.29 13:05 B C:\AWork\AWebSites\WebTVGames\makeamatch\images\playagain.gif --> vp2.netgate.net /u1/vhome/louis/www/makeamatch/images playagain.gif
97.09.29 13:05 B C:\AWork\AWebSites\WebTVGames\makeamatch\images\QUIT.GIF --> vp2.netgate.net /u1/vhome/louis/www/makeamatch/images QUIT.GIF
97.09.29 13:05 B C:\AWork\AWebSites\WebTVGames\makeamatch\images\RESTART.GIF --> vp2.netgate.net /u1/vhome/louis/www/makeamatch/images RESTART.GIF
97.09.29 13:05 B C:\AWork\AWebSites\WebTVGames\makeamatch\images\SOLVE.GIF --> vp2.netgate.net /u1/vhome/louis/www/makeamatch/images SOLVE.GIF
97.09.29 13:06 B C:\AWork\AWebSites\WebTVGames\makeamatch\images\TRYAGAIN.GIF --> vp2.netgate.net /u1/vhome/louis/www/makeamatch/images TRYAGAIN.GIF
97.09.29 15:44 B D:\LouisRoehrs\makeamatch\images\WS_FTP.LOG <-- AWoofie /u1/vhome/louis/www/makeamatch/images WS_FTP.LOG
97.09.29 15:56 B D:\LouisRoehrs\makeamatch\images\ALLSTAR.GIF --> ed.webtv.net /usr/home/tpark/public_html/louis/makeamatch/images ALLSTAR.GIF
97.09.29 15:56 B D:\LouisRoehrs\makeamatch\images\cover.gif --> ed.webtv.net /usr/home/tpark/public_html/louis/makeamatch/images cover.gif
97.09.29 15:56 B D:\LouisRoehrs\makeamatch\images\HINT.GIF --> ed.webtv.net /usr/home/tpark/public_html/louis/makeamatch/images HINT.GIF
97.09.29 15:56 B D:\LouisRoehrs\makeamatch\images\logo.gif --> ed.webtv.net /usr/home/tpark/public_html/louis/makeamatch/images logo.gif
97.09.29 15:56 B D:\LouisRoehrs\makeamatch\images\PLAY.GIF --> ed.webtv.net /usr/home/tpark/public_html/louis/makeamatch/images PLAY.GIF
97.09.29 15:56 B D:\LouisRoehrs\makeamatch\images\playagain.gif --> ed.webtv.net /usr/home/tpark/public_html/louis/makeamatch/images playagain.gif
97.09.29 15:56 B D:\LouisRoehrs\makeamatch\images\QUIT.GIF --> ed.webtv.net /usr/home/tpark/public_html/louis/makeamatch/images QUIT.GIF
97.09.29 15:56 B D:\LouisRoehrs\makeamatch\images\RESTART.GIF --> ed.webtv.net /usr/home/tpark/public_html/louis/makeamatch/images RESTART.GIF
97.09.29 15:56 B D:\LouisRoehrs\makeamatch\images\SOLVE.GIF --> ed.webtv.net /usr/home/tpark/public_html/louis/makeamatch/images SOLVE.GIF
97.09.29 15:56 B D:\LouisRoehrs\makeamatch\images\TRYAGAIN.GIF --> ed.webtv.net /usr/home/tpark/public_html/louis/makeamatch/images TRYAGAIN.GIF
97.09.29 15:56 B D:\LouisRoehrs\makeamatch\images\WS_FTP.LOG --> ed.webtv.net /usr/home/tpark/public_html/louis/makeamatch/images WS_FTP.LOG
97.09.29 16:05 B D:\LouisRoehrs\makeamatch\images\allstar.gif --> ed.webtv.net /usr/home/tpark/public_html/louis/makeamatch/images allstar.gif
97.09.29 16:05 B D:\LouisRoehrs\makeamatch\images\cover.gif --> ed.webtv.net /usr/home/tpark/public_html/louis/makeamatch/images cover.gif
97.09.29 16:05 B D:\LouisRoehrs\makeamatch\images\hint.gif --> ed.webtv.net /usr/home/tpark/public_html/louis/makeamatch/images hint.gif
97.09.29 16:05 B D:\LouisRoehrs\makeamatch\images\logo.gif --> ed.webtv.net /usr/home/tpark/public_html/louis/makeamatch/images logo.gif
97.09.29 16:11 B D:\LouisRoehrs\makeamatch\images\restart.gif --> ed.webtv.net /usr/home/tpark/public_html/louis/makeamatch/images restart.gif
97.09.29 16:12 B D:\LouisRoehrs\makeamatch\images\quit.gif --> ed.webtv.net /usr/home/tpark/public_html/louis/makeamatch/images quit.gif
97.09.29 16:12 B D:\LouisRoehrs\makeamatch\images\solve.gif --> ed.webtv.net /usr/home/tpark/public_html/louis/makeamatch/images solve.gif
97.09.29 16:12 B D:\LouisRoehrs\makeamatch\images\tryagain.gif --> ed.webtv.net /usr/home/tpark/public_html/louis/makeamatch/images tryagain.gif
97.09.29 16:31 B D:\LouisRoehrs\makeamatch\images\flatcover.gif --> ed.webtv.net /usr/home/tpark/public_html/louis/makeamatch/images flatcover.gif
97.09.29 20:38 B D:\LouisRoehrs\makeamatch\images\allstar.gif --> vp2.netgate.net /u1/vhome/louis/www/makeamatch/images allstar.gif
97.09.29 20:38 B D:\LouisRoehrs\makeamatch\images\cover.gif --> vp2.netgate.net /u1/vhome/louis/www/makeamatch/images cover.gif
97.09.29 20:38 B D:\LouisRoehrs\makeamatch\images\flatcover.gif --> vp2.netgate.net /u1/vhome/louis/www/makeamatch/images flatcover.gif
97.09.29 20:38 B D:\LouisRoehrs\makeamatch\images\hint.gif --> vp2.netgate.net /u1/vhome/louis/www/makeamatch/images hint.gif
97.09.29 20:38 B D:\LouisRoehrs\makeamatch\images\logo.gif --> vp2.netgate.net /u1/vhome/louis/www/makeamatch/images logo.gif
97.09.29 20:38 B D:\LouisRoehrs\makeamatch\images\play.gif --> vp2.netgate.net /u1/vhome/louis/www/makeamatch/images play.gif
97.09.29 20:38 B D:\LouisRoehrs\makeamatch\images\playagain.gif --> vp2.netgate.net /u1/vhome/louis/www/makeamatch/images playagain.gif
97.09.29 20:38 B D:\LouisRoehrs\makeamatch\images\quit.gif --> vp2.netgate.net /u1/vhome/louis/www/makeamatch/images quit.gif
97.09.29 20:38 B D:\LouisRoehrs\makeamatch\images\restart.gif --> vp2.netgate.net /u1/vhome/louis/www/makeamatch/images restart.gif
97.09.29 20:38 B D:\LouisRoehrs\makeamatch\images\solve.gif --> vp2.netgate.net /u1/vhome/louis/www/makeamatch/images solve.gif
97.09.29 20:38 B D:\LouisRoehrs\makeamatch\images\tryagain.gif --> vp2.netgate.net /u1/vhome/louis/www/makeamatch/images tryagain.gif
97.09.29 20:38 B D:\LouisRoehrs\makeamatch\images\WS_FTP.LOG --> vp2.netgate.net /u1/vhome/louis/www/makeamatch/images WS_FTP.LOG
97.09.30 17:21 B D:\LouisRoehrs\makeamatch\images\spacer.gif --> ed.webtv.net /usr/home/tpark/public_html/louis/makeamatch/images spacer.gif
97.10.01 19:06 B D:\LouisRoehrs\makeamatch\images\playergo.gif --> ed.webtv.net /usr/home/tpark/public_html/louis/makeamatch/images playergo.gif
97.10.01 19:11 B D:\LouisRoehrs\makeamatch\images\playergo.gif --> ed.webtv.net /usr/home/tpark/public_html/louis/makeamatch/images playergo.gif
97.10.01 19:21 B D:\LouisRoehrs\makeamatch\images\playergo.gif --> ed.webtv.net /usr/home/tpark/public_html/louis/makeamatch/images playergo.gif
97.10.01 19:51 B D:\LouisRoehrs\makeamatch\images\playergo.gif --> ed.webtv.net /usr/home/tpark/public_html/louis/makeamatch/images playergo.gif
97.10.01 19:53 B D:\LouisRoehrs\makeamatch\images\playergo.gif --> ed.webtv.net /usr/home/tpark/public_html/louis/makeamatch/images playergo.gif
97.10.01 19:59 B D:\LouisRoehrs\makeamatch\images\playergo.gif --> ed.webtv.net /usr/home/tpark/public_html/louis/makeamatch/images playergo.gif
97.10.01 20:00 B D:\LouisRoehrs\makeamatch\images\playergo.gif --> ed.webtv.net /usr/home/tpark/public_html/louis/makeamatch/images playergo.gif
97.10.01 20:01 B D:\LouisRoehrs\makeamatch\images\playergo.gif --> ed.webtv.net /usr/home/tpark/public_html/louis/makeamatch/images playergo.gif
97.10.01 20:02 B D:\LouisRoehrs\makeamatch\images\playergo.gif --> ed.webtv.net /usr/home/tpark/public_html/louis/makeamatch/images playergo.gif
97.10.01 20:03 B D:\LouisRoehrs\makeamatch\images\playergo.gif --> ed.webtv.net /usr/home/tpark/public_html/louis/makeamatch/images playergo.gif
97.10.01 20:05 B D:\LouisRoehrs\makeamatch\images\playergo.gif --> ed.webtv.net /usr/home/tpark/public_html/louis/makeamatch/images playergo.gif
97.10.01 20:06 B D:\LouisRoehrs\makeamatch\images\playergo.gif --> ed.webtv.net /usr/home/tpark/public_html/louis/makeamatch/images playergo.gif
97.10.01 20:07 B D:\LouisRoehrs\makeamatch\images\playergo.gif --> ed.webtv.net /usr/home/tpark/public_html/louis/makeamatch/images playergo.gif
97.10.07 19:44 B D:\LouisRoehrs\makeamatch\images\cover.gif --> ed.webtv.net /usr/home/tpark/public_html/louis/makeamatch/images cover.gif
97.10.07 19:49 B D:\LouisRoehrs\makeamatch\images\cover1.gif --> ed.webtv.net /usr/home/tpark/public_html/louis/makeamatch/images cover1.gif
97.10.07 19:49 B D:\LouisRoehrs\makeamatch\images\cover.gif --> ed.webtv.net /usr/home/tpark/public_html/louis/makeamatch/images cover.gif
97.10.07 19:51 B D:\LouisRoehrs\makeamatch\images\cover.gif --> ed.webtv.net /usr/home/tpark/public_html/louis/makeamatch/images cover.gif
97.10.07 19:51 B D:\LouisRoehrs\makeamatch\images\cover.gif --> ed.webtv.net /usr/home/tpark/public_html/louis/makeamatch/images cover.gif
97.10.07 20:47 B D:\LouisRoehrs\makeamatch\images\bluecover.gif --> ed.webtv.net /usr/home/tpark/public_html/louis/makeamatch/images bluecover.gif
97.10.07 21:41 B D:\LouisRoehrs\makeamatch\images\cover1.gif --> ed.webtv.net /usr/home/tpark/public_html/louis/makeamatch/images cover1.gif
97.10.07 21:42 B D:\LouisRoehrs\makeamatch\images\cover1.gif --> ed.webtv.net /usr/home/tpark/public_html/louis/makeamatch/images cover1.gif
97.10.07 21:56 B D:\LouisRoehrs\makeamatch\images\cover.gif --> ed.webtv.net /usr/home/tpark/public_html/louis/makeamatch/images cover.gif
97.10.09 09:33 B D:\LouisRoehrs\makeamatch\images\greendot.gif --> ed.webtv.net /usr/home/tpark/public_html/louis/makeamatch/images greendot.gif
97.10.09 09:34 B D:\LouisRoehrs\makeamatch\images\greendot.gif --> ed.webtv.net /usr/home/tpark/public_html/louis/makeamatch/images greendot.gif
97.10.09 09:51 B D:\LouisRoehrs\makeamatch\images\greendot.gif --> ed.webtv.net /usr/home/tpark/public_html/louis/makeamatch/images greendot.gif
97.10.09 09:54 B D:\LouisRoehrs\makeamatch\images\greendot.gif --> ed.webtv.net /usr/home/tpark/public_html/louis/makeamatch/images greendot.gif
97.10.09 10:11 B D:\LouisRoehrs\makeamatch\images\cover55.gif --> ed.webtv.net /usr/home/tpark/public_html/louis/makeamatch/images cover55.gif
97.10.09 10:11 B D:\LouisRoehrs\makeamatch\images\greendot.gif --> ed.webtv.net /usr/home/tpark/public_html/louis/makeamatch/images greendot.gif
97.10.09 10:16 B D:\LouisRoehrs\makeamatch\images\cover55.gif --> ed.webtv.net /usr/home/tpark/public_html/louis/makeamatch/images cover55.gif
97.10.09 22:33 B D:\LouisRoehrs\makeamatch\images\pingpongball.swf --> ed.webtv.net /usr/home/tpark/public_html/louis/makeamatch pingpongball.swf
97.10.09 22:57 B D:\LouisRoehrs\makeamatch\images\pingpongball.swf --> ed.webtv.net /usr/home/tpark/public_html/louis/makeamatch/images pingpongball.swf
97.10.09 22:58 B D:\LouisRoehrs\makeamatch\images\pingpongball.swf --> ed.webtv.net /usr/home/tpark/public_html/louis/makeamatch/images pingpongball.swf
97.10.10 01:18 B D:\LouisRoehrs\makeamatch\images\cover55bg.gif --> ed.webtv.net /usr/home/tpark/public_html/louis/makeamatch/images cover55bg.gif
97.10.13 12:29 B D:\LouisRoehrs\makeamatch\images\allstar.gif --> vp2.netgate.net /u1/vhome/louis/www/wtv/makeamatch/images allstar.gif
97.10.13 12:29 B D:\LouisRoehrs\makeamatch\images\bluecover.gif --> vp2.netgate.net /u1/vhome/louis/www/wtv/makeamatch/images bluecover.gif
97.10.13 12:29 B D:\LouisRoehrs\makeamatch\images\cover.gif --> vp2.netgate.net /u1/vhome/louis/www/wtv/makeamatch/images cover.gif
97.10.13 12:29 B D:\LouisRoehrs\makeamatch\images\cover1.gif --> vp2.netgate.net /u1/vhome/louis/www/wtv/makeamatch/images cover1.gif
97.10.13 12:29 B D:\LouisRoehrs\makeamatch\images\cover55.gif --> vp2.netgate.net /u1/vhome/louis/www/wtv/makeamatch/images cover55.gif
97.10.13 12:29 B D:\LouisRoehrs\makeamatch\images\cover55bg.gif --> vp2.netgate.net /u1/vhome/louis/www/wtv/makeamatch/images cover55bg.gif
97.10.13 12:29 B D:\LouisRoehrs\makeamatch\images\flatcover.gif --> vp2.netgate.net /u1/vhome/louis/www/wtv/makeamatch/images flatcover.gif
97.10.13 12:29 B D:\LouisRoehrs\makeamatch\images\greendot.gif --> vp2.netgate.net /u1/vhome/louis/www/wtv/makeamatch/images greendot.gif
97.10.13 12:29 B D:\LouisRoehrs\makeamatch\images\hint.gif --> vp2.netgate.net /u1/vhome/louis/www/wtv/makeamatch/images hint.gif
97.10.13 12:29 B D:\LouisRoehrs\makeamatch\images\logo.gif --> vp2.netgate.net /u1/vhome/louis/www/wtv/makeamatch/images logo.gif
97.10.13 12:29 B D:\LouisRoehrs\makeamatch\images\pingpongball.fla --> vp2.netgate.net /u1/vhome/louis/www/wtv/makeamatch/images pingpongball.fla
97.10.13 12:29 B D:\LouisRoehrs\makeamatch\images\pingpongball.swf --> vp2.netgate.net /u1/vhome/louis/www/wtv/makeamatch/images pingpongball.swf
97.10.13 12:29 B D:\LouisRoehrs\makeamatch\images\play.gif --> vp2.netgate.net /u1/vhome/louis/www/wtv/makeamatch/images play.gif
97.10.13 12:29 B D:\LouisRoehrs\makeamatch\images\playagain.gif --> vp2.netgate.net /u1/vhome/louis/www/wtv/makeamatch/images playagain.gif
97.10.13 12:29 B D:\LouisRoehrs\makeamatch\images\playergo.gif --> vp2.netgate.net /u1/vhome/louis/www/wtv/makeamatch/images playergo.gif
97.10.13 12:29 B D:\LouisRoehrs\makeamatch\images\playergosm.gif --> vp2.netgate.net /u1/vhome/louis/www/wtv/makeamatch/images playergosm.gif
97.10.13 12:29 B D:\LouisRoehrs\makeamatch\images\playergougly.gif --> vp2.netgate.net /u1/vhome/louis/www/wtv/makeamatch/images playergougly.gif
97.10.13 12:29 B D:\LouisRoehrs\makeamatch\images\quit.gif --> vp2.netgate.net /u1/vhome/louis/www/wtv/makeamatch/images quit.gif
97.10.13 12:29 B D:\LouisRoehrs\makeamatch\images\restart.gif --> vp2.netgate.net /u1/vhome/louis/www/wtv/makeamatch/images restart.gif
97.10.13 12:29 B D:\LouisRoehrs\makeamatch\images\solve.gif --> vp2.netgate.net /u1/vhome/louis/www/wtv/makeamatch/images solve.gif
97.10.13 12:29 B D:\LouisRoehrs\makeamatch\images\spacer.gif --> vp2.netgate.net /u1/vhome/louis/www/wtv/makeamatch/images spacer.gif
97.10.13 12:29 B D:\LouisRoehrs\makeamatch\images\tryagain.gif --> vp2.netgate.net /u1/vhome/louis/www/wtv/makeamatch/images tryagain.gif
97.10.13 12:29 B D:\LouisRoehrs\makeamatch\images\WS_FTP.LOG --> vp2.netgate.net /u1/vhome/louis/www/wtv/makeamatch/images WS_FTP.LOG
97.10.14 16:31 B D:\LouisRoehrs\makeamatch\images\allstar.gif --> best.com /webx/web2/louisr/public_html/makeamatch/images allstar.gif
97.10.14 16:31 B D:\LouisRoehrs\makeamatch\images\bluecover.gif --> best.com /webx/web2/louisr/public_html/makeamatch/images bluecover.gif
97.10.14 16:31 B D:\LouisRoehrs\makeamatch\images\cover.gif --> best.com /webx/web2/louisr/public_html/makeamatch/images cover.gif
97.10.14 16:31 B D:\LouisRoehrs\makeamatch\images\cover1.gif --> best.com /webx/web2/louisr/public_html/makeamatch/images cover1.gif
97.10.14 16:31 B D:\LouisRoehrs\makeamatch\images\cover55.gif --> best.com /webx/web2/louisr/public_html/makeamatch/images cover55.gif
97.10.14 16:31 B D:\LouisRoehrs\makeamatch\images\cover55bg.gif --> best.com /webx/web2/louisr/public_html/makeamatch/images cover55bg.gif
97.10.14 16:31 B D:\LouisRoehrs\makeamatch\images\flatcover.gif --> best.com /webx/web2/louisr/public_html/makeamatch/images flatcover.gif
97.10.14 16:31 B D:\LouisRoehrs\makeamatch\images\greendot.gif --> best.com /webx/web2/louisr/public_html/makeamatch/images greendot.gif
97.10.14 16:31 B D:\LouisRoehrs\makeamatch\images\hint.gif --> best.com /webx/web2/louisr/public_html/makeamatch/images hint.gif
97.10.14 16:31 B D:\LouisRoehrs\makeamatch\images\logo.gif --> best.com /webx/web2/louisr/public_html/makeamatch/images logo.gif
97.10.14 16:31 B D:\LouisRoehrs\makeamatch\images\pingpongball.fla --> best.com /webx/web2/louisr/public_html/makeamatch/images pingpongball.fla
97.10.14 16:31 B D:\LouisRoehrs\makeamatch\images\pingpongball.swf --> best.com /webx/web2/louisr/public_html/makeamatch/images pingpongball.swf
97.10.14 16:31 B D:\LouisRoehrs\makeamatch\images\play.gif --> best.com /webx/web2/louisr/public_html/makeamatch/images play.gif
97.10.14 16:31 B D:\LouisRoehrs\makeamatch\images\playagain.gif --> best.com /webx/web2/louisr/public_html/makeamatch/images playagain.gif
97.10.14 16:31 B D:\LouisRoehrs\makeamatch\images\playergo.gif --> best.com /webx/web2/louisr/public_html/makeamatch/images playergo.gif
97.10.14 16:31 B D:\LouisRoehrs\makeamatch\images\playergosm.gif --> best.com /webx/web2/louisr/public_html/makeamatch/images playergosm.gif
97.10.14 16:31 B D:\LouisRoehrs\makeamatch\images\playergougly.gif --> best.com /webx/web2/louisr/public_html/makeamatch/images playergougly.gif
97.10.14 16:31 B D:\LouisRoehrs\makeamatch\images\quit.gif --> best.com /webx/web2/louisr/public_html/makeamatch/images quit.gif
97.10.14 16:31 B D:\LouisRoehrs\makeamatch\images\restart.gif --> best.com /webx/web2/louisr/public_html/makeamatch/images restart.gif
97.10.14 16:31 B D:\LouisRoehrs\makeamatch\images\solve.gif --> best.com /webx/web2/louisr/public_html/makeamatch/images solve.gif
97.10.14 16:31 B D:\LouisRoehrs\makeamatch\images\spacer.gif --> best.com /webx/web2/louisr/public_html/makeamatch/images spacer.gif
97.10.14 16:31 B D:\LouisRoehrs\makeamatch\images\tryagain.gif --> best.com /webx/web2/louisr/public_html/makeamatch/images tryagain.gif
97.10.14 16:31 B D:\LouisRoehrs\makeamatch\images\WS_FTP.LOG --> best.com /webx/web2/louisr/public_html/makeamatch/images WS_FTP.LOG
97.10.16 21:24 B D:\LouisRoehrs\makeamatch\images\mm6.gif --> ed.webtv.net /usr/home/tpark/public_html/louis/makeamatch/images mm6.gif
97.10.16 21:33 B D:\LouisRoehrs\makeamatch\images\logomm6.gif --> ed.webtv.net /usr/home/tpark/public_html/louis/makeamatch/images logomm6.gif
97.10.20 20:20 B D:\LouisRoehrs\makeamatch\images\logo.gif --> ed.webtv.net /usr/local/etc/apache_1.2.1/htdocs/tpark/public_html/louis/makeamatch/images logo.gif
97.10.20 20:20 B D:\LouisRoehrs\makeamatch\images\logomm6.gif --> ed.webtv.net /usr/local/etc/apache_1.2.1/htdocs/tpark/public_html/louis/makeamatch/images logomm6.gif
97.10.20 20:20 B D:\LouisRoehrs\makeamatch\images\mm6.gif --> ed.webtv.net /usr/local/etc/apache_1.2.1/htdocs/tpark/public_html/louis/makeamatch/images mm6.gif
97.10.21 19:53 B D:\LouisRoehrs\makeamatch\images\allstar.gif --> vp2.netgate.net /u1/vhome/louis/www/wtv/makeamatch/images allstar.gif
97.10.21 19:53 B D:\LouisRoehrs\makeamatch\images\anmsqch.gif --> vp2.netgate.net /u1/vhome/louis/www/wtv/makeamatch/images anmsqch.gif
97.10.21 19:53 B D:\LouisRoehrs\makeamatch\images\bluecover.gif --> vp2.netgate.net /u1/vhome/louis/www/wtv/makeamatch/images bluecover.gif
97.10.21 19:53 B D:\LouisRoehrs\makeamatch\images\cover.gif --> vp2.netgate.net /u1/vhome/louis/www/wtv/makeamatch/images cover.gif
97.10.21 19:53 B D:\LouisRoehrs\makeamatch\images\cover1.gif --> vp2.netgate.net /u1/vhome/louis/www/wtv/makeamatch/images cover1.gif
97.10.21 19:53 B D:\LouisRoehrs\makeamatch\images\cover55.gif --> vp2.netgate.net /u1/vhome/louis/www/wtv/makeamatch/images cover55.gif
97.10.21 19:53 B D:\LouisRoehrs\makeamatch\images\cover55bg.gif --> vp2.netgate.net /u1/vhome/louis/www/wtv/makeamatch/images cover55bg.gif
97.10.21 19:53 B D:\LouisRoehrs\makeamatch\images\flatcover.gif --> vp2.netgate.net /u1/vhome/louis/www/wtv/makeamatch/images flatcover.gif
97.10.21 19:53 B D:\LouisRoehrs\makeamatch\images\greendot.gif --> vp2.netgate.net /u1/vhome/louis/www/wtv/makeamatch/images greendot.gif
97.10.21 19:53 B D:\LouisRoehrs\makeamatch\images\hint.gif --> vp2.netgate.net /u1/vhome/louis/www/wtv/makeamatch/images hint.gif
97.10.21 19:53 B D:\LouisRoehrs\makeamatch\images\logo.gif --> vp2.netgate.net /u1/vhome/louis/www/wtv/makeamatch/images logo.gif
97.10.21 19:53 B D:\LouisRoehrs\makeamatch\images\logomm6.gif --> vp2.netgate.net /u1/vhome/louis/www/wtv/makeamatch/images logomm6.gif
97.10.21 19:53 B D:\LouisRoehrs\makeamatch\images\mm6.gif --> vp2.netgate.net /u1/vhome/louis/www/wtv/makeamatch/images mm6.gif
97.10.21 19:53 B D:\LouisRoehrs\makeamatch\images\pingpongball.fla --> vp2.netgate.net /u1/vhome/louis/www/wtv/makeamatch/images pingpongball.fla
97.10.21 19:54 B D:\LouisRoehrs\makeamatch\images\pingpongball.swf --> vp2.netgate.net /u1/vhome/louis/www/wtv/makeamatch/images pingpongball.swf
97.10.21 19:54 B D:\LouisRoehrs\makeamatch\images\play.gif --> vp2.netgate.net /u1/vhome/louis/www/wtv/makeamatch/images play.gif
97.10.21 19:54 B D:\LouisRoehrs\makeamatch\images\playagain.gif --> vp2.netgate.net /u1/vhome/louis/www/wtv/makeamatch/images playagain.gif
97.10.21 19:54 B D:\LouisRoehrs\makeamatch\images\playergo.gif --> vp2.netgate.net /u1/vhome/louis/www/wtv/makeamatch/images playergo.gif
97.10.21 19:54 B D:\LouisRoehrs\makeamatch\images\playergosm.gif --> vp2.netgate.net /u1/vhome/louis/www/wtv/makeamatch/images playergosm.gif
97.10.21 19:54 B D:\LouisRoehrs\makeamatch\images\playergougly.gif --> vp2.netgate.net /u1/vhome/louis/www/wtv/makeamatch/images playergougly.gif
97.10.21 19:54 B D:\LouisRoehrs\makeamatch\images\quit.gif --> vp2.netgate.net /u1/vhome/louis/www/wtv/makeamatch/images quit.gif
97.10.21 19:54 B D:\LouisRoehrs\makeamatch\images\restart.gif --> vp2.netgate.net /u1/vhome/louis/www/wtv/makeamatch/images restart.gif
97.10.21 19:54 B D:\LouisRoehrs\makeamatch\images\solve.gif --> vp2.netgate.net /u1/vhome/louis/www/wtv/makeamatch/images solve.gif
97.10.21 19:54 B D:\LouisRoehrs\makeamatch\images\spacer.gif --> vp2.netgate.net /u1/vhome/louis/www/wtv/makeamatch/images spacer.gif
97.10.21 19:54 B D:\LouisRoehrs\makeamatch\images\tryagain.gif --> vp2.netgate.net /u1/vhome/louis/www/wtv/makeamatch/images tryagain.gif
97.10.21 19:54 B D:\LouisRoehrs\makeamatch\images\WS_FTP.LOG --> vp2.netgate.net /u1/vhome/louis/www/wtv/makeamatch/images WS_FTP.LOG
97.10.24 18:33 B D:\LouisRoehrs\makeamatch\images\allstar.gif --> vp2.netgate.net /u1/vhome/louis/www/wtv/makeamatch/images allstar.gif
97.10.24 18:33 B D:\LouisRoehrs\makeamatch\images\anmsqch.gif --> vp2.netgate.net /u1/vhome/louis/www/wtv/makeamatch/images anmsqch.gif
97.10.24 18:33 B D:\LouisRoehrs\makeamatch\images\bluecover.gif --> vp2.netgate.net /u1/vhome/louis/www/wtv/makeamatch/images bluecover.gif
97.10.24 18:33 B D:\LouisRoehrs\makeamatch\images\cover.gif --> vp2.netgate.net /u1/vhome/louis/www/wtv/makeamatch/images cover.gif
97.10.24 18:33 B D:\LouisRoehrs\makeamatch\images\cover1.gif --> vp2.netgate.net /u1/vhome/louis/www/wtv/makeamatch/images cover1.gif
97.10.24 18:33 B D:\LouisRoehrs\makeamatch\images\cover55.gif --> vp2.netgate.net /u1/vhome/louis/www/wtv/makeamatch/images cover55.gif
97.10.24 18:33 B D:\LouisRoehrs\makeamatch\images\cover55bg.gif --> vp2.netgate.net /u1/vhome/louis/www/wtv/makeamatch/images cover55bg.gif
97.10.24 18:33 B D:\LouisRoehrs\makeamatch\images\flatcover.gif --> vp2.netgate.net /u1/vhome/louis/www/wtv/makeamatch/images flatcover.gif
97.10.24 18:33 B D:\LouisRoehrs\makeamatch\images\greendot.gif --> vp2.netgate.net /u1/vhome/louis/www/wtv/makeamatch/images greendot.gif
97.10.24 18:33 B D:\LouisRoehrs\makeamatch\images\hint.gif --> vp2.netgate.net /u1/vhome/louis/www/wtv/makeamatch/images hint.gif
97.10.24 18:33 B D:\LouisRoehrs\makeamatch\images\logo.gif --> vp2.netgate.net /u1/vhome/louis/www/wtv/makeamatch/images logo.gif
97.10.24 18:33 B D:\LouisRoehrs\makeamatch\images\logomm6.gif --> vp2.netgate.net /u1/vhome/louis/www/wtv/makeamatch/images logomm6.gif
97.10.24 18:33 B D:\LouisRoehrs\makeamatch\images\mm6.gif --> vp2.netgate.net /u1/vhome/louis/www/wtv/makeamatch/images mm6.gif
97.10.24 18:33 B D:\LouisRoehrs\makeamatch\images\pingpongball.fla --> vp2.netgate.net /u1/vhome/louis/www/wtv/makeamatch/images pingpongball.fla
97.10.24 18:33 B D:\LouisRoehrs\makeamatch\images\pingpongball.swf --> vp2.netgate.net /u1/vhome/louis/www/wtv/makeamatch/images pingpongball.swf
97.10.24 18:33 B D:\LouisRoehrs\makeamatch\images\play.gif --> vp2.netgate.net /u1/vhome/louis/www/wtv/makeamatch/images play.gif
97.10.24 18:33 B D:\LouisRoehrs\makeamatch\images\playagain.gif --> vp2.netgate.net /u1/vhome/louis/www/wtv/makeamatch/images playagain.gif
97.10.24 18:33 B D:\LouisRoehrs\makeamatch\images\playergo.gif --> vp2.netgate.net /u1/vhome/louis/www/wtv/makeamatch/images playergo.gif
97.10.24 18:33 B D:\LouisRoehrs\makeamatch\images\playergosm.gif --> vp2.netgate.net /u1/vhome/louis/www/wtv/makeamatch/images playergosm.gif
97.10.24 18:33 B D:\LouisRoehrs\makeamatch\images\playergougly.gif --> vp2.netgate.net /u1/vhome/louis/www/wtv/makeamatch/images playergougly.gif
97.10.24 18:33 B D:\LouisRoehrs\makeamatch\images\quit.gif --> vp2.netgate.net /u1/vhome/louis/www/wtv/makeamatch/images quit.gif
97.10.24 18:33 B D:\LouisRoehrs\makeamatch\images\restart.gif --> vp2.netgate.net /u1/vhome/louis/www/wtv/makeamatch/images restart.gif
97.10.24 18:33 B D:\LouisRoehrs\makeamatch\images\solve.gif --> vp2.netgate.net /u1/vhome/louis/www/wtv/makeamatch/images solve.gif
97.10.24 18:33 B D:\LouisRoehrs\makeamatch\images\spacer.gif --> vp2.netgate.net /u1/vhome/louis/www/wtv/makeamatch/images spacer.gif
97.10.24 18:33 B D:\LouisRoehrs\makeamatch\images\tryagain.gif --> vp2.netgate.net /u1/vhome/louis/www/wtv/makeamatch/images tryagain.gif
97.10.27 20:26 B C:\AWork\AWebSites\wtv\makeamatch\images\WS_FTP.LOG <-- A woofie.com /u1/vhome/louis/www/wtv/makeamatch/images WS_FTP.LOG
97.11.05 14:26 B C:\AWork\AWebSites\wtv\makeamatch\images\back.jpg --> vp2.netgate.net /u1/vhome/louis/www/wtv back.jpg
97.11.05 14:27 B C:\AWork\AWebSites\wtv\makeamatch\images\back.jpg --> vp2.netgate.net /u1/vhome/louis/www/wtv/makeamatch/images back.jpg
97.11.05 14:27 B C:\AWork\AWebSites\wtv\makeamatch\images\logo.gif --> vp2.netgate.net /u1/vhome/louis/www/wtv/makeamatch/images logo.gif
97.11.05 14:27 B C:\AWork\AWebSites\wtv\makeamatch\images\play.gif --> vp2.netgate.net /u1/vhome/louis/www/wtv/makeamatch/images play.gif
97.11.05 14:27 B C:\AWork\AWebSites\wtv\makeamatch\images\rules.gif --> vp2.netgate.net /u1/vhome/louis/www/wtv/makeamatch/images rules.gif
97.11.05 20:10 B C:\AWork\AWebSites\wtv\makeamatch\images\back.jpg --> vp2.netgate.net /u1/vhome/louis/www/makeamatch/images back.jpg
97.11.05 20:10 B C:\AWork\AWebSites\wtv\makeamatch\images\play.gif --> vp2.netgate.net /u1/vhome/louis/www/makeamatch/images play.gif
97.11.05 20:10 B C:\AWork\AWebSites\wtv\makeamatch\images\rules.gif --> vp2.netgate.net /u1/vhome/louis/www/makeamatch/images rules.gif
97.11.05 20:10 B C:\AWork\AWebSites\wtv\makeamatch\images\wiz.gif --> vp2.netgate.net /u1/vhome/louis/www/makeamatch/images wiz.gif
97.11.05 20:18 B C:\AWork\AWebSites\wtv\makeamatch\images\back.jpg --> vp2.netgate.net /u1/vhome/louis/www/wtv/makeamatch/images back.jpg
97.11.05 20:18 B C:\AWork\AWebSites\wtv\makeamatch\images\wiz.gif --> vp2.netgate.net /u1/vhome/louis/www/wtv/makeamatch/images wiz.gif
97.11.05 20:18 B C:\AWork\AWebSites\wtv\makeamatch\images\play.gif --> vp2.netgate.net /u1/vhome/louis/www/wtv/makeamatch/images play.gif
97.11.05 20:18 B C:\AWork\AWebSites\wtv\makeamatch\images\rules.gif --> vp2.netgate.net /u1/vhome/louis/www/wtv/makeamatch/images rules.gif
97.11.05 20:19 B C:\AWork\AWebSites\wtv\makeamatch\images\play.gif --> vp2.netgate.net /u1/vhome/louis/www/wtv/makeamatch/images play.gif
97.11.05 20:19 B C:\AWork\AWebSites\wtv\makeamatch\images\play.gif --> vp2.netgate.net /u1/vhome/louis/www/wtv/makeamatch/images play.gif
97.11.05 20:19 B C:\AWork\AWebSites\wtv\makeamatch\images\play.gif --> vp2.netgate.net /u1/vhome/louis/www/wtv/makeamatch/images play.gif
97.11.05 20:19 B C:\AWork\AWebSites\wtv\makeamatch\images\play.gif --> vp2.netgate.net /u1/vhome/louis/www/wtv/makeamatch/images play.gif
97.11.05 20:24 B C:\AWork\AWebSites\wtv\makeamatch\images\play.gif --> vp2.netgate.net /u1/vhome/louis/www/wtv/makeamatch/images play.gif
97.12.08 11:07 B C:\AWork\AwebSites\wtv\makeamatch\images\allstar.gif --> vp2.netgate.net /u1/vhome/louis/www/wtv/makeamatch/images allstar.gif
97.12.08 11:07 B C:\AWork\AwebSites\wtv\makeamatch\images\anmsqch.gif --> vp2.netgate.net /u1/vhome/louis/www/wtv/makeamatch/images anmsqch.gif
97.12.08 11:07 B C:\AWork\AwebSites\wtv\makeamatch\images\back.jpg --> vp2.netgate.net /u1/vhome/louis/www/wtv/makeamatch/images back.jpg
97.12.08 11:07 B C:\AWork\AwebSites\wtv\makeamatch\images\backtest.gif --> vp2.netgate.net /u1/vhome/louis/www/wtv/makeamatch/images backtest.gif
97.12.08 11:07 B C:\AWork\AwebSites\wtv\makeamatch\images\bluecover.gif --> vp2.netgate.net /u1/vhome/louis/www/wtv/makeamatch/images bluecover.gif
97.12.08 11:07 B C:\AWork\AwebSites\wtv\makeamatch\images\cover.gif --> vp2.netgate.net /u1/vhome/louis/www/wtv/makeamatch/images cover.gif
97.12.08 11:07 B C:\AWork\AwebSites\wtv\makeamatch\images\cover1.gif --> vp2.netgate.net /u1/vhome/louis/www/wtv/makeamatch/images cover1.gif
97.12.08 11:07 B C:\AWork\AwebSites\wtv\makeamatch\images\cover55.gif --> vp2.netgate.net /u1/vhome/louis/www/wtv/makeamatch/images cover55.gif
97.12.08 11:07 B C:\AWork\AwebSites\wtv\makeamatch\images\cover55bg.gif --> vp2.netgate.net /u1/vhome/louis/www/wtv/makeamatch/images cover55bg.gif
97.12.08 11:07 B C:\AWork\AwebSites\wtv\makeamatch\images\flatcover.gif --> vp2.netgate.net /u1/vhome/louis/www/wtv/makeamatch/images flatcover.gif
97.12.08 11:07 B C:\AWork\AwebSites\wtv\makeamatch\images\greendot.gif --> vp2.netgate.net /u1/vhome/louis/www/wtv/makeamatch/images greendot.gif
97.12.08 11:07 B C:\AWork\AwebSites\wtv\makeamatch\images\hint.gif --> vp2.netgate.net /u1/vhome/louis/www/wtv/makeamatch/images hint.gif
97.12.08 11:07 B C:\AWork\AwebSites\wtv\makeamatch\images\logo.gif --> vp2.netgate.net /u1/vhome/louis/www/wtv/makeamatch/images logo.gif
97.12.08 11:07 B C:\AWork\AwebSites\wtv\makeamatch\images\logomm6.gif --> vp2.netgate.net /u1/vhome/louis/www/wtv/makeamatch/images logomm6.gif
97.12.08 11:07 B C:\AWork\AwebSites\wtv\makeamatch\images\mm6.gif --> vp2.netgate.net /u1/vhome/louis/www/wtv/makeamatch/images mm6.gif
97.12.08 11:07 B C:\AWork\AwebSites\wtv\makeamatch\images\play.gif --> vp2.netgate.net /u1/vhome/louis/www/wtv/makeamatch/images play.gif
97.12.08 11:07 B C:\AWork\AwebSites\wtv\makeamatch\images\playagain.gif --> vp2.netgate.net /u1/vhome/louis/www/wtv/makeamatch/images playagain.gif
97.12.08 11:07 B C:\AWork\AwebSites\wtv\makeamatch\images\playagainred.gif --> vp2.netgate.net /u1/vhome/louis/www/wtv/makeamatch/images playagainred.gif
97.12.08 11:07 B C:\AWork\AwebSites\wtv\makeamatch\images\playergo.gif --> vp2.netgate.net /u1/vhome/louis/www/wtv/makeamatch/images playergo.gif
97.12.08 11:08 B C:\AWork\AwebSites\wtv\makeamatch\images\queenheart.gif --> vp2.netgate.net /u1/vhome/louis/www/wtv/makeamatch/images queenheart.gif
97.12.08 11:08 B C:\AWork\AwebSites\wtv\makeamatch\images\quit.gif --> vp2.netgate.net /u1/vhome/louis/www/wtv/makeamatch/images quit.gif
97.12.08 11:08 B C:\AWork\AwebSites\wtv\makeamatch\images\quitred.gif --> vp2.netgate.net /u1/vhome/louis/www/wtv/makeamatch/images quitred.gif
97.12.08 11:08 B C:\AWork\AwebSites\wtv\makeamatch\images\restart.gif --> vp2.netgate.net /u1/vhome/louis/www/wtv/makeamatch/images restart.gif
97.12.08 11:08 B C:\AWork\AwebSites\wtv\makeamatch\images\rules.gif --> vp2.netgate.net /u1/vhome/louis/www/wtv/makeamatch/images rules.gif
97.12.08 11:08 B C:\AWork\AwebSites\wtv\makeamatch\images\solve.gif --> vp2.netgate.net /u1/vhome/louis/www/wtv/makeamatch/images solve.gif
97.12.08 11:08 B C:\AWork\AwebSites\wtv\makeamatch\images\spacer.gif --> vp2.netgate.net /u1/vhome/louis/www/wtv/makeamatch/images spacer.gif
97.12.08 11:08 B C:\AWork\AwebSites\wtv\makeamatch\images\tryagain.gif --> vp2.netgate.net /u1/vhome/louis/www/wtv/makeamatch/images tryagain.gif
97.12.08 11:08 B C:\AWork\AwebSites\wtv\makeamatch\images\webtv.gif --> vp2.netgate.net /u1/vhome/louis/www/wtv/makeamatch/images webtv.gif
97.12.08 11:08 B C:\AWork\AwebSites\wtv\makeamatch\images\wiz.gif --> vp2.netgate.net /u1/vhome/louis/www/wtv/makeamatch/images wiz.gif
97.12.08 11:08 B C:\AWork\AwebSites\wtv\makeamatch\images\WS_FTP.LOG --> vp2.netgate.net /u1/vhome/louis/www/wtv/makeamatch/images WS_FTP.LOG
97.12.10 00:14 B C:\AWork\AWebSites\wtv\matchmate\images\allstar.gif --> vp2.netgate.net /u1/vhome/louis/www/wtv/matchmate/images allstar.gif
97.12.10 00:14 B C:\AWork\AWebSites\wtv\matchmate\images\anmsqch.gif --> vp2.netgate.net /u1/vhome/louis/www/wtv/matchmate/images anmsqch.gif
97.12.10 00:14 B C:\AWork\AWebSites\wtv\matchmate\images\back.jpg --> vp2.netgate.net /u1/vhome/louis/www/wtv/matchmate/images back.jpg
97.12.10 00:14 B C:\AWork\AWebSites\wtv\matchmate\images\backtest.gif --> vp2.netgate.net /u1/vhome/louis/www/wtv/matchmate/images backtest.gif
97.12.10 00:14 B C:\AWork\AWebSites\wtv\matchmate\images\bluecover.gif --> vp2.netgate.net /u1/vhome/louis/www/wtv/matchmate/images bluecover.gif
97.12.10 00:14 B C:\AWork\AWebSites\wtv\matchmate\images\cover.gif --> vp2.netgate.net /u1/vhome/louis/www/wtv/matchmate/images cover.gif
97.12.10 00:14 B C:\AWork\AWebSites\wtv\matchmate\images\cover1.gif --> vp2.netgate.net /u1/vhome/louis/www/wtv/matchmate/images cover1.gif
97.12.10 00:14 B C:\AWork\AWebSites\wtv\matchmate\images\cover55.gif --> vp2.netgate.net /u1/vhome/louis/www/wtv/matchmate/images cover55.gif
97.12.10 00:14 B C:\AWork\AWebSites\wtv\matchmate\images\cover55bg.gif --> vp2.netgate.net /u1/vhome/louis/www/wtv/matchmate/images cover55bg.gif
97.12.10 00:14 B C:\AWork\AWebSites\wtv\matchmate\images\flatcover.gif --> vp2.netgate.net /u1/vhome/louis/www/wtv/matchmate/images flatcover.gif
97.12.10 00:14 B C:\AWork\AWebSites\wtv\matchmate\images\greendot.gif --> vp2.netgate.net /u1/vhome/louis/www/wtv/matchmate/images greendot.gif
97.12.10 00:14 B C:\AWork\AWebSites\wtv\matchmate\images\hint.gif --> vp2.netgate.net /u1/vhome/louis/www/wtv/matchmate/images hint.gif
97.12.10 00:14 B C:\AWork\AWebSites\wtv\matchmate\images\logo.gif --> vp2.netgate.net /u1/vhome/louis/www/wtv/matchmate/images logo.gif
97.12.10 00:14 B C:\AWork\AWebSites\wtv\matchmate\images\logomm6.gif --> vp2.netgate.net /u1/vhome/louis/www/wtv/matchmate/images logomm6.gif
97.12.10 00:14 B C:\AWork\AWebSites\wtv\matchmate\images\mm6.gif --> vp2.netgate.net /u1/vhome/louis/www/wtv/matchmate/images mm6.gif
97.12.10 00:14 B C:\AWork\AWebSites\wtv\matchmate\images\play.gif --> vp2.netgate.net /u1/vhome/louis/www/wtv/matchmate/images play.gif
97.12.10 00:14 B C:\AWork\AWebSites\wtv\matchmate\images\playagain.gif --> vp2.netgate.net /u1/vhome/louis/www/wtv/matchmate/images playagain.gif
97.12.10 00:14 B C:\AWork\AWebSites\wtv\matchmate\images\playagainred.gif --> vp2.netgate.net /u1/vhome/louis/www/wtv/matchmate/images playagainred.gif
97.12.10 00:14 B C:\AWork\AWebSites\wtv\matchmate\images\playergo.gif --> vp2.netgate.net /u1/vhome/louis/www/wtv/matchmate/images playergo.gif
97.12.10 00:14 B C:\AWork\AWebSites\wtv\matchmate\images\queenheart.gif --> vp2.netgate.net /u1/vhome/louis/www/wtv/matchmate/images queenheart.gif
97.12.10 00:15 B C:\AWork\AWebSites\wtv\matchmate\images\quit.gif --> vp2.netgate.net /u1/vhome/louis/www/wtv/matchmate/images quit.gif
97.12.10 00:15 B C:\AWork\AWebSites\wtv\matchmate\images\quitred.gif --> vp2.netgate.net /u1/vhome/louis/www/wtv/matchmate/images quitred.gif
97.12.10 00:15 B C:\AWork\AWebSites\wtv\matchmate\images\restart.gif --> vp2.netgate.net /u1/vhome/louis/www/wtv/matchmate/images restart.gif
97.12.10 00:15 B C:\AWork\AWebSites\wtv\matchmate\images\rules.gif --> vp2.netgate.net /u1/vhome/louis/www/wtv/matchmate/images rules.gif
97.12.10 00:15 B C:\AWork\AWebSites\wtv\matchmate\images\solve.gif --> vp2.netgate.net /u1/vhome/louis/www/wtv/matchmate/images solve.gif
97.12.10 00:15 B C:\AWork\AWebSites\wtv\matchmate\images\spacer.gif --> vp2.netgate.net /u1/vhome/louis/www/wtv/matchmate/images spacer.gif
97.12.10 00:15 B C:\AWork\AWebSites\wtv\matchmate\images\tryagain.gif --> vp2.netgate.net /u1/vhome/louis/www/wtv/matchmate/images tryagain.gif
97.12.10 00:15 B C:\AWork\AWebSites\wtv\matchmate\images\webtv.gif --> vp2.netgate.net /u1/vhome/louis/www/wtv/matchmate/images webtv.gif
97.12.10 00:15 B C:\AWork\AWebSites\wtv\matchmate\images\wiz.gif --> vp2.netgate.net /u1/vhome/louis/www/wtv/matchmate/images wiz.gif
