98.01.14 23:09 A C:\Louis\triviapub\general\19970922webtv\general1.html <-- Ed /usr/local/etc/apache_1.2.1/htdocs/tpark/public_html/triviapub/general/19970922webtv general1.html
98.01.14 23:09 A C:\Louis\triviapub\general\19970922webtv\general10.html <-- Ed /usr/local/etc/apache_1.2.1/htdocs/tpark/public_html/triviapub/general/19970922webtv general10.html
98.01.14 23:09 A C:\Louis\triviapub\general\19970922webtv\general11.html <-- Ed /usr/local/etc/apache_1.2.1/htdocs/tpark/public_html/triviapub/general/19970922webtv general11.html
98.01.14 23:09 A C:\Louis\triviapub\general\19970922webtv\general2.html <-- Ed /usr/local/etc/apache_1.2.1/htdocs/tpark/public_html/triviapub/general/19970922webtv general2.html
98.01.14 23:09 A C:\Louis\triviapub\general\19970922webtv\general3.html <-- Ed /usr/local/etc/apache_1.2.1/htdocs/tpark/public_html/triviapub/general/19970922webtv general3.html
98.01.14 23:09 A C:\Louis\triviapub\general\19970922webtv\general4.html <-- Ed /usr/local/etc/apache_1.2.1/htdocs/tpark/public_html/triviapub/general/19970922webtv general4.html
98.01.14 23:09 A C:\Louis\triviapub\general\19970922webtv\general5.html <-- Ed /usr/local/etc/apache_1.2.1/htdocs/tpark/public_html/triviapub/general/19970922webtv general5.html
98.01.14 23:09 A C:\Louis\triviapub\general\19970922webtv\general6.html <-- Ed /usr/local/etc/apache_1.2.1/htdocs/tpark/public_html/triviapub/general/19970922webtv general6.html
98.01.14 23:09 A C:\Louis\triviapub\general\19970922webtv\general7.html <-- Ed /usr/local/etc/apache_1.2.1/htdocs/tpark/public_html/triviapub/general/19970922webtv general7.html
98.01.14 23:09 A C:\Louis\triviapub\general\19970922webtv\general8.html <-- Ed /usr/local/etc/apache_1.2.1/htdocs/tpark/public_html/triviapub/general/19970922webtv general8.html
98.01.14 23:09 A C:\Louis\triviapub\general\19970922webtv\general9.html <-- Ed /usr/local/etc/apache_1.2.1/htdocs/tpark/public_html/triviapub/general/19970922webtv general9.html
98.01.14 23:09 A C:\Louis\triviapub\general\19970922webtv\index.html <-- Ed /usr/local/etc/apache_1.2.1/htdocs/tpark/public_html/triviapub/general/19970922webtv index.html
98.01.26 17:06 A C:\Louis\triviapub\general\19970922webtv\general1.html --> www.woofie.com /u1/vhome/louis/www/wtv/triviapub/general/19970922webtv general1.html
98.01.26 17:06 A C:\Louis\triviapub\general\19970922webtv\general10.html --> www.woofie.com /u1/vhome/louis/www/wtv/triviapub/general/19970922webtv general10.html
98.01.26 17:06 A C:\Louis\triviapub\general\19970922webtv\general11.html --> www.woofie.com /u1/vhome/louis/www/wtv/triviapub/general/19970922webtv general11.html
98.01.26 17:06 A C:\Louis\triviapub\general\19970922webtv\general2.html --> www.woofie.com /u1/vhome/louis/www/wtv/triviapub/general/19970922webtv general2.html
98.01.26 17:06 A C:\Louis\triviapub\general\19970922webtv\general3.html --> www.woofie.com /u1/vhome/louis/www/wtv/triviapub/general/19970922webtv general3.html
98.01.26 17:06 A C:\Louis\triviapub\general\19970922webtv\general4.html --> www.woofie.com /u1/vhome/louis/www/wtv/triviapub/general/19970922webtv general4.html
98.01.26 17:06 A C:\Louis\triviapub\general\19970922webtv\general5.html --> www.woofie.com /u1/vhome/louis/www/wtv/triviapub/general/19970922webtv general5.html
98.01.26 17:06 A C:\Louis\triviapub\general\19970922webtv\general6.html --> www.woofie.com /u1/vhome/louis/www/wtv/triviapub/general/19970922webtv general6.html
98.01.26 17:06 A C:\Louis\triviapub\general\19970922webtv\general7.html --> www.woofie.com /u1/vhome/louis/www/wtv/triviapub/general/19970922webtv general7.html
98.01.26 17:06 A C:\Louis\triviapub\general\19970922webtv\general8.html --> www.woofie.com /u1/vhome/louis/www/wtv/triviapub/general/19970922webtv general8.html
98.01.26 17:06 A C:\Louis\triviapub\general\19970922webtv\general9.html --> www.woofie.com /u1/vhome/louis/www/wtv/triviapub/general/19970922webtv general9.html
98.01.26 17:06 A C:\Louis\triviapub\general\19970922webtv\index.html --> www.woofie.com /u1/vhome/louis/www/wtv/triviapub/general/19970922webtv index.html
98.01.26 17:06 A C:\Louis\triviapub\general\19970922webtv\WS_FTP.LOG --> www.woofie.com /u1/vhome/louis/www/wtv/triviapub/general/19970922webtv WS_FTP.LOG
98.02.09 12:27 A C:\Louis\triviapub\general\19970922webtv\index.html --> ed.webtv.net /usr/local/etc/apache_1.2.1/htdocs/tpark/public_html/triviapub/general/19970922webtv index.html
98.02.09 12:45 A C:\Louis\triviapub\general\19970922webtv\WS_FTP.LOG --> www.woofie.com /u1/vhome/louis/www/wtv/triviapub/general/19970922webtv WS_FTP.LOG
98.02.09 12:45 A C:\Louis\triviapub\general\19970922webtv\index.html --> www.woofie.com /u1/vhome/louis/www/wtv/triviapub/general/19970922webtv index.html
98.02.09 12:45 A C:\Louis\triviapub\general\19970922webtv\general9.html --> www.woofie.com /u1/vhome/louis/www/wtv/triviapub/general/19970922webtv general9.html
98.02.09 12:45 A C:\Louis\triviapub\general\19970922webtv\general8.html --> www.woofie.com /u1/vhome/louis/www/wtv/triviapub/general/19970922webtv general8.html
98.02.09 12:45 A C:\Louis\triviapub\general\19970922webtv\general7.html --> www.woofie.com /u1/vhome/louis/www/wtv/triviapub/general/19970922webtv general7.html
98.02.09 12:45 A C:\Louis\triviapub\general\19970922webtv\general6.html --> www.woofie.com /u1/vhome/louis/www/wtv/triviapub/general/19970922webtv general6.html
98.02.09 12:45 A C:\Louis\triviapub\general\19970922webtv\general5.html --> www.woofie.com /u1/vhome/louis/www/wtv/triviapub/general/19970922webtv general5.html
98.02.09 12:45 A C:\Louis\triviapub\general\19970922webtv\general4.html --> www.woofie.com /u1/vhome/louis/www/wtv/triviapub/general/19970922webtv general4.html
98.02.09 12:45 A C:\Louis\triviapub\general\19970922webtv\general3.html --> www.woofie.com /u1/vhome/louis/www/wtv/triviapub/general/19970922webtv general3.html
98.02.09 12:45 A C:\Louis\triviapub\general\19970922webtv\general2.html --> www.woofie.com /u1/vhome/louis/www/wtv/triviapub/general/19970922webtv general2.html
98.02.09 12:45 A C:\Louis\triviapub\general\19970922webtv\general11.html --> www.woofie.com /u1/vhome/louis/www/wtv/triviapub/general/19970922webtv general11.html
98.02.09 12:45 A C:\Louis\triviapub\general\19970922webtv\general10.html --> www.woofie.com /u1/vhome/louis/www/wtv/triviapub/general/19970922webtv general10.html
98.02.09 12:45 A C:\Louis\triviapub\general\19970922webtv\general1.html --> www.woofie.com /u1/vhome/louis/www/wtv/triviapub/general/19970922webtv general1.html
