98.02.10 15:25 B C:\Louis\don\flash\0201_7blackhist_mp.jpg <-- content /home/content/webtv.disco/content/explore2d/programming/demo/flash 0201_7blackhist_mp.jpg
98.02.10 15:25 B C:\Louis\don\flash\Blkhist.html <-- content /home/content/webtv.disco/content/explore2d/programming/demo/flash Blkhist.html
98.02.10 15:25 B C:\Louis\don\flash\Blkhist2.html <-- content /home/content/webtv.disco/content/explore2d/programming/demo/flash Blkhist2.html
98.02.10 15:25 B C:\Louis\don\flash\Blkhist3.html <-- content /home/content/webtv.disco/content/explore2d/programming/demo/flash Blkhist3.html
98.02.10 15:25 B C:\Louis\don\flash\Cwtv.html <-- content /home/content/webtv.disco/content/explore2d/programming/demo/flash Cwtv.html
98.02.10 15:25 B C:\Louis\don\flash\Cwtv.spl <-- content /home/content/webtv.disco/content/explore2d/programming/demo/flash Cwtv.spl
98.02.10 15:25 B C:\Louis\don\flash\Mine.spl <-- content /home/content/webtv.disco/content/explore2d/programming/demo/flash Mine.spl
98.02.10 15:25 B C:\Louis\don\flash\presents1.html <-- content /home/content/webtv.disco/content/explore2d/programming/demo/flash presents1.html
98.02.10 15:25 B C:\Louis\don\flash\presents2.html <-- content /home/content/webtv.disco/content/explore2d/programming/demo/flash presents2.html
98.02.10 15:25 B C:\Louis\don\flash\presents3.html <-- content /home/content/webtv.disco/content/explore2d/programming/demo/flash presents3.html
98.02.10 15:25 B C:\Louis\don\flash\WF.html <-- content /home/content/webtv.disco/content/explore2d/programming/demo/flash WF.html
98.02.10 15:25 B C:\Louis\don\flash\WF.spl <-- content /home/content/webtv.disco/content/explore2d/programming/demo/flash WF.spl
98.02.10 15:25 B C:\Louis\don\flash\Wtv.html <-- content /home/content/webtv.disco/content/explore2d/programming/demo/flash Wtv.html
98.02.10 15:25 B C:\Louis\don\flash\Wtv.spl <-- content /home/content/webtv.disco/content/explore2d/programming/demo/flash Wtv.spl
98.02.10 15:25 B C:\Louis\don\flash\0201_7blackhist_mp.jpg <-- content /home/content/webtv.disco/content/explore2d/programming/demo/flash 0201_7blackhist_mp.jpg
98.02.10 15:25 A C:\Louis\don\flash\Blkhist.html <-- content /home/content/webtv.disco/content/explore2d/programming/demo/flash Blkhist.html
98.02.10 15:25 A C:\Louis\don\flash\Blkhist2.html <-- content /home/content/webtv.disco/content/explore2d/programming/demo/flash Blkhist2.html
98.02.10 15:25 A C:\Louis\don\flash\Blkhist3.html <-- content /home/content/webtv.disco/content/explore2d/programming/demo/flash Blkhist3.html
98.02.10 15:25 A C:\Louis\don\flash\Cwtv.html <-- content /home/content/webtv.disco/content/explore2d/programming/demo/flash Cwtv.html
98.02.10 15:25 B C:\Louis\don\flash\Cwtv.spl <-- content /home/content/webtv.disco/content/explore2d/programming/demo/flash Cwtv.spl
98.02.10 15:25 B C:\Louis\don\flash\Mine.spl <-- content /home/content/webtv.disco/content/explore2d/programming/demo/flash Mine.spl
98.02.10 15:25 A C:\Louis\don\flash\presents1.html <-- content /home/content/webtv.disco/content/explore2d/programming/demo/flash presents1.html
98.02.10 15:25 A C:\Louis\don\flash\presents2.html <-- content /home/content/webtv.disco/content/explore2d/programming/demo/flash presents2.html
98.02.10 15:25 A C:\Louis\don\flash\presents3.html <-- content /home/content/webtv.disco/content/explore2d/programming/demo/flash presents3.html
98.02.10 15:25 A C:\Louis\don\flash\WF.html <-- content /home/content/webtv.disco/content/explore2d/programming/demo/flash WF.html
98.02.10 15:25 B C:\Louis\don\flash\WF.spl <-- content /home/content/webtv.disco/content/explore2d/programming/demo/flash WF.spl
98.02.10 15:25 A C:\Louis\don\flash\Wtv.html <-- content /home/content/webtv.disco/content/explore2d/programming/demo/flash Wtv.html
98.02.10 15:25 B C:\Louis\don\flash\Wtv.spl <-- content /home/content/webtv.disco/content/explore2d/programming/demo/flash Wtv.spl
98.02.10 15:26 B C:\Louis\don\flash\0201_7blackhist_mp.jpg --> www.woofie.com /u1/vhome/louis/www/wtv/don/flash 0201_7blackhist_mp.jpg
98.02.10 15:26 A C:\Louis\don\flash\Blkhist.html --> www.woofie.com /u1/vhome/louis/www/wtv/don/flash Blkhist.html
98.02.10 15:26 A C:\Louis\don\flash\Blkhist2.html --> www.woofie.com /u1/vhome/louis/www/wtv/don/flash Blkhist2.html
98.02.10 15:26 A C:\Louis\don\flash\Blkhist3.html --> www.woofie.com /u1/vhome/louis/www/wtv/don/flash Blkhist3.html
98.02.10 15:26 A C:\Louis\don\flash\Cwtv.html --> www.woofie.com /u1/vhome/louis/www/wtv/don/flash Cwtv.html
98.02.10 15:26 B C:\Louis\don\flash\Cwtv.spl --> www.woofie.com /u1/vhome/louis/www/wtv/don/flash Cwtv.spl
98.02.10 15:26 B C:\Louis\don\flash\Mine.spl --> www.woofie.com /u1/vhome/louis/www/wtv/don/flash Mine.spl
98.02.10 15:26 A C:\Louis\don\flash\presents1.html --> www.woofie.com /u1/vhome/louis/www/wtv/don/flash presents1.html
98.02.10 15:26 A C:\Louis\don\flash\presents2.html --> www.woofie.com /u1/vhome/louis/www/wtv/don/flash presents2.html
98.02.10 15:26 A C:\Louis\don\flash\presents3.html --> www.woofie.com /u1/vhome/louis/www/wtv/don/flash presents3.html
98.02.10 15:26 A C:\Louis\don\flash\WF.html --> www.woofie.com /u1/vhome/louis/www/wtv/don/flash WF.html
98.02.10 15:26 B C:\Louis\don\flash\WF.spl --> www.woofie.com /u1/vhome/louis/www/wtv/don/flash WF.spl
