97.03.26 20:49 B C:\newUI\Recreation\bctit.gif --> vp2.netgate.net /u1/vhome/louis/www/portfolio/newUI/Recreation bctit.gif
97.03.26 20:49 B C:\newUI\Recreation\boats.html --> vp2.netgate.net /u1/vhome/louis/www/portfolio/newUI/Recreation boats.html
97.03.26 20:49 B C:\newUI\Recreation\control.html --> vp2.netgate.net /u1/vhome/louis/www/portfolio/newUI/Recreation control.html
97.03.26 20:49 B C:\newUI\Recreation\fititle.GIF --> vp2.netgate.net /u1/vhome/louis/www/portfolio/newUI/Recreation fititle.GIF
97.03.26 20:49 B C:\newUI\Recreation\fitness.html --> vp2.netgate.net /u1/vhome/louis/www/portfolio/newUI/Recreation fitness.html
97.03.26 20:49 B C:\newUI\Recreation\fitnessbg.JPG --> vp2.netgate.net /u1/vhome/louis/www/portfolio/newUI/Recreation fitnessbg.JPG
97.03.26 20:49 B C:\newUI\Recreation\skiing.html --> vp2.netgate.net /u1/vhome/louis/www/portfolio/newUI/Recreation skiing.html
97.03.26 20:49 B C:\newUI\Recreation\striv_nw.mid --> vp2.netgate.net /u1/vhome/louis/www/portfolio/newUI/Recreation striv_nw.mid
97.03.26 20:49 B C:\newUI\Recreation\travel.html --> vp2.netgate.net /u1/vhome/louis/www/portfolio/newUI/Recreation travel.html
97.03.26 20:49 B C:\newUI\Recreation\travelbg.jpg --> vp2.netgate.net /u1/vhome/louis/www/portfolio/newUI/Recreation travelbg.jpg
97.03.26 20:49 B C:\newUI\Recreation\traveltit.gif --> vp2.netgate.net /u1/vhome/louis/www/portfolio/newUI/Recreation traveltit.gif
97.03.26 20:49 B C:\newUI\Recreation\water.html --> vp2.netgate.net /u1/vhome/louis/www/portfolio/newUI/Recreation water.html
97.03.26 20:49 B C:\newUI\Recreation\water.jpg --> vp2.netgate.net /u1/vhome/louis/www/portfolio/newUI/Recreation water.jpg
97.03.26 20:49 B C:\newUI\Recreation\wrapper.html --> vp2.netgate.net /u1/vhome/louis/www/portfolio/newUI/Recreation wrapper.html
97.03.26 21:40 B C:\newUI\Recreation\bctit.gif --> vp2.netgate.net /u1/vhome/louis/www/portfolio/newUI/Recreation bctit.gif
97.03.26 21:40 B C:\newUI\Recreation\boats.html --> vp2.netgate.net /u1/vhome/louis/www/portfolio/newUI/Recreation boats.html
97.03.26 21:40 B C:\newUI\Recreation\control.html --> vp2.netgate.net /u1/vhome/louis/www/portfolio/newUI/Recreation control.html
97.03.26 21:40 B C:\newUI\Recreation\fititle.GIF --> vp2.netgate.net /u1/vhome/louis/www/portfolio/newUI/Recreation fititle.GIF
97.03.26 21:40 B C:\newUI\Recreation\fitness.html --> vp2.netgate.net /u1/vhome/louis/www/portfolio/newUI/Recreation fitness.html
97.03.26 21:40 B C:\newUI\Recreation\fitnessbg.JPG --> vp2.netgate.net /u1/vhome/louis/www/portfolio/newUI/Recreation fitnessbg.JPG
97.03.26 21:40 B C:\newUI\Recreation\skiing.html --> vp2.netgate.net /u1/vhome/louis/www/portfolio/newUI/Recreation skiing.html
97.03.26 21:40 B C:\newUI\Recreation\striv_nw.mid --> vp2.netgate.net /u1/vhome/louis/www/portfolio/newUI/Recreation striv_nw.mid
97.03.26 21:40 B C:\newUI\Recreation\travel.html --> vp2.netgate.net /u1/vhome/louis/www/portfolio/newUI/Recreation travel.html
97.03.26 21:40 B C:\newUI\Recreation\travelbg.jpg --> vp2.netgate.net /u1/vhome/louis/www/portfolio/newUI/Recreation travelbg.jpg
97.03.26 21:40 B C:\newUI\Recreation\traveltit.gif --> vp2.netgate.net /u1/vhome/louis/www/portfolio/newUI/Recreation traveltit.gif
97.03.26 21:40 B C:\newUI\Recreation\water.html --> vp2.netgate.net /u1/vhome/louis/www/portfolio/newUI/Recreation water.html
97.03.26 21:40 B C:\newUI\Recreation\water.jpg --> vp2.netgate.net /u1/vhome/louis/www/portfolio/newUI/Recreation water.jpg
97.03.26 21:40 B C:\newUI\Recreation\wrapper.html --> vp2.netgate.net /u1/vhome/louis/www/portfolio/newUI/Recreation wrapper.html
