98.01.02 17:33 A C:\AWork\AWebSites\wtv\trivia\navmap\entertainindex.html <-- Ed.WebTV.Net /usr/local/etc/apache_1.2.1/htdocs/tpark/public_html/trivia/navmap entertainindex.html
98.01.02 17:34 A C:\AWork\AWebSites\wtv\trivia\navmap\generalindex.html <-- Ed.WebTV.Net /usr/local/etc/apache_1.2.1/htdocs/tpark/public_html/trivia/navmap generalindex.html
98.01.02 17:34 A C:\AWork\AWebSites\wtv\trivia\navmap\grabbagindex.html <-- Ed.WebTV.Net /usr/local/etc/apache_1.2.1/htdocs/tpark/public_html/trivia/navmap grabbagindex.html
98.01.02 17:34 A C:\AWork\AWebSites\wtv\trivia\navmap\holidayindex.html <-- Ed.WebTV.Net /usr/local/etc/apache_1.2.1/htdocs/tpark/public_html/trivia/navmap holidayindex.html
98.01.02 17:34 A C:\AWork\AWebSites\wtv\trivia\navmap\index.html <-- Ed.WebTV.Net /usr/local/etc/apache_1.2.1/htdocs/tpark/public_html/trivia/navmap index.html
98.01.02 17:34 A C:\AWork\AWebSites\wtv\trivia\navmap\index2.html <-- Ed.WebTV.Net /usr/local/etc/apache_1.2.1/htdocs/tpark/public_html/trivia/navmap index2.html
98.01.02 17:34 A C:\AWork\AWebSites\wtv\trivia\navmap\intro.html <-- Ed.WebTV.Net /usr/local/etc/apache_1.2.1/htdocs/tpark/public_html/trivia/navmap intro.html
98.01.02 17:34 A C:\AWork\AWebSites\wtv\trivia\navmap\play.html <-- Ed.WebTV.Net /usr/local/etc/apache_1.2.1/htdocs/tpark/public_html/trivia/navmap play.html
98.01.02 17:34 A C:\AWork\AWebSites\wtv\trivia\navmap\rules.html <-- Ed.WebTV.Net /usr/local/etc/apache_1.2.1/htdocs/tpark/public_html/trivia/navmap rules.html
98.01.02 17:34 A C:\AWork\AWebSites\wtv\trivia\navmap\sportindex.html <-- Ed.WebTV.Net /usr/local/etc/apache_1.2.1/htdocs/tpark/public_html/trivia/navmap sportindex.html
98.01.02 17:41 A C:\AWork\AWebSites\wtv\trivia\navmap\entertainindex.html --> ed.webtv.net /usr/local/etc/apache_1.2.1/htdocs/tpark/public_html/trivia/navmap entertainindex.html
98.01.02 17:41 A C:\AWork\AWebSites\wtv\trivia\navmap\generalindex.html --> ed.webtv.net /usr/local/etc/apache_1.2.1/htdocs/tpark/public_html/trivia/navmap generalindex.html
98.01.02 17:41 A C:\AWork\AWebSites\wtv\trivia\navmap\grabbagindex.html --> ed.webtv.net /usr/local/etc/apache_1.2.1/htdocs/tpark/public_html/trivia/navmap grabbagindex.html
98.01.02 17:41 A C:\AWork\AWebSites\wtv\trivia\navmap\holidayindex.html --> ed.webtv.net /usr/local/etc/apache_1.2.1/htdocs/tpark/public_html/trivia/navmap holidayindex.html
98.01.02 17:41 A C:\AWork\AWebSites\wtv\trivia\navmap\sportindex.html --> ed.webtv.net /usr/local/etc/apache_1.2.1/htdocs/tpark/public_html/trivia/navmap sportindex.html
98.01.02 17:55 A C:\AWork\AWebSites\wtv\trivia\navmap\sportindex.html --> ed.webtv.net /usr/local/etc/apache_1.2.1/htdocs/tpark/public_html/trivia/navmap sportindex.html
98.01.02 17:56 A C:\AWork\AWebSites\wtv\trivia\navmap\entertainindex.html --> ed.webtv.net /usr/local/etc/apache_1.2.1/htdocs/tpark/public_html/trivia/navmap entertainindex.html
98.01.02 17:56 A C:\AWork\AWebSites\wtv\trivia\navmap\generalindex.html --> ed.webtv.net /usr/local/etc/apache_1.2.1/htdocs/tpark/public_html/trivia/navmap generalindex.html
98.01.02 17:56 A C:\AWork\AWebSites\wtv\trivia\navmap\grabbagindex.html --> ed.webtv.net /usr/local/etc/apache_1.2.1/htdocs/tpark/public_html/trivia/navmap grabbagindex.html
98.01.02 17:56 A C:\AWork\AWebSites\wtv\trivia\navmap\holidayindex.html --> ed.webtv.net /usr/local/etc/apache_1.2.1/htdocs/tpark/public_html/trivia/navmap holidayindex.html
98.01.02 17:57 A C:\AWork\AWebSites\wtv\trivia\navmap\sportindex.html --> ed.webtv.net /usr/local/etc/apache_1.2.1/htdocs/tpark/public_html/trivia/navmap sportindex.html
98.01.07 16:54 A C:\AWork\AWebSites\wtv\trivia\navmap\entertainindex.html --> ed.webtv.net /usr/local/etc/apache_1.2.1/htdocs/tpark/public_html/trivia/navmap entertainindex.html
98.01.07 16:54 A C:\AWork\AWebSites\wtv\trivia\navmap\generalindex.html --> ed.webtv.net /usr/local/etc/apache_1.2.1/htdocs/tpark/public_html/trivia/navmap generalindex.html
98.01.07 16:54 A C:\AWork\AWebSites\wtv\trivia\navmap\grabbagindex.html --> ed.webtv.net /usr/local/etc/apache_1.2.1/htdocs/tpark/public_html/trivia/navmap grabbagindex.html
98.01.07 16:54 A C:\AWork\AWebSites\wtv\trivia\navmap\holidayindex.html --> ed.webtv.net /usr/local/etc/apache_1.2.1/htdocs/tpark/public_html/trivia/navmap holidayindex.html
98.01.07 16:54 A C:\AWork\AWebSites\wtv\trivia\navmap\index.html --> ed.webtv.net /usr/local/etc/apache_1.2.1/htdocs/tpark/public_html/trivia/navmap index.html
98.01.07 16:54 A C:\AWork\AWebSites\wtv\trivia\navmap\index2.html --> ed.webtv.net /usr/local/etc/apache_1.2.1/htdocs/tpark/public_html/trivia/navmap index2.html
98.01.07 16:54 A C:\AWork\AWebSites\wtv\trivia\navmap\intro.html --> ed.webtv.net /usr/local/etc/apache_1.2.1/htdocs/tpark/public_html/trivia/navmap intro.html
98.01.07 16:54 A C:\AWork\AWebSites\wtv\trivia\navmap\play.html --> ed.webtv.net /usr/local/etc/apache_1.2.1/htdocs/tpark/public_html/trivia/navmap play.html
98.01.07 16:54 A C:\AWork\AWebSites\wtv\trivia\navmap\rules.html --> ed.webtv.net /usr/local/etc/apache_1.2.1/htdocs/tpark/public_html/trivia/navmap rules.html
98.01.07 16:54 A C:\AWork\AWebSites\wtv\trivia\navmap\sportindex.html --> ed.webtv.net /usr/local/etc/apache_1.2.1/htdocs/tpark/public_html/trivia/navmap sportindex.html
98.01.14 14:21 B C:\Louis\trivia\navmap\WS_FTP.LOG <-- Ed /usr/local/etc/apache_1.2.1/htdocs/tpark/public_html/trivia/navmap WS_FTP.LOG
98.01.14 14:22 A C:\Louis\trivia\navmap\entertainindex.html --> www.woofie.com /u1/vhome/louis/www/wtv/trivia/navmap entertainindex.html
98.01.14 14:22 A C:\Louis\trivia\navmap\generalindex.html --> www.woofie.com /u1/vhome/louis/www/wtv/trivia/navmap generalindex.html
98.01.14 14:22 A C:\Louis\trivia\navmap\grabbagindex.html --> www.woofie.com /u1/vhome/louis/www/wtv/trivia/navmap grabbagindex.html
98.01.14 14:22 A C:\Louis\trivia\navmap\holidayindex.html --> www.woofie.com /u1/vhome/louis/www/wtv/trivia/navmap holidayindex.html
98.01.14 14:22 A C:\Louis\trivia\navmap\index.html --> www.woofie.com /u1/vhome/louis/www/wtv/trivia/navmap index.html
98.01.14 14:22 A C:\Louis\trivia\navmap\index2.html --> www.woofie.com /u1/vhome/louis/www/wtv/trivia/navmap index2.html
98.01.14 14:22 A C:\Louis\trivia\navmap\intro.html --> www.woofie.com /u1/vhome/louis/www/wtv/trivia/navmap intro.html
98.01.14 14:22 A C:\Louis\trivia\navmap\play.html --> www.woofie.com /u1/vhome/louis/www/wtv/trivia/navmap play.html
98.01.14 14:22 A C:\Louis\trivia\navmap\rules.html --> www.woofie.com /u1/vhome/louis/www/wtv/trivia/navmap rules.html
98.01.14 14:22 A C:\Louis\trivia\navmap\sportindex.html --> www.woofie.com /u1/vhome/louis/www/wtv/trivia/navmap sportindex.html
98.01.14 14:22 B C:\Louis\trivia\navmap\WS_FTP.LOG --> www.woofie.com /u1/vhome/louis/www/wtv/trivia/navmap WS_FTP.LOG
98.01.14 18:03 A C:\Louis\trivia\navmap\index.html --> www.woofie.com /u1/vhome/louis/www/wtv/trivia/navmap index.html
98.01.14 20:32 A C:\Louis\trivia\navmap\entertainindex.html --> www.woofie.com /u1/vhome/louis/www/wtv/trivia/navmap entertainindex.html
98.01.14 20:32 A C:\Louis\trivia\navmap\generalindex.html --> www.woofie.com /u1/vhome/louis/www/wtv/trivia/navmap generalindex.html
98.01.14 20:32 A C:\Louis\trivia\navmap\grabbagindex.html --> www.woofie.com /u1/vhome/louis/www/wtv/trivia/navmap grabbagindex.html
98.01.14 20:32 A C:\Louis\trivia\navmap\holidayindex.html --> www.woofie.com /u1/vhome/louis/www/wtv/trivia/navmap holidayindex.html
98.01.14 20:32 A C:\Louis\trivia\navmap\index.html --> www.woofie.com /u1/vhome/louis/www/wtv/trivia/navmap index.html
98.01.14 20:32 A C:\Louis\trivia\navmap\index2.html --> www.woofie.com /u1/vhome/louis/www/wtv/trivia/navmap index2.html
98.01.14 20:32 A C:\Louis\trivia\navmap\intro.html --> www.woofie.com /u1/vhome/louis/www/wtv/trivia/navmap intro.html
98.01.14 20:32 A C:\Louis\trivia\navmap\play.html --> www.woofie.com /u1/vhome/louis/www/wtv/trivia/navmap play.html
98.01.14 20:32 A C:\Louis\trivia\navmap\rules.html --> www.woofie.com /u1/vhome/louis/www/wtv/trivia/navmap rules.html
98.01.14 20:33 A C:\Louis\trivia\navmap\sportindex.html --> www.woofie.com /u1/vhome/louis/www/wtv/trivia/navmap sportindex.html
98.01.14 20:33 B C:\Louis\trivia\navmap\WS_FTP.LOG --> www.woofie.com /u1/vhome/louis/www/wtv/trivia/navmap WS_FTP.LOG
98.01.14 20:44 A C:\Louis\trivia\navmap\entertainindex.html --> www.woofie.com /u1/vhome/louis/www/wtv/trivia/navmap entertainindex.html
98.01.14 20:44 A C:\Louis\trivia\navmap\generalindex.html --> www.woofie.com /u1/vhome/louis/www/wtv/trivia/navmap generalindex.html
98.01.14 20:44 A C:\Louis\trivia\navmap\grabbagindex.html --> www.woofie.com /u1/vhome/louis/www/wtv/trivia/navmap grabbagindex.html
98.01.14 20:44 A C:\Louis\trivia\navmap\holidayindex.html --> www.woofie.com /u1/vhome/louis/www/wtv/trivia/navmap holidayindex.html
98.01.14 20:44 A C:\Louis\trivia\navmap\index.html --> www.woofie.com /u1/vhome/louis/www/wtv/trivia/navmap index.html
98.01.14 20:44 A C:\Louis\trivia\navmap\index2.html --> www.woofie.com /u1/vhome/louis/www/wtv/trivia/navmap index2.html
98.01.14 20:44 A C:\Louis\trivia\navmap\intro.html --> www.woofie.com /u1/vhome/louis/www/wtv/trivia/navmap intro.html
98.01.14 20:44 A C:\Louis\trivia\navmap\play.html --> www.woofie.com /u1/vhome/louis/www/wtv/trivia/navmap play.html
98.01.14 20:44 A C:\Louis\trivia\navmap\rules.html --> www.woofie.com /u1/vhome/louis/www/wtv/trivia/navmap rules.html
98.01.14 20:44 A C:\Louis\trivia\navmap\sportindex.html --> www.woofie.com /u1/vhome/louis/www/wtv/trivia/navmap sportindex.html
98.01.14 20:44 B C:\Louis\trivia\navmap\WS_FTP.LOG --> www.woofie.com /u1/vhome/louis/www/wtv/trivia/navmap WS_FTP.LOG
98.01.14 20:47 A C:\Louis\trivia\navmap\entertainindex.html --> ed.webtv.net /usr/local/etc/apache_1.2.1/htdocs/tpark/public_html/trivia/navmap entertainindex.html
98.01.14 20:47 A C:\Louis\trivia\navmap\generalindex.html --> ed.webtv.net /usr/local/etc/apache_1.2.1/htdocs/tpark/public_html/trivia/navmap generalindex.html
98.01.14 20:47 A C:\Louis\trivia\navmap\grabbagindex.html --> ed.webtv.net /usr/local/etc/apache_1.2.1/htdocs/tpark/public_html/trivia/navmap grabbagindex.html
98.01.14 20:47 A C:\Louis\trivia\navmap\holidayindex.html --> ed.webtv.net /usr/local/etc/apache_1.2.1/htdocs/tpark/public_html/trivia/navmap holidayindex.html
98.01.14 20:47 A C:\Louis\trivia\navmap\index.html --> ed.webtv.net /usr/local/etc/apache_1.2.1/htdocs/tpark/public_html/trivia/navmap index.html
98.01.14 20:47 A C:\Louis\trivia\navmap\index2.html --> ed.webtv.net /usr/local/etc/apache_1.2.1/htdocs/tpark/public_html/trivia/navmap index2.html
98.01.14 20:47 A C:\Louis\trivia\navmap\intro.html --> ed.webtv.net /usr/local/etc/apache_1.2.1/htdocs/tpark/public_html/trivia/navmap intro.html
98.01.14 20:47 A C:\Louis\trivia\navmap\play.html --> ed.webtv.net /usr/local/etc/apache_1.2.1/htdocs/tpark/public_html/trivia/navmap play.html
98.01.14 20:47 A C:\Louis\trivia\navmap\rules.html --> ed.webtv.net /usr/local/etc/apache_1.2.1/htdocs/tpark/public_html/trivia/navmap rules.html
98.01.14 20:47 A C:\Louis\trivia\navmap\sportindex.html --> ed.webtv.net /usr/local/etc/apache_1.2.1/htdocs/tpark/public_html/trivia/navmap sportindex.html
98.01.14 20:47 B C:\Louis\trivia\navmap\WS_FTP.LOG --> ed.webtv.net /usr/local/etc/apache_1.2.1/htdocs/tpark/public_html/trivia/navmap WS_FTP.LOG
98.01.14 20:50 A C:\Louis\trivia\navmap\sportindex.html --> ed.webtv.net /usr/local/etc/apache_1.2.1/htdocs/tpark/public_html/trivia/navmap sportindex.html
98.01.14 21:07 A C:\Louis\trivia\navmap\entertainindex.html --> ed.webtv.net /usr/local/etc/apache_1.2.1/htdocs/tpark/public_html/trivia/navmap entertainindex.html
98.01.14 21:07 A C:\Louis\trivia\navmap\generalindex.html --> ed.webtv.net /usr/local/etc/apache_1.2.1/htdocs/tpark/public_html/trivia/navmap generalindex.html
98.01.14 21:07 A C:\Louis\trivia\navmap\grabbagindex.html --> ed.webtv.net /usr/local/etc/apache_1.2.1/htdocs/tpark/public_html/trivia/navmap grabbagindex.html
98.01.14 21:07 A C:\Louis\trivia\navmap\holidayindex.html --> ed.webtv.net /usr/local/etc/apache_1.2.1/htdocs/tpark/public_html/trivia/navmap holidayindex.html
98.01.14 21:07 A C:\Louis\trivia\navmap\index.html --> ed.webtv.net /usr/local/etc/apache_1.2.1/htdocs/tpark/public_html/trivia/navmap index.html
98.01.14 21:07 A C:\Louis\trivia\navmap\index2.html --> ed.webtv.net /usr/local/etc/apache_1.2.1/htdocs/tpark/public_html/trivia/navmap index2.html
98.01.14 21:07 A C:\Louis\trivia\navmap\intro.html --> ed.webtv.net /usr/local/etc/apache_1.2.1/htdocs/tpark/public_html/trivia/navmap intro.html
98.01.14 21:07 A C:\Louis\trivia\navmap\play.html --> ed.webtv.net /usr/local/etc/apache_1.2.1/htdocs/tpark/public_html/trivia/navmap play.html
98.01.14 21:07 A C:\Louis\trivia\navmap\rules.html --> ed.webtv.net /usr/local/etc/apache_1.2.1/htdocs/tpark/public_html/trivia/navmap rules.html
98.01.14 21:07 A C:\Louis\trivia\navmap\sportindex.html --> ed.webtv.net /usr/local/etc/apache_1.2.1/htdocs/tpark/public_html/trivia/navmap sportindex.html
98.01.14 21:07 B C:\Louis\trivia\navmap\WS_FTP.LOG --> ed.webtv.net /usr/local/etc/apache_1.2.1/htdocs/tpark/public_html/trivia/navmap WS_FTP.LOG
98.01.14 21:36 A C:\Louis\trivia\navmap\sportindex.html --> ed.webtv.net /usr/local/etc/apache_1.2.1/htdocs/tpark/public_html/crossword/navmap sportindex.html
98.01.14 22:48 A C:\Louis\trivia\navmap\sportindex.html --> ed.webtv.net /usr/local/etc/apache_1.2.1/htdocs/tpark/public_html/trivia/navmap sportindex.html
98.01.14 22:49 A C:\Louis\trivia\navmap\sportindex.html --> ed.webtv.net /usr/local/etc/apache_1.2.1/htdocs/tpark/public_html/trivia/navmap sportindex.html
98.01.14 22:50 A C:\Louis\trivia\navmap\entertainindex.html --> ed.webtv.net /usr/local/etc/apache_1.2.1/htdocs/tpark/public_html/trivia/navmap entertainindex.html
98.01.14 22:51 A C:\Louis\trivia\navmap\entertainindex.html --> ed.webtv.net /usr/local/etc/apache_1.2.1/htdocs/tpark/public_html/trivia/navmap entertainindex.html
98.01.14 22:53 A C:\Louis\trivia\navmap\entertainindex.html --> ed.webtv.net /usr/local/etc/apache_1.2.1/htdocs/tpark/public_html/trivia/navmap entertainindex.html
98.01.14 22:53 A C:\Louis\trivia\navmap\generalindex.html --> ed.webtv.net /usr/local/etc/apache_1.2.1/htdocs/tpark/public_html/trivia/navmap generalindex.html
98.01.14 22:53 A C:\Louis\trivia\navmap\grabbagindex.html --> ed.webtv.net /usr/local/etc/apache_1.2.1/htdocs/tpark/public_html/trivia/navmap grabbagindex.html
98.01.14 22:53 A C:\Louis\trivia\navmap\holidayindex.html --> ed.webtv.net /usr/local/etc/apache_1.2.1/htdocs/tpark/public_html/trivia/navmap holidayindex.html
98.01.14 22:54 A C:\Louis\trivia\navmap\holidayindex.html --> ed.webtv.net /usr/local/etc/apache_1.2.1/htdocs/tpark/public_html/trivia/navmap holidayindex.html
98.01.14 22:55 A C:\Louis\trivia\navmap\grabbagindex.html --> ed.webtv.net /usr/local/etc/apache_1.2.1/htdocs/tpark/public_html/trivia/navmap grabbagindex.html
98.01.14 22:55 A C:\Louis\trivia\navmap\generalindex.html --> ed.webtv.net /usr/local/etc/apache_1.2.1/htdocs/tpark/public_html/trivia/navmap generalindex.html
98.01.14 22:55 A C:\Louis\trivia\navmap\entertainindex.html --> ed.webtv.net /usr/local/etc/apache_1.2.1/htdocs/tpark/public_html/trivia/navmap entertainindex.html
98.01.14 22:56 A C:\Louis\trivia\navmap\sportindex.html --> ed.webtv.net /usr/local/etc/apache_1.2.1/htdocs/tpark/public_html/trivia/navmap sportindex.html
98.01.14 22:57 A C:\Louis\trivia\navmap\entertainindex.html --> ed.webtv.net /usr/local/etc/apache_1.2.1/htdocs/tpark/public_html/trivia/navmap entertainindex.html
98.01.14 22:57 A C:\Louis\trivia\navmap\generalindex.html --> ed.webtv.net /usr/local/etc/apache_1.2.1/htdocs/tpark/public_html/trivia/navmap generalindex.html
98.01.14 22:57 A C:\Louis\trivia\navmap\grabbagindex.html --> ed.webtv.net /usr/local/etc/apache_1.2.1/htdocs/tpark/public_html/trivia/navmap grabbagindex.html
98.01.14 22:57 A C:\Louis\trivia\navmap\holidayindex.html --> ed.webtv.net /usr/local/etc/apache_1.2.1/htdocs/tpark/public_html/trivia/navmap holidayindex.html
98.01.16 10:17 A C:\Louis\trivia\navmap\entertainindex.html --> ed.webtv.net /usr/local/etc/apache_1.2.1/htdocs/tpark/public_html/trivia/navmap entertainindex.html
98.01.16 10:17 A C:\Louis\trivia\navmap\generalindex.html --> ed.webtv.net /usr/local/etc/apache_1.2.1/htdocs/tpark/public_html/trivia/navmap generalindex.html
98.01.16 10:18 A C:\Louis\trivia\navmap\grabbagindex.html --> ed.webtv.net /usr/local/etc/apache_1.2.1/htdocs/tpark/public_html/trivia/navmap grabbagindex.html
98.01.16 10:18 A C:\Louis\trivia\navmap\holidayindex.html --> ed.webtv.net /usr/local/etc/apache_1.2.1/htdocs/tpark/public_html/trivia/navmap holidayindex.html
98.01.16 10:18 A C:\Louis\trivia\navmap\index.html --> ed.webtv.net /usr/local/etc/apache_1.2.1/htdocs/tpark/public_html/trivia/navmap index.html
98.01.16 10:18 A C:\Louis\trivia\navmap\sportindex.html --> ed.webtv.net /usr/local/etc/apache_1.2.1/htdocs/tpark/public_html/trivia/navmap sportindex.html
98.01.16 10:18 A C:\Louis\trivia\navmap\WS_FTP.LOG --> ed.webtv.net /usr/local/etc/apache_1.2.1/htdocs/tpark/public_html/trivia/navmap WS_FTP.LOG
98.01.19 17:33 A C:\Louis\trivia\navmap\entertainindex.html --> ed.webtv.net /usr/local/etc/apache_1.2.1/htdocs/tpark/public_html/trivia/navmap entertainindex.html
98.01.19 17:40 A C:\Louis\trivia\navmap\entertainindex.html --> ed.webtv.net /usr/local/etc/apache_1.2.1/htdocs/tpark/public_html/trivia/navmap entertainindex.html
98.01.19 17:40 A C:\Louis\trivia\navmap\generalindex.html --> ed.webtv.net /usr/local/etc/apache_1.2.1/htdocs/tpark/public_html/trivia/navmap generalindex.html
98.01.19 17:40 A C:\Louis\trivia\navmap\grabbagindex.html --> ed.webtv.net /usr/local/etc/apache_1.2.1/htdocs/tpark/public_html/trivia/navmap grabbagindex.html
98.01.19 17:40 A C:\Louis\trivia\navmap\holidayindex.html --> ed.webtv.net /usr/local/etc/apache_1.2.1/htdocs/tpark/public_html/trivia/navmap holidayindex.html
98.01.19 17:40 A C:\Louis\trivia\navmap\sportindex.html --> ed.webtv.net /usr/local/etc/apache_1.2.1/htdocs/tpark/public_html/trivia/navmap sportindex.html
98.01.19 17:47 A C:\Louis\trivia\navmap\entertainindex.html --> ed.webtv.net /usr/local/etc/apache_1.2.1/htdocs/tpark/public_html/trivia/navmap entertainindex.html
98.01.19 17:47 A C:\Louis\trivia\navmap\generalindex.html --> ed.webtv.net /usr/local/etc/apache_1.2.1/htdocs/tpark/public_html/trivia/navmap generalindex.html
98.01.19 17:47 A C:\Louis\trivia\navmap\grabbagindex.html --> ed.webtv.net /usr/local/etc/apache_1.2.1/htdocs/tpark/public_html/trivia/navmap grabbagindex.html
98.01.19 17:47 A C:\Louis\trivia\navmap\holidayindex.html --> ed.webtv.net /usr/local/etc/apache_1.2.1/htdocs/tpark/public_html/trivia/navmap holidayindex.html
98.01.19 17:47 A C:\Louis\trivia\navmap\sportindex.html --> ed.webtv.net /usr/local/etc/apache_1.2.1/htdocs/tpark/public_html/trivia/navmap sportindex.html
98.01.19 17:51 A C:\Louis\trivia\navmap\entertainindex.html --> ed.webtv.net /usr/local/etc/apache_1.2.1/htdocs/tpark/public_html/trivia/navmap entertainindex.html
98.01.19 17:51 A C:\Louis\trivia\navmap\generalindex.html --> ed.webtv.net /usr/local/etc/apache_1.2.1/htdocs/tpark/public_html/trivia/navmap generalindex.html
98.01.19 17:51 A C:\Louis\trivia\navmap\grabbagindex.html --> ed.webtv.net /usr/local/etc/apache_1.2.1/htdocs/tpark/public_html/trivia/navmap grabbagindex.html
98.01.19 17:51 A C:\Louis\trivia\navmap\holidayindex.html --> ed.webtv.net /usr/local/etc/apache_1.2.1/htdocs/tpark/public_html/trivia/navmap holidayindex.html
98.01.19 17:51 A C:\Louis\trivia\navmap\sportindex.html --> ed.webtv.net /usr/local/etc/apache_1.2.1/htdocs/tpark/public_html/trivia/navmap sportindex.html
98.01.19 17:55 A C:\Louis\trivia\navmap\entertainindex.html --> ed.webtv.net /usr/local/etc/apache_1.2.1/htdocs/tpark/public_html/trivia/navmap entertainindex.html
98.01.19 17:55 A C:\Louis\trivia\navmap\generalindex.html --> ed.webtv.net /usr/local/etc/apache_1.2.1/htdocs/tpark/public_html/trivia/navmap generalindex.html
98.01.19 17:55 A C:\Louis\trivia\navmap\grabbagindex.html --> ed.webtv.net /usr/local/etc/apache_1.2.1/htdocs/tpark/public_html/trivia/navmap grabbagindex.html
98.01.19 17:55 A C:\Louis\trivia\navmap\holidayindex.html --> ed.webtv.net /usr/local/etc/apache_1.2.1/htdocs/tpark/public_html/trivia/navmap holidayindex.html
98.01.19 17:55 A C:\Louis\trivia\navmap\sportindex.html --> ed.webtv.net /usr/local/etc/apache_1.2.1/htdocs/tpark/public_html/trivia/navmap sportindex.html
98.01.19 18:38 A C:\Louis\trivia\navmap\entertainindex.html --> ed.webtv.net /usr/local/etc/apache_1.2.1/htdocs/tpark/public_html/trivia/navmap entertainindex.html
98.01.19 18:38 A C:\Louis\trivia\navmap\generalindex.html --> ed.webtv.net /usr/local/etc/apache_1.2.1/htdocs/tpark/public_html/trivia/navmap generalindex.html
98.01.19 18:38 A C:\Louis\trivia\navmap\grabbagindex.html --> ed.webtv.net /usr/local/etc/apache_1.2.1/htdocs/tpark/public_html/trivia/navmap grabbagindex.html
98.01.19 18:38 A C:\Louis\trivia\navmap\holidayindex.html --> ed.webtv.net /usr/local/etc/apache_1.2.1/htdocs/tpark/public_html/trivia/navmap holidayindex.html
98.01.19 18:38 A C:\Louis\trivia\navmap\index.html --> ed.webtv.net /usr/local/etc/apache_1.2.1/htdocs/tpark/public_html/trivia/navmap index.html
98.01.19 18:38 A C:\Louis\trivia\navmap\sportindex.html --> ed.webtv.net /usr/local/etc/apache_1.2.1/htdocs/tpark/public_html/trivia/navmap sportindex.html
98.01.22 18:12 A C:\Louis\trivia\navmap\entertainindex.html --> homeless.artemis.com /home/content/webtv.disco/content/explore2d/programming/trivia/navmap entertainindex.html
98.01.22 18:12 A C:\Louis\trivia\navmap\generalindex.html --> homeless.artemis.com /home/content/webtv.disco/content/explore2d/programming/trivia/navmap generalindex.html
98.01.22 18:12 A C:\Louis\trivia\navmap\grabbagindex.html --> homeless.artemis.com /home/content/webtv.disco/content/explore2d/programming/trivia/navmap grabbagindex.html
98.01.22 18:12 A C:\Louis\trivia\navmap\holidayindex.html --> homeless.artemis.com /home/content/webtv.disco/content/explore2d/programming/trivia/navmap holidayindex.html
98.01.22 18:12 A C:\Louis\trivia\navmap\index.html --> homeless.artemis.com /home/content/webtv.disco/content/explore2d/programming/trivia/navmap index.html
98.01.22 18:12 A C:\Louis\trivia\navmap\sportindex.html --> homeless.artemis.com /home/content/webtv.disco/content/explore2d/programming/trivia/navmap sportindex.html
98.01.22 18:12 B C:\Louis\trivia\navmap\WS_FTP.LOG --> homeless.artemis.com /home/content/webtv.disco/content/explore2d/programming/trivia/navmap WS_FTP.LOG
98.01.22 18:15 A C:\Louis\trivia\navmap\entertainindex.html --> homeless.artemis.com /home/content/webtv.disco/content/explore2d/programming/trivia/navmap entertainindex.html
98.01.22 18:15 A C:\Louis\trivia\navmap\generalindex.html --> homeless.artemis.com /home/content/webtv.disco/content/explore2d/programming/trivia/navmap generalindex.html
98.01.22 18:15 A C:\Louis\trivia\navmap\grabbagindex.html --> homeless.artemis.com /home/content/webtv.disco/content/explore2d/programming/trivia/navmap grabbagindex.html
98.01.22 18:15 A C:\Louis\trivia\navmap\holidayindex.html --> homeless.artemis.com /home/content/webtv.disco/content/explore2d/programming/trivia/navmap holidayindex.html
98.01.22 18:15 A C:\Louis\trivia\navmap\index.html --> homeless.artemis.com /home/content/webtv.disco/content/explore2d/programming/trivia/navmap index.html
98.01.22 18:15 A C:\Louis\trivia\navmap\sportindex.html --> homeless.artemis.com /home/content/webtv.disco/content/explore2d/programming/trivia/navmap sportindex.html
98.01.22 18:15 B C:\Louis\trivia\navmap\WS_FTP.LOG --> homeless.artemis.com /home/content/webtv.disco/content/explore2d/programming/trivia/navmap WS_FTP.LOG
98.01.22 19:02 A C:\Louis\trivia\navmap\index.html --> homeless.artemis.com /home/content/webtv.disco/content/explore2d/programming/trivia/navmap index.html
98.01.22 20:02 A C:\Louis\trivia\navmap\index.html --> homeless.artemis.com /home/content/webtv.disco/content/explore2d/programming/trivia/navmap index.html
98.01.26 17:03 A C:\Louis\trivia\navmap\entertainindex.html --> www.woofie.com /u1/vhome/louis/www/wtv/trivia/navmap entertainindex.html
98.01.26 17:03 A C:\Louis\trivia\navmap\generalindex.html --> www.woofie.com /u1/vhome/louis/www/wtv/trivia/navmap generalindex.html
98.01.26 17:03 A C:\Louis\trivia\navmap\grabbagindex.html --> www.woofie.com /u1/vhome/louis/www/wtv/trivia/navmap grabbagindex.html
98.01.26 17:03 A C:\Louis\trivia\navmap\holidayindex.html --> www.woofie.com /u1/vhome/louis/www/wtv/trivia/navmap holidayindex.html
98.01.26 17:03 A C:\Louis\trivia\navmap\index.html --> www.woofie.com /u1/vhome/louis/www/wtv/trivia/navmap index.html
98.01.26 17:03 A C:\Louis\trivia\navmap\sportindex.html --> www.woofie.com /u1/vhome/louis/www/wtv/trivia/navmap sportindex.html
