98.01.20 17:48 B C:\Louis\wordfind\images\0.gif <-- content /home/content/webtv.disco/content/explore2d/programming/wordfind/images 0.gif
98.01.20 17:48 B C:\Louis\wordfind\images\1.gif <-- content /home/content/webtv.disco/content/explore2d/programming/wordfind/images 1.gif
98.01.20 17:48 B C:\Louis\wordfind\images\2.gif <-- content /home/content/webtv.disco/content/explore2d/programming/wordfind/images 2.gif
98.01.20 17:48 B C:\Louis\wordfind\images\3.gif <-- content /home/content/webtv.disco/content/explore2d/programming/wordfind/images 3.gif
98.01.20 17:48 B C:\Louis\wordfind\images\4.gif <-- content /home/content/webtv.disco/content/explore2d/programming/wordfind/images 4.gif
98.01.20 17:48 B C:\Louis\wordfind\images\5.gif <-- content /home/content/webtv.disco/content/explore2d/programming/wordfind/images 5.gif
98.01.20 17:48 B C:\Louis\wordfind\images\6.gif <-- content /home/content/webtv.disco/content/explore2d/programming/wordfind/images 6.gif
98.01.20 17:48 B C:\Louis\wordfind\images\7.gif <-- content /home/content/webtv.disco/content/explore2d/programming/wordfind/images 7.gif
98.01.20 17:48 B C:\Louis\wordfind\images\8.gif <-- content /home/content/webtv.disco/content/explore2d/programming/wordfind/images 8.gif
98.01.20 17:48 B C:\Louis\wordfind\images\9.gif <-- content /home/content/webtv.disco/content/explore2d/programming/wordfind/images 9.gif
98.01.20 17:48 B C:\Louis\wordfind\images\AOFF.JPG <-- content /home/content/webtv.disco/content/explore2d/programming/wordfind/images AOFF.JPG
98.01.20 17:48 B C:\Louis\wordfind\images\AON.JPG <-- content /home/content/webtv.disco/content/explore2d/programming/wordfind/images AON.JPG
98.01.20 17:48 B C:\Louis\wordfind\images\b.gif <-- content /home/content/webtv.disco/content/explore2d/programming/wordfind/images b.gif
98.01.20 17:48 B C:\Louis\wordfind\images\BACK.JPG <-- content /home/content/webtv.disco/content/explore2d/programming/wordfind/images BACK.JPG
98.01.20 17:48 B C:\Louis\wordfind\images\BOFF.JPG <-- content /home/content/webtv.disco/content/explore2d/programming/wordfind/images BOFF.JPG
98.01.20 17:48 B C:\Louis\wordfind\images\BON.JPG <-- content /home/content/webtv.disco/content/explore2d/programming/wordfind/images BON.JPG
98.01.20 17:48 B C:\Louis\wordfind\images\COFF.JPG <-- content /home/content/webtv.disco/content/explore2d/programming/wordfind/images COFF.JPG
98.01.20 17:48 B C:\Louis\wordfind\images\COLON.GIF <-- content /home/content/webtv.disco/content/explore2d/programming/wordfind/images COLON.GIF
98.01.20 17:50 B C:\Louis\wordfind\images\COLON.GIF <-- content /home/content/webtv.disco/content/explore2d/programming/wordfind/images COLON.GIF
98.01.20 17:51 B C:\Louis\wordfind\images\cpwf <-- content /home/content/webtv.disco/content/explore2d/programming/wordfind/images cpwf
98.01.20 17:51 B C:\Louis\wordfind\images\moreinfo.gif <-- content /home/content/webtv.disco/content/explore2d/programming/wordfind/images moreinfo.gif
98.01.20 17:51 B C:\Louis\wordfind\images\playagain.gif <-- content /home/content/webtv.disco/content/explore2d/programming/wordfind/images playagain.gif
98.01.20 17:51 B C:\Louis\wordfind\images\quitfinal.gif <-- content /home/content/webtv.disco/content/explore2d/programming/wordfind/images quitfinal.gif
98.01.20 17:51 B C:\Louis\wordfind\images\RESTART.GIF <-- content /home/content/webtv.disco/content/explore2d/programming/wordfind/images RESTART.GIF
98.01.20 17:51 B C:\Louis\wordfind\images\QUIT.GIF <-- content /home/content/webtv.disco/content/explore2d/programming/wordfind/images QUIT.GIF
98.01.20 17:51 B C:\Louis\wordfind\images\TRYAGAIN.GIF <-- content /home/content/webtv.disco/content/explore2d/programming/wordfind/images TRYAGAIN.GIF
98.01.20 18:53 B C:\Louis\wordfind\images\0.gif --> www.woofie.com /u1/vhome/louis/www/wtv/wordfind/images 0.gif
98.01.20 18:53 B C:\Louis\wordfind\images\1.gif --> www.woofie.com /u1/vhome/louis/www/wtv/wordfind/images 1.gif
98.01.20 18:53 B C:\Louis\wordfind\images\2.gif --> www.woofie.com /u1/vhome/louis/www/wtv/wordfind/images 2.gif
98.01.20 18:53 B C:\Louis\wordfind\images\3.gif --> www.woofie.com /u1/vhome/louis/www/wtv/wordfind/images 3.gif
98.01.20 18:53 B C:\Louis\wordfind\images\4.gif --> www.woofie.com /u1/vhome/louis/www/wtv/wordfind/images 4.gif
98.01.20 18:53 B C:\Louis\wordfind\images\5.gif --> www.woofie.com /u1/vhome/louis/www/wtv/wordfind/images 5.gif
98.01.20 18:53 B C:\Louis\wordfind\images\6.gif --> www.woofie.com /u1/vhome/louis/www/wtv/wordfind/images 6.gif
98.01.20 18:53 B C:\Louis\wordfind\images\7.gif --> www.woofie.com /u1/vhome/louis/www/wtv/wordfind/images 7.gif
98.01.20 18:53 B C:\Louis\wordfind\images\8.gif --> www.woofie.com /u1/vhome/louis/www/wtv/wordfind/images 8.gif
98.01.20 18:53 B C:\Louis\wordfind\images\9.gif --> www.woofie.com /u1/vhome/louis/www/wtv/wordfind/images 9.gif
98.01.20 18:53 B C:\Louis\wordfind\images\AOFF.JPG --> www.woofie.com /u1/vhome/louis/www/wtv/wordfind/images AOFF.JPG
98.01.20 18:53 B C:\Louis\wordfind\images\AON.JPG --> www.woofie.com /u1/vhome/louis/www/wtv/wordfind/images AON.JPG
98.01.20 18:53 B C:\Louis\wordfind\images\b.gif --> www.woofie.com /u1/vhome/louis/www/wtv/wordfind/images b.gif
98.01.20 18:53 B C:\Louis\wordfind\images\BACK.JPG --> www.woofie.com /u1/vhome/louis/www/wtv/wordfind/images BACK.JPG
98.01.20 18:53 B C:\Louis\wordfind\images\BOFF.JPG --> www.woofie.com /u1/vhome/louis/www/wtv/wordfind/images BOFF.JPG
98.01.20 18:53 B C:\Louis\wordfind\images\BON.JPG --> www.woofie.com /u1/vhome/louis/www/wtv/wordfind/images BON.JPG
98.01.20 18:53 B C:\Louis\wordfind\images\COFF.JPG --> www.woofie.com /u1/vhome/louis/www/wtv/wordfind/images COFF.JPG
98.01.20 18:53 B C:\Louis\wordfind\images\COLON.GIF --> www.woofie.com /u1/vhome/louis/www/wtv/wordfind/images COLON.GIF
98.01.20 18:53 B C:\Louis\wordfind\images\cpwf --> www.woofie.com /u1/vhome/louis/www/wtv/wordfind/images cpwf
98.01.20 18:53 B C:\Louis\wordfind\images\moreinfo.gif --> www.woofie.com /u1/vhome/louis/www/wtv/wordfind/images moreinfo.gif
98.01.20 18:53 B C:\Louis\wordfind\images\playagain.gif --> www.woofie.com /u1/vhome/louis/www/wtv/wordfind/images playagain.gif
98.01.20 18:53 B C:\Louis\wordfind\images\QUIT.GIF --> www.woofie.com /u1/vhome/louis/www/wtv/wordfind/images QUIT.GIF
98.01.20 18:53 B C:\Louis\wordfind\images\quitfinal.gif --> www.woofie.com /u1/vhome/louis/www/wtv/wordfind/images quitfinal.gif
98.01.20 18:53 B C:\Louis\wordfind\images\RESTART.GIF --> www.woofie.com /u1/vhome/louis/www/wtv/wordfind/images RESTART.GIF
98.01.20 18:53 B C:\Louis\wordfind\images\TRYAGAIN.GIF --> www.woofie.com /u1/vhome/louis/www/wtv/wordfind/images TRYAGAIN.GIF
98.01.20 18:53 B C:\Louis\wordfind\images\WS_FTP.LOG --> www.woofie.com /u1/vhome/louis/www/wtv/wordfind/images WS_FTP.LOG
98.01.20 18:55 B C:\Louis\wordfind\images\LOGO.GIF <-- content /home/content/webtv.disco/content/explore2d/programming/wordfind/images LOGO.GIF
98.01.20 18:55 B C:\Louis\wordfind\images\quitfinal.gif <-- content /home/content/webtv.disco/content/explore2d/programming/wordfind/images quitfinal.gif
98.01.20 18:55 B C:\Louis\wordfind\images\SOLVE.GIF <-- content /home/content/webtv.disco/content/explore2d/programming/wordfind/images SOLVE.GIF
98.01.20 18:56 B C:\Louis\wordfind\images\TRYAGAIN.GIF <-- content /home/content/webtv.disco/content/explore2d/programming/wordfind/images TRYAGAIN.GIF
98.01.20 18:56 B C:\Louis\wordfind\images\SOLVE.GIF --> www.woofie.com /u1/vhome/louis/www/wtv/wordfind/images SOLVE.GIF
98.01.20 18:56 B C:\Louis\wordfind\images\TRYAGAIN.GIF --> www.woofie.com /u1/vhome/louis/www/wtv/wordfind/images TRYAGAIN.GIF
98.01.20 18:56 B C:\Louis\wordfind\images\LOGO.GIF --> www.woofie.com /u1/vhome/louis/www/wtv/wordfind/images LOGO.GIF
98.01.20 20:04 B C:\Louis\wordfind\images\back.jpg --> www.woofie.com /u1/vhome/louis/www/wtv/wordfind/images back.jpg
98.01.20 20:04 B C:\Louis\wordfind\images\BACK0.JPG --> www.woofie.com /u1/vhome/louis/www/wtv/wordfind/images BACK0.JPG
98.01.20 20:07 B C:\Louis\wordfind\images\back.jpg --> www.woofie.com /u1/vhome/louis/www/wtv/wordfind/images back.jpg
98.01.20 20:15 A C:\Louis\wordfind\images\back.jpg --> www.woofie.com /u1/vhome/louis/www/wtv/wordfind/images back.jpg
98.01.20 20:18 B C:\Louis\wordfind\images\back.jpg --> www.woofie.com /u1/vhome/louis/www/wtv/wordfind/images back.jpg
98.01.20 22:10 B C:\Louis\wordfind\images\back.jpg --> www.woofie.com /u1/vhome/louis/www/wtv/wordfind/images back.jpg
98.01.20 22:35 B C:\Louis\wordfind\images\back.jpg --> homeless.artemis.com /home/content/webtv.disco/content/explore2d/programming/wordfind/images back.jpg
98.01.20 22:35 B C:\Louis\wordfind\images\BACK0.JPG --> homeless.artemis.com /home/content/webtv.disco/content/explore2d/programming/wordfind/images BACK0.JPG
98.01.21 18:36 B C:\Louis\wordfind\images\PLAY.GIF <-- content /home/content/webtv.disco/content/explore2d/programming/wordfind/images PLAY.GIF
98.01.21 18:36 B C:\Louis\wordfind\images\playagain.gif <-- content /home/content/webtv.disco/content/explore2d/programming/wordfind/images playagain.gif
98.01.21 18:36 A C:\Louis\wordfind\images\PLAY.GIF --> www.woofie.com /u1/vhome/louis/www/wtv/wordfind/images PLAY.GIF
98.01.21 18:36 A C:\Louis\wordfind\images\playagain.gif --> www.woofie.com /u1/vhome/louis/www/wtv/wordfind/images playagain.gif
98.02.19 19:52 B C:\Louis\wordfind\images\0.gif --> www.woofie.com /u1/vhome/louis/www/wtv/wordfind/images 0.gif
98.02.19 19:52 B C:\Louis\wordfind\images\0209_wf_howtoplay.gif --> www.woofie.com /u1/vhome/louis/www/wtv/wordfind/images 0209_wf_howtoplay.gif
98.02.19 19:52 B C:\Louis\wordfind\images\0209_wf_pickagame.gif --> www.woofie.com /u1/vhome/louis/www/wtv/wordfind/images 0209_wf_pickagame.gif
98.02.19 19:52 B C:\Louis\wordfind\images\0209_wf_play.gif --> www.woofie.com /u1/vhome/louis/www/wtv/wordfind/images 0209_wf_play.gif
98.02.19 19:52 B C:\Louis\wordfind\images\0209_wf_tips.gif --> www.woofie.com /u1/vhome/louis/www/wtv/wordfind/images 0209_wf_tips.gif
98.02.19 19:52 B C:\Louis\wordfind\images\1.gif --> www.woofie.com /u1/vhome/louis/www/wtv/wordfind/images 1.gif
98.02.19 19:52 B C:\Louis\wordfind\images\2.gif --> www.woofie.com /u1/vhome/louis/www/wtv/wordfind/images 2.gif
98.02.19 19:52 B C:\Louis\wordfind\images\3.gif --> www.woofie.com /u1/vhome/louis/www/wtv/wordfind/images 3.gif
98.02.19 19:52 B C:\Louis\wordfind\images\4.gif --> www.woofie.com /u1/vhome/louis/www/wtv/wordfind/images 4.gif
98.02.19 19:52 B C:\Louis\wordfind\images\5.gif --> www.woofie.com /u1/vhome/louis/www/wtv/wordfind/images 5.gif
98.02.19 19:52 B C:\Louis\wordfind\images\6.gif --> www.woofie.com /u1/vhome/louis/www/wtv/wordfind/images 6.gif
98.02.19 19:52 B C:\Louis\wordfind\images\7.gif --> www.woofie.com /u1/vhome/louis/www/wtv/wordfind/images 7.gif
98.02.19 19:52 B C:\Louis\wordfind\images\8.gif --> www.woofie.com /u1/vhome/louis/www/wtv/wordfind/images 8.gif
98.02.19 19:52 B C:\Louis\wordfind\images\9.gif --> www.woofie.com /u1/vhome/louis/www/wtv/wordfind/images 9.gif
98.02.19 19:52 B C:\Louis\wordfind\images\AOFF.JPG --> www.woofie.com /u1/vhome/louis/www/wtv/wordfind/images AOFF.JPG
98.02.19 19:53 B C:\Louis\wordfind\images\AON.JPG --> www.woofie.com /u1/vhome/louis/www/wtv/wordfind/images AON.JPG
98.02.19 19:53 B C:\Louis\wordfind\images\b.gif --> www.woofie.com /u1/vhome/louis/www/wtv/wordfind/images b.gif
98.02.19 19:53 B C:\Louis\wordfind\images\back.jpg --> www.woofie.com /u1/vhome/louis/www/wtv/wordfind/images back.jpg
98.02.19 19:53 B C:\Louis\wordfind\images\BACK0.JPG --> www.woofie.com /u1/vhome/louis/www/wtv/wordfind/images BACK0.JPG
98.02.19 19:53 B C:\Louis\wordfind\images\BOFF.JPG --> www.woofie.com /u1/vhome/louis/www/wtv/wordfind/images BOFF.JPG
98.02.19 19:53 B C:\Louis\wordfind\images\BON.JPG --> www.woofie.com /u1/vhome/louis/www/wtv/wordfind/images BON.JPG
98.02.19 19:53 B C:\Louis\wordfind\images\COFF.JPG --> www.woofie.com /u1/vhome/louis/www/wtv/wordfind/images COFF.JPG
98.02.19 19:53 B C:\Louis\wordfind\images\COLON.GIF --> www.woofie.com /u1/vhome/louis/www/wtv/wordfind/images COLON.GIF
98.02.19 19:53 B C:\Louis\wordfind\images\cpwf --> www.woofie.com /u1/vhome/louis/www/wtv/wordfind/images cpwf
98.02.19 19:53 B C:\Louis\wordfind\images\LOGO.GIF --> www.woofie.com /u1/vhome/louis/www/wtv/wordfind/images LOGO.GIF
98.02.19 19:53 B C:\Louis\wordfind\images\moreinfo.gif --> www.woofie.com /u1/vhome/louis/www/wtv/wordfind/images moreinfo.gif
98.02.19 19:53 B C:\Louis\wordfind\images\PLAY.GIF --> www.woofie.com /u1/vhome/louis/www/wtv/wordfind/images PLAY.GIF
98.02.19 19:53 B C:\Louis\wordfind\images\playagain.gif --> www.woofie.com /u1/vhome/louis/www/wtv/wordfind/images playagain.gif
98.02.19 19:53 B C:\Louis\wordfind\images\QUIT.GIF --> www.woofie.com /u1/vhome/louis/www/wtv/wordfind/images QUIT.GIF
98.02.19 19:53 B C:\Louis\wordfind\images\quitfinal.gif --> www.woofie.com /u1/vhome/louis/www/wtv/wordfind/images quitfinal.gif
98.02.19 19:53 B C:\Louis\wordfind\images\RESTART.GIF --> www.woofie.com /u1/vhome/louis/www/wtv/wordfind/images RESTART.GIF
98.02.19 19:53 B C:\Louis\wordfind\images\SOLVE.GIF --> www.woofie.com /u1/vhome/louis/www/wtv/wordfind/images SOLVE.GIF
98.02.19 19:53 B C:\Louis\wordfind\images\TRYAGAIN.GIF --> www.woofie.com /u1/vhome/louis/www/wtv/wordfind/images TRYAGAIN.GIF
98.02.19 19:53 B C:\Louis\wordfind\images\WS_FTP.LOG --> www.woofie.com /u1/vhome/louis/www/wtv/wordfind/images WS_FTP.LOG
98.02.20 15:32 B C:\Louis\wordfind\images\0209_wf_angle.gif --> homeless.artemis.com /home/content/webtv.disco/content/explore2d/programming/wordfind/images 0209_wf_angle.gif
98.02.20 15:32 B C:\Louis\wordfind\images\0209_wf_bullet.gif --> homeless.artemis.com /home/content/webtv.disco/content/explore2d/programming/wordfind/images 0209_wf_bullet.gif
98.02.20 15:32 B C:\Louis\wordfind\images\0209_wf_pickacategory.gif --> homeless.artemis.com /home/content/webtv.disco/content/explore2d/programming/wordfind/images 0209_wf_pickacategory.gif
98.02.20 15:33 A C:\Louis\wordfind\images\0209_wf_pickacategory.gif --> homeless.artemis.com /home/content/webtv.disco/content/explore2d/programming/wordfind/images 0209_wf_pickacategory.gif
98.02.20 15:33 A C:\Louis\wordfind\images\0209_wf_pickagame.gif --> homeless.artemis.com /home/content/webtv.disco/content/explore2d/programming/wordfind/images 0209_wf_pickagame.gif
98.02.20 15:33 A C:\Louis\wordfind\images\0209_wf_play.gif --> homeless.artemis.com /home/content/webtv.disco/content/explore2d/programming/wordfind/images 0209_wf_play.gif
98.02.20 15:33 A C:\Louis\wordfind\images\0209_wf_tips.gif --> homeless.artemis.com /home/content/webtv.disco/content/explore2d/programming/wordfind/images 0209_wf_tips.gif
98.02.20 15:33 B C:\Louis\wordfind\images\0209_wf_pickacategory.gif --> homeless.artemis.com /home/content/webtv.disco/content/explore2d/programming/wordfind/images 0209_wf_pickacategory.gif
98.02.20 15:33 B C:\Louis\wordfind\images\0209_wf_pickagame.gif --> homeless.artemis.com /home/content/webtv.disco/content/explore2d/programming/wordfind/images 0209_wf_pickagame.gif
98.02.20 15:33 B C:\Louis\wordfind\images\0209_wf_play.gif --> homeless.artemis.com /home/content/webtv.disco/content/explore2d/programming/wordfind/images 0209_wf_play.gif
98.02.20 15:33 B C:\Louis\wordfind\images\0209_wf_tips.gif --> homeless.artemis.com /home/content/webtv.disco/content/explore2d/programming/wordfind/images 0209_wf_tips.gif
98.02.24 21:29 B C:\Louis\wordfind\images\0223_wf_pickacategory.gif <-- content /home/content/webtv.disco/content/explore2d/programming/wordfind/images 0223_wf_pickacategory.gif
98.02.24 21:29 B C:\Louis\wordfind\images\0223_wf_pickagame.gif <-- content /home/content/webtv.disco/content/explore2d/programming/wordfind/images 0223_wf_pickagame.gif
98.02.24 22:44 B C:\Louis\wordfind\images\ZON.JPG <-- content /home/content/webtv.disco/content/explore2d/programming/wordfind/images ZON.JPG
98.02.24 22:44 B C:\Louis\wordfind\images\WOFF.JPG <-- content /home/content/webtv.disco/content/explore2d/programming/wordfind/images WOFF.JPG
98.02.24 22:44 B C:\Louis\wordfind\images\WON.JPG <-- content /home/content/webtv.disco/content/explore2d/programming/wordfind/images WON.JPG
98.02.24 22:44 B C:\Louis\wordfind\images\XOFF.JPG <-- content /home/content/webtv.disco/content/explore2d/programming/wordfind/images XOFF.JPG
98.02.24 22:44 B C:\Louis\wordfind\images\XON.JPG <-- content /home/content/webtv.disco/content/explore2d/programming/wordfind/images XON.JPG
98.02.24 22:44 B C:\Louis\wordfind\images\YOFF.JPG <-- content /home/content/webtv.disco/content/explore2d/programming/wordfind/images YOFF.JPG
98.02.24 22:44 B C:\Louis\wordfind\images\YON.JPG <-- content /home/content/webtv.disco/content/explore2d/programming/wordfind/images YON.JPG
98.02.24 22:44 B C:\Louis\wordfind\images\ZOFF.JPG <-- content /home/content/webtv.disco/content/explore2d/programming/wordfind/images ZOFF.JPG
98.02.24 22:44 B C:\Louis\wordfind\images\VON.JPG <-- content /home/content/webtv.disco/content/explore2d/programming/wordfind/images VON.JPG
98.02.24 22:45 B C:\Louis\wordfind\images\VOFF.JPG <-- content /home/content/webtv.disco/content/explore2d/programming/wordfind/images VOFF.JPG
98.02.24 22:45 B C:\Louis\wordfind\images\QOFF.JPG <-- content /home/content/webtv.disco/content/explore2d/programming/wordfind/images QOFF.JPG
98.02.24 22:45 B C:\Louis\wordfind\images\QON.JPG <-- content /home/content/webtv.disco/content/explore2d/programming/wordfind/images QON.JPG
98.02.24 22:45 B C:\Louis\wordfind\images\QUIT.GIF <-- content /home/content/webtv.disco/content/explore2d/programming/wordfind/images QUIT.GIF
98.02.24 22:45 B C:\Louis\wordfind\images\quitfinal.gif <-- content /home/content/webtv.disco/content/explore2d/programming/wordfind/images quitfinal.gif
98.02.24 22:45 B C:\Louis\wordfind\images\RESTART.GIF <-- content /home/content/webtv.disco/content/explore2d/programming/wordfind/images RESTART.GIF
98.02.24 22:45 B C:\Louis\wordfind\images\ROFF.JPG <-- content /home/content/webtv.disco/content/explore2d/programming/wordfind/images ROFF.JPG
98.02.24 22:45 B C:\Louis\wordfind\images\RON.JPG <-- content /home/content/webtv.disco/content/explore2d/programming/wordfind/images RON.JPG
98.02.24 22:45 B C:\Louis\wordfind\images\SOFF.JPG <-- content /home/content/webtv.disco/content/explore2d/programming/wordfind/images SOFF.JPG
98.02.24 22:45 B C:\Louis\wordfind\images\SOLVE.GIF <-- content /home/content/webtv.disco/content/explore2d/programming/wordfind/images SOLVE.GIF
98.02.24 22:45 B C:\Louis\wordfind\images\SON.JPG <-- content /home/content/webtv.disco/content/explore2d/programming/wordfind/images SON.JPG
98.02.24 22:45 B C:\Louis\wordfind\images\TOFF.JPG <-- content /home/content/webtv.disco/content/explore2d/programming/wordfind/images TOFF.JPG
98.02.24 22:45 B C:\Louis\wordfind\images\TON.JPG <-- content /home/content/webtv.disco/content/explore2d/programming/wordfind/images TON.JPG
98.02.24 22:45 B C:\Louis\wordfind\images\TRYAGAIN.GIF <-- content /home/content/webtv.disco/content/explore2d/programming/wordfind/images TRYAGAIN.GIF
98.02.24 22:45 B C:\Louis\wordfind\images\UOFF.JPG <-- content /home/content/webtv.disco/content/explore2d/programming/wordfind/images UOFF.JPG
98.02.24 22:45 B C:\Louis\wordfind\images\UON.JPG <-- content /home/content/webtv.disco/content/explore2d/programming/wordfind/images UON.JPG
98.02.24 22:45 B C:\Louis\wordfind\images\VOFF.JPG <-- content /home/content/webtv.disco/content/explore2d/programming/wordfind/images VOFF.JPG
98.02.24 22:45 B C:\Louis\wordfind\images\MOFF.JPG <-- content /home/content/webtv.disco/content/explore2d/programming/wordfind/images MOFF.JPG
98.02.24 22:45 B C:\Louis\wordfind\images\MON.JPG <-- content /home/content/webtv.disco/content/explore2d/programming/wordfind/images MON.JPG
98.02.24 22:45 B C:\Louis\wordfind\images\moreinfo.gif <-- content /home/content/webtv.disco/content/explore2d/programming/wordfind/images moreinfo.gif
98.02.24 22:45 B C:\Louis\wordfind\images\NOFF.JPG <-- content /home/content/webtv.disco/content/explore2d/programming/wordfind/images NOFF.JPG
98.02.24 22:45 B C:\Louis\wordfind\images\NON.JPG <-- content /home/content/webtv.disco/content/explore2d/programming/wordfind/images NON.JPG
98.02.24 22:45 B C:\Louis\wordfind\images\OOFF.JPG <-- content /home/content/webtv.disco/content/explore2d/programming/wordfind/images OOFF.JPG
98.02.24 22:45 B C:\Louis\wordfind\images\OON.JPG <-- content /home/content/webtv.disco/content/explore2d/programming/wordfind/images OON.JPG
98.02.24 22:45 B C:\Louis\wordfind\images\PLAY.GIF <-- content /home/content/webtv.disco/content/explore2d/programming/wordfind/images PLAY.GIF
98.02.24 22:45 B C:\Louis\wordfind\images\playagain.gif <-- content /home/content/webtv.disco/content/explore2d/programming/wordfind/images playagain.gif
98.02.24 22:45 B C:\Louis\wordfind\images\POFF.JPG <-- content /home/content/webtv.disco/content/explore2d/programming/wordfind/images POFF.JPG
98.02.24 22:45 B C:\Louis\wordfind\images\PON.JPG <-- content /home/content/webtv.disco/content/explore2d/programming/wordfind/images PON.JPG
98.02.24 22:45 B C:\Louis\wordfind\images\HOFF.JPG <-- content /home/content/webtv.disco/content/explore2d/programming/wordfind/images HOFF.JPG
98.02.24 22:45 B C:\Louis\wordfind\images\HON.JPG <-- content /home/content/webtv.disco/content/explore2d/programming/wordfind/images HON.JPG
98.02.24 22:45 B C:\Louis\wordfind\images\IOFF.JPG <-- content /home/content/webtv.disco/content/explore2d/programming/wordfind/images IOFF.JPG
98.02.24 22:45 B C:\Louis\wordfind\images\ION.JPG <-- content /home/content/webtv.disco/content/explore2d/programming/wordfind/images ION.JPG
98.02.24 22:45 B C:\Louis\wordfind\images\JOFF.JPG <-- content /home/content/webtv.disco/content/explore2d/programming/wordfind/images JOFF.JPG
98.02.24 22:45 B C:\Louis\wordfind\images\JON.JPG <-- content /home/content/webtv.disco/content/explore2d/programming/wordfind/images JON.JPG
98.02.24 22:45 B C:\Louis\wordfind\images\KOFF.JPG <-- content /home/content/webtv.disco/content/explore2d/programming/wordfind/images KOFF.JPG
98.02.24 22:45 B C:\Louis\wordfind\images\KON.JPG <-- content /home/content/webtv.disco/content/explore2d/programming/wordfind/images KON.JPG
98.02.24 22:45 B C:\Louis\wordfind\images\LOFF.JPG <-- content /home/content/webtv.disco/content/explore2d/programming/wordfind/images LOFF.JPG
98.02.24 22:45 B C:\Louis\wordfind\images\LOGO.GIF <-- content /home/content/webtv.disco/content/explore2d/programming/wordfind/images LOGO.GIF
98.02.24 22:45 B C:\Louis\wordfind\images\LON.JPG <-- content /home/content/webtv.disco/content/explore2d/programming/wordfind/images LON.JPG
98.02.24 22:45 B C:\Louis\wordfind\images\EOFF.JPG <-- content /home/content/webtv.disco/content/explore2d/programming/wordfind/images EOFF.JPG
98.02.24 22:45 B C:\Louis\wordfind\images\EON.JPG <-- content /home/content/webtv.disco/content/explore2d/programming/wordfind/images EON.JPG
98.02.24 22:45 B C:\Louis\wordfind\images\FOFF.JPG <-- content /home/content/webtv.disco/content/explore2d/programming/wordfind/images FOFF.JPG
98.02.24 22:45 B C:\Louis\wordfind\images\FON.JPG <-- content /home/content/webtv.disco/content/explore2d/programming/wordfind/images FON.JPG
98.02.24 22:45 B C:\Louis\wordfind\images\GOFF.JPG <-- content /home/content/webtv.disco/content/explore2d/programming/wordfind/images GOFF.JPG
98.02.24 22:45 B C:\Louis\wordfind\images\GON.JPG <-- content /home/content/webtv.disco/content/explore2d/programming/wordfind/images GON.JPG
98.02.24 22:45 B C:\Louis\wordfind\images\HINT.GIF <-- content /home/content/webtv.disco/content/explore2d/programming/wordfind/images HINT.GIF
98.02.24 22:45 B C:\Louis\wordfind\images\HOFF.JPG <-- content /home/content/webtv.disco/content/explore2d/programming/wordfind/images HOFF.JPG
98.02.24 22:45 B C:\Louis\wordfind\images\HON.JPG <-- content /home/content/webtv.disco/content/explore2d/programming/wordfind/images HON.JPG
98.02.24 22:45 B C:\Louis\wordfind\images\IOFF.JPG <-- content /home/content/webtv.disco/content/explore2d/programming/wordfind/images IOFF.JPG
98.02.24 22:45 B C:\Louis\wordfind\images\ION.JPG <-- content /home/content/webtv.disco/content/explore2d/programming/wordfind/images ION.JPG
98.02.24 22:45 B C:\Louis\wordfind\images\JOFF.JPG <-- content /home/content/webtv.disco/content/explore2d/programming/wordfind/images JOFF.JPG
98.02.24 22:45 B C:\Louis\wordfind\images\JON.JPG <-- content /home/content/webtv.disco/content/explore2d/programming/wordfind/images JON.JPG
98.02.24 22:45 B C:\Louis\wordfind\images\KOFF.JPG <-- content /home/content/webtv.disco/content/explore2d/programming/wordfind/images KOFF.JPG
98.02.24 22:45 B C:\Louis\wordfind\images\KON.JPG <-- content /home/content/webtv.disco/content/explore2d/programming/wordfind/images KON.JPG
98.02.24 22:45 B C:\Louis\wordfind\images\LOFF.JPG <-- content /home/content/webtv.disco/content/explore2d/programming/wordfind/images LOFF.JPG
98.02.24 22:45 B C:\Louis\wordfind\images\LOGO.GIF <-- content /home/content/webtv.disco/content/explore2d/programming/wordfind/images LOGO.GIF
98.02.24 22:45 B C:\Louis\wordfind\images\LON.JPG <-- content /home/content/webtv.disco/content/explore2d/programming/wordfind/images LON.JPG
98.02.24 22:45 B C:\Louis\wordfind\images\DON.JPG <-- content /home/content/webtv.disco/content/explore2d/programming/wordfind/images DON.JPG
98.02.24 22:45 B C:\Louis\wordfind\images\DOFF.JPG <-- content /home/content/webtv.disco/content/explore2d/programming/wordfind/images DOFF.JPG
98.03.09 11:50 B C:\Louis\wordfind\images\back100.jpg --> homeless.artemis.com /home/content/webtv.disco/content/explore2d/programming/wordfind/images back100.jpg
98.03.09 11:50 B C:\Louis\wordfind\images\back200.jpg --> homeless.artemis.com /home/content/webtv.disco/content/explore2d/programming/wordfind/images back200.jpg
98.03.09 11:51 B C:\Louis\wordfind\images\back100.jpg --> homeless.artemis.com /home/content/webtv.disco/content/explore2d/programming/wordfind/images back100.jpg
98.03.09 11:51 B C:\Louis\wordfind\images\back200.jpg --> homeless.artemis.com /home/content/webtv.disco/content/explore2d/programming/wordfind/images back200.jpg
98.03.09 14:51 B C:\Louis\wordfind\images\back166.gif --> homeless.artemis.com /home/content/webtv.disco/content/explore2d/programming/wordfind/images back166.gif
98.03.09 15:28 B C:\Louis\wordfind\images\HINT.GIF --> homeless.artemis.com /home/content/webtv.disco/content/explore2d/programming/wordfind/images HINT.GIF
98.03.09 15:28 B C:\Louis\wordfind\images\PLAY.GIF --> homeless.artemis.com /home/content/webtv.disco/content/explore2d/programming/wordfind/images PLAY.GIF
98.03.09 15:28 B C:\Louis\wordfind\images\QUIT.GIF --> homeless.artemis.com /home/content/webtv.disco/content/explore2d/programming/wordfind/images QUIT.GIF
98.03.09 15:28 B C:\Louis\wordfind\images\RESTART.GIF --> homeless.artemis.com /home/content/webtv.disco/content/explore2d/programming/wordfind/images RESTART.GIF
98.03.09 15:28 B C:\Louis\wordfind\images\SOLVE.GIF --> homeless.artemis.com /home/content/webtv.disco/content/explore2d/programming/wordfind/images SOLVE.GIF
98.03.09 15:28 B C:\Louis\wordfind\images\TRYAGAIN.GIF --> homeless.artemis.com /home/content/webtv.disco/content/explore2d/programming/wordfind/images TRYAGAIN.GIF
98.03.09 15:32 B C:\Louis\wordfind\images\C:\Louis\wordfindtool\Wordfind\woofie3.tmpl --> homeless.artemis.com /home/content/webtv.disco/content/explore2d/programming/wordfind/entertainment woofie3.tmpl
98.03.09 15:36 B C:\Louis\wordfind\images\C:\Louis\wordfindtool\Wordfind\woofie3.tmpl --> homeless.artemis.com /home/content/webtv.disco/content/explore2d/programming/wordfind/entertainment woofie3.tmpl
98.03.09 15:40 B C:\Louis\wordfind\images\C:\Louis\wordfindtool\Wordfind\woofie3.tmpl --> homeless.artemis.com /home/content/webtv.disco/content/explore2d/programming/wordfind/entertainment woofie3.tmpl
98.03.09 15:42 B C:\Louis\wordfind\images\C:\Louis\wordfindtool\Wordfind\woofie3.tmpl --> homeless.artemis.com /home/content/webtv.disco/content/explore2d/programming/wordfind/entertainment woofie3.tmpl
98.03.09 15:45 B C:\Louis\wordfind\images\C:\Louis\wordfindtool\Wordfind\woofie3.tmpl --> homeless.artemis.com /home/content/webtv.disco/content/explore2d/programming/wordfind/entertainment woofie3.tmpl
98.03.09 15:48 B C:\Louis\wordfind\images\C:\Louis\wordfindtool\Wordfind\woofie3.tmpl --> homeless.artemis.com /home/content/webtv.disco/content/explore2d/programming/wordfind/entertainment woofie3.tmpl
98.03.09 15:50 B C:\Louis\wordfind\images\C:\Louis\wordfindtool\Wordfind\woofie3.tmpl --> homeless.artemis.com /home/content/webtv.disco/content/explore2d/programming/wordfind/entertainment woofie3.tmpl
98.03.09 17:12 B C:\Louis\wordfind\images\QUIT.GIF --> homeless.artemis.com /home/content/webtv.disco/content/explore2d/programming/wordfind/images QUIT.GIF
98.03.09 17:12 B C:\Louis\wordfind\images\RESTART.GIF --> homeless.artemis.com /home/content/webtv.disco/content/explore2d/programming/wordfind/images RESTART.GIF
98.03.09 17:12 B C:\Louis\wordfind\images\SOLVE.GIF --> homeless.artemis.com /home/content/webtv.disco/content/explore2d/programming/wordfind/images SOLVE.GIF
98.03.24 12:00 B C:\Louis\wordfind\images\0209_wf_angle.gif --> www.woofie.com /u1/vhome/louis/www/wtv/wordfind/images 0209_wf_angle.gif
98.03.24 12:00 B C:\Louis\wordfind\images\0209_wf_bullet.gif --> www.woofie.com /u1/vhome/louis/www/wtv/wordfind/images 0209_wf_bullet.gif
98.03.24 12:00 B C:\Louis\wordfind\images\0209_wf_howtoplay.gif --> www.woofie.com /u1/vhome/louis/www/wtv/wordfind/images 0209_wf_howtoplay.gif
98.03.24 12:00 B C:\Louis\wordfind\images\0209_wf_pickacategory.gif --> www.woofie.com /u1/vhome/louis/www/wtv/wordfind/images 0209_wf_pickacategory.gif
98.03.24 12:00 B C:\Louis\wordfind\images\0209_wf_pickagame.gif --> www.woofie.com /u1/vhome/louis/www/wtv/wordfind/images 0209_wf_pickagame.gif
98.03.24 12:00 B C:\Louis\wordfind\images\0209_wf_play.gif --> www.woofie.com /u1/vhome/louis/www/wtv/wordfind/images 0209_wf_play.gif
98.03.24 12:00 B C:\Louis\wordfind\images\0209_wf_tips.gif --> www.woofie.com /u1/vhome/louis/www/wtv/wordfind/images 0209_wf_tips.gif
98.03.24 12:00 B C:\Louis\wordfind\images\0223_wf_pickacategory.gif --> www.woofie.com /u1/vhome/louis/www/wtv/wordfind/images 0223_wf_pickacategory.gif
98.03.24 12:00 B C:\Louis\wordfind\images\0223_wf_pickagame.gif --> www.woofie.com /u1/vhome/louis/www/wtv/wordfind/images 0223_wf_pickagame.gif
98.05.04 16:25 B C:\Louis\wordfind\images\LOGO.GIF --> homeless.artemis.com /home/content/webtv.disco/content/explore2d/programming/wordfind/images LOGO.GIF
98.05.04 16:26 B C:\Louis\wordfind\images\LOGOold.GIF --> homeless.artemis.com /home/content/webtv.disco/content/explore2d/programming/wordfind/images LOGOold.GIF
98.05.04 18:04 B C:\Louis\wordfind\images\allbuttons.psd <-- content /home/content/webtv.disco/content/explore2d/programming/wordfind/images allbuttons.psd
98.05.04 18:04 B C:\Louis\wordfind\images\continuelfr.gif <-- content /home/content/webtv.disco/content/explore2d/programming/wordfind/images continuelfr.gif
98.05.04 18:04 B C:\Louis\wordfind\images\hintlfr.gif <-- content /home/content/webtv.disco/content/explore2d/programming/wordfind/images hintlfr.gif
98.05.04 18:04 B C:\Louis\wordfind\images\newgamelfr.gif <-- content /home/content/webtv.disco/content/explore2d/programming/wordfind/images newgamelfr.gif
98.05.04 18:05 B C:\Louis\wordfind\images\playlfr.gif <-- content /home/content/webtv.disco/content/explore2d/programming/wordfind/images playlfr.gif
98.05.04 18:05 B C:\Louis\wordfind\images\quitlfr.gif <-- content /home/content/webtv.disco/content/explore2d/programming/wordfind/images quitlfr.gif
98.05.04 18:05 B C:\Louis\wordfind\images\ruleslfr.gif <-- content /home/content/webtv.disco/content/explore2d/programming/wordfind/images ruleslfr.gif
98.05.04 18:05 B C:\Louis\wordfind\images\solvelfr.gif <-- content /home/content/webtv.disco/content/explore2d/programming/wordfind/images solvelfr.gif
98.05.05 14:20 B C:\Louis\wordfind\images\continue2.gif <-- content /home/content/webtv.disco/content/explore2d/programming/wordfind/images continue2.gif
98.05.05 14:20 B C:\Louis\wordfind\images\hint2.gif <-- content /home/content/webtv.disco/content/explore2d/programming/wordfind/images hint2.gif
98.05.05 14:20 B C:\Louis\wordfind\images\newgame2.gif <-- content /home/content/webtv.disco/content/explore2d/programming/wordfind/images newgame2.gif
98.05.05 14:20 B C:\Louis\wordfind\images\play2.gif <-- content /home/content/webtv.disco/content/explore2d/programming/wordfind/images play2.gif
98.05.05 14:20 B C:\Louis\wordfind\images\quit2.gif <-- content /home/content/webtv.disco/content/explore2d/programming/wordfind/images quit2.gif
98.05.05 14:20 B C:\Louis\wordfind\images\rules2.gif <-- content /home/content/webtv.disco/content/explore2d/programming/wordfind/images rules2.gif
98.05.05 14:20 B C:\Louis\wordfind\images\solve2.gif <-- content /home/content/webtv.disco/content/explore2d/programming/wordfind/images solve2.gif
98.05.19 14:47 B C:\Louis\wordfind\images\0.gif --> homeless.artemis.com /home/content/webtv.disco/content/explore2d/programming/wordfind/images 0.gif
98.05.19 14:47 B C:\Louis\wordfind\images\0209_wf_angle.gif --> homeless.artemis.com /home/content/webtv.disco/content/explore2d/programming/wordfind/images 0209_wf_angle.gif
98.05.19 14:47 B C:\Louis\wordfind\images\0209_wf_angle.hqx --> homeless.artemis.com /home/content/webtv.disco/content/explore2d/programming/wordfind/images 0209_wf_angle.hqx
98.05.19 14:47 B C:\Louis\wordfind\images\0209_wf_bullet.gif --> homeless.artemis.com /home/content/webtv.disco/content/explore2d/programming/wordfind/images 0209_wf_bullet.gif
98.05.19 14:47 B C:\Louis\wordfind\images\0209_wf_bullet.hqx --> homeless.artemis.com /home/content/webtv.disco/content/explore2d/programming/wordfind/images 0209_wf_bullet.hqx
98.05.19 14:47 B C:\Louis\wordfind\images\0209_wf_howtoplay.gif --> homeless.artemis.com /home/content/webtv.disco/content/explore2d/programming/wordfind/images 0209_wf_howtoplay.gif
98.05.19 14:47 B C:\Louis\wordfind\images\0209_wf_pickacategory.gif --> homeless.artemis.com /home/content/webtv.disco/content/explore2d/programming/wordfind/images 0209_wf_pickacategory.gif
98.05.19 14:47 B C:\Louis\wordfind\images\0209_wf_pickacategory.hqx --> homeless.artemis.com /home/content/webtv.disco/content/explore2d/programming/wordfind/images 0209_wf_pickacategory.hqx
98.05.19 14:47 B C:\Louis\wordfind\images\0209_wf_pickagame.gif --> homeless.artemis.com /home/content/webtv.disco/content/explore2d/programming/wordfind/images 0209_wf_pickagame.gif
98.05.19 14:47 B C:\Louis\wordfind\images\0209_wf_play.gif --> homeless.artemis.com /home/content/webtv.disco/content/explore2d/programming/wordfind/images 0209_wf_play.gif
98.05.19 14:47 B C:\Louis\wordfind\images\0209_wf_tips.gif --> homeless.artemis.com /home/content/webtv.disco/content/explore2d/programming/wordfind/images 0209_wf_tips.gif
98.05.19 14:47 B C:\Louis\wordfind\images\0223_wf_pickacategory.gif --> homeless.artemis.com /home/content/webtv.disco/content/explore2d/programming/wordfind/images 0223_wf_pickacategory.gif
98.05.19 14:47 B C:\Louis\wordfind\images\0223_wf_pickagame.gif --> homeless.artemis.com /home/content/webtv.disco/content/explore2d/programming/wordfind/images 0223_wf_pickagame.gif
98.05.19 14:47 B C:\Louis\wordfind\images\1.gif --> homeless.artemis.com /home/content/webtv.disco/content/explore2d/programming/wordfind/images 1.gif
98.05.19 14:47 B C:\Louis\wordfind\images\2.gif --> homeless.artemis.com /home/content/webtv.disco/content/explore2d/programming/wordfind/images 2.gif
98.05.19 14:47 B C:\Louis\wordfind\images\3.gif --> homeless.artemis.com /home/content/webtv.disco/content/explore2d/programming/wordfind/images 3.gif
98.05.19 14:47 B C:\Louis\wordfind\images\4.gif --> homeless.artemis.com /home/content/webtv.disco/content/explore2d/programming/wordfind/images 4.gif
98.05.19 14:47 B C:\Louis\wordfind\images\5.gif --> homeless.artemis.com /home/content/webtv.disco/content/explore2d/programming/wordfind/images 5.gif
98.05.19 14:47 B C:\Louis\wordfind\images\6.gif --> homeless.artemis.com /home/content/webtv.disco/content/explore2d/programming/wordfind/images 6.gif
98.05.19 14:47 B C:\Louis\wordfind\images\7.gif --> homeless.artemis.com /home/content/webtv.disco/content/explore2d/programming/wordfind/images 7.gif
98.05.19 14:47 B C:\Louis\wordfind\images\8.gif --> homeless.artemis.com /home/content/webtv.disco/content/explore2d/programming/wordfind/images 8.gif
98.05.19 14:47 B C:\Louis\wordfind\images\9.gif --> homeless.artemis.com /home/content/webtv.disco/content/explore2d/programming/wordfind/images 9.gif
98.05.19 14:47 B C:\Louis\wordfind\images\allbuttons.psd --> homeless.artemis.com /home/content/webtv.disco/content/explore2d/programming/wordfind/images allbuttons.psd
98.05.19 14:47 B C:\Louis\wordfind\images\AOFF.JPG --> homeless.artemis.com /home/content/webtv.disco/content/explore2d/programming/wordfind/images AOFF.JPG
98.05.19 14:47 B C:\Louis\wordfind\images\AON.JPG --> homeless.artemis.com /home/content/webtv.disco/content/explore2d/programming/wordfind/images AON.JPG
98.05.19 14:47 B C:\Louis\wordfind\images\b.gif --> homeless.artemis.com /home/content/webtv.disco/content/explore2d/programming/wordfind/images b.gif
98.05.19 14:47 B C:\Louis\wordfind\images\back100.jpg --> homeless.artemis.com /home/content/webtv.disco/content/explore2d/programming/wordfind/images back100.jpg
98.05.19 14:47 B C:\Louis\wordfind\images\back166.gif --> homeless.artemis.com /home/content/webtv.disco/content/explore2d/programming/wordfind/images back166.gif
98.05.19 14:47 B C:\Louis\wordfind\images\back200.jpg --> homeless.artemis.com /home/content/webtv.disco/content/explore2d/programming/wordfind/images back200.jpg
98.05.19 14:47 B C:\Louis\wordfind\images\BOFF.JPG --> homeless.artemis.com /home/content/webtv.disco/content/explore2d/programming/wordfind/images BOFF.JPG
98.05.19 14:47 B C:\Louis\wordfind\images\BON.JPG --> homeless.artemis.com /home/content/webtv.disco/content/explore2d/programming/wordfind/images BON.JPG
98.05.19 14:47 B C:\Louis\wordfind\images\COFF.JPG --> homeless.artemis.com /home/content/webtv.disco/content/explore2d/programming/wordfind/images COFF.JPG
98.05.19 14:47 B C:\Louis\wordfind\images\COLON.GIF --> homeless.artemis.com /home/content/webtv.disco/content/explore2d/programming/wordfind/images COLON.GIF
98.05.19 14:47 B C:\Louis\wordfind\images\continue2.gif --> homeless.artemis.com /home/content/webtv.disco/content/explore2d/programming/wordfind/images continue2.gif
98.05.19 14:47 B C:\Louis\wordfind\images\continuelfr.gif --> homeless.artemis.com /home/content/webtv.disco/content/explore2d/programming/wordfind/images continuelfr.gif
98.05.19 14:47 B C:\Louis\wordfind\images\cpwf --> homeless.artemis.com /home/content/webtv.disco/content/explore2d/programming/wordfind/images cpwf
98.05.19 14:47 B C:\Louis\wordfind\images\DOFF.JPG --> homeless.artemis.com /home/content/webtv.disco/content/explore2d/programming/wordfind/images DOFF.JPG
98.05.19 14:47 B C:\Louis\wordfind\images\DON.JPG --> homeless.artemis.com /home/content/webtv.disco/content/explore2d/programming/wordfind/images DON.JPG
98.05.19 14:47 B C:\Louis\wordfind\images\EOFF.JPG --> homeless.artemis.com /home/content/webtv.disco/content/explore2d/programming/wordfind/images EOFF.JPG
98.05.19 14:47 B C:\Louis\wordfind\images\EON.JPG --> homeless.artemis.com /home/content/webtv.disco/content/explore2d/programming/wordfind/images EON.JPG
98.05.19 14:47 B C:\Louis\wordfind\images\FOFF.JPG --> homeless.artemis.com /home/content/webtv.disco/content/explore2d/programming/wordfind/images FOFF.JPG
98.05.19 14:47 B C:\Louis\wordfind\images\FON.JPG --> homeless.artemis.com /home/content/webtv.disco/content/explore2d/programming/wordfind/images FON.JPG
98.05.19 14:47 B C:\Louis\wordfind\images\GOFF.JPG --> homeless.artemis.com /home/content/webtv.disco/content/explore2d/programming/wordfind/images GOFF.JPG
98.05.19 14:47 B C:\Louis\wordfind\images\GON.JPG --> homeless.artemis.com /home/content/webtv.disco/content/explore2d/programming/wordfind/images GON.JPG
98.05.19 14:47 B C:\Louis\wordfind\images\HINT.GIF --> homeless.artemis.com /home/content/webtv.disco/content/explore2d/programming/wordfind/images HINT.GIF
98.05.19 14:47 B C:\Louis\wordfind\images\hint2.gif --> homeless.artemis.com /home/content/webtv.disco/content/explore2d/programming/wordfind/images hint2.gif
98.05.19 14:47 B C:\Louis\wordfind\images\hintlfr.gif --> homeless.artemis.com /home/content/webtv.disco/content/explore2d/programming/wordfind/images hintlfr.gif
98.05.19 14:47 B C:\Louis\wordfind\images\HOFF.JPG --> homeless.artemis.com /home/content/webtv.disco/content/explore2d/programming/wordfind/images HOFF.JPG
98.05.19 14:47 B C:\Louis\wordfind\images\HON.JPG --> homeless.artemis.com /home/content/webtv.disco/content/explore2d/programming/wordfind/images HON.JPG
98.05.19 14:47 B C:\Louis\wordfind\images\IOFF.JPG --> homeless.artemis.com /home/content/webtv.disco/content/explore2d/programming/wordfind/images IOFF.JPG
98.05.19 14:47 B C:\Louis\wordfind\images\ION.JPG --> homeless.artemis.com /home/content/webtv.disco/content/explore2d/programming/wordfind/images ION.JPG
98.05.19 14:47 B C:\Louis\wordfind\images\JOFF.JPG --> homeless.artemis.com /home/content/webtv.disco/content/explore2d/programming/wordfind/images JOFF.JPG
98.05.19 14:47 B C:\Louis\wordfind\images\JON.JPG --> homeless.artemis.com /home/content/webtv.disco/content/explore2d/programming/wordfind/images JON.JPG
98.05.19 14:47 B C:\Louis\wordfind\images\KOFF.JPG --> homeless.artemis.com /home/content/webtv.disco/content/explore2d/programming/wordfind/images KOFF.JPG
98.05.19 14:47 B C:\Louis\wordfind\images\KON.JPG --> homeless.artemis.com /home/content/webtv.disco/content/explore2d/programming/wordfind/images KON.JPG
98.05.19 14:47 B C:\Louis\wordfind\images\LOFF.JPG --> homeless.artemis.com /home/content/webtv.disco/content/explore2d/programming/wordfind/images LOFF.JPG
98.05.19 14:47 B C:\Louis\wordfind\images\LOGO.GIF --> homeless.artemis.com /home/content/webtv.disco/content/explore2d/programming/wordfind/images LOGO.GIF
98.05.19 14:47 B C:\Louis\wordfind\images\LOGOold.GIF --> homeless.artemis.com /home/content/webtv.disco/content/explore2d/programming/wordfind/images LOGOold.GIF
98.05.19 14:47 B C:\Louis\wordfind\images\LON.JPG --> homeless.artemis.com /home/content/webtv.disco/content/explore2d/programming/wordfind/images LON.JPG
98.05.19 14:47 B C:\Louis\wordfind\images\MOFF.JPG --> homeless.artemis.com /home/content/webtv.disco/content/explore2d/programming/wordfind/images MOFF.JPG
98.05.19 14:47 B C:\Louis\wordfind\images\MON.JPG --> homeless.artemis.com /home/content/webtv.disco/content/explore2d/programming/wordfind/images MON.JPG
98.05.19 14:47 B C:\Louis\wordfind\images\moreinfo.gif --> homeless.artemis.com /home/content/webtv.disco/content/explore2d/programming/wordfind/images moreinfo.gif
98.05.19 14:47 B C:\Louis\wordfind\images\newgame2.gif --> homeless.artemis.com /home/content/webtv.disco/content/explore2d/programming/wordfind/images newgame2.gif
98.05.19 14:47 B C:\Louis\wordfind\images\newgamelfr.gif --> homeless.artemis.com /home/content/webtv.disco/content/explore2d/programming/wordfind/images newgamelfr.gif
98.05.19 14:47 B C:\Louis\wordfind\images\NOFF.JPG --> homeless.artemis.com /home/content/webtv.disco/content/explore2d/programming/wordfind/images NOFF.JPG
98.05.19 14:47 B C:\Louis\wordfind\images\NON.JPG --> homeless.artemis.com /home/content/webtv.disco/content/explore2d/programming/wordfind/images NON.JPG
98.05.19 14:47 B C:\Louis\wordfind\images\OOFF.JPG --> homeless.artemis.com /home/content/webtv.disco/content/explore2d/programming/wordfind/images OOFF.JPG
98.05.19 14:47 B C:\Louis\wordfind\images\OON.JPG --> homeless.artemis.com /home/content/webtv.disco/content/explore2d/programming/wordfind/images OON.JPG
98.05.19 14:47 B C:\Louis\wordfind\images\PLAY.GIF --> homeless.artemis.com /home/content/webtv.disco/content/explore2d/programming/wordfind/images PLAY.GIF
98.05.19 14:47 B C:\Louis\wordfind\images\play2.gif --> homeless.artemis.com /home/content/webtv.disco/content/explore2d/programming/wordfind/images play2.gif
98.05.19 14:47 B C:\Louis\wordfind\images\playagain.gif --> homeless.artemis.com /home/content/webtv.disco/content/explore2d/programming/wordfind/images playagain.gif
98.05.19 14:47 B C:\Louis\wordfind\images\playlfr.gif --> homeless.artemis.com /home/content/webtv.disco/content/explore2d/programming/wordfind/images playlfr.gif
98.05.19 14:47 B C:\Louis\wordfind\images\POFF.JPG --> homeless.artemis.com /home/content/webtv.disco/content/explore2d/programming/wordfind/images POFF.JPG
98.05.19 14:47 B C:\Louis\wordfind\images\PON.JPG --> homeless.artemis.com /home/content/webtv.disco/content/explore2d/programming/wordfind/images PON.JPG
98.05.19 14:47 B C:\Louis\wordfind\images\QOFF.JPG --> homeless.artemis.com /home/content/webtv.disco/content/explore2d/programming/wordfind/images QOFF.JPG
98.05.19 14:47 B C:\Louis\wordfind\images\QON.JPG --> homeless.artemis.com /home/content/webtv.disco/content/explore2d/programming/wordfind/images QON.JPG
98.05.19 14:47 B C:\Louis\wordfind\images\QUIT.GIF --> homeless.artemis.com /home/content/webtv.disco/content/explore2d/programming/wordfind/images QUIT.GIF
98.05.19 14:47 B C:\Louis\wordfind\images\quit2.gif --> homeless.artemis.com /home/content/webtv.disco/content/explore2d/programming/wordfind/images quit2.gif
98.05.19 14:47 B C:\Louis\wordfind\images\quitfinal.gif --> homeless.artemis.com /home/content/webtv.disco/content/explore2d/programming/wordfind/images quitfinal.gif
98.05.19 14:47 B C:\Louis\wordfind\images\quitlfr.gif --> homeless.artemis.com /home/content/webtv.disco/content/explore2d/programming/wordfind/images quitlfr.gif
98.05.19 14:47 B C:\Louis\wordfind\images\RESTART.GIF --> homeless.artemis.com /home/content/webtv.disco/content/explore2d/programming/wordfind/images RESTART.GIF
98.05.19 14:47 B C:\Louis\wordfind\images\ROFF.JPG --> homeless.artemis.com /home/content/webtv.disco/content/explore2d/programming/wordfind/images ROFF.JPG
98.05.19 14:47 B C:\Louis\wordfind\images\RON.JPG --> homeless.artemis.com /home/content/webtv.disco/content/explore2d/programming/wordfind/images RON.JPG
98.05.19 14:47 B C:\Louis\wordfind\images\rules2.gif --> homeless.artemis.com /home/content/webtv.disco/content/explore2d/programming/wordfind/images rules2.gif
98.05.19 14:47 B C:\Louis\wordfind\images\ruleslfr.gif --> homeless.artemis.com /home/content/webtv.disco/content/explore2d/programming/wordfind/images ruleslfr.gif
98.05.19 14:47 B C:\Louis\wordfind\images\SOFF.JPG --> homeless.artemis.com /home/content/webtv.disco/content/explore2d/programming/wordfind/images SOFF.JPG
98.05.19 14:47 B C:\Louis\wordfind\images\SOLVE.GIF --> homeless.artemis.com /home/content/webtv.disco/content/explore2d/programming/wordfind/images SOLVE.GIF
98.05.19 14:47 B C:\Louis\wordfind\images\solve2.gif --> homeless.artemis.com /home/content/webtv.disco/content/explore2d/programming/wordfind/images solve2.gif
98.05.19 14:47 B C:\Louis\wordfind\images\solvelfr.gif --> homeless.artemis.com /home/content/webtv.disco/content/explore2d/programming/wordfind/images solvelfr.gif
98.05.19 14:47 B C:\Louis\wordfind\images\SON.JPG --> homeless.artemis.com /home/content/webtv.disco/content/explore2d/programming/wordfind/images SON.JPG
98.05.19 14:47 B C:\Louis\wordfind\images\TOFF.JPG --> homeless.artemis.com /home/content/webtv.disco/content/explore2d/programming/wordfind/images TOFF.JPG
98.05.19 14:47 B C:\Louis\wordfind\images\TON.JPG --> homeless.artemis.com /home/content/webtv.disco/content/explore2d/programming/wordfind/images TON.JPG
98.05.19 14:47 B C:\Louis\wordfind\images\TRYAGAIN.GIF --> homeless.artemis.com /home/content/webtv.disco/content/explore2d/programming/wordfind/images TRYAGAIN.GIF
98.05.19 14:47 B C:\Louis\wordfind\images\UOFF.JPG --> homeless.artemis.com /home/content/webtv.disco/content/explore2d/programming/wordfind/images UOFF.JPG
98.05.19 14:47 B C:\Louis\wordfind\images\UON.JPG --> homeless.artemis.com /home/content/webtv.disco/content/explore2d/programming/wordfind/images UON.JPG
98.05.19 14:47 B C:\Louis\wordfind\images\VOFF.JPG --> homeless.artemis.com /home/content/webtv.disco/content/explore2d/programming/wordfind/images VOFF.JPG
98.05.19 14:47 B C:\Louis\wordfind\images\VON.JPG --> homeless.artemis.com /home/content/webtv.disco/content/explore2d/programming/wordfind/images VON.JPG
98.05.19 14:47 B C:\Louis\wordfind\images\WOFF.JPG --> homeless.artemis.com /home/content/webtv.disco/content/explore2d/programming/wordfind/images WOFF.JPG
98.05.19 14:47 B C:\Louis\wordfind\images\WON.JPG --> homeless.artemis.com /home/content/webtv.disco/content/explore2d/programming/wordfind/images WON.JPG
98.05.19 14:47 B C:\Louis\wordfind\images\WS_FTP.LOG --> homeless.artemis.com /home/content/webtv.disco/content/explore2d/programming/wordfind/images WS_FTP.LOG
98.05.19 14:47 B C:\Louis\wordfind\images\XOFF.JPG --> homeless.artemis.com /home/content/webtv.disco/content/explore2d/programming/wordfind/images XOFF.JPG
98.05.19 14:47 B C:\Louis\wordfind\images\XON.JPG --> homeless.artemis.com /home/content/webtv.disco/content/explore2d/programming/wordfind/images XON.JPG
98.05.19 14:47 B C:\Louis\wordfind\images\YOFF.JPG --> homeless.artemis.com /home/content/webtv.disco/content/explore2d/programming/wordfind/images YOFF.JPG
98.05.19 14:47 B C:\Louis\wordfind\images\YON.JPG --> homeless.artemis.com /home/content/webtv.disco/content/explore2d/programming/wordfind/images YON.JPG
98.05.19 14:47 B C:\Louis\wordfind\images\ZOFF.JPG --> homeless.artemis.com /home/content/webtv.disco/content/explore2d/programming/wordfind/images ZOFF.JPG
98.05.19 14:47 B C:\Louis\wordfind\images\ZON.JPG --> homeless.artemis.com /home/content/webtv.disco/content/explore2d/programming/wordfind/images ZON.JPG
98.05.21 17:37 B C:\Louis\wordfind\images\0.gif --> www.woofie.com /u1/vhome/louis/www/wtv/wordfind/images 0.gif
98.05.21 17:37 B C:\Louis\wordfind\images\0209_wf_angle.gif --> www.woofie.com /u1/vhome/louis/www/wtv/wordfind/images 0209_wf_angle.gif
98.05.21 17:37 B C:\Louis\wordfind\images\0209_wf_angle.hqx --> www.woofie.com /u1/vhome/louis/www/wtv/wordfind/images 0209_wf_angle.hqx
98.05.21 17:37 B C:\Louis\wordfind\images\0209_wf_bullet.gif --> www.woofie.com /u1/vhome/louis/www/wtv/wordfind/images 0209_wf_bullet.gif
98.05.21 17:37 B C:\Louis\wordfind\images\0209_wf_bullet.hqx --> www.woofie.com /u1/vhome/louis/www/wtv/wordfind/images 0209_wf_bullet.hqx
98.05.21 17:37 B C:\Louis\wordfind\images\0209_wf_howtoplay.gif --> www.woofie.com /u1/vhome/louis/www/wtv/wordfind/images 0209_wf_howtoplay.gif
98.05.21 17:38 B C:\Louis\wordfind\images\0209_wf_pickacategory.gif --> www.woofie.com /u1/vhome/louis/www/wtv/wordfind/images 0209_wf_pickacategory.gif
98.05.21 17:38 B C:\Louis\wordfind\images\0209_wf_pickacategory.hqx --> www.woofie.com /u1/vhome/louis/www/wtv/wordfind/images 0209_wf_pickacategory.hqx
98.05.21 17:38 B C:\Louis\wordfind\images\0209_wf_pickagame.gif --> www.woofie.com /u1/vhome/louis/www/wtv/wordfind/images 0209_wf_pickagame.gif
98.05.21 17:38 B C:\Louis\wordfind\images\0209_wf_play.gif --> www.woofie.com /u1/vhome/louis/www/wtv/wordfind/images 0209_wf_play.gif
98.05.21 17:38 B C:\Louis\wordfind\images\0209_wf_tips.gif --> www.woofie.com /u1/vhome/louis/www/wtv/wordfind/images 0209_wf_tips.gif
98.05.21 17:38 B C:\Louis\wordfind\images\0223_wf_pickacategory.gif --> www.woofie.com /u1/vhome/louis/www/wtv/wordfind/images 0223_wf_pickacategory.gif
98.05.21 17:38 B C:\Louis\wordfind\images\0223_wf_pickagame.gif --> www.woofie.com /u1/vhome/louis/www/wtv/wordfind/images 0223_wf_pickagame.gif
98.05.21 17:38 B C:\Louis\wordfind\images\1.gif --> www.woofie.com /u1/vhome/louis/www/wtv/wordfind/images 1.gif
98.05.21 17:38 B C:\Louis\wordfind\images\2.gif --> www.woofie.com /u1/vhome/louis/www/wtv/wordfind/images 2.gif
98.05.21 17:38 B C:\Louis\wordfind\images\3.gif --> www.woofie.com /u1/vhome/louis/www/wtv/wordfind/images 3.gif
98.05.21 17:38 B C:\Louis\wordfind\images\4.gif --> www.woofie.com /u1/vhome/louis/www/wtv/wordfind/images 4.gif
98.05.21 17:38 B C:\Louis\wordfind\images\5.gif --> www.woofie.com /u1/vhome/louis/www/wtv/wordfind/images 5.gif
98.05.21 17:38 B C:\Louis\wordfind\images\6.gif --> www.woofie.com /u1/vhome/louis/www/wtv/wordfind/images 6.gif
98.05.21 17:38 B C:\Louis\wordfind\images\7.gif --> www.woofie.com /u1/vhome/louis/www/wtv/wordfind/images 7.gif
98.05.21 17:38 B C:\Louis\wordfind\images\8.gif --> www.woofie.com /u1/vhome/louis/www/wtv/wordfind/images 8.gif
98.05.21 17:38 B C:\Louis\wordfind\images\9.gif --> www.woofie.com /u1/vhome/louis/www/wtv/wordfind/images 9.gif
98.05.21 17:38 B C:\Louis\wordfind\images\allbuttons.psd --> www.woofie.com /u1/vhome/louis/www/wtv/wordfind/images allbuttons.psd
98.05.21 17:38 B C:\Louis\wordfind\images\AOFF.JPG --> www.woofie.com /u1/vhome/louis/www/wtv/wordfind/images AOFF.JPG
98.05.21 17:38 B C:\Louis\wordfind\images\AON.JPG --> www.woofie.com /u1/vhome/louis/www/wtv/wordfind/images AON.JPG
98.05.21 17:38 B C:\Louis\wordfind\images\b.gif --> www.woofie.com /u1/vhome/louis/www/wtv/wordfind/images b.gif
98.05.21 17:38 B C:\Louis\wordfind\images\back100.jpg --> www.woofie.com /u1/vhome/louis/www/wtv/wordfind/images back100.jpg
98.05.21 17:38 B C:\Louis\wordfind\images\back166.gif --> www.woofie.com /u1/vhome/louis/www/wtv/wordfind/images back166.gif
98.05.21 17:38 B C:\Louis\wordfind\images\back200.jpg --> www.woofie.com /u1/vhome/louis/www/wtv/wordfind/images back200.jpg
98.05.21 17:38 B C:\Louis\wordfind\images\BOFF.JPG --> www.woofie.com /u1/vhome/louis/www/wtv/wordfind/images BOFF.JPG
98.05.21 17:38 B C:\Louis\wordfind\images\BON.JPG --> www.woofie.com /u1/vhome/louis/www/wtv/wordfind/images BON.JPG
98.05.21 17:38 B C:\Louis\wordfind\images\COFF.JPG --> www.woofie.com /u1/vhome/louis/www/wtv/wordfind/images COFF.JPG
98.05.21 17:38 B C:\Louis\wordfind\images\COLON.GIF --> www.woofie.com /u1/vhome/louis/www/wtv/wordfind/images COLON.GIF
98.05.21 17:38 B C:\Louis\wordfind\images\continue2.gif --> www.woofie.com /u1/vhome/louis/www/wtv/wordfind/images continue2.gif
98.05.21 17:38 B C:\Louis\wordfind\images\continuelfr.gif --> www.woofie.com /u1/vhome/louis/www/wtv/wordfind/images continuelfr.gif
98.05.21 17:38 B C:\Louis\wordfind\images\cpwf --> www.woofie.com /u1/vhome/louis/www/wtv/wordfind/images cpwf
98.05.21 17:38 B C:\Louis\wordfind\images\DOFF.JPG --> www.woofie.com /u1/vhome/louis/www/wtv/wordfind/images DOFF.JPG
98.05.21 17:38 B C:\Louis\wordfind\images\DON.JPG --> www.woofie.com /u1/vhome/louis/www/wtv/wordfind/images DON.JPG
98.05.21 17:38 B C:\Louis\wordfind\images\EOFF.JPG --> www.woofie.com /u1/vhome/louis/www/wtv/wordfind/images EOFF.JPG
98.05.21 17:38 B C:\Louis\wordfind\images\EON.JPG --> www.woofie.com /u1/vhome/louis/www/wtv/wordfind/images EON.JPG
98.05.21 17:38 B C:\Louis\wordfind\images\FOFF.JPG --> www.woofie.com /u1/vhome/louis/www/wtv/wordfind/images FOFF.JPG
98.05.21 17:38 B C:\Louis\wordfind\images\FON.JPG --> www.woofie.com /u1/vhome/louis/www/wtv/wordfind/images FON.JPG
98.05.21 17:38 B C:\Louis\wordfind\images\GOFF.JPG --> www.woofie.com /u1/vhome/louis/www/wtv/wordfind/images GOFF.JPG
98.05.21 17:38 B C:\Louis\wordfind\images\GON.JPG --> www.woofie.com /u1/vhome/louis/www/wtv/wordfind/images GON.JPG
98.05.21 17:38 B C:\Louis\wordfind\images\HINT.GIF --> www.woofie.com /u1/vhome/louis/www/wtv/wordfind/images HINT.GIF
98.05.21 17:38 B C:\Louis\wordfind\images\hint2.gif --> www.woofie.com /u1/vhome/louis/www/wtv/wordfind/images hint2.gif
98.05.21 17:38 B C:\Louis\wordfind\images\hintlfr.gif --> www.woofie.com /u1/vhome/louis/www/wtv/wordfind/images hintlfr.gif
98.05.21 17:38 B C:\Louis\wordfind\images\HOFF.JPG --> www.woofie.com /u1/vhome/louis/www/wtv/wordfind/images HOFF.JPG
98.05.21 17:38 B C:\Louis\wordfind\images\HON.JPG --> www.woofie.com /u1/vhome/louis/www/wtv/wordfind/images HON.JPG
98.05.21 17:38 B C:\Louis\wordfind\images\IOFF.JPG --> www.woofie.com /u1/vhome/louis/www/wtv/wordfind/images IOFF.JPG
98.05.21 17:38 B C:\Louis\wordfind\images\ION.JPG --> www.woofie.com /u1/vhome/louis/www/wtv/wordfind/images ION.JPG
98.05.21 17:38 B C:\Louis\wordfind\images\JOFF.JPG --> www.woofie.com /u1/vhome/louis/www/wtv/wordfind/images JOFF.JPG
98.05.21 17:38 B C:\Louis\wordfind\images\JON.JPG --> www.woofie.com /u1/vhome/louis/www/wtv/wordfind/images JON.JPG
98.05.21 17:38 B C:\Louis\wordfind\images\KOFF.JPG --> www.woofie.com /u1/vhome/louis/www/wtv/wordfind/images KOFF.JPG
98.05.21 17:38 B C:\Louis\wordfind\images\KON.JPG --> www.woofie.com /u1/vhome/louis/www/wtv/wordfind/images KON.JPG
98.05.21 17:38 B C:\Louis\wordfind\images\LOFF.JPG --> www.woofie.com /u1/vhome/louis/www/wtv/wordfind/images LOFF.JPG
98.05.21 17:38 B C:\Louis\wordfind\images\LOGO.GIF --> www.woofie.com /u1/vhome/louis/www/wtv/wordfind/images LOGO.GIF
98.05.21 17:38 B C:\Louis\wordfind\images\LOGOold.GIF --> www.woofie.com /u1/vhome/louis/www/wtv/wordfind/images LOGOold.GIF
98.05.21 17:38 B C:\Louis\wordfind\images\LON.JPG --> www.woofie.com /u1/vhome/louis/www/wtv/wordfind/images LON.JPG
98.05.21 17:38 B C:\Louis\wordfind\images\MOFF.JPG --> www.woofie.com /u1/vhome/louis/www/wtv/wordfind/images MOFF.JPG
98.05.21 17:38 B C:\Louis\wordfind\images\MON.JPG --> www.woofie.com /u1/vhome/louis/www/wtv/wordfind/images MON.JPG
98.05.21 17:38 B C:\Louis\wordfind\images\moreinfo.gif --> www.woofie.com /u1/vhome/louis/www/wtv/wordfind/images moreinfo.gif
98.05.21 17:39 B C:\Louis\wordfind\images\newgame2.gif --> www.woofie.com /u1/vhome/louis/www/wtv/wordfind/images newgame2.gif
98.05.21 17:39 B C:\Louis\wordfind\images\newgamelfr.gif --> www.woofie.com /u1/vhome/louis/www/wtv/wordfind/images newgamelfr.gif
98.05.21 17:39 B C:\Louis\wordfind\images\NOFF.JPG --> www.woofie.com /u1/vhome/louis/www/wtv/wordfind/images NOFF.JPG
98.05.21 17:39 B C:\Louis\wordfind\images\NON.JPG --> www.woofie.com /u1/vhome/louis/www/wtv/wordfind/images NON.JPG
98.05.21 17:39 B C:\Louis\wordfind\images\OOFF.JPG --> www.woofie.com /u1/vhome/louis/www/wtv/wordfind/images OOFF.JPG
98.05.21 17:39 B C:\Louis\wordfind\images\OON.JPG --> www.woofie.com /u1/vhome/louis/www/wtv/wordfind/images OON.JPG
98.05.21 17:39 B C:\Louis\wordfind\images\PLAY.GIF --> www.woofie.com /u1/vhome/louis/www/wtv/wordfind/images PLAY.GIF
98.05.21 17:39 B C:\Louis\wordfind\images\play2.gif --> www.woofie.com /u1/vhome/louis/www/wtv/wordfind/images play2.gif
98.05.21 17:39 B C:\Louis\wordfind\images\playagain.gif --> www.woofie.com /u1/vhome/louis/www/wtv/wordfind/images playagain.gif
98.05.21 17:39 B C:\Louis\wordfind\images\playlfr.gif --> www.woofie.com /u1/vhome/louis/www/wtv/wordfind/images playlfr.gif
98.05.21 17:39 B C:\Louis\wordfind\images\POFF.JPG --> www.woofie.com /u1/vhome/louis/www/wtv/wordfind/images POFF.JPG
98.05.21 17:39 B C:\Louis\wordfind\images\PON.JPG --> www.woofie.com /u1/vhome/louis/www/wtv/wordfind/images PON.JPG
98.05.21 17:39 B C:\Louis\wordfind\images\QOFF.JPG --> www.woofie.com /u1/vhome/louis/www/wtv/wordfind/images QOFF.JPG
98.05.21 17:39 B C:\Louis\wordfind\images\QON.JPG --> www.woofie.com /u1/vhome/louis/www/wtv/wordfind/images QON.JPG
98.05.21 17:39 B C:\Louis\wordfind\images\QUIT.GIF --> www.woofie.com /u1/vhome/louis/www/wtv/wordfind/images QUIT.GIF
98.05.21 17:39 B C:\Louis\wordfind\images\quit2.gif --> www.woofie.com /u1/vhome/louis/www/wtv/wordfind/images quit2.gif
98.05.21 17:39 B C:\Louis\wordfind\images\quitfinal.gif --> www.woofie.com /u1/vhome/louis/www/wtv/wordfind/images quitfinal.gif
98.05.21 17:39 B C:\Louis\wordfind\images\quitlfr.gif --> www.woofie.com /u1/vhome/louis/www/wtv/wordfind/images quitlfr.gif
98.05.21 17:39 B C:\Louis\wordfind\images\RESTART.GIF --> www.woofie.com /u1/vhome/louis/www/wtv/wordfind/images RESTART.GIF
98.05.21 17:39 B C:\Louis\wordfind\images\ROFF.JPG --> www.woofie.com /u1/vhome/louis/www/wtv/wordfind/images ROFF.JPG
98.05.21 17:39 B C:\Louis\wordfind\images\RON.JPG --> www.woofie.com /u1/vhome/louis/www/wtv/wordfind/images RON.JPG
98.05.21 17:39 B C:\Louis\wordfind\images\rules2.gif --> www.woofie.com /u1/vhome/louis/www/wtv/wordfind/images rules2.gif
98.05.21 17:39 B C:\Louis\wordfind\images\ruleslfr.gif --> www.woofie.com /u1/vhome/louis/www/wtv/wordfind/images ruleslfr.gif
98.05.21 17:39 B C:\Louis\wordfind\images\SOFF.JPG --> www.woofie.com /u1/vhome/louis/www/wtv/wordfind/images SOFF.JPG
98.05.21 17:39 B C:\Louis\wordfind\images\SOLVE.GIF --> www.woofie.com /u1/vhome/louis/www/wtv/wordfind/images SOLVE.GIF
98.05.21 17:39 B C:\Louis\wordfind\images\solve2.gif --> www.woofie.com /u1/vhome/louis/www/wtv/wordfind/images solve2.gif
98.05.21 17:39 B C:\Louis\wordfind\images\solvelfr.gif --> www.woofie.com /u1/vhome/louis/www/wtv/wordfind/images solvelfr.gif
98.05.21 17:39 B C:\Louis\wordfind\images\SON.JPG --> www.woofie.com /u1/vhome/louis/www/wtv/wordfind/images SON.JPG
98.05.21 17:39 B C:\Louis\wordfind\images\TOFF.JPG --> www.woofie.com /u1/vhome/louis/www/wtv/wordfind/images TOFF.JPG
98.05.21 17:39 B C:\Louis\wordfind\images\TON.JPG --> www.woofie.com /u1/vhome/louis/www/wtv/wordfind/images TON.JPG
98.05.21 17:39 B C:\Louis\wordfind\images\TRYAGAIN.GIF --> www.woofie.com /u1/vhome/louis/www/wtv/wordfind/images TRYAGAIN.GIF
98.05.21 17:39 B C:\Louis\wordfind\images\UOFF.JPG --> www.woofie.com /u1/vhome/louis/www/wtv/wordfind/images UOFF.JPG
98.05.21 17:39 B C:\Louis\wordfind\images\UON.JPG --> www.woofie.com /u1/vhome/louis/www/wtv/wordfind/images UON.JPG
98.05.21 17:39 B C:\Louis\wordfind\images\VOFF.JPG --> www.woofie.com /u1/vhome/louis/www/wtv/wordfind/images VOFF.JPG
98.05.21 17:39 B C:\Louis\wordfind\images\VON.JPG --> www.woofie.com /u1/vhome/louis/www/wtv/wordfind/images VON.JPG
98.05.21 17:39 B C:\Louis\wordfind\images\WOFF.JPG --> www.woofie.com /u1/vhome/louis/www/wtv/wordfind/images WOFF.JPG
98.05.21 17:39 B C:\Louis\wordfind\images\WON.JPG --> www.woofie.com /u1/vhome/louis/www/wtv/wordfind/images WON.JPG
