97.10.13 12:29 B D:\LouisRoehrs\makeamatch\extraneous\bell.html --> vp2.netgate.net /u1/vhome/louis/www/wtv/makeamatch/extraneous bell.html
97.10.13 12:29 B D:\LouisRoehrs\makeamatch\extraneous\bellcall.html --> vp2.netgate.net /u1/vhome/louis/www/wtv/makeamatch/extraneous bellcall.html
97.10.13 12:29 B D:\LouisRoehrs\makeamatch\extraneous\gamebug.html --> vp2.netgate.net /u1/vhome/louis/www/wtv/makeamatch/extraneous gamebug.html
97.10.13 12:29 B D:\LouisRoehrs\makeamatch\extraneous\gamebug.html.bak --> vp2.netgate.net /u1/vhome/louis/www/wtv/makeamatch/extraneous gamebug.html.bak
97.10.13 12:29 B D:\LouisRoehrs\makeamatch\extraneous\o_game.html --> vp2.netgate.net /u1/vhome/louis/www/wtv/makeamatch/extraneous o_game.html
97.10.13 12:29 B D:\LouisRoehrs\makeamatch\extraneous\oldgame.html --> vp2.netgate.net /u1/vhome/louis/www/wtv/makeamatch/extraneous oldgame.html
97.10.13 12:29 B D:\LouisRoehrs\makeamatch\extraneous\test.html --> vp2.netgate.net /u1/vhome/louis/www/wtv/makeamatch/extraneous test.html
97.10.13 12:29 B D:\LouisRoehrs\makeamatch\extraneous\transparentgame.html --> vp2.netgate.net /u1/vhome/louis/www/wtv/makeamatch/extraneous transparentgame.html
97.10.14 16:31 B D:\LouisRoehrs\makeamatch\extraneous\bell.html --> best.com /webx/web2/louisr/public_html/makeamatch/extraneous bell.html
97.10.14 16:31 B D:\LouisRoehrs\makeamatch\extraneous\bellcall.html --> best.com /webx/web2/louisr/public_html/makeamatch/extraneous bellcall.html
97.10.14 16:31 B D:\LouisRoehrs\makeamatch\extraneous\gamebug.html --> best.com /webx/web2/louisr/public_html/makeamatch/extraneous gamebug.html
97.10.14 16:31 B D:\LouisRoehrs\makeamatch\extraneous\gamebug.html.bak --> best.com /webx/web2/louisr/public_html/makeamatch/extraneous gamebug.html.bak
97.10.14 16:31 B D:\LouisRoehrs\makeamatch\extraneous\o_game.html --> best.com /webx/web2/louisr/public_html/makeamatch/extraneous o_game.html
97.10.14 16:31 B D:\LouisRoehrs\makeamatch\extraneous\oldgame.html --> best.com /webx/web2/louisr/public_html/makeamatch/extraneous oldgame.html
97.10.14 16:31 B D:\LouisRoehrs\makeamatch\extraneous\test.html --> best.com /webx/web2/louisr/public_html/makeamatch/extraneous test.html
97.10.14 16:31 B D:\LouisRoehrs\makeamatch\extraneous\transparentgame.html --> best.com /webx/web2/louisr/public_html/makeamatch/extraneous transparentgame.html
97.10.14 16:31 B D:\LouisRoehrs\makeamatch\extraneous\WS_FTP.LOG --> best.com /webx/web2/louisr/public_html/makeamatch/extraneous WS_FTP.LOG
97.10.21 19:53 B D:\LouisRoehrs\makeamatch\extraneous\bell.html --> vp2.netgate.net /u1/vhome/louis/www/wtv/makeamatch/extraneous bell.html
97.10.21 19:53 B D:\LouisRoehrs\makeamatch\extraneous\bellcall.html --> vp2.netgate.net /u1/vhome/louis/www/wtv/makeamatch/extraneous bellcall.html
97.10.21 19:53 B D:\LouisRoehrs\makeamatch\extraneous\gamebug.html --> vp2.netgate.net /u1/vhome/louis/www/wtv/makeamatch/extraneous gamebug.html
97.10.21 19:53 B D:\LouisRoehrs\makeamatch\extraneous\o_game.html --> vp2.netgate.net /u1/vhome/louis/www/wtv/makeamatch/extraneous o_game.html
97.10.21 19:53 B D:\LouisRoehrs\makeamatch\extraneous\oldgame.html --> vp2.netgate.net /u1/vhome/louis/www/wtv/makeamatch/extraneous oldgame.html
97.10.21 19:53 B D:\LouisRoehrs\makeamatch\extraneous\test.html --> vp2.netgate.net /u1/vhome/louis/www/wtv/makeamatch/extraneous test.html
97.10.21 19:53 B D:\LouisRoehrs\makeamatch\extraneous\transparentgame.html --> vp2.netgate.net /u1/vhome/louis/www/wtv/makeamatch/extraneous transparentgame.html
97.10.21 19:53 B D:\LouisRoehrs\makeamatch\extraneous\WS_FTP.LOG --> vp2.netgate.net /u1/vhome/louis/www/wtv/makeamatch/extraneous WS_FTP.LOG
97.10.24 18:33 B D:\LouisRoehrs\makeamatch\extraneous\bell.html --> vp2.netgate.net /u1/vhome/louis/www/wtv/makeamatch/extraneous bell.html
97.10.24 18:33 B D:\LouisRoehrs\makeamatch\extraneous\bellcall.html --> vp2.netgate.net /u1/vhome/louis/www/wtv/makeamatch/extraneous bellcall.html
97.10.24 18:33 B D:\LouisRoehrs\makeamatch\extraneous\gamebug.html --> vp2.netgate.net /u1/vhome/louis/www/wtv/makeamatch/extraneous gamebug.html
97.10.24 18:33 B D:\LouisRoehrs\makeamatch\extraneous\o_game.html --> vp2.netgate.net /u1/vhome/louis/www/wtv/makeamatch/extraneous o_game.html
97.10.24 18:33 B D:\LouisRoehrs\makeamatch\extraneous\oldgame.html --> vp2.netgate.net /u1/vhome/louis/www/wtv/makeamatch/extraneous oldgame.html
97.10.24 18:33 B D:\LouisRoehrs\makeamatch\extraneous\test.html --> vp2.netgate.net /u1/vhome/louis/www/wtv/makeamatch/extraneous test.html
97.10.24 18:33 B D:\LouisRoehrs\makeamatch\extraneous\transparentgame.html --> vp2.netgate.net /u1/vhome/louis/www/wtv/makeamatch/extraneous transparentgame.html
