97.09.30 09:59 B D:\LouisRoehrs\crossword\images\background.jpg <-- AEd /usr/home/tpark/public_html/crossword/images background.jpg
97.09.30 09:59 B D:\LouisRoehrs\crossword\images\button.gif <-- AEd /usr/home/tpark/public_html/crossword/images button.gif
97.09.30 09:59 B D:\LouisRoehrs\crossword\images\cw.gif <-- AEd /usr/home/tpark/public_html/crossword/images cw.gif
97.09.30 09:59 B D:\LouisRoehrs\crossword\images\cw.jpg <-- AEd /usr/home/tpark/public_html/crossword/images cw.jpg
97.09.30 09:59 B D:\LouisRoehrs\crossword\images\cw2.gif <-- AEd /usr/home/tpark/public_html/crossword/images cw2.gif
97.09.30 09:59 B D:\LouisRoehrs\crossword\images\cw2.jpg <-- AEd /usr/home/tpark/public_html/crossword/images cw2.jpg
97.09.30 09:59 B D:\LouisRoehrs\crossword\images\cwbgwcw.jpg <-- AEd /usr/home/tpark/public_html/crossword/images cwbgwcw.jpg
97.09.30 09:59 B D:\LouisRoehrs\crossword\images\cwbgwocw.jpg <-- AEd /usr/home/tpark/public_html/crossword/images cwbgwocw.jpg
97.09.30 09:59 B D:\LouisRoehrs\crossword\images\cwsidebar.gif <-- AEd /usr/home/tpark/public_html/crossword/images cwsidebar.gif
97.09.30 09:59 B D:\LouisRoehrs\crossword\images\logo.gif <-- AEd /usr/home/tpark/public_html/crossword/images logo.gif
97.09.30 09:59 B D:\LouisRoehrs\crossword\images\MOREINFO.GIF <-- AEd /usr/home/tpark/public_html/crossword/images MOREINFO.GIF
97.09.30 09:59 B D:\LouisRoehrs\crossword\images\next.gif <-- AEd /usr/home/tpark/public_html/crossword/images next.gif
97.09.30 09:59 B D:\LouisRoehrs\crossword\images\play.gif <-- AEd /usr/home/tpark/public_html/crossword/images play.gif
97.09.30 09:59 B D:\LouisRoehrs\crossword\images\starplay.gif <-- AEd /usr/home/tpark/public_html/crossword/images starplay.gif
97.09.30 10:06 B D:\LouisRoehrs\crossword\images\background.jpg --> ed.webtv.net /usr/home/tpark/public_html/louis/crossword/images background.jpg
97.09.30 10:06 B D:\LouisRoehrs\crossword\images\button.gif --> ed.webtv.net /usr/home/tpark/public_html/louis/crossword/images button.gif
97.09.30 10:06 B D:\LouisRoehrs\crossword\images\cw.gif --> ed.webtv.net /usr/home/tpark/public_html/louis/crossword/images cw.gif
97.09.30 10:06 B D:\LouisRoehrs\crossword\images\cw.jpg --> ed.webtv.net /usr/home/tpark/public_html/louis/crossword/images cw.jpg
97.09.30 10:06 B D:\LouisRoehrs\crossword\images\cw2.gif --> ed.webtv.net /usr/home/tpark/public_html/louis/crossword/images cw2.gif
97.09.30 10:06 B D:\LouisRoehrs\crossword\images\cw2.jpg --> ed.webtv.net /usr/home/tpark/public_html/louis/crossword/images cw2.jpg
97.09.30 10:06 B D:\LouisRoehrs\crossword\images\cwbgwcw.jpg --> ed.webtv.net /usr/home/tpark/public_html/louis/crossword/images cwbgwcw.jpg
97.09.30 10:06 B D:\LouisRoehrs\crossword\images\cwbgwocw.jpg --> ed.webtv.net /usr/home/tpark/public_html/louis/crossword/images cwbgwocw.jpg
97.09.30 10:06 B D:\LouisRoehrs\crossword\images\cwsidebar.gif --> ed.webtv.net /usr/home/tpark/public_html/louis/crossword/images cwsidebar.gif
97.09.30 10:06 B D:\LouisRoehrs\crossword\images\logo.gif --> ed.webtv.net /usr/home/tpark/public_html/louis/crossword/images logo.gif
97.09.30 10:06 B D:\LouisRoehrs\crossword\images\MOREINFO.GIF --> ed.webtv.net /usr/home/tpark/public_html/louis/crossword/images MOREINFO.GIF
97.09.30 10:06 B D:\LouisRoehrs\crossword\images\next.gif --> ed.webtv.net /usr/home/tpark/public_html/louis/crossword/images next.gif
97.09.30 10:06 B D:\LouisRoehrs\crossword\images\play.gif --> ed.webtv.net /usr/home/tpark/public_html/louis/crossword/images play.gif
97.09.30 10:06 B D:\LouisRoehrs\crossword\images\starplay.gif --> ed.webtv.net /usr/home/tpark/public_html/louis/crossword/images starplay.gif
97.09.30 10:06 B D:\LouisRoehrs\crossword\images\WS_FTP.LOG --> ed.webtv.net /usr/home/tpark/public_html/louis/crossword/images WS_FTP.LOG
97.10.13 12:26 B D:\LouisRoehrs\crossword\images\background.jpg --> vp2.netgate.net /u1/vhome/louis/www/wtv/crossword/images background.jpg
97.10.13 12:26 B D:\LouisRoehrs\crossword\images\button.gif --> vp2.netgate.net /u1/vhome/louis/www/wtv/crossword/images button.gif
97.10.13 12:26 B D:\LouisRoehrs\crossword\images\cw.gif --> vp2.netgate.net /u1/vhome/louis/www/wtv/crossword/images cw.gif
97.10.13 12:26 B D:\LouisRoehrs\crossword\images\cw.jpg --> vp2.netgate.net /u1/vhome/louis/www/wtv/crossword/images cw.jpg
97.10.13 12:26 B D:\LouisRoehrs\crossword\images\cw2.gif --> vp2.netgate.net /u1/vhome/louis/www/wtv/crossword/images cw2.gif
97.10.13 12:26 B D:\LouisRoehrs\crossword\images\cw2.jpg --> vp2.netgate.net /u1/vhome/louis/www/wtv/crossword/images cw2.jpg
97.10.13 12:26 B D:\LouisRoehrs\crossword\images\cwbgwcw.jpg --> vp2.netgate.net /u1/vhome/louis/www/wtv/crossword/images cwbgwcw.jpg
97.10.13 12:26 B D:\LouisRoehrs\crossword\images\cwbgwocw.jpg --> vp2.netgate.net /u1/vhome/louis/www/wtv/crossword/images cwbgwocw.jpg
97.10.13 12:26 B D:\LouisRoehrs\crossword\images\cwsidebar.gif --> vp2.netgate.net /u1/vhome/louis/www/wtv/crossword/images cwsidebar.gif
97.10.13 12:26 B D:\LouisRoehrs\crossword\images\logo.gif --> vp2.netgate.net /u1/vhome/louis/www/wtv/crossword/images logo.gif
97.10.13 12:26 B D:\LouisRoehrs\crossword\images\MOREINFO.GIF --> vp2.netgate.net /u1/vhome/louis/www/wtv/crossword/images MOREINFO.GIF
97.10.13 12:26 B D:\LouisRoehrs\crossword\images\next.gif --> vp2.netgate.net /u1/vhome/louis/www/wtv/crossword/images next.gif
97.10.13 12:26 B D:\LouisRoehrs\crossword\images\play.gif --> vp2.netgate.net /u1/vhome/louis/www/wtv/crossword/images play.gif
97.10.13 12:26 B D:\LouisRoehrs\crossword\images\starplay.gif --> vp2.netgate.net /u1/vhome/louis/www/wtv/crossword/images starplay.gif
97.10.13 12:26 B D:\LouisRoehrs\crossword\images\WS_FTP.LOG --> vp2.netgate.net /u1/vhome/louis/www/wtv/crossword/images WS_FTP.LOG
97.10.21 19:50 B D:\LouisRoehrs\crossword\images\background.jpg --> vp2.netgate.net /u1/vhome/louis/www/wtv/crossword/images background.jpg
97.10.21 19:50 B D:\LouisRoehrs\crossword\images\button.gif --> vp2.netgate.net /u1/vhome/louis/www/wtv/crossword/images button.gif
97.10.21 19:50 B D:\LouisRoehrs\crossword\images\cw.gif --> vp2.netgate.net /u1/vhome/louis/www/wtv/crossword/images cw.gif
97.10.21 19:50 B D:\LouisRoehrs\crossword\images\cw.jpg --> vp2.netgate.net /u1/vhome/louis/www/wtv/crossword/images cw.jpg
97.10.21 19:50 B D:\LouisRoehrs\crossword\images\cw2.gif --> vp2.netgate.net /u1/vhome/louis/www/wtv/crossword/images cw2.gif
97.10.21 19:51 B D:\LouisRoehrs\crossword\images\cw2.jpg --> vp2.netgate.net /u1/vhome/louis/www/wtv/crossword/images cw2.jpg
97.10.21 19:51 B D:\LouisRoehrs\crossword\images\cwbgwcw.jpg --> vp2.netgate.net /u1/vhome/louis/www/wtv/crossword/images cwbgwcw.jpg
97.10.21 19:51 B D:\LouisRoehrs\crossword\images\cwbgwocw.jpg --> vp2.netgate.net /u1/vhome/louis/www/wtv/crossword/images cwbgwocw.jpg
97.10.21 19:51 B D:\LouisRoehrs\crossword\images\cwsidebar.gif --> vp2.netgate.net /u1/vhome/louis/www/wtv/crossword/images cwsidebar.gif
97.10.21 19:51 B D:\LouisRoehrs\crossword\images\logo.gif --> vp2.netgate.net /u1/vhome/louis/www/wtv/crossword/images logo.gif
97.10.21 19:51 B D:\LouisRoehrs\crossword\images\MOREINFO.GIF --> vp2.netgate.net /u1/vhome/louis/www/wtv/crossword/images MOREINFO.GIF
97.10.21 19:51 B D:\LouisRoehrs\crossword\images\next.gif --> vp2.netgate.net /u1/vhome/louis/www/wtv/crossword/images next.gif
97.10.21 19:51 B D:\LouisRoehrs\crossword\images\play.gif --> vp2.netgate.net /u1/vhome/louis/www/wtv/crossword/images play.gif
97.10.21 19:51 B D:\LouisRoehrs\crossword\images\starplay.gif --> vp2.netgate.net /u1/vhome/louis/www/wtv/crossword/images starplay.gif
97.10.21 19:51 B D:\LouisRoehrs\crossword\images\WS_FTP.LOG --> vp2.netgate.net /u1/vhome/louis/www/wtv/crossword/images WS_FTP.LOG
97.10.24 18:28 B D:\LouisRoehrs\crossword\images\background.jpg --> vp2.netgate.net /u1/vhome/louis/www/wtv/crossword/images background.jpg
97.10.24 18:28 B D:\LouisRoehrs\crossword\images\button.gif --> vp2.netgate.net /u1/vhome/louis/www/wtv/crossword/images button.gif
97.10.24 18:28 B D:\LouisRoehrs\crossword\images\cw.gif --> vp2.netgate.net /u1/vhome/louis/www/wtv/crossword/images cw.gif
97.10.24 18:28 B D:\LouisRoehrs\crossword\images\cw.jpg --> vp2.netgate.net /u1/vhome/louis/www/wtv/crossword/images cw.jpg
97.10.24 18:28 B D:\LouisRoehrs\crossword\images\cw2.gif --> vp2.netgate.net /u1/vhome/louis/www/wtv/crossword/images cw2.gif
97.10.24 18:28 B D:\LouisRoehrs\crossword\images\cw2.jpg --> vp2.netgate.net /u1/vhome/louis/www/wtv/crossword/images cw2.jpg
97.10.24 18:28 B D:\LouisRoehrs\crossword\images\cwbgwcw.jpg --> vp2.netgate.net /u1/vhome/louis/www/wtv/crossword/images cwbgwcw.jpg
97.10.24 18:28 B D:\LouisRoehrs\crossword\images\cwbgwocw.jpg --> vp2.netgate.net /u1/vhome/louis/www/wtv/crossword/images cwbgwocw.jpg
97.10.24 18:28 B D:\LouisRoehrs\crossword\images\cwsidebar.gif --> vp2.netgate.net /u1/vhome/louis/www/wtv/crossword/images cwsidebar.gif
97.10.24 18:28 B D:\LouisRoehrs\crossword\images\logo.gif --> vp2.netgate.net /u1/vhome/louis/www/wtv/crossword/images logo.gif
97.10.24 18:28 B D:\LouisRoehrs\crossword\images\MOREINFO.GIF --> vp2.netgate.net /u1/vhome/louis/www/wtv/crossword/images MOREINFO.GIF
97.10.24 18:28 B D:\LouisRoehrs\crossword\images\next.gif --> vp2.netgate.net /u1/vhome/louis/www/wtv/crossword/images next.gif
97.10.24 18:28 B D:\LouisRoehrs\crossword\images\play.gif --> vp2.netgate.net /u1/vhome/louis/www/wtv/crossword/images play.gif
97.10.24 18:28 B D:\LouisRoehrs\crossword\images\starplay.gif --> vp2.netgate.net /u1/vhome/louis/www/wtv/crossword/images starplay.gif
98.01.14 14:14 B C:\Louis\crossword\images\WS_FTP.LOG <-- woofie /u1/vhome/louis/www/wtv/crossword/images WS_FTP.LOG
98.01.22 18:10 B C:\Louis\crossword\images\background.jpg --> homeless.artemis.com /home/content/webtv.disco/content/explore2d/programming/crossword/images background.jpg
98.01.22 18:10 B C:\Louis\crossword\images\button.gif --> homeless.artemis.com /home/content/webtv.disco/content/explore2d/programming/crossword/images button.gif
98.01.22 18:10 B C:\Louis\crossword\images\cw.gif --> homeless.artemis.com /home/content/webtv.disco/content/explore2d/programming/crossword/images cw.gif
98.01.22 18:10 B C:\Louis\crossword\images\cw.jpg --> homeless.artemis.com /home/content/webtv.disco/content/explore2d/programming/crossword/images cw.jpg
98.01.22 18:10 B C:\Louis\crossword\images\cw2.gif --> homeless.artemis.com /home/content/webtv.disco/content/explore2d/programming/crossword/images cw2.gif
98.01.22 18:10 B C:\Louis\crossword\images\cw2.jpg --> homeless.artemis.com /home/content/webtv.disco/content/explore2d/programming/crossword/images cw2.jpg
98.01.22 18:10 B C:\Louis\crossword\images\cwbgwcw.jpg --> homeless.artemis.com /home/content/webtv.disco/content/explore2d/programming/crossword/images cwbgwcw.jpg
98.01.22 18:10 B C:\Louis\crossword\images\cwbgwocw.jpg --> homeless.artemis.com /home/content/webtv.disco/content/explore2d/programming/crossword/images cwbgwocw.jpg
98.01.22 18:10 B C:\Louis\crossword\images\cwsidebar.gif --> homeless.artemis.com /home/content/webtv.disco/content/explore2d/programming/crossword/images cwsidebar.gif
98.01.22 18:10 B C:\Louis\crossword\images\logo.gif --> homeless.artemis.com /home/content/webtv.disco/content/explore2d/programming/crossword/images logo.gif
98.01.22 18:10 B C:\Louis\crossword\images\MOREINFO.GIF --> homeless.artemis.com /home/content/webtv.disco/content/explore2d/programming/crossword/images MOREINFO.GIF
98.01.22 18:10 B C:\Louis\crossword\images\next.gif --> homeless.artemis.com /home/content/webtv.disco/content/explore2d/programming/crossword/images next.gif
98.01.22 18:10 B C:\Louis\crossword\images\play.gif --> homeless.artemis.com /home/content/webtv.disco/content/explore2d/programming/crossword/images play.gif
98.01.22 18:10 B C:\Louis\crossword\images\starplay.gif --> homeless.artemis.com /home/content/webtv.disco/content/explore2d/programming/crossword/images starplay.gif
98.01.22 18:10 B C:\Louis\crossword\images\WS_FTP.LOG --> homeless.artemis.com /home/content/webtv.disco/content/explore2d/programming/crossword/images WS_FTP.LOG
98.01.26 17:02 B C:\Louis\crossword\images\background.jpg --> www.woofie.com /u1/vhome/louis/www/wtv/crossword/images background.jpg
98.01.26 17:02 B C:\Louis\crossword\images\button.gif --> www.woofie.com /u1/vhome/louis/www/wtv/crossword/images button.gif
98.01.26 17:02 B C:\Louis\crossword\images\cw.gif --> www.woofie.com /u1/vhome/louis/www/wtv/crossword/images cw.gif
98.01.26 17:02 B C:\Louis\crossword\images\cw.jpg --> www.woofie.com /u1/vhome/louis/www/wtv/crossword/images cw.jpg
98.01.26 17:02 B C:\Louis\crossword\images\cw2.gif --> www.woofie.com /u1/vhome/louis/www/wtv/crossword/images cw2.gif
98.01.26 17:02 B C:\Louis\crossword\images\cw2.jpg --> www.woofie.com /u1/vhome/louis/www/wtv/crossword/images cw2.jpg
98.01.26 17:02 B C:\Louis\crossword\images\cwbgwcw.jpg --> www.woofie.com /u1/vhome/louis/www/wtv/crossword/images cwbgwcw.jpg
98.01.26 17:02 B C:\Louis\crossword\images\cwbgwocw.jpg --> www.woofie.com /u1/vhome/louis/www/wtv/crossword/images cwbgwocw.jpg
98.01.26 17:02 B C:\Louis\crossword\images\cwsidebar.gif --> www.woofie.com /u1/vhome/louis/www/wtv/crossword/images cwsidebar.gif
98.01.26 17:02 B C:\Louis\crossword\images\logo.gif --> www.woofie.com /u1/vhome/louis/www/wtv/crossword/images logo.gif
98.01.26 17:02 B C:\Louis\crossword\images\MOREINFO.GIF --> www.woofie.com /u1/vhome/louis/www/wtv/crossword/images MOREINFO.GIF
98.01.26 17:02 B C:\Louis\crossword\images\next.gif --> www.woofie.com /u1/vhome/louis/www/wtv/crossword/images next.gif
98.01.26 17:02 B C:\Louis\crossword\images\play.gif --> www.woofie.com /u1/vhome/louis/www/wtv/crossword/images play.gif
98.01.26 17:02 B C:\Louis\crossword\images\starplay.gif --> www.woofie.com /u1/vhome/louis/www/wtv/crossword/images starplay.gif
