97.10.13 16:22 B D:\LouisRoehrs\arcade\arcade.gif --> vp2.netgate.net /u1/vhome/louis/www/wtv/arcade arcade.gif
97.10.13 16:22 B D:\LouisRoehrs\arcade\software.GIF --> vp2.netgate.net /u1/vhome/louis/www/wtv/arcade software.GIF
97.10.13 16:54 B D:\LouisRoehrs\arcade\arcade.html --> vp2.netgate.net /u1/vhome/louis/www/wtv/arcade arcade.html
97.10.13 16:55 B D:\LouisRoehrs\arcade\arcade.html --> vp2.netgate.net /u1/vhome/louis/www/wtv/arcade arcade.html
97.10.13 16:57 B D:\LouisRoehrs\arcade\arcade.html --> vp2.netgate.net /u1/vhome/louis/www/wtv/arcade arcade.html
97.10.13 16:57 B D:\LouisRoehrs\arcade\1x1red.gif --> vp2.netgate.net /u1/vhome/louis/www/wtv/arcade 1x1red.gif
97.10.13 17:02 B D:\LouisRoehrs\arcade\arcade.gif --> vp2.netgate.net /u1/vhome/louis/www/wtv/arcade arcade.gif
97.10.13 17:04 B D:\LouisRoehrs\arcade\Arcade.gif <-- AWoofie /u1/vhome/louis/www/Friday/Dev1/apps/games Arcade.gif
97.10.13 17:07 B D:\LouisRoehrs\arcade\arcade.gif --> vp2.netgate.net /u1/vhome/louis/www/Friday/Dev1/apps/games arcade.gif
97.10.13 17:08 B D:\LouisRoehrs\arcade\arcade.gif --> vp2.netgate.net /u1/vhome/louis/www/wtv/arcade arcade.gif
97.10.13 17:22 B D:\LouisRoehrs\arcade\webtvarcade.jpg --> vp2.netgate.net /u1/vhome/louis/www/wtv/arcade webtvarcade.jpg
97.10.13 17:22 B D:\LouisRoehrs\arcade\arcade.html --> vp2.netgate.net /u1/vhome/louis/www/wtv/arcade arcade.html
97.10.13 17:24 B D:\LouisRoehrs\arcade\webtvarcade.jpg --> vp2.netgate.net /u1/vhome/louis/www/wtv/arcade webtvarcade.jpg
97.10.13 17:24 B D:\LouisRoehrs\arcade\arcade.html --> vp2.netgate.net /u1/vhome/louis/www/wtv/arcade arcade.html
97.10.13 17:26 B D:\LouisRoehrs\arcade\webtvarcade.jpg --> vp2.netgate.net /u1/vhome/louis/www/wtv/arcade webtvarcade.jpg
97.10.13 17:27 B D:\LouisRoehrs\arcade\webtvarcade.jpg --> vp2.netgate.net /u1/vhome/louis/www/wtv/arcade webtvarcade.jpg
97.10.13 17:33 B D:\LouisRoehrs\arcade\webtvarcade.jpg --> vp2.netgate.net /u1/vhome/louis/www/wtv/arcade webtvarcade.jpg
97.10.13 17:34 B D:\LouisRoehrs\arcade\arcade.html --> vp2.netgate.net /u1/vhome/louis/www/wtv/arcade arcade.html
97.10.13 17:43 B D:\LouisRoehrs\arcade\arcade.html --> vp2.netgate.net /u1/vhome/louis/www/wtv/arcade arcade.html
97.10.13 17:44 B D:\LouisRoehrs\arcade\arcade.html --> vp2.netgate.net /u1/vhome/louis/www/wtv/arcade arcade.html
97.10.13 17:47 B D:\LouisRoehrs\arcade\arcade.html --> vp2.netgate.net /u1/vhome/louis/www/wtv/arcade arcade.html
97.10.13 17:48 B D:\LouisRoehrs\arcade\arcade.html --> vp2.netgate.net /u1/vhome/louis/www/wtv/arcade arcade.html
97.10.13 17:49 B D:\LouisRoehrs\arcade\arcade.html --> vp2.netgate.net /u1/vhome/louis/www/wtv/arcade arcade.html
97.10.13 17:50 B D:\LouisRoehrs\arcade\arcade.html --> vp2.netgate.net /u1/vhome/louis/www/wtv/arcade arcade.html
97.10.13 17:52 B D:\LouisRoehrs\arcade\arcade.html --> vp2.netgate.net /u1/vhome/louis/www/wtv/arcade arcade.html
97.10.13 17:53 B D:\LouisRoehrs\arcade\arcade.html --> vp2.netgate.net /u1/vhome/louis/www/wtv/arcade arcade.html
97.10.13 17:54 B D:\LouisRoehrs\arcade\arcade.html --> vp2.netgate.net /u1/vhome/louis/www/wtv/arcade arcade.html
97.10.13 17:55 B D:\LouisRoehrs\arcade\arcade.html --> vp2.netgate.net /u1/vhome/louis/www/wtv/arcade arcade.html
97.10.13 17:56 B D:\LouisRoehrs\arcade\arcade.html --> vp2.netgate.net /u1/vhome/louis/www/wtv/arcade arcade.html
97.10.13 17:58 B D:\LouisRoehrs\arcade\arcade.html --> vp2.netgate.net /u1/vhome/louis/www/wtv/arcade arcade.html
97.10.13 17:59 B D:\LouisRoehrs\arcade\arcade.html --> vp2.netgate.net /u1/vhome/louis/www/wtv/arcade arcade.html
97.10.13 18:02 B D:\LouisRoehrs\arcade\arcade.html --> vp2.netgate.net /u1/vhome/louis/www/wtv/arcade arcade.html
97.10.13 18:05 B D:\LouisRoehrs\arcade\arcade.html --> vp2.netgate.net /u1/vhome/louis/www/wtv/arcade arcade.html
97.10.13 18:05 B D:\LouisRoehrs\arcade\arcade.html --> vp2.netgate.net /u1/vhome/louis/www/wtv/arcade arcade.html
97.10.13 18:06 B D:\LouisRoehrs\arcade\arcade.html --> vp2.netgate.net /u1/vhome/louis/www/wtv/arcade arcade.html
97.10.13 18:08 B D:\LouisRoehrs\arcade\arcade.html --> vp2.netgate.net /u1/vhome/louis/www/wtv/arcade arcade.html
97.10.13 18:09 B D:\LouisRoehrs\arcade\spacer.gif --> vp2.netgate.net /u1/vhome/louis/www/wtv/arcade spacer.gif
97.10.13 18:09 B D:\LouisRoehrs\arcade\minesweeper.gif --> vp2.netgate.net /u1/vhome/louis/www/wtv/arcade minesweeper.gif
97.10.13 18:09 B D:\LouisRoehrs\arcade\arcade.html --> vp2.netgate.net /u1/vhome/louis/www/wtv/arcade arcade.html
97.10.13 19:04 B D:\LouisRoehrs\arcade\arcade.html --> vp2.netgate.net /u1/vhome/louis/www/wtv/arcade arcade.html
97.10.13 19:06 B D:\LouisRoehrs\arcade\arcade.html --> vp2.netgate.net /u1/vhome/louis/www/wtv/arcade arcade.html
97.10.13 19:09 B D:\LouisRoehrs\arcade\arcade.html --> vp2.netgate.net /u1/vhome/louis/www/wtv/arcade arcade.html
97.10.13 19:10 B D:\LouisRoehrs\arcade\arcade.html --> vp2.netgate.net /u1/vhome/louis/www/wtv/arcade arcade.html
97.10.13 19:12 B D:\LouisRoehrs\arcade\arcade.html --> vp2.netgate.net /u1/vhome/louis/www/wtv/arcade arcade.html
97.10.13 19:15 B D:\LouisRoehrs\arcade\arcade.html --> vp2.netgate.net /u1/vhome/louis/www/wtv/arcade arcade.html
97.10.13 19:18 B D:\LouisRoehrs\arcade\arcade.html --> vp2.netgate.net /u1/vhome/louis/www/wtv/arcade arcade.html
97.10.13 19:20 B D:\LouisRoehrs\arcade\arcade.html --> vp2.netgate.net /u1/vhome/louis/www/wtv/arcade arcade.html
97.10.13 19:22 B D:\LouisRoehrs\arcade\arcade.html --> vp2.netgate.net /u1/vhome/louis/www/wtv/arcade arcade.html
97.10.13 19:22 B D:\LouisRoehrs\arcade\arcade.html --> vp2.netgate.net /u1/vhome/louis/www/wtv/arcade arcade.html
97.10.13 19:23 B D:\LouisRoehrs\arcade\arcade.html --> vp2.netgate.net /u1/vhome/louis/www/wtv/arcade arcade.html
97.10.13 19:23 B D:\LouisRoehrs\arcade\arcade.html --> vp2.netgate.net /u1/vhome/louis/www/wtv/arcade arcade.html
97.10.13 19:25 B D:\LouisRoehrs\arcade\arcade.html --> vp2.netgate.net /u1/vhome/louis/www/wtv/arcade arcade.html
97.10.13 19:26 B D:\LouisRoehrs\arcade\arcade.html --> vp2.netgate.net /u1/vhome/louis/www/wtv/arcade arcade.html
97.10.13 19:27 B D:\LouisRoehrs\arcade\arcade.html --> vp2.netgate.net /u1/vhome/louis/www/wtv/arcade arcade.html
97.10.13 19:28 B D:\LouisRoehrs\arcade\arcade.html --> vp2.netgate.net /u1/vhome/louis/www/wtv/arcade arcade.html
97.10.13 19:30 B D:\LouisRoehrs\arcade\arcade.html --> vp2.netgate.net /u1/vhome/louis/www/wtv/arcade arcade.html
97.10.13 19:31 B D:\LouisRoehrs\arcade\arcade.html --> vp2.netgate.net /u1/vhome/louis/www/wtv/arcade arcade.html
97.10.13 19:32 B D:\LouisRoehrs\arcade\arcade.html --> vp2.netgate.net /u1/vhome/louis/www/wtv/arcade arcade.html
97.10.13 19:58 B D:\LouisRoehrs\arcade\arcade.html --> vp2.netgate.net /u1/vhome/louis/www/wtv/arcade arcade.html
97.10.13 19:58 B D:\LouisRoehrs\arcade\crossword.html --> vp2.netgate.net /u1/vhome/louis/www/wtv/arcade crossword.html
97.10.13 19:58 B D:\LouisRoehrs\arcade\minesweeper.html --> vp2.netgate.net /u1/vhome/louis/www/wtv/arcade minesweeper.html
97.10.13 19:59 B D:\LouisRoehrs\arcade\minesweeper.gif --> vp2.netgate.net /u1/vhome/louis/www/wtv/arcade minesweeper.gif
97.10.13 19:59 B D:\LouisRoehrs\arcade\crossword.gif --> vp2.netgate.net /u1/vhome/louis/www/wtv/arcade crossword.gif
97.10.13 19:59 B D:\LouisRoehrs\arcade\trivia.gif --> vp2.netgate.net /u1/vhome/louis/www/wtv/arcade trivia.gif
97.10.13 19:59 B D:\LouisRoehrs\arcade\trivia.html --> vp2.netgate.net /u1/vhome/louis/www/wtv/arcade trivia.html
97.10.13 19:59 B D:\LouisRoehrs\arcade\triviatask.gif --> vp2.netgate.net /u1/vhome/louis/www/wtv/arcade triviatask.gif
97.10.13 19:59 B D:\LouisRoehrs\arcade\wordfind.gif --> vp2.netgate.net /u1/vhome/louis/www/wtv/arcade wordfind.gif
97.10.13 19:59 B D:\LouisRoehrs\arcade\wordfind.html --> vp2.netgate.net /u1/vhome/louis/www/wtv/arcade wordfind.html
97.10.13 20:01 B D:\LouisRoehrs\arcade\wordfind.html --> vp2.netgate.net /u1/vhome/louis/www/wtv/arcade wordfind.html
97.10.13 20:03 B D:\LouisRoehrs\arcade\wordfind.html --> vp2.netgate.net /u1/vhome/louis/www/wtv/arcade wordfind.html
97.10.13 20:03 B D:\LouisRoehrs\arcade\trivia.html --> vp2.netgate.net /u1/vhome/louis/www/wtv/arcade trivia.html
97.10.13 20:03 B D:\LouisRoehrs\arcade\minesweeper.html --> vp2.netgate.net /u1/vhome/louis/www/wtv/arcade minesweeper.html
97.10.13 20:03 B D:\LouisRoehrs\arcade\crossword.html --> vp2.netgate.net /u1/vhome/louis/www/wtv/arcade crossword.html
97.10.13 20:05 B D:\LouisRoehrs\arcade\wordfind.html --> vp2.netgate.net /u1/vhome/louis/www/wtv/arcade wordfind.html
97.10.13 20:05 B D:\LouisRoehrs\arcade\wordfind.html --> vp2.netgate.net /u1/vhome/louis/www/wtv/arcade wordfind.html
97.10.13 20:05 B D:\LouisRoehrs\arcade\trivia.html --> vp2.netgate.net /u1/vhome/louis/www/wtv/arcade trivia.html
97.10.13 20:06 B D:\LouisRoehrs\arcade\minesweeper.html --> vp2.netgate.net /u1/vhome/louis/www/wtv/arcade minesweeper.html
97.10.13 20:06 B D:\LouisRoehrs\arcade\crossword.html --> vp2.netgate.net /u1/vhome/louis/www/wtv/arcade crossword.html
97.10.13 20:13 B D:\LouisRoehrs\arcade\crossword.html --> vp2.netgate.net /u1/vhome/louis/www/wtv/arcade crossword.html
97.10.13 20:13 B D:\LouisRoehrs\arcade\minesweeper.html --> vp2.netgate.net /u1/vhome/louis/www/wtv/arcade minesweeper.html
97.10.13 20:13 B D:\LouisRoehrs\arcade\arcade.html --> vp2.netgate.net /u1/vhome/louis/www/wtv/arcade arcade.html
97.10.13 20:13 B D:\LouisRoehrs\arcade\trivia.html --> vp2.netgate.net /u1/vhome/louis/www/wtv/arcade trivia.html
97.10.13 20:13 B D:\LouisRoehrs\arcade\wordfind.html --> vp2.netgate.net /u1/vhome/louis/www/wtv/arcade wordfind.html
97.10.13 20:13 B D:\LouisRoehrs\arcade\newbell3.mid --> vp2.netgate.net /u1/vhome/louis/www/wtv/arcade newbell3.mid
97.10.13 20:17 B D:\LouisRoehrs\arcade\newbell3.mid --> vp2.netgate.net /u1/vhome/louis/www/wtv/arcade newbell3.mid
97.10.13 20:30 B D:\LouisRoehrs\arcade\arcade.html --> vp2.netgate.net /u1/vhome/louis/www/wtv/arcade arcade.html
97.10.13 20:36 B D:\LouisRoehrs\arcade\arcade.html --> vp2.netgate.net /u1/vhome/louis/www/wtv/arcade arcade.html
97.10.13 20:38 B D:\LouisRoehrs\arcade\arcade.html --> vp2.netgate.net /u1/vhome/louis/www/wtv/arcade arcade.html
97.10.13 20:39 B D:\LouisRoehrs\arcade\arcade.html --> vp2.netgate.net /u1/vhome/louis/www/wtv/arcade arcade.html
97.10.13 20:40 B D:\LouisRoehrs\arcade\arcade.html --> vp2.netgate.net /u1/vhome/louis/www/wtv/arcade arcade.html
97.10.13 20:42 B D:\LouisRoehrs\arcade\newbell3.mid --> vp2.netgate.net /u1/vhome/louis/www/wtv/arcade newbell3.mid
97.10.13 20:48 B D:\LouisRoehrs\arcade\arcade.html --> vp2.netgate.net /u1/vhome/louis/www/wtv/arcade arcade.html
97.10.13 20:53 B D:\LouisRoehrs\arcade\teenwav.mid --> vp2.netgate.net /u1/vhome/louis/www/wtv/arcade teenwav.mid
97.10.13 20:54 B D:\LouisRoehrs\arcade\arcade.html --> vp2.netgate.net /u1/vhome/louis/www/wtv/arcade arcade.html
97.10.13 20:54 B D:\LouisRoehrs\arcade\arcade.html --> vp2.netgate.net /u1/vhome/louis/www/wtv/arcade arcade.html
97.10.13 20:56 B D:\LouisRoehrs\arcade\teenwav.zip --> vp2.netgate.net /u1/vhome/louis/www/wtv/arcade teenwav.zip
97.10.13 20:59 B D:\LouisRoehrs\arcade\teenwav.zip --> vp2.netgate.net /u1/vhome/louis/www/wtv/arcade teenwav.zip
97.10.13 20:59 B D:\LouisRoehrs\arcade\arcade.html --> vp2.netgate.net /u1/vhome/louis/www/wtv/arcade arcade.html
97.10.13 21:02 B D:\LouisRoehrs\arcade\arcade.html --> vp2.netgate.net /u1/vhome/louis/www/wtv/arcade arcade.html
97.10.13 21:05 B D:\LouisRoehrs\arcade\arcade.html --> vp2.netgate.net /u1/vhome/louis/www/wtv/arcade arcade.html
97.10.13 21:08 B D:\LouisRoehrs\arcade\arcade.html --> vp2.netgate.net /u1/vhome/louis/www/wtv/arcade arcade.html
97.10.13 21:08 B D:\LouisRoehrs\arcade\arcade.html --> vp2.netgate.net /u1/vhome/louis/www/wtv/arcade arcade.html
97.10.13 21:11 B D:\LouisRoehrs\arcade\arcade.html --> vp2.netgate.net /u1/vhome/louis/www/wtv/arcade arcade.html
97.10.13 21:13 B D:\LouisRoehrs\arcade\arcade.html --> vp2.netgate.net /u1/vhome/louis/www/wtv/arcade arcade.html
97.10.13 21:14 B D:\LouisRoehrs\arcade\arcade.html --> vp2.netgate.net /u1/vhome/louis/www/wtv/arcade arcade.html
97.10.13 21:15 B D:\LouisRoehrs\arcade\arcade.html --> vp2.netgate.net /u1/vhome/louis/www/wtv/arcade arcade.html
97.10.14 03:19 B D:\LouisRoehrs\arcade\arcade.html --> vp2.netgate.net /u1/vhome/louis/www/wtv/arcade arcade.html
97.10.14 03:20 B D:\LouisRoehrs\arcade\arcade.html --> vp2.netgate.net /u1/vhome/louis/www/wtv/arcade arcade.html
97.10.14 03:21 B D:\LouisRoehrs\arcade\arcade.html --> vp2.netgate.net /u1/vhome/louis/www/wtv/arcade arcade.html
97.10.14 03:22 B D:\LouisRoehrs\arcade\arcade.html --> vp2.netgate.net /u1/vhome/louis/www/wtv/arcade arcade.html
97.10.14 03:27 B D:\LouisRoehrs\arcade\stripes.gif --> vp2.netgate.net /u1/vhome/louis/www/wtv/arcade stripes.gif
97.10.14 03:27 B D:\LouisRoehrs\arcade\nastyblinking.html --> vp2.netgate.net /u1/vhome/louis/www/wtv/arcade nastyblinking.html
97.10.14 03:28 B D:\LouisRoehrs\arcade\blackandwhite.gif --> vp2.netgate.net /u1/vhome/louis/www/wtv/arcade blackandwhite.gif
97.10.14 03:28 B D:\LouisRoehrs\arcade\nastyblinking2.html --> vp2.netgate.net /u1/vhome/louis/www/wtv/arcade nastyblinking2.html
97.10.14 03:30 B D:\LouisRoehrs\arcade\arcade.html --> vp2.netgate.net /u1/vhome/louis/www/wtv/arcade arcade.html
97.10.16 15:29 B D:\LouisRoehrs\arcade\arcade.html --> vp2.netgate.net /u1/vhome/louis/www/wtv/arcade arcade.html
97.10.16 15:32 B D:\LouisRoehrs\arcade\arcade.html --> vp2.netgate.net /u1/vhome/louis/www/wtv/arcade arcade.html
97.10.16 15:34 B D:\LouisRoehrs\arcade\arcade.html --> vp2.netgate.net /u1/vhome/louis/www/wtv/arcade arcade.html
97.10.16 15:35 B D:\LouisRoehrs\arcade\arcade.html --> vp2.netgate.net /u1/vhome/louis/www/wtv/arcade arcade.html
97.10.17 17:45 B D:\LouisRoehrs\arcade\1x1red.gif --> homeless.artemis.com /home/content/webtv.classical/content/explore2d/programming/demo/arcade 1x1red.gif
97.10.17 17:45 B D:\LouisRoehrs\arcade\arcade.gif --> homeless.artemis.com /home/content/webtv.classical/content/explore2d/programming/demo/arcade arcade.gif
97.10.17 17:45 B D:\LouisRoehrs\arcade\arcade.html --> homeless.artemis.com /home/content/webtv.classical/content/explore2d/programming/demo/arcade arcade.html
97.10.17 17:45 B D:\LouisRoehrs\arcade\arcade.tif --> homeless.artemis.com /home/content/webtv.classical/content/explore2d/programming/demo/arcade arcade.tif
97.10.17 17:45 B D:\LouisRoehrs\arcade\arcade.zip --> homeless.artemis.com /home/content/webtv.classical/content/explore2d/programming/demo/arcade arcade.zip
97.10.17 17:45 B D:\LouisRoehrs\arcade\blackandwhite.gif --> homeless.artemis.com /home/content/webtv.classical/content/explore2d/programming/demo/arcade blackandwhite.gif
97.10.17 17:45 B D:\LouisRoehrs\arcade\crossword.gif --> homeless.artemis.com /home/content/webtv.classical/content/explore2d/programming/demo/arcade crossword.gif
97.10.17 17:45 B D:\LouisRoehrs\arcade\crossword.html --> homeless.artemis.com /home/content/webtv.classical/content/explore2d/programming/demo/arcade crossword.html
97.10.17 17:45 B D:\LouisRoehrs\arcade\crossword.html.bak --> homeless.artemis.com /home/content/webtv.classical/content/explore2d/programming/demo/arcade crossword.html.bak
97.10.17 17:45 B D:\LouisRoehrs\arcade\minesweeper.gif --> homeless.artemis.com /home/content/webtv.classical/content/explore2d/programming/demo/arcade minesweeper.gif
97.10.17 17:45 B D:\LouisRoehrs\arcade\minesweeper.html --> homeless.artemis.com /home/content/webtv.classical/content/explore2d/programming/demo/arcade minesweeper.html
97.10.17 17:45 B D:\LouisRoehrs\arcade\minesweeper.html.bak --> homeless.artemis.com /home/content/webtv.classical/content/explore2d/programming/demo/arcade minesweeper.html.bak
97.10.17 17:45 B D:\LouisRoehrs\arcade\nastyblinking.html --> homeless.artemis.com /home/content/webtv.classical/content/explore2d/programming/demo/arcade nastyblinking.html
97.10.17 17:45 B D:\LouisRoehrs\arcade\nastyblinking2.html --> homeless.artemis.com /home/content/webtv.classical/content/explore2d/programming/demo/arcade nastyblinking2.html
97.10.17 17:45 B D:\LouisRoehrs\arcade\New-8.gif --> homeless.artemis.com /home/content/webtv.classical/content/explore2d/programming/demo/arcade New-8.gif
97.10.17 17:45 B D:\LouisRoehrs\arcade\newbell3.mid --> homeless.artemis.com /home/content/webtv.classical/content/explore2d/programming/demo/arcade newbell3.mid
97.10.17 17:45 B D:\LouisRoehrs\arcade\software.GIF --> homeless.artemis.com /home/content/webtv.classical/content/explore2d/programming/demo/arcade software.GIF
97.10.17 17:45 B D:\LouisRoehrs\arcade\softwaresized.tif --> homeless.artemis.com /home/content/webtv.classical/content/explore2d/programming/demo/arcade softwaresized.tif
97.10.17 17:45 B D:\LouisRoehrs\arcade\spacer.gif --> homeless.artemis.com /home/content/webtv.classical/content/explore2d/programming/demo/arcade spacer.gif
97.10.17 17:45 B D:\LouisRoehrs\arcade\stripes.gif --> homeless.artemis.com /home/content/webtv.classical/content/explore2d/programming/demo/arcade stripes.gif
97.10.17 17:45 B D:\LouisRoehrs\arcade\teenwav.mid --> homeless.artemis.com /home/content/webtv.classical/content/explore2d/programming/demo/arcade teenwav.mid
97.10.17 17:45 B D:\LouisRoehrs\arcade\teenwav.zip --> homeless.artemis.com /home/content/webtv.classical/content/explore2d/programming/demo/arcade teenwav.zip
97.10.17 17:45 B D:\LouisRoehrs\arcade\trivia.html --> homeless.artemis.com /home/content/webtv.classical/content/explore2d/programming/demo/arcade trivia.html
97.10.17 17:45 B D:\LouisRoehrs\arcade\trivia.html.bak --> homeless.artemis.com /home/content/webtv.classical/content/explore2d/programming/demo/arcade trivia.html.bak
97.10.17 17:45 B D:\LouisRoehrs\arcade\triviatask.gif --> homeless.artemis.com /home/content/webtv.classical/content/explore2d/programming/demo/arcade triviatask.gif
97.10.17 17:45 B D:\LouisRoehrs\arcade\webtvarcade.jpg --> homeless.artemis.com /home/content/webtv.classical/content/explore2d/programming/demo/arcade webtvarcade.jpg
97.10.17 17:45 B D:\LouisRoehrs\arcade\webtvarcade.tif --> homeless.artemis.com /home/content/webtv.classical/content/explore2d/programming/demo/arcade webtvarcade.tif
97.10.17 17:45 B D:\LouisRoehrs\arcade\webtvtrans.tif --> homeless.artemis.com /home/content/webtv.classical/content/explore2d/programming/demo/arcade webtvtrans.tif
97.10.17 17:45 B D:\LouisRoehrs\arcade\wordfind.gif --> homeless.artemis.com /home/content/webtv.classical/content/explore2d/programming/demo/arcade wordfind.gif
97.10.17 17:45 B D:\LouisRoehrs\arcade\wordfind.html --> homeless.artemis.com /home/content/webtv.classical/content/explore2d/programming/demo/arcade wordfind.html
97.10.17 17:45 B D:\LouisRoehrs\arcade\wordfind.html.bak --> homeless.artemis.com /home/content/webtv.classical/content/explore2d/programming/demo/arcade wordfind.html.bak
97.10.17 17:45 B D:\LouisRoehrs\arcade\WS_FTP.LOG --> homeless.artemis.com /home/content/webtv.classical/content/explore2d/programming/demo/arcade WS_FTP.LOG
97.10.17 17:50 B D:\LouisRoehrs\arcade\arcade.html --> homeless.artemis.com /home/content/webtv.classical/content/explore2d/programming/demo/arcade arcade.html
97.10.17 17:51 B D:\LouisRoehrs\arcade\1x1red.gif --> vp2.netgate.net /u1/vhome/louis/www/wtv/arcade 1x1red.gif
97.10.17 17:51 B D:\LouisRoehrs\arcade\arcade.gif --> vp2.netgate.net /u1/vhome/louis/www/wtv/arcade arcade.gif
97.10.17 17:51 B D:\LouisRoehrs\arcade\arcade.html --> vp2.netgate.net /u1/vhome/louis/www/wtv/arcade arcade.html
97.10.17 17:51 B D:\LouisRoehrs\arcade\arcade.tif --> vp2.netgate.net /u1/vhome/louis/www/wtv/arcade arcade.tif
97.10.17 17:51 B D:\LouisRoehrs\arcade\arcade.zip --> vp2.netgate.net /u1/vhome/louis/www/wtv/arcade arcade.zip
97.10.17 17:51 B D:\LouisRoehrs\arcade\blackandwhite.gif --> vp2.netgate.net /u1/vhome/louis/www/wtv/arcade blackandwhite.gif
97.10.17 17:51 B D:\LouisRoehrs\arcade\crossword.gif --> vp2.netgate.net /u1/vhome/louis/www/wtv/arcade crossword.gif
97.10.17 17:51 B D:\LouisRoehrs\arcade\crossword.html --> vp2.netgate.net /u1/vhome/louis/www/wtv/arcade crossword.html
97.10.17 17:51 B D:\LouisRoehrs\arcade\crossword.html.bak --> vp2.netgate.net /u1/vhome/louis/www/wtv/arcade crossword.html.bak
97.10.17 17:51 B D:\LouisRoehrs\arcade\minesweeper.gif --> vp2.netgate.net /u1/vhome/louis/www/wtv/arcade minesweeper.gif
97.10.17 17:51 B D:\LouisRoehrs\arcade\minesweeper.html --> vp2.netgate.net /u1/vhome/louis/www/wtv/arcade minesweeper.html
97.10.17 17:51 B D:\LouisRoehrs\arcade\minesweeper.html.bak --> vp2.netgate.net /u1/vhome/louis/www/wtv/arcade minesweeper.html.bak
97.10.17 17:51 B D:\LouisRoehrs\arcade\nastyblinking.html --> vp2.netgate.net /u1/vhome/louis/www/wtv/arcade nastyblinking.html
97.10.17 17:51 B D:\LouisRoehrs\arcade\nastyblinking2.html --> vp2.netgate.net /u1/vhome/louis/www/wtv/arcade nastyblinking2.html
97.10.17 17:51 B D:\LouisRoehrs\arcade\New-8.gif --> vp2.netgate.net /u1/vhome/louis/www/wtv/arcade New-8.gif
97.10.17 17:51 B D:\LouisRoehrs\arcade\newbell3.mid --> vp2.netgate.net /u1/vhome/louis/www/wtv/arcade newbell3.mid
97.10.17 17:51 B D:\LouisRoehrs\arcade\software.GIF --> vp2.netgate.net /u1/vhome/louis/www/wtv/arcade software.GIF
97.10.17 17:51 B D:\LouisRoehrs\arcade\softwaresized.tif --> vp2.netgate.net /u1/vhome/louis/www/wtv/arcade softwaresized.tif
97.10.17 17:51 B D:\LouisRoehrs\arcade\spacer.gif --> vp2.netgate.net /u1/vhome/louis/www/wtv/arcade spacer.gif
97.10.17 17:51 B D:\LouisRoehrs\arcade\stripes.gif --> vp2.netgate.net /u1/vhome/louis/www/wtv/arcade stripes.gif
97.10.17 17:51 B D:\LouisRoehrs\arcade\teenwav.mid --> vp2.netgate.net /u1/vhome/louis/www/wtv/arcade teenwav.mid
97.10.17 17:51 B D:\LouisRoehrs\arcade\teenwav.zip --> vp2.netgate.net /u1/vhome/louis/www/wtv/arcade teenwav.zip
97.10.17 17:51 B D:\LouisRoehrs\arcade\trivia.html --> vp2.netgate.net /u1/vhome/louis/www/wtv/arcade trivia.html
97.10.17 17:51 B D:\LouisRoehrs\arcade\trivia.html.bak --> vp2.netgate.net /u1/vhome/louis/www/wtv/arcade trivia.html.bak
97.10.17 17:51 B D:\LouisRoehrs\arcade\triviatask.gif --> vp2.netgate.net /u1/vhome/louis/www/wtv/arcade triviatask.gif
97.10.17 17:51 B D:\LouisRoehrs\arcade\webtvarcade.jpg --> vp2.netgate.net /u1/vhome/louis/www/wtv/arcade webtvarcade.jpg
97.10.17 17:51 B D:\LouisRoehrs\arcade\webtvarcade.tif --> vp2.netgate.net /u1/vhome/louis/www/wtv/arcade webtvarcade.tif
97.10.17 17:51 B D:\LouisRoehrs\arcade\webtvtrans.tif --> vp2.netgate.net /u1/vhome/louis/www/wtv/arcade webtvtrans.tif
97.10.17 17:51 B D:\LouisRoehrs\arcade\wordfind.gif --> vp2.netgate.net /u1/vhome/louis/www/wtv/arcade wordfind.gif
97.10.17 17:51 B D:\LouisRoehrs\arcade\wordfind.html --> vp2.netgate.net /u1/vhome/louis/www/wtv/arcade wordfind.html
97.10.17 17:51 B D:\LouisRoehrs\arcade\wordfind.html.bak --> vp2.netgate.net /u1/vhome/louis/www/wtv/arcade wordfind.html.bak
97.10.17 17:51 B D:\LouisRoehrs\arcade\WS_FTP.LOG --> vp2.netgate.net /u1/vhome/louis/www/wtv/arcade WS_FTP.LOG
97.10.17 17:53 B D:\LouisRoehrs\arcade\arcade.html --> vp2.netgate.net /u1/vhome/louis/www/wtv/arcade arcade.html
97.10.17 17:54 B D:\LouisRoehrs\arcade\arcade.html --> homeless.artemis.com /home/content/webtv.classical/content/explore2d/programming/demo/arcade arcade.html
97.10.21 19:50 B D:\LouisRoehrs\arcade\1x1red.gif --> vp2.netgate.net /u1/vhome/louis/www/wtv/arcade 1x1red.gif
97.10.21 19:50 B D:\LouisRoehrs\arcade\arcade.gif --> vp2.netgate.net /u1/vhome/louis/www/wtv/arcade arcade.gif
97.10.21 19:50 B D:\LouisRoehrs\arcade\arcade.html --> vp2.netgate.net /u1/vhome/louis/www/wtv/arcade arcade.html
97.10.21 19:50 B D:\LouisRoehrs\arcade\arcade.tif --> vp2.netgate.net /u1/vhome/louis/www/wtv/arcade arcade.tif
97.10.21 19:50 B D:\LouisRoehrs\arcade\arcade.zip --> vp2.netgate.net /u1/vhome/louis/www/wtv/arcade arcade.zip
97.10.21 19:50 B D:\LouisRoehrs\arcade\blackandwhite.gif --> vp2.netgate.net /u1/vhome/louis/www/wtv/arcade blackandwhite.gif
97.10.21 19:50 B D:\LouisRoehrs\arcade\crossword.gif --> vp2.netgate.net /u1/vhome/louis/www/wtv/arcade crossword.gif
97.10.21 19:50 B D:\LouisRoehrs\arcade\crossword.html --> vp2.netgate.net /u1/vhome/louis/www/wtv/arcade crossword.html
97.10.21 19:50 B D:\LouisRoehrs\arcade\crossword.html.bak --> vp2.netgate.net /u1/vhome/louis/www/wtv/arcade crossword.html.bak
97.10.21 19:50 B D:\LouisRoehrs\arcade\minesweeper.gif --> vp2.netgate.net /u1/vhome/louis/www/wtv/arcade minesweeper.gif
97.10.21 19:50 B D:\LouisRoehrs\arcade\minesweeper.html --> vp2.netgate.net /u1/vhome/louis/www/wtv/arcade minesweeper.html
97.10.21 19:50 B D:\LouisRoehrs\arcade\minesweeper.html.bak --> vp2.netgate.net /u1/vhome/louis/www/wtv/arcade minesweeper.html.bak
97.10.21 19:50 B D:\LouisRoehrs\arcade\nastyblinking.html --> vp2.netgate.net /u1/vhome/louis/www/wtv/arcade nastyblinking.html
97.10.21 19:50 B D:\LouisRoehrs\arcade\nastyblinking2.html --> vp2.netgate.net /u1/vhome/louis/www/wtv/arcade nastyblinking2.html
97.10.21 19:50 B D:\LouisRoehrs\arcade\New-8.gif --> vp2.netgate.net /u1/vhome/louis/www/wtv/arcade New-8.gif
97.10.21 19:50 B D:\LouisRoehrs\arcade\newbell3.mid --> vp2.netgate.net /u1/vhome/louis/www/wtv/arcade newbell3.mid
97.10.21 19:50 B D:\LouisRoehrs\arcade\software.GIF --> vp2.netgate.net /u1/vhome/louis/www/wtv/arcade software.GIF
97.10.21 19:50 B D:\LouisRoehrs\arcade\softwaresized.tif --> vp2.netgate.net /u1/vhome/louis/www/wtv/arcade softwaresized.tif
97.10.21 19:50 B D:\LouisRoehrs\arcade\spacer.gif --> vp2.netgate.net /u1/vhome/louis/www/wtv/arcade spacer.gif
97.10.21 19:50 B D:\LouisRoehrs\arcade\stripes.gif --> vp2.netgate.net /u1/vhome/louis/www/wtv/arcade stripes.gif
97.10.21 19:50 B D:\LouisRoehrs\arcade\teenwav.mid --> vp2.netgate.net /u1/vhome/louis/www/wtv/arcade teenwav.mid
97.10.21 19:50 B D:\LouisRoehrs\arcade\teenwav.zip --> vp2.netgate.net /u1/vhome/louis/www/wtv/arcade teenwav.zip
97.10.21 19:50 B D:\LouisRoehrs\arcade\trivia.html --> vp2.netgate.net /u1/vhome/louis/www/wtv/arcade trivia.html
97.10.21 19:50 B D:\LouisRoehrs\arcade\trivia.html.bak --> vp2.netgate.net /u1/vhome/louis/www/wtv/arcade trivia.html.bak
97.10.21 19:50 B D:\LouisRoehrs\arcade\triviatask.gif --> vp2.netgate.net /u1/vhome/louis/www/wtv/arcade triviatask.gif
97.10.21 19:50 B D:\LouisRoehrs\arcade\webtvarcade.jpg --> vp2.netgate.net /u1/vhome/louis/www/wtv/arcade webtvarcade.jpg
97.10.21 19:50 B D:\LouisRoehrs\arcade\webtvarcade.tif --> vp2.netgate.net /u1/vhome/louis/www/wtv/arcade webtvarcade.tif
97.10.21 19:50 B D:\LouisRoehrs\arcade\webtvtrans.tif --> vp2.netgate.net /u1/vhome/louis/www/wtv/arcade webtvtrans.tif
97.10.21 19:50 B D:\LouisRoehrs\arcade\wordfind.gif --> vp2.netgate.net /u1/vhome/louis/www/wtv/arcade wordfind.gif
97.10.21 19:50 B D:\LouisRoehrs\arcade\wordfind.html --> vp2.netgate.net /u1/vhome/louis/www/wtv/arcade wordfind.html
97.10.21 19:50 B D:\LouisRoehrs\arcade\wordfind.html.bak --> vp2.netgate.net /u1/vhome/louis/www/wtv/arcade wordfind.html.bak
97.10.21 19:50 B D:\LouisRoehrs\arcade\WS_FTP.LOG --> vp2.netgate.net /u1/vhome/louis/www/wtv/arcade WS_FTP.LOG
97.10.24 18:27 B D:\LouisRoehrs\arcade\1x1red.gif --> vp2.netgate.net /u1/vhome/louis/www/wtv/arcade 1x1red.gif
97.10.24 18:27 B D:\LouisRoehrs\arcade\arcade.gif --> vp2.netgate.net /u1/vhome/louis/www/wtv/arcade arcade.gif
97.10.24 18:27 B D:\LouisRoehrs\arcade\arcade.html --> vp2.netgate.net /u1/vhome/louis/www/wtv/arcade arcade.html
97.10.24 18:27 B D:\LouisRoehrs\arcade\arcade.tif --> vp2.netgate.net /u1/vhome/louis/www/wtv/arcade arcade.tif
97.10.24 18:27 B D:\LouisRoehrs\arcade\arcade.zip --> vp2.netgate.net /u1/vhome/louis/www/wtv/arcade arcade.zip
97.10.24 18:27 B D:\LouisRoehrs\arcade\blackandwhite.gif --> vp2.netgate.net /u1/vhome/louis/www/wtv/arcade blackandwhite.gif
97.10.24 18:27 B D:\LouisRoehrs\arcade\crossword.gif --> vp2.netgate.net /u1/vhome/louis/www/wtv/arcade crossword.gif
97.10.24 18:27 B D:\LouisRoehrs\arcade\crossword.html --> vp2.netgate.net /u1/vhome/louis/www/wtv/arcade crossword.html
97.10.24 18:27 B D:\LouisRoehrs\arcade\crossword.html.bak --> vp2.netgate.net /u1/vhome/louis/www/wtv/arcade crossword.html.bak
97.10.24 18:27 B D:\LouisRoehrs\arcade\minesweeper.gif --> vp2.netgate.net /u1/vhome/louis/www/wtv/arcade minesweeper.gif
97.10.24 18:27 B D:\LouisRoehrs\arcade\minesweeper.html --> vp2.netgate.net /u1/vhome/louis/www/wtv/arcade minesweeper.html
97.10.24 18:27 B D:\LouisRoehrs\arcade\minesweeper.html.bak --> vp2.netgate.net /u1/vhome/louis/www/wtv/arcade minesweeper.html.bak
97.10.24 18:27 B D:\LouisRoehrs\arcade\nastyblinking.html --> vp2.netgate.net /u1/vhome/louis/www/wtv/arcade nastyblinking.html
97.10.24 18:27 B D:\LouisRoehrs\arcade\nastyblinking2.html --> vp2.netgate.net /u1/vhome/louis/www/wtv/arcade nastyblinking2.html
97.10.24 18:27 B D:\LouisRoehrs\arcade\New-8.gif --> vp2.netgate.net /u1/vhome/louis/www/wtv/arcade New-8.gif
97.10.24 18:27 B D:\LouisRoehrs\arcade\newbell3.mid --> vp2.netgate.net /u1/vhome/louis/www/wtv/arcade newbell3.mid
97.10.24 18:27 B D:\LouisRoehrs\arcade\software.GIF --> vp2.netgate.net /u1/vhome/louis/www/wtv/arcade software.GIF
97.10.24 18:27 B D:\LouisRoehrs\arcade\softwaresized.tif --> vp2.netgate.net /u1/vhome/louis/www/wtv/arcade softwaresized.tif
97.10.24 18:27 B D:\LouisRoehrs\arcade\spacer.gif --> vp2.netgate.net /u1/vhome/louis/www/wtv/arcade spacer.gif
97.10.24 18:27 B D:\LouisRoehrs\arcade\stripes.gif --> vp2.netgate.net /u1/vhome/louis/www/wtv/arcade stripes.gif
97.10.24 18:28 B D:\LouisRoehrs\arcade\teenwav.mid --> vp2.netgate.net /u1/vhome/louis/www/wtv/arcade teenwav.mid
97.10.24 18:28 B D:\LouisRoehrs\arcade\teenwav.zip --> vp2.netgate.net /u1/vhome/louis/www/wtv/arcade teenwav.zip
97.10.24 18:28 B D:\LouisRoehrs\arcade\trivia.html --> vp2.netgate.net /u1/vhome/louis/www/wtv/arcade trivia.html
97.10.24 18:28 B D:\LouisRoehrs\arcade\trivia.html.bak --> vp2.netgate.net /u1/vhome/louis/www/wtv/arcade trivia.html.bak
97.10.24 18:28 B D:\LouisRoehrs\arcade\triviatask.gif --> vp2.netgate.net /u1/vhome/louis/www/wtv/arcade triviatask.gif
97.10.24 18:28 B D:\LouisRoehrs\arcade\webtvarcade.jpg --> vp2.netgate.net /u1/vhome/louis/www/wtv/arcade webtvarcade.jpg
97.10.24 18:28 B D:\LouisRoehrs\arcade\webtvarcade.tif --> vp2.netgate.net /u1/vhome/louis/www/wtv/arcade webtvarcade.tif
97.10.24 18:28 B D:\LouisRoehrs\arcade\webtvtrans.tif --> vp2.netgate.net /u1/vhome/louis/www/wtv/arcade webtvtrans.tif
97.10.24 18:28 B D:\LouisRoehrs\arcade\wordfind.gif --> vp2.netgate.net /u1/vhome/louis/www/wtv/arcade wordfind.gif
97.10.24 18:28 B D:\LouisRoehrs\arcade\wordfind.html --> vp2.netgate.net /u1/vhome/louis/www/wtv/arcade wordfind.html
97.10.24 18:28 B D:\LouisRoehrs\arcade\wordfind.html.bak --> vp2.netgate.net /u1/vhome/louis/www/wtv/arcade wordfind.html.bak
