97.10.13 12:33 B D:\LouisRoehrs\PSP\CDR32.FLT --> vp2.netgate.net /u1/vhome/louis/www/wtv/PSP CDR32.FLT
97.10.13 12:33 B D:\LouisRoehrs\PSP\DRW32.FLT --> vp2.netgate.net /u1/vhome/louis/www/wtv/PSP DRW32.FLT
97.10.13 12:33 B D:\LouisRoehrs\PSP\DXF32.FLT --> vp2.netgate.net /u1/vhome/louis/www/wtv/PSP DXF32.FLT
97.10.13 12:33 B D:\LouisRoehrs\PSP\GAMMA.TIF --> vp2.netgate.net /u1/vhome/louis/www/wtv/PSP GAMMA.TIF
97.10.13 12:33 B D:\LouisRoehrs\PSP\GEM32.FLT --> vp2.netgate.net /u1/vhome/louis/www/wtv/PSP GEM32.FLT
97.10.13 12:33 B D:\LouisRoehrs\PSP\HPGL32.FLT --> vp2.netgate.net /u1/vhome/louis/www/wtv/PSP HPGL32.FLT
97.10.13 12:33 B D:\LouisRoehrs\PSP\JCAP32.DLL --> vp2.netgate.net /u1/vhome/louis/www/wtv/PSP JCAP32.DLL
97.10.13 12:33 B D:\LouisRoehrs\PSP\JCD.DAT --> vp2.netgate.net /u1/vhome/louis/www/wtv/PSP JCD.DAT
97.10.13 12:33 B D:\LouisRoehrs\PSP\JCGM32.DLL --> vp2.netgate.net /u1/vhome/louis/www/wtv/PSP JCGM32.DLL
97.10.13 12:33 B D:\LouisRoehrs\PSP\JIMP16.EXE --> vp2.netgate.net /u1/vhome/louis/www/wtv/PSP JIMP16.EXE
97.10.13 12:33 B D:\LouisRoehrs\PSP\JJPEG32.DLL --> vp2.netgate.net /u1/vhome/louis/www/wtv/PSP JJPEG32.DLL
97.10.13 12:33 B D:\LouisRoehrs\PSP\JLEM3205.DLL --> vp2.netgate.net /u1/vhome/louis/www/wtv/PSP JLEM3205.DLL
97.10.13 12:33 B D:\LouisRoehrs\PSP\JPNG32.DLL --> vp2.netgate.net /u1/vhome/louis/www/wtv/PSP JPNG32.DLL
97.10.13 12:33 B D:\LouisRoehrs\PSP\JSPIN32.DLL --> vp2.netgate.net /u1/vhome/louis/www/wtv/PSP JSPIN32.DLL
97.10.13 12:33 B D:\LouisRoehrs\PSP\JTWN32.DLL --> vp2.netgate.net /u1/vhome/louis/www/wtv/PSP JTWN32.DLL
97.10.13 12:33 B D:\LouisRoehrs\PSP\PCDLIB32.DLL --> vp2.netgate.net /u1/vhome/louis/www/wtv/PSP PCDLIB32.DLL
97.10.13 12:33 B D:\LouisRoehrs\PSP\PIC32.FLT --> vp2.netgate.net /u1/vhome/louis/www/wtv/PSP PIC32.FLT
97.10.13 12:34 B D:\LouisRoehrs\PSP\PSP.EXE --> vp2.netgate.net /u1/vhome/louis/www/wtv/PSP PSP.EXE
97.10.13 12:34 B D:\LouisRoehrs\PSP\PSP.GID --> vp2.netgate.net /u1/vhome/louis/www/wtv/PSP PSP.GID
97.10.13 12:34 B D:\LouisRoehrs\PSP\PSP.HLP --> vp2.netgate.net /u1/vhome/louis/www/wtv/PSP PSP.HLP
97.10.13 12:34 B D:\LouisRoehrs\PSP\PSP.INI --> vp2.netgate.net /u1/vhome/louis/www/wtv/PSP PSP.INI
97.10.13 12:34 B D:\LouisRoehrs\PSP\PSPBRWSE.EXE --> vp2.netgate.net /u1/vhome/louis/www/wtv/PSP PSPBRWSE.EXE
97.10.13 12:34 B D:\LouisRoehrs\PSP\PSPBRWSE.HLP --> vp2.netgate.net /u1/vhome/louis/www/wtv/PSP PSPBRWSE.HLP
97.10.13 12:34 B D:\LouisRoehrs\PSP\PSPBRWSE.INI --> vp2.netgate.net /u1/vhome/louis/www/wtv/PSP PSPBRWSE.INI
97.10.13 12:34 B D:\LouisRoehrs\PSP\PSPUD.FLT --> vp2.netgate.net /u1/vhome/louis/www/wtv/PSP PSPUD.FLT
97.10.13 12:34 A D:\LouisRoehrs\PSP\README.TXT --> vp2.netgate.net /u1/vhome/louis/www/wtv/PSP README.TXT
97.10.13 12:34 B D:\LouisRoehrs\PSP\WPG32.FLT --> vp2.netgate.net /u1/vhome/louis/www/wtv/PSP WPG32.FLT
97.10.21 19:57 B D:\LouisRoehrs\PSP\CDR32.FLT --> vp2.netgate.net /u1/vhome/louis/www/wtv/PSP CDR32.FLT
97.10.21 19:57 B D:\LouisRoehrs\PSP\DRW32.FLT --> vp2.netgate.net /u1/vhome/louis/www/wtv/PSP DRW32.FLT
97.10.21 19:57 B D:\LouisRoehrs\PSP\DXF32.FLT --> vp2.netgate.net /u1/vhome/louis/www/wtv/PSP DXF32.FLT
97.10.21 19:57 B D:\LouisRoehrs\PSP\GAMMA.TIF --> vp2.netgate.net /u1/vhome/louis/www/wtv/PSP GAMMA.TIF
97.10.21 19:57 B D:\LouisRoehrs\PSP\GEM32.FLT --> vp2.netgate.net /u1/vhome/louis/www/wtv/PSP GEM32.FLT
97.10.21 19:57 B D:\LouisRoehrs\PSP\HPGL32.FLT --> vp2.netgate.net /u1/vhome/louis/www/wtv/PSP HPGL32.FLT
97.10.21 19:57 B D:\LouisRoehrs\PSP\JCAP32.DLL --> vp2.netgate.net /u1/vhome/louis/www/wtv/PSP JCAP32.DLL
97.10.21 19:57 B D:\LouisRoehrs\PSP\JCD.DAT --> vp2.netgate.net /u1/vhome/louis/www/wtv/PSP JCD.DAT
97.10.21 19:57 B D:\LouisRoehrs\PSP\JCGM32.DLL --> vp2.netgate.net /u1/vhome/louis/www/wtv/PSP JCGM32.DLL
97.10.21 19:57 B D:\LouisRoehrs\PSP\JIMP16.EXE --> vp2.netgate.net /u1/vhome/louis/www/wtv/PSP JIMP16.EXE
97.10.21 19:57 B D:\LouisRoehrs\PSP\JJPEG32.DLL --> vp2.netgate.net /u1/vhome/louis/www/wtv/PSP JJPEG32.DLL
97.10.21 19:57 B D:\LouisRoehrs\PSP\JLEM3205.DLL --> vp2.netgate.net /u1/vhome/louis/www/wtv/PSP JLEM3205.DLL
97.10.21 19:57 B D:\LouisRoehrs\PSP\JPNG32.DLL --> vp2.netgate.net /u1/vhome/louis/www/wtv/PSP JPNG32.DLL
97.10.21 19:57 B D:\LouisRoehrs\PSP\JSPIN32.DLL --> vp2.netgate.net /u1/vhome/louis/www/wtv/PSP JSPIN32.DLL
97.10.21 19:57 B D:\LouisRoehrs\PSP\JTWN32.DLL --> vp2.netgate.net /u1/vhome/louis/www/wtv/PSP JTWN32.DLL
97.10.21 19:57 B D:\LouisRoehrs\PSP\PCDLIB32.DLL --> vp2.netgate.net /u1/vhome/louis/www/wtv/PSP PCDLIB32.DLL
97.10.21 19:57 B D:\LouisRoehrs\PSP\PIC32.FLT --> vp2.netgate.net /u1/vhome/louis/www/wtv/PSP PIC32.FLT
97.10.21 19:58 B D:\LouisRoehrs\PSP\PSP.EXE --> vp2.netgate.net /u1/vhome/louis/www/wtv/PSP PSP.EXE
97.10.21 19:58 B D:\LouisRoehrs\PSP\PSP.GID --> vp2.netgate.net /u1/vhome/louis/www/wtv/PSP PSP.GID
97.10.21 19:58 B D:\LouisRoehrs\PSP\PSP.HLP --> vp2.netgate.net /u1/vhome/louis/www/wtv/PSP PSP.HLP
97.10.21 19:58 B D:\LouisRoehrs\PSP\PSP.INI --> vp2.netgate.net /u1/vhome/louis/www/wtv/PSP PSP.INI
97.10.21 19:58 B D:\LouisRoehrs\PSP\PSPBRWSE.EXE --> vp2.netgate.net /u1/vhome/louis/www/wtv/PSP PSPBRWSE.EXE
97.10.21 19:58 B D:\LouisRoehrs\PSP\PSPBRWSE.HLP --> vp2.netgate.net /u1/vhome/louis/www/wtv/PSP PSPBRWSE.HLP
97.10.21 19:58 B D:\LouisRoehrs\PSP\PSPBRWSE.INI --> vp2.netgate.net /u1/vhome/louis/www/wtv/PSP PSPBRWSE.INI
97.10.21 19:58 B D:\LouisRoehrs\PSP\PSPUD.FLT --> vp2.netgate.net /u1/vhome/louis/www/wtv/PSP PSPUD.FLT
97.10.21 19:58 A D:\LouisRoehrs\PSP\README.TXT --> vp2.netgate.net /u1/vhome/louis/www/wtv/PSP README.TXT
97.10.21 19:58 B D:\LouisRoehrs\PSP\WPG32.FLT --> vp2.netgate.net /u1/vhome/louis/www/wtv/PSP WPG32.FLT
97.10.21 19:58 B D:\LouisRoehrs\PSP\WS_FTP.LOG --> vp2.netgate.net /u1/vhome/louis/www/wtv/PSP WS_FTP.LOG
97.10.24 18:36 B D:\LouisRoehrs\PSP\CDR32.FLT --> vp2.netgate.net /u1/vhome/louis/www/wtv/PSP CDR32.FLT
97.10.24 18:36 B D:\LouisRoehrs\PSP\DRW32.FLT --> vp2.netgate.net /u1/vhome/louis/www/wtv/PSP DRW32.FLT
97.10.24 18:36 B D:\LouisRoehrs\PSP\DXF32.FLT --> vp2.netgate.net /u1/vhome/louis/www/wtv/PSP DXF32.FLT
97.10.24 18:36 B D:\LouisRoehrs\PSP\GAMMA.TIF --> vp2.netgate.net /u1/vhome/louis/www/wtv/PSP GAMMA.TIF
97.10.24 18:36 B D:\LouisRoehrs\PSP\GEM32.FLT --> vp2.netgate.net /u1/vhome/louis/www/wtv/PSP GEM32.FLT
97.10.24 18:36 B D:\LouisRoehrs\PSP\HPGL32.FLT --> vp2.netgate.net /u1/vhome/louis/www/wtv/PSP HPGL32.FLT
97.10.24 18:36 B D:\LouisRoehrs\PSP\JCAP32.DLL --> vp2.netgate.net /u1/vhome/louis/www/wtv/PSP JCAP32.DLL
97.10.24 18:36 B D:\LouisRoehrs\PSP\JCD.DAT --> vp2.netgate.net /u1/vhome/louis/www/wtv/PSP JCD.DAT
97.10.24 18:36 B D:\LouisRoehrs\PSP\JCGM32.DLL --> vp2.netgate.net /u1/vhome/louis/www/wtv/PSP JCGM32.DLL
97.10.24 18:36 B D:\LouisRoehrs\PSP\JIMP16.EXE --> vp2.netgate.net /u1/vhome/louis/www/wtv/PSP JIMP16.EXE
97.10.24 18:36 B D:\LouisRoehrs\PSP\JJPEG32.DLL --> vp2.netgate.net /u1/vhome/louis/www/wtv/PSP JJPEG32.DLL
97.10.24 18:36 B D:\LouisRoehrs\PSP\JLEM3205.DLL --> vp2.netgate.net /u1/vhome/louis/www/wtv/PSP JLEM3205.DLL
97.10.24 18:36 B D:\LouisRoehrs\PSP\JPNG32.DLL --> vp2.netgate.net /u1/vhome/louis/www/wtv/PSP JPNG32.DLL
97.10.24 18:36 B D:\LouisRoehrs\PSP\JSPIN32.DLL --> vp2.netgate.net /u1/vhome/louis/www/wtv/PSP JSPIN32.DLL
97.10.24 18:36 B D:\LouisRoehrs\PSP\JTWN32.DLL --> vp2.netgate.net /u1/vhome/louis/www/wtv/PSP JTWN32.DLL
97.10.24 18:36 B D:\LouisRoehrs\PSP\PCDLIB32.DLL --> vp2.netgate.net /u1/vhome/louis/www/wtv/PSP PCDLIB32.DLL
97.10.24 18:36 B D:\LouisRoehrs\PSP\PIC32.FLT --> vp2.netgate.net /u1/vhome/louis/www/wtv/PSP PIC32.FLT
97.10.24 18:36 B D:\LouisRoehrs\PSP\PSP.EXE --> vp2.netgate.net /u1/vhome/louis/www/wtv/PSP PSP.EXE
97.10.24 18:36 B D:\LouisRoehrs\PSP\PSP.GID --> vp2.netgate.net /u1/vhome/louis/www/wtv/PSP PSP.GID
97.10.24 18:37 B D:\LouisRoehrs\PSP\PSP.HLP --> vp2.netgate.net /u1/vhome/louis/www/wtv/PSP PSP.HLP
97.10.24 18:37 B D:\LouisRoehrs\PSP\PSP.INI --> vp2.netgate.net /u1/vhome/louis/www/wtv/PSP PSP.INI
97.10.24 18:37 B D:\LouisRoehrs\PSP\PSPBRWSE.EXE --> vp2.netgate.net /u1/vhome/louis/www/wtv/PSP PSPBRWSE.EXE
97.10.24 18:37 B D:\LouisRoehrs\PSP\PSPBRWSE.HLP --> vp2.netgate.net /u1/vhome/louis/www/wtv/PSP PSPBRWSE.HLP
97.10.24 18:37 B D:\LouisRoehrs\PSP\PSPBRWSE.INI --> vp2.netgate.net /u1/vhome/louis/www/wtv/PSP PSPBRWSE.INI
97.10.24 18:37 B D:\LouisRoehrs\PSP\PSPUD.FLT --> vp2.netgate.net /u1/vhome/louis/www/wtv/PSP PSPUD.FLT
97.10.24 18:37 A D:\LouisRoehrs\PSP\README.TXT --> vp2.netgate.net /u1/vhome/louis/www/wtv/PSP README.TXT
97.10.24 18:37 B D:\LouisRoehrs\PSP\WPG32.FLT --> vp2.netgate.net /u1/vhome/louis/www/wtv/PSP WPG32.FLT
