98.03.17 11:48 B C:\Louis\matchmate\images\arrow.gif <-- content /home/content/webtv.disco/content/explore2d/programming/matchmate/images arrow.gif
98.03.17 11:48 B C:\Louis\matchmate\images\blink1_ani.gif <-- content /home/content/webtv.disco/content/explore2d/programming/matchmate/images blink1_ani.gif
98.03.17 11:48 B C:\Louis\matchmate\images\blink2_ani.gif <-- content /home/content/webtv.disco/content/explore2d/programming/matchmate/images blink2_ani.gif
98.03.17 11:48 B C:\Louis\matchmate\images\blink3_ani.gif <-- content /home/content/webtv.disco/content/explore2d/programming/matchmate/images blink3_ani.gif
98.03.17 11:48 B C:\Louis\matchmate\images\bubble.gif <-- content /home/content/webtv.disco/content/explore2d/programming/matchmate/images bubble.gif
98.03.17 11:48 B C:\Louis\matchmate\images\button_play.gif <-- content /home/content/webtv.disco/content/explore2d/programming/matchmate/images button_play.gif
98.03.17 11:48 B C:\Louis\matchmate\images\button_quit.gif <-- content /home/content/webtv.disco/content/explore2d/programming/matchmate/images button_quit.gif
98.03.17 11:48 B C:\Louis\matchmate\images\button_rules.gif <-- content /home/content/webtv.disco/content/explore2d/programming/matchmate/images button_rules.gif
98.03.17 11:48 B C:\Louis\matchmate\images\chester_rules.gif <-- content /home/content/webtv.disco/content/explore2d/programming/matchmate/images chester_rules.gif
98.03.17 11:48 B C:\Louis\matchmate\images\chester_welcome.gif <-- content /home/content/webtv.disco/content/explore2d/programming/matchmate/images chester_welcome.gif
98.03.17 11:48 B C:\Louis\matchmate\images\choose_ani.gif <-- content /home/content/webtv.disco/content/explore2d/programming/matchmate/images choose_ani.gif
98.03.17 11:48 B C:\Louis\matchmate\images\game_bg.gif <-- content /home/content/webtv.disco/content/explore2d/programming/matchmate/images game_bg.gif
98.03.17 11:48 B C:\Louis\matchmate\images\lose_ani.gif <-- content /home/content/webtv.disco/content/explore2d/programming/matchmate/images lose_ani.gif
98.03.17 11:48 B C:\Louis\matchmate\images\mm_logo_lg.gif <-- content /home/content/webtv.disco/content/explore2d/programming/matchmate/images mm_logo_lg.gif
98.03.17 11:48 B C:\Louis\matchmate\images\mm_logo_sm.gif <-- content /home/content/webtv.disco/content/explore2d/programming/matchmate/images mm_logo_sm.gif
98.03.17 11:48 B C:\Louis\matchmate\images\player1_bg_off.gif <-- content /home/content/webtv.disco/content/explore2d/programming/matchmate/images player1_bg_off.gif
98.03.17 11:48 B C:\Louis\matchmate\images\player1_bg_on.gif <-- content /home/content/webtv.disco/content/explore2d/programming/matchmate/images player1_bg_on.gif
98.03.17 11:48 B C:\Louis\matchmate\images\player2_bg_off.gif <-- content /home/content/webtv.disco/content/explore2d/programming/matchmate/images player2_bg_off.gif
98.03.17 11:48 B C:\Louis\matchmate\images\player2_bg_on.gif <-- content /home/content/webtv.disco/content/explore2d/programming/matchmate/images player2_bg_on.gif
98.03.17 11:48 B C:\Louis\matchmate\images\TemplateGames.gif <-- content /home/content/webtv.disco/content/explore2d/programming/matchmate/images TemplateGames.gif
98.03.17 11:48 B C:\Louis\matchmate\images\tile1.gif <-- content /home/content/webtv.disco/content/explore2d/programming/matchmate/images tile1.gif
98.03.17 11:48 B C:\Louis\matchmate\images\tile2.gif <-- content /home/content/webtv.disco/content/explore2d/programming/matchmate/images tile2.gif
98.03.17 11:48 B C:\Louis\matchmate\images\title_rules.gif <-- content /home/content/webtv.disco/content/explore2d/programming/matchmate/images title_rules.gif
98.03.17 11:48 B C:\Louis\matchmate\images\title_welcome.gif <-- content /home/content/webtv.disco/content/explore2d/programming/matchmate/images title_welcome.gif
98.03.17 11:48 B C:\Louis\matchmate\images\title_you_lose.gif <-- content /home/content/webtv.disco/content/explore2d/programming/matchmate/images title_you_lose.gif
98.03.17 11:48 B C:\Louis\matchmate\images\winner_ani.gif <-- content /home/content/webtv.disco/content/explore2d/programming/matchmate/images winner_ani.gif
98.03.17 11:49 B C:\Louis\matchmate\images\arrow.gif --> www.woofie.com /u1/vhome/louis/www/wtv/matchmate/images arrow.gif
98.03.17 11:49 B C:\Louis\matchmate\images\blink1_ani.gif --> www.woofie.com /u1/vhome/louis/www/wtv/matchmate/images blink1_ani.gif
98.03.17 11:49 B C:\Louis\matchmate\images\blink2_ani.gif --> www.woofie.com /u1/vhome/louis/www/wtv/matchmate/images blink2_ani.gif
98.03.17 11:49 B C:\Louis\matchmate\images\blink3_ani.gif --> www.woofie.com /u1/vhome/louis/www/wtv/matchmate/images blink3_ani.gif
98.03.17 11:49 B C:\Louis\matchmate\images\bubble.gif --> www.woofie.com /u1/vhome/louis/www/wtv/matchmate/images bubble.gif
98.03.17 11:49 B C:\Louis\matchmate\images\button_play.gif --> www.woofie.com /u1/vhome/louis/www/wtv/matchmate/images button_play.gif
98.03.17 11:49 B C:\Louis\matchmate\images\button_quit.gif --> www.woofie.com /u1/vhome/louis/www/wtv/matchmate/images button_quit.gif
98.03.17 11:49 B C:\Louis\matchmate\images\button_rules.gif --> www.woofie.com /u1/vhome/louis/www/wtv/matchmate/images button_rules.gif
98.03.17 11:49 B C:\Louis\matchmate\images\chester_rules.gif --> www.woofie.com /u1/vhome/louis/www/wtv/matchmate/images chester_rules.gif
98.03.17 11:49 B C:\Louis\matchmate\images\chester_welcome.gif --> www.woofie.com /u1/vhome/louis/www/wtv/matchmate/images chester_welcome.gif
98.03.17 11:49 B C:\Louis\matchmate\images\choose_ani.gif --> www.woofie.com /u1/vhome/louis/www/wtv/matchmate/images choose_ani.gif
98.03.17 11:49 B C:\Louis\matchmate\images\game_bg.gif --> www.woofie.com /u1/vhome/louis/www/wtv/matchmate/images game_bg.gif
98.03.17 11:49 B C:\Louis\matchmate\images\lose_ani.gif --> www.woofie.com /u1/vhome/louis/www/wtv/matchmate/images lose_ani.gif
98.03.17 11:49 B C:\Louis\matchmate\images\mm_logo_lg.gif --> www.woofie.com /u1/vhome/louis/www/wtv/matchmate/images mm_logo_lg.gif
98.03.17 11:49 B C:\Louis\matchmate\images\mm_logo_sm.gif --> www.woofie.com /u1/vhome/louis/www/wtv/matchmate/images mm_logo_sm.gif
98.03.17 11:49 B C:\Louis\matchmate\images\player1_bg_off.gif --> www.woofie.com /u1/vhome/louis/www/wtv/matchmate/images player1_bg_off.gif
98.03.17 11:49 B C:\Louis\matchmate\images\player1_bg_on.gif --> www.woofie.com /u1/vhome/louis/www/wtv/matchmate/images player1_bg_on.gif
98.03.17 11:49 B C:\Louis\matchmate\images\player2_bg_off.gif --> www.woofie.com /u1/vhome/louis/www/wtv/matchmate/images player2_bg_off.gif
98.03.17 11:49 B C:\Louis\matchmate\images\player2_bg_on.gif --> www.woofie.com /u1/vhome/louis/www/wtv/matchmate/images player2_bg_on.gif
98.03.17 11:49 B C:\Louis\matchmate\images\TemplateGames.gif --> www.woofie.com /u1/vhome/louis/www/wtv/matchmate/images TemplateGames.gif
98.03.17 11:49 B C:\Louis\matchmate\images\tile1.gif --> www.woofie.com /u1/vhome/louis/www/wtv/matchmate/images tile1.gif
98.03.17 11:49 B C:\Louis\matchmate\images\tile2.gif --> www.woofie.com /u1/vhome/louis/www/wtv/matchmate/images tile2.gif
98.03.17 11:49 B C:\Louis\matchmate\images\title_rules.gif --> www.woofie.com /u1/vhome/louis/www/wtv/matchmate/images title_rules.gif
98.03.17 11:49 B C:\Louis\matchmate\images\title_welcome.gif --> www.woofie.com /u1/vhome/louis/www/wtv/matchmate/images title_welcome.gif
98.03.17 11:49 B C:\Louis\matchmate\images\title_you_lose.gif --> www.woofie.com /u1/vhome/louis/www/wtv/matchmate/images title_you_lose.gif
98.03.17 11:49 B C:\Louis\matchmate\images\winner_ani.gif --> www.woofie.com /u1/vhome/louis/www/wtv/matchmate/images winner_ani.gif
98.03.17 11:49 B C:\Louis\matchmate\images\WS_FTP.LOG --> www.woofie.com /u1/vhome/louis/www/wtv/matchmate/images WS_FTP.LOG
98.03.17 15:00 B C:\Louis\matchmate\images\full_bg1.gif <-- content /home/content/webtv.disco/content/explore2d/programming/matchmate/images full_bg1.gif
98.03.17 15:00 B C:\Louis\matchmate\images\full_bg_game.gif <-- content /home/content/webtv.disco/content/explore2d/programming/matchmate/images full_bg_game.gif
98.03.17 15:37 B C:\Louis\matchmate\images\full_bg1.gif --> www.woofie.com /u1/vhome/louis/www/wtv/matchmate/images full_bg1.gif
98.03.17 15:38 B C:\Louis\matchmate\images\full_bg_game.gif --> www.woofie.com /u1/vhome/louis/www/wtv/matchmate/images full_bg_game.gif
98.03.17 16:04 B C:\Louis\matchmate\images\chester_welcome1.gif --> www.woofie.com /u1/vhome/louis/www/wtv/matchmate/images chester_welcome1.gif
98.03.17 16:05 B C:\Louis\matchmate\images\chester_welcome.gif --> www.woofie.com /u1/vhome/louis/www/wtv/matchmate/images chester_welcome.gif
98.03.18 11:18 B C:\Louis\matchmate\images\button_play_again.gif <-- content /home/content/webtv.disco/content/explore2d/programming/matchmate/images button_play_again.gif
98.03.18 11:18 B C:\Louis\matchmate\images\button_more_info.gif <-- content /home/content/webtv.disco/content/explore2d/programming/matchmate/images button_more_info.gif
98.03.18 11:18 B C:\Louis\matchmate\images\button_more_info.gif --> www.woofie.com /u1/vhome/louis/www/wtv/matchmate/images button_more_info.gif
98.03.18 11:18 B C:\Louis\matchmate\images\button_play_again.gif --> www.woofie.com /u1/vhome/louis/www/wtv/matchmate/images button_play_again.gif
98.03.18 14:04 B C:\Louis\matchmate\images\full_bg1.gif --> www.woofie.com /u1/vhome/louis/www/wtv/matchmate/images full_bg1.gif
98.03.18 14:16 A C:\Louis\matchmate\images\winner_ani_slow.gif --> www.woofie.com /u1/vhome/louis/www/wtv/matchmate/images winner_ani_slow.gif
98.03.18 14:17 B C:\Louis\matchmate\images\winner_ani_slow.gif --> www.woofie.com /u1/vhome/louis/www/wtv/matchmate/images winner_ani_slow.gif
98.03.18 14:18 B C:\Louis\matchmate\images\winner_ani_slow.gif --> www.woofie.com /u1/vhome/louis/www/wtv/matchmate/images winner_ani_slow.gif
98.03.18 14:19 B C:\Louis\matchmate\images\winner_ani_slow.gif --> www.woofie.com /u1/vhome/louis/www/wtv/matchmate/images winner_ani_slow.gif
98.03.18 14:21 B C:\Louis\matchmate\images\char1_thug.gif <-- content /home/content/webtv.disco/content/explore2d/programming/matchmate/images char1_thug.gif
98.03.18 14:21 B C:\Louis\matchmate\images\char2_musicman.gif <-- content /home/content/webtv.disco/content/explore2d/programming/matchmate/images char2_musicman.gif
98.03.18 14:21 B C:\Louis\matchmate\images\char3_wilma.gif <-- content /home/content/webtv.disco/content/explore2d/programming/matchmate/images char3_wilma.gif
98.03.18 14:21 B C:\Louis\matchmate\images\char4_betty.gif <-- content /home/content/webtv.disco/content/explore2d/programming/matchmate/images char4_betty.gif
98.03.18 14:22 B C:\Louis\matchmate\images\char1_thug.gif --> www.woofie.com /u1/vhome/louis/www/wtv/matchmate/images char1_thug.gif
98.03.18 14:22 B C:\Louis\matchmate\images\char2_musicman.gif --> www.woofie.com /u1/vhome/louis/www/wtv/matchmate/images char2_musicman.gif
98.03.18 14:22 B C:\Louis\matchmate\images\char3_wilma.gif --> www.woofie.com /u1/vhome/louis/www/wtv/matchmate/images char3_wilma.gif
98.03.18 14:22 B C:\Louis\matchmate\images\char4_betty.gif --> www.woofie.com /u1/vhome/louis/www/wtv/matchmate/images char4_betty.gif
98.03.18 19:48 B C:\Louis\matchmate\images\arrow.gif --> www.woofie.com /u1/vhome/louis/www/wtv/matchmate/images arrow.gif
98.03.18 19:56 B C:\Louis\matchmate\images\arrow.gif --> www.woofie.com /u1/vhome/louis/www/wtv/matchmate/images arrow.gif
98.03.18 21:26 B C:\Louis\matchmate\images\arrownew.gif --> www.woofie.com /u1/vhome/louis/www/wtv/matchmate/images arrownew.gif
98.03.18 21:26 B C:\Louis\matchmate\images\spacer.gif --> www.woofie.com /u1/vhome/louis/www/wtv/matchmate/images spacer.gif
98.03.18 21:48 B C:\Louis\matchmate\images\player0_bg_onnew.gif --> www.woofie.com /u1/vhome/louis/www/wtv/matchmate/images player0_bg_onnew.gif
98.03.18 21:48 B C:\Louis\matchmate\images\player1_bg_onnew.gif --> www.woofie.com /u1/vhome/louis/www/wtv/matchmate/images player1_bg_onnew.gif
98.03.18 21:48 B C:\Louis\matchmate\images\arrownew.gif --> www.woofie.com /u1/vhome/louis/www/wtv/matchmate/images arrownew.gif
98.03.18 21:49 B C:\Louis\matchmate\images\arrownew.gif --> www.woofie.com /u1/vhome/louis/www/wtv/matchmate/images arrownew.gif
98.03.18 21:50 B C:\Louis\matchmate\images\arrownew.gif --> www.woofie.com /u1/vhome/louis/www/wtv/matchmate/images arrownew.gif
98.03.18 21:52 B C:\Louis\matchmate\images\spacer.gif --> www.woofie.com /u1/vhome/louis/www/wtv/matchmate/images spacer.gif
98.03.18 21:53 B C:\Louis\matchmate\images\arrownew.gif --> www.woofie.com /u1/vhome/louis/www/wtv/matchmate/images arrownew.gif
98.03.18 21:54 B C:\Louis\matchmate\images\arrownew.gif --> www.woofie.com /u1/vhome/louis/www/wtv/matchmate/images arrownew.gif
98.03.18 21:54 B C:\Louis\matchmate\images\arrownew.gif --> www.woofie.com /u1/vhome/louis/www/wtv/matchmate/images arrownew.gif
98.03.18 21:58 A C:\Louis\matchmate\images\arrownew.gif --> www.woofie.com /u1/vhome/louis/www/wtv/matchmate/images arrownew.gif
98.03.18 21:59 B C:\Louis\matchmate\images\arrownew.gif --> www.woofie.com /u1/vhome/louis/www/wtv/matchmate/images arrownew.gif
98.03.18 22:00 B C:\Louis\matchmate\images\arrownew.gif --> www.woofie.com /u1/vhome/louis/www/wtv/matchmate/images arrownew.gif
98.03.18 22:58 A C:\Louis\matchmate\images\status.gif --> www.woofie.com /u1/vhome/louis/www/wtv/matchmate status.gif
98.03.18 23:07 B C:\Louis\matchmate\images\status.gif --> www.woofie.com /u1/vhome/louis/www/wtv/matchmate/images status.gif
98.03.18 23:42 A C:\Louis\matchmate\images\status2.gif --> www.woofie.com /u1/vhome/louis/www/wtv/matchmate/images status2.gif
98.03.24 12:04 B C:\Louis\matchmate\images\TemplateGames.gif --> www.woofie.com /u1/vhome/louis/www/tools TemplateGames.gif
98.03.25 10:16 B C:\Louis\matchmate\images\title_credits.gif --> www.woofie.com /u1/vhome/louis/www/wtv/matchmate/images title_credits.gif
98.03.25 10:17 B C:\Louis\matchmate\images\title_credits.gif --> www.woofie.com /u1/vhome/louis/www/wtv/matchmate/images title_credits.gif
98.03.27 23:14 B C:\Louis\matchmate\images\arrowspin.gif --> www.woofie.com /u1/vhome/louis/www/wtv/matchmate/images arrowspin.gif
98.03.27 23:21 B C:\Louis\matchmate\images\arrowspin.gif --> www.woofie.com /u1/vhome/louis/www/wtv/matchmate/images arrowspin.gif
98.03.27 23:27 B C:\Louis\matchmate\images\arrowspin.gif --> www.woofie.com /u1/vhome/louis/www/wtv/matchmate/images arrowspin.gif
98.03.27 23:28 B C:\Louis\matchmate\images\arrowspin.gif --> www.woofie.com /u1/vhome/louis/www/wtv/matchmate/images arrowspin.gif
98.03.27 23:30 B C:\Louis\matchmate\images\arrowspin.gif --> www.woofie.com /u1/vhome/louis/www/wtv/matchmate/images arrowspin.gif
98.03.28 02:06 B C:\Louis\matchmate\images\arrow.gif --> www.teletrex.com /webadmin/home/web1/louisr/public_html/wtv/matchmate/backup/backup/flash/images arrow.gif
98.03.28 02:06 B C:\Louis\matchmate\images\arrowani1.gif --> www.teletrex.com /webadmin/home/web1/louisr/public_html/wtv/matchmate/backup/backup/flash/images arrowani1.gif
98.03.28 02:06 B C:\Louis\matchmate\images\arrowani2.gif --> www.teletrex.com /webadmin/home/web1/louisr/public_html/wtv/matchmate/backup/backup/flash/images arrowani2.gif
98.03.28 02:06 B C:\Louis\matchmate\images\arrowani3.gif --> www.teletrex.com /webadmin/home/web1/louisr/public_html/wtv/matchmate/backup/backup/flash/images arrowani3.gif
98.03.28 02:06 B C:\Louis\matchmate\images\arrowani4.gif --> www.teletrex.com /webadmin/home/web1/louisr/public_html/wtv/matchmate/backup/backup/flash/images arrowani4.gif
98.03.28 02:06 B C:\Louis\matchmate\images\arrowani5.gif --> www.teletrex.com /webadmin/home/web1/louisr/public_html/wtv/matchmate/backup/backup/flash/images arrowani5.gif
98.03.28 02:06 B C:\Louis\matchmate\images\arrowani6.gif --> www.teletrex.com /webadmin/home/web1/louisr/public_html/wtv/matchmate/backup/backup/flash/images arrowani6.gif
98.03.28 02:06 B C:\Louis\matchmate\images\arrowani7.gif --> www.teletrex.com /webadmin/home/web1/louisr/public_html/wtv/matchmate/backup/backup/flash/images arrowani7.gif
98.03.28 02:06 B C:\Louis\matchmate\images\arrowani8.gif --> www.teletrex.com /webadmin/home/web1/louisr/public_html/wtv/matchmate/backup/backup/flash/images arrowani8.gif
98.03.28 02:06 B C:\Louis\matchmate\images\arrowani9.gif --> www.teletrex.com /webadmin/home/web1/louisr/public_html/wtv/matchmate/backup/backup/flash/images arrowani9.gif
98.03.28 02:06 B C:\Louis\matchmate\images\arrownew.gif --> www.teletrex.com /webadmin/home/web1/louisr/public_html/wtv/matchmate/backup/backup/flash/images arrownew.gif
98.03.28 02:06 B C:\Louis\matchmate\images\arrowspin.gif --> www.teletrex.com /webadmin/home/web1/louisr/public_html/wtv/matchmate/backup/backup/flash/images arrowspin.gif
98.03.28 02:06 B C:\Louis\matchmate\images\blink1_ani.gif --> www.teletrex.com /webadmin/home/web1/louisr/public_html/wtv/matchmate/backup/backup/flash/images blink1_ani.gif
98.03.28 02:06 B C:\Louis\matchmate\images\blink2_ani.gif --> www.teletrex.com /webadmin/home/web1/louisr/public_html/wtv/matchmate/backup/backup/flash/images blink2_ani.gif
98.03.28 02:06 B C:\Louis\matchmate\images\blink3_ani.gif --> www.teletrex.com /webadmin/home/web1/louisr/public_html/wtv/matchmate/backup/backup/flash/images blink3_ani.gif
98.03.28 02:06 B C:\Louis\matchmate\images\bubble.gif --> www.teletrex.com /webadmin/home/web1/louisr/public_html/wtv/matchmate/backup/backup/flash/images bubble.gif
98.03.28 02:06 B C:\Louis\matchmate\images\button_more_info.gif --> www.teletrex.com /webadmin/home/web1/louisr/public_html/wtv/matchmate/backup/backup/flash/images button_more_info.gif
98.03.28 02:06 B C:\Louis\matchmate\images\button_play.gif --> www.teletrex.com /webadmin/home/web1/louisr/public_html/wtv/matchmate/backup/backup/flash/images button_play.gif
98.03.28 02:06 B C:\Louis\matchmate\images\button_play_again.gif --> www.teletrex.com /webadmin/home/web1/louisr/public_html/wtv/matchmate/backup/backup/flash/images button_play_again.gif
98.03.28 02:06 B C:\Louis\matchmate\images\button_quit.gif --> www.teletrex.com /webadmin/home/web1/louisr/public_html/wtv/matchmate/backup/backup/flash/images button_quit.gif
98.03.28 02:06 B C:\Louis\matchmate\images\button_rules.gif --> www.teletrex.com /webadmin/home/web1/louisr/public_html/wtv/matchmate/backup/backup/flash/images button_rules.gif
98.03.28 02:06 B C:\Louis\matchmate\images\char1_thug.gif --> www.teletrex.com /webadmin/home/web1/louisr/public_html/wtv/matchmate/backup/backup/flash/images char1_thug.gif
98.03.28 02:06 B C:\Louis\matchmate\images\char2_musicman.gif --> www.teletrex.com /webadmin/home/web1/louisr/public_html/wtv/matchmate/backup/backup/flash/images char2_musicman.gif
98.03.28 02:06 B C:\Louis\matchmate\images\char3_wilma.gif --> www.teletrex.com /webadmin/home/web1/louisr/public_html/wtv/matchmate/backup/backup/flash/images char3_wilma.gif
98.03.28 02:06 B C:\Louis\matchmate\images\char4_betty.gif --> www.teletrex.com /webadmin/home/web1/louisr/public_html/wtv/matchmate/backup/backup/flash/images char4_betty.gif
98.03.28 02:06 B C:\Louis\matchmate\images\chester_rules.gif --> www.teletrex.com /webadmin/home/web1/louisr/public_html/wtv/matchmate/backup/backup/flash/images chester_rules.gif
98.03.28 02:06 B C:\Louis\matchmate\images\chester_welcome.gif --> www.teletrex.com /webadmin/home/web1/louisr/public_html/wtv/matchmate/backup/backup/flash/images chester_welcome.gif
98.03.28 02:06 B C:\Louis\matchmate\images\choose_ani.gif --> www.teletrex.com /webadmin/home/web1/louisr/public_html/wtv/matchmate/backup/backup/flash/images choose_ani.gif
98.03.28 02:06 B C:\Louis\matchmate\images\full_bg1.gif --> www.teletrex.com /webadmin/home/web1/louisr/public_html/wtv/matchmate/backup/backup/flash/images full_bg1.gif
98.03.28 02:06 B C:\Louis\matchmate\images\full_bg_game.gif --> www.teletrex.com /webadmin/home/web1/louisr/public_html/wtv/matchmate/backup/backup/flash/images full_bg_game.gif
98.03.28 02:06 B C:\Louis\matchmate\images\full_bg_game.jpg --> www.teletrex.com /webadmin/home/web1/louisr/public_html/wtv/matchmate/backup/backup/flash/images full_bg_game.jpg
98.03.28 02:06 B C:\Louis\matchmate\images\game_bg.gif --> www.teletrex.com /webadmin/home/web1/louisr/public_html/wtv/matchmate/backup/backup/flash/images game_bg.gif
98.03.28 02:06 B C:\Louis\matchmate\images\lose_ani.gif --> www.teletrex.com /webadmin/home/web1/louisr/public_html/wtv/matchmate/backup/backup/flash/images lose_ani.gif
98.03.28 02:06 B C:\Louis\matchmate\images\mm_logo_lg.gif --> www.teletrex.com /webadmin/home/web1/louisr/public_html/wtv/matchmate/backup/backup/flash/images mm_logo_lg.gif
98.03.28 02:06 B C:\Louis\matchmate\images\mm_logo_sm.gif --> www.teletrex.com /webadmin/home/web1/louisr/public_html/wtv/matchmate/backup/backup/flash/images mm_logo_sm.gif
98.03.28 02:06 B C:\Louis\matchmate\images\player0_bg_off.gif --> www.teletrex.com /webadmin/home/web1/louisr/public_html/wtv/matchmate/backup/backup/flash/images player0_bg_off.gif
98.03.28 02:06 B C:\Louis\matchmate\images\player0_bg_on.gif --> www.teletrex.com /webadmin/home/web1/louisr/public_html/wtv/matchmate/backup/backup/flash/images player0_bg_on.gif
98.03.28 02:06 B C:\Louis\matchmate\images\player0_bg_onnew.gif --> www.teletrex.com /webadmin/home/web1/louisr/public_html/wtv/matchmate/backup/backup/flash/images player0_bg_onnew.gif
98.03.28 02:06 B C:\Louis\matchmate\images\player1_bg_off.gif --> www.teletrex.com /webadmin/home/web1/louisr/public_html/wtv/matchmate/backup/backup/flash/images player1_bg_off.gif
98.03.28 02:06 B C:\Louis\matchmate\images\player1_bg_on.gif --> www.teletrex.com /webadmin/home/web1/louisr/public_html/wtv/matchmate/backup/backup/flash/images player1_bg_on.gif
98.03.28 02:06 B C:\Louis\matchmate\images\player1_bg_onnew.gif --> www.teletrex.com /webadmin/home/web1/louisr/public_html/wtv/matchmate/backup/backup/flash/images player1_bg_onnew.gif
98.03.28 02:06 B C:\Louis\matchmate\images\spacer.gif --> www.teletrex.com /webadmin/home/web1/louisr/public_html/wtv/matchmate/backup/backup/flash/images spacer.gif
98.03.28 02:06 B C:\Louis\matchmate\images\status.gif --> www.teletrex.com /webadmin/home/web1/louisr/public_html/wtv/matchmate/backup/backup/flash/images status.gif
98.03.28 02:06 B C:\Louis\matchmate\images\status2.gif --> www.teletrex.com /webadmin/home/web1/louisr/public_html/wtv/matchmate/backup/backup/flash/images status2.gif
98.03.28 02:06 B C:\Louis\matchmate\images\TemplateGames.gif --> www.teletrex.com /webadmin/home/web1/louisr/public_html/wtv/matchmate/backup/backup/flash/images TemplateGames.gif
98.03.28 02:06 B C:\Louis\matchmate\images\tile1.gif --> www.teletrex.com /webadmin/home/web1/louisr/public_html/wtv/matchmate/backup/backup/flash/images tile1.gif
98.03.28 02:06 B C:\Louis\matchmate\images\tile2.gif --> www.teletrex.com /webadmin/home/web1/louisr/public_html/wtv/matchmate/backup/backup/flash/images tile2.gif
98.03.28 02:06 B C:\Louis\matchmate\images\title_credits.gif --> www.teletrex.com /webadmin/home/web1/louisr/public_html/wtv/matchmate/backup/backup/flash/images title_credits.gif
98.03.28 02:06 B C:\Louis\matchmate\images\title_rules.gif --> www.teletrex.com /webadmin/home/web1/louisr/public_html/wtv/matchmate/backup/backup/flash/images title_rules.gif
98.03.28 02:06 B C:\Louis\matchmate\images\title_welcome.gif --> www.teletrex.com /webadmin/home/web1/louisr/public_html/wtv/matchmate/backup/backup/flash/images title_welcome.gif
98.03.28 02:06 B C:\Louis\matchmate\images\title_you_lose.gif --> www.teletrex.com /webadmin/home/web1/louisr/public_html/wtv/matchmate/backup/backup/flash/images title_you_lose.gif
98.03.28 02:06 B C:\Louis\matchmate\images\winner_ani.gif --> www.teletrex.com /webadmin/home/web1/louisr/public_html/wtv/matchmate/backup/backup/flash/images winner_ani.gif
98.03.28 02:06 B C:\Louis\matchmate\images\winner_ani_slow.gif --> www.teletrex.com /webadmin/home/web1/louisr/public_html/wtv/matchmate/backup/backup/flash/images winner_ani_slow.gif
98.03.28 02:07 B C:\Louis\matchmate\images\WS_FTP.LOG --> www.teletrex.com /webadmin/home/web1/louisr/public_html/wtv/matchmate/backup/backup/flash/images WS_FTP.LOG
98.03.28 02:10 B C:\Louis\matchmate\images\arrow.gif --> www.teletrex.com /webadmin/home/web1/louisr/public_html/wtv/matchmate/images arrow.gif
98.03.28 02:10 B C:\Louis\matchmate\images\arrowani1.gif --> www.teletrex.com /webadmin/home/web1/louisr/public_html/wtv/matchmate/images arrowani1.gif
98.03.28 02:10 B C:\Louis\matchmate\images\arrowani2.gif --> www.teletrex.com /webadmin/home/web1/louisr/public_html/wtv/matchmate/images arrowani2.gif
98.03.28 02:10 B C:\Louis\matchmate\images\arrowani3.gif --> www.teletrex.com /webadmin/home/web1/louisr/public_html/wtv/matchmate/images arrowani3.gif
98.03.28 02:10 B C:\Louis\matchmate\images\arrowani4.gif --> www.teletrex.com /webadmin/home/web1/louisr/public_html/wtv/matchmate/images arrowani4.gif
98.03.28 02:10 B C:\Louis\matchmate\images\arrowani5.gif --> www.teletrex.com /webadmin/home/web1/louisr/public_html/wtv/matchmate/images arrowani5.gif
98.03.28 02:10 B C:\Louis\matchmate\images\arrowani6.gif --> www.teletrex.com /webadmin/home/web1/louisr/public_html/wtv/matchmate/images arrowani6.gif
98.03.28 02:10 B C:\Louis\matchmate\images\arrowani7.gif --> www.teletrex.com /webadmin/home/web1/louisr/public_html/wtv/matchmate/images arrowani7.gif
98.03.28 02:10 B C:\Louis\matchmate\images\arrowani8.gif --> www.teletrex.com /webadmin/home/web1/louisr/public_html/wtv/matchmate/images arrowani8.gif
98.03.28 02:10 B C:\Louis\matchmate\images\arrowani9.gif --> www.teletrex.com /webadmin/home/web1/louisr/public_html/wtv/matchmate/images arrowani9.gif
98.03.28 02:10 B C:\Louis\matchmate\images\arrownew.gif --> www.teletrex.com /webadmin/home/web1/louisr/public_html/wtv/matchmate/images arrownew.gif
98.03.28 02:10 B C:\Louis\matchmate\images\arrowspin.gif --> www.teletrex.com /webadmin/home/web1/louisr/public_html/wtv/matchmate/images arrowspin.gif
98.03.28 02:10 B C:\Louis\matchmate\images\blink1_ani.gif --> www.teletrex.com /webadmin/home/web1/louisr/public_html/wtv/matchmate/images blink1_ani.gif
98.03.28 02:10 B C:\Louis\matchmate\images\blink2_ani.gif --> www.teletrex.com /webadmin/home/web1/louisr/public_html/wtv/matchmate/images blink2_ani.gif
98.03.28 02:10 B C:\Louis\matchmate\images\blink3_ani.gif --> www.teletrex.com /webadmin/home/web1/louisr/public_html/wtv/matchmate/images blink3_ani.gif
98.03.28 02:10 B C:\Louis\matchmate\images\bubble.gif --> www.teletrex.com /webadmin/home/web1/louisr/public_html/wtv/matchmate/images bubble.gif
98.03.28 02:10 B C:\Louis\matchmate\images\button_more_info.gif --> www.teletrex.com /webadmin/home/web1/louisr/public_html/wtv/matchmate/images button_more_info.gif
98.03.28 02:10 B C:\Louis\matchmate\images\button_play.gif --> www.teletrex.com /webadmin/home/web1/louisr/public_html/wtv/matchmate/images button_play.gif
98.03.28 02:10 B C:\Louis\matchmate\images\button_play_again.gif --> www.teletrex.com /webadmin/home/web1/louisr/public_html/wtv/matchmate/images button_play_again.gif
98.03.28 02:10 B C:\Louis\matchmate\images\button_quit.gif --> www.teletrex.com /webadmin/home/web1/louisr/public_html/wtv/matchmate/images button_quit.gif
98.03.28 02:10 B C:\Louis\matchmate\images\button_rules.gif --> www.teletrex.com /webadmin/home/web1/louisr/public_html/wtv/matchmate/images button_rules.gif
98.03.28 02:10 B C:\Louis\matchmate\images\char1_thug.gif --> www.teletrex.com /webadmin/home/web1/louisr/public_html/wtv/matchmate/images char1_thug.gif
98.03.28 02:10 B C:\Louis\matchmate\images\char2_musicman.gif --> www.teletrex.com /webadmin/home/web1/louisr/public_html/wtv/matchmate/images char2_musicman.gif
98.03.28 02:10 B C:\Louis\matchmate\images\char3_wilma.gif --> www.teletrex.com /webadmin/home/web1/louisr/public_html/wtv/matchmate/images char3_wilma.gif
98.03.28 02:10 B C:\Louis\matchmate\images\char4_betty.gif --> www.teletrex.com /webadmin/home/web1/louisr/public_html/wtv/matchmate/images char4_betty.gif
98.03.28 02:10 B C:\Louis\matchmate\images\chester_rules.gif --> www.teletrex.com /webadmin/home/web1/louisr/public_html/wtv/matchmate/images chester_rules.gif
98.03.28 02:10 B C:\Louis\matchmate\images\chester_welcome.gif --> www.teletrex.com /webadmin/home/web1/louisr/public_html/wtv/matchmate/images chester_welcome.gif
98.03.28 02:10 B C:\Louis\matchmate\images\choose_ani.gif --> www.teletrex.com /webadmin/home/web1/louisr/public_html/wtv/matchmate/images choose_ani.gif
98.03.28 02:10 B C:\Louis\matchmate\images\full_bg1.gif --> www.teletrex.com /webadmin/home/web1/louisr/public_html/wtv/matchmate/images full_bg1.gif
98.03.28 02:10 B C:\Louis\matchmate\images\full_bg_game.gif --> www.teletrex.com /webadmin/home/web1/louisr/public_html/wtv/matchmate/images full_bg_game.gif
98.03.28 02:10 B C:\Louis\matchmate\images\full_bg_game.jpg --> www.teletrex.com /webadmin/home/web1/louisr/public_html/wtv/matchmate/images full_bg_game.jpg
98.03.28 02:10 B C:\Louis\matchmate\images\game_bg.gif --> www.teletrex.com /webadmin/home/web1/louisr/public_html/wtv/matchmate/images game_bg.gif
98.03.28 02:10 B C:\Louis\matchmate\images\lose_ani.gif --> www.teletrex.com /webadmin/home/web1/louisr/public_html/wtv/matchmate/images lose_ani.gif
98.03.28 02:10 B C:\Louis\matchmate\images\mm_logo_lg.gif --> www.teletrex.com /webadmin/home/web1/louisr/public_html/wtv/matchmate/images mm_logo_lg.gif
98.03.28 02:10 B C:\Louis\matchmate\images\mm_logo_sm.gif --> www.teletrex.com /webadmin/home/web1/louisr/public_html/wtv/matchmate/images mm_logo_sm.gif
98.03.28 02:10 B C:\Louis\matchmate\images\player0_bg_off.gif --> www.teletrex.com /webadmin/home/web1/louisr/public_html/wtv/matchmate/images player0_bg_off.gif
98.03.28 02:10 B C:\Louis\matchmate\images\player0_bg_on.gif --> www.teletrex.com /webadmin/home/web1/louisr/public_html/wtv/matchmate/images player0_bg_on.gif
98.03.28 02:10 B C:\Louis\matchmate\images\player0_bg_onnew.gif --> www.teletrex.com /webadmin/home/web1/louisr/public_html/wtv/matchmate/images player0_bg_onnew.gif
98.03.28 02:10 B C:\Louis\matchmate\images\player1_bg_off.gif --> www.teletrex.com /webadmin/home/web1/louisr/public_html/wtv/matchmate/images player1_bg_off.gif
98.03.28 02:10 B C:\Louis\matchmate\images\player1_bg_on.gif --> www.teletrex.com /webadmin/home/web1/louisr/public_html/wtv/matchmate/images player1_bg_on.gif
98.03.28 02:10 B C:\Louis\matchmate\images\player1_bg_onnew.gif --> www.teletrex.com /webadmin/home/web1/louisr/public_html/wtv/matchmate/images player1_bg_onnew.gif
98.03.28 02:10 B C:\Louis\matchmate\images\spacer.gif --> www.teletrex.com /webadmin/home/web1/louisr/public_html/wtv/matchmate/images spacer.gif
98.03.28 02:10 B C:\Louis\matchmate\images\status.gif --> www.teletrex.com /webadmin/home/web1/louisr/public_html/wtv/matchmate/images status.gif
98.03.28 02:10 B C:\Louis\matchmate\images\status2.gif --> www.teletrex.com /webadmin/home/web1/louisr/public_html/wtv/matchmate/images status2.gif
98.03.28 02:10 B C:\Louis\matchmate\images\TemplateGames.gif --> www.teletrex.com /webadmin/home/web1/louisr/public_html/wtv/matchmate/images TemplateGames.gif
98.03.28 02:10 B C:\Louis\matchmate\images\tile1.gif --> www.teletrex.com /webadmin/home/web1/louisr/public_html/wtv/matchmate/images tile1.gif
98.03.28 02:10 B C:\Louis\matchmate\images\tile2.gif --> www.teletrex.com /webadmin/home/web1/louisr/public_html/wtv/matchmate/images tile2.gif
98.03.28 02:10 B C:\Louis\matchmate\images\title_credits.gif --> www.teletrex.com /webadmin/home/web1/louisr/public_html/wtv/matchmate/images title_credits.gif
98.03.28 02:10 B C:\Louis\matchmate\images\title_rules.gif --> www.teletrex.com /webadmin/home/web1/louisr/public_html/wtv/matchmate/images title_rules.gif
98.03.28 02:10 B C:\Louis\matchmate\images\title_welcome.gif --> www.teletrex.com /webadmin/home/web1/louisr/public_html/wtv/matchmate/images title_welcome.gif
98.03.28 02:10 B C:\Louis\matchmate\images\title_you_lose.gif --> www.teletrex.com /webadmin/home/web1/louisr/public_html/wtv/matchmate/images title_you_lose.gif
98.03.28 02:10 B C:\Louis\matchmate\images\winner_ani.gif --> www.teletrex.com /webadmin/home/web1/louisr/public_html/wtv/matchmate/images winner_ani.gif
98.03.28 02:10 B C:\Louis\matchmate\images\winner_ani_slow.gif --> www.teletrex.com /webadmin/home/web1/louisr/public_html/wtv/matchmate/images winner_ani_slow.gif
98.03.28 02:46 B C:\Louis\matchmate\images\strip_bg_game.gif --> www.teletrex.com /webadmin/home/web1/louisr/public_html/wtv/matchmate/images strip_bg_game.gif
98.03.28 02:51 B C:\Louis\matchmate\images\mm_logo_sm.gif --> www.teletrex.com /webadmin/home/web1/louisr/public_html/wtv/matchmate/images mm_logo_sm.gif
98.03.28 02:52 B C:\Louis\matchmate\images\mm_logo_sm.gif --> www.teletrex.com /webadmin/home/web1/louisr/public_html/wtv/matchmate/images mm_logo_sm.gif
98.03.28 03:02 B C:\Louis\matchmate\images\mm_logo_sm.jpg --> www.teletrex.com /webadmin/home/web1/louisr/public_html/wtv/matchmate/images mm_logo_sm.jpg
98.03.28 03:05 B C:\Louis\matchmate\images\mm_logo_sm.jpg --> www.teletrex.com /webadmin/home/web1/louisr/public_html/wtv/matchmate/images mm_logo_sm.jpg
98.03.28 03:09 B C:\Louis\matchmate\images\mm_logo_sm.jpg --> www.teletrex.com /webadmin/home/web1/louisr/public_html/wtv/matchmate/images mm_logo_sm.jpg
98.03.28 03:11 B C:\Louis\matchmate\images\mm_logo_sm.jpg --> www.teletrex.com /webadmin/home/web1/louisr/public_html/wtv/matchmate/images mm_logo_sm.jpg
98.03.28 03:13 B C:\Louis\matchmate\images\mm_logo_sm.jpg --> www.teletrex.com /webadmin/home/web1/louisr/public_html/wtv/matchmate/images mm_logo_sm.jpg
98.03.28 03:16 B C:\Louis\matchmate\images\mm_logo_sm.jpg --> www.teletrex.com /webadmin/home/web1/louisr/public_html/wtv/matchmate/images mm_logo_sm.jpg
98.03.28 03:17 B C:\Louis\matchmate\images\strip_bg_game.gif --> www.teletrex.com /webadmin/home/web1/louisr/public_html/wtv/matchmate/images strip_bg_game.gif
98.03.28 03:19 B C:\Louis\matchmate\images\strip_bg_game.gif --> www.teletrex.com /webadmin/home/web1/louisr/public_html/wtv/matchmate/images strip_bg_game.gif
98.03.28 03:20 B C:\Louis\matchmate\images\strip_bg_game.gif --> www.teletrex.com /webadmin/home/web1/louisr/public_html/wtv/matchmate/images strip_bg_game.gif
98.03.28 03:33 B C:\Louis\matchmate\images\mm_logo_sm.jpg --> www.teletrex.com /webadmin/home/web1/louisr/public_html/wtv/matchmate/images mm_logo_sm.jpg
98.03.30 15:13 B C:\Louis\matchmate\images\0.gif <-- teletrex /webadmin/home/web1/louisr/public_html/wtv/matchmate/images 0.gif
98.03.30 15:13 B C:\Louis\matchmate\images\1.gif <-- teletrex /webadmin/home/web1/louisr/public_html/wtv/matchmate/images 1.gif
98.03.30 15:13 B C:\Louis\matchmate\images\2.gif <-- teletrex /webadmin/home/web1/louisr/public_html/wtv/matchmate/images 2.gif
98.03.30 15:13 B C:\Louis\matchmate\images\3.gif <-- teletrex /webadmin/home/web1/louisr/public_html/wtv/matchmate/images 3.gif
98.03.30 15:13 B C:\Louis\matchmate\images\4.gif <-- teletrex /webadmin/home/web1/louisr/public_html/wtv/matchmate/images 4.gif
98.03.30 15:13 B C:\Louis\matchmate\images\5.gif <-- teletrex /webadmin/home/web1/louisr/public_html/wtv/matchmate/images 5.gif
98.03.30 15:13 B C:\Louis\matchmate\images\6.gif <-- teletrex /webadmin/home/web1/louisr/public_html/wtv/matchmate/images 6.gif
98.03.30 15:13 B C:\Louis\matchmate\images\7.gif <-- teletrex /webadmin/home/web1/louisr/public_html/wtv/matchmate/images 7.gif
98.03.30 15:13 B C:\Louis\matchmate\images\8.gif <-- teletrex /webadmin/home/web1/louisr/public_html/wtv/matchmate/images 8.gif
98.03.30 15:24 B C:\Louis\matchmate\images\0.gif --> www.teletrex.com /webadmin/home/web1/louisr/public_html/wtv/matchmate/images 0.gif
98.03.30 15:24 B C:\Louis\matchmate\images\1.gif --> www.teletrex.com /webadmin/home/web1/louisr/public_html/wtv/matchmate/images 1.gif
98.03.30 15:24 B C:\Louis\matchmate\images\2.gif --> www.teletrex.com /webadmin/home/web1/louisr/public_html/wtv/matchmate/images 2.gif
98.03.30 15:24 B C:\Louis\matchmate\images\3.gif --> www.teletrex.com /webadmin/home/web1/louisr/public_html/wtv/matchmate/images 3.gif
98.03.30 15:24 B C:\Louis\matchmate\images\4.gif --> www.teletrex.com /webadmin/home/web1/louisr/public_html/wtv/matchmate/images 4.gif
98.03.30 15:24 B C:\Louis\matchmate\images\5.gif --> www.teletrex.com /webadmin/home/web1/louisr/public_html/wtv/matchmate/images 5.gif
98.03.30 15:24 B C:\Louis\matchmate\images\6.gif --> www.teletrex.com /webadmin/home/web1/louisr/public_html/wtv/matchmate/images 6.gif
98.03.30 15:24 B C:\Louis\matchmate\images\7.gif --> www.teletrex.com /webadmin/home/web1/louisr/public_html/wtv/matchmate/images 7.gif
98.03.30 15:24 B C:\Louis\matchmate\images\8.gif --> www.teletrex.com /webadmin/home/web1/louisr/public_html/wtv/matchmate/images 8.gif
98.03.30 18:30 B C:\Louis\matchmate\images\0.gif --> www.woofie.com /u1/vhome/louis/www/wtv/matchmate/images 0.gif
98.03.30 18:30 B C:\Louis\matchmate\images\1.gif --> www.woofie.com /u1/vhome/louis/www/wtv/matchmate/images 1.gif
98.03.30 18:30 B C:\Louis\matchmate\images\2.gif --> www.woofie.com /u1/vhome/louis/www/wtv/matchmate/images 2.gif
98.03.30 18:30 B C:\Louis\matchmate\images\3.gif --> www.woofie.com /u1/vhome/louis/www/wtv/matchmate/images 3.gif
98.03.30 18:30 B C:\Louis\matchmate\images\4.gif --> www.woofie.com /u1/vhome/louis/www/wtv/matchmate/images 4.gif
98.03.30 18:30 B C:\Louis\matchmate\images\5.gif --> www.woofie.com /u1/vhome/louis/www/wtv/matchmate/images 5.gif
98.03.30 18:30 B C:\Louis\matchmate\images\6.gif --> www.woofie.com /u1/vhome/louis/www/wtv/matchmate/images 6.gif
98.03.30 18:30 B C:\Louis\matchmate\images\7.gif --> www.woofie.com /u1/vhome/louis/www/wtv/matchmate/images 7.gif
98.03.30 18:30 B C:\Louis\matchmate\images\8.gif --> www.woofie.com /u1/vhome/louis/www/wtv/matchmate/images 8.gif
98.03.30 18:31 B C:\Louis\matchmate\images\mm_logo_sm.jpg --> www.woofie.com /u1/vhome/louis/www/wtv/matchmate/images mm_logo_sm.jpg
98.03.30 18:31 B C:\Louis\matchmate\images\strip_bg_game.gif --> www.woofie.com /u1/vhome/louis/www/wtv/matchmate/images strip_bg_game.gif
98.03.31 01:22 B C:\Louis\matchmate\images\test.gif --> www.woofie.com /u1/vhome/louis/www/wtv/arcade test.gif
98.03.31 01:23 B C:\Louis\matchmate\images\test.gif --> www.woofie.com /u1/vhome/louis/www/wtv/arcade test.gif
98.03.31 15:33 B C:\Louis\matchmatens\images\0.gif --> www.woofie.com /u1/vhome/louis/www/matchmatens/images 0.gif
98.03.31 15:33 B C:\Louis\matchmatens\images\1.gif --> www.woofie.com /u1/vhome/louis/www/matchmatens/images 1.gif
98.03.31 15:33 B C:\Louis\matchmatens\images\2.gif --> www.woofie.com /u1/vhome/louis/www/matchmatens/images 2.gif
98.03.31 15:33 B C:\Louis\matchmatens\images\3.gif --> www.woofie.com /u1/vhome/louis/www/matchmatens/images 3.gif
98.03.31 15:33 B C:\Louis\matchmatens\images\4.gif --> www.woofie.com /u1/vhome/louis/www/matchmatens/images 4.gif
98.03.31 15:33 B C:\Louis\matchmatens\images\5.gif --> www.woofie.com /u1/vhome/louis/www/matchmatens/images 5.gif
98.03.31 15:33 B C:\Louis\matchmatens\images\6.gif --> www.woofie.com /u1/vhome/louis/www/matchmatens/images 6.gif
98.03.31 15:33 B C:\Louis\matchmatens\images\7.gif --> www.woofie.com /u1/vhome/louis/www/matchmatens/images 7.gif
98.03.31 15:33 B C:\Louis\matchmatens\images\8.gif --> www.woofie.com /u1/vhome/louis/www/matchmatens/images 8.gif
98.03.31 15:33 B C:\Louis\matchmatens\images\arrow.gif --> www.woofie.com /u1/vhome/louis/www/matchmatens/images arrow.gif
98.03.31 15:33 B C:\Louis\matchmatens\images\arrowani1.gif --> www.woofie.com /u1/vhome/louis/www/matchmatens/images arrowani1.gif
98.03.31 15:33 B C:\Louis\matchmatens\images\arrowani2.gif --> www.woofie.com /u1/vhome/louis/www/matchmatens/images arrowani2.gif
98.03.31 15:33 B C:\Louis\matchmatens\images\arrowani3.gif --> www.woofie.com /u1/vhome/louis/www/matchmatens/images arrowani3.gif
98.03.31 15:33 B C:\Louis\matchmatens\images\arrowani4.gif --> www.woofie.com /u1/vhome/louis/www/matchmatens/images arrowani4.gif
98.03.31 15:33 B C:\Louis\matchmatens\images\arrowani5.gif --> www.woofie.com /u1/vhome/louis/www/matchmatens/images arrowani5.gif
98.03.31 15:33 B C:\Louis\matchmatens\images\arrowani6.gif --> www.woofie.com /u1/vhome/louis/www/matchmatens/images arrowani6.gif
98.03.31 15:33 B C:\Louis\matchmatens\images\arrowani7.gif --> www.woofie.com /u1/vhome/louis/www/matchmatens/images arrowani7.gif
98.03.31 15:33 B C:\Louis\matchmatens\images\arrowani8.gif --> www.woofie.com /u1/vhome/louis/www/matchmatens/images arrowani8.gif
98.03.31 15:33 B C:\Louis\matchmatens\images\arrowani9.gif --> www.woofie.com /u1/vhome/louis/www/matchmatens/images arrowani9.gif
98.03.31 15:33 B C:\Louis\matchmatens\images\arrownew.gif --> www.woofie.com /u1/vhome/louis/www/matchmatens/images arrownew.gif
98.03.31 15:33 B C:\Louis\matchmatens\images\arrowspin.gif --> www.woofie.com /u1/vhome/louis/www/matchmatens/images arrowspin.gif
98.03.31 15:33 B C:\Louis\matchmatens\images\blink1_ani.gif --> www.woofie.com /u1/vhome/louis/www/matchmatens/images blink1_ani.gif
98.03.31 15:33 B C:\Louis\matchmatens\images\blink2_ani.gif --> www.woofie.com /u1/vhome/louis/www/matchmatens/images blink2_ani.gif
98.03.31 15:33 B C:\Louis\matchmatens\images\blink3_ani.gif --> www.woofie.com /u1/vhome/louis/www/matchmatens/images blink3_ani.gif
98.03.31 15:33 B C:\Louis\matchmatens\images\bubble.gif --> www.woofie.com /u1/vhome/louis/www/matchmatens/images bubble.gif
98.03.31 15:33 B C:\Louis\matchmatens\images\button_more_info.gif --> www.woofie.com /u1/vhome/louis/www/matchmatens/images button_more_info.gif
98.03.31 15:34 B C:\Louis\matchmatens\images\button_play.gif --> www.woofie.com /u1/vhome/louis/www/matchmatens/images button_play.gif
98.03.31 15:34 B C:\Louis\matchmatens\images\button_play_again.gif --> www.woofie.com /u1/vhome/louis/www/matchmatens/images button_play_again.gif
98.03.31 15:34 B C:\Louis\matchmatens\images\button_quit.gif --> www.woofie.com /u1/vhome/louis/www/matchmatens/images button_quit.gif
98.03.31 15:34 B C:\Louis\matchmatens\images\button_rules.gif --> www.woofie.com /u1/vhome/louis/www/matchmatens/images button_rules.gif
98.03.31 15:34 B C:\Louis\matchmatens\images\char1_thug.gif --> www.woofie.com /u1/vhome/louis/www/matchmatens/images char1_thug.gif
98.03.31 15:34 B C:\Louis\matchmatens\images\char2_musicman.gif --> www.woofie.com /u1/vhome/louis/www/matchmatens/images char2_musicman.gif
98.03.31 15:34 B C:\Louis\matchmatens\images\char3_wilma.gif --> www.woofie.com /u1/vhome/louis/www/matchmatens/images char3_wilma.gif
98.03.31 15:34 B C:\Louis\matchmatens\images\char4_betty.gif --> www.woofie.com /u1/vhome/louis/www/matchmatens/images char4_betty.gif
98.03.31 15:34 B C:\Louis\matchmatens\images\chester_rules.gif --> www.woofie.com /u1/vhome/louis/www/matchmatens/images chester_rules.gif
98.03.31 15:34 B C:\Louis\matchmatens\images\chester_welcome.gif --> www.woofie.com /u1/vhome/louis/www/matchmatens/images chester_welcome.gif
98.03.31 15:34 B C:\Louis\matchmatens\images\choose_ani.gif --> www.woofie.com /u1/vhome/louis/www/matchmatens/images choose_ani.gif
98.03.31 15:34 B C:\Louis\matchmatens\images\empty.gif --> www.woofie.com /u1/vhome/louis/www/matchmatens/images empty.gif
98.03.31 15:34 B C:\Louis\matchmatens\images\full_bg1.gif --> www.woofie.com /u1/vhome/louis/www/matchmatens/images full_bg1.gif
98.03.31 15:34 B C:\Louis\matchmatens\images\full_bg1.jpg --> www.woofie.com /u1/vhome/louis/www/matchmatens/images full_bg1.jpg
98.03.31 15:34 B C:\Louis\matchmatens\images\full_bg_game.gif --> www.woofie.com /u1/vhome/louis/www/matchmatens/images full_bg_game.gif
98.03.31 15:34 B C:\Louis\matchmatens\images\full_bg_game.jpg --> www.woofie.com /u1/vhome/louis/www/matchmatens/images full_bg_game.jpg
98.03.31 15:34 B C:\Louis\matchmatens\images\game_bg.gif --> www.woofie.com /u1/vhome/louis/www/matchmatens/images game_bg.gif
98.03.31 15:34 B C:\Louis\matchmatens\images\lose_ani.gif --> www.woofie.com /u1/vhome/louis/www/matchmatens/images lose_ani.gif
98.03.31 15:34 B C:\Louis\matchmatens\images\mm_logo_lg.gif --> www.woofie.com /u1/vhome/louis/www/matchmatens/images mm_logo_lg.gif
98.03.31 15:34 B C:\Louis\matchmatens\images\mm_logo_sm.gif --> www.woofie.com /u1/vhome/louis/www/matchmatens/images mm_logo_sm.gif
98.03.31 15:34 B C:\Louis\matchmatens\images\mm_logo_sm.jpg --> www.woofie.com /u1/vhome/louis/www/matchmatens/images mm_logo_sm.jpg
98.03.31 15:34 B C:\Louis\matchmatens\images\player0_bg_off.gif --> www.woofie.com /u1/vhome/louis/www/matchmatens/images player0_bg_off.gif
98.03.31 15:34 B C:\Louis\matchmatens\images\player0_bg_on.gif --> www.woofie.com /u1/vhome/louis/www/matchmatens/images player0_bg_on.gif
98.03.31 15:34 B C:\Louis\matchmatens\images\player0_bg_onnew.gif --> www.woofie.com /u1/vhome/louis/www/matchmatens/images player0_bg_onnew.gif
98.03.31 15:34 B C:\Louis\matchmatens\images\player1_bg_off.gif --> www.woofie.com /u1/vhome/louis/www/matchmatens/images player1_bg_off.gif
98.03.31 15:34 B C:\Louis\matchmatens\images\player1_bg_on.gif --> www.woofie.com /u1/vhome/louis/www/matchmatens/images player1_bg_on.gif
98.03.31 15:34 B C:\Louis\matchmatens\images\player1_bg_onnew.gif --> www.woofie.com /u1/vhome/louis/www/matchmatens/images player1_bg_onnew.gif
98.03.31 15:34 B C:\Louis\matchmatens\images\spacer.gif --> www.woofie.com /u1/vhome/louis/www/matchmatens/images spacer.gif
98.03.31 15:35 B C:\Louis\matchmatens\images\status.gif --> www.woofie.com /u1/vhome/louis/www/matchmatens/images status.gif
98.03.31 15:35 B C:\Louis\matchmatens\images\status2.gif --> www.woofie.com /u1/vhome/louis/www/matchmatens/images status2.gif
98.03.31 15:35 B C:\Louis\matchmatens\images\strip_bg_game.gif --> www.woofie.com /u1/vhome/louis/www/matchmatens/images strip_bg_game.gif
98.03.31 15:35 B C:\Louis\matchmatens\images\TemplateGames.gif --> www.woofie.com /u1/vhome/louis/www/matchmatens/images TemplateGames.gif
98.03.31 15:35 B C:\Louis\matchmatens\images\test.gif --> www.woofie.com /u1/vhome/louis/www/matchmatens/images test.gif
98.03.31 15:35 B C:\Louis\matchmatens\images\tile1.gif --> www.woofie.com /u1/vhome/louis/www/matchmatens/images tile1.gif
98.03.31 15:35 B C:\Louis\matchmatens\images\tile2.gif --> www.woofie.com /u1/vhome/louis/www/matchmatens/images tile2.gif
98.03.31 15:35 B C:\Louis\matchmatens\images\title_credits.gif --> www.woofie.com /u1/vhome/louis/www/matchmatens/images title_credits.gif
98.03.31 15:35 B C:\Louis\matchmatens\images\title_rules.gif --> www.woofie.com /u1/vhome/louis/www/matchmatens/images title_rules.gif
98.03.31 15:35 B C:\Louis\matchmatens\images\title_welcome.gif --> www.woofie.com /u1/vhome/louis/www/matchmatens/images title_welcome.gif
98.03.31 15:35 B C:\Louis\matchmatens\images\title_you_lose.gif --> www.woofie.com /u1/vhome/louis/www/matchmatens/images title_you_lose.gif
98.03.31 15:35 B C:\Louis\matchmatens\images\winner_ani.gif --> www.woofie.com /u1/vhome/louis/www/matchmatens/images winner_ani.gif
98.03.31 15:35 B C:\Louis\matchmatens\images\winner_ani_slow.gif --> www.woofie.com /u1/vhome/louis/www/matchmatens/images winner_ani_slow.gif
