98.03.24 17:31 A C:\Louis\matchmate\backup\credits.html <-- woofie /u1/vhome/louis/www/wtv/matchmate credits.html
98.03.24 17:31 A C:\Louis\matchmate\backup\flyin.html <-- woofie /u1/vhome/louis/www/wtv/matchmate flyin.html
98.03.24 17:31 A C:\Louis\matchmate\backup\game.html <-- woofie /u1/vhome/louis/www/wtv/matchmate game.html
98.03.24 17:31 A C:\Louis\matchmate\backup\gamewithmystatus.html <-- woofie /u1/vhome/louis/www/wtv/matchmate gamewithmystatus.html
98.03.24 17:31 A C:\Louis\matchmate\backup\index.html <-- woofie /u1/vhome/louis/www/wtv/matchmate index.html
98.03.24 17:31 A C:\Louis\matchmate\backup\indexstatus.html <-- woofie /u1/vhome/louis/www/wtv/matchmate indexstatus.html
98.03.24 17:31 A C:\Louis\matchmate\backup\lose.html <-- woofie /u1/vhome/louis/www/wtv/matchmate lose.html
98.03.24 17:31 A C:\Louis\matchmate\backup\lose1.html <-- woofie /u1/vhome/louis/www/wtv/matchmate lose1.html
98.03.24 17:31 A C:\Louis\matchmate\backup\player1.html <-- woofie /u1/vhome/louis/www/wtv/matchmate player1.html
98.03.24 17:31 A C:\Louis\matchmate\backup\player1status.html <-- woofie /u1/vhome/louis/www/wtv/matchmate player1status.html
98.03.24 17:31 A C:\Louis\matchmate\backup\player2.html <-- woofie /u1/vhome/louis/www/wtv/matchmate player2.html
98.03.24 17:31 A C:\Louis\matchmate\backup\rules.html <-- woofie /u1/vhome/louis/www/wtv/matchmate rules.html
98.03.24 17:31 A C:\Louis\matchmate\backup\rules1.html <-- woofie /u1/vhome/louis/www/wtv/matchmate rules1.html
98.03.24 17:31 A C:\Louis\matchmate\backup\rules2.html <-- woofie /u1/vhome/louis/www/wtv/matchmate rules2.html
98.03.24 17:31 A C:\Louis\matchmate\backup\rules3.html <-- woofie /u1/vhome/louis/www/wtv/matchmate rules3.html
98.03.24 17:31 A C:\Louis\matchmate\backup\status.gif <-- woofie /u1/vhome/louis/www/wtv/matchmate status.gif
98.03.24 17:31 A C:\Louis\matchmate\backup\test.html <-- woofie /u1/vhome/louis/www/wtv/matchmate test.html
98.03.24 17:31 A C:\Louis\matchmate\backup\webtvpresents.html <-- woofie /u1/vhome/louis/www/wtv/matchmate webtvpresents.html
98.03.24 17:31 A C:\Louis\matchmate\backup\win.html <-- woofie /u1/vhome/louis/www/wtv/matchmate win.html
98.03.24 17:32 A C:\Louis\matchmate\backup\credits.html --> www.woofie.com /u1/vhome/louis/www/wtv/matchmate/backup credits.html
98.03.24 17:32 A C:\Louis\matchmate\backup\flyin.html --> www.woofie.com /u1/vhome/louis/www/wtv/matchmate/backup flyin.html
98.03.24 17:32 A C:\Louis\matchmate\backup\game.html --> www.woofie.com /u1/vhome/louis/www/wtv/matchmate/backup game.html
98.03.24 17:32 A C:\Louis\matchmate\backup\gamewithmystatus.html --> www.woofie.com /u1/vhome/louis/www/wtv/matchmate/backup gamewithmystatus.html
98.03.24 17:32 A C:\Louis\matchmate\backup\index.html --> www.woofie.com /u1/vhome/louis/www/wtv/matchmate/backup index.html
98.03.24 17:32 A C:\Louis\matchmate\backup\indexstatus.html --> www.woofie.com /u1/vhome/louis/www/wtv/matchmate/backup indexstatus.html
98.03.24 17:32 A C:\Louis\matchmate\backup\lose.html --> www.woofie.com /u1/vhome/louis/www/wtv/matchmate/backup lose.html
98.03.24 17:32 A C:\Louis\matchmate\backup\lose1.html --> www.woofie.com /u1/vhome/louis/www/wtv/matchmate/backup lose1.html
98.03.24 17:32 A C:\Louis\matchmate\backup\player1.html --> www.woofie.com /u1/vhome/louis/www/wtv/matchmate/backup player1.html
98.03.24 17:32 A C:\Louis\matchmate\backup\player1status.html --> www.woofie.com /u1/vhome/louis/www/wtv/matchmate/backup player1status.html
98.03.24 17:32 A C:\Louis\matchmate\backup\player2.html --> www.woofie.com /u1/vhome/louis/www/wtv/matchmate/backup player2.html
98.03.24 17:32 A C:\Louis\matchmate\backup\rules.html --> www.woofie.com /u1/vhome/louis/www/wtv/matchmate/backup rules.html
98.03.24 17:32 A C:\Louis\matchmate\backup\rules1.html --> www.woofie.com /u1/vhome/louis/www/wtv/matchmate/backup rules1.html
98.03.24 17:32 A C:\Louis\matchmate\backup\rules2.html --> www.woofie.com /u1/vhome/louis/www/wtv/matchmate/backup rules2.html
98.03.24 17:32 A C:\Louis\matchmate\backup\rules3.html --> www.woofie.com /u1/vhome/louis/www/wtv/matchmate/backup rules3.html
98.03.24 17:32 A C:\Louis\matchmate\backup\status.gif --> www.woofie.com /u1/vhome/louis/www/wtv/matchmate/backup status.gif
98.03.24 17:32 A C:\Louis\matchmate\backup\test.html --> www.woofie.com /u1/vhome/louis/www/wtv/matchmate/backup test.html
98.03.24 17:32 A C:\Louis\matchmate\backup\webtvpresents.html --> www.woofie.com /u1/vhome/louis/www/wtv/matchmate/backup webtvpresents.html
98.03.24 17:32 A C:\Louis\matchmate\backup\win.html --> www.woofie.com /u1/vhome/louis/www/wtv/matchmate/backup win.html
