97.10.01 11:16 B D:\LouisRoehrs\goofystuff\audioscope.html --> vp2.netgate.net /u1/vhome/louis/www/goofystuff audioscope.html
97.10.01 11:16 B D:\LouisRoehrs\goofystuff\kidstheme8.mid --> vp2.netgate.net /u1/vhome/louis/www/goofystuff kidstheme8.mid
97.10.01 11:16 B D:\LouisRoehrs\goofystuff\transition.html --> vp2.netgate.net /u1/vhome/louis/www/goofystuff transition.html
97.10.01 11:16 B D:\LouisRoehrs\goofystuff\transition2.html --> vp2.netgate.net /u1/vhome/louis/www/goofystuff transition2.html
97.10.01 11:45 B D:\LouisRoehrs\goofystuff\clocktest.html --> vp2.netgate.net /u1/vhome/louis/www clocktest.html
97.10.01 11:46 B D:\LouisRoehrs\goofystuff\clocktest.html --> vp2.netgate.net /u1/vhome/louis/www/goofystuff clocktest.html
97.10.01 11:48 B D:\LouisRoehrs\goofystuff\clocktest.html --> vp2.netgate.net /u1/vhome/louis/www clocktest.html
97.10.01 11:48 B D:\LouisRoehrs\goofystuff\clocktest.html --> vp2.netgate.net /u1/vhome/louis/www/goofystuff clocktest.html
97.10.01 12:06 B D:\LouisRoehrs\goofystuff\clocktest.html --> vp2.netgate.net /u1/vhome/louis/www/goofystuff clocktest.html
97.10.01 12:09 B D:\LouisRoehrs\goofystuff\clocktest.html --> vp2.netgate.net /u1/vhome/louis/www/goofystuff clocktest.html
97.10.01 12:10 B D:\LouisRoehrs\goofystuff\clocktest.html --> vp2.netgate.net /u1/vhome/louis/www/goofystuff clocktest.html
97.10.01 12:15 B D:\LouisRoehrs\goofystuff\clocktest.html --> vp2.netgate.net /u1/vhome/louis/www/goofystuff clocktest.html
97.10.01 12:15 B D:\LouisRoehrs\goofystuff\clocktest.html --> vp2.netgate.net /u1/vhome/louis/www/goofystuff clocktest.html
97.10.06 22:52 B D:\LouisRoehrs\goofystuff\audioscope.html --> ed.webtv.net /usr/home/tpark/public_html/louis/goofystuff audioscope.html
97.10.06 22:52 B D:\LouisRoehrs\goofystuff\clocktest.html --> ed.webtv.net /usr/home/tpark/public_html/louis/goofystuff clocktest.html
97.10.06 22:52 B D:\LouisRoehrs\goofystuff\kidstheme8.mid --> ed.webtv.net /usr/home/tpark/public_html/louis/goofystuff kidstheme8.mid
97.10.06 22:52 B D:\LouisRoehrs\goofystuff\money.html --> ed.webtv.net /usr/home/tpark/public_html/louis/goofystuff money.html
97.10.06 22:52 B D:\LouisRoehrs\goofystuff\transition.html --> ed.webtv.net /usr/home/tpark/public_html/louis/goofystuff transition.html
97.10.06 22:52 B D:\LouisRoehrs\goofystuff\transition2.html --> ed.webtv.net /usr/home/tpark/public_html/louis/goofystuff transition2.html
97.10.06 22:52 B D:\LouisRoehrs\goofystuff\WS_FTP.LOG --> ed.webtv.net /usr/home/tpark/public_html/louis/goofystuff WS_FTP.LOG
97.10.06 23:01 B D:\LouisRoehrs\goofystuff\money.html --> ed.webtv.net /usr/home/tpark/public_html/louis/goofystuff money.html
97.10.06 23:05 B D:\LouisRoehrs\goofystuff\money.html --> ed.webtv.net /usr/home/tpark/public_html/louis/goofystuff money.html
97.10.06 23:05 B D:\LouisRoehrs\goofystuff\money.html --> ed.webtv.net /usr/home/tpark/public_html/louis/goofystuff money.html
97.10.06 23:07 B D:\LouisRoehrs\goofystuff\money.html --> ed.webtv.net /usr/home/tpark/public_html/louis/goofystuff money.html
97.10.06 23:08 B D:\LouisRoehrs\goofystuff\money.html --> ed.webtv.net /usr/home/tpark/public_html/louis/goofystuff money.html
97.10.06 23:10 B D:\LouisRoehrs\goofystuff\money.html --> ed.webtv.net /usr/home/tpark/public_html/louis/goofystuff money.html
97.10.06 23:10 B D:\LouisRoehrs\goofystuff\money.html --> ed.webtv.net /usr/home/tpark/public_html/louis/goofystuff money.html
97.10.06 23:10 B D:\LouisRoehrs\goofystuff\money.html --> ed.webtv.net /usr/home/tpark/public_html/louis/goofystuff money.html
97.10.06 23:11 B D:\LouisRoehrs\goofystuff\money.html --> ed.webtv.net /usr/home/tpark/public_html/louis/goofystuff money.html
97.10.06 23:12 B D:\LouisRoehrs\goofystuff\money.html --> ed.webtv.net /usr/home/tpark/public_html/louis/goofystuff money.html
97.10.06 23:13 B D:\LouisRoehrs\goofystuff\money.html --> ed.webtv.net /usr/home/tpark/public_html/louis/goofystuff money.html
97.10.06 23:14 B D:\LouisRoehrs\goofystuff\money.html --> ed.webtv.net /usr/home/tpark/public_html/louis/goofystuff money.html
97.10.06 23:15 B D:\LouisRoehrs\goofystuff\money.html --> ed.webtv.net /usr/home/tpark/public_html/louis/goofystuff money.html
97.10.06 23:15 B D:\LouisRoehrs\goofystuff\money.html --> ed.webtv.net /usr/home/tpark/public_html/louis/goofystuff money.html
97.10.06 23:23 B D:\LouisRoehrs\goofystuff\money.html --> ed.webtv.net /usr/home/tpark/public_html/louis/goofystuff money.html
97.10.06 23:24 B D:\LouisRoehrs\goofystuff\money.html --> ed.webtv.net /usr/home/tpark/public_html/louis/goofystuff money.html
97.10.06 23:25 B D:\LouisRoehrs\goofystuff\money.html --> ed.webtv.net /usr/home/tpark/public_html/louis/goofystuff money.html
97.10.06 23:26 B D:\LouisRoehrs\goofystuff\money.html --> ed.webtv.net /usr/home/tpark/public_html/louis/goofystuff money.html
97.10.06 23:27 B D:\LouisRoehrs\goofystuff\audioscope.html --> ed.webtv.net /usr/home/tpark/public_html/louis/goofystuff audioscope.html
97.10.06 23:27 B D:\LouisRoehrs\goofystuff\transition.html --> ed.webtv.net /usr/home/tpark/public_html/louis/goofystuff transition.html
97.10.06 23:27 B D:\LouisRoehrs\goofystuff\transition2.html --> ed.webtv.net /usr/home/tpark/public_html/louis/goofystuff transition2.html
97.10.06 23:36 B D:\LouisRoehrs\goofystuff\audioscope.html --> ed.webtv.net /usr/home/tpark/public_html/louis/goofystuff/dynamic audioscope.html
97.10.06 23:36 B D:\LouisRoehrs\goofystuff\clocktest.html --> ed.webtv.net /usr/home/tpark/public_html/louis/goofystuff/dynamic clocktest.html
97.10.06 23:36 B D:\LouisRoehrs\goofystuff\kidstheme8.mid --> ed.webtv.net /usr/home/tpark/public_html/louis/goofystuff/dynamic kidstheme8.mid
97.10.06 23:36 B D:\LouisRoehrs\goofystuff\money.html --> ed.webtv.net /usr/home/tpark/public_html/louis/goofystuff/dynamic money.html
97.10.06 23:36 B D:\LouisRoehrs\goofystuff\transition.html --> ed.webtv.net /usr/home/tpark/public_html/louis/goofystuff/dynamic transition.html
97.10.06 23:36 B D:\LouisRoehrs\goofystuff\transition2.html --> ed.webtv.net /usr/home/tpark/public_html/louis/goofystuff/dynamic transition2.html
97.10.06 23:37 B D:\LouisRoehrs\goofystuff\audioscope.html --> ed.webtv.net /usr/home/tpark/public_html/louis/goofystuff/dynamic audioscope.html
97.10.06 23:37 B D:\LouisRoehrs\goofystuff\clocktest.html --> ed.webtv.net /usr/home/tpark/public_html/louis/goofystuff/dynamic clocktest.html
97.10.06 23:37 B D:\LouisRoehrs\goofystuff\kidstheme8.mid --> ed.webtv.net /usr/home/tpark/public_html/louis/goofystuff/dynamic kidstheme8.mid
97.10.06 23:37 B D:\LouisRoehrs\goofystuff\money.html --> ed.webtv.net /usr/home/tpark/public_html/louis/goofystuff/dynamic money.html
97.10.06 23:37 B D:\LouisRoehrs\goofystuff\transition.html --> ed.webtv.net /usr/home/tpark/public_html/louis/goofystuff/dynamic transition.html
97.10.06 23:37 B D:\LouisRoehrs\goofystuff\transition2.html --> ed.webtv.net /usr/home/tpark/public_html/louis/goofystuff/dynamic transition2.html
97.10.06 23:37 B D:\LouisRoehrs\goofystuff\audioscope.html --> ed.webtv.net /usr/home/tpark/public_html/louis/goofystuff audioscope.html
97.10.06 23:37 B D:\LouisRoehrs\goofystuff\clocktest.html --> ed.webtv.net /usr/home/tpark/public_html/louis/goofystuff clocktest.html
97.10.06 23:37 B D:\LouisRoehrs\goofystuff\kidstheme8.mid --> ed.webtv.net /usr/home/tpark/public_html/louis/goofystuff kidstheme8.mid
97.10.06 23:37 B D:\LouisRoehrs\goofystuff\money.html --> ed.webtv.net /usr/home/tpark/public_html/louis/goofystuff money.html
97.10.06 23:37 B D:\LouisRoehrs\goofystuff\transition.html --> ed.webtv.net /usr/home/tpark/public_html/louis/goofystuff transition.html
97.10.06 23:37 B D:\LouisRoehrs\goofystuff\transition2.html --> ed.webtv.net /usr/home/tpark/public_html/louis/goofystuff transition2.html
97.10.06 23:38 B D:\LouisRoehrs\goofystuff\plain.html --> ed.webtv.net /usr/home/tpark/public_html/louis/goofystuff plain.html
97.10.06 23:39 B D:\LouisRoehrs\goofystuff\money.html --> ed.webtv.net /usr/home/tpark/public_html/louis/goofystuff money.html
97.10.06 23:39 B D:\LouisRoehrs\goofystuff\plain.html --> ed.webtv.net /usr/home/tpark/public_html/louis/goofystuff plain.html
97.10.13 12:27 B D:\LouisRoehrs\goofystuff\audioscope.html --> vp2.netgate.net /u1/vhome/louis/www/wtv/goofystuff audioscope.html
97.10.13 12:27 B D:\LouisRoehrs\goofystuff\clocktest.html --> vp2.netgate.net /u1/vhome/louis/www/wtv/goofystuff clocktest.html
97.10.13 12:27 B D:\LouisRoehrs\goofystuff\kidstheme8.mid --> vp2.netgate.net /u1/vhome/louis/www/wtv/goofystuff kidstheme8.mid
97.10.13 12:27 B D:\LouisRoehrs\goofystuff\money.html --> vp2.netgate.net /u1/vhome/louis/www/wtv/goofystuff money.html
97.10.13 12:27 B D:\LouisRoehrs\goofystuff\plain.html --> vp2.netgate.net /u1/vhome/louis/www/wtv/goofystuff plain.html
97.10.13 12:27 B D:\LouisRoehrs\goofystuff\transition.html --> vp2.netgate.net /u1/vhome/louis/www/wtv/goofystuff transition.html
97.10.13 12:27 B D:\LouisRoehrs\goofystuff\transition2.html --> vp2.netgate.net /u1/vhome/louis/www/wtv/goofystuff transition2.html
97.10.13 12:27 B D:\LouisRoehrs\goofystuff\WS_FTP.LOG --> vp2.netgate.net /u1/vhome/louis/www/wtv/goofystuff WS_FTP.LOG
97.10.16 12:05 B D:\LouisRoehrs\goofystuff\samplealert.html --> ed.webtv.net /usr/home/tpark/public_html/louis/goofystuff samplealert.html
97.10.16 13:46 B D:\LouisRoehrs\goofystuff\samplealert.html --> ed.webtv.net /usr/home/tpark/public_html/louis/goofystuff samplealert.html
97.10.17 01:31 B D:\LouisRoehrs\goofystuff\tv.html --> ed.webtv.net /usr/home/tpark/public_html/louis/goofystuff tv.html
97.10.17 01:31 B D:\LouisRoehrs\goofystuff\tv.html --> vp2.netgate.net /u1/vhome/louis/www/wtv/goofystuff tv.html
97.10.17 01:34 B D:\LouisRoehrs\goofystuff\tv.html --> vp2.netgate.net /u1/vhome/louis/www/wtv/goofystuff tv.html
97.10.17 01:35 B D:\LouisRoehrs\goofystuff\tv.html --> vp2.netgate.net /u1/vhome/louis/www/wtv/goofystuff tv.html
97.10.17 01:38 B D:\LouisRoehrs\goofystuff\tv.html --> vp2.netgate.net /u1/vhome/louis/www/wtv/goofystuff tv.html
97.10.17 01:39 B D:\LouisRoehrs\goofystuff\tv.html --> vp2.netgate.net /u1/vhome/louis/www/wtv/goofystuff tv.html
97.10.17 01:41 B D:\LouisRoehrs\goofystuff\tv.html --> vp2.netgate.net /u1/vhome/louis/www/wtv/goofystuff tv.html
97.10.17 01:43 B D:\LouisRoehrs\goofystuff\tv.html --> vp2.netgate.net /u1/vhome/louis/www/wtv/goofystuff tv.html
97.10.17 01:44 B D:\LouisRoehrs\goofystuff\tv.html --> vp2.netgate.net /u1/vhome/louis/www/wtv/goofystuff tv.html
97.10.17 02:06 B D:\LouisRoehrs\goofystuff\vt100.html --> vp2.netgate.net /u1/vhome/louis/www/wtv/goofystuff vt100.html
97.10.21 19:51 B D:\LouisRoehrs\goofystuff\audioscope.html --> vp2.netgate.net /u1/vhome/louis/www/wtv/goofystuff audioscope.html
97.10.21 19:51 B D:\LouisRoehrs\goofystuff\clocktest.html --> vp2.netgate.net /u1/vhome/louis/www/wtv/goofystuff clocktest.html
97.10.21 19:51 B D:\LouisRoehrs\goofystuff\colorcenter.html --> vp2.netgate.net /u1/vhome/louis/www/wtv/goofystuff colorcenter.html
97.10.21 19:51 B D:\LouisRoehrs\goofystuff\kidstheme8.mid --> vp2.netgate.net /u1/vhome/louis/www/wtv/goofystuff kidstheme8.mid
97.10.21 19:51 B D:\LouisRoehrs\goofystuff\money.html --> vp2.netgate.net /u1/vhome/louis/www/wtv/goofystuff money.html
97.10.21 19:51 B D:\LouisRoehrs\goofystuff\plain.html --> vp2.netgate.net /u1/vhome/louis/www/wtv/goofystuff plain.html
97.10.21 19:51 B D:\LouisRoehrs\goofystuff\samplealert.html --> vp2.netgate.net /u1/vhome/louis/www/wtv/goofystuff samplealert.html
97.10.21 19:51 B D:\LouisRoehrs\goofystuff\transition.html --> vp2.netgate.net /u1/vhome/louis/www/wtv/goofystuff transition.html
97.10.21 19:51 B D:\LouisRoehrs\goofystuff\transition2.html --> vp2.netgate.net /u1/vhome/louis/www/wtv/goofystuff transition2.html
97.10.21 19:51 B D:\LouisRoehrs\goofystuff\tv.html --> vp2.netgate.net /u1/vhome/louis/www/wtv/goofystuff tv.html
97.10.21 19:51 B D:\LouisRoehrs\goofystuff\vt100.html --> vp2.netgate.net /u1/vhome/louis/www/wtv/goofystuff vt100.html
97.10.21 19:52 B D:\LouisRoehrs\goofystuff\WS_FTP.LOG --> vp2.netgate.net /u1/vhome/louis/www/wtv/goofystuff WS_FTP.LOG
97.10.21 20:55 B D:\LouisRoehrs\goofystuff\audioscope.html --> ed.webtv.net /usr/local/etc/apache_1.2.1/htdocs/tpark/public_html/louis/goofystuff audioscope.html
97.10.21 20:55 B D:\LouisRoehrs\goofystuff\clocktest.html --> ed.webtv.net /usr/local/etc/apache_1.2.1/htdocs/tpark/public_html/louis/goofystuff clocktest.html
97.10.21 20:55 B D:\LouisRoehrs\goofystuff\colorcenter.html --> ed.webtv.net /usr/local/etc/apache_1.2.1/htdocs/tpark/public_html/louis/goofystuff colorcenter.html
97.10.21 20:55 B D:\LouisRoehrs\goofystuff\kidstheme8.mid --> ed.webtv.net /usr/local/etc/apache_1.2.1/htdocs/tpark/public_html/louis/goofystuff kidstheme8.mid
97.10.21 20:55 B D:\LouisRoehrs\goofystuff\money.html --> ed.webtv.net /usr/local/etc/apache_1.2.1/htdocs/tpark/public_html/louis/goofystuff money.html
97.10.21 20:55 B D:\LouisRoehrs\goofystuff\plain.html --> ed.webtv.net /usr/local/etc/apache_1.2.1/htdocs/tpark/public_html/louis/goofystuff plain.html
97.10.21 20:55 B D:\LouisRoehrs\goofystuff\samplealert.html --> ed.webtv.net /usr/local/etc/apache_1.2.1/htdocs/tpark/public_html/louis/goofystuff samplealert.html
97.10.21 20:55 B D:\LouisRoehrs\goofystuff\transition.html --> ed.webtv.net /usr/local/etc/apache_1.2.1/htdocs/tpark/public_html/louis/goofystuff transition.html
97.10.21 20:55 B D:\LouisRoehrs\goofystuff\transition2.html --> ed.webtv.net /usr/local/etc/apache_1.2.1/htdocs/tpark/public_html/louis/goofystuff transition2.html
97.10.21 20:55 B D:\LouisRoehrs\goofystuff\tv.html --> ed.webtv.net /usr/local/etc/apache_1.2.1/htdocs/tpark/public_html/louis/goofystuff tv.html
97.10.21 20:55 B D:\LouisRoehrs\goofystuff\vt100.html --> ed.webtv.net /usr/local/etc/apache_1.2.1/htdocs/tpark/public_html/louis/goofystuff vt100.html
97.10.24 18:31 B D:\LouisRoehrs\goofystuff\audioscope.html --> vp2.netgate.net /u1/vhome/louis/www/wtv/goofystuff audioscope.html
97.10.24 18:31 B D:\LouisRoehrs\goofystuff\clocktest.html --> vp2.netgate.net /u1/vhome/louis/www/wtv/goofystuff clocktest.html
97.10.24 18:31 B D:\LouisRoehrs\goofystuff\colorcenter.html --> vp2.netgate.net /u1/vhome/louis/www/wtv/goofystuff colorcenter.html
97.10.24 18:31 B D:\LouisRoehrs\goofystuff\kidstheme8.mid --> vp2.netgate.net /u1/vhome/louis/www/wtv/goofystuff kidstheme8.mid
97.10.24 18:31 B D:\LouisRoehrs\goofystuff\money.html --> vp2.netgate.net /u1/vhome/louis/www/wtv/goofystuff money.html
97.10.24 18:31 B D:\LouisRoehrs\goofystuff\plain.html --> vp2.netgate.net /u1/vhome/louis/www/wtv/goofystuff plain.html
97.10.24 18:31 B D:\LouisRoehrs\goofystuff\samplealert.html --> vp2.netgate.net /u1/vhome/louis/www/wtv/goofystuff samplealert.html
97.10.24 18:31 B D:\LouisRoehrs\goofystuff\transition.html --> vp2.netgate.net /u1/vhome/louis/www/wtv/goofystuff transition.html
97.10.24 18:31 B D:\LouisRoehrs\goofystuff\transition2.html --> vp2.netgate.net /u1/vhome/louis/www/wtv/goofystuff transition2.html
97.10.24 18:31 B D:\LouisRoehrs\goofystuff\tv.html --> vp2.netgate.net /u1/vhome/louis/www/wtv/goofystuff tv.html
97.10.24 18:31 B D:\LouisRoehrs\goofystuff\vt100.html --> vp2.netgate.net /u1/vhome/louis/www/wtv/goofystuff vt100.html
