97.09.30 10:00 B D:\LouisRoehrs\crosswordtool\cgi\CGI.pm <-- AEd /usr/home/tpark/public_html/crosswordtool/cgi CGI.pm
97.09.30 10:00 B D:\LouisRoehrs\crosswordtool\cgi\changegame.cgi <-- AEd /usr/home/tpark/public_html/crosswordtool/cgi changegame.cgi
97.09.30 10:00 B D:\LouisRoehrs\crosswordtool\cgi\creategame.cgi <-- AEd /usr/home/tpark/public_html/crosswordtool/cgi creategame.cgi
97.09.30 10:00 B D:\LouisRoehrs\crosswordtool\cgi\indexbuilder.cgi <-- AEd /usr/home/tpark/public_html/crosswordtool/cgi indexbuilder.cgi
97.09.30 10:00 B D:\LouisRoehrs\crosswordtool\cgi\newgame.cgi <-- AEd /usr/home/tpark/public_html/crosswordtool/cgi newgame.cgi
97.09.30 10:00 B D:\LouisRoehrs\crosswordtool\cgi\out <-- AEd /usr/home/tpark/public_html/crosswordtool/cgi out
97.09.30 10:00 B D:\LouisRoehrs\crosswordtool\cgi\updategame.cgi <-- AEd /usr/home/tpark/public_html/crosswordtool/cgi updategame.cgi
97.09.30 10:07 B D:\LouisRoehrs\crosswordtool\cgi\CGI.pm --> ed.webtv.net /usr/home/tpark/public_html/louis/crosswordtool/cgi CGI.pm
97.09.30 10:07 B D:\LouisRoehrs\crosswordtool\cgi\changegame.cgi --> ed.webtv.net /usr/home/tpark/public_html/louis/crosswordtool/cgi changegame.cgi
97.09.30 10:07 B D:\LouisRoehrs\crosswordtool\cgi\creategame.cgi --> ed.webtv.net /usr/home/tpark/public_html/louis/crosswordtool/cgi creategame.cgi
97.09.30 10:07 B D:\LouisRoehrs\crosswordtool\cgi\indexbuilder.cgi --> ed.webtv.net /usr/home/tpark/public_html/louis/crosswordtool/cgi indexbuilder.cgi
97.09.30 10:07 B D:\LouisRoehrs\crosswordtool\cgi\newgame.cgi --> ed.webtv.net /usr/home/tpark/public_html/louis/crosswordtool/cgi newgame.cgi
97.09.30 10:07 B D:\LouisRoehrs\crosswordtool\cgi\out --> ed.webtv.net /usr/home/tpark/public_html/louis/crosswordtool/cgi out
97.09.30 10:07 B D:\LouisRoehrs\crosswordtool\cgi\updategame.cgi --> ed.webtv.net /usr/home/tpark/public_html/louis/crosswordtool/cgi updategame.cgi
97.09.30 10:07 B D:\LouisRoehrs\crosswordtool\cgi\WS_FTP.LOG --> ed.webtv.net /usr/home/tpark/public_html/louis/crosswordtool/cgi WS_FTP.LOG
97.10.06 22:53 B D:\LouisRoehrs\crosswordtool\cgi\CGI.pm --> ed.webtv.net /usr/home/tpark/public_html/louis/images/crosswordtool/cgi CGI.pm
97.10.06 22:53 B D:\LouisRoehrs\crosswordtool\cgi\changegame.cgi --> ed.webtv.net /usr/home/tpark/public_html/louis/images/crosswordtool/cgi changegame.cgi
97.10.06 22:53 B D:\LouisRoehrs\crosswordtool\cgi\creategame.cgi --> ed.webtv.net /usr/home/tpark/public_html/louis/images/crosswordtool/cgi creategame.cgi
97.10.06 22:53 B D:\LouisRoehrs\crosswordtool\cgi\indexbuilder.cgi --> ed.webtv.net /usr/home/tpark/public_html/louis/images/crosswordtool/cgi indexbuilder.cgi
97.10.06 22:53 B D:\LouisRoehrs\crosswordtool\cgi\newgame.cgi --> ed.webtv.net /usr/home/tpark/public_html/louis/images/crosswordtool/cgi newgame.cgi
97.10.06 22:53 B D:\LouisRoehrs\crosswordtool\cgi\out --> ed.webtv.net /usr/home/tpark/public_html/louis/images/crosswordtool/cgi out
97.10.06 22:53 B D:\LouisRoehrs\crosswordtool\cgi\updategame.cgi --> ed.webtv.net /usr/home/tpark/public_html/louis/images/crosswordtool/cgi updategame.cgi
97.10.06 22:53 B D:\LouisRoehrs\crosswordtool\cgi\WS_FTP.LOG --> ed.webtv.net /usr/home/tpark/public_html/louis/images/crosswordtool/cgi WS_FTP.LOG
97.10.13 12:27 B D:\LouisRoehrs\crosswordtool\cgi\CGI.pm --> vp2.netgate.net /u1/vhome/louis/www/wtv/crosswordtool/cgi CGI.pm
97.10.13 12:27 B D:\LouisRoehrs\crosswordtool\cgi\changegame.cgi --> vp2.netgate.net /u1/vhome/louis/www/wtv/crosswordtool/cgi changegame.cgi
97.10.13 12:27 B D:\LouisRoehrs\crosswordtool\cgi\creategame.cgi --> vp2.netgate.net /u1/vhome/louis/www/wtv/crosswordtool/cgi creategame.cgi
97.10.13 12:27 B D:\LouisRoehrs\crosswordtool\cgi\indexbuilder.cgi --> vp2.netgate.net /u1/vhome/louis/www/wtv/crosswordtool/cgi indexbuilder.cgi
97.10.13 12:27 B D:\LouisRoehrs\crosswordtool\cgi\newgame.cgi --> vp2.netgate.net /u1/vhome/louis/www/wtv/crosswordtool/cgi newgame.cgi
97.10.13 12:27 B D:\LouisRoehrs\crosswordtool\cgi\out --> vp2.netgate.net /u1/vhome/louis/www/wtv/crosswordtool/cgi out
97.10.13 12:27 B D:\LouisRoehrs\crosswordtool\cgi\updategame.cgi --> vp2.netgate.net /u1/vhome/louis/www/wtv/crosswordtool/cgi updategame.cgi
97.10.13 12:27 B D:\LouisRoehrs\crosswordtool\cgi\WS_FTP.LOG --> vp2.netgate.net /u1/vhome/louis/www/wtv/crosswordtool/cgi WS_FTP.LOG
97.10.21 19:51 B D:\LouisRoehrs\crosswordtool\cgi\CGI.pm --> vp2.netgate.net /u1/vhome/louis/www/wtv/crosswordtool/cgi CGI.pm
97.10.21 19:51 B D:\LouisRoehrs\crosswordtool\cgi\changegame.cgi --> vp2.netgate.net /u1/vhome/louis/www/wtv/crosswordtool/cgi changegame.cgi
97.10.21 19:51 B D:\LouisRoehrs\crosswordtool\cgi\creategame.cgi --> vp2.netgate.net /u1/vhome/louis/www/wtv/crosswordtool/cgi creategame.cgi
97.10.21 19:51 B D:\LouisRoehrs\crosswordtool\cgi\indexbuilder.cgi --> vp2.netgate.net /u1/vhome/louis/www/wtv/crosswordtool/cgi indexbuilder.cgi
97.10.21 19:51 B D:\LouisRoehrs\crosswordtool\cgi\newgame.cgi --> vp2.netgate.net /u1/vhome/louis/www/wtv/crosswordtool/cgi newgame.cgi
97.10.21 19:51 B D:\LouisRoehrs\crosswordtool\cgi\out --> vp2.netgate.net /u1/vhome/louis/www/wtv/crosswordtool/cgi out
97.10.21 19:51 B D:\LouisRoehrs\crosswordtool\cgi\updategame.cgi --> vp2.netgate.net /u1/vhome/louis/www/wtv/crosswordtool/cgi updategame.cgi
97.10.21 19:51 B D:\LouisRoehrs\crosswordtool\cgi\WS_FTP.LOG --> vp2.netgate.net /u1/vhome/louis/www/wtv/crosswordtool/cgi WS_FTP.LOG
97.10.24 18:30 B D:\LouisRoehrs\crosswordtool\cgi\CGI.pm --> vp2.netgate.net /u1/vhome/louis/www/wtv/crosswordtool/cgi CGI.pm
97.10.24 18:30 B D:\LouisRoehrs\crosswordtool\cgi\changegame.cgi --> vp2.netgate.net /u1/vhome/louis/www/wtv/crosswordtool/cgi changegame.cgi
97.10.24 18:30 B D:\LouisRoehrs\crosswordtool\cgi\creategame.cgi --> vp2.netgate.net /u1/vhome/louis/www/wtv/crosswordtool/cgi creategame.cgi
97.10.24 18:30 B D:\LouisRoehrs\crosswordtool\cgi\indexbuilder.cgi --> vp2.netgate.net /u1/vhome/louis/www/wtv/crosswordtool/cgi indexbuilder.cgi
97.10.24 18:30 B D:\LouisRoehrs\crosswordtool\cgi\newgame.cgi --> vp2.netgate.net /u1/vhome/louis/www/wtv/crosswordtool/cgi newgame.cgi
97.10.24 18:30 B D:\LouisRoehrs\crosswordtool\cgi\out --> vp2.netgate.net /u1/vhome/louis/www/wtv/crosswordtool/cgi out
97.10.24 18:30 B D:\LouisRoehrs\crosswordtool\cgi\updategame.cgi --> vp2.netgate.net /u1/vhome/louis/www/wtv/crosswordtool/cgi updategame.cgi
