98.01.05 17:02 A C:\AWork\AWebSites\wtv\crossword\navmap\culturalindex.html <-- Ed.WebTV.Net /usr/local/etc/apache_1.2.1/htdocs/tpark/public_html/crossword/navmap culturalindex.html
98.01.05 17:02 A C:\AWork\AWebSites\wtv\crossword\navmap\entertainindex.html <-- Ed.WebTV.Net /usr/local/etc/apache_1.2.1/htdocs/tpark/public_html/crossword/navmap entertainindex.html
98.01.05 17:02 A C:\AWork\AWebSites\wtv\crossword\navmap\generalindex.html <-- Ed.WebTV.Net /usr/local/etc/apache_1.2.1/htdocs/tpark/public_html/crossword/navmap generalindex.html
98.01.05 17:02 A C:\AWork\AWebSites\wtv\crossword\navmap\grabbagindex.html <-- Ed.WebTV.Net /usr/local/etc/apache_1.2.1/htdocs/tpark/public_html/crossword/navmap grabbagindex.html
98.01.05 17:02 A C:\AWork\AWebSites\wtv\crossword\navmap\holidayindex.html <-- Ed.WebTV.Net /usr/local/etc/apache_1.2.1/htdocs/tpark/public_html/crossword/navmap holidayindex.html
98.01.05 17:02 A C:\AWork\AWebSites\wtv\crossword\navmap\index.html <-- Ed.WebTV.Net /usr/local/etc/apache_1.2.1/htdocs/tpark/public_html/crossword/navmap index.html
98.01.05 17:02 A C:\AWork\AWebSites\wtv\crossword\navmap\intro.html <-- Ed.WebTV.Net /usr/local/etc/apache_1.2.1/htdocs/tpark/public_html/crossword/navmap intro.html
98.01.05 17:02 A C:\AWork\AWebSites\wtv\crossword\navmap\rules.html <-- Ed.WebTV.Net /usr/local/etc/apache_1.2.1/htdocs/tpark/public_html/crossword/navmap rules.html
98.01.05 17:02 A C:\AWork\AWebSites\wtv\crossword\navmap\sportindex.html <-- Ed.WebTV.Net /usr/local/etc/apache_1.2.1/htdocs/tpark/public_html/crossword/navmap sportindex.html
98.01.07 16:04 B C:\AWork\AWebSites\wtv\crossword\navmap\culturalindex.html --> vp2.netgate.net /u1/vhome/louis/www/wtv/crossword/navmap culturalindex.html
98.01.07 16:04 B C:\AWork\AWebSites\wtv\crossword\navmap\entertainindex.html --> vp2.netgate.net /u1/vhome/louis/www/wtv/crossword/navmap entertainindex.html
98.01.07 16:04 B C:\AWork\AWebSites\wtv\crossword\navmap\generalindex.html --> vp2.netgate.net /u1/vhome/louis/www/wtv/crossword/navmap generalindex.html
98.01.07 16:04 B C:\AWork\AWebSites\wtv\crossword\navmap\grabbagindex.html --> vp2.netgate.net /u1/vhome/louis/www/wtv/crossword/navmap grabbagindex.html
98.01.07 16:04 B C:\AWork\AWebSites\wtv\crossword\navmap\holidayindex.html --> vp2.netgate.net /u1/vhome/louis/www/wtv/crossword/navmap holidayindex.html
98.01.07 16:04 B C:\AWork\AWebSites\wtv\crossword\navmap\index.html --> vp2.netgate.net /u1/vhome/louis/www/wtv/crossword/navmap index.html
98.01.07 16:04 B C:\AWork\AWebSites\wtv\crossword\navmap\intro.html --> vp2.netgate.net /u1/vhome/louis/www/wtv/crossword/navmap intro.html
98.01.07 16:04 B C:\AWork\AWebSites\wtv\crossword\navmap\rules.html --> vp2.netgate.net /u1/vhome/louis/www/wtv/crossword/navmap rules.html
98.01.07 16:04 B C:\AWork\AWebSites\wtv\crossword\navmap\sportindex.html --> vp2.netgate.net /u1/vhome/louis/www/wtv/crossword/navmap sportindex.html
98.01.07 16:04 B C:\AWork\AWebSites\wtv\crossword\navmap\WS_FTP.LOG --> vp2.netgate.net /u1/vhome/louis/www/wtv/crossword/navmap WS_FTP.LOG
98.01.07 16:15 B C:\AWork\AWebSites\wtv\crossword\navmap\culturalindex.html --> vp2.netgate.net /u1/vhome/louis/www/wtv/crossword/navmap culturalindex.html
98.01.07 16:15 B C:\AWork\AWebSites\wtv\crossword\navmap\entertainindex.html --> vp2.netgate.net /u1/vhome/louis/www/wtv/crossword/navmap entertainindex.html
98.01.07 16:16 B C:\AWork\AWebSites\wtv\crossword\navmap\generalindex.html --> vp2.netgate.net /u1/vhome/louis/www/wtv/crossword/navmap generalindex.html
98.01.07 16:16 B C:\AWork\AWebSites\wtv\crossword\navmap\grabbagindex.html --> vp2.netgate.net /u1/vhome/louis/www/wtv/crossword/navmap grabbagindex.html
98.01.07 16:16 B C:\AWork\AWebSites\wtv\crossword\navmap\holidayindex.html --> vp2.netgate.net /u1/vhome/louis/www/wtv/crossword/navmap holidayindex.html
98.01.07 16:16 B C:\AWork\AWebSites\wtv\crossword\navmap\index.html --> vp2.netgate.net /u1/vhome/louis/www/wtv/crossword/navmap index.html
98.01.07 16:16 B C:\AWork\AWebSites\wtv\crossword\navmap\intro.html --> vp2.netgate.net /u1/vhome/louis/www/wtv/crossword/navmap intro.html
98.01.07 16:16 B C:\AWork\AWebSites\wtv\crossword\navmap\rules.html --> vp2.netgate.net /u1/vhome/louis/www/wtv/crossword/navmap rules.html
98.01.07 16:16 B C:\AWork\AWebSites\wtv\crossword\navmap\sportindex.html --> vp2.netgate.net /u1/vhome/louis/www/wtv/crossword/navmap sportindex.html
98.01.14 14:14 B C:\Louis\crossword\navmap\WS_FTP.LOG <-- woofie /u1/vhome/louis/www/wtv/crossword/navmap WS_FTP.LOG
98.01.14 17:59 A C:\Louis\crossword\navmap\index.html --> www.woofie.com /u1/vhome/louis/www/wtv/crossword/navmap index.html
98.01.14 17:59 A C:\Louis\crossword\navmap\index.html <-- woofie /u1/vhome/louis/www/wtv/crossword/navmap index.html
98.01.14 20:47 A C:\Louis\crossword\navmap\culturalindex.html --> ed.webtv.net /usr/local/etc/apache_1.2.1/htdocs/tpark/public_html/crossword/navmap culturalindex.html
98.01.14 20:47 A C:\Louis\crossword\navmap\entertainindex.html --> ed.webtv.net /usr/local/etc/apache_1.2.1/htdocs/tpark/public_html/crossword/navmap entertainindex.html
98.01.14 20:47 A C:\Louis\crossword\navmap\generalindex.html --> ed.webtv.net /usr/local/etc/apache_1.2.1/htdocs/tpark/public_html/crossword/navmap generalindex.html
98.01.14 20:47 A C:\Louis\crossword\navmap\grabbagindex.html --> ed.webtv.net /usr/local/etc/apache_1.2.1/htdocs/tpark/public_html/crossword/navmap grabbagindex.html
98.01.14 20:47 A C:\Louis\crossword\navmap\holidayindex.html --> ed.webtv.net /usr/local/etc/apache_1.2.1/htdocs/tpark/public_html/crossword/navmap holidayindex.html
98.01.14 20:47 A C:\Louis\crossword\navmap\index.html --> ed.webtv.net /usr/local/etc/apache_1.2.1/htdocs/tpark/public_html/crossword/navmap index.html
98.01.14 20:47 A C:\Louis\crossword\navmap\intro.html --> ed.webtv.net /usr/local/etc/apache_1.2.1/htdocs/tpark/public_html/crossword/navmap intro.html
98.01.14 20:47 A C:\Louis\crossword\navmap\rules.html --> ed.webtv.net /usr/local/etc/apache_1.2.1/htdocs/tpark/public_html/crossword/navmap rules.html
98.01.14 20:47 A C:\Louis\crossword\navmap\sportindex.html --> ed.webtv.net /usr/local/etc/apache_1.2.1/htdocs/tpark/public_html/crossword/navmap sportindex.html
98.01.14 20:47 B C:\Louis\crossword\navmap\WS_FTP.LOG --> ed.webtv.net /usr/local/etc/apache_1.2.1/htdocs/tpark/public_html/crossword/navmap WS_FTP.LOG
98.01.14 21:07 A C:\Louis\crossword\navmap\culturalindex.html --> ed.webtv.net /usr/local/etc/apache_1.2.1/htdocs/tpark/public_html/crossword/navmap culturalindex.html
98.01.14 21:07 A C:\Louis\crossword\navmap\entertainindex.html --> ed.webtv.net /usr/local/etc/apache_1.2.1/htdocs/tpark/public_html/crossword/navmap entertainindex.html
98.01.14 21:07 A C:\Louis\crossword\navmap\generalindex.html --> ed.webtv.net /usr/local/etc/apache_1.2.1/htdocs/tpark/public_html/crossword/navmap generalindex.html
98.01.14 21:07 A C:\Louis\crossword\navmap\grabbagindex.html --> ed.webtv.net /usr/local/etc/apache_1.2.1/htdocs/tpark/public_html/crossword/navmap grabbagindex.html
98.01.14 21:07 A C:\Louis\crossword\navmap\holidayindex.html --> ed.webtv.net /usr/local/etc/apache_1.2.1/htdocs/tpark/public_html/crossword/navmap holidayindex.html
98.01.14 21:07 A C:\Louis\crossword\navmap\index.html --> ed.webtv.net /usr/local/etc/apache_1.2.1/htdocs/tpark/public_html/crossword/navmap index.html
98.01.14 21:07 A C:\Louis\crossword\navmap\intro.html --> ed.webtv.net /usr/local/etc/apache_1.2.1/htdocs/tpark/public_html/crossword/navmap intro.html
98.01.14 21:07 A C:\Louis\crossword\navmap\rules.html --> ed.webtv.net /usr/local/etc/apache_1.2.1/htdocs/tpark/public_html/crossword/navmap rules.html
98.01.14 21:07 A C:\Louis\crossword\navmap\sportindex.html --> ed.webtv.net /usr/local/etc/apache_1.2.1/htdocs/tpark/public_html/crossword/navmap sportindex.html
98.01.14 21:07 B C:\Louis\crossword\navmap\WS_FTP.LOG --> ed.webtv.net /usr/local/etc/apache_1.2.1/htdocs/tpark/public_html/crossword/navmap WS_FTP.LOG
98.01.14 21:24 A C:\Louis\crossword\navmap\sportindex.html --> ed.webtv.net /usr/local/etc/apache_1.2.1/htdocs/tpark/public_html/crossword/navmap sportindex.html
98.01.14 21:24 A C:\Louis\crossword\navmap\sportindex.html --> ed.webtv.net /usr/local/etc/apache_1.2.1/htdocs/tpark/public_html/crossword/navmap sportindex.html
98.01.14 21:26 A C:\Louis\crossword\navmap\culturalindex.html --> ed.webtv.net /usr/local/etc/apache_1.2.1/htdocs/tpark/public_html/crossword/navmap culturalindex.html
98.01.14 21:26 A C:\Louis\crossword\navmap\entertainindex.html --> ed.webtv.net /usr/local/etc/apache_1.2.1/htdocs/tpark/public_html/crossword/navmap entertainindex.html
98.01.14 21:26 A C:\Louis\crossword\navmap\generalindex.html --> ed.webtv.net /usr/local/etc/apache_1.2.1/htdocs/tpark/public_html/crossword/navmap generalindex.html
98.01.14 21:26 A C:\Louis\crossword\navmap\grabbagindex.html --> ed.webtv.net /usr/local/etc/apache_1.2.1/htdocs/tpark/public_html/crossword/navmap grabbagindex.html
98.01.14 21:26 A C:\Louis\crossword\navmap\holidayindex.html --> ed.webtv.net /usr/local/etc/apache_1.2.1/htdocs/tpark/public_html/crossword/navmap holidayindex.html
98.01.14 21:26 A C:\Louis\crossword\navmap\index.html --> ed.webtv.net /usr/local/etc/apache_1.2.1/htdocs/tpark/public_html/crossword/navmap index.html
98.01.14 21:26 A C:\Louis\crossword\navmap\sportindex.html --> ed.webtv.net /usr/local/etc/apache_1.2.1/htdocs/tpark/public_html/crossword/navmap sportindex.html
98.01.14 21:28 A C:\Louis\crossword\navmap\sportindex.html --> ed.webtv.net /usr/local/etc/apache_1.2.1/htdocs/tpark/public_html/crossword/navmap sportindex.html
98.01.14 21:30 A C:\Louis\crossword\navmap\sportindex.html --> ed.webtv.net /usr/local/etc/apache_1.2.1/htdocs/tpark/public_html/crossword/navmap sportindex.html
98.01.14 21:37 A C:\Louis\crossword\navmap\sportindex.html <-- Ed /usr/local/etc/apache_1.2.1/htdocs/tpark/public_html/crossword/navmap sportindex.html
98.01.14 21:39 A C:\Louis\crossword\navmap\sportindex.html --> ed.webtv.net /usr/local/etc/apache_1.2.1/htdocs/tpark/public_html/crossword/navmap sportindex.html
98.01.14 21:46 A C:\Louis\crossword\navmap\sportindex.html --> ed.webtv.net /usr/local/etc/apache_1.2.1/htdocs/tpark/public_html/crossword/navmap sportindex.html
98.01.14 21:47 A C:\Louis\crossword\navmap\sportindex.html --> ed.webtv.net /usr/local/etc/apache_1.2.1/htdocs/tpark/public_html/crossword/navmap sportindex.html
98.01.14 21:48 A C:\Louis\crossword\navmap\sportindex.html --> ed.webtv.net /usr/local/etc/apache_1.2.1/htdocs/tpark/public_html/crossword/navmap sportindex.html
98.01.14 21:54 A C:\Louis\crossword\navmap\culturalindex.html --> ed.webtv.net /usr/local/etc/apache_1.2.1/htdocs/tpark/public_html/crossword/navmap culturalindex.html
98.01.14 21:54 A C:\Louis\crossword\navmap\entertainindex.html --> ed.webtv.net /usr/local/etc/apache_1.2.1/htdocs/tpark/public_html/crossword/navmap entertainindex.html
98.01.14 21:54 A C:\Louis\crossword\navmap\generalindex.html --> ed.webtv.net /usr/local/etc/apache_1.2.1/htdocs/tpark/public_html/crossword/navmap generalindex.html
98.01.14 21:54 A C:\Louis\crossword\navmap\grabbagindex.html --> ed.webtv.net /usr/local/etc/apache_1.2.1/htdocs/tpark/public_html/crossword/navmap grabbagindex.html
98.01.14 21:54 A C:\Louis\crossword\navmap\holidayindex.html --> ed.webtv.net /usr/local/etc/apache_1.2.1/htdocs/tpark/public_html/crossword/navmap holidayindex.html
98.01.14 21:54 A C:\Louis\crossword\navmap\sportindex.html --> ed.webtv.net /usr/local/etc/apache_1.2.1/htdocs/tpark/public_html/crossword/navmap sportindex.html
98.01.16 04:22 A C:\Louis\crossword\navmap\hobbiesindex.html <-- Ed /usr/local/etc/apache_1.2.1/htdocs/tpark/public_html/crossword/navmap hobbiesindex.html
98.01.16 10:17 A C:\Louis\crossword\navmap\culturalindex.html --> ed.webtv.net /usr/local/etc/apache_1.2.1/htdocs/tpark/public_html/crossword/navmap culturalindex.html
98.01.16 10:17 A C:\Louis\crossword\navmap\entertainindex.html --> ed.webtv.net /usr/local/etc/apache_1.2.1/htdocs/tpark/public_html/crossword/navmap entertainindex.html
98.01.16 10:17 A C:\Louis\crossword\navmap\generalindex.html --> ed.webtv.net /usr/local/etc/apache_1.2.1/htdocs/tpark/public_html/crossword/navmap generalindex.html
98.01.16 10:17 A C:\Louis\crossword\navmap\grabbagindex.html --> ed.webtv.net /usr/local/etc/apache_1.2.1/htdocs/tpark/public_html/crossword/navmap grabbagindex.html
98.01.16 10:17 A C:\Louis\crossword\navmap\hobbiesindex.html --> ed.webtv.net /usr/local/etc/apache_1.2.1/htdocs/tpark/public_html/crossword/navmap hobbiesindex.html
98.01.16 10:17 A C:\Louis\crossword\navmap\holidayindex.html --> ed.webtv.net /usr/local/etc/apache_1.2.1/htdocs/tpark/public_html/crossword/navmap holidayindex.html
98.01.16 10:17 A C:\Louis\crossword\navmap\index.html --> ed.webtv.net /usr/local/etc/apache_1.2.1/htdocs/tpark/public_html/crossword/navmap index.html
98.01.16 10:17 A C:\Louis\crossword\navmap\intro.html --> ed.webtv.net /usr/local/etc/apache_1.2.1/htdocs/tpark/public_html/crossword/navmap intro.html
98.01.16 10:17 A C:\Louis\crossword\navmap\rules.html --> ed.webtv.net /usr/local/etc/apache_1.2.1/htdocs/tpark/public_html/crossword/navmap rules.html
98.01.16 10:17 A C:\Louis\crossword\navmap\sportindex.html --> ed.webtv.net /usr/local/etc/apache_1.2.1/htdocs/tpark/public_html/crossword/navmap sportindex.html
98.01.16 10:17 A C:\Louis\crossword\navmap\WS_FTP.LOG --> ed.webtv.net /usr/local/etc/apache_1.2.1/htdocs/tpark/public_html/crossword/navmap WS_FTP.LOG
98.01.16 11:58 A C:\Louis\crossword\navmap\culturalindex.html --> ed.webtv.net /usr/local/etc/apache_1.2.1/htdocs/tpark/public_html/crossword/navmap culturalindex.html
98.01.16 12:14 A C:\Louis\crossword\navmap\culturalindex.html --> ed.webtv.net /usr/local/etc/apache_1.2.1/htdocs/tpark/public_html/crossword/navmap culturalindex.html
98.01.16 12:16 A C:\Louis\crossword\navmap\culturalindex.html --> ed.webtv.net /usr/local/etc/apache_1.2.1/htdocs/tpark/public_html/crossword/navmap culturalindex.html
98.01.16 12:18 A C:\Louis\crossword\navmap\culturalindex.html --> ed.webtv.net /usr/local/etc/apache_1.2.1/htdocs/tpark/public_html/crossword/navmap culturalindex.html
98.01.16 12:18 A C:\Louis\crossword\navmap\culturalindex.html --> ed.webtv.net /usr/local/etc/apache_1.2.1/htdocs/tpark/public_html/crossword/navmap culturalindex.html
98.01.16 12:18 A C:\Louis\crossword\navmap\culturalindex.html --> ed.webtv.net /usr/local/etc/apache_1.2.1/htdocs/tpark/public_html/crossword/navmap culturalindex.html
98.01.19 13:40 A C:\Louis\crossword\navmap\culturalindex.html --> ed.webtv.net /usr/local/etc/apache_1.2.1/htdocs/tpark/public_html/crossword/navmap culturalindex.html
98.01.19 13:40 A C:\Louis\crossword\navmap\entertainindex.html --> ed.webtv.net /usr/local/etc/apache_1.2.1/htdocs/tpark/public_html/crossword/navmap entertainindex.html
98.01.19 13:40 A C:\Louis\crossword\navmap\generalindex.html --> ed.webtv.net /usr/local/etc/apache_1.2.1/htdocs/tpark/public_html/crossword/navmap generalindex.html
98.01.19 13:40 A C:\Louis\crossword\navmap\grabbagindex.html --> ed.webtv.net /usr/local/etc/apache_1.2.1/htdocs/tpark/public_html/crossword/navmap grabbagindex.html
98.01.19 13:40 A C:\Louis\crossword\navmap\hobbiesindex.html --> ed.webtv.net /usr/local/etc/apache_1.2.1/htdocs/tpark/public_html/crossword/navmap hobbiesindex.html
98.01.19 13:40 A C:\Louis\crossword\navmap\holidayindex.html --> ed.webtv.net /usr/local/etc/apache_1.2.1/htdocs/tpark/public_html/crossword/navmap holidayindex.html
98.01.19 13:40 A C:\Louis\crossword\navmap\sportindex.html --> ed.webtv.net /usr/local/etc/apache_1.2.1/htdocs/tpark/public_html/crossword/navmap sportindex.html
98.01.19 13:40 A C:\Louis\crossword\navmap\index.html --> ed.webtv.net /usr/local/etc/apache_1.2.1/htdocs/tpark/public_html/crossword/navmap index.html
98.01.19 17:01 A C:\Louis\crossword\navmap\culturalindex.html --> ed.webtv.net /usr/local/etc/apache_1.2.1/htdocs/tpark/public_html/crossword/navmap culturalindex.html
98.01.19 17:01 A C:\Louis\crossword\navmap\entertainindex.html --> ed.webtv.net /usr/local/etc/apache_1.2.1/htdocs/tpark/public_html/crossword/navmap entertainindex.html
98.01.19 17:01 A C:\Louis\crossword\navmap\generalindex.html --> ed.webtv.net /usr/local/etc/apache_1.2.1/htdocs/tpark/public_html/crossword/navmap generalindex.html
98.01.19 17:01 A C:\Louis\crossword\navmap\grabbagindex.html --> ed.webtv.net /usr/local/etc/apache_1.2.1/htdocs/tpark/public_html/crossword/navmap grabbagindex.html
98.01.19 17:01 A C:\Louis\crossword\navmap\hobbiesindex.html --> ed.webtv.net /usr/local/etc/apache_1.2.1/htdocs/tpark/public_html/crossword/navmap hobbiesindex.html
98.01.19 17:01 A C:\Louis\crossword\navmap\holidayindex.html --> ed.webtv.net /usr/local/etc/apache_1.2.1/htdocs/tpark/public_html/crossword/navmap holidayindex.html
98.01.19 17:01 A C:\Louis\crossword\navmap\sportindex.html --> ed.webtv.net /usr/local/etc/apache_1.2.1/htdocs/tpark/public_html/crossword/navmap sportindex.html
98.01.19 17:30 A C:\Louis\crossword\navmap\culturalindex.html --> ed.webtv.net /usr/local/etc/apache_1.2.1/htdocs/tpark/public_html/crossword/navmap culturalindex.html
98.01.19 17:30 A C:\Louis\crossword\navmap\entertainindex.html --> ed.webtv.net /usr/local/etc/apache_1.2.1/htdocs/tpark/public_html/crossword/navmap entertainindex.html
98.01.19 17:30 A C:\Louis\crossword\navmap\generalindex.html --> ed.webtv.net /usr/local/etc/apache_1.2.1/htdocs/tpark/public_html/crossword/navmap generalindex.html
98.01.19 17:30 A C:\Louis\crossword\navmap\grabbagindex.html --> ed.webtv.net /usr/local/etc/apache_1.2.1/htdocs/tpark/public_html/crossword/navmap grabbagindex.html
98.01.19 17:30 A C:\Louis\crossword\navmap\hobbiesindex.html --> ed.webtv.net /usr/local/etc/apache_1.2.1/htdocs/tpark/public_html/crossword/navmap hobbiesindex.html
98.01.19 17:30 A C:\Louis\crossword\navmap\holidayindex.html --> ed.webtv.net /usr/local/etc/apache_1.2.1/htdocs/tpark/public_html/crossword/navmap holidayindex.html
98.01.19 17:30 A C:\Louis\crossword\navmap\sportindex.html --> ed.webtv.net /usr/local/etc/apache_1.2.1/htdocs/tpark/public_html/crossword/navmap sportindex.html
98.01.19 17:38 A C:\Louis\crossword\navmap\entertainindex.html --> ed.webtv.net /usr/local/etc/apache_1.2.1/htdocs/tpark/public_html/crossword/navmap entertainindex.html
98.01.19 17:38 A C:\Louis\crossword\navmap\generalindex.html --> ed.webtv.net /usr/local/etc/apache_1.2.1/htdocs/tpark/public_html/crossword/navmap generalindex.html
98.01.19 17:38 A C:\Louis\crossword\navmap\grabbagindex.html --> ed.webtv.net /usr/local/etc/apache_1.2.1/htdocs/tpark/public_html/crossword/navmap grabbagindex.html
98.01.19 17:38 A C:\Louis\crossword\navmap\hobbiesindex.html --> ed.webtv.net /usr/local/etc/apache_1.2.1/htdocs/tpark/public_html/crossword/navmap hobbiesindex.html
98.01.19 17:38 A C:\Louis\crossword\navmap\holidayindex.html --> ed.webtv.net /usr/local/etc/apache_1.2.1/htdocs/tpark/public_html/crossword/navmap holidayindex.html
98.01.19 17:38 A C:\Louis\crossword\navmap\sportindex.html --> ed.webtv.net /usr/local/etc/apache_1.2.1/htdocs/tpark/public_html/crossword/navmap sportindex.html
98.01.19 18:20 A C:\Louis\crossword\navmap\culturalindex.html --> ed.webtv.net /usr/local/etc/apache_1.2.1/htdocs/tpark/public_html/crossword/navmap culturalindex.html
98.01.19 18:20 A C:\Louis\crossword\navmap\entertainindex.html --> ed.webtv.net /usr/local/etc/apache_1.2.1/htdocs/tpark/public_html/crossword/navmap entertainindex.html
98.01.19 18:20 A C:\Louis\crossword\navmap\generalindex.html --> ed.webtv.net /usr/local/etc/apache_1.2.1/htdocs/tpark/public_html/crossword/navmap generalindex.html
98.01.19 18:20 A C:\Louis\crossword\navmap\grabbagindex.html --> ed.webtv.net /usr/local/etc/apache_1.2.1/htdocs/tpark/public_html/crossword/navmap grabbagindex.html
98.01.19 18:20 A C:\Louis\crossword\navmap\hobbiesindex.html --> ed.webtv.net /usr/local/etc/apache_1.2.1/htdocs/tpark/public_html/crossword/navmap hobbiesindex.html
98.01.19 18:20 A C:\Louis\crossword\navmap\holidayindex.html --> ed.webtv.net /usr/local/etc/apache_1.2.1/htdocs/tpark/public_html/crossword/navmap holidayindex.html
98.01.19 18:20 A C:\Louis\crossword\navmap\index.html --> ed.webtv.net /usr/local/etc/apache_1.2.1/htdocs/tpark/public_html/crossword/navmap index.html
98.01.19 18:20 A C:\Louis\crossword\navmap\sportindex.html --> ed.webtv.net /usr/local/etc/apache_1.2.1/htdocs/tpark/public_html/crossword/navmap sportindex.html
98.01.19 18:22 A C:\Louis\crossword\navmap\index.html --> ed.webtv.net /usr/local/etc/apache_1.2.1/htdocs/tpark/public_html/crossword/navmap index.html
98.01.19 18:22 A C:\Louis\crossword\navmap\sportindex.html --> ed.webtv.net /usr/local/etc/apache_1.2.1/htdocs/tpark/public_html/crossword/navmap sportindex.html
98.01.19 18:23 A C:\Louis\crossword\navmap\index.html --> ed.webtv.net /usr/local/etc/apache_1.2.1/htdocs/tpark/public_html/crossword/navmap index.html
98.01.19 18:23 A C:\Louis\crossword\navmap\sportindex.html --> ed.webtv.net /usr/local/etc/apache_1.2.1/htdocs/tpark/public_html/crossword/navmap sportindex.html
98.01.19 18:25 A C:\Louis\crossword\navmap\culturalindex.html --> ed.webtv.net /usr/local/etc/apache_1.2.1/htdocs/tpark/public_html/crossword/navmap culturalindex.html
98.01.19 18:25 A C:\Louis\crossword\navmap\entertainindex.html --> ed.webtv.net /usr/local/etc/apache_1.2.1/htdocs/tpark/public_html/crossword/navmap entertainindex.html
98.01.19 18:25 A C:\Louis\crossword\navmap\generalindex.html --> ed.webtv.net /usr/local/etc/apache_1.2.1/htdocs/tpark/public_html/crossword/navmap generalindex.html
98.01.19 18:25 A C:\Louis\crossword\navmap\grabbagindex.html --> ed.webtv.net /usr/local/etc/apache_1.2.1/htdocs/tpark/public_html/crossword/navmap grabbagindex.html
98.01.19 18:25 A C:\Louis\crossword\navmap\hobbiesindex.html --> ed.webtv.net /usr/local/etc/apache_1.2.1/htdocs/tpark/public_html/crossword/navmap hobbiesindex.html
98.01.19 18:25 A C:\Louis\crossword\navmap\holidayindex.html --> ed.webtv.net /usr/local/etc/apache_1.2.1/htdocs/tpark/public_html/crossword/navmap holidayindex.html
98.01.19 18:25 A C:\Louis\crossword\navmap\index.html --> ed.webtv.net /usr/local/etc/apache_1.2.1/htdocs/tpark/public_html/crossword/navmap index.html
98.01.19 18:25 A C:\Louis\crossword\navmap\sportindex.html --> ed.webtv.net /usr/local/etc/apache_1.2.1/htdocs/tpark/public_html/crossword/navmap sportindex.html
98.01.19 18:32 A C:\Louis\crossword\navmap\culturalindex.html --> ed.webtv.net /usr/local/etc/apache_1.2.1/htdocs/tpark/public_html/crossword/navmap culturalindex.html
98.01.19 18:32 A C:\Louis\crossword\navmap\entertainindex.html --> ed.webtv.net /usr/local/etc/apache_1.2.1/htdocs/tpark/public_html/crossword/navmap entertainindex.html
98.01.19 18:32 A C:\Louis\crossword\navmap\generalindex.html --> ed.webtv.net /usr/local/etc/apache_1.2.1/htdocs/tpark/public_html/crossword/navmap generalindex.html
98.01.19 18:32 A C:\Louis\crossword\navmap\grabbagindex.html --> ed.webtv.net /usr/local/etc/apache_1.2.1/htdocs/tpark/public_html/crossword/navmap grabbagindex.html
98.01.19 18:32 A C:\Louis\crossword\navmap\hobbiesindex.html --> ed.webtv.net /usr/local/etc/apache_1.2.1/htdocs/tpark/public_html/crossword/navmap hobbiesindex.html
98.01.19 18:32 A C:\Louis\crossword\navmap\holidayindex.html --> ed.webtv.net /usr/local/etc/apache_1.2.1/htdocs/tpark/public_html/crossword/navmap holidayindex.html
98.01.19 18:32 A C:\Louis\crossword\navmap\index.html --> ed.webtv.net /usr/local/etc/apache_1.2.1/htdocs/tpark/public_html/crossword/navmap index.html
98.01.19 18:32 A C:\Louis\crossword\navmap\sportindex.html --> ed.webtv.net /usr/local/etc/apache_1.2.1/htdocs/tpark/public_html/crossword/navmap sportindex.html
98.01.19 18:36 A C:\Louis\crossword\navmap\culturalindex.html --> ed.webtv.net /usr/local/etc/apache_1.2.1/htdocs/tpark/public_html/crossword/navmap culturalindex.html
98.01.19 18:36 A C:\Louis\crossword\navmap\entertainindex.html --> ed.webtv.net /usr/local/etc/apache_1.2.1/htdocs/tpark/public_html/crossword/navmap entertainindex.html
98.01.19 18:37 A C:\Louis\crossword\navmap\generalindex.html --> ed.webtv.net /usr/local/etc/apache_1.2.1/htdocs/tpark/public_html/crossword/navmap generalindex.html
98.01.19 18:37 A C:\Louis\crossword\navmap\grabbagindex.html --> ed.webtv.net /usr/local/etc/apache_1.2.1/htdocs/tpark/public_html/crossword/navmap grabbagindex.html
98.01.19 18:37 A C:\Louis\crossword\navmap\hobbiesindex.html --> ed.webtv.net /usr/local/etc/apache_1.2.1/htdocs/tpark/public_html/crossword/navmap hobbiesindex.html
98.01.19 18:37 A C:\Louis\crossword\navmap\holidayindex.html --> ed.webtv.net /usr/local/etc/apache_1.2.1/htdocs/tpark/public_html/crossword/navmap holidayindex.html
98.01.19 18:37 A C:\Louis\crossword\navmap\index.html --> ed.webtv.net /usr/local/etc/apache_1.2.1/htdocs/tpark/public_html/crossword/navmap index.html
98.01.19 18:37 A C:\Louis\crossword\navmap\sportindex.html --> ed.webtv.net /usr/local/etc/apache_1.2.1/htdocs/tpark/public_html/crossword/navmap sportindex.html
98.01.20 14:52 A C:\Louis\crossword\navmap\hobbiesindex.html --> ed.webtv.net /usr/local/etc/apache_1.2.1/htdocs/tpark/public_html/crossword/navmap hobbiesindex.html
98.01.22 16:32 B C:\Louis\crossword\navmap\culturalindex.html --> www.woofie.com /u1/vhome/louis/www/wtv/crossword/navmap culturalindex.html
98.01.22 16:32 B C:\Louis\crossword\navmap\entertainindex.html --> www.woofie.com /u1/vhome/louis/www/wtv/crossword/navmap entertainindex.html
98.01.22 16:32 B C:\Louis\crossword\navmap\generalindex.html --> www.woofie.com /u1/vhome/louis/www/wtv/crossword/navmap generalindex.html
98.01.22 16:32 B C:\Louis\crossword\navmap\grabbagindex.html --> www.woofie.com /u1/vhome/louis/www/wtv/crossword/navmap grabbagindex.html
98.01.22 16:32 B C:\Louis\crossword\navmap\hobbiesindex.html --> www.woofie.com /u1/vhome/louis/www/wtv/crossword/navmap hobbiesindex.html
98.01.22 16:32 B C:\Louis\crossword\navmap\holidayindex.html --> www.woofie.com /u1/vhome/louis/www/wtv/crossword/navmap holidayindex.html
98.01.22 16:32 A C:\Louis\crossword\navmap\index.html --> www.woofie.com /u1/vhome/louis/www/wtv/crossword/navmap index.html
98.01.22 16:32 A C:\Louis\crossword\navmap\intro.html --> www.woofie.com /u1/vhome/louis/www/wtv/crossword/navmap intro.html
98.01.22 16:32 A C:\Louis\crossword\navmap\rules.html --> www.woofie.com /u1/vhome/louis/www/wtv/crossword/navmap rules.html
98.01.22 16:32 A C:\Louis\crossword\navmap\sportindex.html --> www.woofie.com /u1/vhome/louis/www/wtv/crossword/navmap sportindex.html
98.01.22 16:32 A C:\Louis\crossword\navmap\culturalindex.html --> www.woofie.com /u1/vhome/louis/www/wtv/crossword/navmap culturalindex.html
98.01.22 16:32 A C:\Louis\crossword\navmap\entertainindex.html --> www.woofie.com /u1/vhome/louis/www/wtv/crossword/navmap entertainindex.html
98.01.22 16:32 A C:\Louis\crossword\navmap\generalindex.html --> www.woofie.com /u1/vhome/louis/www/wtv/crossword/navmap generalindex.html
98.01.22 16:32 A C:\Louis\crossword\navmap\grabbagindex.html --> www.woofie.com /u1/vhome/louis/www/wtv/crossword/navmap grabbagindex.html
98.01.22 16:32 A C:\Louis\crossword\navmap\hobbiesindex.html --> www.woofie.com /u1/vhome/louis/www/wtv/crossword/navmap hobbiesindex.html
98.01.22 16:32 A C:\Louis\crossword\navmap\holidayindex.html --> www.woofie.com /u1/vhome/louis/www/wtv/crossword/navmap holidayindex.html
98.01.22 16:32 A C:\Louis\crossword\navmap\index.html --> www.woofie.com /u1/vhome/louis/www/wtv/crossword/navmap index.html
98.01.22 16:32 A C:\Louis\crossword\navmap\intro.html --> www.woofie.com /u1/vhome/louis/www/wtv/crossword/navmap intro.html
98.01.22 16:32 A C:\Louis\crossword\navmap\rules.html --> www.woofie.com /u1/vhome/louis/www/wtv/crossword/navmap rules.html
98.01.22 16:32 A C:\Louis\crossword\navmap\sportindex.html --> www.woofie.com /u1/vhome/louis/www/wtv/crossword/navmap sportindex.html
98.01.22 16:35 A C:\Louis\crossword\navmap\culturalindex.html --> www.woofie.com /u1/vhome/louis/www/wtv/crossword/navmap culturalindex.html
98.01.22 16:35 A C:\Louis\crossword\navmap\entertainindex.html --> www.woofie.com /u1/vhome/louis/www/wtv/crossword/navmap entertainindex.html
98.01.22 16:35 A C:\Louis\crossword\navmap\generalindex.html --> www.woofie.com /u1/vhome/louis/www/wtv/crossword/navmap generalindex.html
98.01.22 16:35 A C:\Louis\crossword\navmap\grabbagindex.html --> www.woofie.com /u1/vhome/louis/www/wtv/crossword/navmap grabbagindex.html
98.01.22 16:35 A C:\Louis\crossword\navmap\hobbiesindex.html --> www.woofie.com /u1/vhome/louis/www/wtv/crossword/navmap hobbiesindex.html
98.01.22 16:35 A C:\Louis\crossword\navmap\holidayindex.html --> www.woofie.com /u1/vhome/louis/www/wtv/crossword/navmap holidayindex.html
98.01.22 16:35 A C:\Louis\crossword\navmap\index.html --> www.woofie.com /u1/vhome/louis/www/wtv/crossword/navmap index.html
98.01.22 16:35 A C:\Louis\crossword\navmap\intro.html --> www.woofie.com /u1/vhome/louis/www/wtv/crossword/navmap intro.html
98.01.22 16:35 A C:\Louis\crossword\navmap\rules.html --> www.woofie.com /u1/vhome/louis/www/wtv/crossword/navmap rules.html
98.01.22 16:35 A C:\Louis\crossword\navmap\sportindex.html --> www.woofie.com /u1/vhome/louis/www/wtv/crossword/navmap sportindex.html
98.01.22 17:03 A C:\Louis\crossword\navmap\rules.html --> www.woofie.com /u1/vhome/louis/www/wtv/crossword/navmap rules.html
98.01.22 17:04 B C:\Louis\crossword\navmap\rules.html --> ed.webtv.net /usr/local/etc/apache_1.2.1/htdocs/tpark/public_html/crossword/navmap rules.html
98.01.22 17:04 A C:\Louis\crossword\navmap\entertainindex.html --> ed.webtv.net /usr/local/etc/apache_1.2.1/htdocs/tpark/public_html/crossword/navmap entertainindex.html
98.01.22 17:04 A C:\Louis\crossword\navmap\rules.html --> ed.webtv.net /usr/local/etc/apache_1.2.1/htdocs/tpark/public_html/crossword/navmap rules.html
98.01.22 17:04 A C:\Louis\crossword\navmap\culturalindex.html --> ed.webtv.net /usr/local/etc/apache_1.2.1/htdocs/tpark/public_html/crossword/navmap culturalindex.html
98.01.22 17:04 A C:\Louis\crossword\navmap\entertainindex.html --> ed.webtv.net /usr/local/etc/apache_1.2.1/htdocs/tpark/public_html/crossword/navmap entertainindex.html
98.01.22 17:04 A C:\Louis\crossword\navmap\generalindex.html --> ed.webtv.net /usr/local/etc/apache_1.2.1/htdocs/tpark/public_html/crossword/navmap generalindex.html
98.01.22 17:04 A C:\Louis\crossword\navmap\grabbagindex.html --> ed.webtv.net /usr/local/etc/apache_1.2.1/htdocs/tpark/public_html/crossword/navmap grabbagindex.html
98.01.22 17:04 A C:\Louis\crossword\navmap\hobbiesindex.html --> ed.webtv.net /usr/local/etc/apache_1.2.1/htdocs/tpark/public_html/crossword/navmap hobbiesindex.html
98.01.22 17:04 A C:\Louis\crossword\navmap\holidayindex.html --> ed.webtv.net /usr/local/etc/apache_1.2.1/htdocs/tpark/public_html/crossword/navmap holidayindex.html
98.01.22 17:04 A C:\Louis\crossword\navmap\index.html --> ed.webtv.net /usr/local/etc/apache_1.2.1/htdocs/tpark/public_html/crossword/navmap index.html
98.01.22 17:04 A C:\Louis\crossword\navmap\intro.html --> ed.webtv.net /usr/local/etc/apache_1.2.1/htdocs/tpark/public_html/crossword/navmap intro.html
98.01.22 17:04 A C:\Louis\crossword\navmap\rules.html --> ed.webtv.net /usr/local/etc/apache_1.2.1/htdocs/tpark/public_html/crossword/navmap rules.html
98.01.22 17:04 A C:\Louis\crossword\navmap\sportindex.html --> ed.webtv.net /usr/local/etc/apache_1.2.1/htdocs/tpark/public_html/crossword/navmap sportindex.html
98.01.22 18:10 A C:\Louis\crossword\navmap\culturalindex.html --> homeless.artemis.com /home/content/webtv.disco/content/explore2d/programming/crossword/navmap culturalindex.html
98.01.22 18:10 A C:\Louis\crossword\navmap\entertainindex.html --> homeless.artemis.com /home/content/webtv.disco/content/explore2d/programming/crossword/navmap entertainindex.html
98.01.22 18:10 A C:\Louis\crossword\navmap\generalindex.html --> homeless.artemis.com /home/content/webtv.disco/content/explore2d/programming/crossword/navmap generalindex.html
98.01.22 18:10 A C:\Louis\crossword\navmap\grabbagindex.html --> homeless.artemis.com /home/content/webtv.disco/content/explore2d/programming/crossword/navmap grabbagindex.html
98.01.22 18:10 A C:\Louis\crossword\navmap\hobbiesindex.html --> homeless.artemis.com /home/content/webtv.disco/content/explore2d/programming/crossword/navmap hobbiesindex.html
98.01.22 18:10 A C:\Louis\crossword\navmap\holidayindex.html --> homeless.artemis.com /home/content/webtv.disco/content/explore2d/programming/crossword/navmap holidayindex.html
98.01.22 18:10 A C:\Louis\crossword\navmap\index.html --> homeless.artemis.com /home/content/webtv.disco/content/explore2d/programming/crossword/navmap index.html
98.01.22 18:10 A C:\Louis\crossword\navmap\intro.html --> homeless.artemis.com /home/content/webtv.disco/content/explore2d/programming/crossword/navmap intro.html
98.01.22 18:10 A C:\Louis\crossword\navmap\rules.html --> homeless.artemis.com /home/content/webtv.disco/content/explore2d/programming/crossword/navmap rules.html
98.01.22 18:10 A C:\Louis\crossword\navmap\sportindex.html --> homeless.artemis.com /home/content/webtv.disco/content/explore2d/programming/crossword/navmap sportindex.html
98.01.22 18:10 B C:\Louis\crossword\navmap\WS_FTP.LOG --> homeless.artemis.com /home/content/webtv.disco/content/explore2d/programming/crossword/navmap WS_FTP.LOG
98.01.22 19:03 A C:\Louis\crossword\navmap\index.html --> homeless.artemis.com /home/content/webtv.disco/content/explore2d/programming/crossword/navmap index.html
98.01.26 16:59 A C:\Louis\crossword\navmap\culturalindex.html --> www.woofie.com /u1/vhome/louis/www/wtv/crossword/navmap culturalindex.html
98.01.26 16:59 A C:\Louis\crossword\navmap\entertainindex.html --> www.woofie.com /u1/vhome/louis/www/wtv/crossword/navmap entertainindex.html
98.01.26 16:59 A C:\Louis\crossword\navmap\generalindex.html --> www.woofie.com /u1/vhome/louis/www/wtv/crossword/navmap generalindex.html
98.01.26 16:59 A C:\Louis\crossword\navmap\grabbagindex.html --> www.woofie.com /u1/vhome/louis/www/wtv/crossword/navmap grabbagindex.html
98.01.26 16:59 A C:\Louis\crossword\navmap\hobbiesindex.html --> www.woofie.com /u1/vhome/louis/www/wtv/crossword/navmap hobbiesindex.html
98.01.26 16:59 A C:\Louis\crossword\navmap\holidayindex.html --> www.woofie.com /u1/vhome/louis/www/wtv/crossword/navmap holidayindex.html
98.01.26 16:59 A C:\Louis\crossword\navmap\index.html --> www.woofie.com /u1/vhome/louis/www/wtv/crossword/navmap index.html
98.01.26 16:59 A C:\Louis\crossword\navmap\intro.html --> www.woofie.com /u1/vhome/louis/www/wtv/crossword/navmap intro.html
98.01.26 16:59 A C:\Louis\crossword\navmap\rules.html --> www.woofie.com /u1/vhome/louis/www/wtv/crossword/navmap rules.html
98.01.26 16:59 A C:\Louis\crossword\navmap\sportindex.html --> www.woofie.com /u1/vhome/louis/www/wtv/crossword/navmap sportindex.html
98.01.26 17:02 A C:\Louis\crossword\navmap\culturalindex.html --> www.woofie.com /u1/vhome/louis/www/wtv/crossword/navmap culturalindex.html
98.01.26 17:02 A C:\Louis\crossword\navmap\entertainindex.html --> www.woofie.com /u1/vhome/louis/www/wtv/crossword/navmap entertainindex.html
98.01.26 17:02 A C:\Louis\crossword\navmap\generalindex.html --> www.woofie.com /u1/vhome/louis/www/wtv/crossword/navmap generalindex.html
98.01.26 17:02 A C:\Louis\crossword\navmap\grabbagindex.html --> www.woofie.com /u1/vhome/louis/www/wtv/crossword/navmap grabbagindex.html
98.01.26 17:02 A C:\Louis\crossword\navmap\hobbiesindex.html --> www.woofie.com /u1/vhome/louis/www/wtv/crossword/navmap hobbiesindex.html
98.01.26 17:02 A C:\Louis\crossword\navmap\holidayindex.html --> www.woofie.com /u1/vhome/louis/www/wtv/crossword/navmap holidayindex.html
98.01.26 17:02 A C:\Louis\crossword\navmap\index.html --> www.woofie.com /u1/vhome/louis/www/wtv/crossword/navmap index.html
98.01.26 17:02 A C:\Louis\crossword\navmap\intro.html --> www.woofie.com /u1/vhome/louis/www/wtv/crossword/navmap intro.html
98.01.26 17:02 A C:\Louis\crossword\navmap\rules.html --> www.woofie.com /u1/vhome/louis/www/wtv/crossword/navmap rules.html
98.01.26 17:02 A C:\Louis\crossword\navmap\sportindex.html --> www.woofie.com /u1/vhome/louis/www/wtv/crossword/navmap sportindex.html
