97.10.07 19:14 B D:\LouisRoehrs\offminesweep\images\0.gif <-- AEd /usr/home/tpark/public_html/offminesweep/images 0.gif
97.10.07 19:14 B D:\LouisRoehrs\offminesweep\images\1.gif <-- AEd /usr/home/tpark/public_html/offminesweep/images 1.gif
97.10.07 19:14 B D:\LouisRoehrs\offminesweep\images\2.gif <-- AEd /usr/home/tpark/public_html/offminesweep/images 2.gif
97.10.07 19:14 B D:\LouisRoehrs\offminesweep\images\3.gif <-- AEd /usr/home/tpark/public_html/offminesweep/images 3.gif
97.10.07 19:14 B D:\LouisRoehrs\offminesweep\images\4.gif <-- AEd /usr/home/tpark/public_html/offminesweep/images 4.gif
97.10.07 19:14 B D:\LouisRoehrs\offminesweep\images\5.gif <-- AEd /usr/home/tpark/public_html/offminesweep/images 5.gif
97.10.07 19:14 B D:\LouisRoehrs\offminesweep\images\6.gif <-- AEd /usr/home/tpark/public_html/offminesweep/images 6.gif
97.10.07 19:14 B D:\LouisRoehrs\offminesweep\images\7.gif <-- AEd /usr/home/tpark/public_html/offminesweep/images 7.gif
97.10.07 19:14 B D:\LouisRoehrs\offminesweep\images\8.gif <-- AEd /usr/home/tpark/public_html/offminesweep/images 8.gif
97.10.07 19:14 B D:\LouisRoehrs\offminesweep\images\9.gif <-- AEd /usr/home/tpark/public_html/offminesweep/images 9.gif
97.10.07 19:14 B D:\LouisRoehrs\offminesweep\images\b.gif <-- AEd /usr/home/tpark/public_html/offminesweep/images b.gif
97.10.07 19:14 B D:\LouisRoehrs\offminesweep\images\BACK.JPG <-- AEd /usr/home/tpark/public_html/offminesweep/images BACK.JPG
97.10.07 19:14 B D:\LouisRoehrs\offminesweep\images\begin.gif <-- AEd /usr/home/tpark/public_html/offminesweep/images begin.gif
97.10.07 19:14 B D:\LouisRoehrs\offminesweep\images\COLON.GIF <-- AEd /usr/home/tpark/public_html/offminesweep/images COLON.GIF
97.10.07 19:14 B D:\LouisRoehrs\offminesweep\images\detectoroff.gif <-- AEd /usr/home/tpark/public_html/offminesweep/images detectoroff.gif
97.10.07 19:14 B D:\LouisRoehrs\offminesweep\images\detectoron.gif <-- AEd /usr/home/tpark/public_html/offminesweep/images detectoron.gif
97.10.07 19:14 B D:\LouisRoehrs\offminesweep\images\done.gif <-- AEd /usr/home/tpark/public_html/offminesweep/images done.gif
97.10.07 19:14 B D:\LouisRoehrs\offminesweep\images\flagcell.gif <-- AEd /usr/home/tpark/public_html/offminesweep/images flagcell.gif
97.10.07 19:14 B D:\LouisRoehrs\offminesweep\images\flagmode.gif <-- AEd /usr/home/tpark/public_html/offminesweep/images flagmode.gif
97.10.07 19:14 B D:\LouisRoehrs\offminesweep\images\flagoff.gif <-- AEd /usr/home/tpark/public_html/offminesweep/images flagoff.gif
97.10.07 19:14 B D:\LouisRoehrs\offminesweep\images\flagon.gif <-- AEd /usr/home/tpark/public_html/offminesweep/images flagon.gif
97.10.07 19:14 B D:\LouisRoehrs\offminesweep\images\hidden.gif <-- AEd /usr/home/tpark/public_html/offminesweep/images hidden.gif
97.10.07 19:14 B D:\LouisRoehrs\offminesweep\images\LOGO.GIF <-- AEd /usr/home/tpark/public_html/offminesweep/images LOGO.GIF
97.10.07 19:14 B D:\LouisRoehrs\offminesweep\images\PLAY.GIF <-- AEd /usr/home/tpark/public_html/offminesweep/images PLAY.GIF
97.10.07 19:14 B D:\LouisRoehrs\offminesweep\images\playagain.gif <-- AEd /usr/home/tpark/public_html/offminesweep/images playagain.gif
97.10.07 19:14 B D:\LouisRoehrs\offminesweep\images\QUIT.GIF <-- AEd /usr/home/tpark/public_html/offminesweep/images QUIT.GIF
97.10.07 19:14 B D:\LouisRoehrs\offminesweep\images\RESTART.GIF <-- AEd /usr/home/tpark/public_html/offminesweep/images RESTART.GIF
97.10.07 19:14 B D:\LouisRoehrs\offminesweep\images\sA.gif <-- AEd /usr/home/tpark/public_html/offminesweep/images sA.gif
97.10.07 19:14 B D:\LouisRoehrs\offminesweep\images\t0.gif <-- AEd /usr/home/tpark/public_html/offminesweep/images t0.gif
97.10.07 19:14 B D:\LouisRoehrs\offminesweep\images\t1.gif <-- AEd /usr/home/tpark/public_html/offminesweep/images t1.gif
97.10.07 19:14 B D:\LouisRoehrs\offminesweep\images\t2.gif <-- AEd /usr/home/tpark/public_html/offminesweep/images t2.gif
97.10.07 19:14 B D:\LouisRoehrs\offminesweep\images\t3.gif <-- AEd /usr/home/tpark/public_html/offminesweep/images t3.gif
97.10.07 19:14 B D:\LouisRoehrs\offminesweep\images\t4.gif <-- AEd /usr/home/tpark/public_html/offminesweep/images t4.gif
97.10.07 19:14 B D:\LouisRoehrs\offminesweep\images\t5.gif <-- AEd /usr/home/tpark/public_html/offminesweep/images t5.gif
97.10.07 19:14 B D:\LouisRoehrs\offminesweep\images\t6.gif <-- AEd /usr/home/tpark/public_html/offminesweep/images t6.gif
97.10.07 19:14 B D:\LouisRoehrs\offminesweep\images\t7.gif <-- AEd /usr/home/tpark/public_html/offminesweep/images t7.gif
97.10.07 19:14 B D:\LouisRoehrs\offminesweep\images\t8.gif <-- AEd /usr/home/tpark/public_html/offminesweep/images t8.gif
97.10.07 19:14 B D:\LouisRoehrs\offminesweep\images\t9.gif <-- AEd /usr/home/tpark/public_html/offminesweep/images t9.gif
97.10.07 19:14 B D:\LouisRoehrs\offminesweep\images\uncovermode.gif <-- AEd /usr/home/tpark/public_html/offminesweep/images uncovermode.gif
97.10.08 10:19 B D:\LouisRoehrs\offminesweep\images\0.gif --> ed.webtv.net /usr/home/tpark/public_html/louis/offminesweep/images 0.gif
97.10.08 10:19 B D:\LouisRoehrs\offminesweep\images\1.gif --> ed.webtv.net /usr/home/tpark/public_html/louis/offminesweep/images 1.gif
97.10.08 10:19 B D:\LouisRoehrs\offminesweep\images\2.gif --> ed.webtv.net /usr/home/tpark/public_html/louis/offminesweep/images 2.gif
97.10.08 10:19 B D:\LouisRoehrs\offminesweep\images\3.gif --> ed.webtv.net /usr/home/tpark/public_html/louis/offminesweep/images 3.gif
97.10.08 10:19 B D:\LouisRoehrs\offminesweep\images\4.gif --> ed.webtv.net /usr/home/tpark/public_html/louis/offminesweep/images 4.gif
97.10.08 10:19 B D:\LouisRoehrs\offminesweep\images\5.gif --> ed.webtv.net /usr/home/tpark/public_html/louis/offminesweep/images 5.gif
97.10.08 10:19 B D:\LouisRoehrs\offminesweep\images\6.gif --> ed.webtv.net /usr/home/tpark/public_html/louis/offminesweep/images 6.gif
97.10.08 10:19 B D:\LouisRoehrs\offminesweep\images\7.gif --> ed.webtv.net /usr/home/tpark/public_html/louis/offminesweep/images 7.gif
97.10.08 10:19 B D:\LouisRoehrs\offminesweep\images\8.gif --> ed.webtv.net /usr/home/tpark/public_html/louis/offminesweep/images 8.gif
97.10.08 10:19 B D:\LouisRoehrs\offminesweep\images\9.gif --> ed.webtv.net /usr/home/tpark/public_html/louis/offminesweep/images 9.gif
97.10.08 10:19 B D:\LouisRoehrs\offminesweep\images\b.gif --> ed.webtv.net /usr/home/tpark/public_html/louis/offminesweep/images b.gif
97.10.08 10:19 B D:\LouisRoehrs\offminesweep\images\BACK.JPG --> ed.webtv.net /usr/home/tpark/public_html/louis/offminesweep/images BACK.JPG
97.10.08 10:19 B D:\LouisRoehrs\offminesweep\images\begin.gif --> ed.webtv.net /usr/home/tpark/public_html/louis/offminesweep/images begin.gif
97.10.08 10:19 B D:\LouisRoehrs\offminesweep\images\COLON.GIF --> ed.webtv.net /usr/home/tpark/public_html/louis/offminesweep/images COLON.GIF
97.10.08 10:19 B D:\LouisRoehrs\offminesweep\images\detectoroff.gif --> ed.webtv.net /usr/home/tpark/public_html/louis/offminesweep/images detectoroff.gif
97.10.08 10:19 B D:\LouisRoehrs\offminesweep\images\detectoron.gif --> ed.webtv.net /usr/home/tpark/public_html/louis/offminesweep/images detectoron.gif
97.10.08 10:19 B D:\LouisRoehrs\offminesweep\images\done.gif --> ed.webtv.net /usr/home/tpark/public_html/louis/offminesweep/images done.gif
97.10.08 10:19 B D:\LouisRoehrs\offminesweep\images\flagcell.gif --> ed.webtv.net /usr/home/tpark/public_html/louis/offminesweep/images flagcell.gif
97.10.08 10:19 B D:\LouisRoehrs\offminesweep\images\flagmode.gif --> ed.webtv.net /usr/home/tpark/public_html/louis/offminesweep/images flagmode.gif
97.10.08 10:19 B D:\LouisRoehrs\offminesweep\images\flagoff.gif --> ed.webtv.net /usr/home/tpark/public_html/louis/offminesweep/images flagoff.gif
97.10.08 10:19 B D:\LouisRoehrs\offminesweep\images\flagon.gif --> ed.webtv.net /usr/home/tpark/public_html/louis/offminesweep/images flagon.gif
97.10.08 10:19 B D:\LouisRoehrs\offminesweep\images\hidden.gif --> ed.webtv.net /usr/home/tpark/public_html/louis/offminesweep/images hidden.gif
97.10.08 10:20 B D:\LouisRoehrs\offminesweep\images\LOGO.GIF --> ed.webtv.net /usr/home/tpark/public_html/louis/offminesweep/images LOGO.GIF
97.10.08 10:20 B D:\LouisRoehrs\offminesweep\images\PLAY.GIF --> ed.webtv.net /usr/home/tpark/public_html/louis/offminesweep/images PLAY.GIF
97.10.08 10:20 B D:\LouisRoehrs\offminesweep\images\playagain.gif --> ed.webtv.net /usr/home/tpark/public_html/louis/offminesweep/images playagain.gif
97.10.08 10:20 B D:\LouisRoehrs\offminesweep\images\QUIT.GIF --> ed.webtv.net /usr/home/tpark/public_html/louis/offminesweep/images QUIT.GIF
97.10.08 10:20 B D:\LouisRoehrs\offminesweep\images\RESTART.GIF --> ed.webtv.net /usr/home/tpark/public_html/louis/offminesweep/images RESTART.GIF
97.10.08 10:20 B D:\LouisRoehrs\offminesweep\images\sA.gif --> ed.webtv.net /usr/home/tpark/public_html/louis/offminesweep/images sA.gif
97.10.08 10:20 B D:\LouisRoehrs\offminesweep\images\t0.gif --> ed.webtv.net /usr/home/tpark/public_html/louis/offminesweep/images t0.gif
97.10.08 10:20 B D:\LouisRoehrs\offminesweep\images\t1.gif --> ed.webtv.net /usr/home/tpark/public_html/louis/offminesweep/images t1.gif
97.10.08 10:20 B D:\LouisRoehrs\offminesweep\images\t2.gif --> ed.webtv.net /usr/home/tpark/public_html/louis/offminesweep/images t2.gif
97.10.08 10:20 B D:\LouisRoehrs\offminesweep\images\t3.gif --> ed.webtv.net /usr/home/tpark/public_html/louis/offminesweep/images t3.gif
97.10.08 10:20 B D:\LouisRoehrs\offminesweep\images\t4.gif --> ed.webtv.net /usr/home/tpark/public_html/louis/offminesweep/images t4.gif
97.10.08 10:20 B D:\LouisRoehrs\offminesweep\images\t5.gif --> ed.webtv.net /usr/home/tpark/public_html/louis/offminesweep/images t5.gif
97.10.08 10:20 B D:\LouisRoehrs\offminesweep\images\t6.gif --> ed.webtv.net /usr/home/tpark/public_html/louis/offminesweep/images t6.gif
97.10.08 10:20 B D:\LouisRoehrs\offminesweep\images\t7.gif --> ed.webtv.net /usr/home/tpark/public_html/louis/offminesweep/images t7.gif
97.10.08 10:20 B D:\LouisRoehrs\offminesweep\images\t8.gif --> ed.webtv.net /usr/home/tpark/public_html/louis/offminesweep/images t8.gif
97.10.08 10:20 B D:\LouisRoehrs\offminesweep\images\t9.gif --> ed.webtv.net /usr/home/tpark/public_html/louis/offminesweep/images t9.gif
97.10.08 10:20 B D:\LouisRoehrs\offminesweep\images\uncovermode.gif --> ed.webtv.net /usr/home/tpark/public_html/louis/offminesweep/images uncovermode.gif
97.10.08 10:20 B D:\LouisRoehrs\offminesweep\images\WS_FTP.LOG --> ed.webtv.net /usr/home/tpark/public_html/louis/offminesweep/images WS_FTP.LOG
97.10.13 12:32 B D:\LouisRoehrs\offminesweep\images\0.gif --> vp2.netgate.net /u1/vhome/louis/www/wtv/offminesweep/images 0.gif
97.10.13 12:32 B D:\LouisRoehrs\offminesweep\images\1.gif --> vp2.netgate.net /u1/vhome/louis/www/wtv/offminesweep/images 1.gif
97.10.13 12:32 B D:\LouisRoehrs\offminesweep\images\2.gif --> vp2.netgate.net /u1/vhome/louis/www/wtv/offminesweep/images 2.gif
97.10.13 12:32 B D:\LouisRoehrs\offminesweep\images\3.gif --> vp2.netgate.net /u1/vhome/louis/www/wtv/offminesweep/images 3.gif
97.10.13 12:32 B D:\LouisRoehrs\offminesweep\images\4.gif --> vp2.netgate.net /u1/vhome/louis/www/wtv/offminesweep/images 4.gif
97.10.13 12:32 B D:\LouisRoehrs\offminesweep\images\5.gif --> vp2.netgate.net /u1/vhome/louis/www/wtv/offminesweep/images 5.gif
97.10.13 12:32 B D:\LouisRoehrs\offminesweep\images\6.gif --> vp2.netgate.net /u1/vhome/louis/www/wtv/offminesweep/images 6.gif
97.10.13 12:32 B D:\LouisRoehrs\offminesweep\images\7.gif --> vp2.netgate.net /u1/vhome/louis/www/wtv/offminesweep/images 7.gif
97.10.13 12:32 B D:\LouisRoehrs\offminesweep\images\8.gif --> vp2.netgate.net /u1/vhome/louis/www/wtv/offminesweep/images 8.gif
97.10.13 12:32 B D:\LouisRoehrs\offminesweep\images\9.gif --> vp2.netgate.net /u1/vhome/louis/www/wtv/offminesweep/images 9.gif
97.10.13 12:32 B D:\LouisRoehrs\offminesweep\images\b.gif --> vp2.netgate.net /u1/vhome/louis/www/wtv/offminesweep/images b.gif
97.10.13 12:32 B D:\LouisRoehrs\offminesweep\images\BACK.JPG --> vp2.netgate.net /u1/vhome/louis/www/wtv/offminesweep/images BACK.JPG
97.10.13 12:32 B D:\LouisRoehrs\offminesweep\images\begin.gif --> vp2.netgate.net /u1/vhome/louis/www/wtv/offminesweep/images begin.gif
97.10.13 12:32 B D:\LouisRoehrs\offminesweep\images\COLON.GIF --> vp2.netgate.net /u1/vhome/louis/www/wtv/offminesweep/images COLON.GIF
97.10.13 12:32 B D:\LouisRoehrs\offminesweep\images\detectoroff.gif --> vp2.netgate.net /u1/vhome/louis/www/wtv/offminesweep/images detectoroff.gif
97.10.13 12:32 B D:\LouisRoehrs\offminesweep\images\detectoron.gif --> vp2.netgate.net /u1/vhome/louis/www/wtv/offminesweep/images detectoron.gif
97.10.13 12:32 B D:\LouisRoehrs\offminesweep\images\done.gif --> vp2.netgate.net /u1/vhome/louis/www/wtv/offminesweep/images done.gif
97.10.13 12:32 B D:\LouisRoehrs\offminesweep\images\flagcell.gif --> vp2.netgate.net /u1/vhome/louis/www/wtv/offminesweep/images flagcell.gif
97.10.13 12:32 B D:\LouisRoehrs\offminesweep\images\flagmode.gif --> vp2.netgate.net /u1/vhome/louis/www/wtv/offminesweep/images flagmode.gif
97.10.13 12:32 B D:\LouisRoehrs\offminesweep\images\flagoff.gif --> vp2.netgate.net /u1/vhome/louis/www/wtv/offminesweep/images flagoff.gif
97.10.13 12:32 B D:\LouisRoehrs\offminesweep\images\flagon.gif --> vp2.netgate.net /u1/vhome/louis/www/wtv/offminesweep/images flagon.gif
97.10.13 12:32 B D:\LouisRoehrs\offminesweep\images\hidden.gif --> vp2.netgate.net /u1/vhome/louis/www/wtv/offminesweep/images hidden.gif
97.10.13 12:32 B D:\LouisRoehrs\offminesweep\images\LOGO.GIF --> vp2.netgate.net /u1/vhome/louis/www/wtv/offminesweep/images LOGO.GIF
97.10.13 12:32 B D:\LouisRoehrs\offminesweep\images\PLAY.GIF --> vp2.netgate.net /u1/vhome/louis/www/wtv/offminesweep/images PLAY.GIF
97.10.13 12:32 B D:\LouisRoehrs\offminesweep\images\playagain.gif --> vp2.netgate.net /u1/vhome/louis/www/wtv/offminesweep/images playagain.gif
97.10.13 12:32 B D:\LouisRoehrs\offminesweep\images\QUIT.GIF --> vp2.netgate.net /u1/vhome/louis/www/wtv/offminesweep/images QUIT.GIF
97.10.13 12:32 B D:\LouisRoehrs\offminesweep\images\RESTART.GIF --> vp2.netgate.net /u1/vhome/louis/www/wtv/offminesweep/images RESTART.GIF
97.10.13 12:32 B D:\LouisRoehrs\offminesweep\images\sA.gif --> vp2.netgate.net /u1/vhome/louis/www/wtv/offminesweep/images sA.gif
97.10.13 12:32 B D:\LouisRoehrs\offminesweep\images\t0.gif --> vp2.netgate.net /u1/vhome/louis/www/wtv/offminesweep/images t0.gif
97.10.13 12:32 B D:\LouisRoehrs\offminesweep\images\t1.gif --> vp2.netgate.net /u1/vhome/louis/www/wtv/offminesweep/images t1.gif
97.10.13 12:32 B D:\LouisRoehrs\offminesweep\images\t2.gif --> vp2.netgate.net /u1/vhome/louis/www/wtv/offminesweep/images t2.gif
97.10.13 12:32 B D:\LouisRoehrs\offminesweep\images\t3.gif --> vp2.netgate.net /u1/vhome/louis/www/wtv/offminesweep/images t3.gif
97.10.13 12:32 B D:\LouisRoehrs\offminesweep\images\t4.gif --> vp2.netgate.net /u1/vhome/louis/www/wtv/offminesweep/images t4.gif
97.10.13 12:32 B D:\LouisRoehrs\offminesweep\images\t5.gif --> vp2.netgate.net /u1/vhome/louis/www/wtv/offminesweep/images t5.gif
97.10.13 12:32 B D:\LouisRoehrs\offminesweep\images\t6.gif --> vp2.netgate.net /u1/vhome/louis/www/wtv/offminesweep/images t6.gif
97.10.13 12:32 B D:\LouisRoehrs\offminesweep\images\t7.gif --> vp2.netgate.net /u1/vhome/louis/www/wtv/offminesweep/images t7.gif
97.10.13 12:32 B D:\LouisRoehrs\offminesweep\images\t8.gif --> vp2.netgate.net /u1/vhome/louis/www/wtv/offminesweep/images t8.gif
97.10.13 12:32 B D:\LouisRoehrs\offminesweep\images\t9.gif --> vp2.netgate.net /u1/vhome/louis/www/wtv/offminesweep/images t9.gif
97.10.13 12:32 B D:\LouisRoehrs\offminesweep\images\uncovermode.gif --> vp2.netgate.net /u1/vhome/louis/www/wtv/offminesweep/images uncovermode.gif
97.10.13 12:32 B D:\LouisRoehrs\offminesweep\images\WS_FTP.LOG --> vp2.netgate.net /u1/vhome/louis/www/wtv/offminesweep/images WS_FTP.LOG
97.10.21 19:56 B D:\LouisRoehrs\offminesweep\images\0.gif --> vp2.netgate.net /u1/vhome/louis/www/wtv/offminesweep/images 0.gif
97.10.21 19:56 B D:\LouisRoehrs\offminesweep\images\1.gif --> vp2.netgate.net /u1/vhome/louis/www/wtv/offminesweep/images 1.gif
97.10.21 19:56 B D:\LouisRoehrs\offminesweep\images\2.gif --> vp2.netgate.net /u1/vhome/louis/www/wtv/offminesweep/images 2.gif
97.10.21 19:56 B D:\LouisRoehrs\offminesweep\images\3.gif --> vp2.netgate.net /u1/vhome/louis/www/wtv/offminesweep/images 3.gif
97.10.21 19:56 B D:\LouisRoehrs\offminesweep\images\4.gif --> vp2.netgate.net /u1/vhome/louis/www/wtv/offminesweep/images 4.gif
97.10.21 19:56 B D:\LouisRoehrs\offminesweep\images\5.gif --> vp2.netgate.net /u1/vhome/louis/www/wtv/offminesweep/images 5.gif
97.10.21 19:56 B D:\LouisRoehrs\offminesweep\images\6.gif --> vp2.netgate.net /u1/vhome/louis/www/wtv/offminesweep/images 6.gif
97.10.21 19:56 B D:\LouisRoehrs\offminesweep\images\7.gif --> vp2.netgate.net /u1/vhome/louis/www/wtv/offminesweep/images 7.gif
97.10.21 19:56 B D:\LouisRoehrs\offminesweep\images\8.gif --> vp2.netgate.net /u1/vhome/louis/www/wtv/offminesweep/images 8.gif
97.10.21 19:56 B D:\LouisRoehrs\offminesweep\images\9.gif --> vp2.netgate.net /u1/vhome/louis/www/wtv/offminesweep/images 9.gif
97.10.21 19:56 B D:\LouisRoehrs\offminesweep\images\b.gif --> vp2.netgate.net /u1/vhome/louis/www/wtv/offminesweep/images b.gif
97.10.21 19:56 B D:\LouisRoehrs\offminesweep\images\BACK.JPG --> vp2.netgate.net /u1/vhome/louis/www/wtv/offminesweep/images BACK.JPG
97.10.21 19:56 B D:\LouisRoehrs\offminesweep\images\begin.gif --> vp2.netgate.net /u1/vhome/louis/www/wtv/offminesweep/images begin.gif
97.10.21 19:56 B D:\LouisRoehrs\offminesweep\images\COLON.GIF --> vp2.netgate.net /u1/vhome/louis/www/wtv/offminesweep/images COLON.GIF
97.10.21 19:56 B D:\LouisRoehrs\offminesweep\images\detectoroff.gif --> vp2.netgate.net /u1/vhome/louis/www/wtv/offminesweep/images detectoroff.gif
97.10.21 19:56 B D:\LouisRoehrs\offminesweep\images\detectoron.gif --> vp2.netgate.net /u1/vhome/louis/www/wtv/offminesweep/images detectoron.gif
97.10.21 19:56 B D:\LouisRoehrs\offminesweep\images\done.gif --> vp2.netgate.net /u1/vhome/louis/www/wtv/offminesweep/images done.gif
97.10.21 19:56 B D:\LouisRoehrs\offminesweep\images\flagcell.gif --> vp2.netgate.net /u1/vhome/louis/www/wtv/offminesweep/images flagcell.gif
97.10.21 19:56 B D:\LouisRoehrs\offminesweep\images\flagmode.gif --> vp2.netgate.net /u1/vhome/louis/www/wtv/offminesweep/images flagmode.gif
97.10.21 19:56 B D:\LouisRoehrs\offminesweep\images\flagoff.gif --> vp2.netgate.net /u1/vhome/louis/www/wtv/offminesweep/images flagoff.gif
97.10.21 19:56 B D:\LouisRoehrs\offminesweep\images\flagon.gif --> vp2.netgate.net /u1/vhome/louis/www/wtv/offminesweep/images flagon.gif
97.10.21 19:56 B D:\LouisRoehrs\offminesweep\images\hidden.gif --> vp2.netgate.net /u1/vhome/louis/www/wtv/offminesweep/images hidden.gif
97.10.21 19:56 B D:\LouisRoehrs\offminesweep\images\LOGO.GIF --> vp2.netgate.net /u1/vhome/louis/www/wtv/offminesweep/images LOGO.GIF
97.10.21 19:56 B D:\LouisRoehrs\offminesweep\images\PLAY.GIF --> vp2.netgate.net /u1/vhome/louis/www/wtv/offminesweep/images PLAY.GIF
97.10.21 19:56 B D:\LouisRoehrs\offminesweep\images\playagain.gif --> vp2.netgate.net /u1/vhome/louis/www/wtv/offminesweep/images playagain.gif
97.10.21 19:56 B D:\LouisRoehrs\offminesweep\images\QUIT.GIF --> vp2.netgate.net /u1/vhome/louis/www/wtv/offminesweep/images QUIT.GIF
97.10.21 19:56 B D:\LouisRoehrs\offminesweep\images\RESTART.GIF --> vp2.netgate.net /u1/vhome/louis/www/wtv/offminesweep/images RESTART.GIF
97.10.21 19:56 B D:\LouisRoehrs\offminesweep\images\sA.gif --> vp2.netgate.net /u1/vhome/louis/www/wtv/offminesweep/images sA.gif
97.10.21 19:57 B D:\LouisRoehrs\offminesweep\images\t0.gif --> vp2.netgate.net /u1/vhome/louis/www/wtv/offminesweep/images t0.gif
97.10.21 19:57 B D:\LouisRoehrs\offminesweep\images\t1.gif --> vp2.netgate.net /u1/vhome/louis/www/wtv/offminesweep/images t1.gif
97.10.21 19:57 B D:\LouisRoehrs\offminesweep\images\t2.gif --> vp2.netgate.net /u1/vhome/louis/www/wtv/offminesweep/images t2.gif
97.10.21 19:57 B D:\LouisRoehrs\offminesweep\images\t3.gif --> vp2.netgate.net /u1/vhome/louis/www/wtv/offminesweep/images t3.gif
97.10.21 19:57 B D:\LouisRoehrs\offminesweep\images\t4.gif --> vp2.netgate.net /u1/vhome/louis/www/wtv/offminesweep/images t4.gif
97.10.21 19:57 B D:\LouisRoehrs\offminesweep\images\t5.gif --> vp2.netgate.net /u1/vhome/louis/www/wtv/offminesweep/images t5.gif
97.10.21 19:57 B D:\LouisRoehrs\offminesweep\images\t6.gif --> vp2.netgate.net /u1/vhome/louis/www/wtv/offminesweep/images t6.gif
97.10.21 19:57 B D:\LouisRoehrs\offminesweep\images\t7.gif --> vp2.netgate.net /u1/vhome/louis/www/wtv/offminesweep/images t7.gif
97.10.21 19:57 B D:\LouisRoehrs\offminesweep\images\t8.gif --> vp2.netgate.net /u1/vhome/louis/www/wtv/offminesweep/images t8.gif
97.10.21 19:57 B D:\LouisRoehrs\offminesweep\images\t9.gif --> vp2.netgate.net /u1/vhome/louis/www/wtv/offminesweep/images t9.gif
97.10.21 19:57 B D:\LouisRoehrs\offminesweep\images\uncovermode.gif --> vp2.netgate.net /u1/vhome/louis/www/wtv/offminesweep/images uncovermode.gif
97.10.21 19:57 B D:\LouisRoehrs\offminesweep\images\WS_FTP.LOG --> vp2.netgate.net /u1/vhome/louis/www/wtv/offminesweep/images WS_FTP.LOG
97.10.24 18:35 B D:\LouisRoehrs\offminesweep\images\0.gif --> vp2.netgate.net /u1/vhome/louis/www/wtv/offminesweep/images 0.gif
97.10.24 18:35 B D:\LouisRoehrs\offminesweep\images\1.gif --> vp2.netgate.net /u1/vhome/louis/www/wtv/offminesweep/images 1.gif
97.10.24 18:35 B D:\LouisRoehrs\offminesweep\images\2.gif --> vp2.netgate.net /u1/vhome/louis/www/wtv/offminesweep/images 2.gif
97.10.24 18:35 B D:\LouisRoehrs\offminesweep\images\3.gif --> vp2.netgate.net /u1/vhome/louis/www/wtv/offminesweep/images 3.gif
97.10.24 18:35 B D:\LouisRoehrs\offminesweep\images\4.gif --> vp2.netgate.net /u1/vhome/louis/www/wtv/offminesweep/images 4.gif
97.10.24 18:35 B D:\LouisRoehrs\offminesweep\images\5.gif --> vp2.netgate.net /u1/vhome/louis/www/wtv/offminesweep/images 5.gif
97.10.24 18:35 B D:\LouisRoehrs\offminesweep\images\6.gif --> vp2.netgate.net /u1/vhome/louis/www/wtv/offminesweep/images 6.gif
97.10.24 18:35 B D:\LouisRoehrs\offminesweep\images\7.gif --> vp2.netgate.net /u1/vhome/louis/www/wtv/offminesweep/images 7.gif
97.10.24 18:35 B D:\LouisRoehrs\offminesweep\images\8.gif --> vp2.netgate.net /u1/vhome/louis/www/wtv/offminesweep/images 8.gif
97.10.24 18:35 B D:\LouisRoehrs\offminesweep\images\9.gif --> vp2.netgate.net /u1/vhome/louis/www/wtv/offminesweep/images 9.gif
97.10.24 18:35 B D:\LouisRoehrs\offminesweep\images\b.gif --> vp2.netgate.net /u1/vhome/louis/www/wtv/offminesweep/images b.gif
97.10.24 18:35 B D:\LouisRoehrs\offminesweep\images\BACK.JPG --> vp2.netgate.net /u1/vhome/louis/www/wtv/offminesweep/images BACK.JPG
97.10.24 18:35 B D:\LouisRoehrs\offminesweep\images\begin.gif --> vp2.netgate.net /u1/vhome/louis/www/wtv/offminesweep/images begin.gif
97.10.24 18:35 B D:\LouisRoehrs\offminesweep\images\COLON.GIF --> vp2.netgate.net /u1/vhome/louis/www/wtv/offminesweep/images COLON.GIF
97.10.24 18:35 B D:\LouisRoehrs\offminesweep\images\detectoroff.gif --> vp2.netgate.net /u1/vhome/louis/www/wtv/offminesweep/images detectoroff.gif
97.10.24 18:35 B D:\LouisRoehrs\offminesweep\images\detectoron.gif --> vp2.netgate.net /u1/vhome/louis/www/wtv/offminesweep/images detectoron.gif
97.10.24 18:35 B D:\LouisRoehrs\offminesweep\images\done.gif --> vp2.netgate.net /u1/vhome/louis/www/wtv/offminesweep/images done.gif
97.10.24 18:35 B D:\LouisRoehrs\offminesweep\images\flagcell.gif --> vp2.netgate.net /u1/vhome/louis/www/wtv/offminesweep/images flagcell.gif
97.10.24 18:35 B D:\LouisRoehrs\offminesweep\images\flagmode.gif --> vp2.netgate.net /u1/vhome/louis/www/wtv/offminesweep/images flagmode.gif
97.10.24 18:35 B D:\LouisRoehrs\offminesweep\images\flagoff.gif --> vp2.netgate.net /u1/vhome/louis/www/wtv/offminesweep/images flagoff.gif
97.10.24 18:35 B D:\LouisRoehrs\offminesweep\images\flagon.gif --> vp2.netgate.net /u1/vhome/louis/www/wtv/offminesweep/images flagon.gif
97.10.24 18:35 B D:\LouisRoehrs\offminesweep\images\hidden.gif --> vp2.netgate.net /u1/vhome/louis/www/wtv/offminesweep/images hidden.gif
97.10.24 18:35 B D:\LouisRoehrs\offminesweep\images\LOGO.GIF --> vp2.netgate.net /u1/vhome/louis/www/wtv/offminesweep/images LOGO.GIF
97.10.24 18:35 B D:\LouisRoehrs\offminesweep\images\PLAY.GIF --> vp2.netgate.net /u1/vhome/louis/www/wtv/offminesweep/images PLAY.GIF
97.10.24 18:35 B D:\LouisRoehrs\offminesweep\images\playagain.gif --> vp2.netgate.net /u1/vhome/louis/www/wtv/offminesweep/images playagain.gif
97.10.24 18:35 B D:\LouisRoehrs\offminesweep\images\QUIT.GIF --> vp2.netgate.net /u1/vhome/louis/www/wtv/offminesweep/images QUIT.GIF
97.10.24 18:35 B D:\LouisRoehrs\offminesweep\images\RESTART.GIF --> vp2.netgate.net /u1/vhome/louis/www/wtv/offminesweep/images RESTART.GIF
97.10.24 18:35 B D:\LouisRoehrs\offminesweep\images\sA.gif --> vp2.netgate.net /u1/vhome/louis/www/wtv/offminesweep/images sA.gif
97.10.24 18:35 B D:\LouisRoehrs\offminesweep\images\t0.gif --> vp2.netgate.net /u1/vhome/louis/www/wtv/offminesweep/images t0.gif
97.10.24 18:35 B D:\LouisRoehrs\offminesweep\images\t1.gif --> vp2.netgate.net /u1/vhome/louis/www/wtv/offminesweep/images t1.gif
97.10.24 18:35 B D:\LouisRoehrs\offminesweep\images\t2.gif --> vp2.netgate.net /u1/vhome/louis/www/wtv/offminesweep/images t2.gif
97.10.24 18:35 B D:\LouisRoehrs\offminesweep\images\t3.gif --> vp2.netgate.net /u1/vhome/louis/www/wtv/offminesweep/images t3.gif
97.10.24 18:35 B D:\LouisRoehrs\offminesweep\images\t4.gif --> vp2.netgate.net /u1/vhome/louis/www/wtv/offminesweep/images t4.gif
97.10.24 18:35 B D:\LouisRoehrs\offminesweep\images\t5.gif --> vp2.netgate.net /u1/vhome/louis/www/wtv/offminesweep/images t5.gif
97.10.24 18:35 B D:\LouisRoehrs\offminesweep\images\t6.gif --> vp2.netgate.net /u1/vhome/louis/www/wtv/offminesweep/images t6.gif
97.10.24 18:35 B D:\LouisRoehrs\offminesweep\images\t7.gif --> vp2.netgate.net /u1/vhome/louis/www/wtv/offminesweep/images t7.gif
97.10.24 18:35 B D:\LouisRoehrs\offminesweep\images\t8.gif --> vp2.netgate.net /u1/vhome/louis/www/wtv/offminesweep/images t8.gif
97.10.24 18:35 B D:\LouisRoehrs\offminesweep\images\t9.gif --> vp2.netgate.net /u1/vhome/louis/www/wtv/offminesweep/images t9.gif
97.10.24 18:35 B D:\LouisRoehrs\offminesweep\images\uncovermode.gif --> vp2.netgate.net /u1/vhome/louis/www/wtv/offminesweep/images uncovermode.gif
