97.09.25 21:44 B C:\AWork\AWebSites\WebTVGames\makeamatch\matches\guest.gif --> vp2.netgate.net /u1/vhome/louis/www/makeamatch/matches guest.gif
97.09.25 21:44 B C:\AWork\AWebSites\WebTVGames\makeamatch\matches\member.gif --> vp2.netgate.net /u1/vhome/louis/www/makeamatch/matches member.gif
97.09.25 21:44 B C:\AWork\AWebSites\WebTVGames\makeamatch\matches\mixoil~6.jpg --> vp2.netgate.net /u1/vhome/louis/www/makeamatch/matches mixoil~6.jpg
97.09.25 21:44 B C:\AWork\AWebSites\WebTVGames\makeamatch\matches\trial.gif --> vp2.netgate.net /u1/vhome/louis/www/makeamatch/matches trial.gif
97.09.29 13:06 B C:\AWork\AWebSites\WebTVGames\makeamatch\matches\guest.gif --> vp2.netgate.net /u1/vhome/louis/www/makeamatch/matches guest.gif
97.09.29 13:06 B C:\AWork\AWebSites\WebTVGames\makeamatch\matches\member.gif --> vp2.netgate.net /u1/vhome/louis/www/makeamatch/matches member.gif
97.09.29 13:06 B C:\AWork\AWebSites\WebTVGames\makeamatch\matches\trial.gif --> vp2.netgate.net /u1/vhome/louis/www/makeamatch/matches trial.gif
97.09.29 15:44 B D:\LouisRoehrs\makeamatch\matches\WS_FTP.LOG <-- AWoofie /u1/vhome/louis/www/makeamatch/matches WS_FTP.LOG
97.09.29 15:56 B D:\LouisRoehrs\makeamatch\matches\guest.gif --> ed.webtv.net /usr/home/tpark/public_html/louis/makeamatch/matches guest.gif
97.09.29 15:56 B D:\LouisRoehrs\makeamatch\matches\member.gif --> ed.webtv.net /usr/home/tpark/public_html/louis/makeamatch/matches member.gif
97.09.29 15:57 B D:\LouisRoehrs\makeamatch\matches\mixoil~6.jpg --> ed.webtv.net /usr/home/tpark/public_html/louis/makeamatch/matches mixoil~6.jpg
97.09.29 15:57 B D:\LouisRoehrs\makeamatch\matches\trial.gif --> ed.webtv.net /usr/home/tpark/public_html/louis/makeamatch/matches trial.gif
97.09.29 15:57 B D:\LouisRoehrs\makeamatch\matches\WS_FTP.LOG --> ed.webtv.net /usr/home/tpark/public_html/louis/makeamatch/matches WS_FTP.LOG
97.09.29 16:33 B D:\LouisRoehrs\makeamatch\matches\0.gif <-- AEd /usr/home/tpark/public_html/louis/makeamatch/matches 0.gif
97.09.29 16:33 B D:\LouisRoehrs\makeamatch\matches\1.gif <-- AEd /usr/home/tpark/public_html/louis/makeamatch/matches 1.gif
97.09.29 16:33 B D:\LouisRoehrs\makeamatch\matches\2.gif <-- AEd /usr/home/tpark/public_html/louis/makeamatch/matches 2.gif
97.09.29 16:33 B D:\LouisRoehrs\makeamatch\matches\3.gif <-- AEd /usr/home/tpark/public_html/louis/makeamatch/matches 3.gif
97.09.29 16:33 B D:\LouisRoehrs\makeamatch\matches\4.gif <-- AEd /usr/home/tpark/public_html/louis/makeamatch/matches 4.gif
97.09.29 16:33 B D:\LouisRoehrs\makeamatch\matches\5.gif <-- AEd /usr/home/tpark/public_html/louis/makeamatch/matches 5.gif
97.09.29 16:33 B D:\LouisRoehrs\makeamatch\matches\6.gif <-- AEd /usr/home/tpark/public_html/louis/makeamatch/matches 6.gif
97.09.29 16:33 B D:\LouisRoehrs\makeamatch\matches\7.gif <-- AEd /usr/home/tpark/public_html/louis/makeamatch/matches 7.gif
97.09.29 16:33 B D:\LouisRoehrs\makeamatch\matches\8.gif <-- AEd /usr/home/tpark/public_html/louis/makeamatch/matches 8.gif
97.09.29 16:33 B D:\LouisRoehrs\makeamatch\matches\9.gif <-- AEd /usr/home/tpark/public_html/louis/makeamatch/matches 9.gif
97.09.29 16:33 B D:\LouisRoehrs\makeamatch\matches\colon.gif <-- AEd /usr/home/tpark/public_html/louis/makeamatch/matches colon.gif
97.09.29 16:40 B D:\LouisRoehrs\makeamatch\matches\0.gif --> ed.webtv.net /usr/home/tpark/public_html/louis/makeamatch/matches 0.gif
97.09.29 16:40 B D:\LouisRoehrs\makeamatch\matches\1.gif --> ed.webtv.net /usr/home/tpark/public_html/louis/makeamatch/matches 1.gif
97.09.29 16:40 B D:\LouisRoehrs\makeamatch\matches\2.gif --> ed.webtv.net /usr/home/tpark/public_html/louis/makeamatch/matches 2.gif
97.09.29 16:40 B D:\LouisRoehrs\makeamatch\matches\3.gif --> ed.webtv.net /usr/home/tpark/public_html/louis/makeamatch/matches 3.gif
97.09.29 16:40 B D:\LouisRoehrs\makeamatch\matches\4.gif --> ed.webtv.net /usr/home/tpark/public_html/louis/makeamatch/matches 4.gif
97.09.29 16:40 B D:\LouisRoehrs\makeamatch\matches\5.gif --> ed.webtv.net /usr/home/tpark/public_html/louis/makeamatch/matches 5.gif
97.09.29 16:40 B D:\LouisRoehrs\makeamatch\matches\6.gif --> ed.webtv.net /usr/home/tpark/public_html/louis/makeamatch/matches 6.gif
97.09.29 16:40 B D:\LouisRoehrs\makeamatch\matches\7.gif --> ed.webtv.net /usr/home/tpark/public_html/louis/makeamatch/matches 7.gif
97.09.29 16:40 B D:\LouisRoehrs\makeamatch\matches\8.gif --> ed.webtv.net /usr/home/tpark/public_html/louis/makeamatch/matches 8.gif
97.09.29 16:40 B D:\LouisRoehrs\makeamatch\matches\9.gif --> ed.webtv.net /usr/home/tpark/public_html/louis/makeamatch/matches 9.gif
97.09.29 16:42 B D:\LouisRoehrs\makeamatch\matches\0.gif --> ed.webtv.net /usr/home/tpark/public_html/louis/makeamatch/matches 0.gif
97.09.29 16:42 B D:\LouisRoehrs\makeamatch\matches\1.gif --> ed.webtv.net /usr/home/tpark/public_html/louis/makeamatch/matches 1.gif
97.09.29 16:42 B D:\LouisRoehrs\makeamatch\matches\2.gif --> ed.webtv.net /usr/home/tpark/public_html/louis/makeamatch/matches 2.gif
97.09.29 16:42 B D:\LouisRoehrs\makeamatch\matches\3.gif --> ed.webtv.net /usr/home/tpark/public_html/louis/makeamatch/matches 3.gif
97.09.29 16:42 B D:\LouisRoehrs\makeamatch\matches\4.gif --> ed.webtv.net /usr/home/tpark/public_html/louis/makeamatch/matches 4.gif
97.09.29 16:42 B D:\LouisRoehrs\makeamatch\matches\5.gif --> ed.webtv.net /usr/home/tpark/public_html/louis/makeamatch/matches 5.gif
97.09.29 16:42 B D:\LouisRoehrs\makeamatch\matches\6.gif --> ed.webtv.net /usr/home/tpark/public_html/louis/makeamatch/matches 6.gif
97.09.29 16:42 B D:\LouisRoehrs\makeamatch\matches\7.gif --> ed.webtv.net /usr/home/tpark/public_html/louis/makeamatch/matches 7.gif
97.09.29 16:42 B D:\LouisRoehrs\makeamatch\matches\8.gif --> ed.webtv.net /usr/home/tpark/public_html/louis/makeamatch/matches 8.gif
97.09.29 16:42 B D:\LouisRoehrs\makeamatch\matches\9.gif --> ed.webtv.net /usr/home/tpark/public_html/louis/makeamatch/matches 9.gif
97.09.29 20:38 B D:\LouisRoehrs\makeamatch\matches\0.gif --> vp2.netgate.net /u1/vhome/louis/www/makeamatch/matches 0.gif
97.09.29 20:38 B D:\LouisRoehrs\makeamatch\matches\1.gif --> vp2.netgate.net /u1/vhome/louis/www/makeamatch/matches 1.gif
97.09.29 20:38 B D:\LouisRoehrs\makeamatch\matches\2.gif --> vp2.netgate.net /u1/vhome/louis/www/makeamatch/matches 2.gif
97.09.29 20:38 B D:\LouisRoehrs\makeamatch\matches\3.gif --> vp2.netgate.net /u1/vhome/louis/www/makeamatch/matches 3.gif
97.09.29 20:38 B D:\LouisRoehrs\makeamatch\matches\4.gif --> vp2.netgate.net /u1/vhome/louis/www/makeamatch/matches 4.gif
97.09.29 20:38 B D:\LouisRoehrs\makeamatch\matches\5.gif --> vp2.netgate.net /u1/vhome/louis/www/makeamatch/matches 5.gif
97.09.29 20:38 B D:\LouisRoehrs\makeamatch\matches\6.gif --> vp2.netgate.net /u1/vhome/louis/www/makeamatch/matches 6.gif
97.09.29 20:38 B D:\LouisRoehrs\makeamatch\matches\7.gif --> vp2.netgate.net /u1/vhome/louis/www/makeamatch/matches 7.gif
97.09.29 20:38 B D:\LouisRoehrs\makeamatch\matches\8.gif --> vp2.netgate.net /u1/vhome/louis/www/makeamatch/matches 8.gif
97.09.29 20:38 B D:\LouisRoehrs\makeamatch\matches\9.gif --> vp2.netgate.net /u1/vhome/louis/www/makeamatch/matches 9.gif
97.09.29 20:38 B D:\LouisRoehrs\makeamatch\matches\colon.gif --> vp2.netgate.net /u1/vhome/louis/www/makeamatch/matches colon.gif
97.09.29 20:38 B D:\LouisRoehrs\makeamatch\matches\guest.gif --> vp2.netgate.net /u1/vhome/louis/www/makeamatch/matches guest.gif
97.09.29 20:38 B D:\LouisRoehrs\makeamatch\matches\member.gif --> vp2.netgate.net /u1/vhome/louis/www/makeamatch/matches member.gif
97.09.29 20:38 B D:\LouisRoehrs\makeamatch\matches\mixoil~6.jpg --> vp2.netgate.net /u1/vhome/louis/www/makeamatch/matches mixoil~6.jpg
97.09.29 20:38 B D:\LouisRoehrs\makeamatch\matches\trial.gif --> vp2.netgate.net /u1/vhome/louis/www/makeamatch/matches trial.gif
97.09.29 20:38 B D:\LouisRoehrs\makeamatch\matches\WS_FTP.LOG --> vp2.netgate.net /u1/vhome/louis/www/makeamatch/matches WS_FTP.LOG
97.10.02 10:47 B D:\LouisRoehrs\makeamatch\matches\1.gif --> ed.webtv.net /usr/home/tpark/public_html/louis/makeamatch/matches 1.gif
97.10.02 10:51 B D:\LouisRoehrs\makeamatch\matches\1.gif --> ed.webtv.net /usr/home/tpark/public_html/louis/makeamatch/matches 1.gif
97.10.13 12:43 B D:\LouisRoehrs\tetris\matches\0.gif --> vp2.netgate.net /u1/vhome/louis/www/wtv/tetris/matches 0.gif
97.10.13 12:43 B D:\LouisRoehrs\tetris\matches\1.gif --> vp2.netgate.net /u1/vhome/louis/www/wtv/tetris/matches 1.gif
97.10.13 12:43 B D:\LouisRoehrs\tetris\matches\2.gif --> vp2.netgate.net /u1/vhome/louis/www/wtv/tetris/matches 2.gif
97.10.13 12:43 B D:\LouisRoehrs\tetris\matches\3.gif --> vp2.netgate.net /u1/vhome/louis/www/wtv/tetris/matches 3.gif
97.10.13 12:43 B D:\LouisRoehrs\tetris\matches\4.gif --> vp2.netgate.net /u1/vhome/louis/www/wtv/tetris/matches 4.gif
97.10.13 12:43 B D:\LouisRoehrs\tetris\matches\5.gif --> vp2.netgate.net /u1/vhome/louis/www/wtv/tetris/matches 5.gif
97.10.13 12:43 B D:\LouisRoehrs\tetris\matches\6.gif --> vp2.netgate.net /u1/vhome/louis/www/wtv/tetris/matches 6.gif
97.10.13 12:43 B D:\LouisRoehrs\tetris\matches\7.gif --> vp2.netgate.net /u1/vhome/louis/www/wtv/tetris/matches 7.gif
97.10.13 12:43 B D:\LouisRoehrs\tetris\matches\8.gif --> vp2.netgate.net /u1/vhome/louis/www/wtv/tetris/matches 8.gif
97.10.13 12:43 B D:\LouisRoehrs\tetris\matches\9.gif --> vp2.netgate.net /u1/vhome/louis/www/wtv/tetris/matches 9.gif
97.10.13 12:43 B D:\LouisRoehrs\tetris\matches\back2.gif --> vp2.netgate.net /u1/vhome/louis/www/wtv/tetris/matches back2.gif
97.10.13 12:43 B D:\LouisRoehrs\tetris\matches\back2.jpg --> vp2.netgate.net /u1/vhome/louis/www/wtv/tetris/matches back2.jpg
97.10.13 12:43 B D:\LouisRoehrs\tetris\matches\colon.gif --> vp2.netgate.net /u1/vhome/louis/www/wtv/tetris/matches colon.gif
97.10.13 12:43 B D:\LouisRoehrs\tetris\matches\guest.gif --> vp2.netgate.net /u1/vhome/louis/www/wtv/tetris/matches guest.gif
97.10.13 12:43 B D:\LouisRoehrs\tetris\matches\member.gif --> vp2.netgate.net /u1/vhome/louis/www/wtv/tetris/matches member.gif
97.10.13 12:43 B D:\LouisRoehrs\tetris\matches\trial.gif --> vp2.netgate.net /u1/vhome/louis/www/wtv/tetris/matches trial.gif
97.10.13 12:43 B D:\LouisRoehrs\tetris\matches\WS_FTP.LOG --> vp2.netgate.net /u1/vhome/louis/www/wtv/tetris/matches WS_FTP.LOG
97.10.21 20:06 B D:\LouisRoehrs\tetris\matches\0.gif --> vp2.netgate.net /u1/vhome/louis/www/wtv/tetris/matches 0.gif
97.10.21 20:07 B D:\LouisRoehrs\tetris\matches\1.gif --> vp2.netgate.net /u1/vhome/louis/www/wtv/tetris/matches 1.gif
97.10.21 20:07 B D:\LouisRoehrs\tetris\matches\2.gif --> vp2.netgate.net /u1/vhome/louis/www/wtv/tetris/matches 2.gif
97.10.21 20:07 B D:\LouisRoehrs\tetris\matches\3.gif --> vp2.netgate.net /u1/vhome/louis/www/wtv/tetris/matches 3.gif
97.10.21 20:07 B D:\LouisRoehrs\tetris\matches\4.gif --> vp2.netgate.net /u1/vhome/louis/www/wtv/tetris/matches 4.gif
97.10.21 20:07 B D:\LouisRoehrs\tetris\matches\5.gif --> vp2.netgate.net /u1/vhome/louis/www/wtv/tetris/matches 5.gif
97.10.21 20:07 B D:\LouisRoehrs\tetris\matches\6.gif --> vp2.netgate.net /u1/vhome/louis/www/wtv/tetris/matches 6.gif
97.10.21 20:07 B D:\LouisRoehrs\tetris\matches\7.gif --> vp2.netgate.net /u1/vhome/louis/www/wtv/tetris/matches 7.gif
97.10.21 20:07 B D:\LouisRoehrs\tetris\matches\8.gif --> vp2.netgate.net /u1/vhome/louis/www/wtv/tetris/matches 8.gif
97.10.21 20:07 B D:\LouisRoehrs\tetris\matches\9.gif --> vp2.netgate.net /u1/vhome/louis/www/wtv/tetris/matches 9.gif
97.10.21 20:07 B D:\LouisRoehrs\tetris\matches\back2.gif --> vp2.netgate.net /u1/vhome/louis/www/wtv/tetris/matches back2.gif
97.10.21 20:07 B D:\LouisRoehrs\tetris\matches\back2.jpg --> vp2.netgate.net /u1/vhome/louis/www/wtv/tetris/matches back2.jpg
97.10.21 20:07 B D:\LouisRoehrs\tetris\matches\colon.gif --> vp2.netgate.net /u1/vhome/louis/www/wtv/tetris/matches colon.gif
97.10.21 20:07 B D:\LouisRoehrs\tetris\matches\guest.gif --> vp2.netgate.net /u1/vhome/louis/www/wtv/tetris/matches guest.gif
97.10.21 20:07 B D:\LouisRoehrs\tetris\matches\member.gif --> vp2.netgate.net /u1/vhome/louis/www/wtv/tetris/matches member.gif
97.10.21 20:07 B D:\LouisRoehrs\tetris\matches\trial.gif --> vp2.netgate.net /u1/vhome/louis/www/wtv/tetris/matches trial.gif
97.10.21 20:07 B D:\LouisRoehrs\tetris\matches\WS_FTP.LOG --> vp2.netgate.net /u1/vhome/louis/www/wtv/tetris/matches WS_FTP.LOG
97.10.24 18:42 B D:\LouisRoehrs\tetris\matches\0.gif --> vp2.netgate.net /u1/vhome/louis/www/wtv/tetris/matches 0.gif
97.10.24 18:42 B D:\LouisRoehrs\tetris\matches\1.gif --> vp2.netgate.net /u1/vhome/louis/www/wtv/tetris/matches 1.gif
97.10.24 18:42 B D:\LouisRoehrs\tetris\matches\2.gif --> vp2.netgate.net /u1/vhome/louis/www/wtv/tetris/matches 2.gif
97.10.24 18:42 B D:\LouisRoehrs\tetris\matches\3.gif --> vp2.netgate.net /u1/vhome/louis/www/wtv/tetris/matches 3.gif
97.10.24 18:42 B D:\LouisRoehrs\tetris\matches\4.gif --> vp2.netgate.net /u1/vhome/louis/www/wtv/tetris/matches 4.gif
97.10.24 18:42 B D:\LouisRoehrs\tetris\matches\5.gif --> vp2.netgate.net /u1/vhome/louis/www/wtv/tetris/matches 5.gif
97.10.24 18:42 B D:\LouisRoehrs\tetris\matches\6.gif --> vp2.netgate.net /u1/vhome/louis/www/wtv/tetris/matches 6.gif
97.10.24 18:42 B D:\LouisRoehrs\tetris\matches\7.gif --> vp2.netgate.net /u1/vhome/louis/www/wtv/tetris/matches 7.gif
97.10.24 18:42 B D:\LouisRoehrs\tetris\matches\8.gif --> vp2.netgate.net /u1/vhome/louis/www/wtv/tetris/matches 8.gif
97.10.24 18:42 B D:\LouisRoehrs\tetris\matches\9.gif --> vp2.netgate.net /u1/vhome/louis/www/wtv/tetris/matches 9.gif
97.10.24 18:42 B D:\LouisRoehrs\tetris\matches\back2.gif --> vp2.netgate.net /u1/vhome/louis/www/wtv/tetris/matches back2.gif
97.10.24 18:42 B D:\LouisRoehrs\tetris\matches\back2.jpg --> vp2.netgate.net /u1/vhome/louis/www/wtv/tetris/matches back2.jpg
97.10.24 18:42 B D:\LouisRoehrs\tetris\matches\colon.gif --> vp2.netgate.net /u1/vhome/louis/www/wtv/tetris/matches colon.gif
97.10.24 18:42 B D:\LouisRoehrs\tetris\matches\guest.gif --> vp2.netgate.net /u1/vhome/louis/www/wtv/tetris/matches guest.gif
97.10.24 18:42 B D:\LouisRoehrs\tetris\matches\member.gif --> vp2.netgate.net /u1/vhome/louis/www/wtv/tetris/matches member.gif
97.10.24 18:42 B D:\LouisRoehrs\tetris\matches\trial.gif --> vp2.netgate.net /u1/vhome/louis/www/wtv/tetris/matches trial.gif
