97.10.06 22:46 B D:\LouisRoehrs\images\money.jpg <-- AWoofie /u1/vhome/louis/Portable/Client ICTV/New Folder/newUI/Money/logos money.jpg
97.10.06 22:53 B D:\LouisRoehrs\images\money.jpg --> ed.webtv.net /usr/home/tpark/public_html/louis/images money.jpg
97.10.06 22:53 B D:\LouisRoehrs\images\p_gray_r.gif --> ed.webtv.net /usr/home/tpark/public_html/louis/images p_gray_r.gif
97.10.06 23:01 B D:\LouisRoehrs\images\money.jpg --> ed.webtv.net /usr/home/tpark/public_html/louis/images money.jpg
97.10.13 12:27 B D:\LouisRoehrs\images\money.jpg --> vp2.netgate.net /u1/vhome/louis/www/wtv/images money.jpg
97.10.13 12:27 B D:\LouisRoehrs\images\p_gray_r.gif --> vp2.netgate.net /u1/vhome/louis/www/wtv/images p_gray_r.gif
97.10.13 12:27 B D:\LouisRoehrs\images\Woofie%26SchwartzMgmtConsul.gif --> vp2.netgate.net /u1/vhome/louis/www/wtv/images Woofie%26SchwartzMgmtConsul.gif
97.10.13 12:27 B D:\LouisRoehrs\images\WS_FTP.LOG --> vp2.netgate.net /u1/vhome/louis/www/wtv/images WS_FTP.LOG
97.10.21 19:52 B D:\LouisRoehrs\images\flashbar.gif --> vp2.netgate.net /u1/vhome/louis/www/wtv/images flashbar.gif
97.10.21 19:52 B D:\LouisRoehrs\images\money.jpg --> vp2.netgate.net /u1/vhome/louis/www/wtv/images money.jpg
97.10.21 19:52 B D:\LouisRoehrs\images\p_gray_r.gif --> vp2.netgate.net /u1/vhome/louis/www/wtv/images p_gray_r.gif
97.10.21 19:52 B D:\LouisRoehrs\images\Woofie%26SchwartzMgmtConsul.gif --> vp2.netgate.net /u1/vhome/louis/www/wtv/images Woofie%26SchwartzMgmtConsul.gif
97.10.21 19:52 B D:\LouisRoehrs\images\WS_FTP.LOG --> vp2.netgate.net /u1/vhome/louis/www/wtv/images WS_FTP.LOG
97.10.24 18:31 B D:\LouisRoehrs\images\flashbar.gif --> vp2.netgate.net /u1/vhome/louis/www/wtv/images flashbar.gif
97.10.24 18:31 B D:\LouisRoehrs\images\money.jpg --> vp2.netgate.net /u1/vhome/louis/www/wtv/images money.jpg
97.10.24 18:31 B D:\LouisRoehrs\images\p_gray_r.gif --> vp2.netgate.net /u1/vhome/louis/www/wtv/images p_gray_r.gif
97.10.24 18:31 B D:\LouisRoehrs\images\WEBTV_logo_white_bkgd.gif --> vp2.netgate.net /u1/vhome/louis/www/wtv/images WEBTV_logo_white_bkgd.gif
97.10.24 18:31 B D:\LouisRoehrs\images\WEBTV_logo_white_bkgd.jpg --> vp2.netgate.net /u1/vhome/louis/www/wtv/images WEBTV_logo_white_bkgd.jpg
97.10.24 18:31 B D:\LouisRoehrs\images\WEBTV_logo_white_bkgdmd.gif --> vp2.netgate.net /u1/vhome/louis/www/wtv/images WEBTV_logo_white_bkgdmd.gif
97.10.24 18:31 B D:\LouisRoehrs\images\WEBTV_logo_white_bkgdsm.gif --> vp2.netgate.net /u1/vhome/louis/www/wtv/images WEBTV_logo_white_bkgdsm.gif
97.10.24 18:31 B D:\LouisRoehrs\images\Woofie%26SchwartzMgmtConsul.gif --> vp2.netgate.net /u1/vhome/louis/www/wtv/images Woofie%26SchwartzMgmtConsul.gif
