97.09.30 10:00 B D:\LouisRoehrs\crosswordtool\changetrivia.html <-- AEd /usr/home/tpark/public_html/crosswordtool changetrivia.html
97.09.30 10:00 B D:\LouisRoehrs\crosswordtool\creategame.html <-- AEd /usr/home/tpark/public_html/crosswordtool creategame.html
97.09.30 10:00 B D:\LouisRoehrs\crosswordtool\index.html <-- AEd /usr/home/tpark/public_html/crosswordtool index.html
97.09.30 10:00 B D:\LouisRoehrs\crosswordtool\publishtrivia.html <-- AEd /usr/home/tpark/public_html/crosswordtool publishtrivia.html
97.09.30 10:07 B D:\LouisRoehrs\crosswordtool\changetrivia.html --> ed.webtv.net /usr/home/tpark/public_html/louis/crosswordtool changetrivia.html
97.09.30 10:07 B D:\LouisRoehrs\crosswordtool\creategame.html --> ed.webtv.net /usr/home/tpark/public_html/louis/crosswordtool creategame.html
97.09.30 10:07 B D:\LouisRoehrs\crosswordtool\index.html --> ed.webtv.net /usr/home/tpark/public_html/louis/crosswordtool index.html
97.09.30 10:07 B D:\LouisRoehrs\crosswordtool\publishtrivia.html --> ed.webtv.net /usr/home/tpark/public_html/louis/crosswordtool publishtrivia.html
97.09.30 10:07 B D:\LouisRoehrs\crosswordtool\WS_FTP.LOG --> ed.webtv.net /usr/home/tpark/public_html/louis/crosswordtool WS_FTP.LOG
97.10.13 12:27 B D:\LouisRoehrs\crosswordtool\changetrivia.html --> vp2.netgate.net /u1/vhome/louis/www/wtv/crosswordtool changetrivia.html
97.10.13 12:27 B D:\LouisRoehrs\crosswordtool\creategame.html --> vp2.netgate.net /u1/vhome/louis/www/wtv/crosswordtool creategame.html
97.10.13 12:27 B D:\LouisRoehrs\crosswordtool\index.html --> vp2.netgate.net /u1/vhome/louis/www/wtv/crosswordtool index.html
97.10.13 12:27 B D:\LouisRoehrs\crosswordtool\publishtrivia.html --> vp2.netgate.net /u1/vhome/louis/www/wtv/crosswordtool publishtrivia.html
97.10.13 12:27 B D:\LouisRoehrs\crosswordtool\WS_FTP.LOG --> vp2.netgate.net /u1/vhome/louis/www/wtv/crosswordtool WS_FTP.LOG
97.10.21 19:51 B D:\LouisRoehrs\crosswordtool\changetrivia.html --> vp2.netgate.net /u1/vhome/louis/www/wtv/crosswordtool changetrivia.html
97.10.21 19:51 B D:\LouisRoehrs\crosswordtool\creategame.html --> vp2.netgate.net /u1/vhome/louis/www/wtv/crosswordtool creategame.html
97.10.21 19:51 B D:\LouisRoehrs\crosswordtool\index.html --> vp2.netgate.net /u1/vhome/louis/www/wtv/crosswordtool index.html
97.10.21 19:51 B D:\LouisRoehrs\crosswordtool\publishtrivia.html --> vp2.netgate.net /u1/vhome/louis/www/wtv/crosswordtool publishtrivia.html
97.10.21 19:51 B D:\LouisRoehrs\crosswordtool\WS_FTP.LOG --> vp2.netgate.net /u1/vhome/louis/www/wtv/crosswordtool WS_FTP.LOG
97.10.24 18:30 B D:\LouisRoehrs\crosswordtool\changetrivia.html --> vp2.netgate.net /u1/vhome/louis/www/wtv/crosswordtool changetrivia.html
97.10.24 18:30 B D:\LouisRoehrs\crosswordtool\creategame.html --> vp2.netgate.net /u1/vhome/louis/www/wtv/crosswordtool creategame.html
97.10.24 18:30 B D:\LouisRoehrs\crosswordtool\index.html --> vp2.netgate.net /u1/vhome/louis/www/wtv/crosswordtool index.html
97.10.24 18:30 B D:\LouisRoehrs\crosswordtool\publishtrivia.html --> vp2.netgate.net /u1/vhome/louis/www/wtv/crosswordtool publishtrivia.html
