97.10.01 14:36 B D:\LouisRoehrs\content\contentd\crossword\images\background.jpg <-- Homeless /home/content/webtv.classical/content/contentd/crossword/images background.jpg
97.10.01 14:36 B D:\LouisRoehrs\content\contentd\crossword\images\button.gif <-- Homeless /home/content/webtv.classical/content/contentd/crossword/images button.gif
97.10.01 14:36 B D:\LouisRoehrs\content\contentd\crossword\images\cw.gif <-- Homeless /home/content/webtv.classical/content/contentd/crossword/images cw.gif
97.10.01 14:36 B D:\LouisRoehrs\content\contentd\crossword\images\cw.jpg <-- Homeless /home/content/webtv.classical/content/contentd/crossword/images cw.jpg
97.10.01 14:36 B D:\LouisRoehrs\content\contentd\crossword\images\cw2.gif <-- Homeless /home/content/webtv.classical/content/contentd/crossword/images cw2.gif
97.10.01 14:36 B D:\LouisRoehrs\content\contentd\crossword\images\cw2.jpg <-- Homeless /home/content/webtv.classical/content/contentd/crossword/images cw2.jpg
97.10.01 14:36 B D:\LouisRoehrs\content\contentd\crossword\images\cwbgwcw.jpg <-- Homeless /home/content/webtv.classical/content/contentd/crossword/images cwbgwcw.jpg
97.10.01 14:36 B D:\LouisRoehrs\content\contentd\crossword\images\cwbgwocw.jpg <-- Homeless /home/content/webtv.classical/content/contentd/crossword/images cwbgwocw.jpg
97.10.01 14:36 B D:\LouisRoehrs\content\contentd\crossword\images\cwsidebar.gif <-- Homeless /home/content/webtv.classical/content/contentd/crossword/images cwsidebar.gif
97.10.01 14:36 B D:\LouisRoehrs\content\contentd\crossword\images\logo.gif <-- Homeless /home/content/webtv.classical/content/contentd/crossword/images logo.gif
97.10.01 14:36 B D:\LouisRoehrs\content\contentd\crossword\images\next.gif <-- Homeless /home/content/webtv.classical/content/contentd/crossword/images next.gif
97.10.01 14:36 B D:\LouisRoehrs\content\contentd\crossword\images\play.gif <-- Homeless /home/content/webtv.classical/content/contentd/crossword/images play.gif
97.10.01 14:36 B D:\LouisRoehrs\content\contentd\crossword\images\starplay.gif <-- Homeless /home/content/webtv.classical/content/contentd/crossword/images starplay.gif
97.10.13 12:26 B D:\LouisRoehrs\content\contentd\crossword\images\background.jpg --> vp2.netgate.net /u1/vhome/louis/www/wtv/content/contentd/crossword/images background.jpg
97.10.13 12:26 B D:\LouisRoehrs\content\contentd\crossword\images\button.gif --> vp2.netgate.net /u1/vhome/louis/www/wtv/content/contentd/crossword/images button.gif
97.10.13 12:26 B D:\LouisRoehrs\content\contentd\crossword\images\cw.gif --> vp2.netgate.net /u1/vhome/louis/www/wtv/content/contentd/crossword/images cw.gif
97.10.13 12:26 B D:\LouisRoehrs\content\contentd\crossword\images\cw.jpg --> vp2.netgate.net /u1/vhome/louis/www/wtv/content/contentd/crossword/images cw.jpg
97.10.13 12:26 B D:\LouisRoehrs\content\contentd\crossword\images\cw2.gif --> vp2.netgate.net /u1/vhome/louis/www/wtv/content/contentd/crossword/images cw2.gif
97.10.13 12:26 B D:\LouisRoehrs\content\contentd\crossword\images\cw2.jpg --> vp2.netgate.net /u1/vhome/louis/www/wtv/content/contentd/crossword/images cw2.jpg
97.10.13 12:26 B D:\LouisRoehrs\content\contentd\crossword\images\cwbgwcw.jpg --> vp2.netgate.net /u1/vhome/louis/www/wtv/content/contentd/crossword/images cwbgwcw.jpg
97.10.13 12:26 B D:\LouisRoehrs\content\contentd\crossword\images\cwbgwocw.jpg --> vp2.netgate.net /u1/vhome/louis/www/wtv/content/contentd/crossword/images cwbgwocw.jpg
97.10.13 12:26 B D:\LouisRoehrs\content\contentd\crossword\images\cwsidebar.gif --> vp2.netgate.net /u1/vhome/louis/www/wtv/content/contentd/crossword/images cwsidebar.gif
97.10.13 12:26 B D:\LouisRoehrs\content\contentd\crossword\images\logo.gif --> vp2.netgate.net /u1/vhome/louis/www/wtv/content/contentd/crossword/images logo.gif
97.10.13 12:26 B D:\LouisRoehrs\content\contentd\crossword\images\next.gif --> vp2.netgate.net /u1/vhome/louis/www/wtv/content/contentd/crossword/images next.gif
97.10.13 12:26 B D:\LouisRoehrs\content\contentd\crossword\images\play.gif --> vp2.netgate.net /u1/vhome/louis/www/wtv/content/contentd/crossword/images play.gif
97.10.13 12:26 B D:\LouisRoehrs\content\contentd\crossword\images\starplay.gif --> vp2.netgate.net /u1/vhome/louis/www/wtv/content/contentd/crossword/images starplay.gif
97.10.13 12:26 B D:\LouisRoehrs\content\contentd\crossword\images\WS_FTP.LOG --> vp2.netgate.net /u1/vhome/louis/www/wtv/content/contentd/crossword/images WS_FTP.LOG
97.10.21 19:50 B D:\LouisRoehrs\content\contentd\crossword\images\background.jpg --> vp2.netgate.net /u1/vhome/louis/www/wtv/content/contentd/crossword/images background.jpg
97.10.21 19:50 B D:\LouisRoehrs\content\contentd\crossword\images\button.gif --> vp2.netgate.net /u1/vhome/louis/www/wtv/content/contentd/crossword/images button.gif
97.10.21 19:50 B D:\LouisRoehrs\content\contentd\crossword\images\cw.gif --> vp2.netgate.net /u1/vhome/louis/www/wtv/content/contentd/crossword/images cw.gif
97.10.21 19:50 B D:\LouisRoehrs\content\contentd\crossword\images\cw.jpg --> vp2.netgate.net /u1/vhome/louis/www/wtv/content/contentd/crossword/images cw.jpg
97.10.21 19:50 B D:\LouisRoehrs\content\contentd\crossword\images\cw2.gif --> vp2.netgate.net /u1/vhome/louis/www/wtv/content/contentd/crossword/images cw2.gif
97.10.21 19:50 B D:\LouisRoehrs\content\contentd\crossword\images\cw2.jpg --> vp2.netgate.net /u1/vhome/louis/www/wtv/content/contentd/crossword/images cw2.jpg
97.10.21 19:50 B D:\LouisRoehrs\content\contentd\crossword\images\cwbgwcw.jpg --> vp2.netgate.net /u1/vhome/louis/www/wtv/content/contentd/crossword/images cwbgwcw.jpg
97.10.21 19:50 B D:\LouisRoehrs\content\contentd\crossword\images\cwbgwocw.jpg --> vp2.netgate.net /u1/vhome/louis/www/wtv/content/contentd/crossword/images cwbgwocw.jpg
97.10.21 19:50 B D:\LouisRoehrs\content\contentd\crossword\images\cwsidebar.gif --> vp2.netgate.net /u1/vhome/louis/www/wtv/content/contentd/crossword/images cwsidebar.gif
97.10.21 19:50 B D:\LouisRoehrs\content\contentd\crossword\images\logo.gif --> vp2.netgate.net /u1/vhome/louis/www/wtv/content/contentd/crossword/images logo.gif
97.10.21 19:50 B D:\LouisRoehrs\content\contentd\crossword\images\next.gif --> vp2.netgate.net /u1/vhome/louis/www/wtv/content/contentd/crossword/images next.gif
97.10.21 19:50 B D:\LouisRoehrs\content\contentd\crossword\images\play.gif --> vp2.netgate.net /u1/vhome/louis/www/wtv/content/contentd/crossword/images play.gif
97.10.21 19:50 B D:\LouisRoehrs\content\contentd\crossword\images\starplay.gif --> vp2.netgate.net /u1/vhome/louis/www/wtv/content/contentd/crossword/images starplay.gif
