97.03.26 20:10 B C:\newUI\Games\101dalmns.jpg --> vp2.netgate.net /u1/vhome/louis/www/portfolio/newUI/Games 101dalmns.jpg
97.03.26 20:10 B C:\newUI\Games\about.html --> vp2.netgate.net /u1/vhome/louis/www/portfolio/newUI/Games about.html
97.03.26 20:10 B C:\newUI\Games\control.html --> vp2.netgate.net /u1/vhome/louis/www/portfolio/newUI/Games control.html
97.03.26 20:10 B C:\newUI\Games\games.jpg --> vp2.netgate.net /u1/vhome/louis/www/portfolio/newUI/Games games.jpg
97.03.26 20:10 B C:\newUI\Games\OLgames.html --> vp2.netgate.net /u1/vhome/louis/www/portfolio/newUI/Games OLgames.html
97.03.26 20:10 B C:\newUI\Games\pocahontas.gif --> vp2.netgate.net /u1/vhome/louis/www/portfolio/newUI/Games pocahontas.gif
97.03.26 20:10 B C:\newUI\Games\pooh.gif --> vp2.netgate.net /u1/vhome/louis/www/portfolio/newUI/Games pooh.gif
97.03.26 20:10 B C:\newUI\Games\vidgames.html --> vp2.netgate.net /u1/vhome/louis/www/portfolio/newUI/Games vidgames.html
97.03.26 20:10 B C:\newUI\Games\wrapper.html --> vp2.netgate.net /u1/vhome/louis/www/portfolio/newUI/Games wrapper.html
97.03.26 20:46 B C:\newUI\Games\101dalmns.jpg --> vp2.netgate.net /u1/vhome/louis/www/portfolio/newUI/Games 101dalmns.jpg
97.03.26 20:46 B C:\newUI\Games\about.html --> vp2.netgate.net /u1/vhome/louis/www/portfolio/newUI/Games about.html
97.03.26 20:46 B C:\newUI\Games\control.html --> vp2.netgate.net /u1/vhome/louis/www/portfolio/newUI/Games control.html
97.03.26 20:46 B C:\newUI\Games\games.jpg --> vp2.netgate.net /u1/vhome/louis/www/portfolio/newUI/Games games.jpg
97.03.26 20:46 B C:\newUI\Games\OLgames.html --> vp2.netgate.net /u1/vhome/louis/www/portfolio/newUI/Games OLgames.html
97.03.26 20:46 B C:\newUI\Games\pocahontas.gif --> vp2.netgate.net /u1/vhome/louis/www/portfolio/newUI/Games pocahontas.gif
97.03.26 20:46 B C:\newUI\Games\pooh.gif --> vp2.netgate.net /u1/vhome/louis/www/portfolio/newUI/Games pooh.gif
97.03.26 20:46 B C:\newUI\Games\vidgames.html --> vp2.netgate.net /u1/vhome/louis/www/portfolio/newUI/Games vidgames.html
97.03.26 20:46 B C:\newUI\Games\wrapper.html --> vp2.netgate.net /u1/vhome/louis/www/portfolio/newUI/Games wrapper.html
97.03.26 20:46 B C:\newUI\Games\WS_FTP.LOG --> vp2.netgate.net /u1/vhome/louis/www/portfolio/newUI/Games WS_FTP.LOG
97.03.26 21:36 B C:\newUI\Games\101dalmns.jpg --> vp2.netgate.net /u1/vhome/louis/www/portfolio/newUI/Games 101dalmns.jpg
97.03.26 21:36 B C:\newUI\Games\about.html --> vp2.netgate.net /u1/vhome/louis/www/portfolio/newUI/Games about.html
97.03.26 21:36 B C:\newUI\Games\control.html --> vp2.netgate.net /u1/vhome/louis/www/portfolio/newUI/Games control.html
97.03.26 21:36 B C:\newUI\Games\games.jpg --> vp2.netgate.net /u1/vhome/louis/www/portfolio/newUI/Games games.jpg
97.03.26 21:36 B C:\newUI\Games\OLgames.html --> vp2.netgate.net /u1/vhome/louis/www/portfolio/newUI/Games OLgames.html
97.03.26 21:36 B C:\newUI\Games\pocahontas.gif --> vp2.netgate.net /u1/vhome/louis/www/portfolio/newUI/Games pocahontas.gif
97.03.26 21:36 B C:\newUI\Games\pooh.gif --> vp2.netgate.net /u1/vhome/louis/www/portfolio/newUI/Games pooh.gif
97.03.26 21:36 B C:\newUI\Games\vidgames.html --> vp2.netgate.net /u1/vhome/louis/www/portfolio/newUI/Games vidgames.html
97.03.26 21:36 B C:\newUI\Games\wrapper.html --> vp2.netgate.net /u1/vhome/louis/www/portfolio/newUI/Games wrapper.html
