98.01.20 17:53 B C:\Louis\wordfind\sounds\applause.MP2 <-- content /home/content/webtv.disco/content/explore2d/programming/wordfind/sounds applause.MP2
98.01.20 17:53 B C:\Louis\wordfind\sounds\bell.aiff <-- content /home/content/webtv.disco/content/explore2d/programming/wordfind/sounds bell.aiff
98.01.20 17:53 B C:\Louis\wordfind\sounds\buzzer.aiff <-- content /home/content/webtv.disco/content/explore2d/programming/wordfind/sounds buzzer.aiff
98.01.20 17:53 B C:\Louis\wordfind\sounds\kidstheme8.mid <-- content /home/content/webtv.disco/content/explore2d/programming/wordfind/sounds kidstheme8.mid
98.01.22 16:39 B C:\Louis\wordfind\sounds\applause.MP2 --> www.woofie.com /u1/vhome/louis/www/wtv/wordfind/sounds applause.MP2
98.01.22 16:39 B C:\Louis\wordfind\sounds\bell.aiff --> www.woofie.com /u1/vhome/louis/www/wtv/wordfind/sounds bell.aiff
98.01.22 16:39 B C:\Louis\wordfind\sounds\buzzer.aiff --> www.woofie.com /u1/vhome/louis/www/wtv/wordfind/sounds buzzer.aiff
98.01.22 16:39 B C:\Louis\wordfind\sounds\kidstheme8.mid --> www.woofie.com /u1/vhome/louis/www/wtv/wordfind/sounds kidstheme8.mid
98.01.22 16:39 B C:\Louis\wordfind\sounds\WS_FTP.LOG --> www.woofie.com /u1/vhome/louis/www/wtv/wordfind/sounds WS_FTP.LOG
98.01.29 19:59 B C:\Louis\wordfind\sounds\xfiles.mid <-- woofie /u1/vhome/louis/www/wtv/midi xfiles.mid
98.01.29 19:59 A C:\Louis\wordfind\sounds\xfiles.mid --> homeless.artemis.com /home/content/webtv.disco/content/explore2d/programming/wordfind/sounds xfiles.mid
98.02.19 19:53 B C:\Louis\wordfind\sounds\applause.MP2 --> www.woofie.com /u1/vhome/louis/www/wtv/wordfind/sounds applause.MP2
98.02.19 19:53 B C:\Louis\wordfind\sounds\bell.aiff --> www.woofie.com /u1/vhome/louis/www/wtv/wordfind/sounds bell.aiff
98.02.19 19:53 B C:\Louis\wordfind\sounds\buzzer.aiff --> www.woofie.com /u1/vhome/louis/www/wtv/wordfind/sounds buzzer.aiff
98.02.19 19:53 B C:\Louis\wordfind\sounds\kidstheme8.mid --> www.woofie.com /u1/vhome/louis/www/wtv/wordfind/sounds kidstheme8.mid
98.02.19 19:53 B C:\Louis\wordfind\sounds\WS_FTP.LOG --> www.woofie.com /u1/vhome/louis/www/wtv/wordfind/sounds WS_FTP.LOG
98.02.19 19:53 B C:\Louis\wordfind\sounds\xfiles.mid --> www.woofie.com /u1/vhome/louis/www/wtv/wordfind/sounds xfiles.mid
98.02.24 21:11 A C:\Louis\wordfind\sounds\1Newlang.mid --> homeless.artemis.com /home/content/webtv.disco/content/explore2d/programming/wordfind/sounds 1Newlang.mid
98.02.24 21:11 B C:\Louis\wordfind\sounds\1Newlang.mid --> homeless.artemis.com /home/content/webtv.disco/content/explore2d/programming/wordfind/sounds 1Newlang.mid
98.03.24 11:46 B C:\Louis\wordfind\sounds\1Newlang.mid --> www.woofie.com /u1/vhome/louis/www/wtv/wordfind/sounds 1Newlang.mid
98.05.19 14:48 B C:\Louis\wordfind\sounds\1Newlang.mid --> homeless.artemis.com /home/content/webtv.disco/content/explore2d/programming/wordfind/sounds 1Newlang.mid
98.05.19 14:48 B C:\Louis\wordfind\sounds\applause.MP2 --> homeless.artemis.com /home/content/webtv.disco/content/explore2d/programming/wordfind/sounds applause.MP2
98.05.19 14:48 B C:\Louis\wordfind\sounds\bell.aiff --> homeless.artemis.com /home/content/webtv.disco/content/explore2d/programming/wordfind/sounds bell.aiff
98.05.19 14:48 B C:\Louis\wordfind\sounds\buzzer.aiff --> homeless.artemis.com /home/content/webtv.disco/content/explore2d/programming/wordfind/sounds buzzer.aiff
98.05.19 14:48 B C:\Louis\wordfind\sounds\kidstheme8.mid --> homeless.artemis.com /home/content/webtv.disco/content/explore2d/programming/wordfind/sounds kidstheme8.mid
98.05.19 14:48 B C:\Louis\wordfind\sounds\WS_FTP.LOG --> homeless.artemis.com /home/content/webtv.disco/content/explore2d/programming/wordfind/sounds WS_FTP.LOG
98.05.19 14:48 B C:\Louis\wordfind\sounds\xfiles.mid --> homeless.artemis.com /home/content/webtv.disco/content/explore2d/programming/wordfind/sounds xfiles.mid
98.05.21 17:40 B C:\Louis\wordfind\sounds\1Newlang.mid --> www.woofie.com /u1/vhome/louis/www/wtv/wordfind/sounds 1Newlang.mid
98.05.21 17:40 B C:\Louis\wordfind\sounds\applause.MP2 --> www.woofie.com /u1/vhome/louis/www/wtv/wordfind/sounds applause.MP2
98.05.21 17:40 B C:\Louis\wordfind\sounds\bell.aiff --> www.woofie.com /u1/vhome/louis/www/wtv/wordfind/sounds bell.aiff
98.05.21 17:40 B C:\Louis\wordfind\sounds\buzzer.aiff --> www.woofie.com /u1/vhome/louis/www/wtv/wordfind/sounds buzzer.aiff
98.05.21 17:40 B C:\Louis\wordfind\sounds\kidstheme8.mid --> www.woofie.com /u1/vhome/louis/www/wtv/wordfind/sounds kidstheme8.mid
