98.04.27 17:34 A C:\Louis\aspaceraceserver\audio.html <-- content /home/content/webtv.disco/content/explore2d/programming/spacerace audio.html
98.04.27 17:34 A C:\Louis\aspaceraceserver\choose.html <-- content /home/content/webtv.disco/content/explore2d/programming/spacerace choose.html
98.04.27 17:34 A C:\Louis\aspaceraceserver\credits.html <-- content /home/content/webtv.disco/content/explore2d/programming/spacerace credits.html
98.04.27 17:34 A C:\Louis\aspaceraceserver\dieonplanet.html <-- content /home/content/webtv.disco/content/explore2d/programming/spacerace dieonplanet.html
98.04.27 17:34 B C:\Louis\aspaceraceserver\doc.rtf <-- content /home/content/webtv.disco/content/explore2d/programming/spacerace doc.rtf
98.04.27 17:34 A C:\Louis\aspaceraceserver\enter.html <-- content /home/content/webtv.disco/content/explore2d/programming/spacerace enter.html
98.04.27 17:34 A C:\Louis\aspaceraceserver\flyin.html <-- content /home/content/webtv.disco/content/explore2d/programming/spacerace flyin.html
98.04.27 17:34 A C:\Louis\aspaceraceserver\flyin1.html <-- content /home/content/webtv.disco/content/explore2d/programming/spacerace flyin1.html
98.04.27 17:34 A C:\Louis\aspaceraceserver\flyin2.html <-- content /home/content/webtv.disco/content/explore2d/programming/spacerace flyin2.html
98.04.27 17:34 A C:\Louis\aspaceraceserver\flyinarcher.html <-- content /home/content/webtv.disco/content/explore2d/programming/spacerace flyinarcher.html
98.04.27 17:34 A C:\Louis\aspaceraceserver\flyinkillsbox.html <-- content /home/content/webtv.disco/content/explore2d/programming/spacerace flyinkillsbox.html
98.04.27 17:34 A C:\Louis\aspaceraceserver\flyinold.html <-- content /home/content/webtv.disco/content/explore2d/programming/spacerace flyinold.html
98.04.27 17:34 A C:\Louis\aspaceraceserver\flyinterm.html <-- content /home/content/webtv.disco/content/explore2d/programming/spacerace flyinterm.html
98.04.27 17:34 A C:\Louis\aspaceraceserver\flyout.html <-- content /home/content/webtv.disco/content/explore2d/programming/spacerace flyout.html
98.04.27 17:34 A C:\Louis\aspaceraceserver\game.html <-- content /home/content/webtv.disco/content/explore2d/programming/spacerace game.html
98.04.27 17:34 A C:\Louis\aspaceraceserver\gamef.html <-- content /home/content/webtv.disco/content/explore2d/programming/spacerace gamef.html
98.04.27 17:34 A C:\Louis\aspaceraceserver\gamegreendots.html <-- content /home/content/webtv.disco/content/explore2d/programming/spacerace gamegreendots.html
98.04.27 17:34 A C:\Louis\aspaceraceserver\gameloader.html <-- content /home/content/webtv.disco/content/explore2d/programming/spacerace gameloader.html
98.04.27 17:34 A C:\Louis\aspaceraceserver\gametransparencybug.html <-- content /home/content/webtv.disco/content/explore2d/programming/spacerace gametransparencybug.html
98.04.27 17:34 A C:\Louis\aspaceraceserver\index.html <-- content /home/content/webtv.disco/content/explore2d/programming/spacerace index.html
98.04.27 17:34 A C:\Louis\aspaceraceserver\indexframes.html <-- content /home/content/webtv.disco/content/explore2d/programming/spacerace indexframes.html
98.04.27 17:34 A C:\Louis\aspaceraceserver\indexold.html <-- content /home/content/webtv.disco/content/explore2d/programming/spacerace indexold.html
98.04.27 17:34 A C:\Louis\aspaceraceserver\lose.html <-- content /home/content/webtv.disco/content/explore2d/programming/spacerace lose.html
98.04.27 17:34 A C:\Louis\aspaceraceserver\music.html <-- content /home/content/webtv.disco/content/explore2d/programming/spacerace music.html
98.04.27 17:34 A C:\Louis\aspaceraceserver\paneltest.html <-- content /home/content/webtv.disco/content/explore2d/programming/spacerace paneltest.html
98.04.27 17:34 A C:\Louis\aspaceraceserver\play.html <-- content /home/content/webtv.disco/content/explore2d/programming/spacerace play.html
98.04.27 17:34 A C:\Louis\aspaceraceserver\pointto.html <-- content /home/content/webtv.disco/content/explore2d/programming/spacerace pointto.html
98.04.27 17:34 A C:\Louis\aspaceraceserver\resetcookie.html <-- content /home/content/webtv.disco/content/explore2d/programming/spacerace resetcookie.html
98.04.27 17:34 A C:\Louis\aspaceraceserver\rules.html <-- content /home/content/webtv.disco/content/explore2d/programming/spacerace rules.html
98.04.27 17:34 A C:\Louis\aspaceraceserver\rules1.html <-- content /home/content/webtv.disco/content/explore2d/programming/spacerace rules1.html
98.04.27 17:34 A C:\Louis\aspaceraceserver\rules2.html <-- content /home/content/webtv.disco/content/explore2d/programming/spacerace rules2.html
98.04.27 17:34 A C:\Louis\aspaceraceserver\rulesfr.html <-- content /home/content/webtv.disco/content/explore2d/programming/spacerace rulesfr.html
98.04.27 17:34 A C:\Louis\aspaceraceserver\rulesfreng.html <-- content /home/content/webtv.disco/content/explore2d/programming/spacerace rulesfreng.html
98.04.27 17:34 A C:\Louis\aspaceraceserver\rulestext.html <-- content /home/content/webtv.disco/content/explore2d/programming/spacerace rulestext.html
98.04.27 17:34 A C:\Louis\aspaceraceserver\start.html <-- content /home/content/webtv.disco/content/explore2d/programming/spacerace start.html
98.04.27 17:34 A C:\Louis\aspaceraceserver\todo.html <-- content /home/content/webtv.disco/content/explore2d/programming/spacerace todo.html
98.04.27 17:34 A C:\Louis\aspaceraceserver\webtvpresents.html <-- content /home/content/webtv.disco/content/explore2d/programming/spacerace webtvpresents.html
98.04.27 17:34 A C:\Louis\aspaceraceserver\webtvpresentskillsbox.html <-- content /home/content/webtv.disco/content/explore2d/programming/spacerace webtvpresentskillsbox.html
98.04.27 17:34 A C:\Louis\aspaceraceserver\win.html <-- content /home/content/webtv.disco/content/explore2d/programming/spacerace win.html
98.04.27 17:34 A C:\Louis\aspaceraceserver\winold.html <-- content /home/content/webtv.disco/content/explore2d/programming/spacerace winold.html
98.04.27 17:34 A C:\Louis\aspaceraceserver\winscoreboard.html <-- content /home/content/webtv.disco/content/explore2d/programming/spacerace winscoreboard.html
98.04.27 17:34 A C:\Louis\aspaceraceserver\wrapper.html <-- content /home/content/webtv.disco/content/explore2d/programming/spacerace wrapper.html
98.04.27 17:44 A C:\Louis\aspaceraceserver\audio.tmpl --> homeless.artemis.com /home/content/webtv.disco/content/explore2d/programming/spacerace audio.tmpl
98.04.27 17:44 A C:\Louis\aspaceraceserver\choose.tmpl --> homeless.artemis.com /home/content/webtv.disco/content/explore2d/programming/spacerace choose.tmpl
98.04.27 17:44 A C:\Louis\aspaceraceserver\credits.tmpl --> homeless.artemis.com /home/content/webtv.disco/content/explore2d/programming/spacerace credits.tmpl
98.04.27 17:44 A C:\Louis\aspaceraceserver\dieonplanet.tmpl --> homeless.artemis.com /home/content/webtv.disco/content/explore2d/programming/spacerace dieonplanet.tmpl
98.04.27 17:44 A C:\Louis\aspaceraceserver\doc.rtf --> homeless.artemis.com /home/content/webtv.disco/content/explore2d/programming/spacerace doc.rtf
98.04.27 17:44 A C:\Louis\aspaceraceserver\enter.tmpl --> homeless.artemis.com /home/content/webtv.disco/content/explore2d/programming/spacerace enter.tmpl
98.04.27 17:44 A C:\Louis\aspaceraceserver\flyin.html --> homeless.artemis.com /home/content/webtv.disco/content/explore2d/programming/spacerace flyin.html
98.04.27 17:44 A C:\Louis\aspaceraceserver\flyin1.html --> homeless.artemis.com /home/content/webtv.disco/content/explore2d/programming/spacerace flyin1.html
98.04.27 17:44 A C:\Louis\aspaceraceserver\flyin2.html --> homeless.artemis.com /home/content/webtv.disco/content/explore2d/programming/spacerace flyin2.html
98.04.27 17:44 A C:\Louis\aspaceraceserver\flyinarcher.html --> homeless.artemis.com /home/content/webtv.disco/content/explore2d/programming/spacerace flyinarcher.html
98.04.27 17:44 A C:\Louis\aspaceraceserver\flyinkillsbox.html --> homeless.artemis.com /home/content/webtv.disco/content/explore2d/programming/spacerace flyinkillsbox.html
98.04.27 17:44 A C:\Louis\aspaceraceserver\flyinold.html --> homeless.artemis.com /home/content/webtv.disco/content/explore2d/programming/spacerace flyinold.html
98.04.27 17:44 A C:\Louis\aspaceraceserver\flyinterm.html --> homeless.artemis.com /home/content/webtv.disco/content/explore2d/programming/spacerace flyinterm.html
98.04.27 17:44 A C:\Louis\aspaceraceserver\flyout.tmpl --> homeless.artemis.com /home/content/webtv.disco/content/explore2d/programming/spacerace flyout.tmpl
98.04.27 17:44 A C:\Louis\aspaceraceserver\game.tmpl --> homeless.artemis.com /home/content/webtv.disco/content/explore2d/programming/spacerace game.tmpl
98.04.27 17:44 A C:\Louis\aspaceraceserver\index.tmpl --> homeless.artemis.com /home/content/webtv.disco/content/explore2d/programming/spacerace index.tmpl
98.04.27 17:44 A C:\Louis\aspaceraceserver\indexframes.tmpl --> homeless.artemis.com /home/content/webtv.disco/content/explore2d/programming/spacerace indexframes.tmpl
98.04.27 17:44 A C:\Louis\aspaceraceserver\music.html --> homeless.artemis.com /home/content/webtv.disco/content/explore2d/programming/spacerace music.html
98.04.27 17:44 A C:\Louis\aspaceraceserver\play.html --> homeless.artemis.com /home/content/webtv.disco/content/explore2d/programming/spacerace play.html
98.04.27 17:44 A C:\Louis\aspaceraceserver\rules.tmpl --> homeless.artemis.com /home/content/webtv.disco/content/explore2d/programming/spacerace rules.tmpl
98.04.27 17:44 A C:\Louis\aspaceraceserver\rules1.tmpl --> homeless.artemis.com /home/content/webtv.disco/content/explore2d/programming/spacerace rules1.tmpl
98.04.27 17:44 A C:\Louis\aspaceraceserver\rules2.tmpl --> homeless.artemis.com /home/content/webtv.disco/content/explore2d/programming/spacerace rules2.tmpl
98.04.27 17:44 A C:\Louis\aspaceraceserver\webtvpresents.html --> homeless.artemis.com /home/content/webtv.disco/content/explore2d/programming/spacerace webtvpresents.html
98.04.27 17:59 A C:\Louis\aspaceraceserver\audio.tmpl --> homeless.artemis.com /home/content/webtv.disco/content/explore2d/programming/spacerace audio.tmpl
98.04.27 17:59 A C:\Louis\aspaceraceserver\choose.tmpl --> homeless.artemis.com /home/content/webtv.disco/content/explore2d/programming/spacerace choose.tmpl
98.04.27 17:59 A C:\Louis\aspaceraceserver\credits.tmpl --> homeless.artemis.com /home/content/webtv.disco/content/explore2d/programming/spacerace credits.tmpl
98.04.27 17:59 A C:\Louis\aspaceraceserver\dieonplanet.tmpl --> homeless.artemis.com /home/content/webtv.disco/content/explore2d/programming/spacerace dieonplanet.tmpl
98.04.27 17:59 A C:\Louis\aspaceraceserver\doc.rtf --> homeless.artemis.com /home/content/webtv.disco/content/explore2d/programming/spacerace doc.rtf
98.04.27 17:59 A C:\Louis\aspaceraceserver\enter.tmpl --> homeless.artemis.com /home/content/webtv.disco/content/explore2d/programming/spacerace enter.tmpl
98.04.27 17:59 A C:\Louis\aspaceraceserver\flyin.html --> homeless.artemis.com /home/content/webtv.disco/content/explore2d/programming/spacerace flyin.html
98.04.27 17:59 A C:\Louis\aspaceraceserver\flyin1.html --> homeless.artemis.com /home/content/webtv.disco/content/explore2d/programming/spacerace flyin1.html
98.04.27 17:59 A C:\Louis\aspaceraceserver\flyin2.html --> homeless.artemis.com /home/content/webtv.disco/content/explore2d/programming/spacerace flyin2.html
98.04.27 17:59 A C:\Louis\aspaceraceserver\flyinarcher.html --> homeless.artemis.com /home/content/webtv.disco/content/explore2d/programming/spacerace flyinarcher.html
98.04.27 17:59 A C:\Louis\aspaceraceserver\flyinkillsbox.html --> homeless.artemis.com /home/content/webtv.disco/content/explore2d/programming/spacerace flyinkillsbox.html
98.04.27 17:59 A C:\Louis\aspaceraceserver\flyinold.html --> homeless.artemis.com /home/content/webtv.disco/content/explore2d/programming/spacerace flyinold.html
98.04.27 17:59 A C:\Louis\aspaceraceserver\flyinterm.html --> homeless.artemis.com /home/content/webtv.disco/content/explore2d/programming/spacerace flyinterm.html
98.04.27 17:59 A C:\Louis\aspaceraceserver\flyout.tmpl --> homeless.artemis.com /home/content/webtv.disco/content/explore2d/programming/spacerace flyout.tmpl
98.04.27 17:59 A C:\Louis\aspaceraceserver\game.tmpl --> homeless.artemis.com /home/content/webtv.disco/content/explore2d/programming/spacerace game.tmpl
98.04.27 17:59 A C:\Louis\aspaceraceserver\index.tmpl --> homeless.artemis.com /home/content/webtv.disco/content/explore2d/programming/spacerace index.tmpl
98.04.27 17:59 A C:\Louis\aspaceraceserver\indexframes.tmpl --> homeless.artemis.com /home/content/webtv.disco/content/explore2d/programming/spacerace indexframes.tmpl
98.04.27 17:59 A C:\Louis\aspaceraceserver\music.html --> homeless.artemis.com /home/content/webtv.disco/content/explore2d/programming/spacerace music.html
98.04.27 17:59 A C:\Louis\aspaceraceserver\play.html --> homeless.artemis.com /home/content/webtv.disco/content/explore2d/programming/spacerace play.html
98.04.27 17:59 A C:\Louis\aspaceraceserver\rules.tmpl --> homeless.artemis.com /home/content/webtv.disco/content/explore2d/programming/spacerace rules.tmpl
98.04.27 17:59 A C:\Louis\aspaceraceserver\rules1.tmpl --> homeless.artemis.com /home/content/webtv.disco/content/explore2d/programming/spacerace rules1.tmpl
98.04.27 17:59 A C:\Louis\aspaceraceserver\rules2.tmpl --> homeless.artemis.com /home/content/webtv.disco/content/explore2d/programming/spacerace rules2.tmpl
98.04.27 17:59 A C:\Louis\aspaceraceserver\webtvpresents.html --> homeless.artemis.com /home/content/webtv.disco/content/explore2d/programming/spacerace webtvpresents.html
98.04.27 18:00 A C:\Louis\aspaceraceserver\credits.tmpl --> homeless.artemis.com /home/content/webtv.disco/content/explore2d/programming/spacerace credits.tmpl
98.04.27 18:06 A C:\Louis\aspaceraceserver\webtvpresents.html --> homeless.artemis.com /home/content/webtv.disco/content/explore2d/programming/spacerace webtvpresents.html
98.04.27 18:09 A C:\Louis\aspaceraceserver\enter.tmpl --> homeless.artemis.com /home/content/webtv.disco/content/explore2d/programming/spacerace enter.tmpl
98.04.27 18:11 A C:\Louis\aspaceraceserver\audio.tmpl --> homeless.artemis.com /home/content/webtv.disco/content/explore2d/programming/spacerace audio.tmpl
98.04.27 18:11 A C:\Louis\aspaceraceserver\choose.tmpl --> homeless.artemis.com /home/content/webtv.disco/content/explore2d/programming/spacerace choose.tmpl
98.04.27 18:11 A C:\Louis\aspaceraceserver\credits.tmpl --> homeless.artemis.com /home/content/webtv.disco/content/explore2d/programming/spacerace credits.tmpl
98.04.27 18:11 A C:\Louis\aspaceraceserver\dieonplanet.tmpl --> homeless.artemis.com /home/content/webtv.disco/content/explore2d/programming/spacerace dieonplanet.tmpl
98.04.27 18:11 A C:\Louis\aspaceraceserver\doc.rtf --> homeless.artemis.com /home/content/webtv.disco/content/explore2d/programming/spacerace doc.rtf
98.04.27 18:11 A C:\Louis\aspaceraceserver\enter.tmpl --> homeless.artemis.com /home/content/webtv.disco/content/explore2d/programming/spacerace enter.tmpl
98.04.27 18:11 A C:\Louis\aspaceraceserver\flyin.html --> homeless.artemis.com /home/content/webtv.disco/content/explore2d/programming/spacerace flyin.html
98.04.27 18:11 A C:\Louis\aspaceraceserver\flyin1.html --> homeless.artemis.com /home/content/webtv.disco/content/explore2d/programming/spacerace flyin1.html
98.04.27 18:11 A C:\Louis\aspaceraceserver\flyin2.html --> homeless.artemis.com /home/content/webtv.disco/content/explore2d/programming/spacerace flyin2.html
98.04.27 18:11 A C:\Louis\aspaceraceserver\flyinarcher.html --> homeless.artemis.com /home/content/webtv.disco/content/explore2d/programming/spacerace flyinarcher.html
98.04.27 18:11 A C:\Louis\aspaceraceserver\flyinkillsbox.html --> homeless.artemis.com /home/content/webtv.disco/content/explore2d/programming/spacerace flyinkillsbox.html
98.04.27 18:11 A C:\Louis\aspaceraceserver\flyinold.html --> homeless.artemis.com /home/content/webtv.disco/content/explore2d/programming/spacerace flyinold.html
98.04.27 18:11 A C:\Louis\aspaceraceserver\flyinterm.html --> homeless.artemis.com /home/content/webtv.disco/content/explore2d/programming/spacerace flyinterm.html
98.04.27 18:11 A C:\Louis\aspaceraceserver\flyout.tmpl --> homeless.artemis.com /home/content/webtv.disco/content/explore2d/programming/spacerace flyout.tmpl
98.04.27 18:11 A C:\Louis\aspaceraceserver\game.tmpl --> homeless.artemis.com /home/content/webtv.disco/content/explore2d/programming/spacerace game.tmpl
98.04.27 18:11 A C:\Louis\aspaceraceserver\index.tmpl --> homeless.artemis.com /home/content/webtv.disco/content/explore2d/programming/spacerace index.tmpl
98.04.27 18:11 A C:\Louis\aspaceraceserver\indexframes.tmpl --> homeless.artemis.com /home/content/webtv.disco/content/explore2d/programming/spacerace indexframes.tmpl
98.04.27 18:11 A C:\Louis\aspaceraceserver\music.html --> homeless.artemis.com /home/content/webtv.disco/content/explore2d/programming/spacerace music.html
98.04.27 18:11 A C:\Louis\aspaceraceserver\play.html --> homeless.artemis.com /home/content/webtv.disco/content/explore2d/programming/spacerace play.html
98.04.27 18:11 A C:\Louis\aspaceraceserver\rules.tmpl --> homeless.artemis.com /home/content/webtv.disco/content/explore2d/programming/spacerace rules.tmpl
98.04.27 18:11 A C:\Louis\aspaceraceserver\rules1.tmpl --> homeless.artemis.com /home/content/webtv.disco/content/explore2d/programming/spacerace rules1.tmpl
98.04.27 18:11 A C:\Louis\aspaceraceserver\rules2.tmpl --> homeless.artemis.com /home/content/webtv.disco/content/explore2d/programming/spacerace rules2.tmpl
98.04.27 18:11 A C:\Louis\aspaceraceserver\webtvpresents.html --> homeless.artemis.com /home/content/webtv.disco/content/explore2d/programming/spacerace webtvpresents.html
98.04.27 18:23 A C:\Louis\aspaceraceserver\game.tmpl --> homeless.artemis.com /home/content/webtv.disco/content/explore2d/programming/spacerace game.tmpl
98.04.27 18:23 A C:\Louis\aspaceraceserver\game.tmpl --> homeless.artemis.com /home/content/webtv.disco/content/explore2d/programming/spacerace game.tmpl
98.04.27 18:30 A C:\Louis\aspaceraceserver\game.tmpl --> homeless.artemis.com /home/content/webtv.disco/content/explore2d/programming/spacerace game.tmpl
98.04.27 18:36 A C:\Louis\aspaceraceserver\game.tmpl --> homeless.artemis.com /home/content/webtv.disco/content/explore2d/programming/spacerace game.tmpl
98.04.27 18:42 B C:\Louis\aspaceraceserver\game.tmpl --> homeless.artemis.com /home/content/webtv.disco/content/explore2d/programming/spacerace game.tmpl
98.04.27 18:42 A C:\Louis\aspaceraceserver\game.tmpl --> homeless.artemis.com /home/content/webtv.disco/content/explore2d/programming/spacerace game.tmpl
98.04.27 18:46 A C:\Louis\aspaceraceserver\game.tmpl --> homeless.artemis.com /home/content/webtv.disco/content/explore2d/programming/spacerace game.tmpl
98.04.27 18:54 A C:\Louis\aspaceraceserver\game.tmpl --> homeless.artemis.com /home/content/webtv.disco/content/explore2d/programming/spacerace game.tmpl
98.04.28 12:06 B C:\Louis\aspaceraceserver\game.tmpl --> homeless.artemis.com /home/content/webtv.disco/content/explore2d/programming/spacerace game.tmpl
98.04.28 12:07 B C:\Louis\aspaceraceserver\game.tmpl --> homeless.artemis.com /home/content/webtv.disco/content/explore2d/programming/spacerace/sounds game.tmpl
98.04.28 12:27 A C:\Louis\aspaceraceserver\game.tmpl --> homeless.artemis.com /home/content/webtv.disco/content/explore2d/programming/spacerace game.tmpl
98.04.28 13:04 A C:\Louis\aspaceraceserver\game.tmpl --> homeless.artemis.com /home/content/webtv.disco/content/explore2d/programming/spacerace game.tmpl
98.04.28 13:08 A C:\Louis\aspaceraceserver\game.tmpl --> homeless.artemis.com /home/content/webtv.disco/content/explore2d/programming/spacerace game.tmpl
98.04.28 13:09 A C:\Louis\aspaceraceserver\game.tmpl --> homeless.artemis.com /home/content/webtv.disco/content/explore2d/programming/spacerace game.tmpl
98.04.28 13:23 A C:\Louis\aspaceraceserver\flyout.tmpl --> homeless.artemis.com /home/content/webtv.disco/content/explore2d/programming/spacerace flyout.tmpl
98.04.28 13:24 A C:\Louis\aspaceraceserver\dieonplanet.tmpl --> homeless.artemis.com /home/content/webtv.disco/content/explore2d/programming/spacerace dieonplanet.tmpl
98.04.28 13:35 A C:\Louis\aspaceraceserver\game.tmpl --> homeless.artemis.com /home/content/webtv.disco/content/explore2d/programming/spacerace game.tmpl
98.04.28 14:48 B C:\Louis\aspaceraceserver\enter.tmpl --> homeless.artemis.com /home/content/webtv.disco/content/explore2d/programming/spacerace enter.tmpl
98.04.28 14:55 B C:\Louis\aspaceraceserver\enter.tmpl --> homeless.artemis.com /home/content/webtv.disco/content/explore2d/programming/spacerace enter.tmpl
98.04.28 14:55 A C:\Louis\aspaceraceserver\enter.tmpl --> homeless.artemis.com /home/content/webtv.disco/content/explore2d/programming/spacerace enter.tmpl
98.04.28 15:02 A C:\Louis\aspaceraceserver\game.tmpl --> homeless.artemis.com /home/content/webtv.disco/content/explore2d/programming/spacerace game.tmpl
98.04.28 15:08 A C:\Louis\aspaceraceserver\game.tmpl --> homeless.artemis.com /home/content/webtv.disco/content/explore2d/programming/spacerace game.tmpl
98.04.28 15:08 A C:\Louis\aspaceraceserver\enter.tmpl --> homeless.artemis.com /home/content/webtv.disco/content/explore2d/programming/spacerace enter.tmpl
98.04.28 15:11 A C:\Louis\aspaceraceserver\enter.tmpl --> homeless.artemis.com /home/content/webtv.disco/content/explore2d/programming/spacerace enter.tmpl
98.04.28 15:12 A C:\Louis\aspaceraceserver\rules.tmpl --> homeless.artemis.com /home/content/webtv.disco/content/explore2d/programming/spacerace rules.tmpl
98.04.28 15:14 A C:\Louis\aspaceraceserver\rules.tmpl --> homeless.artemis.com /home/content/webtv.disco/content/explore2d/programming/spacerace rules.tmpl
98.04.28 15:15 A C:\Louis\aspaceraceserver\rules.tmpl --> homeless.artemis.com /home/content/webtv.disco/content/explore2d/programming/spacerace rules.tmpl
98.04.28 15:16 A C:\Louis\aspaceraceserver\rules.tmpl --> homeless.artemis.com /home/content/webtv.disco/content/explore2d/programming/spacerace rules.tmpl
98.04.28 15:20 A C:\Louis\aspaceraceserver\rules.tmpl --> homeless.artemis.com /home/content/webtv.disco/content/explore2d/programming/spacerace rules.tmpl
98.04.28 15:22 A C:\Louis\aspaceraceserver\rules.tmpl --> homeless.artemis.com /home/content/webtv.disco/content/explore2d/programming/spacerace rules.tmpl
98.04.28 15:22 A C:\Louis\aspaceraceserver\rules.tmpl --> homeless.artemis.com /home/content/webtv.disco/content/explore2d/programming/spacerace rules.tmpl
98.04.28 15:24 A C:\Louis\aspaceraceserver\rules.tmpl --> homeless.artemis.com /home/content/webtv.disco/content/explore2d/programming/spacerace rules.tmpl
98.04.28 15:24 A C:\Louis\aspaceraceserver\rules.tmpl --> homeless.artemis.com /home/content/webtv.disco/content/explore2d/programming/spacerace rules.tmpl
98.04.28 15:25 A C:\Louis\aspaceraceserver\rules.tmpl --> homeless.artemis.com /home/content/webtv.disco/content/explore2d/programming/spacerace rules.tmpl
98.04.28 15:27 A C:\Louis\aspaceraceserver\rules.tmpl --> homeless.artemis.com /home/content/webtv.disco/content/explore2d/programming/spacerace rules.tmpl
98.04.28 15:28 A C:\Louis\aspaceraceserver\rules.tmpl --> homeless.artemis.com /home/content/webtv.disco/content/explore2d/programming/spacerace rules.tmpl
98.04.28 15:29 A C:\Louis\aspaceraceserver\rules.tmpl --> homeless.artemis.com /home/content/webtv.disco/content/explore2d/programming/spacerace rules.tmpl
98.04.28 15:30 A C:\Louis\aspaceraceserver\rules.tmpl --> homeless.artemis.com /home/content/webtv.disco/content/explore2d/programming/spacerace rules.tmpl
98.04.28 15:34 A C:\Louis\aspaceraceserver\rules1.tmpl --> homeless.artemis.com /home/content/webtv.disco/content/explore2d/programming/spacerace rules1.tmpl
98.04.28 15:36 A C:\Louis\aspaceraceserver\rules.tmpl --> homeless.artemis.com /home/content/webtv.disco/content/explore2d/programming/spacerace rules.tmpl
98.04.28 15:36 A C:\Louis\aspaceraceserver\rules1.tmpl --> homeless.artemis.com /home/content/webtv.disco/content/explore2d/programming/spacerace rules1.tmpl
98.04.28 15:37 A C:\Louis\aspaceraceserver\rules1.tmpl --> homeless.artemis.com /home/content/webtv.disco/content/explore2d/programming/spacerace rules1.tmpl
98.04.28 15:37 A C:\Louis\aspaceraceserver\rules1.tmpl --> homeless.artemis.com /home/content/webtv.disco/content/explore2d/programming/spacerace rules1.tmpl
98.04.28 15:39 A C:\Louis\aspaceraceserver\rules1.tmpl --> homeless.artemis.com /home/content/webtv.disco/content/explore2d/programming/spacerace rules1.tmpl
98.04.28 15:43 A C:\Louis\aspaceraceserver\rules2.tmpl --> homeless.artemis.com /home/content/webtv.disco/content/explore2d/programming/spacerace rules2.tmpl
98.04.28 15:44 A C:\Louis\aspaceraceserver\rules2.tmpl --> homeless.artemis.com /home/content/webtv.disco/content/explore2d/programming/spacerace rules2.tmpl
98.04.28 15:44 A C:\Louis\aspaceraceserver\rules2.tmpl --> homeless.artemis.com /home/content/webtv.disco/content/explore2d/programming/spacerace rules2.tmpl
98.04.28 15:45 A C:\Louis\aspaceraceserver\rules2.tmpl --> homeless.artemis.com /home/content/webtv.disco/content/explore2d/programming/spacerace rules2.tmpl
98.04.28 15:46 A C:\Louis\aspaceraceserver\rules2.tmpl --> homeless.artemis.com /home/content/webtv.disco/content/explore2d/programming/spacerace rules2.tmpl
98.04.28 15:52 A C:\Louis\aspaceraceserver\game.tmpl --> homeless.artemis.com /home/content/webtv.disco/content/explore2d/programming/spacerace game.tmpl
98.04.28 15:57 A C:\Louis\aspaceraceserver\game.tmpl --> homeless.artemis.com /home/content/webtv.disco/content/explore2d/programming/spacerace game.tmpl
98.04.28 16:01 A C:\Louis\aspaceraceserver\game.tmpl --> homeless.artemis.com /home/content/webtv.disco/content/explore2d/programming/spacerace game.tmpl
98.04.28 16:11 A C:\Louis\aspaceraceserver\game.tmpl --> homeless.artemis.com /home/content/webtv.disco/content/explore2d/programming/spacerace game.tmpl
98.04.28 16:13 A C:\Louis\aspaceraceserver\game.tmpl --> ed.webtv.net /usr/local/etc/apache_1.2.1/htdocs/tpark/public_html/spacerace game.tmpl
98.04.28 16:15 A C:\Louis\aspaceraceserver\game.tmpl --> homeless.artemis.com /home/content/webtv.disco/content/explore2d/programming/spacerace game.tmpl
98.04.28 16:21 A C:\Louis\aspaceraceserver\game.tmpl --> homeless.artemis.com /home/content/webtv.disco/content/explore2d/programming/spacerace game.tmpl
98.04.28 16:33 A C:\Louis\aspaceraceserver\game.tmpl --> homeless.artemis.com /home/content/webtv.disco/content/explore2d/programming/spacerace game.tmpl
98.04.28 16:40 A C:\Louis\aspaceraceserver\game.tmpl --> homeless.artemis.com /home/content/webtv.disco/content/explore2d/programming/spacerace game.tmpl
98.04.28 16:43 A C:\Louis\aspaceraceserver\game.tmpl --> homeless.artemis.com /home/content/webtv.disco/content/explore2d/programming/spacerace game.tmpl
98.04.28 16:44 A C:\Louis\aspaceraceserver\game.tmpl --> homeless.artemis.com /home/content/webtv.disco/content/explore2d/programming/spacerace game.tmpl
98.04.28 16:45 A C:\Louis\aspaceraceserver\game.tmpl --> homeless.artemis.com /home/content/webtv.disco/content/explore2d/programming/spacerace game.tmpl
98.04.28 16:46 A C:\Louis\aspaceraceserver\game.tmpl --> homeless.artemis.com /home/content/webtv.disco/content/explore2d/programming/spacerace game.tmpl
98.04.28 16:48 A C:\Louis\aspaceraceserver\game.tmpl --> homeless.artemis.com /home/content/webtv.disco/content/explore2d/programming/spacerace game.tmpl
98.04.28 16:56 A C:\Louis\aspaceraceserver\game.tmpl --> homeless.artemis.com /home/content/webtv.disco/content/explore2d/programming/spacerace game.tmpl
98.04.28 16:57 A C:\Louis\aspaceraceserver\game.tmpl --> homeless.artemis.com /home/content/webtv.disco/content/explore2d/programming/spacerace game.tmpl
98.04.28 16:59 A C:\Louis\aspaceraceserver\game.tmpl --> homeless.artemis.com /home/content/webtv.disco/content/explore2d/programming/spacerace game.tmpl
98.04.28 16:59 A C:\Louis\aspaceraceserver\game.tmpl --> homeless.artemis.com /home/content/webtv.disco/content/explore2d/programming/spacerace game.tmpl
98.04.28 17:01 A C:\Louis\aspaceraceserver\game.tmpl --> homeless.artemis.com /home/content/webtv.disco/content/explore2d/programming/spacerace game.tmpl
98.04.28 17:03 A C:\Louis\aspaceraceserver\game.tmpl --> homeless.artemis.com /home/content/webtv.disco/content/explore2d/programming/spacerace game.tmpl
98.04.28 17:04 A C:\Louis\aspaceraceserver\game.tmpl --> homeless.artemis.com /home/content/webtv.disco/content/explore2d/programming/spacerace game.tmpl
98.04.28 17:04 A C:\Louis\aspaceraceserver\game.tmpl --> homeless.artemis.com /home/content/webtv.disco/content/explore2d/programming/spacerace game.tmpl
98.04.28 17:06 A C:\Louis\aspaceraceserver\game.tmpl --> homeless.artemis.com /home/content/webtv.disco/content/explore2d/programming/spacerace game.tmpl
98.04.29 15:46 B C:\Louis\aspaceraceserver\game.tmpl --> homeless.artemis.com /home/content/webtv.disco/content/explore2d/programming/spacerace game.tmpl
98.04.29 15:46 B C:\Louis\aspaceraceserver\game.tmpl --> homeless.artemis.com /home/content/webtv.disco/content/explore2d/programming/spacerace game.tmpl
98.04.29 15:54 A C:\Louis\aspaceraceserver\rules.tmpl --> homeless.artemis.com /home/content/webtv.disco/content/explore2d/programming/spacerace rules.tmpl
98.04.29 15:54 A C:\Louis\aspaceraceserver\rules1.tmpl --> homeless.artemis.com /home/content/webtv.disco/content/explore2d/programming/spacerace rules1.tmpl
98.04.29 15:54 A C:\Louis\aspaceraceserver\rules2.tmpl --> homeless.artemis.com /home/content/webtv.disco/content/explore2d/programming/spacerace rules2.tmpl
98.04.29 15:54 A C:\Louis\aspaceraceserver\indexframes.tmpl --> homeless.artemis.com /home/content/webtv.disco/content/explore2d/programming/spacerace indexframes.tmpl
98.04.29 15:58 A C:\Louis\aspaceraceserver\indexframes.tmpl --> homeless.artemis.com /home/content/webtv.disco/content/explore2d/programming/spacerace indexframes.tmpl
98.04.29 15:58 A C:\Louis\aspaceraceserver\rules.tmpl --> homeless.artemis.com /home/content/webtv.disco/content/explore2d/programming/spacerace rules.tmpl
98.04.29 15:58 A C:\Louis\aspaceraceserver\rules1.tmpl --> homeless.artemis.com /home/content/webtv.disco/content/explore2d/programming/spacerace rules1.tmpl
98.04.29 15:58 A C:\Louis\aspaceraceserver\rules2.tmpl --> homeless.artemis.com /home/content/webtv.disco/content/explore2d/programming/spacerace rules2.tmpl
98.04.29 16:01 A C:\Louis\aspaceraceserver\indexframes.tmpl --> homeless.artemis.com /home/content/webtv.disco/content/explore2d/programming/spacerace indexframes.tmpl
98.04.29 16:01 A C:\Louis\aspaceraceserver\rules.tmpl --> homeless.artemis.com /home/content/webtv.disco/content/explore2d/programming/spacerace rules.tmpl
98.04.29 16:01 A C:\Louis\aspaceraceserver\rules1.tmpl --> homeless.artemis.com /home/content/webtv.disco/content/explore2d/programming/spacerace rules1.tmpl
98.04.29 16:01 A C:\Louis\aspaceraceserver\rules2.tmpl --> homeless.artemis.com /home/content/webtv.disco/content/explore2d/programming/spacerace rules2.tmpl
98.04.29 16:02 A C:\Louis\aspaceraceserver\indexframes.tmpl --> homeless.artemis.com /home/content/webtv.disco/content/explore2d/programming/spacerace indexframes.tmpl
98.04.29 16:02 A C:\Louis\aspaceraceserver\rules.tmpl --> homeless.artemis.com /home/content/webtv.disco/content/explore2d/programming/spacerace rules.tmpl
98.04.29 16:02 A C:\Louis\aspaceraceserver\rules1.tmpl --> homeless.artemis.com /home/content/webtv.disco/content/explore2d/programming/spacerace rules1.tmpl
98.04.29 16:02 A C:\Louis\aspaceraceserver\rules2.tmpl --> homeless.artemis.com /home/content/webtv.disco/content/explore2d/programming/spacerace rules2.tmpl
98.04.29 16:08 A C:\Louis\aspaceraceserver\indexframes.tmpl --> homeless.artemis.com /home/content/webtv.disco/content/explore2d/programming/spacerace indexframes.tmpl
98.04.29 16:08 A C:\Louis\aspaceraceserver\rules.tmpl --> homeless.artemis.com /home/content/webtv.disco/content/explore2d/programming/spacerace rules.tmpl
98.04.29 16:08 A C:\Louis\aspaceraceserver\rules1.tmpl --> homeless.artemis.com /home/content/webtv.disco/content/explore2d/programming/spacerace rules1.tmpl
98.04.29 16:08 A C:\Louis\aspaceraceserver\rules2.tmpl --> homeless.artemis.com /home/content/webtv.disco/content/explore2d/programming/spacerace rules2.tmpl
98.04.29 16:09 A C:\Louis\aspaceraceserver\indexframes.tmpl --> homeless.artemis.com /home/content/webtv.disco/content/explore2d/programming/spacerace indexframes.tmpl
98.04.29 16:09 A C:\Louis\aspaceraceserver\rules.tmpl --> homeless.artemis.com /home/content/webtv.disco/content/explore2d/programming/spacerace rules.tmpl
98.04.29 16:09 A C:\Louis\aspaceraceserver\rules1.tmpl --> homeless.artemis.com /home/content/webtv.disco/content/explore2d/programming/spacerace rules1.tmpl
98.04.29 16:09 A C:\Louis\aspaceraceserver\rules2.tmpl --> homeless.artemis.com /home/content/webtv.disco/content/explore2d/programming/spacerace rules2.tmpl
98.04.29 16:19 A C:\Louis\aspaceraceserver\indexframes.tmpl --> homeless.artemis.com /home/content/webtv.disco/content/explore2d/programming/spacerace indexframes.tmpl
98.04.29 16:19 A C:\Louis\aspaceraceserver\rules.tmpl --> homeless.artemis.com /home/content/webtv.disco/content/explore2d/programming/spacerace rules.tmpl
98.04.29 16:19 A C:\Louis\aspaceraceserver\rules1.tmpl --> homeless.artemis.com /home/content/webtv.disco/content/explore2d/programming/spacerace rules1.tmpl
98.04.29 16:19 A C:\Louis\aspaceraceserver\rules2.tmpl --> homeless.artemis.com /home/content/webtv.disco/content/explore2d/programming/spacerace rules2.tmpl
98.04.29 16:19 A C:\Louis\aspaceraceserver\indexframes.tmpl --> homeless.artemis.com /home/content/webtv.disco/content/explore2d/programming/spacerace indexframes.tmpl
98.04.29 16:19 A C:\Louis\aspaceraceserver\rules.tmpl --> homeless.artemis.com /home/content/webtv.disco/content/explore2d/programming/spacerace rules.tmpl
98.04.29 16:19 A C:\Louis\aspaceraceserver\rules1.tmpl --> homeless.artemis.com /home/content/webtv.disco/content/explore2d/programming/spacerace rules1.tmpl
98.04.29 16:19 A C:\Louis\aspaceraceserver\rules2.tmpl --> homeless.artemis.com /home/content/webtv.disco/content/explore2d/programming/spacerace rules2.tmpl
98.04.29 16:26 A C:\Louis\aspaceraceserver\indexframes.tmpl --> homeless.artemis.com /home/content/webtv.disco/content/explore2d/programming/spacerace indexframes.tmpl
98.04.29 16:26 A C:\Louis\aspaceraceserver\rules.tmpl --> homeless.artemis.com /home/content/webtv.disco/content/explore2d/programming/spacerace rules.tmpl
98.04.29 16:26 A C:\Louis\aspaceraceserver\rules1.tmpl --> homeless.artemis.com /home/content/webtv.disco/content/explore2d/programming/spacerace rules1.tmpl
98.04.29 16:26 A C:\Louis\aspaceraceserver\rules2.tmpl --> homeless.artemis.com /home/content/webtv.disco/content/explore2d/programming/spacerace rules2.tmpl
98.04.29 16:27 A C:\Louis\aspaceraceserver\indexframes.tmpl --> homeless.artemis.com /home/content/webtv.disco/content/explore2d/programming/spacerace indexframes.tmpl
98.04.29 16:27 A C:\Louis\aspaceraceserver\rules.tmpl --> homeless.artemis.com /home/content/webtv.disco/content/explore2d/programming/spacerace rules.tmpl
98.04.29 16:27 A C:\Louis\aspaceraceserver\rules1.tmpl --> homeless.artemis.com /home/content/webtv.disco/content/explore2d/programming/spacerace rules1.tmpl
98.04.29 16:27 A C:\Louis\aspaceraceserver\rules2.tmpl --> homeless.artemis.com /home/content/webtv.disco/content/explore2d/programming/spacerace rules2.tmpl
98.04.29 16:28 A C:\Louis\aspaceraceserver\indexframes.tmpl --> homeless.artemis.com /home/content/webtv.disco/content/explore2d/programming/spacerace indexframes.tmpl
98.04.29 16:28 A C:\Louis\aspaceraceserver\rules.tmpl --> homeless.artemis.com /home/content/webtv.disco/content/explore2d/programming/spacerace rules.tmpl
98.04.29 16:28 A C:\Louis\aspaceraceserver\rules1.tmpl --> homeless.artemis.com /home/content/webtv.disco/content/explore2d/programming/spacerace rules1.tmpl
98.04.29 16:28 A C:\Louis\aspaceraceserver\rules2.tmpl --> homeless.artemis.com /home/content/webtv.disco/content/explore2d/programming/spacerace rules2.tmpl
98.04.29 16:38 B C:\Louis\aspaceraceserver\game.tmpl --> homeless.artemis.com /home/content/webtv.disco/content/explore2d/programming/spacerace game.tmpl
98.04.29 16:44 A C:\Louis\aspaceraceserver\game.tmpl --> homeless.artemis.com /home/content/webtv.disco/content/explore2d/programming/spacerace game.tmpl
98.04.29 17:55 A C:\Louis\aspaceraceserver\rules2.tmpl --> homeless.artemis.com /home/content/webtv.disco/content/explore2d/programming/spacerace rules2.tmpl
98.04.29 18:04 A C:\Louis\aspaceraceserver\rules.tmpl --> homeless.artemis.com /home/content/webtv.disco/content/explore2d/programming/spacerace rules.tmpl
98.04.29 18:30 A C:\Louis\aspaceraceserver\enter.tmpl --> homeless.artemis.com /home/content/webtv.disco/content/explore2d/programming/spacerace enter.tmpl
98.04.29 18:30 A C:\Louis\aspaceraceserver\rules.tmpl --> homeless.artemis.com /home/content/webtv.disco/content/explore2d/programming/spacerace rules.tmpl
98.04.29 18:32 A C:\Louis\aspaceraceserver\rules.tmpl --> homeless.artemis.com /home/content/webtv.disco/content/explore2d/programming/spacerace rules.tmpl
98.04.29 18:40 A C:\Louis\aspaceraceserver\rules.tmpl --> homeless.artemis.com /home/content/webtv.disco/content/explore2d/programming/spacerace rules.tmpl
98.04.29 18:40 A C:\Louis\aspaceraceserver\rules1.tmpl --> homeless.artemis.com /home/content/webtv.disco/content/explore2d/programming/spacerace rules1.tmpl
98.04.29 18:40 A C:\Louis\aspaceraceserver\rules2.tmpl --> homeless.artemis.com /home/content/webtv.disco/content/explore2d/programming/spacerace rules2.tmpl
98.04.29 18:42 A C:\Louis\aspaceraceserver\rules.tmpl --> homeless.artemis.com /home/content/webtv.disco/content/explore2d/programming/spacerace rules.tmpl
98.04.29 18:42 A C:\Louis\aspaceraceserver\rules1.tmpl --> homeless.artemis.com /home/content/webtv.disco/content/explore2d/programming/spacerace rules1.tmpl
98.04.29 18:42 A C:\Louis\aspaceraceserver\rules2.tmpl --> homeless.artemis.com /home/content/webtv.disco/content/explore2d/programming/spacerace rules2.tmpl
98.04.29 18:45 A C:\Louis\aspaceraceserver\rules.tmpl --> homeless.artemis.com /home/content/webtv.disco/content/explore2d/programming/spacerace rules.tmpl
98.04.29 18:45 A C:\Louis\aspaceraceserver\rules1.tmpl --> homeless.artemis.com /home/content/webtv.disco/content/explore2d/programming/spacerace rules1.tmpl
98.04.29 18:45 A C:\Louis\aspaceraceserver\rules2.tmpl --> homeless.artemis.com /home/content/webtv.disco/content/explore2d/programming/spacerace rules2.tmpl
98.04.29 18:51 A C:\Louis\aspaceraceserver\game.tmpl --> homeless.artemis.com /home/content/webtv.disco/content/explore2d/programming/spacerace game.tmpl
98.04.29 18:59 A C:\Louis\aspaceraceserver\game.tmpl --> homeless.artemis.com /home/content/webtv.disco/content/explore2d/programming/spacerace game.tmpl
98.04.29 19:03 A C:\Louis\aspaceraceserver\game.tmpl --> homeless.artemis.com /home/content/webtv.disco/content/explore2d/programming/spacerace game.tmpl
98.04.29 19:03 A C:\Louis\aspaceraceserver\game.tmpl --> homeless.artemis.com /home/content/webtv.disco/content/explore2d/programming/spacerace game.tmpl
98.04.29 19:04 A C:\Louis\aspaceraceserver\game.tmpl --> homeless.artemis.com /home/content/webtv.disco/content/explore2d/programming/spacerace game.tmpl
98.04.29 19:04 A C:\Louis\aspaceraceserver\game.tmpl --> homeless.artemis.com /home/content/webtv.disco/content/explore2d/programming/spacerace game.tmpl
98.04.29 19:05 A C:\Louis\aspaceraceserver\game.tmpl --> homeless.artemis.com /home/content/webtv.disco/content/explore2d/programming/spacerace game.tmpl
98.04.29 19:06 A C:\Louis\aspaceraceserver\game.tmpl --> homeless.artemis.com /home/content/webtv.disco/content/explore2d/programming/spacerace game.tmpl
98.04.29 19:07 A C:\Louis\aspaceraceserver\game.tmpl --> homeless.artemis.com /home/content/webtv.disco/content/explore2d/programming/spacerace game.tmpl
98.04.29 19:08 A C:\Louis\aspaceraceserver\game.tmpl --> homeless.artemis.com /home/content/webtv.disco/content/explore2d/programming/spacerace game.tmpl
98.04.29 19:09 A C:\Louis\aspaceraceserver\game.tmpl --> homeless.artemis.com /home/content/webtv.disco/content/explore2d/programming/spacerace game.tmpl
98.04.29 19:12 A C:\Louis\aspaceraceserver\rules.tmpl --> homeless.artemis.com /home/content/webtv.disco/content/explore2d/programming/spacerace rules.tmpl
98.04.29 19:15 A C:\Louis\aspaceraceserver\game.tmpl --> homeless.artemis.com /home/content/webtv.disco/content/explore2d/programming/spacerace game.tmpl
98.04.29 19:19 B C:\Louis\aspaceraceserver\WS_FTP.LOG --> www.woofie.com /u1/vhome/louis/www/wtv/aspaceraceserver WS_FTP.LOG
98.04.29 19:19 A C:\Louis\aspaceraceserver\webtvpresents.html --> www.woofie.com /u1/vhome/louis/www/wtv/aspaceraceserver webtvpresents.html
98.04.29 19:19 A C:\Louis\aspaceraceserver\rules2.tmpl --> www.woofie.com /u1/vhome/louis/www/wtv/aspaceraceserver rules2.tmpl
98.04.29 19:19 A C:\Louis\aspaceraceserver\rules1.tmpl --> www.woofie.com /u1/vhome/louis/www/wtv/aspaceraceserver rules1.tmpl
98.04.29 19:19 A C:\Louis\aspaceraceserver\rules.tmpl --> www.woofie.com /u1/vhome/louis/www/wtv/aspaceraceserver rules.tmpl
98.04.29 19:19 A C:\Louis\aspaceraceserver\play.html --> www.woofie.com /u1/vhome/louis/www/wtv/aspaceraceserver play.html
98.04.29 19:19 A C:\Louis\aspaceraceserver\music.html --> www.woofie.com /u1/vhome/louis/www/wtv/aspaceraceserver music.html
98.04.29 19:19 A C:\Louis\aspaceraceserver\indexframes.tmpl --> www.woofie.com /u1/vhome/louis/www/wtv/aspaceraceserver indexframes.tmpl
98.04.29 19:19 A C:\Louis\aspaceraceserver\index.tmpl --> www.woofie.com /u1/vhome/louis/www/wtv/aspaceraceserver index.tmpl
98.04.29 19:19 A C:\Louis\aspaceraceserver\game.tmpl --> www.woofie.com /u1/vhome/louis/www/wtv/aspaceraceserver game.tmpl
98.04.29 19:19 A C:\Louis\aspaceraceserver\flyout.tmpl --> www.woofie.com /u1/vhome/louis/www/wtv/aspaceraceserver flyout.tmpl
98.04.29 19:19 A C:\Louis\aspaceraceserver\flyinterm.html --> www.woofie.com /u1/vhome/louis/www/wtv/aspaceraceserver flyinterm.html
98.04.29 19:19 A C:\Louis\aspaceraceserver\flyinold.html --> www.woofie.com /u1/vhome/louis/www/wtv/aspaceraceserver flyinold.html
98.04.29 19:19 A C:\Louis\aspaceraceserver\flyinkillsbox.html --> www.woofie.com /u1/vhome/louis/www/wtv/aspaceraceserver flyinkillsbox.html
98.04.29 19:19 A C:\Louis\aspaceraceserver\flyinarcher.html --> www.woofie.com /u1/vhome/louis/www/wtv/aspaceraceserver flyinarcher.html
98.04.29 19:19 A C:\Louis\aspaceraceserver\flyin2.html --> www.woofie.com /u1/vhome/louis/www/wtv/aspaceraceserver flyin2.html
98.04.29 19:19 A C:\Louis\aspaceraceserver\flyin1.html --> www.woofie.com /u1/vhome/louis/www/wtv/aspaceraceserver flyin1.html
98.04.29 19:19 A C:\Louis\aspaceraceserver\flyin.html --> www.woofie.com /u1/vhome/louis/www/wtv/aspaceraceserver flyin.html
98.04.29 19:19 A C:\Louis\aspaceraceserver\enter.tmpl --> www.woofie.com /u1/vhome/louis/www/wtv/aspaceraceserver enter.tmpl
98.04.29 19:19 A C:\Louis\aspaceraceserver\dieonplanet.tmpl --> www.woofie.com /u1/vhome/louis/www/wtv/aspaceraceserver dieonplanet.tmpl
98.04.29 19:19 A C:\Louis\aspaceraceserver\credits.tmpl --> www.woofie.com /u1/vhome/louis/www/wtv/aspaceraceserver credits.tmpl
98.04.29 19:19 A C:\Louis\aspaceraceserver\choose.tmpl --> www.woofie.com /u1/vhome/louis/www/wtv/aspaceraceserver choose.tmpl
98.04.29 19:19 A C:\Louis\aspaceraceserver\audio.tmpl --> www.woofie.com /u1/vhome/louis/www/wtv/aspaceraceserver audio.tmpl
98.04.29 19:35 B C:\Louis\aspaceraceserver\game.tmpl --> homeless.artemis.com /home/content/webtv.disco/content/explore2d/programming/spacerace game.tmpl
98.04.30 17:16 A C:\Louis\aspaceraceserver\audio.tmpl --> homeless.artemis.com /home/content/webtv.disco/content/explore2d/programming/spacerace audio.tmpl
98.04.30 17:16 A C:\Louis\aspaceraceserver\choose.tmpl --> homeless.artemis.com /home/content/webtv.disco/content/explore2d/programming/spacerace choose.tmpl
98.04.30 17:16 A C:\Louis\aspaceraceserver\credits.tmpl --> homeless.artemis.com /home/content/webtv.disco/content/explore2d/programming/spacerace credits.tmpl
98.04.30 17:16 A C:\Louis\aspaceraceserver\dieonplanet.tmpl --> homeless.artemis.com /home/content/webtv.disco/content/explore2d/programming/spacerace dieonplanet.tmpl
98.04.30 17:16 A C:\Louis\aspaceraceserver\enter.tmpl --> homeless.artemis.com /home/content/webtv.disco/content/explore2d/programming/spacerace enter.tmpl
98.04.30 17:16 A C:\Louis\aspaceraceserver\flyin.html --> homeless.artemis.com /home/content/webtv.disco/content/explore2d/programming/spacerace flyin.html
98.04.30 17:16 A C:\Louis\aspaceraceserver\flyin1.html --> homeless.artemis.com /home/content/webtv.disco/content/explore2d/programming/spacerace flyin1.html
98.04.30 17:16 A C:\Louis\aspaceraceserver\flyin2.html --> homeless.artemis.com /home/content/webtv.disco/content/explore2d/programming/spacerace flyin2.html
98.04.30 17:16 A C:\Louis\aspaceraceserver\flyinarcher.html --> homeless.artemis.com /home/content/webtv.disco/content/explore2d/programming/spacerace flyinarcher.html
98.04.30 17:16 A C:\Louis\aspaceraceserver\flyinkillsbox.html --> homeless.artemis.com /home/content/webtv.disco/content/explore2d/programming/spacerace flyinkillsbox.html
98.04.30 17:16 A C:\Louis\aspaceraceserver\flyinold.html --> homeless.artemis.com /home/content/webtv.disco/content/explore2d/programming/spacerace flyinold.html
98.04.30 17:16 A C:\Louis\aspaceraceserver\flyinterm.html --> homeless.artemis.com /home/content/webtv.disco/content/explore2d/programming/spacerace flyinterm.html
98.04.30 17:16 A C:\Louis\aspaceraceserver\flyout.tmpl --> homeless.artemis.com /home/content/webtv.disco/content/explore2d/programming/spacerace flyout.tmpl
98.04.30 17:16 A C:\Louis\aspaceraceserver\game.tmpl --> homeless.artemis.com /home/content/webtv.disco/content/explore2d/programming/spacerace game.tmpl
98.04.30 17:16 A C:\Louis\aspaceraceserver\index.tmpl --> homeless.artemis.com /home/content/webtv.disco/content/explore2d/programming/spacerace index.tmpl
98.04.30 17:16 A C:\Louis\aspaceraceserver\indexframes.tmpl --> homeless.artemis.com /home/content/webtv.disco/content/explore2d/programming/spacerace indexframes.tmpl
98.04.30 17:16 A C:\Louis\aspaceraceserver\music.html --> homeless.artemis.com /home/content/webtv.disco/content/explore2d/programming/spacerace music.html
98.04.30 17:16 A C:\Louis\aspaceraceserver\play.html --> homeless.artemis.com /home/content/webtv.disco/content/explore2d/programming/spacerace play.html
98.04.30 17:16 A C:\Louis\aspaceraceserver\rules.tmpl --> homeless.artemis.com /home/content/webtv.disco/content/explore2d/programming/spacerace rules.tmpl
98.04.30 17:16 A C:\Louis\aspaceraceserver\rules1.tmpl --> homeless.artemis.com /home/content/webtv.disco/content/explore2d/programming/spacerace rules1.tmpl
98.04.30 17:16 A C:\Louis\aspaceraceserver\rules2.tmpl --> homeless.artemis.com /home/content/webtv.disco/content/explore2d/programming/spacerace rules2.tmpl
98.04.30 17:16 A C:\Louis\aspaceraceserver\webtvpresents.html --> homeless.artemis.com /home/content/webtv.disco/content/explore2d/programming/spacerace webtvpresents.html
98.04.30 17:29 A C:\Louis\aspaceraceserver\audio.tmpl --> homeless.artemis.com /home/content/webtv.disco/content/explore2d/programming/spacerace audio.tmpl
98.04.30 17:29 A C:\Louis\aspaceraceserver\choose.tmpl --> homeless.artemis.com /home/content/webtv.disco/content/explore2d/programming/spacerace choose.tmpl
98.04.30 17:29 A C:\Louis\aspaceraceserver\credits.tmpl --> homeless.artemis.com /home/content/webtv.disco/content/explore2d/programming/spacerace credits.tmpl
98.04.30 17:29 A C:\Louis\aspaceraceserver\dieonplanet.tmpl --> homeless.artemis.com /home/content/webtv.disco/content/explore2d/programming/spacerace dieonplanet.tmpl
98.04.30 17:29 A C:\Louis\aspaceraceserver\enter.tmpl --> homeless.artemis.com /home/content/webtv.disco/content/explore2d/programming/spacerace enter.tmpl
98.04.30 17:29 A C:\Louis\aspaceraceserver\flyin.html --> homeless.artemis.com /home/content/webtv.disco/content/explore2d/programming/spacerace flyin.html
98.04.30 17:29 A C:\Louis\aspaceraceserver\flyin1.html --> homeless.artemis.com /home/content/webtv.disco/content/explore2d/programming/spacerace flyin1.html
98.04.30 17:29 A C:\Louis\aspaceraceserver\flyin2.html --> homeless.artemis.com /home/content/webtv.disco/content/explore2d/programming/spacerace flyin2.html
98.04.30 17:29 A C:\Louis\aspaceraceserver\flyinarcher.html --> homeless.artemis.com /home/content/webtv.disco/content/explore2d/programming/spacerace flyinarcher.html
98.04.30 17:29 A C:\Louis\aspaceraceserver\flyinkillsbox.html --> homeless.artemis.com /home/content/webtv.disco/content/explore2d/programming/spacerace flyinkillsbox.html
98.04.30 17:29 A C:\Louis\aspaceraceserver\flyinold.html --> homeless.artemis.com /home/content/webtv.disco/content/explore2d/programming/spacerace flyinold.html
98.04.30 17:29 A C:\Louis\aspaceraceserver\flyinterm.html --> homeless.artemis.com /home/content/webtv.disco/content/explore2d/programming/spacerace flyinterm.html
98.04.30 17:29 A C:\Louis\aspaceraceserver\flyout.tmpl --> homeless.artemis.com /home/content/webtv.disco/content/explore2d/programming/spacerace flyout.tmpl
98.04.30 17:29 A C:\Louis\aspaceraceserver\game.tmpl --> homeless.artemis.com /home/content/webtv.disco/content/explore2d/programming/spacerace game.tmpl
98.04.30 17:29 A C:\Louis\aspaceraceserver\index.tmpl --> homeless.artemis.com /home/content/webtv.disco/content/explore2d/programming/spacerace index.tmpl
98.04.30 17:29 A C:\Louis\aspaceraceserver\indexframes.tmpl --> homeless.artemis.com /home/content/webtv.disco/content/explore2d/programming/spacerace indexframes.tmpl
98.04.30 17:29 A C:\Louis\aspaceraceserver\music.html --> homeless.artemis.com /home/content/webtv.disco/content/explore2d/programming/spacerace music.html
98.04.30 17:29 A C:\Louis\aspaceraceserver\play.html --> homeless.artemis.com /home/content/webtv.disco/content/explore2d/programming/spacerace play.html
98.04.30 17:29 A C:\Louis\aspaceraceserver\rules.tmpl --> homeless.artemis.com /home/content/webtv.disco/content/explore2d/programming/spacerace rules.tmpl
98.04.30 17:29 A C:\Louis\aspaceraceserver\rules1.tmpl --> homeless.artemis.com /home/content/webtv.disco/content/explore2d/programming/spacerace rules1.tmpl
98.04.30 17:29 A C:\Louis\aspaceraceserver\rules2.tmpl --> homeless.artemis.com /home/content/webtv.disco/content/explore2d/programming/spacerace rules2.tmpl
98.04.30 17:29 A C:\Louis\aspaceraceserver\webtvpresents.html --> homeless.artemis.com /home/content/webtv.disco/content/explore2d/programming/spacerace webtvpresents.html
98.04.30 17:36 A C:\Louis\aspaceraceserver\audio.tmpl --> homeless.artemis.com /home/content/webtv.disco/content/explore2d/programming/spacerace audio.tmpl
98.04.30 17:36 A C:\Louis\aspaceraceserver\choose.tmpl --> homeless.artemis.com /home/content/webtv.disco/content/explore2d/programming/spacerace choose.tmpl
98.04.30 17:36 A C:\Louis\aspaceraceserver\credits.tmpl --> homeless.artemis.com /home/content/webtv.disco/content/explore2d/programming/spacerace credits.tmpl
98.04.30 17:36 A C:\Louis\aspaceraceserver\dieonplanet.tmpl --> homeless.artemis.com /home/content/webtv.disco/content/explore2d/programming/spacerace dieonplanet.tmpl
98.04.30 17:36 A C:\Louis\aspaceraceserver\enter.tmpl --> homeless.artemis.com /home/content/webtv.disco/content/explore2d/programming/spacerace enter.tmpl
98.04.30 17:36 A C:\Louis\aspaceraceserver\flyin.html --> homeless.artemis.com /home/content/webtv.disco/content/explore2d/programming/spacerace flyin.html
98.04.30 17:36 A C:\Louis\aspaceraceserver\flyin1.html --> homeless.artemis.com /home/content/webtv.disco/content/explore2d/programming/spacerace flyin1.html
98.04.30 17:36 A C:\Louis\aspaceraceserver\flyin2.html --> homeless.artemis.com /home/content/webtv.disco/content/explore2d/programming/spacerace flyin2.html
98.04.30 17:36 A C:\Louis\aspaceraceserver\flyinarcher.html --> homeless.artemis.com /home/content/webtv.disco/content/explore2d/programming/spacerace flyinarcher.html
98.04.30 17:36 A C:\Louis\aspaceraceserver\flyinkillsbox.html --> homeless.artemis.com /home/content/webtv.disco/content/explore2d/programming/spacerace flyinkillsbox.html
98.04.30 17:36 A C:\Louis\aspaceraceserver\flyinold.html --> homeless.artemis.com /home/content/webtv.disco/content/explore2d/programming/spacerace flyinold.html
98.04.30 17:36 A C:\Louis\aspaceraceserver\flyinterm.html --> homeless.artemis.com /home/content/webtv.disco/content/explore2d/programming/spacerace flyinterm.html
98.04.30 17:36 A C:\Louis\aspaceraceserver\flyout.tmpl --> homeless.artemis.com /home/content/webtv.disco/content/explore2d/programming/spacerace flyout.tmpl
98.04.30 17:36 A C:\Louis\aspaceraceserver\game.tmpl --> homeless.artemis.com /home/content/webtv.disco/content/explore2d/programming/spacerace game.tmpl
98.04.30 17:36 A C:\Louis\aspaceraceserver\index.tmpl --> homeless.artemis.com /home/content/webtv.disco/content/explore2d/programming/spacerace index.tmpl
98.04.30 17:36 A C:\Louis\aspaceraceserver\indexframes.tmpl --> homeless.artemis.com /home/content/webtv.disco/content/explore2d/programming/spacerace indexframes.tmpl
98.04.30 17:36 A C:\Louis\aspaceraceserver\music.html --> homeless.artemis.com /home/content/webtv.disco/content/explore2d/programming/spacerace music.html
98.04.30 17:36 A C:\Louis\aspaceraceserver\play.html --> homeless.artemis.com /home/content/webtv.disco/content/explore2d/programming/spacerace play.html
98.04.30 17:36 A C:\Louis\aspaceraceserver\rules.tmpl --> homeless.artemis.com /home/content/webtv.disco/content/explore2d/programming/spacerace rules.tmpl
98.04.30 17:36 A C:\Louis\aspaceraceserver\rules1.tmpl --> homeless.artemis.com /home/content/webtv.disco/content/explore2d/programming/spacerace rules1.tmpl
98.04.30 17:36 A C:\Louis\aspaceraceserver\rules2.tmpl --> homeless.artemis.com /home/content/webtv.disco/content/explore2d/programming/spacerace rules2.tmpl
98.04.30 17:36 A C:\Louis\aspaceraceserver\webtvpresents.html --> homeless.artemis.com /home/content/webtv.disco/content/explore2d/programming/spacerace webtvpresents.html
98.04.30 17:37 A C:\Louis\aspaceraceserver\audio.tmpl --> homeless.artemis.com /home/content/webtv.disco/content/explore2d/programming/spacerace audio.tmpl
98.04.30 17:37 A C:\Louis\aspaceraceserver\choose.tmpl --> homeless.artemis.com /home/content/webtv.disco/content/explore2d/programming/spacerace choose.tmpl
98.04.30 17:37 A C:\Louis\aspaceraceserver\credits.tmpl --> homeless.artemis.com /home/content/webtv.disco/content/explore2d/programming/spacerace credits.tmpl
98.04.30 17:37 A C:\Louis\aspaceraceserver\dieonplanet.tmpl --> homeless.artemis.com /home/content/webtv.disco/content/explore2d/programming/spacerace dieonplanet.tmpl
98.04.30 17:37 A C:\Louis\aspaceraceserver\enter.tmpl --> homeless.artemis.com /home/content/webtv.disco/content/explore2d/programming/spacerace enter.tmpl
98.04.30 17:37 A C:\Louis\aspaceraceserver\flyin.html --> homeless.artemis.com /home/content/webtv.disco/content/explore2d/programming/spacerace flyin.html
98.04.30 17:37 A C:\Louis\aspaceraceserver\flyin1.html --> homeless.artemis.com /home/content/webtv.disco/content/explore2d/programming/spacerace flyin1.html
98.04.30 17:37 A C:\Louis\aspaceraceserver\flyin2.html --> homeless.artemis.com /home/content/webtv.disco/content/explore2d/programming/spacerace flyin2.html
98.04.30 17:37 A C:\Louis\aspaceraceserver\flyinarcher.html --> homeless.artemis.com /home/content/webtv.disco/content/explore2d/programming/spacerace flyinarcher.html
98.04.30 17:37 A C:\Louis\aspaceraceserver\flyinkillsbox.html --> homeless.artemis.com /home/content/webtv.disco/content/explore2d/programming/spacerace flyinkillsbox.html
98.04.30 17:37 A C:\Louis\aspaceraceserver\flyinold.html --> homeless.artemis.com /home/content/webtv.disco/content/explore2d/programming/spacerace flyinold.html
98.04.30 17:37 A C:\Louis\aspaceraceserver\flyinterm.html --> homeless.artemis.com /home/content/webtv.disco/content/explore2d/programming/spacerace flyinterm.html
98.04.30 17:37 A C:\Louis\aspaceraceserver\flyout.tmpl --> homeless.artemis.com /home/content/webtv.disco/content/explore2d/programming/spacerace flyout.tmpl
98.04.30 17:37 A C:\Louis\aspaceraceserver\game.tmpl --> homeless.artemis.com /home/content/webtv.disco/content/explore2d/programming/spacerace game.tmpl
98.04.30 17:37 A C:\Louis\aspaceraceserver\index.tmpl --> homeless.artemis.com /home/content/webtv.disco/content/explore2d/programming/spacerace index.tmpl
98.04.30 17:37 A C:\Louis\aspaceraceserver\indexframes.tmpl --> homeless.artemis.com /home/content/webtv.disco/content/explore2d/programming/spacerace indexframes.tmpl
98.04.30 17:37 A C:\Louis\aspaceraceserver\music.html --> homeless.artemis.com /home/content/webtv.disco/content/explore2d/programming/spacerace music.html
98.04.30 17:37 A C:\Louis\aspaceraceserver\play.html --> homeless.artemis.com /home/content/webtv.disco/content/explore2d/programming/spacerace play.html
98.04.30 17:37 A C:\Louis\aspaceraceserver\rules.tmpl --> homeless.artemis.com /home/content/webtv.disco/content/explore2d/programming/spacerace rules.tmpl
98.04.30 17:37 A C:\Louis\aspaceraceserver\rules1.tmpl --> homeless.artemis.com /home/content/webtv.disco/content/explore2d/programming/spacerace rules1.tmpl
98.04.30 17:37 A C:\Louis\aspaceraceserver\rules2.tmpl --> homeless.artemis.com /home/content/webtv.disco/content/explore2d/programming/spacerace rules2.tmpl
98.04.30 17:37 A C:\Louis\aspaceraceserver\webtvpresents.html --> homeless.artemis.com /home/content/webtv.disco/content/explore2d/programming/spacerace webtvpresents.html
98.04.30 17:38 A C:\Louis\aspaceraceserver\rules.tmpl --> homeless.artemis.com /home/content/webtv.disco/content/explore2d/programming/spacerace rules.tmpl
98.04.30 17:38 A C:\Louis\aspaceraceserver\rules1.tmpl --> homeless.artemis.com /home/content/webtv.disco/content/explore2d/programming/spacerace rules1.tmpl
98.04.30 17:38 A C:\Louis\aspaceraceserver\rules2.tmpl --> homeless.artemis.com /home/content/webtv.disco/content/explore2d/programming/spacerace rules2.tmpl
98.04.30 17:39 A C:\Louis\aspaceraceserver\rules.tmpl --> homeless.artemis.com /home/content/webtv.disco/content/explore2d/programming/spacerace rules.tmpl
98.04.30 17:39 A C:\Louis\aspaceraceserver\rules1.tmpl --> homeless.artemis.com /home/content/webtv.disco/content/explore2d/programming/spacerace rules1.tmpl
98.04.30 17:39 A C:\Louis\aspaceraceserver\rules2.tmpl --> homeless.artemis.com /home/content/webtv.disco/content/explore2d/programming/spacerace rules2.tmpl
98.05.01 11:34 B C:\Louis\aspaceraceserver\game.tmpl --> homeless.artemis.com /home/content/webtv.disco/content/explore2d/programming/spacerace game.tmpl
98.05.01 12:06 B C:\Louis\aspaceraceserver\game.tmpl --> homeless.artemis.com /home/content/webtv.disco/content/explore2d/programming/spacerace game.tmpl
98.05.01 12:06 A C:\Louis\aspaceraceserver\game.tmpl --> homeless.artemis.com /home/content/webtv.disco/content/explore2d/programming/spacerace game.tmpl
98.05.01 12:08 A C:\Louis\aspaceraceserver\flyout.tmpl --> homeless.artemis.com /home/content/webtv.disco/content/explore2d/programming/spacerace flyout.tmpl
98.05.01 12:09 A C:\Louis\aspaceraceserver\dieonplanet.tmpl --> homeless.artemis.com /home/content/webtv.disco/content/explore2d/programming/spacerace dieonplanet.tmpl
98.05.01 12:13 A C:\Louis\aspaceraceserver\audio.tmpl --> www.woofie.com /u1/vhome/louis/www/wtv/aspaceraceserver audio.tmpl
98.05.01 12:13 A C:\Louis\aspaceraceserver\choose.tmpl --> www.woofie.com /u1/vhome/louis/www/wtv/aspaceraceserver choose.tmpl
98.05.01 12:13 A C:\Louis\aspaceraceserver\credits.tmpl --> www.woofie.com /u1/vhome/louis/www/wtv/aspaceraceserver credits.tmpl
98.05.01 12:13 A C:\Louis\aspaceraceserver\dieonplanet.tmpl --> www.woofie.com /u1/vhome/louis/www/wtv/aspaceraceserver dieonplanet.tmpl
98.05.01 12:13 A C:\Louis\aspaceraceserver\enter.tmpl --> www.woofie.com /u1/vhome/louis/www/wtv/aspaceraceserver enter.tmpl
98.05.01 12:13 A C:\Louis\aspaceraceserver\flyin.html --> www.woofie.com /u1/vhome/louis/www/wtv/aspaceraceserver flyin.html
98.05.01 12:13 A C:\Louis\aspaceraceserver\flyin1.html --> www.woofie.com /u1/vhome/louis/www/wtv/aspaceraceserver flyin1.html
98.05.01 12:13 A C:\Louis\aspaceraceserver\flyin2.html --> www.woofie.com /u1/vhome/louis/www/wtv/aspaceraceserver flyin2.html
98.05.01 12:13 A C:\Louis\aspaceraceserver\flyinarcher.html --> www.woofie.com /u1/vhome/louis/www/wtv/aspaceraceserver flyinarcher.html
98.05.01 12:13 A C:\Louis\aspaceraceserver\flyinkillsbox.html --> www.woofie.com /u1/vhome/louis/www/wtv/aspaceraceserver flyinkillsbox.html
98.05.01 12:13 A C:\Louis\aspaceraceserver\flyinold.html --> www.woofie.com /u1/vhome/louis/www/wtv/aspaceraceserver flyinold.html
98.05.01 12:13 A C:\Louis\aspaceraceserver\flyinterm.html --> www.woofie.com /u1/vhome/louis/www/wtv/aspaceraceserver flyinterm.html
98.05.01 12:13 A C:\Louis\aspaceraceserver\flyout.tmpl --> www.woofie.com /u1/vhome/louis/www/wtv/aspaceraceserver flyout.tmpl
98.05.01 12:13 A C:\Louis\aspaceraceserver\game.tmpl --> www.woofie.com /u1/vhome/louis/www/wtv/aspaceraceserver game.tmpl
98.05.01 12:13 A C:\Louis\aspaceraceserver\index.tmpl --> www.woofie.com /u1/vhome/louis/www/wtv/aspaceraceserver index.tmpl
98.05.01 12:13 A C:\Louis\aspaceraceserver\indexframes.tmpl --> www.woofie.com /u1/vhome/louis/www/wtv/aspaceraceserver indexframes.tmpl
98.05.01 12:13 A C:\Louis\aspaceraceserver\music.html --> www.woofie.com /u1/vhome/louis/www/wtv/aspaceraceserver music.html
98.05.01 12:13 A C:\Louis\aspaceraceserver\play.html --> www.woofie.com /u1/vhome/louis/www/wtv/aspaceraceserver play.html
98.05.01 12:13 A C:\Louis\aspaceraceserver\rules.tmpl --> www.woofie.com /u1/vhome/louis/www/wtv/aspaceraceserver rules.tmpl
98.05.01 12:13 A C:\Louis\aspaceraceserver\rules1.tmpl --> www.woofie.com /u1/vhome/louis/www/wtv/aspaceraceserver rules1.tmpl
98.05.01 12:13 A C:\Louis\aspaceraceserver\rules2.tmpl --> www.woofie.com /u1/vhome/louis/www/wtv/aspaceraceserver rules2.tmpl
98.05.01 12:13 A C:\Louis\aspaceraceserver\webtvpresents.html --> www.woofie.com /u1/vhome/louis/www/wtv/aspaceraceserver webtvpresents.html
98.05.01 12:26 B C:\Louis\aspaceraceserver\dieonplanet.tmpl --> homeless.artemis.com /home/content/webtv.disco/content/explore2d/programming/spacerace dieonplanet.tmpl
98.05.01 12:26 B C:\Louis\aspaceraceserver\flyout.tmpl --> homeless.artemis.com /home/content/webtv.disco/content/explore2d/programming/spacerace flyout.tmpl
98.05.01 12:26 A C:\Louis\aspaceraceserver\flyout.tmpl --> homeless.artemis.com /home/content/webtv.disco/content/explore2d/programming/spacerace flyout.tmpl
98.05.01 12:26 A C:\Louis\aspaceraceserver\dieonplanet.tmpl --> homeless.artemis.com /home/content/webtv.disco/content/explore2d/programming/spacerace dieonplanet.tmpl
98.05.01 15:55 A C:\Louis\aspaceraceserver\audio.tmpl --> homeless.artemis.com /home/content/webtv.disco/content/explore2d/programming/spacerace audio.tmpl
98.05.01 15:55 A C:\Louis\aspaceraceserver\choose.tmpl --> homeless.artemis.com /home/content/webtv.disco/content/explore2d/programming/spacerace choose.tmpl
98.05.01 15:55 A C:\Louis\aspaceraceserver\credits.tmpl --> homeless.artemis.com /home/content/webtv.disco/content/explore2d/programming/spacerace credits.tmpl
98.05.01 15:55 A C:\Louis\aspaceraceserver\dieonplanet.tmpl --> homeless.artemis.com /home/content/webtv.disco/content/explore2d/programming/spacerace dieonplanet.tmpl
98.05.01 15:55 A C:\Louis\aspaceraceserver\enter.tmpl --> homeless.artemis.com /home/content/webtv.disco/content/explore2d/programming/spacerace enter.tmpl
98.05.01 15:55 A C:\Louis\aspaceraceserver\flyin.html --> homeless.artemis.com /home/content/webtv.disco/content/explore2d/programming/spacerace flyin.html
98.05.01 15:55 A C:\Louis\aspaceraceserver\flyin1.html --> homeless.artemis.com /home/content/webtv.disco/content/explore2d/programming/spacerace flyin1.html
98.05.01 15:55 A C:\Louis\aspaceraceserver\flyin2.html --> homeless.artemis.com /home/content/webtv.disco/content/explore2d/programming/spacerace flyin2.html
98.05.01 15:55 A C:\Louis\aspaceraceserver\flyinarcher.html --> homeless.artemis.com /home/content/webtv.disco/content/explore2d/programming/spacerace flyinarcher.html
98.05.01 15:55 A C:\Louis\aspaceraceserver\flyinkillsbox.html --> homeless.artemis.com /home/content/webtv.disco/content/explore2d/programming/spacerace flyinkillsbox.html
98.05.01 15:55 A C:\Louis\aspaceraceserver\flyinold.html --> homeless.artemis.com /home/content/webtv.disco/content/explore2d/programming/spacerace flyinold.html
98.05.01 15:55 A C:\Louis\aspaceraceserver\flyinterm.html --> homeless.artemis.com /home/content/webtv.disco/content/explore2d/programming/spacerace flyinterm.html
98.05.01 15:55 A C:\Louis\aspaceraceserver\flyout.tmpl --> homeless.artemis.com /home/content/webtv.disco/content/explore2d/programming/spacerace flyout.tmpl
98.05.01 15:55 A C:\Louis\aspaceraceserver\game.tmpl --> homeless.artemis.com /home/content/webtv.disco/content/explore2d/programming/spacerace game.tmpl
98.05.01 15:55 A C:\Louis\aspaceraceserver\index.tmpl --> homeless.artemis.com /home/content/webtv.disco/content/explore2d/programming/spacerace index.tmpl
98.05.01 15:55 A C:\Louis\aspaceraceserver\indexframes.tmpl --> homeless.artemis.com /home/content/webtv.disco/content/explore2d/programming/spacerace indexframes.tmpl
98.05.01 15:55 A C:\Louis\aspaceraceserver\music.html --> homeless.artemis.com /home/content/webtv.disco/content/explore2d/programming/spacerace music.html
98.05.01 15:55 A C:\Louis\aspaceraceserver\play.html --> homeless.artemis.com /home/content/webtv.disco/content/explore2d/programming/spacerace play.html
98.05.01 15:55 A C:\Louis\aspaceraceserver\rules.tmpl --> homeless.artemis.com /home/content/webtv.disco/content/explore2d/programming/spacerace rules.tmpl
98.05.01 15:55 A C:\Louis\aspaceraceserver\rules1.tmpl --> homeless.artemis.com /home/content/webtv.disco/content/explore2d/programming/spacerace rules1.tmpl
98.05.01 15:55 A C:\Louis\aspaceraceserver\rules2.tmpl --> homeless.artemis.com /home/content/webtv.disco/content/explore2d/programming/spacerace rules2.tmpl
98.05.01 15:55 A C:\Louis\aspaceraceserver\webtvpresents.html --> homeless.artemis.com /home/content/webtv.disco/content/explore2d/programming/spacerace webtvpresents.html
98.05.01 17:28 A C:\Louis\aspaceraceserver\game.tmpl --> homeless.artemis.com /home/content/webtv.disco/content/explore2d/programming/spacerace game.tmpl
98.05.01 17:35 A C:\Louis\aspaceraceserver\game.tmpl --> homeless.artemis.com /home/content/webtv.disco/content/explore2d/programming/spacerace game.tmpl
98.05.01 18:07 A C:\Louis\aspaceraceserver\game.tmpl --> homeless.artemis.com /home/content/webtv.disco/content/explore2d/programming/spacerace game.tmpl
98.05.01 23:24 A C:\Louis\aspaceraceserver\audio.tmpl --> www.woofie.com /u1/vhome/louis/www/wtv/aspaceraceserver audio.tmpl
98.05.01 23:24 A C:\Louis\aspaceraceserver\choose.tmpl --> www.woofie.com /u1/vhome/louis/www/wtv/aspaceraceserver choose.tmpl
98.05.01 23:24 A C:\Louis\aspaceraceserver\credits.tmpl --> www.woofie.com /u1/vhome/louis/www/wtv/aspaceraceserver credits.tmpl
98.05.01 23:24 A C:\Louis\aspaceraceserver\dieonplanet.tmpl --> www.woofie.com /u1/vhome/louis/www/wtv/aspaceraceserver dieonplanet.tmpl
98.05.01 23:24 A C:\Louis\aspaceraceserver\enter.tmpl --> www.woofie.com /u1/vhome/louis/www/wtv/aspaceraceserver enter.tmpl
98.05.01 23:24 A C:\Louis\aspaceraceserver\flyin.html --> www.woofie.com /u1/vhome/louis/www/wtv/aspaceraceserver flyin.html
98.05.01 23:24 A C:\Louis\aspaceraceserver\flyin1.html --> www.woofie.com /u1/vhome/louis/www/wtv/aspaceraceserver flyin1.html
98.05.01 23:24 A C:\Louis\aspaceraceserver\flyin2.html --> www.woofie.com /u1/vhome/louis/www/wtv/aspaceraceserver flyin2.html
98.05.01 23:24 A C:\Louis\aspaceraceserver\flyinarcher.html --> www.woofie.com /u1/vhome/louis/www/wtv/aspaceraceserver flyinarcher.html
98.05.01 23:24 A C:\Louis\aspaceraceserver\flyinkillsbox.html --> www.woofie.com /u1/vhome/louis/www/wtv/aspaceraceserver flyinkillsbox.html
98.05.01 23:24 A C:\Louis\aspaceraceserver\flyinold.html --> www.woofie.com /u1/vhome/louis/www/wtv/aspaceraceserver flyinold.html
98.05.01 23:24 A C:\Louis\aspaceraceserver\flyinterm.html --> www.woofie.com /u1/vhome/louis/www/wtv/aspaceraceserver flyinterm.html
98.05.01 23:24 A C:\Louis\aspaceraceserver\flyout.tmpl --> www.woofie.com /u1/vhome/louis/www/wtv/aspaceraceserver flyout.tmpl
98.05.01 23:24 A C:\Louis\aspaceraceserver\game.tmpl --> www.woofie.com /u1/vhome/louis/www/wtv/aspaceraceserver game.tmpl
98.05.01 23:24 A C:\Louis\aspaceraceserver\index.tmpl --> www.woofie.com /u1/vhome/louis/www/wtv/aspaceraceserver index.tmpl
98.05.01 23:24 A C:\Louis\aspaceraceserver\indexframes.tmpl --> www.woofie.com /u1/vhome/louis/www/wtv/aspaceraceserver indexframes.tmpl
98.05.01 23:24 A C:\Louis\aspaceraceserver\music.html --> www.woofie.com /u1/vhome/louis/www/wtv/aspaceraceserver music.html
98.05.01 23:24 A C:\Louis\aspaceraceserver\play.html --> www.woofie.com /u1/vhome/louis/www/wtv/aspaceraceserver play.html
98.05.01 23:24 A C:\Louis\aspaceraceserver\rules.tmpl --> www.woofie.com /u1/vhome/louis/www/wtv/aspaceraceserver rules.tmpl
98.05.01 23:24 A C:\Louis\aspaceraceserver\rules1.tmpl --> www.woofie.com /u1/vhome/louis/www/wtv/aspaceraceserver rules1.tmpl
98.05.01 23:24 A C:\Louis\aspaceraceserver\rules2.tmpl --> www.woofie.com /u1/vhome/louis/www/wtv/aspaceraceserver rules2.tmpl
98.05.01 23:24 A C:\Louis\aspaceraceserver\webtvpresents.html --> www.woofie.com /u1/vhome/louis/www/wtv/aspaceraceserver webtvpresents.html
