97.12.18 13:32 B C:\AWork\AWebSites\wtv\matchmate\People\knight1100.gif <-- A WoofMatchMate /u1/vhome/louis/www/wtv/makeamatch/People knight1100.gif
97.12.18 13:32 B C:\AWork\AWebSites\wtv\matchmate\People\knight1300 <-- A WoofMatchMate /u1/vhome/louis/www/wtv/makeamatch/People knight1300
97.12.18 13:33 B C:\AWork\AWebSites\wtv\matchmate\People\knight1300.gif <-- A WoofMatchMate /u1/vhome/louis/www/wtv/makeamatch/People knight1300.gif
97.12.18 13:33 B C:\AWork\AWebSites\wtv\matchmate\People\knight1300.gif.gif <-- A WoofMatchMate /u1/vhome/louis/www/wtv/makeamatch/People knight1300.gif.gif
97.12.18 13:34 B C:\AWork\AWebSites\wtv\matchmate\People\knight1400.gif <-- A WoofMatchMate /u1/vhome/louis/www/wtv/makeamatch/People knight1400.gif
97.12.18 13:35 B C:\AWork\AWebSites\wtv\matchmate\People\ladie1.gif <-- A WoofMatchMate /u1/vhome/louis/www/wtv/makeamatch/People ladie1.gif
97.12.18 13:36 B C:\AWork\AWebSites\wtv\matchmate\People\ladie2.gif <-- A WoofMatchMate /u1/vhome/louis/www/wtv/makeamatch/People ladie2.gif
97.12.18 13:57 B C:\AWork\AWebSites\wtv\matchmate\people\knight1100.gif --> vp2.netgate.net /u1/vhome/louis/www/wtv/matchmate/people knight1100.gif
97.12.18 13:57 B C:\AWork\AWebSites\wtv\matchmate\people\knight1100sm.gif --> vp2.netgate.net /u1/vhome/louis/www/wtv/matchmate/people knight1100sm.gif
97.12.18 13:58 B C:\AWork\AWebSites\wtv\matchmate\people\knight1300 --> vp2.netgate.net /u1/vhome/louis/www/wtv/matchmate/people knight1300
97.12.18 13:59 B C:\AWork\AWebSites\wtv\matchmate\people\knight1300.gif --> vp2.netgate.net /u1/vhome/louis/www/wtv/matchmate/people knight1300.gif
97.12.18 14:00 B C:\AWork\AWebSites\wtv\matchmate\people\knight1300.gif.gif --> vp2.netgate.net /u1/vhome/louis/www/wtv/matchmate/people knight1300.gif.gif
97.12.18 14:00 B C:\AWork\AWebSites\wtv\matchmate\people\knight1300sm.gif --> vp2.netgate.net /u1/vhome/louis/www/wtv/matchmate/people knight1300sm.gif
97.12.18 14:01 B C:\AWork\AWebSites\wtv\matchmate\people\knight1400.gif --> vp2.netgate.net /u1/vhome/louis/www/wtv/matchmate/people knight1400.gif
97.12.18 14:02 B C:\AWork\AWebSites\wtv\matchmate\people\ladie1.gif --> vp2.netgate.net /u1/vhome/louis/www/wtv/matchmate/people ladie1.gif
97.12.18 14:03 B C:\AWork\AWebSites\wtv\matchmate\people\ladie1sm.gif --> vp2.netgate.net /u1/vhome/louis/www/wtv/matchmate/people ladie1sm.gif
97.12.18 14:04 B C:\AWork\AWebSites\wtv\matchmate\people\ladie2.gif --> vp2.netgate.net /u1/vhome/louis/www/wtv/matchmate/people ladie2.gif
97.12.18 14:04 B C:\AWork\AWebSites\wtv\matchmate\people\ladie2sm.gif --> vp2.netgate.net /u1/vhome/louis/www/wtv/matchmate/people ladie2sm.gif
97.12.18 14:04 B C:\AWork\AWebSites\wtv\matchmate\people\WS_FTP.LOG --> vp2.netgate.net /u1/vhome/louis/www/wtv/matchmate/people WS_FTP.LOG
98.01.27 11:43 B C:\AWork\AWebSites\wtv\matchmate\people\knight1100.gif --> vp2.netgate.net /u1/vhome/louis/www/wtv/makeamatch/people knight1100.gif
98.01.27 11:43 B C:\AWork\AWebSites\wtv\matchmate\people\knight1100sm.gif --> vp2.netgate.net /u1/vhome/louis/www/wtv/makeamatch/people knight1100sm.gif
98.01.27 11:44 B C:\AWork\AWebSites\wtv\matchmate\people\knight1300 --> vp2.netgate.net /u1/vhome/louis/www/wtv/makeamatch/people knight1300
98.01.27 11:44 B C:\AWork\AWebSites\wtv\matchmate\people\knight1300.gif --> vp2.netgate.net /u1/vhome/louis/www/wtv/makeamatch/people knight1300.gif
98.01.27 11:45 B C:\AWork\AWebSites\wtv\matchmate\people\knight1300.gif.gif --> vp2.netgate.net /u1/vhome/louis/www/wtv/makeamatch/people knight1300.gif.gif
98.01.27 11:45 B C:\AWork\AWebSites\wtv\matchmate\people\knight1300sm.gif --> vp2.netgate.net /u1/vhome/louis/www/wtv/makeamatch/people knight1300sm.gif
98.01.27 11:45 B C:\AWork\AWebSites\wtv\matchmate\people\knight1400.gif --> vp2.netgate.net /u1/vhome/louis/www/wtv/makeamatch/people knight1400.gif
98.01.27 11:46 B C:\AWork\AWebSites\wtv\matchmate\people\ladie1.gif --> vp2.netgate.net /u1/vhome/louis/www/wtv/makeamatch/people ladie1.gif
98.01.27 11:46 B C:\AWork\AWebSites\wtv\matchmate\people\ladie1sm.gif --> vp2.netgate.net /u1/vhome/louis/www/wtv/makeamatch/people ladie1sm.gif
98.01.27 11:47 B C:\AWork\AWebSites\wtv\matchmate\people\ladie2.gif --> vp2.netgate.net /u1/vhome/louis/www/wtv/makeamatch/people ladie2.gif
98.01.27 11:47 B C:\AWork\AWebSites\wtv\matchmate\people\ladie2sm.gif --> vp2.netgate.net /u1/vhome/louis/www/wtv/makeamatch/people ladie2sm.gif
