98.03.17 11:48 B C:\Louis\matchmate\village\00_tile.gif <-- content /home/content/webtv.disco/content/explore2d/programming/matchmate/village 00_tile.gif
98.03.17 11:48 B C:\Louis\matchmate\village\01_tile.gif <-- content /home/content/webtv.disco/content/explore2d/programming/matchmate/village 01_tile.gif
98.03.17 11:48 B C:\Louis\matchmate\village\02_tile.gif <-- content /home/content/webtv.disco/content/explore2d/programming/matchmate/village 02_tile.gif
98.03.17 11:48 B C:\Louis\matchmate\village\03_tile.gif <-- content /home/content/webtv.disco/content/explore2d/programming/matchmate/village 03_tile.gif
98.03.17 11:48 B C:\Louis\matchmate\village\04_tile.gif <-- content /home/content/webtv.disco/content/explore2d/programming/matchmate/village 04_tile.gif
98.03.17 11:48 B C:\Louis\matchmate\village\05_tile.gif <-- content /home/content/webtv.disco/content/explore2d/programming/matchmate/village 05_tile.gif
98.03.17 11:48 B C:\Louis\matchmate\village\06_tile.gif <-- content /home/content/webtv.disco/content/explore2d/programming/matchmate/village 06_tile.gif
98.03.17 11:48 B C:\Louis\matchmate\village\07_tile.gif <-- content /home/content/webtv.disco/content/explore2d/programming/matchmate/village 07_tile.gif
98.03.17 11:48 B C:\Louis\matchmate\village\08_tile.gif <-- content /home/content/webtv.disco/content/explore2d/programming/matchmate/village 08_tile.gif
98.03.17 11:48 B C:\Louis\matchmate\village\09_tile.gif <-- content /home/content/webtv.disco/content/explore2d/programming/matchmate/village 09_tile.gif
98.03.17 11:48 B C:\Louis\matchmate\village\10_tile.gif <-- content /home/content/webtv.disco/content/explore2d/programming/matchmate/village 10_tile.gif
98.03.17 11:48 B C:\Louis\matchmate\village\11_tile.gif <-- content /home/content/webtv.disco/content/explore2d/programming/matchmate/village 11_tile.gif
98.03.17 11:48 B C:\Louis\matchmate\village\12_tile.gif <-- content /home/content/webtv.disco/content/explore2d/programming/matchmate/village 12_tile.gif
98.03.17 11:48 B C:\Louis\matchmate\village\13_tile.gif <-- content /home/content/webtv.disco/content/explore2d/programming/matchmate/village 13_tile.gif
98.03.17 11:48 B C:\Louis\matchmate\village\14_tile.gif <-- content /home/content/webtv.disco/content/explore2d/programming/matchmate/village 14_tile.gif
98.03.17 11:48 B C:\Louis\matchmate\village\15_tile.gif <-- content /home/content/webtv.disco/content/explore2d/programming/matchmate/village 15_tile.gif
98.03.17 11:50 B C:\Louis\matchmate\village\00_tile.gif --> www.woofie.com /u1/vhome/louis/www/wtv/matchmate/village 00_tile.gif
98.03.17 11:50 B C:\Louis\matchmate\village\01_tile.gif --> www.woofie.com /u1/vhome/louis/www/wtv/matchmate/village 01_tile.gif
98.03.17 11:50 B C:\Louis\matchmate\village\02_tile.gif --> www.woofie.com /u1/vhome/louis/www/wtv/matchmate/village 02_tile.gif
98.03.17 11:50 B C:\Louis\matchmate\village\03_tile.gif --> www.woofie.com /u1/vhome/louis/www/wtv/matchmate/village 03_tile.gif
98.03.17 11:50 B C:\Louis\matchmate\village\04_tile.gif --> www.woofie.com /u1/vhome/louis/www/wtv/matchmate/village 04_tile.gif
98.03.17 11:50 B C:\Louis\matchmate\village\05_tile.gif --> www.woofie.com /u1/vhome/louis/www/wtv/matchmate/village 05_tile.gif
98.03.17 11:50 B C:\Louis\matchmate\village\06_tile.gif --> www.woofie.com /u1/vhome/louis/www/wtv/matchmate/village 06_tile.gif
98.03.17 11:50 B C:\Louis\matchmate\village\07_tile.gif --> www.woofie.com /u1/vhome/louis/www/wtv/matchmate/village 07_tile.gif
98.03.17 11:50 B C:\Louis\matchmate\village\08_tile.gif --> www.woofie.com /u1/vhome/louis/www/wtv/matchmate/village 08_tile.gif
98.03.17 11:50 B C:\Louis\matchmate\village\09_tile.gif --> www.woofie.com /u1/vhome/louis/www/wtv/matchmate/village 09_tile.gif
98.03.17 11:50 B C:\Louis\matchmate\village\10_tile.gif --> www.woofie.com /u1/vhome/louis/www/wtv/matchmate/village 10_tile.gif
98.03.17 11:50 B C:\Louis\matchmate\village\11_tile.gif --> www.woofie.com /u1/vhome/louis/www/wtv/matchmate/village 11_tile.gif
98.03.17 11:50 B C:\Louis\matchmate\village\12_tile.gif --> www.woofie.com /u1/vhome/louis/www/wtv/matchmate/village 12_tile.gif
98.03.17 11:50 B C:\Louis\matchmate\village\13_tile.gif --> www.woofie.com /u1/vhome/louis/www/wtv/matchmate/village 13_tile.gif
98.03.17 11:50 B C:\Louis\matchmate\village\14_tile.gif --> www.woofie.com /u1/vhome/louis/www/wtv/matchmate/village 14_tile.gif
98.03.17 11:50 B C:\Louis\matchmate\village\15_tile.gif --> www.woofie.com /u1/vhome/louis/www/wtv/matchmate/village 15_tile.gif
98.03.17 11:50 B C:\Louis\matchmate\village\WS_FTP.LOG --> www.woofie.com /u1/vhome/louis/www/wtv/matchmate/village WS_FTP.LOG
98.03.18 19:57 B C:\Louis\matchmate\village\0_tile.gif --> www.woofie.com /u1/vhome/louis/www/wtv/matchmate/village 0_tile.gif
98.03.18 19:57 B C:\Louis\matchmate\village\1_tile.gif --> www.woofie.com /u1/vhome/louis/www/wtv/matchmate/village 1_tile.gif
98.03.18 19:57 B C:\Louis\matchmate\village\2_tile.gif --> www.woofie.com /u1/vhome/louis/www/wtv/matchmate/village 2_tile.gif
98.03.18 19:57 B C:\Louis\matchmate\village\3_tile.gif --> www.woofie.com /u1/vhome/louis/www/wtv/matchmate/village 3_tile.gif
98.03.18 19:57 B C:\Louis\matchmate\village\4_tile.gif --> www.woofie.com /u1/vhome/louis/www/wtv/matchmate/village 4_tile.gif
98.03.18 19:57 B C:\Louis\matchmate\village\5_tile.gif --> www.woofie.com /u1/vhome/louis/www/wtv/matchmate/village 5_tile.gif
98.03.18 19:57 B C:\Louis\matchmate\village\6_tile.gif --> www.woofie.com /u1/vhome/louis/www/wtv/matchmate/village 6_tile.gif
98.03.18 19:57 B C:\Louis\matchmate\village\7_tile.gif --> www.woofie.com /u1/vhome/louis/www/wtv/matchmate/village 7_tile.gif
98.03.18 19:57 B C:\Louis\matchmate\village\8_tile.gif --> www.woofie.com /u1/vhome/louis/www/wtv/matchmate/village 8_tile.gif
98.03.18 19:57 B C:\Louis\matchmate\village\9_tile.gif --> www.woofie.com /u1/vhome/louis/www/wtv/matchmate/village 9_tile.gif
98.03.28 02:12 B C:\Louis\matchmate\village\0_tile.gif --> www.teletrex.com /webadmin/home/web1/louisr/public_html/wtv/matchmate/village 0_tile.gif
98.03.28 02:12 B C:\Louis\matchmate\village\10_tile.gif --> www.teletrex.com /webadmin/home/web1/louisr/public_html/wtv/matchmate/village 10_tile.gif
98.03.28 02:12 B C:\Louis\matchmate\village\11_tile.gif --> www.teletrex.com /webadmin/home/web1/louisr/public_html/wtv/matchmate/village 11_tile.gif
98.03.28 02:12 B C:\Louis\matchmate\village\12_tile.gif --> www.teletrex.com /webadmin/home/web1/louisr/public_html/wtv/matchmate/village 12_tile.gif
98.03.28 02:12 B C:\Louis\matchmate\village\13_tile.gif --> www.teletrex.com /webadmin/home/web1/louisr/public_html/wtv/matchmate/village 13_tile.gif
98.03.28 02:12 B C:\Louis\matchmate\village\14_tile.gif --> www.teletrex.com /webadmin/home/web1/louisr/public_html/wtv/matchmate/village 14_tile.gif
98.03.28 02:12 B C:\Louis\matchmate\village\15_tile.gif --> www.teletrex.com /webadmin/home/web1/louisr/public_html/wtv/matchmate/village 15_tile.gif
98.03.28 02:12 B C:\Louis\matchmate\village\1_tile.gif --> www.teletrex.com /webadmin/home/web1/louisr/public_html/wtv/matchmate/village 1_tile.gif
98.03.28 02:12 B C:\Louis\matchmate\village\2_tile.gif --> www.teletrex.com /webadmin/home/web1/louisr/public_html/wtv/matchmate/village 2_tile.gif
98.03.28 02:12 B C:\Louis\matchmate\village\3_tile.gif --> www.teletrex.com /webadmin/home/web1/louisr/public_html/wtv/matchmate/village 3_tile.gif
98.03.28 02:12 B C:\Louis\matchmate\village\4_tile.gif --> www.teletrex.com /webadmin/home/web1/louisr/public_html/wtv/matchmate/village 4_tile.gif
98.03.28 02:12 B C:\Louis\matchmate\village\5_tile.gif --> www.teletrex.com /webadmin/home/web1/louisr/public_html/wtv/matchmate/village 5_tile.gif
98.03.28 02:12 B C:\Louis\matchmate\village\6_tile.gif --> www.teletrex.com /webadmin/home/web1/louisr/public_html/wtv/matchmate/village 6_tile.gif
98.03.28 02:12 B C:\Louis\matchmate\village\7_tile.gif --> www.teletrex.com /webadmin/home/web1/louisr/public_html/wtv/matchmate/village 7_tile.gif
98.03.28 02:12 B C:\Louis\matchmate\village\8_tile.gif --> www.teletrex.com /webadmin/home/web1/louisr/public_html/wtv/matchmate/village 8_tile.gif
98.03.28 02:12 B C:\Louis\matchmate\village\9_tile.gif --> www.teletrex.com /webadmin/home/web1/louisr/public_html/wtv/matchmate/village 9_tile.gif
98.03.31 15:37 B C:\Louis\matchmatens\village\0_tile.gif --> www.woofie.com /u1/vhome/louis/www/matchmatens/village 0_tile.gif
98.03.31 15:37 B C:\Louis\matchmatens\village\10_tile.gif --> www.woofie.com /u1/vhome/louis/www/matchmatens/village 10_tile.gif
98.03.31 15:37 B C:\Louis\matchmatens\village\11_tile.gif --> www.woofie.com /u1/vhome/louis/www/matchmatens/village 11_tile.gif
98.03.31 15:37 B C:\Louis\matchmatens\village\12_tile.gif --> www.woofie.com /u1/vhome/louis/www/matchmatens/village 12_tile.gif
98.03.31 15:37 B C:\Louis\matchmatens\village\13_tile.gif --> www.woofie.com /u1/vhome/louis/www/matchmatens/village 13_tile.gif
98.03.31 15:37 B C:\Louis\matchmatens\village\14_tile.gif --> www.woofie.com /u1/vhome/louis/www/matchmatens/village 14_tile.gif
98.03.31 15:37 B C:\Louis\matchmatens\village\15_tile.gif --> www.woofie.com /u1/vhome/louis/www/matchmatens/village 15_tile.gif
98.03.31 15:37 B C:\Louis\matchmatens\village\1_tile.gif --> www.woofie.com /u1/vhome/louis/www/matchmatens/village 1_tile.gif
98.03.31 15:37 B C:\Louis\matchmatens\village\2_tile.gif --> www.woofie.com /u1/vhome/louis/www/matchmatens/village 2_tile.gif
98.03.31 15:37 B C:\Louis\matchmatens\village\3_tile.gif --> www.woofie.com /u1/vhome/louis/www/matchmatens/village 3_tile.gif
98.03.31 15:37 B C:\Louis\matchmatens\village\4_tile.gif --> www.woofie.com /u1/vhome/louis/www/matchmatens/village 4_tile.gif
98.03.31 15:37 B C:\Louis\matchmatens\village\5_tile.gif --> www.woofie.com /u1/vhome/louis/www/matchmatens/village 5_tile.gif
98.03.31 15:37 B C:\Louis\matchmatens\village\6_tile.gif --> www.woofie.com /u1/vhome/louis/www/matchmatens/village 6_tile.gif
98.03.31 15:37 B C:\Louis\matchmatens\village\7_tile.gif --> www.woofie.com /u1/vhome/louis/www/matchmatens/village 7_tile.gif
98.03.31 15:37 B C:\Louis\matchmatens\village\8_tile.gif --> www.woofie.com /u1/vhome/louis/www/matchmatens/village 8_tile.gif
98.03.31 15:37 B C:\Louis\matchmatens\village\9_tile.gif --> www.woofie.com /u1/vhome/louis/www/matchmatens/village 9_tile.gif
