97.03.26 20:49 B C:\newUI\sections\cg.GIF --> vp2.netgate.net /u1/vhome/louis/www/portfolio/newUI/sections cg.GIF
97.03.26 20:49 B C:\newUI\sections\ent.GIF --> vp2.netgate.net /u1/vhome/louis/www/portfolio/newUI/sections ent.GIF
97.03.26 20:49 B C:\newUI\sections\gsme.GIF --> vp2.netgate.net /u1/vhome/louis/www/portfolio/newUI/sections gsme.GIF
97.03.26 20:49 B C:\newUI\sections\home.GIF --> vp2.netgate.net /u1/vhome/louis/www/portfolio/newUI/sections home.GIF
97.03.26 20:49 B C:\newUI\sections\kid.GIF --> vp2.netgate.net /u1/vhome/louis/www/portfolio/newUI/sections kid.GIF
97.03.26 20:49 B C:\newUI\sections\life.GIF --> vp2.netgate.net /u1/vhome/louis/www/portfolio/newUI/sections life.GIF
97.03.26 20:49 B C:\newUI\sections\money.GIF --> vp2.netgate.net /u1/vhome/louis/www/portfolio/newUI/sections money.GIF
97.03.26 20:49 B C:\newUI\sections\news.GIF --> vp2.netgate.net /u1/vhome/louis/www/portfolio/newUI/sections news.GIF
97.03.26 20:49 B C:\newUI\sections\rec.GIF --> vp2.netgate.net /u1/vhome/louis/www/portfolio/newUI/sections rec.GIF
97.03.26 20:49 B C:\newUI\sections\ref.GIF --> vp2.netgate.net /u1/vhome/louis/www/portfolio/newUI/sections ref.GIF
97.03.26 20:49 B C:\newUI\sections\shop.GIF --> vp2.netgate.net /u1/vhome/louis/www/portfolio/newUI/sections shop.GIF
97.03.26 20:49 B C:\newUI\sections\sport.GIF --> vp2.netgate.net /u1/vhome/louis/www/portfolio/newUI/sections sport.GIF
97.03.26 20:49 B C:\newUI\sections\tv.GIF --> vp2.netgate.net /u1/vhome/louis/www/portfolio/newUI/sections tv.GIF
97.03.26 20:49 B C:\newUI\sections\zine.GIF --> vp2.netgate.net /u1/vhome/louis/www/portfolio/newUI/sections zine.GIF
97.03.26 21:41 B C:\newUI\sections\cg.GIF --> vp2.netgate.net /u1/vhome/louis/www/portfolio/newUI/sections cg.GIF
97.03.26 21:41 B C:\newUI\sections\ent.GIF --> vp2.netgate.net /u1/vhome/louis/www/portfolio/newUI/sections ent.GIF
97.03.26 21:41 B C:\newUI\sections\gsme.GIF --> vp2.netgate.net /u1/vhome/louis/www/portfolio/newUI/sections gsme.GIF
97.03.26 21:41 B C:\newUI\sections\home.GIF --> vp2.netgate.net /u1/vhome/louis/www/portfolio/newUI/sections home.GIF
97.03.26 21:41 B C:\newUI\sections\kid.GIF --> vp2.netgate.net /u1/vhome/louis/www/portfolio/newUI/sections kid.GIF
97.03.26 21:41 B C:\newUI\sections\life.GIF --> vp2.netgate.net /u1/vhome/louis/www/portfolio/newUI/sections life.GIF
97.03.26 21:41 B C:\newUI\sections\money.GIF --> vp2.netgate.net /u1/vhome/louis/www/portfolio/newUI/sections money.GIF
97.03.26 21:41 B C:\newUI\sections\news.GIF --> vp2.netgate.net /u1/vhome/louis/www/portfolio/newUI/sections news.GIF
97.03.26 21:41 B C:\newUI\sections\rec.GIF --> vp2.netgate.net /u1/vhome/louis/www/portfolio/newUI/sections rec.GIF
97.03.26 21:41 B C:\newUI\sections\ref.GIF --> vp2.netgate.net /u1/vhome/louis/www/portfolio/newUI/sections ref.GIF
97.03.26 21:41 B C:\newUI\sections\shop.GIF --> vp2.netgate.net /u1/vhome/louis/www/portfolio/newUI/sections shop.GIF
97.03.26 21:41 B C:\newUI\sections\sport.GIF --> vp2.netgate.net /u1/vhome/louis/www/portfolio/newUI/sections sport.GIF
97.03.26 21:41 B C:\newUI\sections\tv.GIF --> vp2.netgate.net /u1/vhome/louis/www/portfolio/newUI/sections tv.GIF
