97.03.26 20:47 B C:\newUI\Money\logos\casalogo2.gif --> vp2.netgate.net /u1/vhome/louis/www/portfolio/newUI/Money/logos casalogo2.gif
97.03.26 20:47 B C:\newUI\Money\logos\cnnfn.gif --> vp2.netgate.net /u1/vhome/louis/www/portfolio/newUI/Money/logos cnnfn.gif
97.03.26 20:47 B C:\newUI\Money\logos\etrade.gif --> vp2.netgate.net /u1/vhome/louis/www/portfolio/newUI/Money/logos etrade.gif
97.03.26 20:47 B C:\newUI\Money\logos\hbghp.gif --> vp2.netgate.net /u1/vhome/louis/www/portfolio/newUI/Money/logos hbghp.gif
97.03.26 20:47 B C:\newUI\Money\logos\hblogo_a2.gif --> vp2.netgate.net /u1/vhome/louis/www/portfolio/newUI/Money/logos hblogo_a2.gif
97.03.26 20:47 B C:\newUI\Money\logos\ibdlogo.gif --> vp2.netgate.net /u1/vhome/louis/www/portfolio/newUI/Money/logos ibdlogo.gif
97.03.26 20:47 B C:\newUI\Money\logos\lombard_logo_main.gif --> vp2.netgate.net /u1/vhome/louis/www/portfolio/newUI/Money/logos lombard_logo_main.gif
97.03.26 20:47 B C:\newUI\Money\logos\money.jpg --> vp2.netgate.net /u1/vhome/louis/www/portfolio/newUI/Money/logos money.jpg
97.03.26 20:47 B C:\newUI\Money\logos\moneymag.gif --> vp2.netgate.net /u1/vhome/louis/www/portfolio/newUI/Money/logos moneymag.gif
97.03.26 20:47 B C:\newUI\Money\logos\quotes.gif --> vp2.netgate.net /u1/vhome/louis/www/portfolio/newUI/Money/logos quotes.gif
97.03.26 20:47 B C:\newUI\Money\logos\schwab.gif --> vp2.netgate.net /u1/vhome/louis/www/portfolio/newUI/Money/logos schwab.gif
97.03.26 20:47 B C:\newUI\Money\logos\stock.gif --> vp2.netgate.net /u1/vhome/louis/www/portfolio/newUI/Money/logos stock.gif
97.03.26 20:47 B C:\newUI\Money\logos\wells.jpg --> vp2.netgate.net /u1/vhome/louis/www/portfolio/newUI/Money/logos wells.jpg
97.03.26 21:38 B C:\newUI\Money\logos\casalogo2.gif --> vp2.netgate.net /u1/vhome/louis/www/portfolio/newUI/Money/logos casalogo2.gif
97.03.26 21:38 B C:\newUI\Money\logos\cnnfn.gif --> vp2.netgate.net /u1/vhome/louis/www/portfolio/newUI/Money/logos cnnfn.gif
97.03.26 21:38 B C:\newUI\Money\logos\etrade.gif --> vp2.netgate.net /u1/vhome/louis/www/portfolio/newUI/Money/logos etrade.gif
97.03.26 21:38 B C:\newUI\Money\logos\hbghp.gif --> vp2.netgate.net /u1/vhome/louis/www/portfolio/newUI/Money/logos hbghp.gif
97.03.26 21:38 B C:\newUI\Money\logos\hblogo_a2.gif --> vp2.netgate.net /u1/vhome/louis/www/portfolio/newUI/Money/logos hblogo_a2.gif
97.03.26 21:38 B C:\newUI\Money\logos\ibdlogo.gif --> vp2.netgate.net /u1/vhome/louis/www/portfolio/newUI/Money/logos ibdlogo.gif
97.03.26 21:38 B C:\newUI\Money\logos\lombard_logo_main.gif --> vp2.netgate.net /u1/vhome/louis/www/portfolio/newUI/Money/logos lombard_logo_main.gif
97.03.26 21:38 B C:\newUI\Money\logos\money.jpg --> vp2.netgate.net /u1/vhome/louis/www/portfolio/newUI/Money/logos money.jpg
97.03.26 21:38 B C:\newUI\Money\logos\moneymag.gif --> vp2.netgate.net /u1/vhome/louis/www/portfolio/newUI/Money/logos moneymag.gif
97.03.26 21:38 B C:\newUI\Money\logos\quotes.gif --> vp2.netgate.net /u1/vhome/louis/www/portfolio/newUI/Money/logos quotes.gif
97.03.26 21:38 B C:\newUI\Money\logos\schwab.gif --> vp2.netgate.net /u1/vhome/louis/www/portfolio/newUI/Money/logos schwab.gif
97.03.26 21:38 B C:\newUI\Money\logos\stock.gif --> vp2.netgate.net /u1/vhome/louis/www/portfolio/newUI/Money/logos stock.gif
97.03.26 21:38 B C:\newUI\Money\logos\wells.jpg --> vp2.netgate.net /u1/vhome/louis/www/portfolio/newUI/Money/logos wells.jpg
