97.09.25 21:44 B C:\AWork\AWebSites\WebTVGames\makeamatch\images\ALLSTAR.GIF --> vp2.netgate.net /u1/vhome/louis/www/makeamatch/images ALLSTAR.GIF
97.09.25 21:44 B C:\AWork\AWebSites\WebTVGames\makeamatch\images\cover.gif --> vp2.netgate.net /u1/vhome/louis/www/makeamatch/images cover.gif
97.09.25 21:44 B C:\AWork\AWebSites\WebTVGames\makeamatch\images\HINT.GIF --> vp2.netgate.net /u1/vhome/louis/www/makeamatch/images HINT.GIF
97.09.25 21:44 B C:\AWork\AWebSites\WebTVGames\makeamatch\images\logo.gif --> vp2.netgate.net /u1/vhome/louis/www/makeamatch/images logo.gif
97.09.25 21:44 B C:\AWork\AWebSites\WebTVGames\makeamatch\images\PLAY.GIF --> vp2.netgate.net /u1/vhome/louis/www/makeamatch/images PLAY.GIF
97.09.25 21:44 B C:\AWork\AWebSites\WebTVGames\makeamatch\images\playagain.gif --> vp2.netgate.net /u1/vhome/louis/www/makeamatch/images playagain.gif
97.09.25 21:44 B C:\AWork\AWebSites\WebTVGames\makeamatch\images\QUIT.GIF --> vp2.netgate.net /u1/vhome/louis/www/makeamatch/images QUIT.GIF
97.09.25 21:44 B C:\AWork\AWebSites\WebTVGames\makeamatch\images\RESTART.GIF --> vp2.netgate.net /u1/vhome/louis/www/makeamatch/images RESTART.GIF
97.09.25 21:44 B C:\AWork\AWebSites\WebTVGames\makeamatch\images\SOLVE.GIF --> vp2.netgate.net /u1/vhome/louis/www/makeamatch/images SOLVE.GIF
97.09.25 21:44 B C:\AWork\AWebSites\WebTVGames\makeamatch\images\TRYAGAIN.GIF --> vp2.netgate.net /u1/vhome/louis/www/makeamatch/images TRYAGAIN.GIF
97.09.29 13:05 B C:\AWork\AWebSites\WebTVGames\makeamatch\images\ALLSTAR.GIF --> vp2.netgate.net /u1/vhome/louis/www/makeamatch/images ALLSTAR.GIF
97.09.29 13:05 B C:\AWork\AWebSites\WebTVGames\makeamatch\images\cover.gif --> vp2.netgate.net /u1/vhome/louis/www/makeamatch/images cover.gif
97.09.29 13:05 B C:\AWork\AWebSites\WebTVGames\makeamatch\images\HINT.GIF --> vp2.netgate.net /u1/vhome/louis/www/makeamatch/images HINT.GIF
97.09.29 13:05 B C:\AWork\AWebSites\WebTVGames\makeamatch\images\logo.gif --> vp2.netgate.net /u1/vhome/louis/www/makeamatch/images logo.gif
97.09.29 13:05 B C:\AWork\AWebSites\WebTVGames\makeamatch\images\PLAY.GIF --> vp2.netgate.net /u1/vhome/louis/www/makeamatch/images PLAY.GIF
97.09.29 13:05 B C:\AWork\AWebSites\WebTVGames\makeamatch\images\playagain.gif --> vp2.netgate.net /u1/vhome/louis/www/makeamatch/images playagain.gif
97.09.29 13:05 B C:\AWork\AWebSites\WebTVGames\makeamatch\images\QUIT.GIF --> vp2.netgate.net /u1/vhome/louis/www/makeamatch/images QUIT.GIF
97.09.29 13:05 B C:\AWork\AWebSites\WebTVGames\makeamatch\images\RESTART.GIF --> vp2.netgate.net /u1/vhome/louis/www/makeamatch/images RESTART.GIF
97.09.29 13:05 B C:\AWork\AWebSites\WebTVGames\makeamatch\images\SOLVE.GIF --> vp2.netgate.net /u1/vhome/louis/www/makeamatch/images SOLVE.GIF
97.09.29 13:06 B C:\AWork\AWebSites\WebTVGames\makeamatch\images\TRYAGAIN.GIF --> vp2.netgate.net /u1/vhome/louis/www/makeamatch/images TRYAGAIN.GIF
97.09.29 15:44 B D:\LouisRoehrs\makeamatch\images\WS_FTP.LOG <-- AWoofie /u1/vhome/louis/www/makeamatch/images WS_FTP.LOG
97.09.29 15:56 B D:\LouisRoehrs\makeamatch\images\ALLSTAR.GIF --> ed.webtv.net /usr/home/tpark/public_html/louis/makeamatch/images ALLSTAR.GIF
97.09.29 15:56 B D:\LouisRoehrs\makeamatch\images\cover.gif --> ed.webtv.net /usr/home/tpark/public_html/louis/makeamatch/images cover.gif
97.09.29 15:56 B D:\LouisRoehrs\makeamatch\images\HINT.GIF --> ed.webtv.net /usr/home/tpark/public_html/louis/makeamatch/images HINT.GIF
97.09.29 15:56 B D:\LouisRoehrs\makeamatch\images\logo.gif --> ed.webtv.net /usr/home/tpark/public_html/louis/makeamatch/images logo.gif
97.09.29 15:56 B D:\LouisRoehrs\makeamatch\images\PLAY.GIF --> ed.webtv.net /usr/home/tpark/public_html/louis/makeamatch/images PLAY.GIF
97.09.29 15:56 B D:\LouisRoehrs\makeamatch\images\playagain.gif --> ed.webtv.net /usr/home/tpark/public_html/louis/makeamatch/images playagain.gif
97.09.29 15:56 B D:\LouisRoehrs\makeamatch\images\QUIT.GIF --> ed.webtv.net /usr/home/tpark/public_html/louis/makeamatch/images QUIT.GIF
97.09.29 15:56 B D:\LouisRoehrs\makeamatch\images\RESTART.GIF --> ed.webtv.net /usr/home/tpark/public_html/louis/makeamatch/images RESTART.GIF
97.09.29 15:56 B D:\LouisRoehrs\makeamatch\images\SOLVE.GIF --> ed.webtv.net /usr/home/tpark/public_html/louis/makeamatch/images SOLVE.GIF
97.09.29 15:56 B D:\LouisRoehrs\makeamatch\images\TRYAGAIN.GIF --> ed.webtv.net /usr/home/tpark/public_html/louis/makeamatch/images TRYAGAIN.GIF
97.09.29 15:56 B D:\LouisRoehrs\makeamatch\images\WS_FTP.LOG --> ed.webtv.net /usr/home/tpark/public_html/louis/makeamatch/images WS_FTP.LOG
97.09.29 16:05 B D:\LouisRoehrs\makeamatch\images\allstar.gif --> ed.webtv.net /usr/home/tpark/public_html/louis/makeamatch/images allstar.gif
97.09.29 16:05 B D:\LouisRoehrs\makeamatch\images\cover.gif --> ed.webtv.net /usr/home/tpark/public_html/louis/makeamatch/images cover.gif
97.09.29 16:05 B D:\LouisRoehrs\makeamatch\images\hint.gif --> ed.webtv.net /usr/home/tpark/public_html/louis/makeamatch/images hint.gif
97.09.29 16:05 B D:\LouisRoehrs\makeamatch\images\logo.gif --> ed.webtv.net /usr/home/tpark/public_html/louis/makeamatch/images logo.gif
97.09.29 16:11 B D:\LouisRoehrs\makeamatch\images\restart.gif --> ed.webtv.net /usr/home/tpark/public_html/louis/makeamatch/images restart.gif
97.09.29 16:12 B D:\LouisRoehrs\makeamatch\images\quit.gif --> ed.webtv.net /usr/home/tpark/public_html/louis/makeamatch/images quit.gif
97.09.29 16:12 B D:\LouisRoehrs\makeamatch\images\solve.gif --> ed.webtv.net /usr/home/tpark/public_html/louis/makeamatch/images solve.gif
97.09.29 16:12 B D:\LouisRoehrs\makeamatch\images\tryagain.gif --> ed.webtv.net /usr/home/tpark/public_html/louis/makeamatch/images tryagain.gif
97.09.29 16:31 B D:\LouisRoehrs\makeamatch\images\flatcover.gif --> ed.webtv.net /usr/home/tpark/public_html/louis/makeamatch/images flatcover.gif
97.09.29 20:38 B D:\LouisRoehrs\makeamatch\images\allstar.gif --> vp2.netgate.net /u1/vhome/louis/www/makeamatch/images allstar.gif
97.09.29 20:38 B D:\LouisRoehrs\makeamatch\images\cover.gif --> vp2.netgate.net /u1/vhome/louis/www/makeamatch/images cover.gif
97.09.29 20:38 B D:\LouisRoehrs\makeamatch\images\flatcover.gif --> vp2.netgate.net /u1/vhome/louis/www/makeamatch/images flatcover.gif
97.09.29 20:38 B D:\LouisRoehrs\makeamatch\images\hint.gif --> vp2.netgate.net /u1/vhome/louis/www/makeamatch/images hint.gif
97.09.29 20:38 B D:\LouisRoehrs\makeamatch\images\logo.gif --> vp2.netgate.net /u1/vhome/louis/www/makeamatch/images logo.gif
97.09.29 20:38 B D:\LouisRoehrs\makeamatch\images\play.gif --> vp2.netgate.net /u1/vhome/louis/www/makeamatch/images play.gif
97.09.29 20:38 B D:\LouisRoehrs\makeamatch\images\playagain.gif --> vp2.netgate.net /u1/vhome/louis/www/makeamatch/images playagain.gif
97.09.29 20:38 B D:\LouisRoehrs\makeamatch\images\quit.gif --> vp2.netgate.net /u1/vhome/louis/www/makeamatch/images quit.gif
97.09.29 20:38 B D:\LouisRoehrs\makeamatch\images\restart.gif --> vp2.netgate.net /u1/vhome/louis/www/makeamatch/images restart.gif
97.09.29 20:38 B D:\LouisRoehrs\makeamatch\images\solve.gif --> vp2.netgate.net /u1/vhome/louis/www/makeamatch/images solve.gif
97.09.29 20:38 B D:\LouisRoehrs\makeamatch\images\tryagain.gif --> vp2.netgate.net /u1/vhome/louis/www/makeamatch/images tryagain.gif
