97.09.29 15:44 B D:\LouisRoehrs\makeamatch\sounds\BELL.MP2 <-- AWoofie /u1/vhome/louis/www/makeamatch/sounds BELL.MP2
97.09.29 15:45 B D:\LouisRoehrs\makeamatch\sounds\BUZZER.AIF <-- AWoofie /u1/vhome/louis/www/makeamatch/sounds BUZZER.AIF
97.09.29 15:57 B D:\LouisRoehrs\makeamatch\sounds\BELL.MP2 --> ed.webtv.net /usr/home/tpark/public_html/louis/makeamatch/sounds BELL.MP2
97.09.29 15:57 B D:\LouisRoehrs\makeamatch\sounds\BUZZER.AIF --> ed.webtv.net /usr/home/tpark/public_html/louis/makeamatch/sounds BUZZER.AIF
97.09.29 15:57 B D:\LouisRoehrs\makeamatch\sounds\kidstheme8.mid --> ed.webtv.net /usr/home/tpark/public_html/louis/makeamatch/sounds kidstheme8.mid
97.09.29 15:57 B D:\LouisRoehrs\makeamatch\sounds\WHOOSH.MP2 --> ed.webtv.net /usr/home/tpark/public_html/louis/makeamatch/sounds WHOOSH.MP2
97.09.29 15:57 B D:\LouisRoehrs\makeamatch\sounds\WS_FTP.LOG --> ed.webtv.net /usr/home/tpark/public_html/louis/makeamatch/sounds WS_FTP.LOG
97.09.29 20:38 B D:\LouisRoehrs\makeamatch\sounds\BELL.MP2 --> vp2.netgate.net /u1/vhome/louis/www/makeamatch/sounds BELL.MP2
97.09.29 20:39 B D:\LouisRoehrs\makeamatch\sounds\BUZZER.AIF --> vp2.netgate.net /u1/vhome/louis/www/makeamatch/sounds BUZZER.AIF
97.09.29 20:39 B D:\LouisRoehrs\makeamatch\sounds\kidstheme8.mid --> vp2.netgate.net /u1/vhome/louis/www/makeamatch/sounds kidstheme8.mid
97.09.29 20:39 B D:\LouisRoehrs\makeamatch\sounds\WHOOSH.MP2 --> vp2.netgate.net /u1/vhome/louis/www/makeamatch/sounds WHOOSH.MP2
97.09.29 20:39 B D:\LouisRoehrs\makeamatch\sounds\WS_FTP.LOG --> vp2.netgate.net /u1/vhome/louis/www/makeamatch/sounds WS_FTP.LOG
97.10.01 20:17 B D:\LouisRoehrs\makeamatch\sounds\bell.mp2 --> ed.webtv.net /usr/home/tpark/public_html/louis/makeamatch/sounds bell.mp2
97.10.01 20:17 B D:\LouisRoehrs\makeamatch\sounds\buzzer.aif --> ed.webtv.net /usr/home/tpark/public_html/louis/makeamatch/sounds buzzer.aif
97.10.01 20:18 B D:\LouisRoehrs\makeamatch\sounds\whoosh.mp2 --> ed.webtv.net /usr/home/tpark/public_html/louis/makeamatch/sounds whoosh.mp2
97.10.02 09:53 B D:\LouisRoehrs\makeamatch\sounds\buzz.mid --> ed.webtv.net /usr/home/tpark/public_html/louis/makeamatch/sounds buzz.mid
97.10.02 09:53 B D:\LouisRoehrs\makeamatch\sounds\littsong.mid --> ed.webtv.net /usr/home/tpark/public_html/louis/makeamatch/sounds littsong.mid
97.10.02 10:37 B D:\LouisRoehrs\makeamatch\sounds\buzz.mid --> ed.webtv.net /usr/home/tpark/public_html/louis/makeamatch/sounds buzz.mid
97.10.02 21:32 B D:\LouisRoehrs\makeamatch\sounds\bell.mp2 --> ed.webtv.net /usr/home/tpark/public_html/louis/makeamatch/sounds bell.mp2
97.10.02 21:33 B D:\LouisRoehrs\makeamatch\sounds\bell.mp2 --> ed.webtv.net /usr/home/tpark/public_html/louis/makeamatch/sounds bell.mp2
97.10.02 22:21 B D:\LouisRoehrs\makeamatch\sounds\newsong.mid --> ed.webtv.net /usr/home/tpark/public_html/louis/makeamatch/sounds newsong.mid
97.10.02 22:22 B D:\LouisRoehrs\makeamatch\sounds\newbell.mid --> ed.webtv.net /usr/home/tpark/public_html/louis/makeamatch/sounds newbell.mid
97.10.02 22:26 B D:\LouisRoehrs\makeamatch\sounds\newbell.mid --> ed.webtv.net /usr/home/tpark/public_html/louis/makeamatch/sounds newbell.mid
97.10.02 22:29 B D:\LouisRoehrs\makeamatch\sounds\ding.wav --> ed.webtv.net /usr/home/tpark/public_html/louis/makeamatch/sounds ding.wav
97.10.02 22:34 B D:\LouisRoehrs\makeamatch\sounds\newbell.mid --> ed.webtv.net /usr/home/tpark/public_html/louis/makeamatch/sounds newbell.mid
97.10.02 22:34 B D:\LouisRoehrs\makeamatch\sounds\newbell.mid --> ed.webtv.net /usr/home/tpark/public_html/louis/makeamatch/sounds newbell.mid
97.10.02 22:45 B D:\LouisRoehrs\makeamatch\sounds\newbell2.mid --> ed.webtv.net /usr/home/tpark/public_html/louis/makeamatch/sounds newbell2.mid
97.10.02 23:00 B D:\LouisRoehrs\makeamatch\sounds\newbell3.mid --> ed.webtv.net /usr/home/tpark/public_html/louis/makeamatch/sounds newbell3.mid
97.10.07 18:01 B D:\LouisRoehrs\makeamatch\sounds\kidstheme8.zip --> ed.webtv.net /usr/home/tpark/public_html/louis/makeamatch kidstheme8.zip
97.10.07 18:01 B D:\LouisRoehrs\makeamatch\sounds\kidstheme8.zip --> ed.webtv.net /usr/home/tpark/public_html/louis/makeamatch/sounds kidstheme8.zip
97.10.13 12:43 B D:\LouisRoehrs\tetris\sounds\bell.mp2 --> vp2.netgate.net /u1/vhome/louis/www/wtv/tetris/sounds bell.mp2
97.10.13 12:43 B D:\LouisRoehrs\tetris\sounds\bothtone.mid --> vp2.netgate.net /u1/vhome/louis/www/wtv/tetris/sounds bothtone.mid
97.10.13 12:43 B D:\LouisRoehrs\tetris\sounds\buzz.mid --> vp2.netgate.net /u1/vhome/louis/www/wtv/tetris/sounds buzz.mid
97.10.13 12:43 B D:\LouisRoehrs\tetris\sounds\buzz2.mid --> vp2.netgate.net /u1/vhome/louis/www/wtv/tetris/sounds buzz2.mid
97.10.13 12:43 B D:\LouisRoehrs\tetris\sounds\buzzer.aif --> vp2.netgate.net /u1/vhome/louis/www/wtv/tetris/sounds buzzer.aif
97.10.13 12:43 B D:\LouisRoehrs\tetris\sounds\ding.wav --> vp2.netgate.net /u1/vhome/louis/www/wtv/tetris/sounds ding.wav
97.10.13 12:43 B D:\LouisRoehrs\tetris\sounds\kidstheme8.mid --> vp2.netgate.net /u1/vhome/louis/www/wtv/tetris/sounds kidstheme8.mid
97.10.13 12:43 B D:\LouisRoehrs\tetris\sounds\kidstheme8.zip --> vp2.netgate.net /u1/vhome/louis/www/wtv/tetris/sounds kidstheme8.zip
97.10.13 12:43 B D:\LouisRoehrs\tetris\sounds\littsong.mid --> vp2.netgate.net /u1/vhome/louis/www/wtv/tetris/sounds littsong.mid
97.10.13 12:43 B D:\LouisRoehrs\tetris\sounds\newbell.mid --> vp2.netgate.net /u1/vhome/louis/www/wtv/tetris/sounds newbell.mid
97.10.13 12:43 B D:\LouisRoehrs\tetris\sounds\newbell2.mid --> vp2.netgate.net /u1/vhome/louis/www/wtv/tetris/sounds newbell2.mid
97.10.13 12:43 B D:\LouisRoehrs\tetris\sounds\newbell3.mid --> vp2.netgate.net /u1/vhome/louis/www/wtv/tetris/sounds newbell3.mid
97.10.13 12:43 B D:\LouisRoehrs\tetris\sounds\newsong.mid --> vp2.netgate.net /u1/vhome/louis/www/wtv/tetris/sounds newsong.mid
97.10.13 12:43 B D:\LouisRoehrs\tetris\sounds\whoosh.mp2 --> vp2.netgate.net /u1/vhome/louis/www/wtv/tetris/sounds whoosh.mp2
97.10.13 12:43 B D:\LouisRoehrs\tetris\sounds\WS_FTP.LOG --> vp2.netgate.net /u1/vhome/louis/www/wtv/tetris/sounds WS_FTP.LOG
97.10.21 20:07 B D:\LouisRoehrs\tetris\sounds\bell.mp2 --> vp2.netgate.net /u1/vhome/louis/www/wtv/tetris/sounds bell.mp2
97.10.21 20:07 B D:\LouisRoehrs\tetris\sounds\bothtone.mid --> vp2.netgate.net /u1/vhome/louis/www/wtv/tetris/sounds bothtone.mid
97.10.21 20:07 B D:\LouisRoehrs\tetris\sounds\buzz.mid --> vp2.netgate.net /u1/vhome/louis/www/wtv/tetris/sounds buzz.mid
97.10.21 20:07 B D:\LouisRoehrs\tetris\sounds\buzz2.mid --> vp2.netgate.net /u1/vhome/louis/www/wtv/tetris/sounds buzz2.mid
97.10.21 20:07 B D:\LouisRoehrs\tetris\sounds\buzzer.aif --> vp2.netgate.net /u1/vhome/louis/www/wtv/tetris/sounds buzzer.aif
97.10.21 20:07 B D:\LouisRoehrs\tetris\sounds\ding.wav --> vp2.netgate.net /u1/vhome/louis/www/wtv/tetris/sounds ding.wav
97.10.21 20:07 B D:\LouisRoehrs\tetris\sounds\kidstheme8.mid --> vp2.netgate.net /u1/vhome/louis/www/wtv/tetris/sounds kidstheme8.mid
97.10.21 20:07 B D:\LouisRoehrs\tetris\sounds\kidstheme8.zip --> vp2.netgate.net /u1/vhome/louis/www/wtv/tetris/sounds kidstheme8.zip
97.10.21 20:07 B D:\LouisRoehrs\tetris\sounds\littsong.mid --> vp2.netgate.net /u1/vhome/louis/www/wtv/tetris/sounds littsong.mid
97.10.21 20:07 B D:\LouisRoehrs\tetris\sounds\newbell.mid --> vp2.netgate.net /u1/vhome/louis/www/wtv/tetris/sounds newbell.mid
97.10.21 20:07 B D:\LouisRoehrs\tetris\sounds\newbell2.mid --> vp2.netgate.net /u1/vhome/louis/www/wtv/tetris/sounds newbell2.mid
97.10.21 20:07 B D:\LouisRoehrs\tetris\sounds\newbell3.mid --> vp2.netgate.net /u1/vhome/louis/www/wtv/tetris/sounds newbell3.mid
97.10.21 20:07 B D:\LouisRoehrs\tetris\sounds\newsong.mid --> vp2.netgate.net /u1/vhome/louis/www/wtv/tetris/sounds newsong.mid
97.10.21 20:07 B D:\LouisRoehrs\tetris\sounds\whoosh.mp2 --> vp2.netgate.net /u1/vhome/louis/www/wtv/tetris/sounds whoosh.mp2
97.10.21 20:07 B D:\LouisRoehrs\tetris\sounds\WS_FTP.LOG --> vp2.netgate.net /u1/vhome/louis/www/wtv/tetris/sounds WS_FTP.LOG
97.10.24 18:42 B D:\LouisRoehrs\tetris\sounds\bell.mp2 --> vp2.netgate.net /u1/vhome/louis/www/wtv/tetris/sounds bell.mp2
97.10.24 18:42 B D:\LouisRoehrs\tetris\sounds\bothtone.mid --> vp2.netgate.net /u1/vhome/louis/www/wtv/tetris/sounds bothtone.mid
97.10.24 18:42 B D:\LouisRoehrs\tetris\sounds\buzz.mid --> vp2.netgate.net /u1/vhome/louis/www/wtv/tetris/sounds buzz.mid
97.10.24 18:42 B D:\LouisRoehrs\tetris\sounds\buzz2.mid --> vp2.netgate.net /u1/vhome/louis/www/wtv/tetris/sounds buzz2.mid
97.10.24 18:42 B D:\LouisRoehrs\tetris\sounds\buzzer.aif --> vp2.netgate.net /u1/vhome/louis/www/wtv/tetris/sounds buzzer.aif
97.10.24 18:42 B D:\LouisRoehrs\tetris\sounds\ding.wav --> vp2.netgate.net /u1/vhome/louis/www/wtv/tetris/sounds ding.wav
97.10.24 18:42 B D:\LouisRoehrs\tetris\sounds\kidstheme8.mid --> vp2.netgate.net /u1/vhome/louis/www/wtv/tetris/sounds kidstheme8.mid
97.10.24 18:42 B D:\LouisRoehrs\tetris\sounds\kidstheme8.zip --> vp2.netgate.net /u1/vhome/louis/www/wtv/tetris/sounds kidstheme8.zip
97.10.24 18:42 B D:\LouisRoehrs\tetris\sounds\littsong.mid --> vp2.netgate.net /u1/vhome/louis/www/wtv/tetris/sounds littsong.mid
97.10.24 18:42 B D:\LouisRoehrs\tetris\sounds\newbell.mid --> vp2.netgate.net /u1/vhome/louis/www/wtv/tetris/sounds newbell.mid
97.10.24 18:42 B D:\LouisRoehrs\tetris\sounds\newbell2.mid --> vp2.netgate.net /u1/vhome/louis/www/wtv/tetris/sounds newbell2.mid
97.10.24 18:42 B D:\LouisRoehrs\tetris\sounds\newbell3.mid --> vp2.netgate.net /u1/vhome/louis/www/wtv/tetris/sounds newbell3.mid
97.10.24 18:42 B D:\LouisRoehrs\tetris\sounds\newsong.mid --> vp2.netgate.net /u1/vhome/louis/www/wtv/tetris/sounds newsong.mid
97.10.24 18:42 B D:\LouisRoehrs\tetris\sounds\whoosh.mp2 --> vp2.netgate.net /u1/vhome/louis/www/wtv/tetris/sounds whoosh.mp2
