97.03.26 20:45 B C:\newUI\Entertainment\777film.gif --> vp2.netgate.net /u1/vhome/louis/www/portfolio/newUI/Entertainment 777film.gif
97.03.26 20:45 B C:\newUI\Entertainment\bg.jpg --> vp2.netgate.net /u1/vhome/louis/www/portfolio/newUI/Entertainment bg.jpg
97.03.26 20:45 B C:\newUI\Entertainment\control.html --> vp2.netgate.net /u1/vhome/louis/www/portfolio/newUI/Entertainment control.html
97.03.26 20:45 B C:\newUI\Entertainment\dining.html --> vp2.netgate.net /u1/vhome/louis/www/portfolio/newUI/Entertainment dining.html
97.03.26 20:45 B C:\newUI\Entertainment\diningbg.jpg --> vp2.netgate.net /u1/vhome/louis/www/portfolio/newUI/Entertainment diningbg.jpg
97.03.26 20:45 B C:\newUI\Entertainment\magazines.html --> vp2.netgate.net /u1/vhome/louis/www/portfolio/newUI/Entertainment magazines.html
97.03.26 20:45 B C:\newUI\Entertainment\magbg.jpg --> vp2.netgate.net /u1/vhome/louis/www/portfolio/newUI/Entertainment magbg.jpg
97.03.26 20:45 B C:\newUI\Entertainment\music.html --> vp2.netgate.net /u1/vhome/louis/www/portfolio/newUI/Entertainment music.html
97.03.26 20:45 B C:\newUI\Entertainment\Take_five.mid --> vp2.netgate.net /u1/vhome/louis/www/portfolio/newUI/Entertainment Take_five.mid
97.03.26 20:45 B C:\newUI\Entertainment\theaters.html --> vp2.netgate.net /u1/vhome/louis/www/portfolio/newUI/Entertainment theaters.html
97.03.26 20:45 B C:\newUI\Entertainment\wrapper.html --> vp2.netgate.net /u1/vhome/louis/www/portfolio/newUI/Entertainment wrapper.html
97.03.26 21:36 B C:\newUI\Entertainment\777film.gif --> vp2.netgate.net /u1/vhome/louis/www/portfolio/newUI/Entertainment 777film.gif
97.03.26 21:36 B C:\newUI\Entertainment\bg.jpg --> vp2.netgate.net /u1/vhome/louis/www/portfolio/newUI/Entertainment bg.jpg
97.03.26 21:36 B C:\newUI\Entertainment\control.html --> vp2.netgate.net /u1/vhome/louis/www/portfolio/newUI/Entertainment control.html
97.03.26 21:36 B C:\newUI\Entertainment\dining.html --> vp2.netgate.net /u1/vhome/louis/www/portfolio/newUI/Entertainment dining.html
97.03.26 21:36 B C:\newUI\Entertainment\diningbg.jpg --> vp2.netgate.net /u1/vhome/louis/www/portfolio/newUI/Entertainment diningbg.jpg
97.03.26 21:36 B C:\newUI\Entertainment\magazines.html --> vp2.netgate.net /u1/vhome/louis/www/portfolio/newUI/Entertainment magazines.html
97.03.26 21:36 B C:\newUI\Entertainment\magbg.jpg --> vp2.netgate.net /u1/vhome/louis/www/portfolio/newUI/Entertainment magbg.jpg
97.03.26 21:36 B C:\newUI\Entertainment\music.html --> vp2.netgate.net /u1/vhome/louis/www/portfolio/newUI/Entertainment music.html
97.03.26 21:36 B C:\newUI\Entertainment\Take_five.mid --> vp2.netgate.net /u1/vhome/louis/www/portfolio/newUI/Entertainment Take_five.mid
97.03.26 21:36 B C:\newUI\Entertainment\theaters.html --> vp2.netgate.net /u1/vhome/louis/www/portfolio/newUI/Entertainment theaters.html
97.03.26 21:36 B C:\newUI\Entertainment\wrapper.html --> vp2.netgate.net /u1/vhome/louis/www/portfolio/newUI/Entertainment wrapper.html
