98.04.03 18:44 B C:\Louis\aspacerace\images\continuebutton.gif <-- woofie /u1/vhome/louis/www/wtv/aspacerace/images continuebutton.gif
98.04.03 18:44 B C:\Louis\aspacerace\images\giganta.gif <-- woofie /u1/vhome/louis/www/wtv/aspacerace/images giganta.gif
98.04.03 18:44 B C:\Louis\aspacerace\images\gigantaplanet.jpg <-- woofie /u1/vhome/louis/www/wtv/aspacerace/images gigantaplanet.jpg
98.04.03 18:44 B C:\Louis\aspacerace\images\newgamebutton.gif <-- woofie /u1/vhome/louis/www/wtv/aspacerace/images newgamebutton.gif
98.04.03 18:44 B C:\Louis\aspacerace\images\o2.gif <-- woofie /u1/vhome/louis/www/wtv/aspacerace/images o2.gif
98.04.03 18:44 B C:\Louis\aspacerace\images\o2grid.gif <-- woofie /u1/vhome/louis/www/wtv/aspacerace/images o2grid.gif
98.04.03 18:44 B C:\Louis\aspacerace\images\o2tank.gif <-- woofie /u1/vhome/louis/www/wtv/aspacerace/images o2tank.gif
98.04.03 18:44 B C:\Louis\aspacerace\images\part0.gif <-- woofie /u1/vhome/louis/www/wtv/aspacerace/images part0.gif
98.04.03 18:44 B C:\Louis\aspacerace\images\part1.gif <-- woofie /u1/vhome/louis/www/wtv/aspacerace/images part1.gif
98.04.03 18:44 B C:\Louis\aspacerace\images\part10.gif <-- woofie /u1/vhome/louis/www/wtv/aspacerace/images part10.gif
98.04.03 18:44 B C:\Louis\aspacerace\images\part11.gif <-- woofie /u1/vhome/louis/www/wtv/aspacerace/images part11.gif
98.04.03 18:44 B C:\Louis\aspacerace\images\part12.gif <-- woofie /u1/vhome/louis/www/wtv/aspacerace/images part12.gif
98.04.03 18:44 B C:\Louis\aspacerace\images\part13.gif <-- woofie /u1/vhome/louis/www/wtv/aspacerace/images part13.gif
98.04.03 18:44 B C:\Louis\aspacerace\images\part14.gif <-- woofie /u1/vhome/louis/www/wtv/aspacerace/images part14.gif
98.04.03 18:44 B C:\Louis\aspacerace\images\part15.gif <-- woofie /u1/vhome/louis/www/wtv/aspacerace/images part15.gif
98.04.03 18:44 B C:\Louis\aspacerace\images\part2.gif <-- woofie /u1/vhome/louis/www/wtv/aspacerace/images part2.gif
98.04.03 18:44 B C:\Louis\aspacerace\images\part3.gif <-- woofie /u1/vhome/louis/www/wtv/aspacerace/images part3.gif
98.04.03 18:44 B C:\Louis\aspacerace\images\part4.gif <-- woofie /u1/vhome/louis/www/wtv/aspacerace/images part4.gif
98.04.03 18:44 B C:\Louis\aspacerace\images\part5.gif <-- woofie /u1/vhome/louis/www/wtv/aspacerace/images part5.gif
98.04.03 18:44 B C:\Louis\aspacerace\images\part6.gif <-- woofie /u1/vhome/louis/www/wtv/aspacerace/images part6.gif
98.04.03 18:44 B C:\Louis\aspacerace\images\part7.gif <-- woofie /u1/vhome/louis/www/wtv/aspacerace/images part7.gif
98.04.03 18:44 B C:\Louis\aspacerace\images\part8.gif <-- woofie /u1/vhome/louis/www/wtv/aspacerace/images part8.gif
98.04.03 18:44 B C:\Louis\aspacerace\images\part9.gif <-- woofie /u1/vhome/louis/www/wtv/aspacerace/images part9.gif
98.04.03 18:44 B C:\Louis\aspacerace\images\peeweeca.gif <-- woofie /u1/vhome/louis/www/wtv/aspacerace/images peeweeca.gif
98.04.03 18:44 B C:\Louis\aspacerace\images\peeweecaplanet.jpg <-- woofie /u1/vhome/louis/www/wtv/aspacerace/images peeweecaplanet.jpg
98.04.03 18:44 B C:\Louis\aspacerace\images\pickplanet.gif <-- woofie /u1/vhome/louis/www/wtv/aspacerace/images pickplanet.gif
98.04.03 18:45 B C:\Louis\aspacerace\images\playbutton.gif <-- woofie /u1/vhome/louis/www/wtv/aspacerace/images playbutton.gif
98.04.03 18:45 B C:\Louis\aspacerace\images\quitbutton.gif <-- woofie /u1/vhome/louis/www/wtv/aspacerace/images quitbutton.gif
98.04.03 18:45 B C:\Louis\aspacerace\images\rule.gif <-- woofie /u1/vhome/louis/www/wtv/aspacerace/images rule.gif
98.04.03 18:45 B C:\Louis\aspacerace\images\rulesback.jpg <-- woofie /u1/vhome/louis/www/wtv/aspacerace/images rulesback.jpg
98.04.03 18:45 B C:\Louis\aspacerace\images\rulesback1.jpg <-- woofie /u1/vhome/louis/www/wtv/aspacerace/images rulesback1.jpg
98.04.03 18:45 B C:\Louis\aspacerace\images\rulesback2.jpg <-- woofie /u1/vhome/louis/www/wtv/aspacerace/images rulesback2.jpg
98.04.03 18:45 B C:\Louis\aspacerace\images\rulesback3.jpg <-- woofie /u1/vhome/louis/www/wtv/aspacerace/images rulesback3.jpg
98.04.03 18:45 B C:\Louis\aspacerace\images\spaceracelogo.gif <-- woofie /u1/vhome/louis/www/wtv/aspacerace/images spaceracelogo.gif
98.04.03 18:45 B C:\Louis\aspacerace\images\spaceship.gif <-- woofie /u1/vhome/louis/www/wtv/aspacerace/images spaceship.gif
98.04.03 18:45 B C:\Louis\aspacerace\images\tipsbutton.gif <-- woofie /u1/vhome/louis/www/wtv/aspacerace/images tipsbutton.gif
98.04.03 19:36 B C:\Louis\aspacerace\images\continuebutton.gif --> www.woofie.com /u1/vhome/louis/www/wtv/aspacerace/images continuebutton.gif
98.04.03 19:36 B C:\Louis\aspacerace\images\giganta.gif --> www.woofie.com /u1/vhome/louis/www/wtv/aspacerace/images giganta.gif
98.04.03 19:36 B C:\Louis\aspacerace\images\gigantaplanet.jpg --> www.woofie.com /u1/vhome/louis/www/wtv/aspacerace/images gigantaplanet.jpg
98.04.03 19:36 B C:\Louis\aspacerace\images\newgamebutton.gif --> www.woofie.com /u1/vhome/louis/www/wtv/aspacerace/images newgamebutton.gif
98.04.03 19:36 B C:\Louis\aspacerace\images\o2.gif --> www.woofie.com /u1/vhome/louis/www/wtv/aspacerace/images o2.gif
98.04.03 19:36 B C:\Louis\aspacerace\images\o2grid.gif --> www.woofie.com /u1/vhome/louis/www/wtv/aspacerace/images o2grid.gif
98.04.03 19:36 B C:\Louis\aspacerace\images\o2tank.gif --> www.woofie.com /u1/vhome/louis/www/wtv/aspacerace/images o2tank.gif
98.04.03 19:36 B C:\Louis\aspacerace\images\part0.gif --> www.woofie.com /u1/vhome/louis/www/wtv/aspacerace/images part0.gif
98.04.03 19:36 B C:\Louis\aspacerace\images\part1.gif --> www.woofie.com /u1/vhome/louis/www/wtv/aspacerace/images part1.gif
98.04.03 19:36 B C:\Louis\aspacerace\images\part10.gif --> www.woofie.com /u1/vhome/louis/www/wtv/aspacerace/images part10.gif
98.04.03 19:36 B C:\Louis\aspacerace\images\part11.gif --> www.woofie.com /u1/vhome/louis/www/wtv/aspacerace/images part11.gif
98.04.03 19:36 B C:\Louis\aspacerace\images\part12.gif --> www.woofie.com /u1/vhome/louis/www/wtv/aspacerace/images part12.gif
98.04.03 19:36 B C:\Louis\aspacerace\images\part13.gif --> www.woofie.com /u1/vhome/louis/www/wtv/aspacerace/images part13.gif
98.04.03 19:36 B C:\Louis\aspacerace\images\part14.gif --> www.woofie.com /u1/vhome/louis/www/wtv/aspacerace/images part14.gif
98.04.03 19:36 B C:\Louis\aspacerace\images\part15.gif --> www.woofie.com /u1/vhome/louis/www/wtv/aspacerace/images part15.gif
98.04.03 19:36 B C:\Louis\aspacerace\images\part2.gif --> www.woofie.com /u1/vhome/louis/www/wtv/aspacerace/images part2.gif
98.04.03 19:36 B C:\Louis\aspacerace\images\part3.gif --> www.woofie.com /u1/vhome/louis/www/wtv/aspacerace/images part3.gif
98.04.03 19:36 B C:\Louis\aspacerace\images\part4.gif --> www.woofie.com /u1/vhome/louis/www/wtv/aspacerace/images part4.gif
98.04.03 19:36 B C:\Louis\aspacerace\images\part5.gif --> www.woofie.com /u1/vhome/louis/www/wtv/aspacerace/images part5.gif
98.04.03 19:36 B C:\Louis\aspacerace\images\part6.gif --> www.woofie.com /u1/vhome/louis/www/wtv/aspacerace/images part6.gif
98.04.03 19:36 B C:\Louis\aspacerace\images\part7.gif --> www.woofie.com /u1/vhome/louis/www/wtv/aspacerace/images part7.gif
98.04.03 19:36 B C:\Louis\aspacerace\images\part8.gif --> www.woofie.com /u1/vhome/louis/www/wtv/aspacerace/images part8.gif
98.04.03 19:36 B C:\Louis\aspacerace\images\part9.gif --> www.woofie.com /u1/vhome/louis/www/wtv/aspacerace/images part9.gif
98.04.03 19:36 B C:\Louis\aspacerace\images\peeweeca.gif --> www.woofie.com /u1/vhome/louis/www/wtv/aspacerace/images peeweeca.gif
98.04.03 19:36 B C:\Louis\aspacerace\images\peeweecaplanet.jpg --> www.woofie.com /u1/vhome/louis/www/wtv/aspacerace/images peeweecaplanet.jpg
98.04.03 19:36 B C:\Louis\aspacerace\images\pickplanet.gif --> www.woofie.com /u1/vhome/louis/www/wtv/aspacerace/images pickplanet.gif
98.04.03 19:36 B C:\Louis\aspacerace\images\playbutton.gif --> www.woofie.com /u1/vhome/louis/www/wtv/aspacerace/images playbutton.gif
98.04.03 19:36 B C:\Louis\aspacerace\images\quitbutton.gif --> www.woofie.com /u1/vhome/louis/www/wtv/aspacerace/images quitbutton.gif
98.04.03 19:36 B C:\Louis\aspacerace\images\rule.gif --> www.woofie.com /u1/vhome/louis/www/wtv/aspacerace/images rule.gif
98.04.03 19:36 B C:\Louis\aspacerace\images\rulesback.jpg --> www.woofie.com /u1/vhome/louis/www/wtv/aspacerace/images rulesback.jpg
98.04.03 19:36 B C:\Louis\aspacerace\images\rulesback1.jpg --> www.woofie.com /u1/vhome/louis/www/wtv/aspacerace/images rulesback1.jpg
98.04.03 19:36 B C:\Louis\aspacerace\images\rulesback2.jpg --> www.woofie.com /u1/vhome/louis/www/wtv/aspacerace/images rulesback2.jpg
98.04.03 19:36 B C:\Louis\aspacerace\images\rulesback3.jpg --> www.woofie.com /u1/vhome/louis/www/wtv/aspacerace/images rulesback3.jpg
98.04.03 19:36 B C:\Louis\aspacerace\images\spacer.gif --> www.woofie.com /u1/vhome/louis/www/wtv/aspacerace/images spacer.gif
98.04.03 19:36 B C:\Louis\aspacerace\images\spaceracelogo.gif --> www.woofie.com /u1/vhome/louis/www/wtv/aspacerace/images spaceracelogo.gif
98.04.03 19:36 B C:\Louis\aspacerace\images\spaceship.gif --> www.woofie.com /u1/vhome/louis/www/wtv/aspacerace/images spaceship.gif
98.04.03 19:36 B C:\Louis\aspacerace\images\tipsbutton.gif --> www.woofie.com /u1/vhome/louis/www/wtv/aspacerace/images tipsbutton.gif
