98.03.17 11:48 B C:\Louis\matchmate\matches\cat1.jpg <-- content /home/content/webtv.disco/content/explore2d/programming/matchmate/matches cat1.jpg
98.03.17 11:48 B C:\Louis\matchmate\matches\cat2.jpg <-- content /home/content/webtv.disco/content/explore2d/programming/matchmate/matches cat2.jpg
98.03.17 11:48 B C:\Louis\matchmate\matches\cat3.jpg <-- content /home/content/webtv.disco/content/explore2d/programming/matchmate/matches cat3.jpg
98.03.17 11:48 B C:\Louis\matchmate\matches\cat4.jpg <-- content /home/content/webtv.disco/content/explore2d/programming/matchmate/matches cat4.jpg
98.03.17 11:48 B C:\Louis\matchmate\matches\dog1.jpg <-- content /home/content/webtv.disco/content/explore2d/programming/matchmate/matches dog1.jpg
98.03.17 11:48 B C:\Louis\matchmate\matches\dog2.jpg <-- content /home/content/webtv.disco/content/explore2d/programming/matchmate/matches dog2.jpg
98.03.17 11:48 B C:\Louis\matchmate\matches\dog3.jpg <-- content /home/content/webtv.disco/content/explore2d/programming/matchmate/matches dog3.jpg
98.03.17 11:48 B C:\Louis\matchmate\matches\dog4.jpg <-- content /home/content/webtv.disco/content/explore2d/programming/matchmate/matches dog4.jpg
98.03.17 11:48 B C:\Louis\matchmate\matches\frog1.jpg <-- content /home/content/webtv.disco/content/explore2d/programming/matchmate/matches frog1.jpg
98.03.17 11:48 B C:\Louis\matchmate\matches\frog2.jpg <-- content /home/content/webtv.disco/content/explore2d/programming/matchmate/matches frog2.jpg
98.03.17 11:48 B C:\Louis\matchmate\matches\frog3.jpg <-- content /home/content/webtv.disco/content/explore2d/programming/matchmate/matches frog3.jpg
98.03.17 11:48 B C:\Louis\matchmate\matches\frog4.jpg <-- content /home/content/webtv.disco/content/explore2d/programming/matchmate/matches frog4.jpg
98.03.17 11:48 B C:\Louis\matchmate\matches\hat1.jpg <-- content /home/content/webtv.disco/content/explore2d/programming/matchmate/matches hat1.jpg
98.03.17 11:48 B C:\Louis\matchmate\matches\hat2.jpg <-- content /home/content/webtv.disco/content/explore2d/programming/matchmate/matches hat2.jpg
98.03.17 11:48 B C:\Louis\matchmate\matches\hat3.jpg <-- content /home/content/webtv.disco/content/explore2d/programming/matchmate/matches hat3.jpg
98.03.17 11:48 B C:\Louis\matchmate\matches\hat4.jpg <-- content /home/content/webtv.disco/content/explore2d/programming/matchmate/matches hat4.jpg
98.03.17 11:48 B C:\Louis\matchmate\matches\hog1.jpg <-- content /home/content/webtv.disco/content/explore2d/programming/matchmate/matches hog1.jpg
98.03.17 11:48 B C:\Louis\matchmate\matches\hog2.jpg <-- content /home/content/webtv.disco/content/explore2d/programming/matchmate/matches hog2.jpg
98.03.17 11:48 B C:\Louis\matchmate\matches\hog3.jpg <-- content /home/content/webtv.disco/content/explore2d/programming/matchmate/matches hog3.jpg
98.03.17 11:48 B C:\Louis\matchmate\matches\hog4.jpg <-- content /home/content/webtv.disco/content/explore2d/programming/matchmate/matches hog4.jpg
98.03.17 11:48 B C:\Louis\matchmate\matches\pot1.jpg <-- content /home/content/webtv.disco/content/explore2d/programming/matchmate/matches pot1.jpg
98.03.17 11:48 B C:\Louis\matchmate\matches\pot2.jpg <-- content /home/content/webtv.disco/content/explore2d/programming/matchmate/matches pot2.jpg
98.03.17 11:48 B C:\Louis\matchmate\matches\pot3.jpg <-- content /home/content/webtv.disco/content/explore2d/programming/matchmate/matches pot3.jpg
98.03.17 11:48 B C:\Louis\matchmate\matches\pot4.jpg <-- content /home/content/webtv.disco/content/explore2d/programming/matchmate/matches pot4.jpg
98.03.17 11:48 B C:\Louis\matchmate\matches\rats1.jpg <-- content /home/content/webtv.disco/content/explore2d/programming/matchmate/matches rats1.jpg
98.03.17 11:48 B C:\Louis\matchmate\matches\rats2.jpg <-- content /home/content/webtv.disco/content/explore2d/programming/matchmate/matches rats2.jpg
98.03.17 11:48 B C:\Louis\matchmate\matches\rats3.jpg <-- content /home/content/webtv.disco/content/explore2d/programming/matchmate/matches rats3.jpg
98.03.17 11:48 B C:\Louis\matchmate\matches\rats4.jpg <-- content /home/content/webtv.disco/content/explore2d/programming/matchmate/matches rats4.jpg
98.03.17 11:48 B C:\Louis\matchmate\matches\shoe1.jpg <-- content /home/content/webtv.disco/content/explore2d/programming/matchmate/matches shoe1.jpg
98.03.17 11:48 B C:\Louis\matchmate\matches\shoe2.jpg <-- content /home/content/webtv.disco/content/explore2d/programming/matchmate/matches shoe2.jpg
98.03.17 11:48 B C:\Louis\matchmate\matches\shoe3.jpg <-- content /home/content/webtv.disco/content/explore2d/programming/matchmate/matches shoe3.jpg
98.03.17 11:48 B C:\Louis\matchmate\matches\shoe4.jpg <-- content /home/content/webtv.disco/content/explore2d/programming/matchmate/matches shoe4.jpg
98.03.17 11:50 B C:\Louis\matchmate\matches\cat1.jpg --> www.woofie.com /u1/vhome/louis/www/wtv/matchmate/matches cat1.jpg
98.03.17 11:50 B C:\Louis\matchmate\matches\cat2.jpg --> www.woofie.com /u1/vhome/louis/www/wtv/matchmate/matches cat2.jpg
98.03.17 11:50 B C:\Louis\matchmate\matches\cat3.jpg --> www.woofie.com /u1/vhome/louis/www/wtv/matchmate/matches cat3.jpg
98.03.17 11:50 B C:\Louis\matchmate\matches\cat4.jpg --> www.woofie.com /u1/vhome/louis/www/wtv/matchmate/matches cat4.jpg
98.03.17 11:50 B C:\Louis\matchmate\matches\dog1.jpg --> www.woofie.com /u1/vhome/louis/www/wtv/matchmate/matches dog1.jpg
98.03.17 11:50 B C:\Louis\matchmate\matches\dog2.jpg --> www.woofie.com /u1/vhome/louis/www/wtv/matchmate/matches dog2.jpg
98.03.17 11:50 B C:\Louis\matchmate\matches\dog3.jpg --> www.woofie.com /u1/vhome/louis/www/wtv/matchmate/matches dog3.jpg
98.03.17 11:50 B C:\Louis\matchmate\matches\dog4.jpg --> www.woofie.com /u1/vhome/louis/www/wtv/matchmate/matches dog4.jpg
98.03.17 11:50 B C:\Louis\matchmate\matches\frog1.jpg --> www.woofie.com /u1/vhome/louis/www/wtv/matchmate/matches frog1.jpg
98.03.17 11:50 B C:\Louis\matchmate\matches\frog2.jpg --> www.woofie.com /u1/vhome/louis/www/wtv/matchmate/matches frog2.jpg
98.03.17 11:50 B C:\Louis\matchmate\matches\frog3.jpg --> www.woofie.com /u1/vhome/louis/www/wtv/matchmate/matches frog3.jpg
98.03.17 11:50 B C:\Louis\matchmate\matches\frog4.jpg --> www.woofie.com /u1/vhome/louis/www/wtv/matchmate/matches frog4.jpg
98.03.17 11:50 B C:\Louis\matchmate\matches\hat1.jpg --> www.woofie.com /u1/vhome/louis/www/wtv/matchmate/matches hat1.jpg
98.03.17 11:50 B C:\Louis\matchmate\matches\hat2.jpg --> www.woofie.com /u1/vhome/louis/www/wtv/matchmate/matches hat2.jpg
98.03.17 11:50 B C:\Louis\matchmate\matches\hat3.jpg --> www.woofie.com /u1/vhome/louis/www/wtv/matchmate/matches hat3.jpg
98.03.17 11:50 B C:\Louis\matchmate\matches\hat4.jpg --> www.woofie.com /u1/vhome/louis/www/wtv/matchmate/matches hat4.jpg
98.03.17 11:50 B C:\Louis\matchmate\matches\hog1.jpg --> www.woofie.com /u1/vhome/louis/www/wtv/matchmate/matches hog1.jpg
98.03.17 11:50 B C:\Louis\matchmate\matches\hog2.jpg --> www.woofie.com /u1/vhome/louis/www/wtv/matchmate/matches hog2.jpg
98.03.17 11:50 B C:\Louis\matchmate\matches\hog3.jpg --> www.woofie.com /u1/vhome/louis/www/wtv/matchmate/matches hog3.jpg
98.03.17 11:50 B C:\Louis\matchmate\matches\hog4.jpg --> www.woofie.com /u1/vhome/louis/www/wtv/matchmate/matches hog4.jpg
98.03.17 11:50 B C:\Louis\matchmate\matches\pot1.jpg --> www.woofie.com /u1/vhome/louis/www/wtv/matchmate/matches pot1.jpg
98.03.17 11:50 B C:\Louis\matchmate\matches\pot2.jpg --> www.woofie.com /u1/vhome/louis/www/wtv/matchmate/matches pot2.jpg
98.03.17 11:50 B C:\Louis\matchmate\matches\pot3.jpg --> www.woofie.com /u1/vhome/louis/www/wtv/matchmate/matches pot3.jpg
98.03.17 11:50 B C:\Louis\matchmate\matches\pot4.jpg --> www.woofie.com /u1/vhome/louis/www/wtv/matchmate/matches pot4.jpg
98.03.17 11:50 B C:\Louis\matchmate\matches\rats1.jpg --> www.woofie.com /u1/vhome/louis/www/wtv/matchmate/matches rats1.jpg
98.03.17 11:50 B C:\Louis\matchmate\matches\rats2.jpg --> www.woofie.com /u1/vhome/louis/www/wtv/matchmate/matches rats2.jpg
98.03.17 11:50 B C:\Louis\matchmate\matches\rats3.jpg --> www.woofie.com /u1/vhome/louis/www/wtv/matchmate/matches rats3.jpg
98.03.17 11:50 B C:\Louis\matchmate\matches\rats4.jpg --> www.woofie.com /u1/vhome/louis/www/wtv/matchmate/matches rats4.jpg
98.03.17 11:50 B C:\Louis\matchmate\matches\shoe1.jpg --> www.woofie.com /u1/vhome/louis/www/wtv/matchmate/matches shoe1.jpg
98.03.17 11:50 B C:\Louis\matchmate\matches\shoe2.jpg --> www.woofie.com /u1/vhome/louis/www/wtv/matchmate/matches shoe2.jpg
98.03.17 11:50 B C:\Louis\matchmate\matches\shoe3.jpg --> www.woofie.com /u1/vhome/louis/www/wtv/matchmate/matches shoe3.jpg
98.03.17 11:50 B C:\Louis\matchmate\matches\shoe4.jpg --> www.woofie.com /u1/vhome/louis/www/wtv/matchmate/matches shoe4.jpg
