97.11.25 20:37 B C:\AWork\AwebSites\wtv\ASpaceRace\flash\flyin.fla --> vp2.netgate.net /u1/vhome/louis/www/wtv/spacerace/flash flyin.fla
97.11.25 20:37 B C:\AWork\AwebSites\wtv\ASpaceRace\flash\flyin.swf --> vp2.netgate.net /u1/vhome/louis/www/wtv/spacerace/flash flyin.swf
97.11.25 21:42 B C:\AWork\AwebSites\wtv\ASpaceRace\flash\flyin.fla --> vp2.netgate.net /u1/vhome/louis/www/wtv/spacerace/flash flyin.fla
97.11.25 21:42 B C:\AWork\AwebSites\wtv\ASpaceRace\flash\flyin.swf --> vp2.netgate.net /u1/vhome/louis/www/wtv/spacerace/flash flyin.swf
97.11.25 21:47 B C:\AWork\AwebSites\wtv\ASpaceRace\flash\flyin.fla --> vp2.netgate.net /u1/vhome/louis/www/wtv/spacerace/flash flyin.fla
97.11.25 21:47 B C:\AWork\AwebSites\wtv\ASpaceRace\flash\flyin.swf --> vp2.netgate.net /u1/vhome/louis/www/wtv/spacerace/flash flyin.swf
97.11.25 21:52 B C:\AWork\AwebSites\wtv\ASpaceRace\flash\flyin.fla --> vp2.netgate.net /u1/vhome/louis/www/wtv/spacerace/flash flyin.fla
97.11.26 11:57 B C:\AWork\AwebSites\wtv\ASpaceRace\flash\flyin.zip --> vp2.netgate.net /u1/vhome/louis/www/wtv/spacerace/flash flyin.zip
97.12.02 01:54 B C:\AWork\AwebSites\wtv\ASpaceRace\flash\flyin2rings.fla --> vp2.netgate.net /u1/vhome/louis/www/wtv/spacerace/flash flyin2rings.fla
97.12.02 01:54 B C:\AWork\AwebSites\wtv\ASpaceRace\flash\flyin2rings.swf --> vp2.netgate.net /u1/vhome/louis/www/wtv/spacerace/flash flyin2rings.swf
97.12.02 01:54 A C:\AWork\AwebSites\wtv\ASpaceRace\flash\flyin2rings.txt --> vp2.netgate.net /u1/vhome/louis/www/wtv/spacerace/flash flyin2rings.txt
97.12.02 01:55 B C:\AWork\AwebSites\wtv\ASpaceRace\flash\flyin2rings.zip --> vp2.netgate.net /u1/vhome/louis/www/wtv/spacerace/flash flyin2rings.zip
97.12.02 01:58 B C:\AWork\AwebSites\wtv\ASpaceRace\flash\flyin2rings.zip --> vp2.netgate.net /u1/vhome/louis/www/wtv/spacerace/flash flyin2rings.zip
97.12.02 02:02 B C:\AWork\AwebSites\wtv\ASpaceRace\flash\flyin2rings.zip --> vp2.netgate.net /u1/vhome/louis/www/wtv/spacerace/flash flyin2rings.zip
97.12.02 02:05 B C:\AWork\AwebSites\wtv\ASpaceRace\flash\flyin2rings.zip --> vp2.netgate.net /u1/vhome/louis/www/wtv/spacerace/flash flyin2rings.zip
97.12.02 02:14 B C:\AWork\AwebSites\wtv\ASpaceRace\flash\flyin2rings.zip --> vp2.netgate.net /u1/vhome/louis/www/wtv/spacerace/flash flyin2rings.zip
97.12.04 03:14 B C:\AWork\AwebSites\wtv\ASpaceRace\flash\flyin.fla --> vp2.netgate.net /u1/vhome/louis/www/wtv/spacerace/flash flyin.fla
97.12.04 03:14 B C:\AWork\AwebSites\wtv\ASpaceRace\flash\flyin.swf --> vp2.netgate.net /u1/vhome/louis/www/wtv/spacerace/flash flyin.swf
97.12.04 03:14 B C:\AWork\AwebSites\wtv\ASpaceRace\flash\flyin.zip --> vp2.netgate.net /u1/vhome/louis/www/wtv/spacerace/flash flyin.zip
97.12.04 03:14 B C:\AWork\AwebSites\wtv\ASpaceRace\flash\flyin2.fla --> vp2.netgate.net /u1/vhome/louis/www/wtv/spacerace/flash flyin2.fla
97.12.04 03:14 B C:\AWork\AwebSites\wtv\ASpaceRace\flash\flyin2.swf --> vp2.netgate.net /u1/vhome/louis/www/wtv/spacerace/flash flyin2.swf
97.12.04 03:14 B C:\AWork\AwebSites\wtv\ASpaceRace\flash\flyin2rings.fla --> vp2.netgate.net /u1/vhome/louis/www/wtv/spacerace/flash flyin2rings.fla
97.12.04 03:14 B C:\AWork\AwebSites\wtv\ASpaceRace\flash\flyin2rings.swf --> vp2.netgate.net /u1/vhome/louis/www/wtv/spacerace/flash flyin2rings.swf
97.12.04 03:14 A C:\AWork\AwebSites\wtv\ASpaceRace\flash\flyin2rings.txt --> vp2.netgate.net /u1/vhome/louis/www/wtv/spacerace/flash flyin2rings.txt
97.12.04 03:14 B C:\AWork\AwebSites\wtv\ASpaceRace\flash\flyin2rings.zip --> vp2.netgate.net /u1/vhome/louis/www/wtv/spacerace/flash flyin2rings.zip
97.12.04 03:14 B C:\AWork\AwebSites\wtv\ASpaceRace\flash\oxygen.fla --> vp2.netgate.net /u1/vhome/louis/www/wtv/spacerace/flash oxygen.fla
97.12.04 03:14 B C:\AWork\AwebSites\wtv\ASpaceRace\flash\oxygen.spl --> vp2.netgate.net /u1/vhome/louis/www/wtv/spacerace/flash oxygen.spl
97.12.04 03:14 A C:\AWork\AwebSites\wtv\ASpaceRace\flash\oxygen.txt --> vp2.netgate.net /u1/vhome/louis/www/wtv/spacerace/flash oxygen.txt
98.01.27 14:09 B C:\Louis\spacerace\flash\WS_FTP.LOG <-- woofie /u1/vhome/louis/www/wtv/spacerace/flash WS_FTP.LOG
98.04.16 18:06 B C:\Louis\aspacerace\flash\oxygentank.fla <-- woofie /u1/vhome/louis/www/wtv/aspacerace/flash oxygentank.fla
98.04.16 18:06 B C:\Louis\aspacerace\flash\oxygentank.swf <-- woofie /u1/vhome/louis/www/wtv/aspacerace/flash oxygentank.swf
98.04.16 18:07 B C:\Louis\aspacerace\flash\oxygentank.spl <-- woofie /u1/vhome/louis/www/wtv/aspacerace/flash oxygentank.spl
98.04.17 14:26 B C:\Louis\aspacerace\flash\oxygentank1.spl.spl <-- woofie /u1/vhome/louis/www/wtv/aspacerace/flash oxygentank1.spl.spl
98.04.17 15:31 B C:\Louis\aspacerace\flash\oxygentank2.fla <-- woofie /u1/vhome/louis/www/wtv/aspacerace/flash oxygentank2.fla
98.04.17 15:31 B C:\Louis\aspacerace\flash\oxygentank2.spl <-- woofie /u1/vhome/louis/www/wtv/aspacerace/flash oxygentank2.spl
98.04.17 16:14 A C:\Louis\aspacerace\flash\oxygentank2.spl <-- woofie /u1/vhome/louis/www/wtv/aspacerace/flash oxygentank2.spl
98.04.17 16:14 B C:\Louis\aspacerace\flash\oxygentank2.spl <-- woofie /u1/vhome/louis/www/wtv/aspacerace/flash oxygentank2.spl
98.04.17 16:17 B C:\Louis\aspacerace\flash\oxytank.zip --> www.woofie.com /u1/vhome/louis/www/wtv/aspacerace/flash oxytank.zip
98.04.17 17:10 B C:\Louis\aspacerace\flash\oxytank.zip --> www.woofie.com /u1/vhome/louis/www/wtv/aspacerace/flash oxytank.zip
98.04.20 18:43 B C:\Louis\aspacerace\flash\oxytank2act.spl <-- woofie /u1/vhome/louis/www/wtv/aspacerace/flash oxytank2act.spl
98.04.23 18:48 B C:\Louis\aspacerace\flash\flyintologo.fla <-- woofie /u1/vhome/louis/www/wtv/aspacerace/flash flyintologo.fla
98.04.23 18:48 B C:\Louis\aspacerace\flash\flyintologo.spl <-- woofie /u1/vhome/louis/www/wtv/aspacerace/flash flyintologo.spl
98.04.23 18:48 B C:\Louis\aspacerace\flash\flyintologo2.fla <-- woofie /u1/vhome/louis/www/wtv/aspacerace/flash flyintologo2.fla
98.04.24 13:39 B C:\Louis\aspacerace\flash\flyout.spl <-- woofie /u1/vhome/louis/www/wtv/aspacerace/flash flyout.spl
98.04.24 13:39 B C:\Louis\aspacerace\flash\flyout1.fla <-- woofie /u1/vhome/louis/www/wtv/aspacerace/flash flyout1.fla
98.04.24 13:40 B C:\Louis\aspacerace\flash\flyout1.spl <-- woofie /u1/vhome/louis/www/wtv/aspacerace/flash flyout1.spl
98.04.24 13:40 B C:\Louis\aspacerace\flash\flyoutcredits.fla <-- woofie /u1/vhome/louis/www/wtv/aspacerace/flash flyoutcredits.fla
98.04.24 13:40 B C:\Louis\aspacerace\flash\flyoutcredits.spl <-- woofie /u1/vhome/louis/www/wtv/aspacerace/flash flyoutcredits.spl
98.04.24 14:08 B C:\Louis\aspacerace\flash\lose.fla --> www.woofie.com /u1/vhome/louis/www/wtv/aspacerace/flash lose.fla
98.04.24 14:08 B C:\Louis\aspacerace\flash\lose.spl --> www.woofie.com /u1/vhome/louis/www/wtv/aspacerace/flash lose.spl
98.04.24 17:14 B C:\Louis\aspacerace\flash\lose.fla <-- woofie /u1/vhome/louis/www/wtv/aspacerace/flash lose.fla
98.04.24 17:14 B C:\Louis\aspacerace\flash\lose.spl <-- woofie /u1/vhome/louis/www/wtv/aspacerace/flash lose.spl
98.04.24 17:24 B C:\Louis\aspacerace\flash\lose1.fla --> www.woofie.com /u1/vhome/louis/www/wtv/aspacerace/flash lose1.fla
98.04.24 17:24 B C:\Louis\aspacerace\flash\lose1.spl --> www.woofie.com /u1/vhome/louis/www/wtv/aspacerace/flash lose1.spl
98.04.24 17:27 B C:\Louis\aspacerace\flash\lose1.fla --> www.woofie.com /u1/vhome/louis/www/wtv/aspacerace/flash lose1.fla
98.04.24 17:27 B C:\Louis\aspacerace\flash\lose1.spl --> www.woofie.com /u1/vhome/louis/www/wtv/aspacerace/flash lose1.spl
98.04.24 18:03 B C:\Louis\aspacerace\flash\lose1.fla --> www.woofie.com /u1/vhome/louis/www/wtv/aspacerace/flash lose1.fla
98.04.24 18:18 B C:\Louis\aspacerace\flash\lose1.fla <-- woofie /u1/vhome/louis/www/wtv/aspacerace/flash lose1.fla
98.04.24 18:18 B C:\Louis\aspacerace\flash\lose1.spl <-- woofie /u1/vhome/louis/www/wtv/aspacerace/flash lose1.spl
98.04.24 18:50 B C:\Louis\aspacerace\flash\lose2.fla <-- woofie /u1/vhome/louis/www/wtv/aspacerace/flash lose2.fla
98.04.24 18:50 B C:\Louis\aspacerace\flash\lose2.spl <-- woofie /u1/vhome/louis/www/wtv/aspacerace/flash lose2.spl
98.04.27 17:30 B C:\Louis\aspacerace\flash\flyin.fla --> homeless.artemis.com /home/content/webtv.disco/content/explore2d/programming/spacerace/flash flyin.fla
98.04.27 17:30 B C:\Louis\aspacerace\flash\flyin.swf --> homeless.artemis.com /home/content/webtv.disco/content/explore2d/programming/spacerace/flash flyin.swf
98.04.27 17:30 B C:\Louis\aspacerace\flash\flyin.zip --> homeless.artemis.com /home/content/webtv.disco/content/explore2d/programming/spacerace/flash flyin.zip
98.04.27 17:30 B C:\Louis\aspacerace\flash\flyin2.fla --> homeless.artemis.com /home/content/webtv.disco/content/explore2d/programming/spacerace/flash flyin2.fla
98.04.27 17:30 B C:\Louis\aspacerace\flash\flyin2.swf --> homeless.artemis.com /home/content/webtv.disco/content/explore2d/programming/spacerace/flash flyin2.swf
98.04.27 17:30 B C:\Louis\aspacerace\flash\flyin2rings.fla --> homeless.artemis.com /home/content/webtv.disco/content/explore2d/programming/spacerace/flash flyin2rings.fla
98.04.27 17:30 B C:\Louis\aspacerace\flash\flyin2rings.swf --> homeless.artemis.com /home/content/webtv.disco/content/explore2d/programming/spacerace/flash flyin2rings.swf
98.04.27 17:30 A C:\Louis\aspacerace\flash\flyin2rings.txt --> homeless.artemis.com /home/content/webtv.disco/content/explore2d/programming/spacerace/flash flyin2rings.txt
98.04.27 17:30 B C:\Louis\aspacerace\flash\flyin2rings.zip --> homeless.artemis.com /home/content/webtv.disco/content/explore2d/programming/spacerace/flash flyin2rings.zip
98.04.27 17:30 B C:\Louis\aspacerace\flash\flyintologo.fla --> homeless.artemis.com /home/content/webtv.disco/content/explore2d/programming/spacerace/flash flyintologo.fla
98.04.27 17:30 B C:\Louis\aspacerace\flash\flyintologo.spl --> homeless.artemis.com /home/content/webtv.disco/content/explore2d/programming/spacerace/flash flyintologo.spl
98.04.27 17:30 B C:\Louis\aspacerace\flash\flyintologo2.fla --> homeless.artemis.com /home/content/webtv.disco/content/explore2d/programming/spacerace/flash flyintologo2.fla
98.04.27 17:30 B C:\Louis\aspacerace\flash\flyintologo2.spl --> homeless.artemis.com /home/content/webtv.disco/content/explore2d/programming/spacerace/flash flyintologo2.spl
98.04.27 17:30 B C:\Louis\aspacerace\flash\flyout.spl --> homeless.artemis.com /home/content/webtv.disco/content/explore2d/programming/spacerace/flash flyout.spl
98.04.27 17:30 B C:\Louis\aspacerace\flash\flyout1.fla --> homeless.artemis.com /home/content/webtv.disco/content/explore2d/programming/spacerace/flash flyout1.fla
98.04.27 17:30 B C:\Louis\aspacerace\flash\flyout1.spl --> homeless.artemis.com /home/content/webtv.disco/content/explore2d/programming/spacerace/flash flyout1.spl
98.04.27 17:30 B C:\Louis\aspacerace\flash\flyoutcredits.fla --> homeless.artemis.com /home/content/webtv.disco/content/explore2d/programming/spacerace/flash flyoutcredits.fla
98.04.27 17:30 B C:\Louis\aspacerace\flash\flyoutcredits.spl --> homeless.artemis.com /home/content/webtv.disco/content/explore2d/programming/spacerace/flash flyoutcredits.spl
98.04.27 17:30 B C:\Louis\aspacerace\flash\lose.fla --> homeless.artemis.com /home/content/webtv.disco/content/explore2d/programming/spacerace/flash lose.fla
98.04.27 17:30 B C:\Louis\aspacerace\flash\lose.spl --> homeless.artemis.com /home/content/webtv.disco/content/explore2d/programming/spacerace/flash lose.spl
98.04.27 17:30 B C:\Louis\aspacerace\flash\lose1.fla --> homeless.artemis.com /home/content/webtv.disco/content/explore2d/programming/spacerace/flash lose1.fla
98.04.27 17:30 B C:\Louis\aspacerace\flash\lose1.spl --> homeless.artemis.com /home/content/webtv.disco/content/explore2d/programming/spacerace/flash lose1.spl
98.04.27 17:30 B C:\Louis\aspacerace\flash\lose2.fla --> homeless.artemis.com /home/content/webtv.disco/content/explore2d/programming/spacerace/flash lose2.fla
98.04.27 17:30 B C:\Louis\aspacerace\flash\lose2.spl --> homeless.artemis.com /home/content/webtv.disco/content/explore2d/programming/spacerace/flash lose2.spl
98.04.27 17:30 B C:\Louis\aspacerace\flash\losefucked.fla --> homeless.artemis.com /home/content/webtv.disco/content/explore2d/programming/spacerace/flash losefucked.fla
98.04.27 17:30 B C:\Louis\aspacerace\flash\oxygen.fla --> homeless.artemis.com /home/content/webtv.disco/content/explore2d/programming/spacerace/flash oxygen.fla
98.04.27 17:30 B C:\Louis\aspacerace\flash\oxygen.spl --> homeless.artemis.com /home/content/webtv.disco/content/explore2d/programming/spacerace/flash oxygen.spl
98.04.27 17:30 B C:\Louis\aspacerace\flash\oxygen.swf --> homeless.artemis.com /home/content/webtv.disco/content/explore2d/programming/spacerace/flash oxygen.swf
98.04.27 17:30 A C:\Louis\aspacerace\flash\oxygen.txt --> homeless.artemis.com /home/content/webtv.disco/content/explore2d/programming/spacerace/flash oxygen.txt
98.04.27 17:30 B C:\Louis\aspacerace\flash\oxygen.zip --> homeless.artemis.com /home/content/webtv.disco/content/explore2d/programming/spacerace/flash oxygen.zip
98.04.27 17:30 B C:\Louis\aspacerace\flash\oxygentank.fla --> homeless.artemis.com /home/content/webtv.disco/content/explore2d/programming/spacerace/flash oxygentank.fla
98.04.27 17:30 B C:\Louis\aspacerace\flash\oxygentank.spl --> homeless.artemis.com /home/content/webtv.disco/content/explore2d/programming/spacerace/flash oxygentank.spl
98.04.27 17:30 B C:\Louis\aspacerace\flash\oxygentank.swf --> homeless.artemis.com /home/content/webtv.disco/content/explore2d/programming/spacerace/flash oxygentank.swf
98.04.27 17:30 B C:\Louis\aspacerace\flash\oxygentank1.spl.spl --> homeless.artemis.com /home/content/webtv.disco/content/explore2d/programming/spacerace/flash oxygentank1.spl.spl
98.04.27 17:30 B C:\Louis\aspacerace\flash\oxygentank2.fla --> homeless.artemis.com /home/content/webtv.disco/content/explore2d/programming/spacerace/flash oxygentank2.fla
98.04.27 17:30 B C:\Louis\aspacerace\flash\oxygentank2.spl --> homeless.artemis.com /home/content/webtv.disco/content/explore2d/programming/spacerace/flash oxygentank2.spl
98.04.27 17:30 B C:\Louis\aspacerace\flash\oxytank.zip --> homeless.artemis.com /home/content/webtv.disco/content/explore2d/programming/spacerace/flash oxytank.zip
98.04.27 17:30 B C:\Louis\aspacerace\flash\oxytank2act.spl --> homeless.artemis.com /home/content/webtv.disco/content/explore2d/programming/spacerace/flash oxytank2act.spl
98.04.27 17:30 B C:\Louis\aspacerace\flash\spaceracerules.spl --> homeless.artemis.com /home/content/webtv.disco/content/explore2d/programming/spacerace/flash spaceracerules.spl
98.04.27 17:30 B C:\Louis\aspacerace\flash\spaceracerules2 --> homeless.artemis.com /home/content/webtv.disco/content/explore2d/programming/spacerace/flash spaceracerules2
98.04.27 17:30 A C:\Louis\aspacerace\flash\spacerules.html --> homeless.artemis.com /home/content/webtv.disco/content/explore2d/programming/spacerace/flash spacerules.html
98.04.27 17:30 B C:\Louis\aspacerace\flash\spacerules.spl --> homeless.artemis.com /home/content/webtv.disco/content/explore2d/programming/spacerace/flash spacerules.spl
98.04.27 17:33 B C:\Louis\aspaceraceserver\flash\WS_FTP.LOG <-- content /home/content/webtv.disco/content/explore2d/programming/spacerace/flash WS_FTP.LOG
98.04.29 19:14 B C:\Louis\aspaceraceserver\flash\WS_FTP.LOG --> www.woofie.com /u1/vhome/louis/www/wtv/aspaceraceserver/flash WS_FTP.LOG
98.04.29 19:14 B C:\Louis\aspaceraceserver\flash\spacerules.spl --> www.woofie.com /u1/vhome/louis/www/wtv/aspaceraceserver/flash spacerules.spl
98.04.29 19:14 A C:\Louis\aspaceraceserver\flash\spacerules.html --> www.woofie.com /u1/vhome/louis/www/wtv/aspaceraceserver/flash spacerules.html
98.04.29 19:14 B C:\Louis\aspaceraceserver\flash\spaceracerules2 --> www.woofie.com /u1/vhome/louis/www/wtv/aspaceraceserver/flash spaceracerules2
98.04.29 19:14 B C:\Louis\aspaceraceserver\flash\spaceracerules.spl --> www.woofie.com /u1/vhome/louis/www/wtv/aspaceraceserver/flash spaceracerules.spl
98.04.29 19:14 B C:\Louis\aspaceraceserver\flash\oxytank2act.spl --> www.woofie.com /u1/vhome/louis/www/wtv/aspaceraceserver/flash oxytank2act.spl
98.04.29 19:14 B C:\Louis\aspaceraceserver\flash\oxytank.zip --> www.woofie.com /u1/vhome/louis/www/wtv/aspaceraceserver/flash oxytank.zip
98.04.29 19:14 B C:\Louis\aspaceraceserver\flash\oxygentank2.spl --> www.woofie.com /u1/vhome/louis/www/wtv/aspaceraceserver/flash oxygentank2.spl
98.04.29 19:14 B C:\Louis\aspaceraceserver\flash\oxygentank2.fla --> www.woofie.com /u1/vhome/louis/www/wtv/aspaceraceserver/flash oxygentank2.fla
98.04.29 19:14 B C:\Louis\aspaceraceserver\flash\oxygentank1.spl.spl --> www.woofie.com /u1/vhome/louis/www/wtv/aspaceraceserver/flash oxygentank1.spl.spl
98.04.29 19:14 B C:\Louis\aspaceraceserver\flash\oxygentank.swf --> www.woofie.com /u1/vhome/louis/www/wtv/aspaceraceserver/flash oxygentank.swf
98.04.29 19:14 B C:\Louis\aspaceraceserver\flash\oxygentank.spl --> www.woofie.com /u1/vhome/louis/www/wtv/aspaceraceserver/flash oxygentank.spl
98.04.29 19:14 B C:\Louis\aspaceraceserver\flash\oxygentank.fla --> www.woofie.com /u1/vhome/louis/www/wtv/aspaceraceserver/flash oxygentank.fla
98.04.29 19:14 B C:\Louis\aspaceraceserver\flash\oxygen.zip --> www.woofie.com /u1/vhome/louis/www/wtv/aspaceraceserver/flash oxygen.zip
98.04.29 19:14 A C:\Louis\aspaceraceserver\flash\oxygen.txt --> www.woofie.com /u1/vhome/louis/www/wtv/aspaceraceserver/flash oxygen.txt
98.04.29 19:14 B C:\Louis\aspaceraceserver\flash\oxygen.swf --> www.woofie.com /u1/vhome/louis/www/wtv/aspaceraceserver/flash oxygen.swf
98.04.29 19:15 B C:\Louis\aspaceraceserver\flash\oxygen.spl --> www.woofie.com /u1/vhome/louis/www/wtv/aspaceraceserver/flash oxygen.spl
98.04.29 19:15 B C:\Louis\aspaceraceserver\flash\oxygen.fla --> www.woofie.com /u1/vhome/louis/www/wtv/aspaceraceserver/flash oxygen.fla
98.04.29 19:15 B C:\Louis\aspaceraceserver\flash\losefucked.fla --> www.woofie.com /u1/vhome/louis/www/wtv/aspaceraceserver/flash losefucked.fla
98.04.29 19:15 B C:\Louis\aspaceraceserver\flash\lose2.spl --> www.woofie.com /u1/vhome/louis/www/wtv/aspaceraceserver/flash lose2.spl
98.04.29 19:15 B C:\Louis\aspaceraceserver\flash\lose2.fla --> www.woofie.com /u1/vhome/louis/www/wtv/aspaceraceserver/flash lose2.fla
98.04.29 19:15 B C:\Louis\aspaceraceserver\flash\lose1.spl --> www.woofie.com /u1/vhome/louis/www/wtv/aspaceraceserver/flash lose1.spl
98.04.29 19:15 B C:\Louis\aspaceraceserver\flash\lose1.fla --> www.woofie.com /u1/vhome/louis/www/wtv/aspaceraceserver/flash lose1.fla
98.04.29 19:15 B C:\Louis\aspaceraceserver\flash\lose.spl --> www.woofie.com /u1/vhome/louis/www/wtv/aspaceraceserver/flash lose.spl
98.04.29 19:15 B C:\Louis\aspaceraceserver\flash\lose.fla --> www.woofie.com /u1/vhome/louis/www/wtv/aspaceraceserver/flash lose.fla
98.04.29 19:15 B C:\Louis\aspaceraceserver\flash\flyoutcredits.spl --> www.woofie.com /u1/vhome/louis/www/wtv/aspaceraceserver/flash flyoutcredits.spl
98.04.29 19:15 B C:\Louis\aspaceraceserver\flash\flyoutcredits.fla --> www.woofie.com /u1/vhome/louis/www/wtv/aspaceraceserver/flash flyoutcredits.fla
98.04.29 19:15 B C:\Louis\aspaceraceserver\flash\flyout1.spl --> www.woofie.com /u1/vhome/louis/www/wtv/aspaceraceserver/flash flyout1.spl
98.04.29 19:15 B C:\Louis\aspaceraceserver\flash\flyout1.fla --> www.woofie.com /u1/vhome/louis/www/wtv/aspaceraceserver/flash flyout1.fla
98.04.29 19:15 B C:\Louis\aspaceraceserver\flash\flyout.spl --> www.woofie.com /u1/vhome/louis/www/wtv/aspaceraceserver/flash flyout.spl
98.04.29 19:15 B C:\Louis\aspaceraceserver\flash\flyintologo2.spl --> www.woofie.com /u1/vhome/louis/www/wtv/aspaceraceserver/flash flyintologo2.spl
98.04.29 19:15 B C:\Louis\aspaceraceserver\flash\flyintologo2.fla --> www.woofie.com /u1/vhome/louis/www/wtv/aspaceraceserver/flash flyintologo2.fla
98.04.29 19:15 B C:\Louis\aspaceraceserver\flash\flyintologo.spl --> www.woofie.com /u1/vhome/louis/www/wtv/aspaceraceserver/flash flyintologo.spl
98.04.29 19:15 B C:\Louis\aspaceraceserver\flash\flyintologo.fla --> www.woofie.com /u1/vhome/louis/www/wtv/aspaceraceserver/flash flyintologo.fla
98.04.29 19:15 B C:\Louis\aspaceraceserver\flash\flyin2rings.zip --> www.woofie.com /u1/vhome/louis/www/wtv/aspaceraceserver/flash flyin2rings.zip
98.04.29 19:15 A C:\Louis\aspaceraceserver\flash\flyin2rings.txt --> www.woofie.com /u1/vhome/louis/www/wtv/aspaceraceserver/flash flyin2rings.txt
98.04.29 19:15 B C:\Louis\aspaceraceserver\flash\flyin2rings.swf --> www.woofie.com /u1/vhome/louis/www/wtv/aspaceraceserver/flash flyin2rings.swf
98.04.29 19:15 B C:\Louis\aspaceraceserver\flash\flyin2rings.fla --> www.woofie.com /u1/vhome/louis/www/wtv/aspaceraceserver/flash flyin2rings.fla
98.04.29 19:15 B C:\Louis\aspaceraceserver\flash\flyin2.swf --> www.woofie.com /u1/vhome/louis/www/wtv/aspaceraceserver/flash flyin2.swf
98.04.29 19:15 B C:\Louis\aspaceraceserver\flash\flyin2.fla --> www.woofie.com /u1/vhome/louis/www/wtv/aspaceraceserver/flash flyin2.fla
98.04.29 19:15 B C:\Louis\aspaceraceserver\flash\flyin.zip --> www.woofie.com /u1/vhome/louis/www/wtv/aspaceraceserver/flash flyin.zip
98.04.29 19:15 B C:\Louis\aspaceraceserver\flash\flyin.swf --> www.woofie.com /u1/vhome/louis/www/wtv/aspaceraceserver/flash flyin.swf
98.04.29 19:15 B C:\Louis\aspaceraceserver\flash\flyin.fla --> www.woofie.com /u1/vhome/louis/www/wtv/aspaceraceserver/flash flyin.fla
98.05.01 23:23 B C:\Louis\aspaceraceserver\flash\flyin.fla --> www.woofie.com /u1/vhome/louis/www/wtv/aspaceraceserver/flash flyin.fla
98.05.01 23:23 B C:\Louis\aspaceraceserver\flash\flyin.swf --> www.woofie.com /u1/vhome/louis/www/wtv/aspaceraceserver/flash flyin.swf
98.05.01 23:23 B C:\Louis\aspaceraceserver\flash\flyin.zip --> www.woofie.com /u1/vhome/louis/www/wtv/aspaceraceserver/flash flyin.zip
98.05.01 23:23 B C:\Louis\aspaceraceserver\flash\flyin2.fla --> www.woofie.com /u1/vhome/louis/www/wtv/aspaceraceserver/flash flyin2.fla
98.05.01 23:23 B C:\Louis\aspaceraceserver\flash\flyin2.swf --> www.woofie.com /u1/vhome/louis/www/wtv/aspaceraceserver/flash flyin2.swf
98.05.01 23:23 B C:\Louis\aspaceraceserver\flash\flyin2rings.fla --> www.woofie.com /u1/vhome/louis/www/wtv/aspaceraceserver/flash flyin2rings.fla
98.05.01 23:23 B C:\Louis\aspaceraceserver\flash\flyin2rings.swf --> www.woofie.com /u1/vhome/louis/www/wtv/aspaceraceserver/flash flyin2rings.swf
98.05.01 23:23 B C:\Louis\aspaceraceserver\flash\flyin2rings.txt --> www.woofie.com /u1/vhome/louis/www/wtv/aspaceraceserver/flash flyin2rings.txt
98.05.01 23:23 B C:\Louis\aspaceraceserver\flash\flyin2rings.zip --> www.woofie.com /u1/vhome/louis/www/wtv/aspaceraceserver/flash flyin2rings.zip
98.05.01 23:23 B C:\Louis\aspaceraceserver\flash\flyintologo.fla --> www.woofie.com /u1/vhome/louis/www/wtv/aspaceraceserver/flash flyintologo.fla
98.05.01 23:23 B C:\Louis\aspaceraceserver\flash\flyintologo.spl --> www.woofie.com /u1/vhome/louis/www/wtv/aspaceraceserver/flash flyintologo.spl
98.05.01 23:23 B C:\Louis\aspaceraceserver\flash\flyintologo2.fla --> www.woofie.com /u1/vhome/louis/www/wtv/aspaceraceserver/flash flyintologo2.fla
98.05.01 23:23 B C:\Louis\aspaceraceserver\flash\flyintologo2.spl --> www.woofie.com /u1/vhome/louis/www/wtv/aspaceraceserver/flash flyintologo2.spl
98.05.01 23:23 B C:\Louis\aspaceraceserver\flash\flyout.spl --> www.woofie.com /u1/vhome/louis/www/wtv/aspaceraceserver/flash flyout.spl
98.05.01 23:23 B C:\Louis\aspaceraceserver\flash\flyout1.fla --> www.woofie.com /u1/vhome/louis/www/wtv/aspaceraceserver/flash flyout1.fla
98.05.01 23:23 B C:\Louis\aspaceraceserver\flash\flyout1.spl --> www.woofie.com /u1/vhome/louis/www/wtv/aspaceraceserver/flash flyout1.spl
98.05.01 23:23 B C:\Louis\aspaceraceserver\flash\flyoutcredits.fla --> www.woofie.com /u1/vhome/louis/www/wtv/aspaceraceserver/flash flyoutcredits.fla
98.05.01 23:23 B C:\Louis\aspaceraceserver\flash\flyoutcredits.spl --> www.woofie.com /u1/vhome/louis/www/wtv/aspaceraceserver/flash flyoutcredits.spl
98.05.01 23:23 B C:\Louis\aspaceraceserver\flash\lose.fla --> www.woofie.com /u1/vhome/louis/www/wtv/aspaceraceserver/flash lose.fla
98.05.01 23:23 B C:\Louis\aspaceraceserver\flash\lose.spl --> www.woofie.com /u1/vhome/louis/www/wtv/aspaceraceserver/flash lose.spl
98.05.01 23:23 B C:\Louis\aspaceraceserver\flash\lose1.fla --> www.woofie.com /u1/vhome/louis/www/wtv/aspaceraceserver/flash lose1.fla
98.05.01 23:23 B C:\Louis\aspaceraceserver\flash\lose1.spl --> www.woofie.com /u1/vhome/louis/www/wtv/aspaceraceserver/flash lose1.spl
98.05.01 23:23 B C:\Louis\aspaceraceserver\flash\lose2.fla --> www.woofie.com /u1/vhome/louis/www/wtv/aspaceraceserver/flash lose2.fla
98.05.01 23:23 B C:\Louis\aspaceraceserver\flash\lose2.spl --> www.woofie.com /u1/vhome/louis/www/wtv/aspaceraceserver/flash lose2.spl
98.05.01 23:23 B C:\Louis\aspaceraceserver\flash\losefucked.fla --> www.woofie.com /u1/vhome/louis/www/wtv/aspaceraceserver/flash losefucked.fla
98.05.01 23:23 B C:\Louis\aspaceraceserver\flash\oxygen.fla --> www.woofie.com /u1/vhome/louis/www/wtv/aspaceraceserver/flash oxygen.fla
98.05.01 23:23 B C:\Louis\aspaceraceserver\flash\oxygen.spl --> www.woofie.com /u1/vhome/louis/www/wtv/aspaceraceserver/flash oxygen.spl
98.05.01 23:23 B C:\Louis\aspaceraceserver\flash\oxygen.swf --> www.woofie.com /u1/vhome/louis/www/wtv/aspaceraceserver/flash oxygen.swf
98.05.01 23:23 B C:\Louis\aspaceraceserver\flash\oxygen.txt --> www.woofie.com /u1/vhome/louis/www/wtv/aspaceraceserver/flash oxygen.txt
98.05.01 23:23 B C:\Louis\aspaceraceserver\flash\oxygen.zip --> www.woofie.com /u1/vhome/louis/www/wtv/aspaceraceserver/flash oxygen.zip
98.05.01 23:23 B C:\Louis\aspaceraceserver\flash\oxygentank.fla --> www.woofie.com /u1/vhome/louis/www/wtv/aspaceraceserver/flash oxygentank.fla
98.05.01 23:23 B C:\Louis\aspaceraceserver\flash\oxygentank.spl --> www.woofie.com /u1/vhome/louis/www/wtv/aspaceraceserver/flash oxygentank.spl
98.05.01 23:23 B C:\Louis\aspaceraceserver\flash\oxygentank.swf --> www.woofie.com /u1/vhome/louis/www/wtv/aspaceraceserver/flash oxygentank.swf
98.05.01 23:23 B C:\Louis\aspaceraceserver\flash\oxygentank1.spl.spl --> www.woofie.com /u1/vhome/louis/www/wtv/aspaceraceserver/flash oxygentank1.spl.spl
98.05.01 23:23 B C:\Louis\aspaceraceserver\flash\oxygentank2.fla --> www.woofie.com /u1/vhome/louis/www/wtv/aspaceraceserver/flash oxygentank2.fla
98.05.01 23:23 B C:\Louis\aspaceraceserver\flash\oxygentank2.spl --> www.woofie.com /u1/vhome/louis/www/wtv/aspaceraceserver/flash oxygentank2.spl
98.05.01 23:23 B C:\Louis\aspaceraceserver\flash\oxytank.zip --> www.woofie.com /u1/vhome/louis/www/wtv/aspaceraceserver/flash oxytank.zip
98.05.01 23:23 B C:\Louis\aspaceraceserver\flash\oxytank2act.spl --> www.woofie.com /u1/vhome/louis/www/wtv/aspaceraceserver/flash oxytank2act.spl
98.05.01 23:23 B C:\Louis\aspaceraceserver\flash\spaceracerules.spl --> www.woofie.com /u1/vhome/louis/www/wtv/aspaceraceserver/flash spaceracerules.spl
98.05.01 23:23 B C:\Louis\aspaceraceserver\flash\spaceracerules2 --> www.woofie.com /u1/vhome/louis/www/wtv/aspaceraceserver/flash spaceracerules2
98.05.01 23:23 B C:\Louis\aspaceraceserver\flash\spacerules.html --> www.woofie.com /u1/vhome/louis/www/wtv/aspaceraceserver/flash spacerules.html
98.05.01 23:23 B C:\Louis\aspaceraceserver\flash\spacerules.spl --> www.woofie.com /u1/vhome/louis/www/wtv/aspaceraceserver/flash spacerules.spl
