97.03.26 20:51 B C:\newUI\TV\cablenetworks\AE.gif --> vp2.netgate.net /u1/vhome/louis/www/portfolio/newUI/TV/cablenetworks AE.gif
97.03.26 20:51 B C:\newUI\TV\cablenetworks\bet.jpg --> vp2.netgate.net /u1/vhome/louis/www/portfolio/newUI/TV/cablenetworks bet.jpg
97.03.26 20:51 B C:\newUI\TV\cablenetworks\bravosmaller.jpg --> vp2.netgate.net /u1/vhome/louis/www/portfolio/newUI/TV/cablenetworks bravosmaller.jpg
97.03.26 20:51 B C:\newUI\TV\cablenetworks\com.gif --> vp2.netgate.net /u1/vhome/louis/www/portfolio/newUI/TV/cablenetworks com.gif
97.03.26 20:51 B C:\newUI\TV\cablenetworks\courttv.gif --> vp2.netgate.net /u1/vhome/louis/www/portfolio/newUI/TV/cablenetworks courttv.gif
97.03.26 20:51 B C:\newUI\TV\cablenetworks\diisney.gif --> vp2.netgate.net /u1/vhome/louis/www/portfolio/newUI/TV/cablenetworks diisney.gif
97.03.26 20:51 B C:\newUI\TV\cablenetworks\disc.gif --> vp2.netgate.net /u1/vhome/louis/www/portfolio/newUI/TV/cablenetworks disc.gif
97.03.26 20:51 B C:\newUI\TV\cablenetworks\e.gif --> vp2.netgate.net /u1/vhome/louis/www/portfolio/newUI/TV/cablenetworks e.gif
97.03.26 20:51 B C:\newUI\TV\cablenetworks\gameshow.gif --> vp2.netgate.net /u1/vhome/louis/www/portfolio/newUI/TV/cablenetworks gameshow.gif
97.03.26 20:51 B C:\newUI\TV\cablenetworks\hbobug.gif --> vp2.netgate.net /u1/vhome/louis/www/portfolio/newUI/TV/cablenetworks hbobug.gif
97.03.26 20:51 B C:\newUI\TV\cablenetworks\hist.gif --> vp2.netgate.net /u1/vhome/louis/www/portfolio/newUI/TV/cablenetworks hist.gif
97.03.26 20:51 B C:\newUI\TV\cablenetworks\lifetime.gif --> vp2.netgate.net /u1/vhome/louis/www/portfolio/newUI/TV/cablenetworks lifetime.gif
97.03.26 20:51 B C:\newUI\TV\cablenetworks\mtv_logo.jpg --> vp2.netgate.net /u1/vhome/louis/www/portfolio/newUI/TV/cablenetworks mtv_logo.jpg
97.03.26 20:51 B C:\newUI\TV\cablenetworks\nick.gif --> vp2.netgate.net /u1/vhome/louis/www/portfolio/newUI/TV/cablenetworks nick.gif
97.03.26 20:51 B C:\newUI\TV\cablenetworks\scifi.gif --> vp2.netgate.net /u1/vhome/louis/www/portfolio/newUI/TV/cablenetworks scifi.gif
97.03.26 20:51 B C:\newUI\TV\cablenetworks\showtime.gif --> vp2.netgate.net /u1/vhome/louis/www/portfolio/newUI/TV/cablenetworks showtime.gif
97.03.26 20:51 B C:\newUI\TV\cablenetworks\tcm.jpg --> vp2.netgate.net /u1/vhome/louis/www/portfolio/newUI/TV/cablenetworks tcm.jpg
97.03.26 20:51 B C:\newUI\TV\cablenetworks\tnt.gif --> vp2.netgate.net /u1/vhome/louis/www/portfolio/newUI/TV/cablenetworks tnt.gif
97.03.26 20:51 B C:\newUI\TV\cablenetworks\travel.gif --> vp2.netgate.net /u1/vhome/louis/www/portfolio/newUI/TV/cablenetworks travel.gif
97.03.26 20:51 B C:\newUI\TV\cablenetworks\usa.gif --> vp2.netgate.net /u1/vhome/louis/www/portfolio/newUI/TV/cablenetworks usa.gif
97.03.26 20:51 B C:\newUI\TV\cablenetworks\vh1.gif --> vp2.netgate.net /u1/vhome/louis/www/portfolio/newUI/TV/cablenetworks vh1.gif
97.03.26 21:44 B C:\newUI\TV\cablenetworks\AE.gif --> vp2.netgate.net /u1/vhome/louis/www/portfolio/newUI/TV/cablenetworks AE.gif
97.03.26 21:44 B C:\newUI\TV\cablenetworks\bet.jpg --> vp2.netgate.net /u1/vhome/louis/www/portfolio/newUI/TV/cablenetworks bet.jpg
97.03.26 21:44 B C:\newUI\TV\cablenetworks\bravosmaller.jpg --> vp2.netgate.net /u1/vhome/louis/www/portfolio/newUI/TV/cablenetworks bravosmaller.jpg
97.03.26 21:44 B C:\newUI\TV\cablenetworks\com.gif --> vp2.netgate.net /u1/vhome/louis/www/portfolio/newUI/TV/cablenetworks com.gif
97.03.26 21:44 B C:\newUI\TV\cablenetworks\courttv.gif --> vp2.netgate.net /u1/vhome/louis/www/portfolio/newUI/TV/cablenetworks courttv.gif
97.03.26 21:44 B C:\newUI\TV\cablenetworks\diisney.gif --> vp2.netgate.net /u1/vhome/louis/www/portfolio/newUI/TV/cablenetworks diisney.gif
97.03.26 21:44 B C:\newUI\TV\cablenetworks\disc.gif --> vp2.netgate.net /u1/vhome/louis/www/portfolio/newUI/TV/cablenetworks disc.gif
97.03.26 21:44 B C:\newUI\TV\cablenetworks\e.gif --> vp2.netgate.net /u1/vhome/louis/www/portfolio/newUI/TV/cablenetworks e.gif
97.03.26 21:44 B C:\newUI\TV\cablenetworks\gameshow.gif --> vp2.netgate.net /u1/vhome/louis/www/portfolio/newUI/TV/cablenetworks gameshow.gif
97.03.26 21:44 B C:\newUI\TV\cablenetworks\hbobug.gif --> vp2.netgate.net /u1/vhome/louis/www/portfolio/newUI/TV/cablenetworks hbobug.gif
97.03.26 21:44 B C:\newUI\TV\cablenetworks\hist.gif --> vp2.netgate.net /u1/vhome/louis/www/portfolio/newUI/TV/cablenetworks hist.gif
97.03.26 21:44 B C:\newUI\TV\cablenetworks\lifetime.gif --> vp2.netgate.net /u1/vhome/louis/www/portfolio/newUI/TV/cablenetworks lifetime.gif
97.03.26 21:44 B C:\newUI\TV\cablenetworks\mtv_logo.jpg --> vp2.netgate.net /u1/vhome/louis/www/portfolio/newUI/TV/cablenetworks mtv_logo.jpg
97.03.26 21:44 B C:\newUI\TV\cablenetworks\nick.gif --> vp2.netgate.net /u1/vhome/louis/www/portfolio/newUI/TV/cablenetworks nick.gif
97.03.26 21:44 B C:\newUI\TV\cablenetworks\scifi.gif --> vp2.netgate.net /u1/vhome/louis/www/portfolio/newUI/TV/cablenetworks scifi.gif
97.03.26 21:44 B C:\newUI\TV\cablenetworks\showtime.gif --> vp2.netgate.net /u1/vhome/louis/www/portfolio/newUI/TV/cablenetworks showtime.gif
97.03.26 21:44 B C:\newUI\TV\cablenetworks\tcm.jpg --> vp2.netgate.net /u1/vhome/louis/www/portfolio/newUI/TV/cablenetworks tcm.jpg
97.03.26 21:44 B C:\newUI\TV\cablenetworks\tnt.gif --> vp2.netgate.net /u1/vhome/louis/www/portfolio/newUI/TV/cablenetworks tnt.gif
97.03.26 21:44 B C:\newUI\TV\cablenetworks\travel.gif --> vp2.netgate.net /u1/vhome/louis/www/portfolio/newUI/TV/cablenetworks travel.gif
97.03.26 21:44 B C:\newUI\TV\cablenetworks\usa.gif --> vp2.netgate.net /u1/vhome/louis/www/portfolio/newUI/TV/cablenetworks usa.gif
97.03.26 21:44 B C:\newUI\TV\cablenetworks\vh1.gif --> vp2.netgate.net /u1/vhome/louis/www/portfolio/newUI/TV/cablenetworks vh1.gif
