97.03.26 20:51 B C:\newUI\Shopping\bookbg.jpg --> vp2.netgate.net /u1/vhome/louis/www/portfolio/newUI/Shopping bookbg.jpg
97.03.26 20:51 B C:\newUI\Shopping\books.html --> vp2.netgate.net /u1/vhome/louis/www/portfolio/newUI/Shopping books.html
97.03.26 20:51 B C:\newUI\Shopping\classified.html --> vp2.netgate.net /u1/vhome/louis/www/portfolio/newUI/Shopping classified.html
97.03.26 20:51 B C:\newUI\Shopping\clothing.html --> vp2.netgate.net /u1/vhome/louis/www/portfolio/newUI/Shopping clothing.html
97.03.26 20:51 B C:\newUI\Shopping\computers.html --> vp2.netgate.net /u1/vhome/louis/www/portfolio/newUI/Shopping computers.html
97.03.26 20:51 B C:\newUI\Shopping\control.html --> vp2.netgate.net /u1/vhome/louis/www/portfolio/newUI/Shopping control.html
97.03.26 20:51 B C:\newUI\Shopping\electronics.html --> vp2.netgate.net /u1/vhome/louis/www/portfolio/newUI/Shopping electronics.html
97.03.26 20:51 B C:\newUI\Shopping\housewares.html --> vp2.netgate.net /u1/vhome/louis/www/portfolio/newUI/Shopping housewares.html
97.03.26 20:51 B C:\newUI\Shopping\outdoors.html --> vp2.netgate.net /u1/vhome/louis/www/portfolio/newUI/Shopping outdoors.html
97.03.26 20:51 B C:\newUI\Shopping\shopping.mid --> vp2.netgate.net /u1/vhome/louis/www/portfolio/newUI/Shopping shopping.mid
97.03.26 20:51 B C:\newUI\Shopping\shoppingbkg.jpg --> vp2.netgate.net /u1/vhome/louis/www/portfolio/newUI/Shopping shoppingbkg.jpg
97.03.26 20:51 B C:\newUI\Shopping\wrapper.html --> vp2.netgate.net /u1/vhome/louis/www/portfolio/newUI/Shopping wrapper.html
97.03.26 21:42 B C:\newUI\Shopping\bookbg.jpg --> vp2.netgate.net /u1/vhome/louis/www/portfolio/newUI/Shopping bookbg.jpg
97.03.26 21:42 B C:\newUI\Shopping\books.html --> vp2.netgate.net /u1/vhome/louis/www/portfolio/newUI/Shopping books.html
97.03.26 21:42 B C:\newUI\Shopping\classified.html --> vp2.netgate.net /u1/vhome/louis/www/portfolio/newUI/Shopping classified.html
97.03.26 21:42 B C:\newUI\Shopping\clothing.html --> vp2.netgate.net /u1/vhome/louis/www/portfolio/newUI/Shopping clothing.html
97.03.26 21:42 B C:\newUI\Shopping\computers.html --> vp2.netgate.net /u1/vhome/louis/www/portfolio/newUI/Shopping computers.html
97.03.26 21:42 B C:\newUI\Shopping\control.html --> vp2.netgate.net /u1/vhome/louis/www/portfolio/newUI/Shopping control.html
97.03.26 21:42 B C:\newUI\Shopping\electronics.html --> vp2.netgate.net /u1/vhome/louis/www/portfolio/newUI/Shopping electronics.html
97.03.26 21:42 B C:\newUI\Shopping\housewares.html --> vp2.netgate.net /u1/vhome/louis/www/portfolio/newUI/Shopping housewares.html
97.03.26 21:42 B C:\newUI\Shopping\outdoors.html --> vp2.netgate.net /u1/vhome/louis/www/portfolio/newUI/Shopping outdoors.html
97.03.26 21:42 B C:\newUI\Shopping\shopping.mid --> vp2.netgate.net /u1/vhome/louis/www/portfolio/newUI/Shopping shopping.mid
97.03.26 21:42 B C:\newUI\Shopping\shoppingbkg.jpg --> vp2.netgate.net /u1/vhome/louis/www/portfolio/newUI/Shopping shoppingbkg.jpg
97.03.26 21:42 B C:\newUI\Shopping\wrapper.html --> vp2.netgate.net /u1/vhome/louis/www/portfolio/newUI/Shopping wrapper.html
