97.09.25 21:44 B C:\AWork\AWebSites\WebTVGames\makeamatch\images\ALLSTAR.GIF --> vp2.netgate.net /u1/vhome/louis/www/makeamatch/images ALLSTAR.GIF
97.09.25 21:44 B C:\AWork\AWebSites\WebTVGames\makeamatch\images\cover.gif --> vp2.netgate.net /u1/vhome/louis/www/makeamatch/images cover.gif
97.09.25 21:44 B C:\AWork\AWebSites\WebTVGames\makeamatch\images\HINT.GIF --> vp2.netgate.net /u1/vhome/louis/www/makeamatch/images HINT.GIF
97.09.25 21:44 B C:\AWork\AWebSites\WebTVGames\makeamatch\images\logo.gif --> vp2.netgate.net /u1/vhome/louis/www/makeamatch/images logo.gif
97.09.25 21:44 B C:\AWork\AWebSites\WebTVGames\makeamatch\images\PLAY.GIF --> vp2.netgate.net /u1/vhome/louis/www/makeamatch/images PLAY.GIF
97.09.25 21:44 B C:\AWork\AWebSites\WebTVGames\makeamatch\images\playagain.gif --> vp2.netgate.net /u1/vhome/louis/www/makeamatch/images playagain.gif
97.09.25 21:44 B C:\AWork\AWebSites\WebTVGames\makeamatch\images\QUIT.GIF --> vp2.netgate.net /u1/vhome/louis/www/makeamatch/images QUIT.GIF
97.09.25 21:44 B C:\AWork\AWebSites\WebTVGames\makeamatch\images\RESTART.GIF --> vp2.netgate.net /u1/vhome/louis/www/makeamatch/images RESTART.GIF
97.09.25 21:44 B C:\AWork\AWebSites\WebTVGames\makeamatch\images\SOLVE.GIF --> vp2.netgate.net /u1/vhome/louis/www/makeamatch/images SOLVE.GIF
97.09.25 21:44 B C:\AWork\AWebSites\WebTVGames\makeamatch\images\TRYAGAIN.GIF --> vp2.netgate.net /u1/vhome/louis/www/makeamatch/images TRYAGAIN.GIF
97.09.29 13:05 B C:\AWork\AWebSites\WebTVGames\makeamatch\images\ALLSTAR.GIF --> vp2.netgate.net /u1/vhome/louis/www/makeamatch/images ALLSTAR.GIF
97.09.29 13:05 B C:\AWork\AWebSites\WebTVGames\makeamatch\images\cover.gif --> vp2.netgate.net /u1/vhome/louis/www/makeamatch/images cover.gif
97.09.29 13:05 B C:\AWork\AWebSites\WebTVGames\makeamatch\images\HINT.GIF --> vp2.netgate.net /u1/vhome/louis/www/makeamatch/images HINT.GIF
97.09.29 13:05 B C:\AWork\AWebSites\WebTVGames\makeamatch\images\logo.gif --> vp2.netgate.net /u1/vhome/louis/www/makeamatch/images logo.gif
97.09.29 13:05 B C:\AWork\AWebSites\WebTVGames\makeamatch\images\PLAY.GIF --> vp2.netgate.net /u1/vhome/louis/www/makeamatch/images PLAY.GIF
97.09.29 13:05 B C:\AWork\AWebSites\WebTVGames\makeamatch\images\playagain.gif --> vp2.netgate.net /u1/vhome/louis/www/makeamatch/images playagain.gif
97.09.29 13:05 B C:\AWork\AWebSites\WebTVGames\makeamatch\images\QUIT.GIF --> vp2.netgate.net /u1/vhome/louis/www/makeamatch/images QUIT.GIF
97.09.29 13:05 B C:\AWork\AWebSites\WebTVGames\makeamatch\images\RESTART.GIF --> vp2.netgate.net /u1/vhome/louis/www/makeamatch/images RESTART.GIF
97.09.29 13:05 B C:\AWork\AWebSites\WebTVGames\makeamatch\images\SOLVE.GIF --> vp2.netgate.net /u1/vhome/louis/www/makeamatch/images SOLVE.GIF
97.09.29 13:06 B C:\AWork\AWebSites\WebTVGames\makeamatch\images\TRYAGAIN.GIF --> vp2.netgate.net /u1/vhome/louis/www/makeamatch/images TRYAGAIN.GIF
97.09.29 15:44 B D:\LouisRoehrs\makeamatch\images\WS_FTP.LOG <-- AWoofie /u1/vhome/louis/www/makeamatch/images WS_FTP.LOG
97.09.29 15:56 B D:\LouisRoehrs\makeamatch\images\ALLSTAR.GIF --> ed.webtv.net /usr/home/tpark/public_html/louis/makeamatch/images ALLSTAR.GIF
97.09.29 15:56 B D:\LouisRoehrs\makeamatch\images\cover.gif --> ed.webtv.net /usr/home/tpark/public_html/louis/makeamatch/images cover.gif
97.09.29 15:56 B D:\LouisRoehrs\makeamatch\images\HINT.GIF --> ed.webtv.net /usr/home/tpark/public_html/louis/makeamatch/images HINT.GIF
97.09.29 15:56 B D:\LouisRoehrs\makeamatch\images\logo.gif --> ed.webtv.net /usr/home/tpark/public_html/louis/makeamatch/images logo.gif
97.09.29 15:56 B D:\LouisRoehrs\makeamatch\images\PLAY.GIF --> ed.webtv.net /usr/home/tpark/public_html/louis/makeamatch/images PLAY.GIF
97.09.29 15:56 B D:\LouisRoehrs\makeamatch\images\playagain.gif --> ed.webtv.net /usr/home/tpark/public_html/louis/makeamatch/images playagain.gif
97.09.29 15:56 B D:\LouisRoehrs\makeamatch\images\QUIT.GIF --> ed.webtv.net /usr/home/tpark/public_html/louis/makeamatch/images QUIT.GIF
97.09.29 15:56 B D:\LouisRoehrs\makeamatch\images\RESTART.GIF --> ed.webtv.net /usr/home/tpark/public_html/louis/makeamatch/images RESTART.GIF
97.09.29 15:56 B D:\LouisRoehrs\makeamatch\images\SOLVE.GIF --> ed.webtv.net /usr/home/tpark/public_html/louis/makeamatch/images SOLVE.GIF
97.09.29 15:56 B D:\LouisRoehrs\makeamatch\images\TRYAGAIN.GIF --> ed.webtv.net /usr/home/tpark/public_html/louis/makeamatch/images TRYAGAIN.GIF
97.09.29 15:56 B D:\LouisRoehrs\makeamatch\images\WS_FTP.LOG --> ed.webtv.net /usr/home/tpark/public_html/louis/makeamatch/images WS_FTP.LOG
97.09.29 16:05 B D:\LouisRoehrs\makeamatch\images\allstar.gif --> ed.webtv.net /usr/home/tpark/public_html/louis/makeamatch/images allstar.gif
97.09.29 16:05 B D:\LouisRoehrs\makeamatch\images\cover.gif --> ed.webtv.net /usr/home/tpark/public_html/louis/makeamatch/images cover.gif
97.09.29 16:05 B D:\LouisRoehrs\makeamatch\images\hint.gif --> ed.webtv.net /usr/home/tpark/public_html/louis/makeamatch/images hint.gif
97.09.29 16:05 B D:\LouisRoehrs\makeamatch\images\logo.gif --> ed.webtv.net /usr/home/tpark/public_html/louis/makeamatch/images logo.gif
97.09.29 16:11 B D:\LouisRoehrs\makeamatch\images\restart.gif --> ed.webtv.net /usr/home/tpark/public_html/louis/makeamatch/images restart.gif
97.09.29 16:12 B D:\LouisRoehrs\makeamatch\images\quit.gif --> ed.webtv.net /usr/home/tpark/public_html/louis/makeamatch/images quit.gif
97.09.29 16:12 B D:\LouisRoehrs\makeamatch\images\solve.gif --> ed.webtv.net /usr/home/tpark/public_html/louis/makeamatch/images solve.gif
97.09.29 16:12 B D:\LouisRoehrs\makeamatch\images\tryagain.gif --> ed.webtv.net /usr/home/tpark/public_html/louis/makeamatch/images tryagain.gif
97.09.29 16:31 B D:\LouisRoehrs\makeamatch\images\flatcover.gif --> ed.webtv.net /usr/home/tpark/public_html/louis/makeamatch/images flatcover.gif
97.09.29 20:38 B D:\LouisRoehrs\makeamatch\images\allstar.gif --> vp2.netgate.net /u1/vhome/louis/www/makeamatch/images allstar.gif
97.09.29 20:38 B D:\LouisRoehrs\makeamatch\images\cover.gif --> vp2.netgate.net /u1/vhome/louis/www/makeamatch/images cover.gif
97.09.29 20:38 B D:\LouisRoehrs\makeamatch\images\flatcover.gif --> vp2.netgate.net /u1/vhome/louis/www/makeamatch/images flatcover.gif
97.09.29 20:38 B D:\LouisRoehrs\makeamatch\images\hint.gif --> vp2.netgate.net /u1/vhome/louis/www/makeamatch/images hint.gif
97.09.29 20:38 B D:\LouisRoehrs\makeamatch\images\logo.gif --> vp2.netgate.net /u1/vhome/louis/www/makeamatch/images logo.gif
97.09.29 20:38 B D:\LouisRoehrs\makeamatch\images\play.gif --> vp2.netgate.net /u1/vhome/louis/www/makeamatch/images play.gif
97.09.29 20:38 B D:\LouisRoehrs\makeamatch\images\playagain.gif --> vp2.netgate.net /u1/vhome/louis/www/makeamatch/images playagain.gif
97.09.29 20:38 B D:\LouisRoehrs\makeamatch\images\quit.gif --> vp2.netgate.net /u1/vhome/louis/www/makeamatch/images quit.gif
97.09.29 20:38 B D:\LouisRoehrs\makeamatch\images\restart.gif --> vp2.netgate.net /u1/vhome/louis/www/makeamatch/images restart.gif
97.09.29 20:38 B D:\LouisRoehrs\makeamatch\images\solve.gif --> vp2.netgate.net /u1/vhome/louis/www/makeamatch/images solve.gif
97.09.29 20:38 B D:\LouisRoehrs\makeamatch\images\tryagain.gif --> vp2.netgate.net /u1/vhome/louis/www/makeamatch/images tryagain.gif
97.09.29 20:38 B D:\LouisRoehrs\makeamatch\images\WS_FTP.LOG --> vp2.netgate.net /u1/vhome/louis/www/makeamatch/images WS_FTP.LOG
97.09.30 17:21 B D:\LouisRoehrs\makeamatch\images\spacer.gif --> ed.webtv.net /usr/home/tpark/public_html/louis/makeamatch/images spacer.gif
97.10.01 19:06 B D:\LouisRoehrs\makeamatch\images\playergo.gif --> ed.webtv.net /usr/home/tpark/public_html/louis/makeamatch/images playergo.gif
97.10.01 19:11 B D:\LouisRoehrs\makeamatch\images\playergo.gif --> ed.webtv.net /usr/home/tpark/public_html/louis/makeamatch/images playergo.gif
97.10.01 19:21 B D:\LouisRoehrs\makeamatch\images\playergo.gif --> ed.webtv.net /usr/home/tpark/public_html/louis/makeamatch/images playergo.gif
97.10.01 19:51 B D:\LouisRoehrs\makeamatch\images\playergo.gif --> ed.webtv.net /usr/home/tpark/public_html/louis/makeamatch/images playergo.gif
97.10.01 19:53 B D:\LouisRoehrs\makeamatch\images\playergo.gif --> ed.webtv.net /usr/home/tpark/public_html/louis/makeamatch/images playergo.gif
97.10.01 19:59 B D:\LouisRoehrs\makeamatch\images\playergo.gif --> ed.webtv.net /usr/home/tpark/public_html/louis/makeamatch/images playergo.gif
97.10.01 20:00 B D:\LouisRoehrs\makeamatch\images\playergo.gif --> ed.webtv.net /usr/home/tpark/public_html/louis/makeamatch/images playergo.gif
97.10.01 20:01 B D:\LouisRoehrs\makeamatch\images\playergo.gif --> ed.webtv.net /usr/home/tpark/public_html/louis/makeamatch/images playergo.gif
97.10.01 20:02 B D:\LouisRoehrs\makeamatch\images\playergo.gif --> ed.webtv.net /usr/home/tpark/public_html/louis/makeamatch/images playergo.gif
97.10.01 20:03 B D:\LouisRoehrs\makeamatch\images\playergo.gif --> ed.webtv.net /usr/home/tpark/public_html/louis/makeamatch/images playergo.gif
97.10.01 20:05 B D:\LouisRoehrs\makeamatch\images\playergo.gif --> ed.webtv.net /usr/home/tpark/public_html/louis/makeamatch/images playergo.gif
97.10.01 20:06 B D:\LouisRoehrs\makeamatch\images\playergo.gif --> ed.webtv.net /usr/home/tpark/public_html/louis/makeamatch/images playergo.gif
97.10.01 20:07 B D:\LouisRoehrs\makeamatch\images\playergo.gif --> ed.webtv.net /usr/home/tpark/public_html/louis/makeamatch/images playergo.gif
97.10.07 19:44 B D:\LouisRoehrs\makeamatch\images\cover.gif --> ed.webtv.net /usr/home/tpark/public_html/louis/makeamatch/images cover.gif
97.10.07 19:49 B D:\LouisRoehrs\makeamatch\images\cover1.gif --> ed.webtv.net /usr/home/tpark/public_html/louis/makeamatch/images cover1.gif
97.10.07 19:49 B D:\LouisRoehrs\makeamatch\images\cover.gif --> ed.webtv.net /usr/home/tpark/public_html/louis/makeamatch/images cover.gif
97.10.07 19:51 B D:\LouisRoehrs\makeamatch\images\cover.gif --> ed.webtv.net /usr/home/tpark/public_html/louis/makeamatch/images cover.gif
97.10.07 19:51 B D:\LouisRoehrs\makeamatch\images\cover.gif --> ed.webtv.net /usr/home/tpark/public_html/louis/makeamatch/images cover.gif
97.10.07 20:47 B D:\LouisRoehrs\makeamatch\images\bluecover.gif --> ed.webtv.net /usr/home/tpark/public_html/louis/makeamatch/images bluecover.gif
97.10.07 21:41 B D:\LouisRoehrs\makeamatch\images\cover1.gif --> ed.webtv.net /usr/home/tpark/public_html/louis/makeamatch/images cover1.gif
97.10.07 21:42 B D:\LouisRoehrs\makeamatch\images\cover1.gif --> ed.webtv.net /usr/home/tpark/public_html/louis/makeamatch/images cover1.gif
97.10.07 21:56 B D:\LouisRoehrs\makeamatch\images\cover.gif --> ed.webtv.net /usr/home/tpark/public_html/louis/makeamatch/images cover.gif
97.10.09 09:33 B D:\LouisRoehrs\makeamatch\images\greendot.gif --> ed.webtv.net /usr/home/tpark/public_html/louis/makeamatch/images greendot.gif
97.10.09 09:34 B D:\LouisRoehrs\makeamatch\images\greendot.gif --> ed.webtv.net /usr/home/tpark/public_html/louis/makeamatch/images greendot.gif
97.10.09 09:51 B D:\LouisRoehrs\makeamatch\images\greendot.gif --> ed.webtv.net /usr/home/tpark/public_html/louis/makeamatch/images greendot.gif
97.10.09 09:54 B D:\LouisRoehrs\makeamatch\images\greendot.gif --> ed.webtv.net /usr/home/tpark/public_html/louis/makeamatch/images greendot.gif
97.10.09 10:11 B D:\LouisRoehrs\makeamatch\images\cover55.gif --> ed.webtv.net /usr/home/tpark/public_html/louis/makeamatch/images cover55.gif
97.10.09 10:11 B D:\LouisRoehrs\makeamatch\images\greendot.gif --> ed.webtv.net /usr/home/tpark/public_html/louis/makeamatch/images greendot.gif
97.10.09 10:16 B D:\LouisRoehrs\makeamatch\images\cover55.gif --> ed.webtv.net /usr/home/tpark/public_html/louis/makeamatch/images cover55.gif
97.10.09 22:33 B D:\LouisRoehrs\makeamatch\images\pingpongball.swf --> ed.webtv.net /usr/home/tpark/public_html/louis/makeamatch pingpongball.swf
97.10.09 22:57 B D:\LouisRoehrs\makeamatch\images\pingpongball.swf --> ed.webtv.net /usr/home/tpark/public_html/louis/makeamatch/images pingpongball.swf
97.10.09 22:58 B D:\LouisRoehrs\makeamatch\images\pingpongball.swf --> ed.webtv.net /usr/home/tpark/public_html/louis/makeamatch/images pingpongball.swf
97.10.10 01:18 B D:\LouisRoehrs\makeamatch\images\cover55bg.gif --> ed.webtv.net /usr/home/tpark/public_html/louis/makeamatch/images cover55bg.gif
97.10.13 12:30 B D:\LouisRoehrs\makeamatchworks\images\allstar.gif --> vp2.netgate.net /u1/vhome/louis/www/wtv/makeamatchworks/images allstar.gif
97.10.13 12:30 B D:\LouisRoehrs\makeamatchworks\images\bluecover.gif --> vp2.netgate.net /u1/vhome/louis/www/wtv/makeamatchworks/images bluecover.gif
97.10.13 12:30 B D:\LouisRoehrs\makeamatchworks\images\cover.gif --> vp2.netgate.net /u1/vhome/louis/www/wtv/makeamatchworks/images cover.gif
97.10.13 12:30 B D:\LouisRoehrs\makeamatchworks\images\cover1.gif --> vp2.netgate.net /u1/vhome/louis/www/wtv/makeamatchworks/images cover1.gif
97.10.13 12:30 B D:\LouisRoehrs\makeamatchworks\images\cover55.gif --> vp2.netgate.net /u1/vhome/louis/www/wtv/makeamatchworks/images cover55.gif
97.10.13 12:30 B D:\LouisRoehrs\makeamatchworks\images\cover55bg.gif --> vp2.netgate.net /u1/vhome/louis/www/wtv/makeamatchworks/images cover55bg.gif
97.10.13 12:30 B D:\LouisRoehrs\makeamatchworks\images\flatcover.gif --> vp2.netgate.net /u1/vhome/louis/www/wtv/makeamatchworks/images flatcover.gif
97.10.13 12:30 B D:\LouisRoehrs\makeamatchworks\images\greendot.gif --> vp2.netgate.net /u1/vhome/louis/www/wtv/makeamatchworks/images greendot.gif
97.10.13 12:30 B D:\LouisRoehrs\makeamatchworks\images\hint.gif --> vp2.netgate.net /u1/vhome/louis/www/wtv/makeamatchworks/images hint.gif
97.10.13 12:30 B D:\LouisRoehrs\makeamatchworks\images\logo.gif --> vp2.netgate.net /u1/vhome/louis/www/wtv/makeamatchworks/images logo.gif
97.10.13 12:30 B D:\LouisRoehrs\makeamatchworks\images\pingpongball.fla --> vp2.netgate.net /u1/vhome/louis/www/wtv/makeamatchworks/images pingpongball.fla
97.10.13 12:30 B D:\LouisRoehrs\makeamatchworks\images\pingpongball.swf --> vp2.netgate.net /u1/vhome/louis/www/wtv/makeamatchworks/images pingpongball.swf
97.10.13 12:30 B D:\LouisRoehrs\makeamatchworks\images\play.gif --> vp2.netgate.net /u1/vhome/louis/www/wtv/makeamatchworks/images play.gif
97.10.13 12:30 B D:\LouisRoehrs\makeamatchworks\images\playagain.gif --> vp2.netgate.net /u1/vhome/louis/www/wtv/makeamatchworks/images playagain.gif
97.10.13 12:30 B D:\LouisRoehrs\makeamatchworks\images\playergo.gif --> vp2.netgate.net /u1/vhome/louis/www/wtv/makeamatchworks/images playergo.gif
97.10.13 12:30 B D:\LouisRoehrs\makeamatchworks\images\playergosm.gif --> vp2.netgate.net /u1/vhome/louis/www/wtv/makeamatchworks/images playergosm.gif
97.10.13 12:30 B D:\LouisRoehrs\makeamatchworks\images\playergougly.gif --> vp2.netgate.net /u1/vhome/louis/www/wtv/makeamatchworks/images playergougly.gif
97.10.13 12:30 B D:\LouisRoehrs\makeamatchworks\images\quit.gif --> vp2.netgate.net /u1/vhome/louis/www/wtv/makeamatchworks/images quit.gif
97.10.13 12:30 B D:\LouisRoehrs\makeamatchworks\images\restart.gif --> vp2.netgate.net /u1/vhome/louis/www/wtv/makeamatchworks/images restart.gif
97.10.13 12:30 B D:\LouisRoehrs\makeamatchworks\images\solve.gif --> vp2.netgate.net /u1/vhome/louis/www/wtv/makeamatchworks/images solve.gif
97.10.13 12:30 B D:\LouisRoehrs\makeamatchworks\images\spacer.gif --> vp2.netgate.net /u1/vhome/louis/www/wtv/makeamatchworks/images spacer.gif
97.10.13 12:30 B D:\LouisRoehrs\makeamatchworks\images\tryagain.gif --> vp2.netgate.net /u1/vhome/louis/www/wtv/makeamatchworks/images tryagain.gif
97.10.13 12:30 B D:\LouisRoehrs\makeamatchworks\images\WS_FTP.LOG --> vp2.netgate.net /u1/vhome/louis/www/wtv/makeamatchworks/images WS_FTP.LOG
97.10.21 19:55 B D:\LouisRoehrs\makeamatchworks\images\allstar.gif --> vp2.netgate.net /u1/vhome/louis/www/wtv/makeamatchworks/images allstar.gif
97.10.21 19:55 B D:\LouisRoehrs\makeamatchworks\images\bluecover.gif --> vp2.netgate.net /u1/vhome/louis/www/wtv/makeamatchworks/images bluecover.gif
97.10.21 19:55 B D:\LouisRoehrs\makeamatchworks\images\cover.gif --> vp2.netgate.net /u1/vhome/louis/www/wtv/makeamatchworks/images cover.gif
97.10.21 19:55 B D:\LouisRoehrs\makeamatchworks\images\cover1.gif --> vp2.netgate.net /u1/vhome/louis/www/wtv/makeamatchworks/images cover1.gif
97.10.21 19:55 B D:\LouisRoehrs\makeamatchworks\images\cover55.gif --> vp2.netgate.net /u1/vhome/louis/www/wtv/makeamatchworks/images cover55.gif
97.10.21 19:55 B D:\LouisRoehrs\makeamatchworks\images\cover55bg.gif --> vp2.netgate.net /u1/vhome/louis/www/wtv/makeamatchworks/images cover55bg.gif
97.10.21 19:55 B D:\LouisRoehrs\makeamatchworks\images\flatcover.gif --> vp2.netgate.net /u1/vhome/louis/www/wtv/makeamatchworks/images flatcover.gif
97.10.21 19:55 B D:\LouisRoehrs\makeamatchworks\images\greendot.gif --> vp2.netgate.net /u1/vhome/louis/www/wtv/makeamatchworks/images greendot.gif
97.10.21 19:55 B D:\LouisRoehrs\makeamatchworks\images\hint.gif --> vp2.netgate.net /u1/vhome/louis/www/wtv/makeamatchworks/images hint.gif
97.10.21 19:55 B D:\LouisRoehrs\makeamatchworks\images\logo.gif --> vp2.netgate.net /u1/vhome/louis/www/wtv/makeamatchworks/images logo.gif
97.10.21 19:55 B D:\LouisRoehrs\makeamatchworks\images\pingpongball.fla --> vp2.netgate.net /u1/vhome/louis/www/wtv/makeamatchworks/images pingpongball.fla
97.10.21 19:55 B D:\LouisRoehrs\makeamatchworks\images\pingpongball.swf --> vp2.netgate.net /u1/vhome/louis/www/wtv/makeamatchworks/images pingpongball.swf
97.10.21 19:55 B D:\LouisRoehrs\makeamatchworks\images\play.gif --> vp2.netgate.net /u1/vhome/louis/www/wtv/makeamatchworks/images play.gif
97.10.21 19:55 B D:\LouisRoehrs\makeamatchworks\images\playagain.gif --> vp2.netgate.net /u1/vhome/louis/www/wtv/makeamatchworks/images playagain.gif
97.10.21 19:55 B D:\LouisRoehrs\makeamatchworks\images\playergo.gif --> vp2.netgate.net /u1/vhome/louis/www/wtv/makeamatchworks/images playergo.gif
97.10.21 19:55 B D:\LouisRoehrs\makeamatchworks\images\playergosm.gif --> vp2.netgate.net /u1/vhome/louis/www/wtv/makeamatchworks/images playergosm.gif
97.10.21 19:55 B D:\LouisRoehrs\makeamatchworks\images\playergougly.gif --> vp2.netgate.net /u1/vhome/louis/www/wtv/makeamatchworks/images playergougly.gif
97.10.21 19:55 B D:\LouisRoehrs\makeamatchworks\images\quit.gif --> vp2.netgate.net /u1/vhome/louis/www/wtv/makeamatchworks/images quit.gif
97.10.21 19:55 B D:\LouisRoehrs\makeamatchworks\images\restart.gif --> vp2.netgate.net /u1/vhome/louis/www/wtv/makeamatchworks/images restart.gif
97.10.21 19:55 B D:\LouisRoehrs\makeamatchworks\images\solve.gif --> vp2.netgate.net /u1/vhome/louis/www/wtv/makeamatchworks/images solve.gif
97.10.21 19:55 B D:\LouisRoehrs\makeamatchworks\images\spacer.gif --> vp2.netgate.net /u1/vhome/louis/www/wtv/makeamatchworks/images spacer.gif
97.10.21 19:55 B D:\LouisRoehrs\makeamatchworks\images\tryagain.gif --> vp2.netgate.net /u1/vhome/louis/www/wtv/makeamatchworks/images tryagain.gif
