98.02.16 13:47 B C:\Louis\minesweeper\flash\Mine.spl <-- content /home/content/webtv.disco/content/explore2d/programming/minesweeper/flash Mine.spl
98.02.16 13:47 B C:\Louis\minesweeper\flash\WebtvToMine.spl <-- content /home/content/webtv.disco/content/explore2d/programming/minesweeper/flash WebtvToMine.spl
98.02.16 16:04 B C:\Louis\minesweeper\flash\Mine.spl --> ed.webtv.net /usr/local/etc/apache_1.2.1/htdocs/tpark/public_html/minesweeper/flash Mine.spl
98.02.16 16:04 B C:\Louis\minesweeper\flash\WebtvToMine.spl --> ed.webtv.net /usr/local/etc/apache_1.2.1/htdocs/tpark/public_html/minesweeper/flash WebtvToMine.spl
98.02.16 16:04 B C:\Louis\minesweeper\flash\WS_FTP.LOG --> ed.webtv.net /usr/local/etc/apache_1.2.1/htdocs/tpark/public_html/minesweeper/flash WS_FTP.LOG
98.02.17 13:03 B C:\Louis\minesweeper\flash\Mine.spl <-- content /home/content/webtv.disco/content/explore2d/programming/demo/flash Mine.spl
98.02.17 13:04 B C:\Louis\minesweeper\flash\Mine.spl --> homeless.artemis.com /home/content/webtv.disco/content/explore2d/programming/minesweeper/flash Mine.spl
98.02.17 21:42 B C:\Louis\minesweeper\flash\Mine.spl <-- content /home/content/webtv.disco/content/explore2d/programming/demo/flash Mine.spl
98.02.17 21:43 B C:\Louis\minesweeper\flash\Mine.spl <-- content /home/content/webtv.disco/content/explore2d/programming/minesweeper/flash Mine.spl
98.02.17 21:47 B C:\Louis\minesweeper\flash\Mine.spl --> homeless.artemis.com /home/content/webtv.disco/content/explore2d/programming/minesweeper/flash Mine.spl
98.02.18 02:34 B C:\Louis\minesweeper\flash\youwin.spl --> homeless.artemis.com /home/content/webtv.disco/content/explore2d/programming/minesweeper/flash youwin.spl
98.02.18 02:34 B C:\Louis\minesweeper\flash\youwin.fla --> homeless.artemis.com /home/content/webtv.disco/content/explore2d/programming/minesweeper/flash youwin.fla
98.02.18 03:02 B C:\Louis\minesweeper\flash\youwin.spl --> homeless.artemis.com /home/content/webtv.disco/content/explore2d/programming/minesweeper/flash youwin.spl
98.02.18 03:02 B C:\Louis\minesweeper\flash\youwin.fla --> homeless.artemis.com /home/content/webtv.disco/content/explore2d/programming/minesweeper/flash youwin.fla
98.02.18 17:19 B C:\Louis\minesweeper\flash\tryagain.fla --> homeless.artemis.com /home/content/webtv.disco/content/explore2d/programming/minesweeper/flash tryagain.fla
98.02.18 17:19 B C:\Louis\minesweeper\flash\tryagain.spl --> homeless.artemis.com /home/content/webtv.disco/content/explore2d/programming/minesweeper/flash tryagain.spl
98.02.18 17:21 B C:\Louis\minesweeper\flash\tryagain.spl --> homeless.artemis.com /home/content/webtv.disco/content/explore2d/programming/minesweeper/flash tryagain.spl
98.02.18 17:22 B C:\Louis\minesweeper\flash\tryagain.spl --> homeless.artemis.com /home/content/webtv.disco/content/explore2d/programming/minesweeper/flash tryagain.spl
98.02.18 17:25 B C:\Louis\minesweeper\flash\0212_youwinani.ai --> www.woofie.com /u1/vhome/louis/www/wtv/minesweeper/flash 0212_youwinani.ai
98.02.18 17:25 B C:\Louis\minesweeper\flash\0212_youwinani_ai.hqx --> www.woofie.com /u1/vhome/louis/www/wtv/minesweeper/flash 0212_youwinani_ai.hqx
98.02.18 17:25 B C:\Louis\minesweeper\flash\0217_tryagain.ai --> www.woofie.com /u1/vhome/louis/www/wtv/minesweeper/flash 0217_tryagain.ai
98.02.18 17:25 B C:\Louis\minesweeper\flash\0217_tryagain_ai.hqx --> www.woofie.com /u1/vhome/louis/www/wtv/minesweeper/flash 0217_tryagain_ai.hqx
98.02.18 17:25 B C:\Louis\minesweeper\flash\Mine.spl --> www.woofie.com /u1/vhome/louis/www/wtv/minesweeper/flash Mine.spl
98.02.18 17:25 B C:\Louis\minesweeper\flash\Mineold.spl --> www.woofie.com /u1/vhome/louis/www/wtv/minesweeper/flash Mineold.spl
98.02.18 17:25 B C:\Louis\minesweeper\flash\tryagain.fla --> www.woofie.com /u1/vhome/louis/www/wtv/minesweeper/flash tryagain.fla
98.02.18 17:25 B C:\Louis\minesweeper\flash\tryagain.spl --> www.woofie.com /u1/vhome/louis/www/wtv/minesweeper/flash tryagain.spl
98.02.18 17:25 B C:\Louis\minesweeper\flash\WebtvToMine.spl --> www.woofie.com /u1/vhome/louis/www/wtv/minesweeper/flash WebtvToMine.spl
98.02.18 17:25 B C:\Louis\minesweeper\flash\WS_FTP.LOG --> www.woofie.com /u1/vhome/louis/www/wtv/minesweeper/flash WS_FTP.LOG
98.02.18 17:25 B C:\Louis\minesweeper\flash\youwin.fla --> www.woofie.com /u1/vhome/louis/www/wtv/minesweeper/flash youwin.fla
98.02.18 17:25 B C:\Louis\minesweeper\flash\youwin.spl --> www.woofie.com /u1/vhome/louis/www/wtv/minesweeper/flash youwin.spl
98.03.03 21:55 B C:\Louis\minesweeper\flash\0212_youwinani.ai --> www.woofie.com /u1/vhome/louis/www/wtv/minesweeper/flash 0212_youwinani.ai
98.03.03 21:55 B C:\Louis\minesweeper\flash\0212_youwinani_ai.hqx --> www.woofie.com /u1/vhome/louis/www/wtv/minesweeper/flash 0212_youwinani_ai.hqx
98.03.03 21:55 B C:\Louis\minesweeper\flash\0217_tryagain.ai --> www.woofie.com /u1/vhome/louis/www/wtv/minesweeper/flash 0217_tryagain.ai
98.03.03 21:55 B C:\Louis\minesweeper\flash\0217_tryagain_ai.hqx --> www.woofie.com /u1/vhome/louis/www/wtv/minesweeper/flash 0217_tryagain_ai.hqx
98.03.03 21:55 B C:\Louis\minesweeper\flash\Mine.spl --> www.woofie.com /u1/vhome/louis/www/wtv/minesweeper/flash Mine.spl
98.03.03 21:55 B C:\Louis\minesweeper\flash\Mineold.spl --> www.woofie.com /u1/vhome/louis/www/wtv/minesweeper/flash Mineold.spl
98.03.03 21:55 B C:\Louis\minesweeper\flash\tryagain.fla --> www.woofie.com /u1/vhome/louis/www/wtv/minesweeper/flash tryagain.fla
98.03.03 21:55 B C:\Louis\minesweeper\flash\tryagain.spl --> www.woofie.com /u1/vhome/louis/www/wtv/minesweeper/flash tryagain.spl
98.03.03 21:55 B C:\Louis\minesweeper\flash\WebtvToMine.spl --> www.woofie.com /u1/vhome/louis/www/wtv/minesweeper/flash WebtvToMine.spl
98.03.03 21:55 B C:\Louis\minesweeper\flash\WS_FTP.LOG --> www.woofie.com /u1/vhome/louis/www/wtv/minesweeper/flash WS_FTP.LOG
98.03.03 21:55 B C:\Louis\minesweeper\flash\youwin.fla --> www.woofie.com /u1/vhome/louis/www/wtv/minesweeper/flash youwin.fla
98.03.03 21:55 B C:\Louis\minesweeper\flash\youwin.spl --> www.woofie.com /u1/vhome/louis/www/wtv/minesweeper/flash youwin.spl
98.03.11 18:35 B C:\Louis\minesweeper\flash\0212_youwinani.ai --> www.woofie.com /u1/vhome/louis/www/wtv/minesweeper/flash 0212_youwinani.ai
98.03.11 18:35 B C:\Louis\minesweeper\flash\0212_youwinani_ai.hqx --> www.woofie.com /u1/vhome/louis/www/wtv/minesweeper/flash 0212_youwinani_ai.hqx
98.03.11 18:35 B C:\Louis\minesweeper\flash\0217_tryagain.ai --> www.woofie.com /u1/vhome/louis/www/wtv/minesweeper/flash 0217_tryagain.ai
98.03.11 18:35 B C:\Louis\minesweeper\flash\0217_tryagain_ai.hqx --> www.woofie.com /u1/vhome/louis/www/wtv/minesweeper/flash 0217_tryagain_ai.hqx
98.03.11 18:35 B C:\Louis\minesweeper\flash\Mine.spl --> www.woofie.com /u1/vhome/louis/www/wtv/minesweeper/flash Mine.spl
98.03.11 18:35 B C:\Louis\minesweeper\flash\Mineold.spl --> www.woofie.com /u1/vhome/louis/www/wtv/minesweeper/flash Mineold.spl
98.03.11 18:35 B C:\Louis\minesweeper\flash\tryagain.fla --> www.woofie.com /u1/vhome/louis/www/wtv/minesweeper/flash tryagain.fla
98.03.11 18:35 B C:\Louis\minesweeper\flash\tryagain.spl --> www.woofie.com /u1/vhome/louis/www/wtv/minesweeper/flash tryagain.spl
98.03.11 18:35 B C:\Louis\minesweeper\flash\WebtvToMine.spl --> www.woofie.com /u1/vhome/louis/www/wtv/minesweeper/flash WebtvToMine.spl
98.03.11 18:35 B C:\Louis\minesweeper\flash\WS_FTP.LOG --> www.woofie.com /u1/vhome/louis/www/wtv/minesweeper/flash WS_FTP.LOG
98.03.11 18:36 B C:\Louis\minesweeper\flash\youwin.fla --> www.woofie.com /u1/vhome/louis/www/wtv/minesweeper/flash youwin.fla
98.03.11 18:36 B C:\Louis\minesweeper\flash\youwin.spl --> www.woofie.com /u1/vhome/louis/www/wtv/minesweeper/flash youwin.spl
98.03.20 11:29 B C:\Louis\minesweeper\flash\0212_youwinani.ai --> www.woofie.com /u1/vhome/louis/www/wtv/minesweeper/flash 0212_youwinani.ai
98.03.20 11:29 B C:\Louis\minesweeper\flash\0212_youwinani_ai.hqx --> www.woofie.com /u1/vhome/louis/www/wtv/minesweeper/flash 0212_youwinani_ai.hqx
98.03.20 11:29 B C:\Louis\minesweeper\flash\0217_tryagain.ai --> www.woofie.com /u1/vhome/louis/www/wtv/minesweeper/flash 0217_tryagain.ai
98.03.20 11:29 B C:\Louis\minesweeper\flash\0217_tryagain_ai.hqx --> www.woofie.com /u1/vhome/louis/www/wtv/minesweeper/flash 0217_tryagain_ai.hqx
98.03.20 11:29 B C:\Louis\minesweeper\flash\Mine.spl --> www.woofie.com /u1/vhome/louis/www/wtv/minesweeper/flash Mine.spl
98.03.20 11:29 B C:\Louis\minesweeper\flash\Mineold.spl --> www.woofie.com /u1/vhome/louis/www/wtv/minesweeper/flash Mineold.spl
98.03.20 11:29 B C:\Louis\minesweeper\flash\tryagain.fla --> www.woofie.com /u1/vhome/louis/www/wtv/minesweeper/flash tryagain.fla
98.03.20 11:29 B C:\Louis\minesweeper\flash\tryagain.spl --> www.woofie.com /u1/vhome/louis/www/wtv/minesweeper/flash tryagain.spl
98.03.20 11:30 B C:\Louis\minesweeper\flash\WebtvToMine.spl --> www.woofie.com /u1/vhome/louis/www/wtv/minesweeper/flash WebtvToMine.spl
98.03.20 11:30 B C:\Louis\minesweeper\flash\WS_FTP.LOG --> www.woofie.com /u1/vhome/louis/www/wtv/minesweeper/flash WS_FTP.LOG
98.03.20 11:30 B C:\Louis\minesweeper\flash\youwin.fla --> www.woofie.com /u1/vhome/louis/www/wtv/minesweeper/flash youwin.fla
98.03.20 11:30 B C:\Louis\minesweeper\flash\youwin.spl --> www.woofie.com /u1/vhome/louis/www/wtv/minesweeper/flash youwin.spl
98.03.20 11:51 B C:\Louis\minesweeper\flash\0212_youwinani.ai --> www.woofie.com /u1/vhome/louis/www/wtv/minesweeper/flash 0212_youwinani.ai
98.03.20 11:51 B C:\Louis\minesweeper\flash\0212_youwinani_ai.hqx --> www.woofie.com /u1/vhome/louis/www/wtv/minesweeper/flash 0212_youwinani_ai.hqx
98.03.20 11:51 B C:\Louis\minesweeper\flash\0217_tryagain.ai --> www.woofie.com /u1/vhome/louis/www/wtv/minesweeper/flash 0217_tryagain.ai
98.03.20 11:52 B C:\Louis\minesweeper\flash\0217_tryagain_ai.hqx --> www.woofie.com /u1/vhome/louis/www/wtv/minesweeper/flash 0217_tryagain_ai.hqx
98.03.20 11:52 B C:\Louis\minesweeper\flash\Mine.spl --> www.woofie.com /u1/vhome/louis/www/wtv/minesweeper/flash Mine.spl
98.03.20 11:52 B C:\Louis\minesweeper\flash\Mineold.spl --> www.woofie.com /u1/vhome/louis/www/wtv/minesweeper/flash Mineold.spl
98.03.20 11:52 B C:\Louis\minesweeper\flash\tryagain.fla --> www.woofie.com /u1/vhome/louis/www/wtv/minesweeper/flash tryagain.fla
98.03.20 11:52 B C:\Louis\minesweeper\flash\tryagain.spl --> www.woofie.com /u1/vhome/louis/www/wtv/minesweeper/flash tryagain.spl
98.03.20 11:52 B C:\Louis\minesweeper\flash\WebtvToMine.spl --> www.woofie.com /u1/vhome/louis/www/wtv/minesweeper/flash WebtvToMine.spl
