97.09.30 09:59 B D:\LouisRoehrs\crosswordpub\sounds\applause.MP2 <-- AEd /usr/home/tpark/public_html/crosswordpub/sounds applause.MP2
97.09.30 09:59 B D:\LouisRoehrs\crosswordpub\sounds\electricdoor1.mid <-- AEd /usr/home/tpark/public_html/crosswordpub/sounds electricdoor1.mid
97.09.30 09:59 B D:\LouisRoehrs\crosswordpub\sounds\jollygooba1.mid <-- AEd /usr/home/tpark/public_html/crosswordpub/sounds jollygooba1.mid
97.09.30 10:07 B D:\LouisRoehrs\crosswordpub\sounds\applause.MP2 --> ed.webtv.net /usr/home/tpark/public_html/louis/crosswordpub/sounds applause.MP2
97.09.30 10:07 B D:\LouisRoehrs\crosswordpub\sounds\electricdoor1.mid --> ed.webtv.net /usr/home/tpark/public_html/louis/crosswordpub/sounds electricdoor1.mid
97.09.30 10:07 B D:\LouisRoehrs\crosswordpub\sounds\jollygooba1.mid --> ed.webtv.net /usr/home/tpark/public_html/louis/crosswordpub/sounds jollygooba1.mid
97.09.30 10:07 B D:\LouisRoehrs\crosswordpub\sounds\WS_FTP.LOG --> ed.webtv.net /usr/home/tpark/public_html/louis/crosswordpub/sounds WS_FTP.LOG
97.10.06 22:53 B D:\LouisRoehrs\crosswordpub\sounds\applause.MP2 --> ed.webtv.net /usr/home/tpark/public_html/louis/images/crosswordpub/sounds applause.MP2
97.10.06 22:53 B D:\LouisRoehrs\crosswordpub\sounds\electricdoor1.mid --> ed.webtv.net /usr/home/tpark/public_html/louis/images/crosswordpub/sounds electricdoor1.mid
97.10.06 22:53 B D:\LouisRoehrs\crosswordpub\sounds\jollygooba1.mid --> ed.webtv.net /usr/home/tpark/public_html/louis/images/crosswordpub/sounds jollygooba1.mid
97.10.06 22:53 B D:\LouisRoehrs\crosswordpub\sounds\WS_FTP.LOG --> ed.webtv.net /usr/home/tpark/public_html/louis/images/crosswordpub/sounds WS_FTP.LOG
97.10.13 12:27 B D:\LouisRoehrs\crosswordpub\sounds\applause.MP2 --> vp2.netgate.net /u1/vhome/louis/www/wtv/crosswordpub/sounds applause.MP2
97.10.13 12:27 B D:\LouisRoehrs\crosswordpub\sounds\electricdoor1.mid --> vp2.netgate.net /u1/vhome/louis/www/wtv/crosswordpub/sounds electricdoor1.mid
97.10.13 12:27 B D:\LouisRoehrs\crosswordpub\sounds\jollygooba1.mid --> vp2.netgate.net /u1/vhome/louis/www/wtv/crosswordpub/sounds jollygooba1.mid
97.10.13 12:27 B D:\LouisRoehrs\crosswordpub\sounds\WS_FTP.LOG --> vp2.netgate.net /u1/vhome/louis/www/wtv/crosswordpub/sounds WS_FTP.LOG
97.10.21 19:51 B D:\LouisRoehrs\crosswordpub\sounds\applause.MP2 --> vp2.netgate.net /u1/vhome/louis/www/wtv/crosswordpub/sounds applause.MP2
97.10.21 19:51 B D:\LouisRoehrs\crosswordpub\sounds\electricdoor1.mid --> vp2.netgate.net /u1/vhome/louis/www/wtv/crosswordpub/sounds electricdoor1.mid
97.10.21 19:51 B D:\LouisRoehrs\crosswordpub\sounds\jollygooba1.mid --> vp2.netgate.net /u1/vhome/louis/www/wtv/crosswordpub/sounds jollygooba1.mid
97.10.21 19:51 B D:\LouisRoehrs\crosswordpub\sounds\WS_FTP.LOG --> vp2.netgate.net /u1/vhome/louis/www/wtv/crosswordpub/sounds WS_FTP.LOG
97.10.24 18:29 B D:\LouisRoehrs\crosswordpub\sounds\applause.MP2 --> vp2.netgate.net /u1/vhome/louis/www/wtv/crosswordpub/sounds applause.MP2
97.10.24 18:29 B D:\LouisRoehrs\crosswordpub\sounds\electricdoor1.mid --> vp2.netgate.net /u1/vhome/louis/www/wtv/crosswordpub/sounds electricdoor1.mid
97.10.24 18:29 B D:\LouisRoehrs\crosswordpub\sounds\jollygooba1.mid --> vp2.netgate.net /u1/vhome/louis/www/wtv/crosswordpub/sounds jollygooba1.mid
