98.01.27 14:06 B C:\Louis\spacerace\airtank\0.gif <-- woofie /u1/vhome/louis/www/wtv/spacerace/airtank 0.gif
98.01.27 14:06 B C:\Louis\spacerace\airtank\0bg.gif <-- woofie /u1/vhome/louis/www/wtv/spacerace/airtank 0bg.gif
98.01.27 14:06 B C:\Louis\spacerace\airtank\1.gif <-- woofie /u1/vhome/louis/www/wtv/spacerace/airtank 1.gif
98.01.27 14:06 B C:\Louis\spacerace\airtank\2.gif <-- woofie /u1/vhome/louis/www/wtv/spacerace/airtank 2.gif
98.01.27 14:06 B C:\Louis\spacerace\airtank\3.gif <-- woofie /u1/vhome/louis/www/wtv/spacerace/airtank 3.gif
98.01.27 14:06 B C:\Louis\spacerace\airtank\4.gif <-- woofie /u1/vhome/louis/www/wtv/spacerace/airtank 4.gif
98.01.27 14:06 B C:\Louis\spacerace\airtank\5.gif <-- woofie /u1/vhome/louis/www/wtv/spacerace/airtank 5.gif
98.01.27 14:06 B C:\Louis\spacerace\airtank\6.gif <-- woofie /u1/vhome/louis/www/wtv/spacerace/airtank 6.gif
98.01.27 14:06 B C:\Louis\spacerace\airtank\7.gif <-- woofie /u1/vhome/louis/www/wtv/spacerace/airtank 7.gif
98.01.27 14:06 B C:\Louis\spacerace\airtank\8.gif <-- woofie /u1/vhome/louis/www/wtv/spacerace/airtank 8.gif
98.01.27 14:06 B C:\Louis\spacerace\airtank\9.gif <-- woofie /u1/vhome/louis/www/wtv/spacerace/airtank 9.gif
98.04.27 17:29 B C:\Louis\aspacerace\airtank\0.gif --> homeless.artemis.com /home/content/webtv.disco/content/explore2d/programming/spacerace/airtank 0.gif
98.04.27 17:29 B C:\Louis\aspacerace\airtank\0bg.gif --> homeless.artemis.com /home/content/webtv.disco/content/explore2d/programming/spacerace/airtank 0bg.gif
98.04.27 17:29 B C:\Louis\aspacerace\airtank\1.gif --> homeless.artemis.com /home/content/webtv.disco/content/explore2d/programming/spacerace/airtank 1.gif
98.04.27 17:29 B C:\Louis\aspacerace\airtank\2.gif --> homeless.artemis.com /home/content/webtv.disco/content/explore2d/programming/spacerace/airtank 2.gif
98.04.27 17:29 B C:\Louis\aspacerace\airtank\3.gif --> homeless.artemis.com /home/content/webtv.disco/content/explore2d/programming/spacerace/airtank 3.gif
98.04.27 17:29 B C:\Louis\aspacerace\airtank\4.gif --> homeless.artemis.com /home/content/webtv.disco/content/explore2d/programming/spacerace/airtank 4.gif
98.04.27 17:29 B C:\Louis\aspacerace\airtank\5.gif --> homeless.artemis.com /home/content/webtv.disco/content/explore2d/programming/spacerace/airtank 5.gif
98.04.27 17:29 B C:\Louis\aspacerace\airtank\6.gif --> homeless.artemis.com /home/content/webtv.disco/content/explore2d/programming/spacerace/airtank 6.gif
98.04.27 17:29 B C:\Louis\aspacerace\airtank\7.gif --> homeless.artemis.com /home/content/webtv.disco/content/explore2d/programming/spacerace/airtank 7.gif
98.04.27 17:29 B C:\Louis\aspacerace\airtank\8.gif --> homeless.artemis.com /home/content/webtv.disco/content/explore2d/programming/spacerace/airtank 8.gif
98.04.27 17:29 B C:\Louis\aspacerace\airtank\9.gif --> homeless.artemis.com /home/content/webtv.disco/content/explore2d/programming/spacerace/airtank 9.gif
98.04.27 17:32 B C:\Louis\aspaceraceserver\airtank\WS_FTP.LOG <-- content /home/content/webtv.disco/content/explore2d/programming/spacerace/airtank WS_FTP.LOG
