97.09.30 09:59 B D:\LouisRoehrs\crossword\index.html <-- AEd /usr/home/tpark/public_html/crossword index.html
97.09.30 09:59 B D:\LouisRoehrs\crossword\index2.html <-- AEd /usr/home/tpark/public_html/crossword index2.html
97.09.30 09:59 B D:\LouisRoehrs\crossword\play.html <-- AEd /usr/home/tpark/public_html/crossword play.html
97.09.30 10:06 B D:\LouisRoehrs\crossword\index.html --> ed.webtv.net /usr/home/tpark/public_html/louis/crossword index.html
97.09.30 10:06 B D:\LouisRoehrs\crossword\index.html.bak --> ed.webtv.net /usr/home/tpark/public_html/louis/crossword index.html.bak
97.09.30 10:06 B D:\LouisRoehrs\crossword\index2.html --> ed.webtv.net /usr/home/tpark/public_html/louis/crossword index2.html
97.09.30 10:06 B D:\LouisRoehrs\crossword\index2.html.bak --> ed.webtv.net /usr/home/tpark/public_html/louis/crossword index2.html.bak
97.09.30 10:06 B D:\LouisRoehrs\crossword\play.html --> ed.webtv.net /usr/home/tpark/public_html/louis/crossword play.html
97.09.30 10:06 B D:\LouisRoehrs\crossword\play.html.bak --> ed.webtv.net /usr/home/tpark/public_html/louis/crossword play.html.bak
97.09.30 10:06 B D:\LouisRoehrs\crossword\WS_FTP.LOG --> ed.webtv.net /usr/home/tpark/public_html/louis/crossword WS_FTP.LOG
97.10.13 12:26 B D:\LouisRoehrs\crossword\Copy of index.html --> vp2.netgate.net /u1/vhome/louis/www/wtv/crossword Copy of index.html
97.10.13 12:26 B D:\LouisRoehrs\crossword\index.html --> vp2.netgate.net /u1/vhome/louis/www/wtv/crossword index.html
97.10.13 12:26 B D:\LouisRoehrs\crossword\index.html.bak --> vp2.netgate.net /u1/vhome/louis/www/wtv/crossword index.html.bak
97.10.13 12:26 B D:\LouisRoehrs\crossword\index2.html --> vp2.netgate.net /u1/vhome/louis/www/wtv/crossword index2.html
97.10.13 12:26 B D:\LouisRoehrs\crossword\index2.html.bak --> vp2.netgate.net /u1/vhome/louis/www/wtv/crossword index2.html.bak
97.10.13 12:26 B D:\LouisRoehrs\crossword\play.html --> vp2.netgate.net /u1/vhome/louis/www/wtv/crossword play.html
97.10.13 12:26 B D:\LouisRoehrs\crossword\play.html.bak --> vp2.netgate.net /u1/vhome/louis/www/wtv/crossword play.html.bak
97.10.13 12:26 B D:\LouisRoehrs\crossword\WS_FTP.LOG --> vp2.netgate.net /u1/vhome/louis/www/wtv/crossword WS_FTP.LOG
97.10.21 19:51 B D:\LouisRoehrs\crossword\Copy of index.html --> vp2.netgate.net /u1/vhome/louis/www/wtv/crossword Copy of index.html
97.10.21 19:51 B D:\LouisRoehrs\crossword\index.html --> vp2.netgate.net /u1/vhome/louis/www/wtv/crossword index.html
97.10.21 19:51 B D:\LouisRoehrs\crossword\index.html.bak --> vp2.netgate.net /u1/vhome/louis/www/wtv/crossword index.html.bak
97.10.21 19:51 B D:\LouisRoehrs\crossword\index2.html --> vp2.netgate.net /u1/vhome/louis/www/wtv/crossword index2.html
97.10.21 19:51 B D:\LouisRoehrs\crossword\index2.html.bak --> vp2.netgate.net /u1/vhome/louis/www/wtv/crossword index2.html.bak
97.10.21 19:51 B D:\LouisRoehrs\crossword\play.html --> vp2.netgate.net /u1/vhome/louis/www/wtv/crossword play.html
97.10.21 19:51 B D:\LouisRoehrs\crossword\play.html.bak --> vp2.netgate.net /u1/vhome/louis/www/wtv/crossword play.html.bak
97.10.21 19:51 B D:\LouisRoehrs\crossword\WS_FTP.LOG --> vp2.netgate.net /u1/vhome/louis/www/wtv/crossword WS_FTP.LOG
97.10.24 18:28 B D:\LouisRoehrs\crossword\Copy of index.html --> vp2.netgate.net /u1/vhome/louis/www/wtv/crossword Copy of index.html
97.10.24 18:28 B D:\LouisRoehrs\crossword\index.html --> vp2.netgate.net /u1/vhome/louis/www/wtv/crossword index.html
97.10.24 18:28 B D:\LouisRoehrs\crossword\index.html.bak --> vp2.netgate.net /u1/vhome/louis/www/wtv/crossword index.html.bak
97.10.24 18:28 B D:\LouisRoehrs\crossword\index2.html --> vp2.netgate.net /u1/vhome/louis/www/wtv/crossword index2.html
97.10.24 18:28 B D:\LouisRoehrs\crossword\index2.html.bak --> vp2.netgate.net /u1/vhome/louis/www/wtv/crossword index2.html.bak
97.10.24 18:28 B D:\LouisRoehrs\crossword\play.html --> vp2.netgate.net /u1/vhome/louis/www/wtv/crossword play.html
97.10.24 18:28 B D:\LouisRoehrs\crossword\play.html.bak --> vp2.netgate.net /u1/vhome/louis/www/wtv/crossword play.html.bak
98.01.14 14:14 B C:\Louis\crossword\WS_FTP.LOG <-- woofie /u1/vhome/louis/www/wtv/crossword WS_FTP.LOG
98.01.26 16:59 A C:\Louis\crossword\WS_FTP.LOG --> www.woofie.com /u1/vhome/louis/www/wtv/crossword/navmap WS_FTP.LOG
98.03.24 11:31 A C:\Louis\crossword\Copy of index.html --> www.woofie.com /u1/vhome/louis/www/wtv/crossword Copy of index.html
98.03.24 11:31 A C:\Louis\crossword\index.html --> www.woofie.com /u1/vhome/louis/www/wtv/crossword index.html
98.03.24 11:31 A C:\Louis\crossword\index.html.bak --> www.woofie.com /u1/vhome/louis/www/wtv/crossword index.html.bak
98.03.24 11:31 A C:\Louis\crossword\index2.html --> www.woofie.com /u1/vhome/louis/www/wtv/crossword index2.html
98.03.24 11:31 A C:\Louis\crossword\index2.html.bak --> www.woofie.com /u1/vhome/louis/www/wtv/crossword index2.html.bak
98.03.24 11:31 A C:\Louis\crossword\play.html --> www.woofie.com /u1/vhome/louis/www/wtv/crossword play.html
98.03.24 11:31 A C:\Louis\crossword\play.html.bak --> www.woofie.com /u1/vhome/louis/www/wtv/crossword play.html.bak
