97.10.20 20:16 B D:\LouisRoehrs\makeamatch\marbles\orbslarg.zip --> ed.webtv.net /usr/local/etc/apache_1.2.1/htdocs/tpark/public_html/louis/makeamatch/marbles orbslarg.zip
97.10.20 20:16 B D:\LouisRoehrs\makeamatch\marbles\s_lwbg00.jpg --> ed.webtv.net /usr/local/etc/apache_1.2.1/htdocs/tpark/public_html/louis/makeamatch/marbles s_lwbg00.jpg
97.10.20 20:16 B D:\LouisRoehrs\makeamatch\marbles\s_lwbg01.jpg --> ed.webtv.net /usr/local/etc/apache_1.2.1/htdocs/tpark/public_html/louis/makeamatch/marbles s_lwbg01.jpg
97.10.20 20:16 B D:\LouisRoehrs\makeamatch\marbles\s_lwbg02.jpg --> ed.webtv.net /usr/local/etc/apache_1.2.1/htdocs/tpark/public_html/louis/makeamatch/marbles s_lwbg02.jpg
97.10.20 20:16 B D:\LouisRoehrs\makeamatch\marbles\s_lwbg03.jpg --> ed.webtv.net /usr/local/etc/apache_1.2.1/htdocs/tpark/public_html/louis/makeamatch/marbles s_lwbg03.jpg
97.10.20 20:16 B D:\LouisRoehrs\makeamatch\marbles\s_lwbg04.jpg --> ed.webtv.net /usr/local/etc/apache_1.2.1/htdocs/tpark/public_html/louis/makeamatch/marbles s_lwbg04.jpg
97.10.20 20:16 B D:\LouisRoehrs\makeamatch\marbles\s_lwbg05.jpg --> ed.webtv.net /usr/local/etc/apache_1.2.1/htdocs/tpark/public_html/louis/makeamatch/marbles s_lwbg05.jpg
97.10.20 20:16 B D:\LouisRoehrs\makeamatch\marbles\s_lwbg06.jpg --> ed.webtv.net /usr/local/etc/apache_1.2.1/htdocs/tpark/public_html/louis/makeamatch/marbles s_lwbg06.jpg
97.10.20 20:16 B D:\LouisRoehrs\makeamatch\marbles\s_lwbg07.jpg --> ed.webtv.net /usr/local/etc/apache_1.2.1/htdocs/tpark/public_html/louis/makeamatch/marbles s_lwbg07.jpg
97.10.20 20:16 B D:\LouisRoehrs\makeamatch\marbles\s_lwbg08.jpg --> ed.webtv.net /usr/local/etc/apache_1.2.1/htdocs/tpark/public_html/louis/makeamatch/marbles s_lwbg08.jpg
97.10.20 20:16 B D:\LouisRoehrs\makeamatch\marbles\s_lwbg09.jpg --> ed.webtv.net /usr/local/etc/apache_1.2.1/htdocs/tpark/public_html/louis/makeamatch/marbles s_lwbg09.jpg
97.10.20 20:16 B D:\LouisRoehrs\makeamatch\marbles\s_lwbg10.jpg --> ed.webtv.net /usr/local/etc/apache_1.2.1/htdocs/tpark/public_html/louis/makeamatch/marbles s_lwbg10.jpg
97.10.20 20:16 B D:\LouisRoehrs\makeamatch\marbles\s_lwbg11.jpg --> ed.webtv.net /usr/local/etc/apache_1.2.1/htdocs/tpark/public_html/louis/makeamatch/marbles s_lwbg11.jpg
97.10.20 20:16 B D:\LouisRoehrs\makeamatch\marbles\s_lwbg12.jpg --> ed.webtv.net /usr/local/etc/apache_1.2.1/htdocs/tpark/public_html/louis/makeamatch/marbles s_lwbg12.jpg
97.10.20 20:16 B D:\LouisRoehrs\makeamatch\marbles\s_lwbg13.jpg --> ed.webtv.net /usr/local/etc/apache_1.2.1/htdocs/tpark/public_html/louis/makeamatch/marbles s_lwbg13.jpg
97.10.20 20:16 B D:\LouisRoehrs\makeamatch\marbles\s_lwbg14.jpg --> ed.webtv.net /usr/local/etc/apache_1.2.1/htdocs/tpark/public_html/louis/makeamatch/marbles s_lwbg14.jpg
97.10.21 19:54 B D:\LouisRoehrs\makeamatch\marbles\orbslarg.zip --> vp2.netgate.net /u1/vhome/louis/www/wtv/makeamatch/marbles orbslarg.zip
97.10.21 19:54 B D:\LouisRoehrs\makeamatch\marbles\s_lwbg00.jpg --> vp2.netgate.net /u1/vhome/louis/www/wtv/makeamatch/marbles s_lwbg00.jpg
97.10.21 19:54 B D:\LouisRoehrs\makeamatch\marbles\s_lwbg01.jpg --> vp2.netgate.net /u1/vhome/louis/www/wtv/makeamatch/marbles s_lwbg01.jpg
97.10.21 19:54 B D:\LouisRoehrs\makeamatch\marbles\s_lwbg02.jpg --> vp2.netgate.net /u1/vhome/louis/www/wtv/makeamatch/marbles s_lwbg02.jpg
97.10.21 19:54 B D:\LouisRoehrs\makeamatch\marbles\s_lwbg03.jpg --> vp2.netgate.net /u1/vhome/louis/www/wtv/makeamatch/marbles s_lwbg03.jpg
97.10.21 19:54 B D:\LouisRoehrs\makeamatch\marbles\s_lwbg04.jpg --> vp2.netgate.net /u1/vhome/louis/www/wtv/makeamatch/marbles s_lwbg04.jpg
97.10.21 19:54 B D:\LouisRoehrs\makeamatch\marbles\s_lwbg05.jpg --> vp2.netgate.net /u1/vhome/louis/www/wtv/makeamatch/marbles s_lwbg05.jpg
97.10.21 19:54 B D:\LouisRoehrs\makeamatch\marbles\s_lwbg06.jpg --> vp2.netgate.net /u1/vhome/louis/www/wtv/makeamatch/marbles s_lwbg06.jpg
97.10.21 19:54 B D:\LouisRoehrs\makeamatch\marbles\s_lwbg07.jpg --> vp2.netgate.net /u1/vhome/louis/www/wtv/makeamatch/marbles s_lwbg07.jpg
97.10.21 19:54 B D:\LouisRoehrs\makeamatch\marbles\s_lwbg08.jpg --> vp2.netgate.net /u1/vhome/louis/www/wtv/makeamatch/marbles s_lwbg08.jpg
97.10.21 19:54 B D:\LouisRoehrs\makeamatch\marbles\s_lwbg09.jpg --> vp2.netgate.net /u1/vhome/louis/www/wtv/makeamatch/marbles s_lwbg09.jpg
97.10.21 19:54 B D:\LouisRoehrs\makeamatch\marbles\s_lwbg10.jpg --> vp2.netgate.net /u1/vhome/louis/www/wtv/makeamatch/marbles s_lwbg10.jpg
97.10.21 19:54 B D:\LouisRoehrs\makeamatch\marbles\s_lwbg11.jpg --> vp2.netgate.net /u1/vhome/louis/www/wtv/makeamatch/marbles s_lwbg11.jpg
97.10.21 19:54 B D:\LouisRoehrs\makeamatch\marbles\s_lwbg12.jpg --> vp2.netgate.net /u1/vhome/louis/www/wtv/makeamatch/marbles s_lwbg12.jpg
97.10.21 19:54 B D:\LouisRoehrs\makeamatch\marbles\s_lwbg13.jpg --> vp2.netgate.net /u1/vhome/louis/www/wtv/makeamatch/marbles s_lwbg13.jpg
97.10.21 19:54 B D:\LouisRoehrs\makeamatch\marbles\s_lwbg14.jpg --> vp2.netgate.net /u1/vhome/louis/www/wtv/makeamatch/marbles s_lwbg14.jpg
97.10.21 19:54 B D:\LouisRoehrs\makeamatch\marbles\WS_FTP.LOG --> vp2.netgate.net /u1/vhome/louis/www/wtv/makeamatch/marbles WS_FTP.LOG
97.10.24 18:33 B D:\LouisRoehrs\makeamatch\marbles\orbslarg.zip --> vp2.netgate.net /u1/vhome/louis/www/wtv/makeamatch/marbles orbslarg.zip
97.10.24 18:33 B D:\LouisRoehrs\makeamatch\marbles\s_lwbg00.jpg --> vp2.netgate.net /u1/vhome/louis/www/wtv/makeamatch/marbles s_lwbg00.jpg
97.10.24 18:33 B D:\LouisRoehrs\makeamatch\marbles\s_lwbg01.jpg --> vp2.netgate.net /u1/vhome/louis/www/wtv/makeamatch/marbles s_lwbg01.jpg
97.10.24 18:33 B D:\LouisRoehrs\makeamatch\marbles\s_lwbg02.jpg --> vp2.netgate.net /u1/vhome/louis/www/wtv/makeamatch/marbles s_lwbg02.jpg
97.10.24 18:33 B D:\LouisRoehrs\makeamatch\marbles\s_lwbg03.jpg --> vp2.netgate.net /u1/vhome/louis/www/wtv/makeamatch/marbles s_lwbg03.jpg
97.10.24 18:33 B D:\LouisRoehrs\makeamatch\marbles\s_lwbg04.jpg --> vp2.netgate.net /u1/vhome/louis/www/wtv/makeamatch/marbles s_lwbg04.jpg
97.10.24 18:33 B D:\LouisRoehrs\makeamatch\marbles\s_lwbg05.jpg --> vp2.netgate.net /u1/vhome/louis/www/wtv/makeamatch/marbles s_lwbg05.jpg
97.10.24 18:33 B D:\LouisRoehrs\makeamatch\marbles\s_lwbg06.jpg --> vp2.netgate.net /u1/vhome/louis/www/wtv/makeamatch/marbles s_lwbg06.jpg
97.10.24 18:33 B D:\LouisRoehrs\makeamatch\marbles\s_lwbg07.jpg --> vp2.netgate.net /u1/vhome/louis/www/wtv/makeamatch/marbles s_lwbg07.jpg
97.10.24 18:33 B D:\LouisRoehrs\makeamatch\marbles\s_lwbg08.jpg --> vp2.netgate.net /u1/vhome/louis/www/wtv/makeamatch/marbles s_lwbg08.jpg
97.10.24 18:33 B D:\LouisRoehrs\makeamatch\marbles\s_lwbg09.jpg --> vp2.netgate.net /u1/vhome/louis/www/wtv/makeamatch/marbles s_lwbg09.jpg
97.10.24 18:33 B D:\LouisRoehrs\makeamatch\marbles\s_lwbg10.jpg --> vp2.netgate.net /u1/vhome/louis/www/wtv/makeamatch/marbles s_lwbg10.jpg
97.10.24 18:33 B D:\LouisRoehrs\makeamatch\marbles\s_lwbg11.jpg --> vp2.netgate.net /u1/vhome/louis/www/wtv/makeamatch/marbles s_lwbg11.jpg
97.10.24 18:33 B D:\LouisRoehrs\makeamatch\marbles\s_lwbg12.jpg --> vp2.netgate.net /u1/vhome/louis/www/wtv/makeamatch/marbles s_lwbg12.jpg
97.10.24 18:33 B D:\LouisRoehrs\makeamatch\marbles\s_lwbg13.jpg --> vp2.netgate.net /u1/vhome/louis/www/wtv/makeamatch/marbles s_lwbg13.jpg
97.10.24 18:33 B D:\LouisRoehrs\makeamatch\marbles\s_lwbg14.jpg --> vp2.netgate.net /u1/vhome/louis/www/wtv/makeamatch/marbles s_lwbg14.jpg
