98.01.14 23:13 A C:\Louis\triviapub\general\19971222holiday4\general1.html <-- Ed /usr/local/etc/apache_1.2.1/htdocs/tpark/public_html/triviapub/general/19971222holiday4 general1.html
98.01.14 23:13 A C:\Louis\triviapub\general\19971222holiday4\general10.html <-- Ed /usr/local/etc/apache_1.2.1/htdocs/tpark/public_html/triviapub/general/19971222holiday4 general10.html
98.01.14 23:13 A C:\Louis\triviapub\general\19971222holiday4\general11.html <-- Ed /usr/local/etc/apache_1.2.1/htdocs/tpark/public_html/triviapub/general/19971222holiday4 general11.html
98.01.14 23:13 A C:\Louis\triviapub\general\19971222holiday4\general2.html <-- Ed /usr/local/etc/apache_1.2.1/htdocs/tpark/public_html/triviapub/general/19971222holiday4 general2.html
98.01.14 23:13 A C:\Louis\triviapub\general\19971222holiday4\general3.html <-- Ed /usr/local/etc/apache_1.2.1/htdocs/tpark/public_html/triviapub/general/19971222holiday4 general3.html
98.01.14 23:13 A C:\Louis\triviapub\general\19971222holiday4\general4.html <-- Ed /usr/local/etc/apache_1.2.1/htdocs/tpark/public_html/triviapub/general/19971222holiday4 general4.html
98.01.14 23:13 A C:\Louis\triviapub\general\19971222holiday4\general5.html <-- Ed /usr/local/etc/apache_1.2.1/htdocs/tpark/public_html/triviapub/general/19971222holiday4 general5.html
98.01.14 23:13 A C:\Louis\triviapub\general\19971222holiday4\general6.html <-- Ed /usr/local/etc/apache_1.2.1/htdocs/tpark/public_html/triviapub/general/19971222holiday4 general6.html
98.01.14 23:13 A C:\Louis\triviapub\general\19971222holiday4\general7.html <-- Ed /usr/local/etc/apache_1.2.1/htdocs/tpark/public_html/triviapub/general/19971222holiday4 general7.html
98.01.14 23:13 A C:\Louis\triviapub\general\19971222holiday4\general8.html <-- Ed /usr/local/etc/apache_1.2.1/htdocs/tpark/public_html/triviapub/general/19971222holiday4 general8.html
98.01.14 23:13 A C:\Louis\triviapub\general\19971222holiday4\general9.html <-- Ed /usr/local/etc/apache_1.2.1/htdocs/tpark/public_html/triviapub/general/19971222holiday4 general9.html
98.01.14 23:13 A C:\Louis\triviapub\general\19971222holiday4\index.html <-- Ed /usr/local/etc/apache_1.2.1/htdocs/tpark/public_html/triviapub/general/19971222holiday4 index.html
98.01.15 09:54 A C:\Louis\triviapub\general\0aCopy of 19971222holiday4\general1.html --> ed.webtv.net /usr/local/etc/apache_1.2.1/htdocs/tpark/public_html/louis/0aCopy of 19971222holiday4 general1.html
98.01.15 09:54 A C:\Louis\triviapub\general\0aCopy of 19971222holiday4\general10.html --> ed.webtv.net /usr/local/etc/apache_1.2.1/htdocs/tpark/public_html/louis/0aCopy of 19971222holiday4 general10.html
98.01.15 09:54 A C:\Louis\triviapub\general\0aCopy of 19971222holiday4\general11.html --> ed.webtv.net /usr/local/etc/apache_1.2.1/htdocs/tpark/public_html/louis/0aCopy of 19971222holiday4 general11.html
98.01.15 09:54 A C:\Louis\triviapub\general\0aCopy of 19971222holiday4\general2.html --> ed.webtv.net /usr/local/etc/apache_1.2.1/htdocs/tpark/public_html/louis/0aCopy of 19971222holiday4 general2.html
98.01.15 09:54 A C:\Louis\triviapub\general\0aCopy of 19971222holiday4\general3.html --> ed.webtv.net /usr/local/etc/apache_1.2.1/htdocs/tpark/public_html/louis/0aCopy of 19971222holiday4 general3.html
98.01.15 09:54 A C:\Louis\triviapub\general\0aCopy of 19971222holiday4\general4.html --> ed.webtv.net /usr/local/etc/apache_1.2.1/htdocs/tpark/public_html/louis/0aCopy of 19971222holiday4 general4.html
98.01.15 09:54 A C:\Louis\triviapub\general\0aCopy of 19971222holiday4\general5.html --> ed.webtv.net /usr/local/etc/apache_1.2.1/htdocs/tpark/public_html/louis/0aCopy of 19971222holiday4 general5.html
98.01.15 09:54 A C:\Louis\triviapub\general\0aCopy of 19971222holiday4\general6.html --> ed.webtv.net /usr/local/etc/apache_1.2.1/htdocs/tpark/public_html/louis/0aCopy of 19971222holiday4 general6.html
98.01.15 09:54 A C:\Louis\triviapub\general\0aCopy of 19971222holiday4\general7.html --> ed.webtv.net /usr/local/etc/apache_1.2.1/htdocs/tpark/public_html/louis/0aCopy of 19971222holiday4 general7.html
98.01.15 09:54 A C:\Louis\triviapub\general\0aCopy of 19971222holiday4\general8.html --> ed.webtv.net /usr/local/etc/apache_1.2.1/htdocs/tpark/public_html/louis/0aCopy of 19971222holiday4 general8.html
98.01.15 09:54 A C:\Louis\triviapub\general\0aCopy of 19971222holiday4\general9.html --> ed.webtv.net /usr/local/etc/apache_1.2.1/htdocs/tpark/public_html/louis/0aCopy of 19971222holiday4 general9.html
98.01.15 09:54 A C:\Louis\triviapub\general\0aCopy of 19971222holiday4\index.html --> ed.webtv.net /usr/local/etc/apache_1.2.1/htdocs/tpark/public_html/louis/0aCopy of 19971222holiday4 index.html
98.01.15 09:54 B C:\Louis\triviapub\general\0aCopy of 19971222holiday4\WS_FTP.LOG --> ed.webtv.net /usr/local/etc/apache_1.2.1/htdocs/tpark/public_html/louis/0aCopy of 19971222holiday4 WS_FTP.LOG
98.01.15 10:50 A C:\Louis\triviapub\general\0aCopy of 19971222holiday4\general1.html --> ed.webtv.net /usr/local/etc/apache_1.2.1/htdocs/tpark/public_html/louis/0aCopy of 19971222holiday4 general1.html
98.01.15 10:50 A C:\Louis\triviapub\general\0aCopy of 19971222holiday4\general10.html --> ed.webtv.net /usr/local/etc/apache_1.2.1/htdocs/tpark/public_html/louis/0aCopy of 19971222holiday4 general10.html
98.01.15 10:50 A C:\Louis\triviapub\general\0aCopy of 19971222holiday4\general11.html --> ed.webtv.net /usr/local/etc/apache_1.2.1/htdocs/tpark/public_html/louis/0aCopy of 19971222holiday4 general11.html
98.01.15 10:50 A C:\Louis\triviapub\general\0aCopy of 19971222holiday4\general2.html --> ed.webtv.net /usr/local/etc/apache_1.2.1/htdocs/tpark/public_html/louis/0aCopy of 19971222holiday4 general2.html
98.01.15 10:50 A C:\Louis\triviapub\general\0aCopy of 19971222holiday4\general3.html --> ed.webtv.net /usr/local/etc/apache_1.2.1/htdocs/tpark/public_html/louis/0aCopy of 19971222holiday4 general3.html
98.01.15 10:50 A C:\Louis\triviapub\general\0aCopy of 19971222holiday4\general4.html --> ed.webtv.net /usr/local/etc/apache_1.2.1/htdocs/tpark/public_html/louis/0aCopy of 19971222holiday4 general4.html
98.01.15 10:50 A C:\Louis\triviapub\general\0aCopy of 19971222holiday4\general5.html --> ed.webtv.net /usr/local/etc/apache_1.2.1/htdocs/tpark/public_html/louis/0aCopy of 19971222holiday4 general5.html
98.01.15 10:50 A C:\Louis\triviapub\general\0aCopy of 19971222holiday4\general6.html --> ed.webtv.net /usr/local/etc/apache_1.2.1/htdocs/tpark/public_html/louis/0aCopy of 19971222holiday4 general6.html
98.01.15 10:50 A C:\Louis\triviapub\general\0aCopy of 19971222holiday4\general7.html --> ed.webtv.net /usr/local/etc/apache_1.2.1/htdocs/tpark/public_html/louis/0aCopy of 19971222holiday4 general7.html
98.01.15 10:50 A C:\Louis\triviapub\general\0aCopy of 19971222holiday4\general8.html --> ed.webtv.net /usr/local/etc/apache_1.2.1/htdocs/tpark/public_html/louis/0aCopy of 19971222holiday4 general8.html
98.01.15 10:50 A C:\Louis\triviapub\general\0aCopy of 19971222holiday4\general9.html --> ed.webtv.net /usr/local/etc/apache_1.2.1/htdocs/tpark/public_html/louis/0aCopy of 19971222holiday4 general9.html
98.01.15 10:50 A C:\Louis\triviapub\general\0aCopy of 19971222holiday4\index.html --> ed.webtv.net /usr/local/etc/apache_1.2.1/htdocs/tpark/public_html/louis/0aCopy of 19971222holiday4 index.html
98.01.15 10:50 B C:\Louis\triviapub\general\0aCopy of 19971222holiday4\WS_FTP.LOG --> ed.webtv.net /usr/local/etc/apache_1.2.1/htdocs/tpark/public_html/louis/0aCopy of 19971222holiday4 WS_FTP.LOG
98.01.15 10:55 A C:\Louis\triviapub\general\0aCopy of 19971222holiday4\general1.html --> ed.webtv.net /usr/local/etc/apache_1.2.1/htdocs/tpark/public_html/louis/0aCopy of 19971222holiday4 general1.html
98.01.15 10:55 A C:\Louis\triviapub\general\0aCopy of 19971222holiday4\general10.html --> ed.webtv.net /usr/local/etc/apache_1.2.1/htdocs/tpark/public_html/louis/0aCopy of 19971222holiday4 general10.html
98.01.15 10:55 A C:\Louis\triviapub\general\0aCopy of 19971222holiday4\general11.html --> ed.webtv.net /usr/local/etc/apache_1.2.1/htdocs/tpark/public_html/louis/0aCopy of 19971222holiday4 general11.html
98.01.15 10:55 A C:\Louis\triviapub\general\0aCopy of 19971222holiday4\general2.html --> ed.webtv.net /usr/local/etc/apache_1.2.1/htdocs/tpark/public_html/louis/0aCopy of 19971222holiday4 general2.html
98.01.15 10:55 A C:\Louis\triviapub\general\0aCopy of 19971222holiday4\general3.html --> ed.webtv.net /usr/local/etc/apache_1.2.1/htdocs/tpark/public_html/louis/0aCopy of 19971222holiday4 general3.html
98.01.15 10:55 A C:\Louis\triviapub\general\0aCopy of 19971222holiday4\general4.html --> ed.webtv.net /usr/local/etc/apache_1.2.1/htdocs/tpark/public_html/louis/0aCopy of 19971222holiday4 general4.html
98.01.15 10:55 A C:\Louis\triviapub\general\0aCopy of 19971222holiday4\general5.html --> ed.webtv.net /usr/local/etc/apache_1.2.1/htdocs/tpark/public_html/louis/0aCopy of 19971222holiday4 general5.html
98.01.15 10:55 A C:\Louis\triviapub\general\0aCopy of 19971222holiday4\general6.html --> ed.webtv.net /usr/local/etc/apache_1.2.1/htdocs/tpark/public_html/louis/0aCopy of 19971222holiday4 general6.html
98.01.15 10:55 A C:\Louis\triviapub\general\0aCopy of 19971222holiday4\general7.html --> ed.webtv.net /usr/local/etc/apache_1.2.1/htdocs/tpark/public_html/louis/0aCopy of 19971222holiday4 general7.html
98.01.15 10:55 A C:\Louis\triviapub\general\0aCopy of 19971222holiday4\general8.html --> ed.webtv.net /usr/local/etc/apache_1.2.1/htdocs/tpark/public_html/louis/0aCopy of 19971222holiday4 general8.html
98.01.15 10:55 A C:\Louis\triviapub\general\0aCopy of 19971222holiday4\general9.html --> ed.webtv.net /usr/local/etc/apache_1.2.1/htdocs/tpark/public_html/louis/0aCopy of 19971222holiday4 general9.html
98.01.15 10:55 A C:\Louis\triviapub\general\0aCopy of 19971222holiday4\index.html --> ed.webtv.net /usr/local/etc/apache_1.2.1/htdocs/tpark/public_html/louis/0aCopy of 19971222holiday4 index.html
98.01.15 10:55 B C:\Louis\triviapub\general\0aCopy of 19971222holiday4\WS_FTP.LOG --> ed.webtv.net /usr/local/etc/apache_1.2.1/htdocs/tpark/public_html/louis/0aCopy of 19971222holiday4 WS_FTP.LOG
98.01.15 10:57 A C:\Louis\triviapub\general\0aCopy of 19971222holiday4\general1.html --> ed.webtv.net /usr/local/etc/apache_1.2.1/htdocs/tpark/public_html/louis/0aCopy of 19971222holiday4 general1.html
98.01.15 10:57 A C:\Louis\triviapub\general\0aCopy of 19971222holiday4\general10.html --> ed.webtv.net /usr/local/etc/apache_1.2.1/htdocs/tpark/public_html/louis/0aCopy of 19971222holiday4 general10.html
98.01.15 10:57 A C:\Louis\triviapub\general\0aCopy of 19971222holiday4\general11.html --> ed.webtv.net /usr/local/etc/apache_1.2.1/htdocs/tpark/public_html/louis/0aCopy of 19971222holiday4 general11.html
98.01.15 10:57 A C:\Louis\triviapub\general\0aCopy of 19971222holiday4\general2.html --> ed.webtv.net /usr/local/etc/apache_1.2.1/htdocs/tpark/public_html/louis/0aCopy of 19971222holiday4 general2.html
98.01.15 10:57 A C:\Louis\triviapub\general\0aCopy of 19971222holiday4\general3.html --> ed.webtv.net /usr/local/etc/apache_1.2.1/htdocs/tpark/public_html/louis/0aCopy of 19971222holiday4 general3.html
98.01.15 10:57 A C:\Louis\triviapub\general\0aCopy of 19971222holiday4\general4.html --> ed.webtv.net /usr/local/etc/apache_1.2.1/htdocs/tpark/public_html/louis/0aCopy of 19971222holiday4 general4.html
98.01.15 10:57 A C:\Louis\triviapub\general\0aCopy of 19971222holiday4\general5.html --> ed.webtv.net /usr/local/etc/apache_1.2.1/htdocs/tpark/public_html/louis/0aCopy of 19971222holiday4 general5.html
98.01.15 10:57 A C:\Louis\triviapub\general\0aCopy of 19971222holiday4\general6.html --> ed.webtv.net /usr/local/etc/apache_1.2.1/htdocs/tpark/public_html/louis/0aCopy of 19971222holiday4 general6.html
98.01.15 10:57 A C:\Louis\triviapub\general\0aCopy of 19971222holiday4\general7.html --> ed.webtv.net /usr/local/etc/apache_1.2.1/htdocs/tpark/public_html/louis/0aCopy of 19971222holiday4 general7.html
98.01.15 10:57 A C:\Louis\triviapub\general\0aCopy of 19971222holiday4\general8.html --> ed.webtv.net /usr/local/etc/apache_1.2.1/htdocs/tpark/public_html/louis/0aCopy of 19971222holiday4 general8.html
98.01.15 10:57 A C:\Louis\triviapub\general\0aCopy of 19971222holiday4\general9.html --> ed.webtv.net /usr/local/etc/apache_1.2.1/htdocs/tpark/public_html/louis/0aCopy of 19971222holiday4 general9.html
98.01.15 10:57 A C:\Louis\triviapub\general\0aCopy of 19971222holiday4\index.html --> ed.webtv.net /usr/local/etc/apache_1.2.1/htdocs/tpark/public_html/louis/0aCopy of 19971222holiday4 index.html
98.01.15 10:57 B C:\Louis\triviapub\general\0aCopy of 19971222holiday4\WS_FTP.LOG --> ed.webtv.net /usr/local/etc/apache_1.2.1/htdocs/tpark/public_html/louis/0aCopy of 19971222holiday4 WS_FTP.LOG
98.01.15 10:59 A C:\Louis\triviapub\general\0aCopy of 19971222holiday4\general1.html --> ed.webtv.net /usr/local/etc/apache_1.2.1/htdocs/tpark/public_html/louis/0aCopy of 19971222holiday4 general1.html
98.01.15 10:59 A C:\Louis\triviapub\general\0aCopy of 19971222holiday4\general10.html --> ed.webtv.net /usr/local/etc/apache_1.2.1/htdocs/tpark/public_html/louis/0aCopy of 19971222holiday4 general10.html
98.01.15 10:59 A C:\Louis\triviapub\general\0aCopy of 19971222holiday4\general11.html --> ed.webtv.net /usr/local/etc/apache_1.2.1/htdocs/tpark/public_html/louis/0aCopy of 19971222holiday4 general11.html
98.01.15 10:59 A C:\Louis\triviapub\general\0aCopy of 19971222holiday4\general2.html --> ed.webtv.net /usr/local/etc/apache_1.2.1/htdocs/tpark/public_html/louis/0aCopy of 19971222holiday4 general2.html
98.01.15 10:59 A C:\Louis\triviapub\general\0aCopy of 19971222holiday4\general3.html --> ed.webtv.net /usr/local/etc/apache_1.2.1/htdocs/tpark/public_html/louis/0aCopy of 19971222holiday4 general3.html
98.01.15 10:59 A C:\Louis\triviapub\general\0aCopy of 19971222holiday4\general4.html --> ed.webtv.net /usr/local/etc/apache_1.2.1/htdocs/tpark/public_html/louis/0aCopy of 19971222holiday4 general4.html
98.01.15 10:59 A C:\Louis\triviapub\general\0aCopy of 19971222holiday4\general5.html --> ed.webtv.net /usr/local/etc/apache_1.2.1/htdocs/tpark/public_html/louis/0aCopy of 19971222holiday4 general5.html
98.01.15 10:59 A C:\Louis\triviapub\general\0aCopy of 19971222holiday4\general6.html --> ed.webtv.net /usr/local/etc/apache_1.2.1/htdocs/tpark/public_html/louis/0aCopy of 19971222holiday4 general6.html
98.01.15 10:59 A C:\Louis\triviapub\general\0aCopy of 19971222holiday4\general7.html --> ed.webtv.net /usr/local/etc/apache_1.2.1/htdocs/tpark/public_html/louis/0aCopy of 19971222holiday4 general7.html
98.01.15 10:59 A C:\Louis\triviapub\general\0aCopy of 19971222holiday4\general8.html --> ed.webtv.net /usr/local/etc/apache_1.2.1/htdocs/tpark/public_html/louis/0aCopy of 19971222holiday4 general8.html
98.01.15 10:59 A C:\Louis\triviapub\general\0aCopy of 19971222holiday4\general9.html --> ed.webtv.net /usr/local/etc/apache_1.2.1/htdocs/tpark/public_html/louis/0aCopy of 19971222holiday4 general9.html
98.01.15 10:59 A C:\Louis\triviapub\general\0aCopy of 19971222holiday4\index.html --> ed.webtv.net /usr/local/etc/apache_1.2.1/htdocs/tpark/public_html/louis/0aCopy of 19971222holiday4 index.html
98.01.15 10:59 B C:\Louis\triviapub\general\0aCopy of 19971222holiday4\WS_FTP.LOG --> ed.webtv.net /usr/local/etc/apache_1.2.1/htdocs/tpark/public_html/louis/0aCopy of 19971222holiday4 WS_FTP.LOG
98.01.15 11:39 A C:\Louis\triviapub\general\0aCopy of 19971222holiday4\general1.html --> ed.webtv.net /usr/local/etc/apache_1.2.1/htdocs/tpark/public_html/louis/0aCopy of 19971222holiday4 general1.html
98.01.15 11:39 A C:\Louis\triviapub\general\0aCopy of 19971222holiday4\general10.html --> ed.webtv.net /usr/local/etc/apache_1.2.1/htdocs/tpark/public_html/louis/0aCopy of 19971222holiday4 general10.html
98.01.15 11:39 A C:\Louis\triviapub\general\0aCopy of 19971222holiday4\general11.html --> ed.webtv.net /usr/local/etc/apache_1.2.1/htdocs/tpark/public_html/louis/0aCopy of 19971222holiday4 general11.html
98.01.15 11:39 A C:\Louis\triviapub\general\0aCopy of 19971222holiday4\general2.html --> ed.webtv.net /usr/local/etc/apache_1.2.1/htdocs/tpark/public_html/louis/0aCopy of 19971222holiday4 general2.html
98.01.15 11:39 A C:\Louis\triviapub\general\0aCopy of 19971222holiday4\general3.html --> ed.webtv.net /usr/local/etc/apache_1.2.1/htdocs/tpark/public_html/louis/0aCopy of 19971222holiday4 general3.html
98.01.15 11:39 A C:\Louis\triviapub\general\0aCopy of 19971222holiday4\general4.html --> ed.webtv.net /usr/local/etc/apache_1.2.1/htdocs/tpark/public_html/louis/0aCopy of 19971222holiday4 general4.html
98.01.15 11:39 A C:\Louis\triviapub\general\0aCopy of 19971222holiday4\general5.html --> ed.webtv.net /usr/local/etc/apache_1.2.1/htdocs/tpark/public_html/louis/0aCopy of 19971222holiday4 general5.html
98.01.15 11:39 A C:\Louis\triviapub\general\0aCopy of 19971222holiday4\general6.html --> ed.webtv.net /usr/local/etc/apache_1.2.1/htdocs/tpark/public_html/louis/0aCopy of 19971222holiday4 general6.html
98.01.15 11:39 A C:\Louis\triviapub\general\0aCopy of 19971222holiday4\general7.html --> ed.webtv.net /usr/local/etc/apache_1.2.1/htdocs/tpark/public_html/louis/0aCopy of 19971222holiday4 general7.html
98.01.15 11:39 A C:\Louis\triviapub\general\0aCopy of 19971222holiday4\general8.html --> ed.webtv.net /usr/local/etc/apache_1.2.1/htdocs/tpark/public_html/louis/0aCopy of 19971222holiday4 general8.html
98.01.15 11:39 A C:\Louis\triviapub\general\0aCopy of 19971222holiday4\general9.html --> ed.webtv.net /usr/local/etc/apache_1.2.1/htdocs/tpark/public_html/louis/0aCopy of 19971222holiday4 general9.html
98.01.15 11:39 A C:\Louis\triviapub\general\0aCopy of 19971222holiday4\index.html --> ed.webtv.net /usr/local/etc/apache_1.2.1/htdocs/tpark/public_html/louis/0aCopy of 19971222holiday4 index.html
98.01.15 11:39 B C:\Louis\triviapub\general\0aCopy of 19971222holiday4\WS_FTP.LOG --> ed.webtv.net /usr/local/etc/apache_1.2.1/htdocs/tpark/public_html/louis/0aCopy of 19971222holiday4 WS_FTP.LOG
98.01.15 11:46 A C:\Louis\triviapub\general\0aCopy of 19971222holiday4\general1.html --> ed.webtv.net /usr/local/etc/apache_1.2.1/htdocs/tpark/public_html/louis/0aCopy of 19971222holiday4 general1.html
98.01.15 11:46 A C:\Louis\triviapub\general\0aCopy of 19971222holiday4\general10.html --> ed.webtv.net /usr/local/etc/apache_1.2.1/htdocs/tpark/public_html/louis/0aCopy of 19971222holiday4 general10.html
98.01.15 11:46 A C:\Louis\triviapub\general\0aCopy of 19971222holiday4\general11.html --> ed.webtv.net /usr/local/etc/apache_1.2.1/htdocs/tpark/public_html/louis/0aCopy of 19971222holiday4 general11.html
98.01.15 11:46 A C:\Louis\triviapub\general\0aCopy of 19971222holiday4\general2.html --> ed.webtv.net /usr/local/etc/apache_1.2.1/htdocs/tpark/public_html/louis/0aCopy of 19971222holiday4 general2.html
98.01.15 11:46 A C:\Louis\triviapub\general\0aCopy of 19971222holiday4\general3.html --> ed.webtv.net /usr/local/etc/apache_1.2.1/htdocs/tpark/public_html/louis/0aCopy of 19971222holiday4 general3.html
98.01.15 11:46 A C:\Louis\triviapub\general\0aCopy of 19971222holiday4\general4.html --> ed.webtv.net /usr/local/etc/apache_1.2.1/htdocs/tpark/public_html/louis/0aCopy of 19971222holiday4 general4.html
98.01.15 11:46 A C:\Louis\triviapub\general\0aCopy of 19971222holiday4\general5.html --> ed.webtv.net /usr/local/etc/apache_1.2.1/htdocs/tpark/public_html/louis/0aCopy of 19971222holiday4 general5.html
98.01.15 11:46 A C:\Louis\triviapub\general\0aCopy of 19971222holiday4\general6.html --> ed.webtv.net /usr/local/etc/apache_1.2.1/htdocs/tpark/public_html/louis/0aCopy of 19971222holiday4 general6.html
98.01.15 11:46 A C:\Louis\triviapub\general\0aCopy of 19971222holiday4\general7.html --> ed.webtv.net /usr/local/etc/apache_1.2.1/htdocs/tpark/public_html/louis/0aCopy of 19971222holiday4 general7.html
98.01.15 11:46 A C:\Louis\triviapub\general\0aCopy of 19971222holiday4\general8.html --> ed.webtv.net /usr/local/etc/apache_1.2.1/htdocs/tpark/public_html/louis/0aCopy of 19971222holiday4 general8.html
98.01.15 11:46 A C:\Louis\triviapub\general\0aCopy of 19971222holiday4\general9.html --> ed.webtv.net /usr/local/etc/apache_1.2.1/htdocs/tpark/public_html/louis/0aCopy of 19971222holiday4 general9.html
98.01.15 11:46 A C:\Louis\triviapub\general\0aCopy of 19971222holiday4\index.html --> ed.webtv.net /usr/local/etc/apache_1.2.1/htdocs/tpark/public_html/louis/0aCopy of 19971222holiday4 index.html
98.01.15 11:46 B C:\Louis\triviapub\general\0aCopy of 19971222holiday4\WS_FTP.LOG --> ed.webtv.net /usr/local/etc/apache_1.2.1/htdocs/tpark/public_html/louis/0aCopy of 19971222holiday4 WS_FTP.LOG
98.01.15 12:07 A C:\Louis\triviapub\general\0aCopy of 19971222holiday4\general1.html --> ed.webtv.net /usr/local/etc/apache_1.2.1/htdocs/tpark/public_html/louis/0aCopy of 19971222holiday4 general1.html
98.01.15 12:12 A C:\Louis\triviapub\general\0aCopy of 19971222holiday4\general1.html --> ed.webtv.net /usr/local/etc/apache_1.2.1/htdocs/tpark/public_html/louis/0aCopy of 19971222holiday4 general1.html
98.01.15 12:15 A C:\Louis\triviapub\general\0aCopy of 19971222holiday4\general1.html --> ed.webtv.net /usr/local/etc/apache_1.2.1/htdocs/tpark/public_html/louis/0aCopy of 19971222holiday4 general1.html
98.01.15 12:17 A C:\Louis\triviapub\general\0aCopy of 19971222holiday4\general1.html --> ed.webtv.net /usr/local/etc/apache_1.2.1/htdocs/tpark/public_html/louis/0aCopy of 19971222holiday4 general1.html
98.01.15 12:22 A C:\Louis\triviapub\general\0aCopy of 19971222holiday4\general1.html --> ed.webtv.net /usr/local/etc/apache_1.2.1/htdocs/tpark/public_html/louis/0aCopy of 19971222holiday4 general1.html
98.01.15 12:22 A C:\Louis\triviapub\general\0aCopy of 19971222holiday4\general1.html --> ed.webtv.net /usr/local/etc/apache_1.2.1/htdocs/tpark/public_html/louis/0aCopy of 19971222holiday4 general1.html
98.01.15 12:23 A C:\Louis\triviapub\general\0aCopy of 19971222holiday4\general1.html --> ed.webtv.net /usr/local/etc/apache_1.2.1/htdocs/tpark/public_html/louis/0aCopy of 19971222holiday4 general1.html
98.01.15 12:24 A C:\Louis\triviapub\general\0aCopy of 19971222holiday4\general1.html --> ed.webtv.net /usr/local/etc/apache_1.2.1/htdocs/tpark/public_html/louis/0aCopy of 19971222holiday4 general1.html
98.01.15 15:21 A C:\Louis\triviapub\general\0aCopy of 19971222holiday4\general1.html --> ed.webtv.net /usr/local/etc/apache_1.2.1/htdocs/tpark/public_html/louis/0aCopy of 19971222holiday4 general1.html
98.01.15 15:49 A C:\Louis\triviapub\general\0aCopy of 19971222holiday4\general1.html --> ed.webtv.net /usr/local/etc/apache_1.2.1/htdocs/tpark/public_html/triviapub/general general1.html
98.01.15 15:50 A C:\Louis\triviapub\general\0aCopy of 19971222holiday4\general1.html --> ed.webtv.net /usr/local/etc/apache_1.2.1/htdocs/tpark/public_html/louis/0aCopy of 19971222holiday4 general1.html
98.01.15 15:58 A C:\Louis\triviapub\general\0aCopy of 19971222holiday4\general1.html --> ed.webtv.net /usr/local/etc/apache_1.2.1/htdocs/tpark/public_html/louis/0aCopy of 19971222holiday4 general1.html
98.01.15 16:33 A C:\Louis\triviapub\general\0aCopy of 19971222holiday4\general1.html --> ed.webtv.net /usr/local/etc/apache_1.2.1/htdocs/tpark/public_html/louis/0aCopy of 19971222holiday4 general1.html
98.01.15 16:34 A C:\Louis\triviapub\general\0aCopy of 19971222holiday4\general1.html --> ed.webtv.net /usr/local/etc/apache_1.2.1/htdocs/tpark/public_html/louis/0aCopy of 19971222holiday4 general1.html
98.01.15 16:36 A C:\Louis\triviapub\general\0aCopy of 19971222holiday4\general1.html --> ed.webtv.net /usr/local/etc/apache_1.2.1/htdocs/tpark/public_html/louis/0aCopy of 19971222holiday4 general1.html
98.01.15 16:37 A C:\Louis\triviapub\general\0aCopy of 19971222holiday4\general1.html --> ed.webtv.net /usr/local/etc/apache_1.2.1/htdocs/tpark/public_html/louis/0aCopy of 19971222holiday4 general1.html
98.01.15 16:40 A C:\Louis\triviapub\general\0aCopy of 19971222holiday4\general1.html --> ed.webtv.net /usr/local/etc/apache_1.2.1/htdocs/tpark/public_html/louis/0aCopy of 19971222holiday4 general1.html
98.01.15 16:41 A C:\Louis\triviapub\general\0aCopy of 19971222holiday4\general1.html --> ed.webtv.net /usr/local/etc/apache_1.2.1/htdocs/tpark/public_html/louis/0aCopy of 19971222holiday4 general1.html
98.01.15 16:42 A C:\Louis\triviapub\general\0aCopy of 19971222holiday4\general1.html --> ed.webtv.net /usr/local/etc/apache_1.2.1/htdocs/tpark/public_html/louis/0aCopy of 19971222holiday4 general1.html
98.01.15 16:43 A C:\Louis\triviapub\general\0aCopy of 19971222holiday4\general1.html --> ed.webtv.net /usr/local/etc/apache_1.2.1/htdocs/tpark/public_html/louis/0aCopy of 19971222holiday4 general1.html
98.01.15 16:43 A C:\Louis\triviapub\general\0aCopy of 19971222holiday4\general1.html --> ed.webtv.net /usr/local/etc/apache_1.2.1/htdocs/tpark/public_html/louis/0aCopy of 19971222holiday4 general1.html
98.01.15 16:44 A C:\Louis\triviapub\general\0aCopy of 19971222holiday4\general1.html --> ed.webtv.net /usr/local/etc/apache_1.2.1/htdocs/tpark/public_html/louis/0aCopy of 19971222holiday4 general1.html
98.01.15 16:47 A C:\Louis\triviapub\general\0aCopy of 19971222holiday4\general1.html --> ed.webtv.net /usr/local/etc/apache_1.2.1/htdocs/tpark/public_html/louis/0aCopy of 19971222holiday4 general1.html
98.01.15 16:48 A C:\Louis\triviapub\general\0aCopy of 19971222holiday4\general1.html --> ed.webtv.net /usr/local/etc/apache_1.2.1/htdocs/tpark/public_html/louis/0aCopy of 19971222holiday4 general1.html
98.01.15 16:49 A C:\Louis\triviapub\general\0aCopy of 19971222holiday4\general1.html --> ed.webtv.net /usr/local/etc/apache_1.2.1/htdocs/tpark/public_html/louis/0aCopy of 19971222holiday4 general1.html
98.01.15 19:54 A C:\Louis\triviapub\general\0aCopy of 19971222holiday4\general1.html --> ed.webtv.net /usr/home/tpark general1.html
98.01.15 19:54 A C:\Louis\triviapub\general\0aCopy of 19971222holiday4\general1.html --> ed.webtv.net /usr/local/etc/apache_1.2.1/htdocs/tpark/public_html/louis/0aCopy of 19971222holiday4 general1.html
98.01.15 21:25 A C:\Louis\triviapub\general\0aCopy of 19971222holiday4\general1.html --> ed.webtv.net /usr/local/etc/apache_1.2.1/htdocs/tpark/public_html/louis/0aCopy of 19971222holiday4 general1.html
98.01.15 21:26 A C:\Louis\triviapub\general\0aCopy of 19971222holiday4\general1.html --> ed.webtv.net /usr/local/etc/apache_1.2.1/htdocs/tpark/public_html/louis/0aCopy of 19971222holiday4 general1.html
98.01.15 21:34 A C:\Louis\triviapub\general\0aCopy of 19971222holiday4\general1.html --> ed.webtv.net /usr/local/etc/apache_1.2.1/htdocs/tpark/public_html/louis/0aCopy of 19971222holiday4 general1.html
98.01.15 21:35 A C:\Louis\triviapub\general\0aCopy of 19971222holiday4\general1.html --> ed.webtv.net /usr/local/etc/apache_1.2.1/htdocs/tpark/public_html/louis/0aCopy of 19971222holiday4 general1.html
98.01.15 21:36 A C:\Louis\triviapub\general\0aCopy of 19971222holiday4\general1.html --> ed.webtv.net /usr/local/etc/apache_1.2.1/htdocs/tpark/public_html/louis/0aCopy of 19971222holiday4 general1.html
98.01.15 21:36 A C:\Louis\triviapub\general\0aCopy of 19971222holiday4\general1.html --> ed.webtv.net /usr/local/etc/apache_1.2.1/htdocs/tpark/public_html/louis/0aCopy of 19971222holiday4 general1.html
98.01.15 21:38 A C:\Louis\triviapub\general\0aCopy of 19971222holiday4\general1.html --> ed.webtv.net /usr/local/etc/apache_1.2.1/htdocs/tpark/public_html/louis/0aCopy of 19971222holiday4 general1.html
98.01.15 21:38 A C:\Louis\triviapub\general\0aCopy of 19971222holiday4\general1.html --> ed.webtv.net /usr/local/etc/apache_1.2.1/htdocs/tpark/public_html/louis/0aCopy of 19971222holiday4 general1.html
98.01.15 21:50 A C:\Louis\triviapub\general\0aCopy of 19971222holiday4\general1.html --> ed.webtv.net /usr/local/etc/apache_1.2.1/htdocs/tpark/public_html/louis/0aCopy of 19971222holiday4 general1.html
98.01.15 21:51 A C:\Louis\triviapub\general\0aCopy of 19971222holiday4\general1.html --> ed.webtv.net /usr/local/etc/apache_1.2.1/htdocs/tpark/public_html/louis/0aCopy of 19971222holiday4 general1.html
98.01.15 21:52 A C:\Louis\triviapub\general\0aCopy of 19971222holiday4\general1.html --> ed.webtv.net /usr/local/etc/apache_1.2.1/htdocs/tpark/public_html/louis/0aCopy of 19971222holiday4 general1.html
98.01.15 21:54 A C:\Louis\triviapub\general\0aCopy of 19971222holiday4\general1.html --> ed.webtv.net /usr/local/etc/apache_1.2.1/htdocs/tpark/public_html/louis/0aCopy of 19971222holiday4 general1.html
98.01.15 21:55 A C:\Louis\triviapub\general\0aCopy of 19971222holiday4\general1.html --> ed.webtv.net /usr/local/etc/apache_1.2.1/htdocs/tpark/public_html/louis/0aCopy of 19971222holiday4 general1.html
98.01.15 22:03 A C:\Louis\triviapub\general\0aCopy of 19971222holiday4\general1.html --> ed.webtv.net /usr/local/etc/apache_1.2.1/htdocs/tpark/public_html/louis/0aCopy of 19971222holiday4 general1.html
98.01.15 22:05 A C:\Louis\triviapub\general\0aCopy of 19971222holiday4\general1.html --> ed.webtv.net /usr/local/etc/apache_1.2.1/htdocs/tpark/public_html/louis/0aCopy of 19971222holiday4 general1.html
98.01.15 22:07 A C:\Louis\triviapub\general\0aCopy of 19971222holiday4\general1.html --> ed.webtv.net /usr/local/etc/apache_1.2.1/htdocs/tpark/public_html/louis/0aCopy of 19971222holiday4 general1.html
98.01.15 22:08 A C:\Louis\triviapub\general\0aCopy of 19971222holiday4\general1.html --> ed.webtv.net /usr/local/etc/apache_1.2.1/htdocs/tpark/public_html/louis/0aCopy of 19971222holiday4 general1.html
98.01.15 22:09 A C:\Louis\triviapub\general\0aCopy of 19971222holiday4\general1.html --> ed.webtv.net /usr/local/etc/apache_1.2.1/htdocs/tpark/public_html/louis/0aCopy of 19971222holiday4 general1.html
98.01.15 22:10 A C:\Louis\triviapub\general\0aCopy of 19971222holiday4\general1.html --> ed.webtv.net /usr/local/etc/apache_1.2.1/htdocs/tpark/public_html/louis/0aCopy of 19971222holiday4 general1.html
98.01.15 22:12 A C:\Louis\triviapub\general\0aCopy of 19971222holiday4\index.html --> ed.webtv.net /usr/local/etc/apache_1.2.1/htdocs/tpark/public_html/louis/0aCopy of 19971222holiday4 index.html
98.01.15 22:13 A C:\Louis\triviapub\general\0aCopy of 19971222holiday4\index.html --> ed.webtv.net /usr/local/etc/apache_1.2.1/htdocs/tpark/public_html/louis/0aCopy of 19971222holiday4 index.html
98.01.15 22:13 A C:\Louis\triviapub\general\0aCopy of 19971222holiday4\index.html --> ed.webtv.net /usr/local/etc/apache_1.2.1/htdocs/tpark/public_html/louis/0aCopy of 19971222holiday4 index.html
98.01.15 22:16 A C:\Louis\triviapub\general\0aCopy of 19971222holiday4\index.html --> ed.webtv.net /usr/local/etc/apache_1.2.1/htdocs/tpark/public_html/louis/0aCopy of 19971222holiday4 index.html
98.01.15 22:21 A C:\Louis\triviapub\general\0aCopy of 19971222holiday4\index.html --> ed.webtv.net /usr/local/etc/apache_1.2.1/htdocs/tpark/public_html/louis/0aCopy of 19971222holiday4 index.html
98.01.15 22:22 A C:\Louis\triviapub\general\0aCopy of 19971222holiday4\index.html --> ed.webtv.net /usr/local/etc/apache_1.2.1/htdocs/tpark/public_html/louis/0aCopy of 19971222holiday4 index.html
98.01.15 22:23 A C:\Louis\triviapub\general\0aCopy of 19971222holiday4\index.html --> ed.webtv.net /usr/local/etc/apache_1.2.1/htdocs/tpark/public_html/louis/0aCopy of 19971222holiday4 index.html
98.01.15 22:25 A C:\Louis\triviapub\general\0aCopy of 19971222holiday4\general1.html --> ed.webtv.net /usr/local/etc/apache_1.2.1/htdocs/tpark/public_html/louis/0aCopy of 19971222holiday4 general1.html
98.01.15 22:26 A C:\Louis\triviapub\general\0aCopy of 19971222holiday4\general1.html --> ed.webtv.net /usr/local/etc/apache_1.2.1/htdocs/tpark/public_html/louis/0aCopy of 19971222holiday4 general1.html
98.01.15 22:27 A C:\Louis\triviapub\general\0aCopy of 19971222holiday4\general1.html --> ed.webtv.net /usr/local/etc/apache_1.2.1/htdocs/tpark/public_html/louis/0aCopy of 19971222holiday4 general1.html
98.01.15 22:28 A C:\Louis\triviapub\general\0aCopy of 19971222holiday4\general1.html --> ed.webtv.net /usr/local/etc/apache_1.2.1/htdocs/tpark/public_html/louis/0aCopy of 19971222holiday4 general1.html
98.01.15 22:30 A C:\Louis\triviapub\general\0aCopy of 19971222holiday4\general1.html --> ed.webtv.net /usr/local/etc/apache_1.2.1/htdocs/tpark/public_html/louis/0aCopy of 19971222holiday4 general1.html
98.01.15 22:30 A C:\Louis\triviapub\general\0aCopy of 19971222holiday4\general1.html --> ed.webtv.net /usr/local/etc/apache_1.2.1/htdocs/tpark/public_html/louis/0aCopy of 19971222holiday4 general1.html
98.01.15 23:09 B C:\Louis\triviapub\general\0aCopy of 19971222holiday4\general1.html --> ed.webtv.net /usr/local/etc/apache_1.2.1/htdocs/tpark/public_html/louis/0aCopy of 19971222holiday4 general1.html
98.01.15 23:09 A C:\Louis\triviapub\general\0aCopy of 19971222holiday4\general1.html --> ed.webtv.net /usr/local/etc/apache_1.2.1/htdocs/tpark/public_html/louis/0aCopy of 19971222holiday4 general1.html
98.01.15 23:18 A C:\Louis\triviapub\general\0aCopy of 19971222holiday4\general1.html --> ed.webtv.net /usr/local/etc/apache_1.2.1/htdocs/tpark/public_html/louis/0aCopy of 19971222holiday4 general1.html
98.01.15 23:18 A C:\Louis\triviapub\general\0aCopy of 19971222holiday4\general1.html --> ed.webtv.net /usr/local/etc/apache_1.2.1/htdocs/tpark/public_html/louis/0aCopy of 19971222holiday4 general1.html
98.01.15 23:21 A C:\Louis\triviapub\general\0aCopy of 19971222holiday4\general1.html --> ed.webtv.net /usr/local/etc/apache_1.2.1/htdocs/tpark/public_html/louis/0aCopy of 19971222holiday4 general1.html
98.01.15 23:22 A C:\Louis\triviapub\general\0aCopy of 19971222holiday4\general1.html --> ed.webtv.net /usr/local/etc/apache_1.2.1/htdocs/tpark/public_html/louis/0aCopy of 19971222holiday4 general1.html
98.01.15 23:25 A C:\Louis\triviapub\general\0aCopy of 19971222holiday4\general1.html --> ed.webtv.net /usr/local/etc/apache_1.2.1/htdocs/tpark/public_html/louis/0aCopy of 19971222holiday4 general1.html
98.01.15 23:45 A C:\Louis\triviapub\general\0aCopy of 19971222holiday4\general1.html --> ed.webtv.net /usr/local/etc/apache_1.2.1/htdocs/tpark/public_html/louis/0aCopy of 19971222holiday4 general1.html
98.01.15 23:47 A C:\Louis\triviapub\general\0aCopy of 19971222holiday4\general1.html --> ed.webtv.net /usr/local/etc/apache_1.2.1/htdocs/tpark/public_html/louis/0aCopy of 19971222holiday4 general1.html
98.01.15 23:49 A C:\Louis\triviapub\general\0aCopy of 19971222holiday4\general1.html --> ed.webtv.net /usr/local/etc/apache_1.2.1/htdocs/tpark/public_html/louis/0aCopy of 19971222holiday4 general1.html
98.01.26 17:05 A C:\Louis\triviapub\general\0aCopy of 19971222holiday4\general1.html --> www.woofie.com /u1/vhome/louis/www/wtv/triviapub/general/0aCopy of 19971222holiday4 general1.html
98.01.26 17:05 A C:\Louis\triviapub\general\0aCopy of 19971222holiday4\general10.html --> www.woofie.com /u1/vhome/louis/www/wtv/triviapub/general/0aCopy of 19971222holiday4 general10.html
98.01.26 17:05 A C:\Louis\triviapub\general\0aCopy of 19971222holiday4\general11.html --> www.woofie.com /u1/vhome/louis/www/wtv/triviapub/general/0aCopy of 19971222holiday4 general11.html
98.01.26 17:05 A C:\Louis\triviapub\general\0aCopy of 19971222holiday4\general2.html --> www.woofie.com /u1/vhome/louis/www/wtv/triviapub/general/0aCopy of 19971222holiday4 general2.html
98.01.26 17:05 A C:\Louis\triviapub\general\0aCopy of 19971222holiday4\general3.html --> www.woofie.com /u1/vhome/louis/www/wtv/triviapub/general/0aCopy of 19971222holiday4 general3.html
98.01.26 17:05 A C:\Louis\triviapub\general\0aCopy of 19971222holiday4\general4.html --> www.woofie.com /u1/vhome/louis/www/wtv/triviapub/general/0aCopy of 19971222holiday4 general4.html
98.01.26 17:05 A C:\Louis\triviapub\general\0aCopy of 19971222holiday4\general5.html --> www.woofie.com /u1/vhome/louis/www/wtv/triviapub/general/0aCopy of 19971222holiday4 general5.html
98.01.26 17:06 A C:\Louis\triviapub\general\0aCopy of 19971222holiday4\general6.html --> www.woofie.com /u1/vhome/louis/www/wtv/triviapub/general/0aCopy of 19971222holiday4 general6.html
98.01.26 17:06 A C:\Louis\triviapub\general\0aCopy of 19971222holiday4\general7.html --> www.woofie.com /u1/vhome/louis/www/wtv/triviapub/general/0aCopy of 19971222holiday4 general7.html
98.01.26 17:06 A C:\Louis\triviapub\general\0aCopy of 19971222holiday4\general8.html --> www.woofie.com /u1/vhome/louis/www/wtv/triviapub/general/0aCopy of 19971222holiday4 general8.html
98.01.26 17:06 A C:\Louis\triviapub\general\0aCopy of 19971222holiday4\general9.html --> www.woofie.com /u1/vhome/louis/www/wtv/triviapub/general/0aCopy of 19971222holiday4 general9.html
98.01.26 17:06 A C:\Louis\triviapub\general\0aCopy of 19971222holiday4\index.html --> www.woofie.com /u1/vhome/louis/www/wtv/triviapub/general/0aCopy of 19971222holiday4 index.html
