97.10.16 16:47 B D:\LouisRoehrs\Programming\index.html --> homeless.artemis.com /home/content/webtv.classical/content/explore2d/programming/demo index.html
97.10.16 16:52 B D:\LouisRoehrs\Programming\ws0_dugout.html <-- Homeless /home/content/webtv.classical/content/explore2d/programming/sports/ws ws0_dugout.html
97.10.16 16:53 B D:\LouisRoehrs\Programming\index.html --> homeless.artemis.com /home/content/webtv.classical/content/explore2d/programming/demo index.html
97.10.16 16:56 B D:\LouisRoehrs\Programming\index.html --> homeless.artemis.com /home/content/webtv.classical/content/explore2d/programming/demo index.html
97.10.16 17:01 B D:\LouisRoehrs\programming\index.html --> vp2.netgate.net /u1/vhome/louis/www/wtv/programming index.html
97.10.16 17:01 B D:\LouisRoehrs\programming\ws0_dugout.html --> vp2.netgate.net /u1/vhome/louis/www/wtv/programming ws0_dugout.html
97.10.16 17:01 B D:\LouisRoehrs\programming\WS_FTP.LOG --> vp2.netgate.net /u1/vhome/louis/www/wtv/programming WS_FTP.LOG
97.10.16 17:02 B D:\LouisRoehrs\programming\index.html --> vp2.netgate.net /u1/vhome/louis/www/wtv/programming index.html
97.10.16 17:09 B D:\LouisRoehrs\programming\index.html --> homeless.artemis.com /home/content/webtv.classical/content/explore2d/programming/demo index.html
97.10.16 17:11 B D:\LouisRoehrs\programming\index.html --> homeless.artemis.com /home/content/webtv.classical/content/explore2d/programming/demo index.html
97.10.16 17:12 B D:\LouisRoehrs\programming\index.html --> homeless.artemis.com /home/content/webtv.classical/content/explore2d/programming/demo index.html
97.10.16 17:13 B D:\LouisRoehrs\programming\index.html --> homeless.artemis.com /home/content/webtv.classical/content/explore2d/programming/demo index.html
97.10.16 17:16 B D:\LouisRoehrs\programming\index.html --> vp2.netgate.net /u1/vhome/louis/www/wtv/programming index.html
97.10.16 17:16 B D:\LouisRoehrs\programming\index.html --> vp2.netgate.net /u1/vhome/louis/www/wtv/programming index.html
97.10.16 17:16 B D:\LouisRoehrs\programming\index.html --> homeless.artemis.com /home/content/webtv.classical/content/explore2d/programming/demo index.html
97.10.16 17:17 B D:\LouisRoehrs\programming\index.html --> vp2.netgate.net /u1/vhome/louis/www/wtv/programming index.html
97.10.16 17:17 B D:\LouisRoehrs\programming\index.html --> homeless.artemis.com /home/content/webtv.classical/content/explore2d/programming/demo index.html
97.10.16 17:18 B D:\LouisRoehrs\programming\index.html --> homeless.artemis.com /home/content/webtv.classical/content/explore2d/programming/demo index.html
97.10.16 17:19 B D:\LouisRoehrs\programming\index.html --> homeless.artemis.com /home/content/webtv.classical/content/explore2d/programming/demo index.html
97.10.16 17:35 B D:\LouisRoehrs\programming\index.html --> homeless.artemis.com /home/content/webtv.classical/content/explore2d/programming/demo index.html
97.10.16 17:37 B D:\LouisRoehrs\programming\index.html --> homeless.artemis.com /home/content/webtv.classical/content/explore2d/programming/demo index.html
97.10.16 17:40 B D:\LouisRoehrs\programming\index.html --> homeless.artemis.com /home/content/webtv.classical/content/explore2d/programming/demo index.html
97.10.16 17:41 B D:\LouisRoehrs\programming\index.html --> homeless.artemis.com /home/content/webtv.classical/content/explore2d/programming/demo index.html
97.10.16 17:42 B D:\LouisRoehrs\programming\index.html --> homeless.artemis.com /home/content/webtv.classical/content/explore2d/programming/demo index.html
97.10.16 17:43 B D:\LouisRoehrs\programming\index.html --> homeless.artemis.com /home/content/webtv.classical/content/explore2d/programming/demo index.html
97.10.16 17:50 B D:\LouisRoehrs\programming\index.html --> homeless.artemis.com /home/content/webtv.classical/content/explore2d/programming/demo index.html
97.10.16 17:59 B D:\LouisRoehrs\programming\index.html --> homeless.artemis.com /home/content/webtv.classical/content/explore2d/programming/demo index.html
97.10.16 18:01 B D:\LouisRoehrs\programming\index.html --> homeless.artemis.com /home/content/webtv.classical/content/explore2d/programming/demo index.html
97.10.16 18:02 B D:\LouisRoehrs\programming\index.html --> homeless.artemis.com /home/content/webtv.classical/content/explore2d/programming/demo index.html
97.10.16 18:12 B D:\LouisRoehrs\programming\index.html --> homeless.artemis.com /home/content/webtv.classical/content/explore2d/programming/demo index.html
97.10.16 18:34 B D:\LouisRoehrs\programming\back.jpg --> homeless.artemis.com /home/content/webtv.classical/content/explore2d/programming/demo back.jpg
97.10.16 18:34 B D:\LouisRoehrs\programming\index.html --> homeless.artemis.com /home/content/webtv.classical/content/explore2d/programming/demo index.html
97.10.16 18:39 B D:\LouisRoehrs\programming\index.html --> homeless.artemis.com /home/content/webtv.classical/content/explore2d/programming/demo index.html
97.10.16 18:40 B D:\LouisRoehrs\programming\back2.jpg --> homeless.artemis.com /home/content/webtv.classical/content/explore2d/programming/demo back2.jpg
97.10.16 18:42 B D:\LouisRoehrs\programming\back3.gif --> homeless.artemis.com /home/content/webtv.classical/content/explore2d/programming/demo back3.gif
97.10.16 18:42 B D:\LouisRoehrs\programming\back3.gif --> homeless.artemis.com /home/content/webtv.classical/content/explore2d/programming/demo back3.gif
97.10.16 18:43 B D:\LouisRoehrs\programming\index.html --> homeless.artemis.com /home/content/webtv.classical/content/explore2d/programming/demo index.html
97.10.16 18:45 B D:\LouisRoehrs\programming\index.html --> homeless.artemis.com /home/content/webtv.classical/content/explore2d/programming/demo index.html
97.10.16 18:48 B D:\LouisRoehrs\programming\index.html --> homeless.artemis.com /home/content/webtv.classical/content/explore2d/programming/demo index.html
97.10.16 18:49 B D:\LouisRoehrs\programming\back3.jpg --> homeless.artemis.com /home/content/webtv.classical/content/explore2d/programming/demo back3.jpg
97.10.16 18:50 B D:\LouisRoehrs\programming\back3.jpg --> homeless.artemis.com /home/content/webtv.classical/content/explore2d/programming/demo back3.jpg
97.10.16 18:50 B D:\LouisRoehrs\programming\index.html --> homeless.artemis.com /home/content/webtv.classical/content/explore2d/programming/demo index.html
97.10.16 18:53 B D:\LouisRoehrs\programming\index.html --> homeless.artemis.com /home/content/webtv.classical/content/explore2d/programming/demo index.html
97.10.16 19:02 B D:\LouisRoehrs\programming\index.html --> homeless.artemis.com /home/content/webtv.classical/content/explore2d/programming/demo index.html
97.10.16 19:03 B D:\LouisRoehrs\programming\index.html --> homeless.artemis.com /home/content/webtv.classical/content/explore2d/programming/demo index.html
97.10.16 19:04 B D:\LouisRoehrs\programming\index.html --> homeless.artemis.com /home/content/webtv.classical/content/explore2d/programming/demo index.html
97.10.16 19:05 B D:\LouisRoehrs\programming\index.html --> homeless.artemis.com /home/content/webtv.classical/content/explore2d/programming/demo index.html
97.10.16 19:07 B D:\LouisRoehrs\programming\index.html --> homeless.artemis.com /home/content/webtv.classical/content/explore2d/programming/demo index.html
97.10.16 19:08 B D:\LouisRoehrs\programming\index.html --> homeless.artemis.com /home/content/webtv.classical/content/explore2d/programming/demo index.html
97.10.16 19:10 B D:\LouisRoehrs\programming\index.html --> homeless.artemis.com /home/content/webtv.classical/content/explore2d/programming/demo index.html
97.10.16 19:10 B D:\LouisRoehrs\programming\index.html --> homeless.artemis.com /home/content/webtv.classical/content/explore2d/programming/demo index.html
97.10.16 19:11 B D:\LouisRoehrs\programming\index.html --> homeless.artemis.com /home/content/webtv.classical/content/explore2d/programming/demo index.html
97.10.16 19:12 B D:\LouisRoehrs\programming\index.html --> homeless.artemis.com /home/content/webtv.classical/content/explore2d/programming/demo index.html
97.10.16 19:12 B D:\LouisRoehrs\programming\index.html --> homeless.artemis.com /home/content/webtv.classical/content/explore2d/programming/demo index.html
97.10.16 19:15 B D:\LouisRoehrs\programming\index.html --> homeless.artemis.com /home/content/webtv.classical/content/explore2d/programming/demo index.html
97.10.16 19:16 B D:\LouisRoehrs\programming\index.html --> homeless.artemis.com /home/content/webtv.classical/content/explore2d/programming/demo index.html
97.10.16 19:16 B D:\LouisRoehrs\programming\index.html --> homeless.artemis.com /home/content/webtv.classical/content/explore2d/programming/demo index.html
97.10.16 19:18 B D:\LouisRoehrs\programming\index.html --> homeless.artemis.com /home/content/webtv.classical/content/explore2d/programming/demo index.html
97.10.16 19:18 B D:\LouisRoehrs\programming\index.html --> homeless.artemis.com /home/content/webtv.classical/content/explore2d/programming/demo index.html
97.10.16 19:19 B D:\LouisRoehrs\programming\index.html --> homeless.artemis.com /home/content/webtv.classical/content/explore2d/programming/demo index.html
97.10.16 19:20 B D:\LouisRoehrs\programming\index.html --> homeless.artemis.com /home/content/webtv.classical/content/explore2d/programming/demo index.html
97.10.16 19:20 B D:\LouisRoehrs\programming\index.html --> homeless.artemis.com /home/content/webtv.classical/content/explore2d/programming/demo index.html
97.10.16 19:21 B D:\LouisRoehrs\programming\index.html --> homeless.artemis.com /home/content/webtv.classical/content/explore2d/programming/demo index.html
97.10.16 19:22 B D:\LouisRoehrs\programming\index.html --> homeless.artemis.com /home/content/webtv.classical/content/explore2d/programming/demo index.html
97.10.16 19:22 B D:\LouisRoehrs\programming\index.html --> homeless.artemis.com /home/content/webtv.classical/content/explore2d/programming/demo index.html
97.10.16 19:23 B D:\LouisRoehrs\programming\index.html --> homeless.artemis.com /home/content/webtv.classical/content/explore2d/programming/demo index.html
97.10.16 20:06 B D:\LouisRoehrs\programming\index.html --> homeless.artemis.com /home/content/webtv.classical/content/explore2d/programming/demo index.html
97.10.16 20:08 B D:\LouisRoehrs\programming\index.html --> homeless.artemis.com /home/content/webtv.classical/content/explore2d/programming/demo index.html
97.10.16 20:41 B D:\LouisRoehrs\programming\index.html --> homeless.artemis.com /home/content/webtv.classical/content/explore2d index.html
97.10.16 20:42 B D:\LouisRoehrs\programming\index.html --> homeless.artemis.com /home/content/webtv.classical/content/explore2d/programming/demo index.html
97.10.16 21:12 B D:\LouisRoehrs\programming\index.html --> homeless.artemis.com /home/content/webtv.classical/content/explore2d/programming/demo index.html
97.10.16 21:13 B D:\LouisRoehrs\programming\index.html --> homeless.artemis.com /home/content/webtv.classical/content/explore2d/programming/demo index.html
97.10.16 21:15 B D:\LouisRoehrs\programming\index.html --> homeless.artemis.com /home/content/webtv.classical/content/explore2d/programming/demo index.html
97.10.17 00:56 B D:\LouisRoehrs\programming\index.html --> homeless.artemis.com /home/content/webtv.classical/content/explore2d/programming/demo index.html
97.10.17 00:57 B D:\LouisRoehrs\programming\index.html --> homeless.artemis.com /home/content/webtv.classical/content/explore2d/programming/demo index.html
97.10.17 00:57 B D:\LouisRoehrs\programming\index.html --> homeless.artemis.com /home/content/webtv.classical/content/explore2d/programming/demo index.html
97.10.17 00:59 B D:\LouisRoehrs\programming\index.html --> homeless.artemis.com /home/content/webtv.classical/content/explore2d/programming/demo index.html
97.10.17 13:59 B D:\LouisRoehrs\programming\index.html --> homeless.artemis.com /home/content/webtv.classical/content/explore2d/programming/demo index.html
97.10.17 17:44 B D:\LouisRoehrs\programming\index.html --> homeless.artemis.com /home/content/webtv.classical/content/explore2d/programming/demo index.html
97.10.21 19:57 B D:\LouisRoehrs\programming\back.jpg --> vp2.netgate.net /u1/vhome/louis/www/wtv/programming back.jpg
97.10.21 19:57 B D:\LouisRoehrs\programming\back.zip --> vp2.netgate.net /u1/vhome/louis/www/wtv/programming back.zip
97.10.21 19:57 B D:\LouisRoehrs\programming\back2.jpg --> vp2.netgate.net /u1/vhome/louis/www/wtv/programming back2.jpg
97.10.21 19:57 B D:\LouisRoehrs\programming\back3.gif --> vp2.netgate.net /u1/vhome/louis/www/wtv/programming back3.gif
97.10.21 19:57 B D:\LouisRoehrs\programming\back3.jpg --> vp2.netgate.net /u1/vhome/louis/www/wtv/programming back3.jpg
97.10.21 19:57 B D:\LouisRoehrs\programming\index.html --> vp2.netgate.net /u1/vhome/louis/www/wtv/programming index.html
97.10.21 19:57 B D:\LouisRoehrs\programming\ws0_dugout.html --> vp2.netgate.net /u1/vhome/louis/www/wtv/programming ws0_dugout.html
97.10.21 19:57 B D:\LouisRoehrs\programming\WS_FTP.LOG --> vp2.netgate.net /u1/vhome/louis/www/wtv/programming WS_FTP.LOG
97.10.24 18:36 B D:\LouisRoehrs\programming\back.jpg --> vp2.netgate.net /u1/vhome/louis/www/wtv/programming back.jpg
97.10.24 18:36 B D:\LouisRoehrs\programming\back.zip --> vp2.netgate.net /u1/vhome/louis/www/wtv/programming back.zip
97.10.24 18:36 B D:\LouisRoehrs\programming\back2.jpg --> vp2.netgate.net /u1/vhome/louis/www/wtv/programming back2.jpg
97.10.24 18:36 B D:\LouisRoehrs\programming\back3.gif --> vp2.netgate.net /u1/vhome/louis/www/wtv/programming back3.gif
97.10.24 18:36 B D:\LouisRoehrs\programming\back3.jpg --> vp2.netgate.net /u1/vhome/louis/www/wtv/programming back3.jpg
97.10.24 18:36 B D:\LouisRoehrs\programming\index.html --> vp2.netgate.net /u1/vhome/louis/www/wtv/programming index.html
97.10.24 18:36 B D:\LouisRoehrs\programming\ws0_dugout.html --> vp2.netgate.net /u1/vhome/louis/www/wtv/programming ws0_dugout.html
