98.02.26 21:07 B C:\Louis\dwengi\13-020598.jpg --> www.woofie.com /u1/vhome/louis/www/wtv/dwengi 13-020598.jpg
98.02.26 21:07 B C:\Louis\dwengi\14-020598.jpg --> www.woofie.com /u1/vhome/louis/www/wtv/dwengi 14-020598.jpg
98.02.26 21:07 B C:\Louis\dwengi\15-020598.jpg --> www.woofie.com /u1/vhome/louis/www/wtv/dwengi 15-020598.jpg
98.02.26 21:07 B C:\Louis\dwengi\16-020598.jpg --> www.woofie.com /u1/vhome/louis/www/wtv/dwengi 16-020598.jpg
98.02.26 21:07 A C:\Louis\dwengi\index.html --> www.woofie.com /u1/vhome/louis/www/wtv/dwengi index.html
98.02.26 21:07 B C:\Louis\dwengi\msft.gif --> www.woofie.com /u1/vhome/louis/www/wtv/dwengi msft.gif
98.02.27 14:43 B C:\Louis\dwengi\hat.gif <-- woofie /u1/vhome/louis/www/wtv/dwengi hat.gif
98.02.27 15:48 B C:\Louis\dwengi\13-020598.jpg --> www.woofie.com /u1/vhome/louis/www/dwengi 13-020598.jpg
98.02.27 15:48 B C:\Louis\dwengi\14-020598.jpg --> www.woofie.com /u1/vhome/louis/www/dwengi 14-020598.jpg
98.02.27 15:48 B C:\Louis\dwengi\15-020598.jpg --> www.woofie.com /u1/vhome/louis/www/dwengi 15-020598.jpg
98.02.27 15:48 B C:\Louis\dwengi\16-020598.jpg --> www.woofie.com /u1/vhome/louis/www/dwengi 16-020598.jpg
98.02.27 15:48 B C:\Louis\dwengi\hat.gif --> www.woofie.com /u1/vhome/louis/www/dwengi hat.gif
98.02.27 15:48 A C:\Louis\dwengi\index.html --> www.woofie.com /u1/vhome/louis/www/dwengi index.html
98.02.27 15:48 A C:\Louis\dwengi\main.html --> www.woofie.com /u1/vhome/louis/www/dwengi main.html
98.02.27 15:48 B C:\Louis\dwengi\msft.gif --> www.woofie.com /u1/vhome/louis/www/dwengi msft.gif
98.02.27 15:48 A C:\Louis\dwengi\sidebar.html --> www.woofie.com /u1/vhome/louis/www/dwengi sidebar.html
98.02.27 15:48 B C:\Louis\dwengi\WS_FTP.LOG --> www.woofie.com /u1/vhome/louis/www/dwengi WS_FTP.LOG
98.02.27 15:49 A C:\Louis\dwengi\main.html --> www.woofie.com /u1/vhome/louis/www/dwengi main.html
98.02.27 16:22 A C:\Louis\dwengi\index.html --> www.woofie.com /u1/vhome/louis/www/dwengi index.html
98.02.27 16:22 A C:\Louis\dwengi\main.html --> www.woofie.com /u1/vhome/louis/www/dwengi main.html
98.02.27 16:22 B C:\Louis\dwengi\msft.gif --> www.woofie.com /u1/vhome/louis/www/dwengi msft.gif
98.02.27 16:22 A C:\Louis\dwengi\sidebar.html --> www.woofie.com /u1/vhome/louis/www/dwengi sidebar.html
98.02.27 16:23 A C:\Louis\dwengi\sidebar.html --> www.woofie.com /u1/vhome/louis/www/dwengi sidebar.html
98.02.27 16:24 A C:\Louis\dwengi\sidebar.html --> www.woofie.com /u1/vhome/louis/www/dwengi sidebar.html
98.02.27 16:34 A C:\Louis\dwengi\sidebar.html --> www.woofie.com /u1/vhome/louis/www/dwengi sidebar.html
98.02.27 16:34 A C:\Louis\dwengi\radar.html --> www.woofie.com /u1/vhome/louis/www/dwengi radar.html
98.02.27 16:36 A C:\Louis\dwengi\sidebar.html --> www.woofie.com /u1/vhome/louis/www/dwengi sidebar.html
98.02.27 16:36 A C:\Louis\dwengi\sat.html --> www.woofie.com /u1/vhome/louis/www/dwengi sat.html
98.02.27 16:37 A C:\Louis\dwengi\index.html --> www.woofie.com /u1/vhome/louis/www/dwengi index.html
98.02.27 16:38 A C:\Louis\dwengi\sidebar.html --> www.woofie.com /u1/vhome/louis/www/dwengi sidebar.html
98.02.27 16:39 A C:\Louis\dwengi\sidebar.html --> www.woofie.com /u1/vhome/louis/www/dwengi sidebar.html
98.02.27 16:40 A C:\Louis\dwengi\sidebar.html --> www.woofie.com /u1/vhome/louis/www/dwengi sidebar.html
98.02.27 16:41 A C:\Louis\dwengi\index.html --> www.woofie.com /u1/vhome/louis/www/dwengi index.html
98.02.27 16:41 A C:\Louis\dwengi\stuff.html --> www.woofie.com /u1/vhome/louis/www/dwengi stuff.html
98.02.27 16:41 A C:\Louis\dwengi\sidebar.html --> www.woofie.com /u1/vhome/louis/www/dwengi sidebar.html
98.02.27 16:42 A C:\Louis\dwengi\sidebar.html --> www.woofie.com /u1/vhome/louis/www/dwengi sidebar.html
98.02.27 16:43 A C:\Louis\dwengi\sidebar.html --> www.woofie.com /u1/vhome/louis/www/dwengi sidebar.html
98.02.27 16:46 A C:\Louis\dwengi\index.html --> www.woofie.com /u1/vhome/louis/www/dwengi index.html
98.02.27 16:46 A C:\Louis\dwengi\main.html --> www.woofie.com /u1/vhome/louis/www/dwengi main.html
98.02.27 16:46 B C:\Louis\dwengi\msft.gif --> www.woofie.com /u1/vhome/louis/www/dwengi msft.gif
98.02.27 16:46 B C:\Louis\dwengi\peripherals.gif --> www.woofie.com /u1/vhome/louis/www/dwengi peripherals.gif
98.02.27 16:46 A C:\Louis\dwengi\radar.html --> www.woofie.com /u1/vhome/louis/www/dwengi radar.html
98.02.27 16:46 A C:\Louis\dwengi\sat.html --> www.woofie.com /u1/vhome/louis/www/dwengi sat.html
98.02.27 16:46 A C:\Louis\dwengi\sidebar.html --> www.woofie.com /u1/vhome/louis/www/dwengi sidebar.html
98.02.27 16:46 A C:\Louis\dwengi\stuff.html --> www.woofie.com /u1/vhome/louis/www/dwengi stuff.html
98.02.27 16:49 A C:\Louis\dwengi\sidebar.html --> www.woofie.com /u1/vhome/louis/www/dwengi sidebar.html
98.02.27 16:49 A C:\Louis\dwengi\uc.html --> www.woofie.com /u1/vhome/louis/www/dwengi uc.html
98.02.27 16:53 A C:\Louis\dwengi\sidebar.html --> www.woofie.com /u1/vhome/louis/www/dwengi sidebar.html
98.02.27 16:53 A C:\Louis\dwengi\uc.html --> www.woofie.com /u1/vhome/louis/www/dwengi uc.html
98.02.27 17:01 A C:\Louis\dwengi\sidebar.html --> www.woofie.com /u1/vhome/louis/www/dwengi sidebar.html
98.03.02 09:40 B C:\Louis\dwengi\doggies.jpg --> www.woofie.com /u1/vhome/louis/www/dwengi doggies.jpg
98.03.02 09:42 A C:\Louis\dwengi\sidebar.html --> www.woofie.com /u1/vhome/louis/www/dwengi sidebar.html
98.03.02 09:48 A C:\Louis\dwengi\sidebar.html --> www.woofie.com /u1/vhome/louis/www/dwengi sidebar.html
98.03.02 09:48 A C:\Louis\dwengi\blackbkg.html --> www.woofie.com /u1/vhome/louis/www/dwengi blackbkg.html
98.03.02 09:49 A C:\Louis\dwengi\blackbkg.html --> www.woofie.com /u1/vhome/louis/www/dwengi blackbkg.html
98.03.02 09:50 A C:\Louis\dwengi\blackbkg.html --> www.woofie.com /u1/vhome/louis/www/dwengi blackbkg.html
98.03.02 12:17 A C:\Louis\dwengi\index.html --> www.woofie.com /u1/vhome/louis/www/dwengi index.html
98.03.02 12:17 A C:\Louis\dwengi\sidebar.html --> www.woofie.com /u1/vhome/louis/www/dwengi sidebar.html
98.03.02 12:17 A C:\Louis\dwengi\black.html --> www.woofie.com /u1/vhome/louis/www/dwengi black.html
98.03.02 12:17 B C:\Louis\dwengi\doggies.jpg --> www.woofie.com /u1/vhome/louis/www/dwengi doggies.jpg
98.03.02 12:19 A C:\Louis\dwengi\black.html --> www.woofie.com /u1/vhome/louis/www/dwengi black.html
98.03.02 12:19 A C:\Louis\dwengi\black.html --> www.woofie.com /u1/vhome/louis/www/dwengi black.html
98.03.02 12:23 A C:\Louis\dwengi\sidebar.html --> www.woofie.com /u1/vhome/louis/www/dwengi sidebar.html
98.03.02 12:28 A C:\Louis\dwengi\index.html --> www.woofie.com /u1/vhome/louis/www/dwengi index.html
98.03.02 12:29 A C:\Louis\dwengi\main.html --> www.woofie.com /u1/vhome/louis/www/dwengi main.html
98.03.03 22:04 A C:\Louis\dwengi\sidebar.html --> www.woofie.com /u1/vhome/louis/www/wtv/dwengi sidebar.html
98.03.03 22:04 A C:\Louis\dwengi\sidebar.html --> www.woofie.com /u1/vhome/louis/www/dwengi sidebar.html
98.03.03 22:04 A C:\Louis\dwengi\sidebarweather.html --> www.woofie.com /u1/vhome/louis/www/dwengi sidebarweather.html
98.03.03 22:06 A C:\Louis\dwengi\sidebar.html --> www.woofie.com /u1/vhome/louis/www/dwengi sidebar.html
98.03.03 22:06 A C:\Louis\dwengi\sidebarweather.html --> www.woofie.com /u1/vhome/louis/www/dwengi sidebarweather.html
98.03.03 22:22 A C:\Louis\dwengi\sidebarcams.html --> www.woofie.com /u1/vhome/louis/www/dwengi sidebarcams.html
98.03.03 22:22 A C:\Louis\dwengi\sidebarskiareas.html --> www.woofie.com /u1/vhome/louis/www/dwengi sidebarskiareas.html
98.03.03 22:22 A C:\Louis\dwengi\sidebarweather.html --> www.woofie.com /u1/vhome/louis/www/dwengi sidebarweather.html
98.03.03 22:22 A C:\Louis\dwengi\sidebar.html --> www.woofie.com /u1/vhome/louis/www/dwengi sidebar.html
98.03.03 22:23 A C:\Louis\dwengi\sidebarcams.html --> www.woofie.com /u1/vhome/louis/www/dwengi sidebarcams.html
98.03.03 22:24 A C:\Louis\dwengi\sidebarcams.html --> www.woofie.com /u1/vhome/louis/www/dwengi sidebarcams.html
98.03.03 22:27 A C:\Louis\dwengi\sidebarcams.html --> www.woofie.com /u1/vhome/louis/www/dwengi sidebarcams.html
98.03.03 22:32 A C:\Louis\dwengi\sidebarcams.html --> www.woofie.com /u1/vhome/louis/www/dwengi sidebarcams.html
98.03.03 22:32 A C:\Louis\dwengi\sidebarskiareas.html --> www.woofie.com /u1/vhome/louis/www/dwengi sidebarskiareas.html
98.03.03 22:35 A C:\Louis\dwengi\black.html --> www.woofie.com /u1/vhome/louis/www/dwengi black.html
98.03.03 22:37 A C:\Louis\dwengi\index.html --> www.woofie.com /u1/vhome/louis/www/dwengi index.html
98.03.03 22:39 A C:\Louis\dwengi\sidebar.html --> www.woofie.com /u1/vhome/louis/www/dwengi sidebar.html
98.03.03 22:39 A C:\Louis\dwengi\sidebarcams.html --> www.woofie.com /u1/vhome/louis/www/dwengi sidebarcams.html
98.03.03 22:39 A C:\Louis\dwengi\sidebarskiareas.html --> www.woofie.com /u1/vhome/louis/www/dwengi sidebarskiareas.html
98.03.03 22:39 A C:\Louis\dwengi\sidebarweather.html --> www.woofie.com /u1/vhome/louis/www/dwengi sidebarweather.html
98.03.03 22:45 A C:\Louis\dwengi\sidebarskiareas.html --> www.woofie.com /u1/vhome/louis/www/dwengi sidebarskiareas.html
98.03.03 22:47 A C:\Louis\dwengi\sidebarskiareas.html --> www.woofie.com /u1/vhome/louis/www/dwengi sidebarskiareas.html
98.03.03 22:49 A C:\Louis\dwengi\sidebarskiareas.html --> www.woofie.com /u1/vhome/louis/www/dwengi sidebarskiareas.html
98.03.03 22:49 A C:\Louis\dwengi\sidebarcams.html --> www.woofie.com /u1/vhome/louis/www/dwengi sidebarcams.html
98.03.03 22:56 A C:\Louis\dwengi\main.html --> www.woofie.com /u1/vhome/louis/www/dwengi main.html
98.03.03 22:57 A C:\Louis\dwengi\main.html --> www.woofie.com /u1/vhome/louis/www/dwengi main.html
98.03.03 22:57 A C:\Louis\dwengi\main.html --> www.woofie.com /u1/vhome/louis/www/dwengi main.html
98.03.03 23:01 A C:\Louis\dwengi\sidebar.html --> www.woofie.com /u1/vhome/louis/www/dwengi sidebar.html
98.03.03 23:01 A C:\Louis\dwengi\sidebarcams.html --> www.woofie.com /u1/vhome/louis/www/dwengi sidebarcams.html
98.03.03 23:01 A C:\Louis\dwengi\sidebarskiareas.html --> www.woofie.com /u1/vhome/louis/www/dwengi sidebarskiareas.html
98.03.03 23:01 A C:\Louis\dwengi\sidebarweather.html --> www.woofie.com /u1/vhome/louis/www/dwengi sidebarweather.html
98.03.03 23:01 A C:\Louis\dwengi\main.html --> www.woofie.com /u1/vhome/louis/www/dwengi main.html
98.03.03 23:02 A C:\Louis\dwengi\sidebar.html --> www.woofie.com /u1/vhome/louis/www/dwengi sidebar.html
98.03.03 23:02 A C:\Louis\dwengi\sidebarcams.html --> www.woofie.com /u1/vhome/louis/www/dwengi sidebarcams.html
98.03.03 23:02 A C:\Louis\dwengi\sidebarskiareas.html --> www.woofie.com /u1/vhome/louis/www/dwengi sidebarskiareas.html
98.03.03 23:02 A C:\Louis\dwengi\sidebarweather.html --> www.woofie.com /u1/vhome/louis/www/dwengi sidebarweather.html
98.03.03 23:10 A C:\Louis\dwengi\paw.gif --> www.woofie.com /u1/vhome/louis/www/dwengi paw.gif
98.03.03 23:10 A C:\Louis\dwengi\paw.gif --> www.woofie.com /u1/vhome/louis/www/dwengi paw.gif
98.03.03 23:11 A C:\Louis\dwengi\paw.gif --> www.woofie.com /u1/vhome/louis/www/dwengi paw.gif
98.03.03 23:14 A C:\Louis\dwengi\paw.gif --> www.woofie.com /u1/vhome/louis/www/dwengi paw.gif
98.03.03 23:15 B C:\Louis\dwengi\paw.gif --> www.woofie.com /u1/vhome/louis/www/dwengi paw.gif
98.03.03 23:15 B C:\Louis\dwengi\paw.gif --> www.woofie.com /u1/vhome/louis/www/dwengi paw.gif
98.03.03 23:15 B C:\Louis\dwengi\paw.gif --> www.woofie.com /u1/vhome/louis/www/dwengi paw.gif
98.03.03 23:16 B C:\Louis\dwengi\paw.gif --> www.woofie.com /u1/vhome/louis/www/dwengi paw.gif
98.03.03 23:16 B C:\Louis\dwengi\paw.gif --> www.woofie.com /u1/vhome/louis/www/dwengi paw.gif
98.03.03 23:17 B C:\Louis\dwengi\paw.gif --> www.woofie.com /u1/vhome/louis/www/dwengi paw.gif
98.03.03 23:19 B C:\Louis\dwengi\sidebar.html --> www.woofie.com /u1/vhome/louis/www/dwengi sidebar.html
98.03.03 23:19 A C:\Louis\dwengi\sidebar.html --> www.woofie.com /u1/vhome/louis/www/dwengi sidebar.html
98.03.03 23:20 A C:\Louis\dwengi\sidebar.html --> www.woofie.com /u1/vhome/louis/www/dwengi sidebar.html
98.03.03 23:20 A C:\Louis\dwengi\sidebarcams.html --> www.woofie.com /u1/vhome/louis/www/dwengi sidebarcams.html
98.03.03 23:20 A C:\Louis\dwengi\sidebarskiareas.html --> www.woofie.com /u1/vhome/louis/www/dwengi sidebarskiareas.html
98.03.03 23:20 A C:\Louis\dwengi\sidebarweather.html --> www.woofie.com /u1/vhome/louis/www/dwengi sidebarweather.html
98.03.03 23:20 A C:\Louis\dwengi\main.html --> www.woofie.com /u1/vhome/louis/www/dwengi main.html
98.03.03 23:22 A C:\Louis\dwengi\index.html --> www.woofie.com /u1/vhome/louis/www/dwengi index.html
98.03.03 23:25 A C:\Louis\dwengi\sidebarweather.html --> www.woofie.com /u1/vhome/louis/www/dwengi sidebarweather.html
98.03.03 23:28 B C:\Louis\dwengi\13-020598.jpg --> www.woofie.com /u1/vhome/louis/www/dwengi 13-020598.jpg
98.03.03 23:28 B C:\Louis\dwengi\14-020598.jpg --> www.woofie.com /u1/vhome/louis/www/dwengi 14-020598.jpg
98.03.03 23:28 B C:\Louis\dwengi\15-020598.jpg --> www.woofie.com /u1/vhome/louis/www/dwengi 15-020598.jpg
98.03.03 23:28 B C:\Louis\dwengi\16-020598.jpg --> www.woofie.com /u1/vhome/louis/www/dwengi 16-020598.jpg
98.03.03 23:28 A C:\Louis\dwengi\black.html --> www.woofie.com /u1/vhome/louis/www/dwengi black.html
98.03.03 23:28 B C:\Louis\dwengi\doggies.jpg --> www.woofie.com /u1/vhome/louis/www/dwengi doggies.jpg
98.03.03 23:28 B C:\Louis\dwengi\hat.gif --> www.woofie.com /u1/vhome/louis/www/dwengi hat.gif
98.03.03 23:28 A C:\Louis\dwengi\index.html --> www.woofie.com /u1/vhome/louis/www/dwengi index.html
98.03.03 23:28 A C:\Louis\dwengi\main.html --> www.woofie.com /u1/vhome/louis/www/dwengi main.html
98.03.03 23:29 B C:\Louis\dwengi\msft.gif --> www.woofie.com /u1/vhome/louis/www/dwengi msft.gif
98.03.03 23:29 B C:\Louis\dwengi\paw.gif --> www.woofie.com /u1/vhome/louis/www/dwengi paw.gif
98.03.03 23:29 B C:\Louis\dwengi\peripherals.gif --> www.woofie.com /u1/vhome/louis/www/dwengi peripherals.gif
98.03.03 23:29 A C:\Louis\dwengi\sidebar.html --> www.woofie.com /u1/vhome/louis/www/dwengi sidebar.html
98.03.03 23:29 A C:\Louis\dwengi\sidebarcams.html --> www.woofie.com /u1/vhome/louis/www/dwengi sidebarcams.html
98.03.03 23:29 A C:\Louis\dwengi\sidebarskiareas.html --> www.woofie.com /u1/vhome/louis/www/dwengi sidebarskiareas.html
98.03.03 23:29 A C:\Louis\dwengi\sidebarweather.html --> www.woofie.com /u1/vhome/louis/www/dwengi sidebarweather.html
98.03.03 23:29 A C:\Louis\dwengi\stuff.html --> www.woofie.com /u1/vhome/louis/www/dwengi stuff.html
98.03.03 23:29 A C:\Louis\dwengi\uc.html --> www.woofie.com /u1/vhome/louis/www/dwengi uc.html
