98.01.14 18:00 B C:\Louis\navimages\but_cultural.gif --> www.woofie.com /u1/vhome/louis/www/wtv/navimages but_cultural.gif
98.01.14 18:00 B C:\Louis\navimages\but_entertainment.gif --> www.woofie.com /u1/vhome/louis/www/wtv/navimages but_entertainment.gif
98.01.14 18:00 B C:\Louis\navimages\but_grabbag.gif --> www.woofie.com /u1/vhome/louis/www/wtv/navimages but_grabbag.gif
98.01.14 18:00 B C:\Louis\navimages\but_hobbies.gif --> www.woofie.com /u1/vhome/louis/www/wtv/navimages but_hobbies.gif
98.01.14 18:00 B C:\Louis\navimages\but_holiday.gif --> www.woofie.com /u1/vhome/louis/www/wtv/navimages but_holiday.gif
98.01.14 18:00 B C:\Louis\navimages\but_newsmaker.gif --> www.woofie.com /u1/vhome/louis/www/wtv/navimages but_newsmaker.gif
98.01.14 18:00 B C:\Louis\navimages\but_sports.gif --> www.woofie.com /u1/vhome/louis/www/wtv/navimages but_sports.gif
98.01.14 20:48 B C:\Louis\navimages\but_cultural.gif --> ed.webtv.net /usr/local/etc/apache_1.2.1/htdocs/tpark/public_html/navimages but_cultural.gif
98.01.14 20:48 B C:\Louis\navimages\but_entertainment.gif --> ed.webtv.net /usr/local/etc/apache_1.2.1/htdocs/tpark/public_html/navimages but_entertainment.gif
98.01.14 20:48 B C:\Louis\navimages\but_grabbag.gif --> ed.webtv.net /usr/local/etc/apache_1.2.1/htdocs/tpark/public_html/navimages but_grabbag.gif
98.01.14 20:48 B C:\Louis\navimages\but_hobbies.gif --> ed.webtv.net /usr/local/etc/apache_1.2.1/htdocs/tpark/public_html/navimages but_hobbies.gif
98.01.14 20:48 B C:\Louis\navimages\but_holiday.gif --> ed.webtv.net /usr/local/etc/apache_1.2.1/htdocs/tpark/public_html/navimages but_holiday.gif
98.01.14 20:48 B C:\Louis\navimages\but_newsmaker.gif --> ed.webtv.net /usr/local/etc/apache_1.2.1/htdocs/tpark/public_html/navimages but_newsmaker.gif
98.01.14 20:48 B C:\Louis\navimages\but_sports.gif --> ed.webtv.net /usr/local/etc/apache_1.2.1/htdocs/tpark/public_html/navimages but_sports.gif
98.01.14 20:48 B C:\Louis\navimages\WS_FTP.LOG --> ed.webtv.net /usr/local/etc/apache_1.2.1/htdocs/tpark/public_html/navimages WS_FTP.LOG
98.01.16 10:17 B C:\Louis\navimages\but_hobbies.gif --> ed.webtv.net /usr/local/etc/apache_1.2.1/htdocs/tpark/public_html/navimages but_hobbies.gif
98.01.16 10:17 B C:\Louis\navimages\but_hobbies1.gif --> ed.webtv.net /usr/local/etc/apache_1.2.1/htdocs/tpark/public_html/navimages but_hobbies1.gif
98.01.16 10:17 B C:\Louis\navimages\cross_category.gif --> ed.webtv.net /usr/local/etc/apache_1.2.1/htdocs/tpark/public_html/navimages cross_category.gif
98.01.16 10:17 B C:\Louis\navimages\cross_game.gif --> ed.webtv.net /usr/local/etc/apache_1.2.1/htdocs/tpark/public_html/navimages cross_game.gif
98.01.16 10:17 B C:\Louis\navimages\trivial_category.gif --> ed.webtv.net /usr/local/etc/apache_1.2.1/htdocs/tpark/public_html/navimages trivial_category.gif
98.01.16 10:17 B C:\Louis\navimages\trivial_game.gif --> ed.webtv.net /usr/local/etc/apache_1.2.1/htdocs/tpark/public_html/navimages trivial_game.gif
98.01.19 13:31 B C:\Louis\navimages\cross_category.gif --> ed.webtv.net /usr/local/etc/apache_1.2.1/htdocs/tpark/public_html/navimages cross_category.gif
98.01.19 13:31 B C:\Louis\navimages\cross_categoryold.gif --> ed.webtv.net /usr/local/etc/apache_1.2.1/htdocs/tpark/public_html/navimages cross_categoryold.gif
98.01.19 13:31 B C:\Louis\navimages\cross_game.gif --> ed.webtv.net /usr/local/etc/apache_1.2.1/htdocs/tpark/public_html/navimages cross_game.gif
98.01.19 13:31 B C:\Louis\navimages\cross_gameold.gif --> ed.webtv.net /usr/local/etc/apache_1.2.1/htdocs/tpark/public_html/navimages cross_gameold.gif
98.01.20 17:47 B C:\Louis\navimages\but_cultural.gif --> homeless.artemis.com /home/content/webtv.disco/content/explore2d/programming/navimages but_cultural.gif
98.01.20 17:47 B C:\Louis\navimages\but_entertainment.gif --> homeless.artemis.com /home/content/webtv.disco/content/explore2d/programming/navimages but_entertainment.gif
98.01.20 17:47 B C:\Louis\navimages\but_grabbag.gif --> homeless.artemis.com /home/content/webtv.disco/content/explore2d/programming/navimages but_grabbag.gif
98.01.20 17:47 B C:\Louis\navimages\but_hobbies.gif --> homeless.artemis.com /home/content/webtv.disco/content/explore2d/programming/navimages but_hobbies.gif
98.01.20 17:47 B C:\Louis\navimages\but_hobbies1.gif --> homeless.artemis.com /home/content/webtv.disco/content/explore2d/programming/navimages but_hobbies1.gif
98.01.20 17:47 B C:\Louis\navimages\but_holiday.gif --> homeless.artemis.com /home/content/webtv.disco/content/explore2d/programming/navimages but_holiday.gif
98.01.20 17:47 B C:\Louis\navimages\but_newsmaker.gif --> homeless.artemis.com /home/content/webtv.disco/content/explore2d/programming/navimages but_newsmaker.gif
98.01.20 17:47 B C:\Louis\navimages\but_sports.gif --> homeless.artemis.com /home/content/webtv.disco/content/explore2d/programming/navimages but_sports.gif
98.01.20 17:47 B C:\Louis\navimages\cross_category.gif --> homeless.artemis.com /home/content/webtv.disco/content/explore2d/programming/navimages cross_category.gif
98.01.20 17:47 B C:\Louis\navimages\cross_categoryold.gif --> homeless.artemis.com /home/content/webtv.disco/content/explore2d/programming/navimages cross_categoryold.gif
98.01.20 17:47 B C:\Louis\navimages\cross_game.gif --> homeless.artemis.com /home/content/webtv.disco/content/explore2d/programming/navimages cross_game.gif
98.01.20 17:47 B C:\Louis\navimages\cross_gameold.gif --> homeless.artemis.com /home/content/webtv.disco/content/explore2d/programming/navimages cross_gameold.gif
98.01.20 17:47 B C:\Louis\navimages\trivial_category.gif --> homeless.artemis.com /home/content/webtv.disco/content/explore2d/programming/navimages trivial_category.gif
98.01.20 17:47 B C:\Louis\navimages\trivial_game.gif --> homeless.artemis.com /home/content/webtv.disco/content/explore2d/programming/navimages trivial_game.gif
98.01.20 17:47 B C:\Louis\navimages\WS_FTP.LOG --> homeless.artemis.com /home/content/webtv.disco/content/explore2d/programming/navimages WS_FTP.LOG
98.01.22 16:36 B C:\Louis\navimages\but_cultural.gif --> www.woofie.com /u1/vhome/louis/www/wtv/navimages but_cultural.gif
98.01.22 16:36 B C:\Louis\navimages\but_entertainment.gif --> www.woofie.com /u1/vhome/louis/www/wtv/navimages but_entertainment.gif
98.01.22 16:36 B C:\Louis\navimages\but_grabbag.gif --> www.woofie.com /u1/vhome/louis/www/wtv/navimages but_grabbag.gif
98.01.22 16:36 B C:\Louis\navimages\but_hobbies.gif --> www.woofie.com /u1/vhome/louis/www/wtv/navimages but_hobbies.gif
98.01.22 16:36 B C:\Louis\navimages\but_hobbies1.gif --> www.woofie.com /u1/vhome/louis/www/wtv/navimages but_hobbies1.gif
98.01.22 16:36 B C:\Louis\navimages\but_holiday.gif --> www.woofie.com /u1/vhome/louis/www/wtv/navimages but_holiday.gif
98.01.22 16:36 B C:\Louis\navimages\but_newsmaker.gif --> www.woofie.com /u1/vhome/louis/www/wtv/navimages but_newsmaker.gif
98.01.22 16:36 B C:\Louis\navimages\but_sports.gif --> www.woofie.com /u1/vhome/louis/www/wtv/navimages but_sports.gif
98.01.22 16:36 B C:\Louis\navimages\cross_category.gif --> www.woofie.com /u1/vhome/louis/www/wtv/navimages cross_category.gif
98.01.22 16:36 B C:\Louis\navimages\cross_categoryold.gif --> www.woofie.com /u1/vhome/louis/www/wtv/navimages cross_categoryold.gif
98.01.22 16:36 B C:\Louis\navimages\cross_game.gif --> www.woofie.com /u1/vhome/louis/www/wtv/navimages cross_game.gif
98.01.22 16:36 B C:\Louis\navimages\cross_gameold.gif --> www.woofie.com /u1/vhome/louis/www/wtv/navimages cross_gameold.gif
98.01.22 16:36 B C:\Louis\navimages\trivial_category.gif --> www.woofie.com /u1/vhome/louis/www/wtv/navimages trivial_category.gif
98.01.22 16:36 B C:\Louis\navimages\trivial_game.gif --> www.woofie.com /u1/vhome/louis/www/wtv/navimages trivial_game.gif
98.01.26 17:10 B C:\Louis\navimages\but_cultural.gif --> www.woofie.com /u1/vhome/louis/www/wtv/navimages but_cultural.gif
98.01.26 17:10 B C:\Louis\navimages\but_entertainment.gif --> www.woofie.com /u1/vhome/louis/www/wtv/navimages but_entertainment.gif
98.01.26 17:10 B C:\Louis\navimages\but_grabbag.gif --> www.woofie.com /u1/vhome/louis/www/wtv/navimages but_grabbag.gif
98.01.26 17:10 B C:\Louis\navimages\but_hobbies.gif --> www.woofie.com /u1/vhome/louis/www/wtv/navimages but_hobbies.gif
98.01.26 17:10 B C:\Louis\navimages\but_hobbies1.gif --> www.woofie.com /u1/vhome/louis/www/wtv/navimages but_hobbies1.gif
98.01.26 17:10 B C:\Louis\navimages\but_holiday.gif --> www.woofie.com /u1/vhome/louis/www/wtv/navimages but_holiday.gif
98.01.26 17:10 B C:\Louis\navimages\but_newsmaker.gif --> www.woofie.com /u1/vhome/louis/www/wtv/navimages but_newsmaker.gif
98.01.26 17:10 B C:\Louis\navimages\but_sports.gif --> www.woofie.com /u1/vhome/louis/www/wtv/navimages but_sports.gif
98.01.26 17:10 B C:\Louis\navimages\cross_category.gif --> www.woofie.com /u1/vhome/louis/www/wtv/navimages cross_category.gif
98.01.26 17:10 B C:\Louis\navimages\cross_categoryold.gif --> www.woofie.com /u1/vhome/louis/www/wtv/navimages cross_categoryold.gif
98.01.26 17:10 B C:\Louis\navimages\cross_game.gif --> www.woofie.com /u1/vhome/louis/www/wtv/navimages cross_game.gif
98.01.26 17:10 B C:\Louis\navimages\cross_gameold.gif --> www.woofie.com /u1/vhome/louis/www/wtv/navimages cross_gameold.gif
98.01.26 17:10 B C:\Louis\navimages\trivial_category.gif --> www.woofie.com /u1/vhome/louis/www/wtv/navimages trivial_category.gif
98.01.26 17:10 B C:\Louis\navimages\trivial_game.gif --> www.woofie.com /u1/vhome/louis/www/wtv/navimages trivial_game.gif
