97.03.26 20:48 B C:\newUI\Recreation\logos\fitness\24hr.gif --> vp2.netgate.net /u1/vhome/louis/www/portfolio/newUI/Recreation/logos/fitness 24hr.gif
97.03.26 20:48 B C:\newUI\Recreation\logos\fitness\gold.jpg --> vp2.netgate.net /u1/vhome/louis/www/portfolio/newUI/Recreation/logos/fitness gold.jpg
97.03.26 20:48 B C:\newUI\Recreation\logos\fitness\mflogowc.gif --> vp2.netgate.net /u1/vhome/louis/www/portfolio/newUI/Recreation/logos/fitness mflogowc.gif
97.03.26 20:48 B C:\newUI\Recreation\logos\fitness\ntri.gif --> vp2.netgate.net /u1/vhome/louis/www/portfolio/newUI/Recreation/logos/fitness ntri.gif
97.03.26 20:48 B C:\newUI\Recreation\logos\fitness\rwol.jpg --> vp2.netgate.net /u1/vhome/louis/www/portfolio/newUI/Recreation/logos/fitness rwol.jpg
97.03.26 20:48 B C:\newUI\Recreation\logos\fitness\sbac.gif --> vp2.netgate.net /u1/vhome/louis/www/portfolio/newUI/Recreation/logos/fitness sbac.gif
97.03.26 20:48 B C:\newUI\Recreation\logos\fitness\suaani_.gif --> vp2.netgate.net /u1/vhome/louis/www/portfolio/newUI/Recreation/logos/fitness suaani_.gif
97.03.26 20:48 B C:\newUI\Recreation\logos\fitness\trimlinne.gif --> vp2.netgate.net /u1/vhome/louis/www/portfolio/newUI/Recreation/logos/fitness trimlinne.gif
97.03.26 20:48 B C:\newUI\Recreation\logos\fitness\turnstep.gif --> vp2.netgate.net /u1/vhome/louis/www/portfolio/newUI/Recreation/logos/fitness turnstep.gif
97.03.26 20:48 B C:\newUI\Recreation\logos\fitness\usa.gif --> vp2.netgate.net /u1/vhome/louis/www/portfolio/newUI/Recreation/logos/fitness usa.gif
97.03.26 21:39 B C:\newUI\Recreation\logos\fitness\24hr.gif --> vp2.netgate.net /u1/vhome/louis/www/portfolio/newUI/Recreation/logos/fitness 24hr.gif
97.03.26 21:40 B C:\newUI\Recreation\logos\fitness\gold.jpg --> vp2.netgate.net /u1/vhome/louis/www/portfolio/newUI/Recreation/logos/fitness gold.jpg
97.03.26 21:40 B C:\newUI\Recreation\logos\fitness\mflogowc.gif --> vp2.netgate.net /u1/vhome/louis/www/portfolio/newUI/Recreation/logos/fitness mflogowc.gif
97.03.26 21:40 B C:\newUI\Recreation\logos\fitness\ntri.gif --> vp2.netgate.net /u1/vhome/louis/www/portfolio/newUI/Recreation/logos/fitness ntri.gif
97.03.26 21:40 B C:\newUI\Recreation\logos\fitness\rwol.jpg --> vp2.netgate.net /u1/vhome/louis/www/portfolio/newUI/Recreation/logos/fitness rwol.jpg
97.03.26 21:40 B C:\newUI\Recreation\logos\fitness\sbac.gif --> vp2.netgate.net /u1/vhome/louis/www/portfolio/newUI/Recreation/logos/fitness sbac.gif
97.03.26 21:40 B C:\newUI\Recreation\logos\fitness\suaani_.gif --> vp2.netgate.net /u1/vhome/louis/www/portfolio/newUI/Recreation/logos/fitness suaani_.gif
97.03.26 21:40 B C:\newUI\Recreation\logos\fitness\trimlinne.gif --> vp2.netgate.net /u1/vhome/louis/www/portfolio/newUI/Recreation/logos/fitness trimlinne.gif
97.03.26 21:40 B C:\newUI\Recreation\logos\fitness\turnstep.gif --> vp2.netgate.net /u1/vhome/louis/www/portfolio/newUI/Recreation/logos/fitness turnstep.gif
97.03.26 21:40 B C:\newUI\Recreation\logos\fitness\usa.gif --> vp2.netgate.net /u1/vhome/louis/www/portfolio/newUI/Recreation/logos/fitness usa.gif
