97.09.29 15:44 B D:\LouisRoehrs\makeamatch\sounds\BELL.MP2 <-- AWoofie /u1/vhome/louis/www/makeamatch/sounds BELL.MP2
97.09.29 15:45 B D:\LouisRoehrs\makeamatch\sounds\BUZZER.AIF <-- AWoofie /u1/vhome/louis/www/makeamatch/sounds BUZZER.AIF
97.09.29 15:57 B D:\LouisRoehrs\makeamatch\sounds\BELL.MP2 --> ed.webtv.net /usr/home/tpark/public_html/louis/makeamatch/sounds BELL.MP2
97.09.29 15:57 B D:\LouisRoehrs\makeamatch\sounds\BUZZER.AIF --> ed.webtv.net /usr/home/tpark/public_html/louis/makeamatch/sounds BUZZER.AIF
97.09.29 15:57 B D:\LouisRoehrs\makeamatch\sounds\kidstheme8.mid --> ed.webtv.net /usr/home/tpark/public_html/louis/makeamatch/sounds kidstheme8.mid
97.09.29 15:57 B D:\LouisRoehrs\makeamatch\sounds\WHOOSH.MP2 --> ed.webtv.net /usr/home/tpark/public_html/louis/makeamatch/sounds WHOOSH.MP2
97.09.29 15:57 B D:\LouisRoehrs\makeamatch\sounds\WS_FTP.LOG --> ed.webtv.net /usr/home/tpark/public_html/louis/makeamatch/sounds WS_FTP.LOG
97.09.29 20:38 B D:\LouisRoehrs\makeamatch\sounds\BELL.MP2 --> vp2.netgate.net /u1/vhome/louis/www/makeamatch/sounds BELL.MP2
97.09.29 20:39 B D:\LouisRoehrs\makeamatch\sounds\BUZZER.AIF --> vp2.netgate.net /u1/vhome/louis/www/makeamatch/sounds BUZZER.AIF
97.09.29 20:39 B D:\LouisRoehrs\makeamatch\sounds\kidstheme8.mid --> vp2.netgate.net /u1/vhome/louis/www/makeamatch/sounds kidstheme8.mid
97.09.29 20:39 B D:\LouisRoehrs\makeamatch\sounds\WHOOSH.MP2 --> vp2.netgate.net /u1/vhome/louis/www/makeamatch/sounds WHOOSH.MP2
97.09.29 20:39 B D:\LouisRoehrs\makeamatch\sounds\WS_FTP.LOG --> vp2.netgate.net /u1/vhome/louis/www/makeamatch/sounds WS_FTP.LOG
97.10.01 20:17 B D:\LouisRoehrs\makeamatch\sounds\bell.mp2 --> ed.webtv.net /usr/home/tpark/public_html/louis/makeamatch/sounds bell.mp2
97.10.01 20:17 B D:\LouisRoehrs\makeamatch\sounds\buzzer.aif --> ed.webtv.net /usr/home/tpark/public_html/louis/makeamatch/sounds buzzer.aif
97.10.01 20:18 B D:\LouisRoehrs\makeamatch\sounds\whoosh.mp2 --> ed.webtv.net /usr/home/tpark/public_html/louis/makeamatch/sounds whoosh.mp2
97.10.02 09:53 B D:\LouisRoehrs\makeamatch\sounds\buzz.mid --> ed.webtv.net /usr/home/tpark/public_html/louis/makeamatch/sounds buzz.mid
97.10.02 09:53 B D:\LouisRoehrs\makeamatch\sounds\littsong.mid --> ed.webtv.net /usr/home/tpark/public_html/louis/makeamatch/sounds littsong.mid
97.10.02 10:37 B D:\LouisRoehrs\makeamatch\sounds\buzz.mid --> ed.webtv.net /usr/home/tpark/public_html/louis/makeamatch/sounds buzz.mid
97.10.02 21:32 B D:\LouisRoehrs\makeamatch\sounds\bell.mp2 --> ed.webtv.net /usr/home/tpark/public_html/louis/makeamatch/sounds bell.mp2
97.10.02 21:33 B D:\LouisRoehrs\makeamatch\sounds\bell.mp2 --> ed.webtv.net /usr/home/tpark/public_html/louis/makeamatch/sounds bell.mp2
97.10.02 22:21 B D:\LouisRoehrs\makeamatch\sounds\newsong.mid --> ed.webtv.net /usr/home/tpark/public_html/louis/makeamatch/sounds newsong.mid
97.10.02 22:22 B D:\LouisRoehrs\makeamatch\sounds\newbell.mid --> ed.webtv.net /usr/home/tpark/public_html/louis/makeamatch/sounds newbell.mid
97.10.02 22:26 B D:\LouisRoehrs\makeamatch\sounds\newbell.mid --> ed.webtv.net /usr/home/tpark/public_html/louis/makeamatch/sounds newbell.mid
97.10.02 22:29 B D:\LouisRoehrs\makeamatch\sounds\ding.wav --> ed.webtv.net /usr/home/tpark/public_html/louis/makeamatch/sounds ding.wav
97.10.02 22:34 B D:\LouisRoehrs\makeamatch\sounds\newbell.mid --> ed.webtv.net /usr/home/tpark/public_html/louis/makeamatch/sounds newbell.mid
97.10.02 22:34 B D:\LouisRoehrs\makeamatch\sounds\newbell.mid --> ed.webtv.net /usr/home/tpark/public_html/louis/makeamatch/sounds newbell.mid
97.10.02 22:45 B D:\LouisRoehrs\makeamatch\sounds\newbell2.mid --> ed.webtv.net /usr/home/tpark/public_html/louis/makeamatch/sounds newbell2.mid
97.10.02 23:00 B D:\LouisRoehrs\makeamatch\sounds\newbell3.mid --> ed.webtv.net /usr/home/tpark/public_html/louis/makeamatch/sounds newbell3.mid
97.10.07 18:01 B D:\LouisRoehrs\makeamatch\sounds\kidstheme8.zip --> ed.webtv.net /usr/home/tpark/public_html/louis/makeamatch kidstheme8.zip
97.10.07 18:01 B D:\LouisRoehrs\makeamatch\sounds\kidstheme8.zip --> ed.webtv.net /usr/home/tpark/public_html/louis/makeamatch/sounds kidstheme8.zip
97.10.09 11:34 B D:\LouisRoehrs\makeamatch\sounds\losetone.mid --> ed.webtv.net /usr/home/tpark/public_html/louis/makeamatch/sounds losetone.mid
97.10.13 12:29 B D:\LouisRoehrs\makeamatch\sounds\bell.mp2 --> vp2.netgate.net /u1/vhome/louis/www/wtv/makeamatch/sounds bell.mp2
97.10.13 12:29 B D:\LouisRoehrs\makeamatch\sounds\bothtone.mid --> vp2.netgate.net /u1/vhome/louis/www/wtv/makeamatch/sounds bothtone.mid
97.10.13 12:29 B D:\LouisRoehrs\makeamatch\sounds\buzz.mid --> vp2.netgate.net /u1/vhome/louis/www/wtv/makeamatch/sounds buzz.mid
97.10.13 12:29 B D:\LouisRoehrs\makeamatch\sounds\buzz2.mid --> vp2.netgate.net /u1/vhome/louis/www/wtv/makeamatch/sounds buzz2.mid
97.10.13 12:29 B D:\LouisRoehrs\makeamatch\sounds\buzzer.aif --> vp2.netgate.net /u1/vhome/louis/www/wtv/makeamatch/sounds buzzer.aif
97.10.13 12:29 B D:\LouisRoehrs\makeamatch\sounds\ding.wav --> vp2.netgate.net /u1/vhome/louis/www/wtv/makeamatch/sounds ding.wav
97.10.13 12:29 B D:\LouisRoehrs\makeamatch\sounds\kidstheme8.mid --> vp2.netgate.net /u1/vhome/louis/www/wtv/makeamatch/sounds kidstheme8.mid
97.10.13 12:29 B D:\LouisRoehrs\makeamatch\sounds\kidstheme8.zip --> vp2.netgate.net /u1/vhome/louis/www/wtv/makeamatch/sounds kidstheme8.zip
97.10.13 12:29 B D:\LouisRoehrs\makeamatch\sounds\littsong.mid --> vp2.netgate.net /u1/vhome/louis/www/wtv/makeamatch/sounds littsong.mid
97.10.13 12:29 B D:\LouisRoehrs\makeamatch\sounds\losetone.mid --> vp2.netgate.net /u1/vhome/louis/www/wtv/makeamatch/sounds losetone.mid
97.10.13 12:29 B D:\LouisRoehrs\makeamatch\sounds\newbell.mid --> vp2.netgate.net /u1/vhome/louis/www/wtv/makeamatch/sounds newbell.mid
97.10.13 12:29 B D:\LouisRoehrs\makeamatch\sounds\newbell2.mid --> vp2.netgate.net /u1/vhome/louis/www/wtv/makeamatch/sounds newbell2.mid
97.10.13 12:29 B D:\LouisRoehrs\makeamatch\sounds\newbell3.mid --> vp2.netgate.net /u1/vhome/louis/www/wtv/makeamatch/sounds newbell3.mid
97.10.13 12:30 B D:\LouisRoehrs\makeamatch\sounds\newsong.mid --> vp2.netgate.net /u1/vhome/louis/www/wtv/makeamatch/sounds newsong.mid
97.10.13 12:30 B D:\LouisRoehrs\makeamatch\sounds\whoosh.mp2 --> vp2.netgate.net /u1/vhome/louis/www/wtv/makeamatch/sounds whoosh.mp2
97.10.13 12:30 B D:\LouisRoehrs\makeamatch\sounds\WS_FTP.LOG --> vp2.netgate.net /u1/vhome/louis/www/wtv/makeamatch/sounds WS_FTP.LOG
97.10.14 16:32 B D:\LouisRoehrs\makeamatch\sounds\bell.mp2 --> best.com /webx/web2/louisr/public_html/makeamatch/sounds bell.mp2
97.10.14 16:32 B D:\LouisRoehrs\makeamatch\sounds\bothtone.mid --> best.com /webx/web2/louisr/public_html/makeamatch/sounds bothtone.mid
97.10.14 16:32 B D:\LouisRoehrs\makeamatch\sounds\buzz.mid --> best.com /webx/web2/louisr/public_html/makeamatch/sounds buzz.mid
97.10.14 16:32 B D:\LouisRoehrs\makeamatch\sounds\buzz2.mid --> best.com /webx/web2/louisr/public_html/makeamatch/sounds buzz2.mid
97.10.14 16:32 B D:\LouisRoehrs\makeamatch\sounds\buzzer.aif --> best.com /webx/web2/louisr/public_html/makeamatch/sounds buzzer.aif
97.10.14 16:32 B D:\LouisRoehrs\makeamatch\sounds\ding.wav --> best.com /webx/web2/louisr/public_html/makeamatch/sounds ding.wav
97.10.14 16:32 B D:\LouisRoehrs\makeamatch\sounds\kidstheme8.mid --> best.com /webx/web2/louisr/public_html/makeamatch/sounds kidstheme8.mid
97.10.14 16:32 B D:\LouisRoehrs\makeamatch\sounds\kidstheme8.zip --> best.com /webx/web2/louisr/public_html/makeamatch/sounds kidstheme8.zip
97.10.14 16:32 B D:\LouisRoehrs\makeamatch\sounds\littsong.mid --> best.com /webx/web2/louisr/public_html/makeamatch/sounds littsong.mid
97.10.14 16:32 B D:\LouisRoehrs\makeamatch\sounds\losetone.mid --> best.com /webx/web2/louisr/public_html/makeamatch/sounds losetone.mid
97.10.14 16:32 B D:\LouisRoehrs\makeamatch\sounds\newbell.mid --> best.com /webx/web2/louisr/public_html/makeamatch/sounds newbell.mid
97.10.14 16:32 B D:\LouisRoehrs\makeamatch\sounds\newbell2.mid --> best.com /webx/web2/louisr/public_html/makeamatch/sounds newbell2.mid
97.10.14 16:32 B D:\LouisRoehrs\makeamatch\sounds\newbell3.mid --> best.com /webx/web2/louisr/public_html/makeamatch/sounds newbell3.mid
97.10.14 16:32 B D:\LouisRoehrs\makeamatch\sounds\newsong.mid --> best.com /webx/web2/louisr/public_html/makeamatch/sounds newsong.mid
97.10.14 16:32 B D:\LouisRoehrs\makeamatch\sounds\whoosh.mp2 --> best.com /webx/web2/louisr/public_html/makeamatch/sounds whoosh.mp2
97.10.14 16:32 B D:\LouisRoehrs\makeamatch\sounds\WS_FTP.LOG --> best.com /webx/web2/louisr/public_html/makeamatch/sounds WS_FTP.LOG
97.10.21 19:54 B D:\LouisRoehrs\makeamatch\sounds\bell.mp2 --> vp2.netgate.net /u1/vhome/louis/www/wtv/makeamatch/sounds bell.mp2
97.10.21 19:54 B D:\LouisRoehrs\makeamatch\sounds\bothtone.mid --> vp2.netgate.net /u1/vhome/louis/www/wtv/makeamatch/sounds bothtone.mid
97.10.21 19:54 B D:\LouisRoehrs\makeamatch\sounds\buzz.mid --> vp2.netgate.net /u1/vhome/louis/www/wtv/makeamatch/sounds buzz.mid
97.10.21 19:54 B D:\LouisRoehrs\makeamatch\sounds\buzz2.mid --> vp2.netgate.net /u1/vhome/louis/www/wtv/makeamatch/sounds buzz2.mid
97.10.21 19:54 B D:\LouisRoehrs\makeamatch\sounds\buzzer.aif --> vp2.netgate.net /u1/vhome/louis/www/wtv/makeamatch/sounds buzzer.aif
97.10.21 19:54 B D:\LouisRoehrs\makeamatch\sounds\ding.wav --> vp2.netgate.net /u1/vhome/louis/www/wtv/makeamatch/sounds ding.wav
97.10.21 19:54 B D:\LouisRoehrs\makeamatch\sounds\kidstheme8.mid --> vp2.netgate.net /u1/vhome/louis/www/wtv/makeamatch/sounds kidstheme8.mid
97.10.21 19:54 B D:\LouisRoehrs\makeamatch\sounds\kidstheme8.zip --> vp2.netgate.net /u1/vhome/louis/www/wtv/makeamatch/sounds kidstheme8.zip
97.10.21 19:54 B D:\LouisRoehrs\makeamatch\sounds\littsong.mid --> vp2.netgate.net /u1/vhome/louis/www/wtv/makeamatch/sounds littsong.mid
97.10.21 19:54 B D:\LouisRoehrs\makeamatch\sounds\losetone.mid --> vp2.netgate.net /u1/vhome/louis/www/wtv/makeamatch/sounds losetone.mid
97.10.21 19:54 B D:\LouisRoehrs\makeamatch\sounds\newbell.mid --> vp2.netgate.net /u1/vhome/louis/www/wtv/makeamatch/sounds newbell.mid
97.10.21 19:54 B D:\LouisRoehrs\makeamatch\sounds\newbell2.mid --> vp2.netgate.net /u1/vhome/louis/www/wtv/makeamatch/sounds newbell2.mid
97.10.21 19:54 B D:\LouisRoehrs\makeamatch\sounds\newbell3.mid --> vp2.netgate.net /u1/vhome/louis/www/wtv/makeamatch/sounds newbell3.mid
97.10.21 19:54 B D:\LouisRoehrs\makeamatch\sounds\newsong.mid --> vp2.netgate.net /u1/vhome/louis/www/wtv/makeamatch/sounds newsong.mid
97.10.21 19:54 B D:\LouisRoehrs\makeamatch\sounds\whoosh.mp2 --> vp2.netgate.net /u1/vhome/louis/www/wtv/makeamatch/sounds whoosh.mp2
97.10.21 19:54 B D:\LouisRoehrs\makeamatch\sounds\WS_FTP.LOG --> vp2.netgate.net /u1/vhome/louis/www/wtv/makeamatch/sounds WS_FTP.LOG
97.10.24 18:33 B D:\LouisRoehrs\makeamatch\sounds\bell.mp2 --> vp2.netgate.net /u1/vhome/louis/www/wtv/makeamatch/sounds bell.mp2
97.10.24 18:33 B D:\LouisRoehrs\makeamatch\sounds\bothtone.mid --> vp2.netgate.net /u1/vhome/louis/www/wtv/makeamatch/sounds bothtone.mid
97.10.24 18:33 B D:\LouisRoehrs\makeamatch\sounds\buzz.mid --> vp2.netgate.net /u1/vhome/louis/www/wtv/makeamatch/sounds buzz.mid
97.10.24 18:33 B D:\LouisRoehrs\makeamatch\sounds\buzz2.mid --> vp2.netgate.net /u1/vhome/louis/www/wtv/makeamatch/sounds buzz2.mid
97.10.24 18:33 B D:\LouisRoehrs\makeamatch\sounds\buzzer.aif --> vp2.netgate.net /u1/vhome/louis/www/wtv/makeamatch/sounds buzzer.aif
97.10.24 18:33 B D:\LouisRoehrs\makeamatch\sounds\ding.wav --> vp2.netgate.net /u1/vhome/louis/www/wtv/makeamatch/sounds ding.wav
97.10.24 18:33 B D:\LouisRoehrs\makeamatch\sounds\kidstheme8.mid --> vp2.netgate.net /u1/vhome/louis/www/wtv/makeamatch/sounds kidstheme8.mid
97.10.24 18:33 B D:\LouisRoehrs\makeamatch\sounds\kidstheme8.zip --> vp2.netgate.net /u1/vhome/louis/www/wtv/makeamatch/sounds kidstheme8.zip
97.10.24 18:33 B D:\LouisRoehrs\makeamatch\sounds\littsong.mid --> vp2.netgate.net /u1/vhome/louis/www/wtv/makeamatch/sounds littsong.mid
97.10.24 18:33 B D:\LouisRoehrs\makeamatch\sounds\losetone.mid --> vp2.netgate.net /u1/vhome/louis/www/wtv/makeamatch/sounds losetone.mid
97.10.24 18:33 B D:\LouisRoehrs\makeamatch\sounds\newbell.mid --> vp2.netgate.net /u1/vhome/louis/www/wtv/makeamatch/sounds newbell.mid
97.10.24 18:33 B D:\LouisRoehrs\makeamatch\sounds\newbell2.mid --> vp2.netgate.net /u1/vhome/louis/www/wtv/makeamatch/sounds newbell2.mid
97.10.24 18:33 B D:\LouisRoehrs\makeamatch\sounds\newbell3.mid --> vp2.netgate.net /u1/vhome/louis/www/wtv/makeamatch/sounds newbell3.mid
97.10.24 18:33 B D:\LouisRoehrs\makeamatch\sounds\newsong.mid --> vp2.netgate.net /u1/vhome/louis/www/wtv/makeamatch/sounds newsong.mid
97.10.24 18:33 B D:\LouisRoehrs\makeamatch\sounds\whoosh.mp2 --> vp2.netgate.net /u1/vhome/louis/www/wtv/makeamatch/sounds whoosh.mp2
97.10.27 20:30 B C:\AWork\AWebSites\wtv\makeamatch\sounds\WS_FTP.LOG <-- A woofie.com /u1/vhome/louis/www/wtv/makeamatch/sounds WS_FTP.LOG
97.11.26 10:27 B C:\AWork\AwebSites\wtv\ASpaceRace\sounds\archer.mid --> vp2.netgate.net /u1/vhome/louis/www/wtv/spacerace/sounds archer.mid
97.11.26 10:27 B C:\AWork\AwebSites\wtv\ASpaceRace\sounds\archer.zip --> vp2.netgate.net /u1/vhome/louis/www/wtv/spacerace/sounds archer.zip
97.11.26 10:27 B C:\AWork\AwebSites\wtv\ASpaceRace\sounds\bell.mp2 --> vp2.netgate.net /u1/vhome/louis/www/wtv/spacerace/sounds bell.mp2
97.11.26 10:27 B C:\AWork\AwebSites\wtv\ASpaceRace\sounds\bothtone.mid --> vp2.netgate.net /u1/vhome/louis/www/wtv/spacerace/sounds bothtone.mid
97.11.26 10:27 B C:\AWork\AwebSites\wtv\ASpaceRace\sounds\buzz.mid --> vp2.netgate.net /u1/vhome/louis/www/wtv/spacerace/sounds buzz.mid
97.11.26 10:27 B C:\AWork\AwebSites\wtv\ASpaceRace\sounds\buzz2.mid --> vp2.netgate.net /u1/vhome/louis/www/wtv/spacerace/sounds buzz2.mid
97.11.26 10:27 B C:\AWork\AwebSites\wtv\ASpaceRace\sounds\buzzer.aif --> vp2.netgate.net /u1/vhome/louis/www/wtv/spacerace/sounds buzzer.aif
97.11.26 10:27 B C:\AWork\AwebSites\wtv\ASpaceRace\sounds\ding.wav --> vp2.netgate.net /u1/vhome/louis/www/wtv/spacerace/sounds ding.wav
97.11.26 10:28 B C:\AWork\AwebSites\wtv\ASpaceRace\sounds\kidstheme8.mid --> vp2.netgate.net /u1/vhome/louis/www/wtv/spacerace/sounds kidstheme8.mid
97.11.26 10:28 B C:\AWork\AwebSites\wtv\ASpaceRace\sounds\kidstheme8.zip --> vp2.netgate.net /u1/vhome/louis/www/wtv/spacerace/sounds kidstheme8.zip
97.11.26 10:28 B C:\AWork\AwebSites\wtv\ASpaceRace\sounds\littsong.mid --> vp2.netgate.net /u1/vhome/louis/www/wtv/spacerace/sounds littsong.mid
97.11.26 10:28 B C:\AWork\AwebSites\wtv\ASpaceRace\sounds\losetone.mid --> vp2.netgate.net /u1/vhome/louis/www/wtv/spacerace/sounds losetone.mid
97.11.26 10:28 B C:\AWork\AwebSites\wtv\ASpaceRace\sounds\newbell.mid --> vp2.netgate.net /u1/vhome/louis/www/wtv/spacerace/sounds newbell.mid
97.11.26 10:28 B C:\AWork\AwebSites\wtv\ASpaceRace\sounds\newbell2.mid --> vp2.netgate.net /u1/vhome/louis/www/wtv/spacerace/sounds newbell2.mid
97.11.26 10:28 B C:\AWork\AwebSites\wtv\ASpaceRace\sounds\newbell3.mid --> vp2.netgate.net /u1/vhome/louis/www/wtv/spacerace/sounds newbell3.mid
97.11.26 10:28 B C:\AWork\AwebSites\wtv\ASpaceRace\sounds\newsong.mid --> vp2.netgate.net /u1/vhome/louis/www/wtv/spacerace/sounds newsong.mid
97.11.26 10:28 B C:\AWork\AwebSites\wtv\ASpaceRace\sounds\whoosh.mp2 --> vp2.netgate.net /u1/vhome/louis/www/wtv/spacerace/sounds whoosh.mp2
98.01.27 14:11 B C:\Louis\spacerace\sounds\WS_FTP.LOG <-- woofie /u1/vhome/louis/www/wtv/spacerace/sounds WS_FTP.LOG
98.04.16 18:56 B C:\Louis\aspacerace\sounds\applause.mp2 <-- woofie /u1/vhome/louis/www/wtv/aspacerace/sounds applause.mp2
98.04.27 17:31 B C:\Louis\aspacerace\sounds\applause.mp2 --> homeless.artemis.com /home/content/webtv.disco/content/explore2d/programming/spacerace/sounds applause.mp2
98.04.27 17:31 B C:\Louis\aspacerace\sounds\archer.mid --> homeless.artemis.com /home/content/webtv.disco/content/explore2d/programming/spacerace/sounds archer.mid
98.04.27 17:31 B C:\Louis\aspacerace\sounds\archer.zip --> homeless.artemis.com /home/content/webtv.disco/content/explore2d/programming/spacerace/sounds archer.zip
98.04.27 17:31 B C:\Louis\aspacerace\sounds\bell.mp2 --> homeless.artemis.com /home/content/webtv.disco/content/explore2d/programming/spacerace/sounds bell.mp2
98.04.27 17:31 B C:\Louis\aspacerace\sounds\bothtone.mid --> homeless.artemis.com /home/content/webtv.disco/content/explore2d/programming/spacerace/sounds bothtone.mid
98.04.27 17:31 B C:\Louis\aspacerace\sounds\buzz.mid --> homeless.artemis.com /home/content/webtv.disco/content/explore2d/programming/spacerace/sounds buzz.mid
98.04.27 17:31 B C:\Louis\aspacerace\sounds\buzz2.mid --> homeless.artemis.com /home/content/webtv.disco/content/explore2d/programming/spacerace/sounds buzz2.mid
98.04.27 17:31 B C:\Louis\aspacerace\sounds\buzzer.aif --> homeless.artemis.com /home/content/webtv.disco/content/explore2d/programming/spacerace/sounds buzzer.aif
98.04.27 17:31 B C:\Louis\aspacerace\sounds\desc2-1.zip --> homeless.artemis.com /home/content/webtv.disco/content/explore2d/programming/spacerace/sounds desc2-1.zip
98.04.27 17:31 B C:\Louis\aspacerace\sounds\desc2-3.zip --> homeless.artemis.com /home/content/webtv.disco/content/explore2d/programming/spacerace/sounds desc2-3.zip
98.04.27 17:31 B C:\Louis\aspacerace\sounds\ding.wav --> homeless.artemis.com /home/content/webtv.disco/content/explore2d/programming/spacerace/sounds ding.wav
98.04.27 17:31 B C:\Louis\aspacerace\sounds\kidstheme8.mid --> homeless.artemis.com /home/content/webtv.disco/content/explore2d/programming/spacerace/sounds kidstheme8.mid
98.04.27 17:31 B C:\Louis\aspacerace\sounds\kidstheme8.zip --> homeless.artemis.com /home/content/webtv.disco/content/explore2d/programming/spacerace/sounds kidstheme8.zip
98.04.27 17:31 B C:\Louis\aspacerace\sounds\littsong.mid --> homeless.artemis.com /home/content/webtv.disco/content/explore2d/programming/spacerace/sounds littsong.mid
98.04.27 17:31 B C:\Louis\aspacerace\sounds\losetone.mid --> homeless.artemis.com /home/content/webtv.disco/content/explore2d/programming/spacerace/sounds losetone.mid
98.04.27 17:31 B C:\Louis\aspacerace\sounds\newbell.mid --> homeless.artemis.com /home/content/webtv.disco/content/explore2d/programming/spacerace/sounds newbell.mid
98.04.27 17:31 B C:\Louis\aspacerace\sounds\newbell2.mid --> homeless.artemis.com /home/content/webtv.disco/content/explore2d/programming/spacerace/sounds newbell2.mid
98.04.27 17:31 B C:\Louis\aspacerace\sounds\newbell3.mid --> homeless.artemis.com /home/content/webtv.disco/content/explore2d/programming/spacerace/sounds newbell3.mid
98.04.27 17:31 B C:\Louis\aspacerace\sounds\newsong.mid --> homeless.artemis.com /home/content/webtv.disco/content/explore2d/programming/spacerace/sounds newsong.mid
98.04.27 17:31 B C:\Louis\aspacerace\sounds\whoosh.mp2 --> homeless.artemis.com /home/content/webtv.disco/content/explore2d/programming/spacerace/sounds whoosh.mp2
98.04.27 17:34 B C:\Louis\aspaceraceserver\sounds\WS_FTP.LOG <-- content /home/content/webtv.disco/content/explore2d/programming/spacerace/sounds WS_FTP.LOG
98.04.28 12:25 B C:\Louis\aspaceraceserver\sounds\applause.mp2 --> ed.webtv.net /usr/local/etc/apache_1.2.1/htdocs/tpark/public_html/spacerace applause.mp2
98.04.28 12:25 B C:\Louis\aspaceraceserver\sounds\bell.mp2 --> ed.webtv.net /usr/local/etc/apache_1.2.1/htdocs/tpark/public_html/spacerace bell.mp2
98.04.28 12:25 B C:\Louis\aspaceraceserver\sounds\applause.mp2 --> ed.webtv.net /usr/local/etc/apache_1.2.1/htdocs/tpark/public_html/spacerace applause.mp2
98.04.28 12:25 B C:\Louis\aspaceraceserver\sounds\archer.mid --> ed.webtv.net /usr/local/etc/apache_1.2.1/htdocs/tpark/public_html/spacerace archer.mid
98.04.28 12:25 B C:\Louis\aspaceraceserver\sounds\archer.zip --> ed.webtv.net /usr/local/etc/apache_1.2.1/htdocs/tpark/public_html/spacerace archer.zip
98.04.28 12:25 B C:\Louis\aspaceraceserver\sounds\bell.mp2 --> ed.webtv.net /usr/local/etc/apache_1.2.1/htdocs/tpark/public_html/spacerace bell.mp2
98.04.28 12:25 B C:\Louis\aspaceraceserver\sounds\bothtone.mid --> ed.webtv.net /usr/local/etc/apache_1.2.1/htdocs/tpark/public_html/spacerace bothtone.mid
98.04.28 12:25 B C:\Louis\aspaceraceserver\sounds\buzz.mid --> ed.webtv.net /usr/local/etc/apache_1.2.1/htdocs/tpark/public_html/spacerace buzz.mid
98.04.28 12:25 B C:\Louis\aspaceraceserver\sounds\buzz2.mid --> ed.webtv.net /usr/local/etc/apache_1.2.1/htdocs/tpark/public_html/spacerace buzz2.mid
98.04.28 12:25 B C:\Louis\aspaceraceserver\sounds\buzzer.aif --> ed.webtv.net /usr/local/etc/apache_1.2.1/htdocs/tpark/public_html/spacerace buzzer.aif
98.04.28 12:25 B C:\Louis\aspaceraceserver\sounds\desc2-1.zip --> ed.webtv.net /usr/local/etc/apache_1.2.1/htdocs/tpark/public_html/spacerace desc2-1.zip
98.04.28 12:25 B C:\Louis\aspaceraceserver\sounds\desc2-3.zip --> ed.webtv.net /usr/local/etc/apache_1.2.1/htdocs/tpark/public_html/spacerace desc2-3.zip
98.04.28 12:25 B C:\Louis\aspaceraceserver\sounds\ding.wav --> ed.webtv.net /usr/local/etc/apache_1.2.1/htdocs/tpark/public_html/spacerace ding.wav
98.04.28 12:25 B C:\Louis\aspaceraceserver\sounds\kidstheme8.mid --> ed.webtv.net /usr/local/etc/apache_1.2.1/htdocs/tpark/public_html/spacerace kidstheme8.mid
98.04.28 12:25 B C:\Louis\aspaceraceserver\sounds\kidstheme8.zip --> ed.webtv.net /usr/local/etc/apache_1.2.1/htdocs/tpark/public_html/spacerace kidstheme8.zip
98.04.28 12:25 B C:\Louis\aspaceraceserver\sounds\littsong.mid --> ed.webtv.net /usr/local/etc/apache_1.2.1/htdocs/tpark/public_html/spacerace littsong.mid
98.04.28 12:25 B C:\Louis\aspaceraceserver\sounds\losetone.mid --> ed.webtv.net /usr/local/etc/apache_1.2.1/htdocs/tpark/public_html/spacerace losetone.mid
98.04.28 12:25 B C:\Louis\aspaceraceserver\sounds\newbell.mid --> ed.webtv.net /usr/local/etc/apache_1.2.1/htdocs/tpark/public_html/spacerace newbell.mid
98.04.28 12:25 B C:\Louis\aspaceraceserver\sounds\newbell2.mid --> ed.webtv.net /usr/local/etc/apache_1.2.1/htdocs/tpark/public_html/spacerace newbell2.mid
98.04.28 12:25 B C:\Louis\aspaceraceserver\sounds\newbell3.mid --> ed.webtv.net /usr/local/etc/apache_1.2.1/htdocs/tpark/public_html/spacerace newbell3.mid
98.04.28 12:25 B C:\Louis\aspaceraceserver\sounds\newsong.mid --> ed.webtv.net /usr/local/etc/apache_1.2.1/htdocs/tpark/public_html/spacerace newsong.mid
98.04.28 12:25 B C:\Louis\aspaceraceserver\sounds\whoosh.mp2 --> ed.webtv.net /usr/local/etc/apache_1.2.1/htdocs/tpark/public_html/spacerace whoosh.mp2
98.04.29 19:18 B C:\Louis\aspaceraceserver\sounds\WS_FTP.LOG --> www.woofie.com /u1/vhome/louis/www/wtv/aspaceraceserver/sounds WS_FTP.LOG
98.04.29 19:18 B C:\Louis\aspaceraceserver\sounds\whoosh.mp2 --> www.woofie.com /u1/vhome/louis/www/wtv/aspaceraceserver/sounds whoosh.mp2
98.04.29 19:18 B C:\Louis\aspaceraceserver\sounds\newsong.mid --> www.woofie.com /u1/vhome/louis/www/wtv/aspaceraceserver/sounds newsong.mid
98.04.29 19:18 B C:\Louis\aspaceraceserver\sounds\newbell3.mid --> www.woofie.com /u1/vhome/louis/www/wtv/aspaceraceserver/sounds newbell3.mid
98.04.29 19:18 B C:\Louis\aspaceraceserver\sounds\newbell2.mid --> www.woofie.com /u1/vhome/louis/www/wtv/aspaceraceserver/sounds newbell2.mid
98.04.29 19:18 B C:\Louis\aspaceraceserver\sounds\newbell.mid --> www.woofie.com /u1/vhome/louis/www/wtv/aspaceraceserver/sounds newbell.mid
98.04.29 19:18 B C:\Louis\aspaceraceserver\sounds\losetone.mid --> www.woofie.com /u1/vhome/louis/www/wtv/aspaceraceserver/sounds losetone.mid
98.04.29 19:18 B C:\Louis\aspaceraceserver\sounds\littsong.mid --> www.woofie.com /u1/vhome/louis/www/wtv/aspaceraceserver/sounds littsong.mid
98.04.29 19:18 B C:\Louis\aspaceraceserver\sounds\kidstheme8.zip --> www.woofie.com /u1/vhome/louis/www/wtv/aspaceraceserver/sounds kidstheme8.zip
98.04.29 19:18 B C:\Louis\aspaceraceserver\sounds\kidstheme8.mid --> www.woofie.com /u1/vhome/louis/www/wtv/aspaceraceserver/sounds kidstheme8.mid
98.04.29 19:18 B C:\Louis\aspaceraceserver\sounds\ding.wav --> www.woofie.com /u1/vhome/louis/www/wtv/aspaceraceserver/sounds ding.wav
98.04.29 19:18 B C:\Louis\aspaceraceserver\sounds\desc2-3.zip --> www.woofie.com /u1/vhome/louis/www/wtv/aspaceraceserver/sounds desc2-3.zip
98.04.29 19:18 B C:\Louis\aspaceraceserver\sounds\desc2-1.zip --> www.woofie.com /u1/vhome/louis/www/wtv/aspaceraceserver/sounds desc2-1.zip
98.04.29 19:18 B C:\Louis\aspaceraceserver\sounds\buzzer.aif --> www.woofie.com /u1/vhome/louis/www/wtv/aspaceraceserver/sounds buzzer.aif
98.04.29 19:18 B C:\Louis\aspaceraceserver\sounds\buzz2.mid --> www.woofie.com /u1/vhome/louis/www/wtv/aspaceraceserver/sounds buzz2.mid
98.04.29 19:18 B C:\Louis\aspaceraceserver\sounds\buzz.mid --> www.woofie.com /u1/vhome/louis/www/wtv/aspaceraceserver/sounds buzz.mid
98.04.29 19:18 B C:\Louis\aspaceraceserver\sounds\bothtone.mid --> www.woofie.com /u1/vhome/louis/www/wtv/aspaceraceserver/sounds bothtone.mid
98.04.29 19:18 B C:\Louis\aspaceraceserver\sounds\bell.mp2 --> www.woofie.com /u1/vhome/louis/www/wtv/aspaceraceserver/sounds bell.mp2
98.04.29 19:18 B C:\Louis\aspaceraceserver\sounds\archer.zip --> www.woofie.com /u1/vhome/louis/www/wtv/aspaceraceserver/sounds archer.zip
98.04.29 19:19 B C:\Louis\aspaceraceserver\sounds\archer.mid --> www.woofie.com /u1/vhome/louis/www/wtv/aspaceraceserver/sounds archer.mid
98.04.29 19:19 B C:\Louis\aspaceraceserver\sounds\applause.mp2 --> www.woofie.com /u1/vhome/louis/www/wtv/aspaceraceserver/sounds applause.mp2
98.05.01 16:58 B C:\Louis\aspaceraceserver\sounds\tryagain.wav --> ed.webtv.net /usr/local/etc/apache_1.2.1/htdocs/tpark/public_html/spacerace tryagain.wav
98.05.01 17:11 B C:\Louis\aspaceraceserver\sounds\tryagainjk.wav --> ed.webtv.net /usr/local/etc/apache_1.2.1/htdocs/tpark/public_html/spacerace tryagainjk.wav
98.05.01 17:12 B C:\Louis\aspaceraceserver\sounds\tryagainjk1.wav --> ed.webtv.net /usr/local/etc/apache_1.2.1/htdocs/tpark/public_html/spacerace tryagainjk1.wav
98.05.01 17:18 B C:\Louis\aspaceraceserver\sounds\tryagain2.wav --> ed.webtv.net /usr/local/etc/apache_1.2.1/htdocs/tpark/public_html/spacerace tryagain2.wav
98.05.01 17:19 B C:\Louis\aspaceraceserver\sounds\tryagain.zip --> ed.webtv.net /usr/local/etc/apache_1.2.1/htdocs/tpark/public_html/spacerace tryagain.zip
98.05.01 17:22 B C:\Louis\aspaceraceserver\sounds\tryagain3.zip <-- Ed /usr/local/etc/apache_1.2.1/htdocs/tpark/public_html/spacerace tryagain3.zip
98.05.01 23:22 B C:\Louis\aspaceraceserver\sounds\applause.mp2 --> www.woofie.com /u1/vhome/louis/www/wtv/aspaceraceserver/sounds applause.mp2
98.05.01 23:22 B C:\Louis\aspaceraceserver\sounds\archer.mid --> www.woofie.com /u1/vhome/louis/www/wtv/aspaceraceserver/sounds archer.mid
98.05.01 23:22 B C:\Louis\aspaceraceserver\sounds\archer.zip --> www.woofie.com /u1/vhome/louis/www/wtv/aspaceraceserver/sounds archer.zip
98.05.01 23:22 B C:\Louis\aspaceraceserver\sounds\bell.mp2 --> www.woofie.com /u1/vhome/louis/www/wtv/aspaceraceserver/sounds bell.mp2
98.05.01 23:22 B C:\Louis\aspaceraceserver\sounds\bothtone.mid --> www.woofie.com /u1/vhome/louis/www/wtv/aspaceraceserver/sounds bothtone.mid
98.05.01 23:22 B C:\Louis\aspaceraceserver\sounds\buzz.mid --> www.woofie.com /u1/vhome/louis/www/wtv/aspaceraceserver/sounds buzz.mid
98.05.01 23:22 B C:\Louis\aspaceraceserver\sounds\buzz2.mid --> www.woofie.com /u1/vhome/louis/www/wtv/aspaceraceserver/sounds buzz2.mid
98.05.01 23:22 B C:\Louis\aspaceraceserver\sounds\buzzer.aif --> www.woofie.com /u1/vhome/louis/www/wtv/aspaceraceserver/sounds buzzer.aif
98.05.01 23:22 B C:\Louis\aspaceraceserver\sounds\desc2-1.zip --> www.woofie.com /u1/vhome/louis/www/wtv/aspaceraceserver/sounds desc2-1.zip
98.05.01 23:22 B C:\Louis\aspaceraceserver\sounds\desc2-3.zip --> www.woofie.com /u1/vhome/louis/www/wtv/aspaceraceserver/sounds desc2-3.zip
98.05.01 23:22 B C:\Louis\aspaceraceserver\sounds\ding.wav --> www.woofie.com /u1/vhome/louis/www/wtv/aspaceraceserver/sounds ding.wav
98.05.01 23:22 B C:\Louis\aspaceraceserver\sounds\kidstheme8.mid --> www.woofie.com /u1/vhome/louis/www/wtv/aspaceraceserver/sounds kidstheme8.mid
98.05.01 23:22 B C:\Louis\aspaceraceserver\sounds\kidstheme8.zip --> www.woofie.com /u1/vhome/louis/www/wtv/aspaceraceserver/sounds kidstheme8.zip
98.05.01 23:22 B C:\Louis\aspaceraceserver\sounds\littsong.mid --> www.woofie.com /u1/vhome/louis/www/wtv/aspaceraceserver/sounds littsong.mid
98.05.01 23:22 B C:\Louis\aspaceraceserver\sounds\losetone.mid --> www.woofie.com /u1/vhome/louis/www/wtv/aspaceraceserver/sounds losetone.mid
98.05.01 23:22 B C:\Louis\aspaceraceserver\sounds\newbell.mid --> www.woofie.com /u1/vhome/louis/www/wtv/aspaceraceserver/sounds newbell.mid
98.05.01 23:22 B C:\Louis\aspaceraceserver\sounds\newbell2.mid --> www.woofie.com /u1/vhome/louis/www/wtv/aspaceraceserver/sounds newbell2.mid
98.05.01 23:22 B C:\Louis\aspaceraceserver\sounds\newbell3.mid --> www.woofie.com /u1/vhome/louis/www/wtv/aspaceraceserver/sounds newbell3.mid
98.05.01 23:22 B C:\Louis\aspaceraceserver\sounds\newsong.mid --> www.woofie.com /u1/vhome/louis/www/wtv/aspaceraceserver/sounds newsong.mid
98.05.01 23:22 B C:\Louis\aspaceraceserver\sounds\tryagain.wav --> www.woofie.com /u1/vhome/louis/www/wtv/aspaceraceserver/sounds tryagain.wav
98.05.01 23:22 B C:\Louis\aspaceraceserver\sounds\tryagain.zip --> www.woofie.com /u1/vhome/louis/www/wtv/aspaceraceserver/sounds tryagain.zip
98.05.01 23:23 B C:\Louis\aspaceraceserver\sounds\tryagain2.wav --> www.woofie.com /u1/vhome/louis/www/wtv/aspaceraceserver/sounds tryagain2.wav
98.05.01 23:23 B C:\Louis\aspaceraceserver\sounds\tryagain3.wav --> www.woofie.com /u1/vhome/louis/www/wtv/aspaceraceserver/sounds tryagain3.wav
98.05.01 23:23 B C:\Louis\aspaceraceserver\sounds\tryagain3.zip --> www.woofie.com /u1/vhome/louis/www/wtv/aspaceraceserver/sounds tryagain3.zip
98.05.01 23:23 B C:\Louis\aspaceraceserver\sounds\tryagainjk.wav --> www.woofie.com /u1/vhome/louis/www/wtv/aspaceraceserver/sounds tryagainjk.wav
98.05.01 23:23 B C:\Louis\aspaceraceserver\sounds\tryagainjk1.wav --> www.woofie.com /u1/vhome/louis/www/wtv/aspaceraceserver/sounds tryagainjk1.wav
98.05.01 23:23 B C:\Louis\aspaceraceserver\sounds\whoosh.mp2 --> www.woofie.com /u1/vhome/louis/www/wtv/aspaceraceserver/sounds whoosh.mp2
