97.10.17 00:16 B D:\LouisRoehrs\new\triviatool\includes\final.old <-- AEd /usr/local/etc/apache_1.2.1/htdocs/tpark/public_html/triviatool/includes final.old
97.10.17 00:16 B D:\LouisRoehrs\new\triviatool\includes\final.thtml <-- AEd /usr/local/etc/apache_1.2.1/htdocs/tpark/public_html/triviatool/includes final.thtml
97.10.17 00:16 B D:\LouisRoehrs\new\triviatool\includes\index.thtml <-- AEd /usr/local/etc/apache_1.2.1/htdocs/tpark/public_html/triviatool/includes index.thtml
97.10.17 00:16 B D:\LouisRoehrs\new\triviatool\includes\index1013.thtml <-- AEd /usr/local/etc/apache_1.2.1/htdocs/tpark/public_html/triviatool/includes index1013.thtml
97.10.17 00:23 B D:\LouisRoehrs\new\triviatool\includes\final.old --> ed.webtv.net /usr/local/etc/apache_1.2.1/htdocs/tpark/public_html/triviatool/includes final.old
97.10.17 00:23 B D:\LouisRoehrs\new\triviatool\includes\final.thtml --> ed.webtv.net /usr/local/etc/apache_1.2.1/htdocs/tpark/public_html/triviatool/includes final.thtml
97.10.17 00:23 B D:\LouisRoehrs\new\triviatool\includes\index.thtml --> ed.webtv.net /usr/local/etc/apache_1.2.1/htdocs/tpark/public_html/triviatool/includes index.thtml
97.10.17 00:23 B D:\LouisRoehrs\new\triviatool\includes\index1013.thtml --> ed.webtv.net /usr/local/etc/apache_1.2.1/htdocs/tpark/public_html/triviatool/includes index1013.thtml
98.02.11 10:15 A C:\Louis\triviatool\includes\WS_FTP.LOG <-- Ed /usr/local/etc/apache_1.2.1/htdocs/tpark/public_html/triviatool/includes WS_FTP.LOG
98.02.11 10:15 A C:\Louis\triviatool\includes\index1013.thtml <-- Ed /usr/local/etc/apache_1.2.1/htdocs/tpark/public_html/triviatool/includes index1013.thtml
98.02.11 10:15 A C:\Louis\triviatool\includes\index011598.thtml <-- Ed /usr/local/etc/apache_1.2.1/htdocs/tpark/public_html/triviatool/includes index011598.thtml
98.02.11 10:15 A C:\Louis\triviatool\includes\index.thtml~ <-- Ed /usr/local/etc/apache_1.2.1/htdocs/tpark/public_html/triviatool/includes index.thtml~
98.02.11 10:15 A C:\Louis\triviatool\includes\index.thtml <-- Ed /usr/local/etc/apache_1.2.1/htdocs/tpark/public_html/triviatool/includes index.thtml
98.02.11 10:15 A C:\Louis\triviatool\includes\final.thtml <-- Ed /usr/local/etc/apache_1.2.1/htdocs/tpark/public_html/triviatool/includes final.thtml
98.02.11 10:15 A C:\Louis\triviatool\includes\final.old <-- Ed /usr/local/etc/apache_1.2.1/htdocs/tpark/public_html/triviatool/includes final.old
98.02.12 15:44 A C:\Louis\triviatool\includes\final.thtml --> ed.webtv.net /usr/local/etc/apache_1.2.1/htdocs/tpark/public_html/triviatool/includes final.thtml
98.02.12 16:12 A C:\Louis\triviatool\includes\final.thtml --> ed.webtv.net /usr/local/etc/apache_1.2.1/htdocs/tpark/public_html/triviatool/includes final.thtml
98.02.12 16:12 A C:\Louis\triviatool\includes\index.thtml --> ed.webtv.net /usr/local/etc/apache_1.2.1/htdocs/tpark/public_html/triviatool/includes index.thtml
98.02.12 16:15 A C:\Louis\triviatool\includes\final.thtml --> ed.webtv.net /usr/local/etc/apache_1.2.1/htdocs/tpark/public_html/triviatool/includes final.thtml
98.02.12 16:15 A C:\Louis\triviatool\includes\index.thtml --> ed.webtv.net /usr/local/etc/apache_1.2.1/htdocs/tpark/public_html/triviatool/includes index.thtml
98.02.12 16:52 A C:\Louis\triviatool\includes\final.thtml --> ed.webtv.net /usr/local/etc/apache_1.2.1/htdocs/tpark/public_html/triviatool/includes final.thtml
98.02.12 16:52 A C:\Louis\triviatool\includes\index.thtml --> ed.webtv.net /usr/local/etc/apache_1.2.1/htdocs/tpark/public_html/triviatool/includes index.thtml
98.02.12 17:27 A C:\Louis\triviatool\includes\final.thtml --> ed.webtv.net /usr/local/etc/apache_1.2.1/htdocs/tpark/public_html/triviatool/includes final.thtml
98.02.12 17:53 A C:\Louis\triviatool\includes\final.thtml --> ed.webtv.net /usr/local/etc/apache_1.2.1/htdocs/tpark/public_html/triviatool/includes final.thtml
98.02.16 14:24 A C:\Louis\triviatool\includes\index.thtml <-- Ed /usr/local/etc/apache_1.2.1/htdocs/tpark/public_html/triviatool/includes index.thtml
98.02.16 14:34 A C:\Louis\triviatool\includes\index.thtml --> ed.webtv.net /usr/local/etc/apache_1.2.1/htdocs/tpark/public_html/triviatool/includes index.thtml
98.02.16 18:35 A C:\Louis\triviatool\includes\index.thtml --> ed.webtv.net /usr/local/etc/apache_1.2.1/htdocs/tpark/public_html/triviatool/includes index.thtml
98.02.26 21:08 B C:\Louis\triviatool\includes\final.old --> www.woofie.com /u1/vhome/louis/www/wtv/triviatool/includes final.old
98.02.26 21:08 B C:\Louis\triviatool\includes\final.thtml --> www.woofie.com /u1/vhome/louis/www/wtv/triviatool/includes final.thtml
98.02.26 21:08 B C:\Louis\triviatool\includes\finalold.thtml --> www.woofie.com /u1/vhome/louis/www/wtv/triviatool/includes finalold.thtml
98.02.26 21:08 B C:\Louis\triviatool\includes\index.thtml --> www.woofie.com /u1/vhome/louis/www/wtv/triviatool/includes index.thtml
98.02.26 21:08 B C:\Louis\triviatool\includes\index.thtml~ --> www.woofie.com /u1/vhome/louis/www/wtv/triviatool/includes index.thtml~
98.02.26 21:08 B C:\Louis\triviatool\includes\index011598.thtml --> www.woofie.com /u1/vhome/louis/www/wtv/triviatool/includes index011598.thtml
98.02.26 21:08 B C:\Louis\triviatool\includes\index1013.thtml --> www.woofie.com /u1/vhome/louis/www/wtv/triviatool/includes index1013.thtml
