97.12.16 19:10 B C:\AWork\AWebSites\wtv\matchmate\pieces\bag1.jpg --> vp2.netgate.net /u1/vhome/louis/www/wtv/matchmate/pieces bag1.jpg
97.12.16 19:10 B C:\AWork\AWebSites\wtv\matchmate\pieces\bag2.jpg --> vp2.netgate.net /u1/vhome/louis/www/wtv/matchmate/pieces bag2.jpg
97.12.16 19:10 B C:\AWork\AWebSites\wtv\matchmate\pieces\bag3.jpg --> vp2.netgate.net /u1/vhome/louis/www/wtv/matchmate/pieces bag3.jpg
97.12.16 19:10 B C:\AWork\AWebSites\wtv\matchmate\pieces\bag4.jpg --> vp2.netgate.net /u1/vhome/louis/www/wtv/matchmate/pieces bag4.jpg
97.12.16 19:10 B C:\AWork\AWebSites\wtv\matchmate\pieces\boat1.jpg --> vp2.netgate.net /u1/vhome/louis/www/wtv/matchmate/pieces boat1.jpg
97.12.16 19:10 B C:\AWork\AWebSites\wtv\matchmate\pieces\boat2.jpg --> vp2.netgate.net /u1/vhome/louis/www/wtv/matchmate/pieces boat2.jpg
97.12.16 19:10 B C:\AWork\AWebSites\wtv\matchmate\pieces\boat3.jpg --> vp2.netgate.net /u1/vhome/louis/www/wtv/matchmate/pieces boat3.jpg
97.12.16 19:10 B C:\AWork\AWebSites\wtv\matchmate\pieces\boat4.jpg --> vp2.netgate.net /u1/vhome/louis/www/wtv/matchmate/pieces boat4.jpg
97.12.16 19:10 B C:\AWork\AWebSites\wtv\matchmate\pieces\cat1.jpg --> vp2.netgate.net /u1/vhome/louis/www/wtv/matchmate/pieces cat1.jpg
97.12.16 19:10 B C:\AWork\AWebSites\wtv\matchmate\pieces\cat2.jpg --> vp2.netgate.net /u1/vhome/louis/www/wtv/matchmate/pieces cat2.jpg
97.12.16 19:10 B C:\AWork\AWebSites\wtv\matchmate\pieces\cat3.jpg --> vp2.netgate.net /u1/vhome/louis/www/wtv/matchmate/pieces cat3.jpg
97.12.16 19:10 B C:\AWork\AWebSites\wtv\matchmate\pieces\cat4.jpg --> vp2.netgate.net /u1/vhome/louis/www/wtv/matchmate/pieces cat4.jpg
97.12.16 19:10 B C:\AWork\AWebSites\wtv\matchmate\pieces\coat1.jpg --> vp2.netgate.net /u1/vhome/louis/www/wtv/matchmate/pieces coat1.jpg
97.12.16 19:10 B C:\AWork\AWebSites\wtv\matchmate\pieces\coat2.jpg --> vp2.netgate.net /u1/vhome/louis/www/wtv/matchmate/pieces coat2.jpg
97.12.16 19:10 B C:\AWork\AWebSites\wtv\matchmate\pieces\coat3.jpg --> vp2.netgate.net /u1/vhome/louis/www/wtv/matchmate/pieces coat3.jpg
97.12.16 19:10 B C:\AWork\AWebSites\wtv\matchmate\pieces\coat4.jpg --> vp2.netgate.net /u1/vhome/louis/www/wtv/matchmate/pieces coat4.jpg
97.12.16 19:10 B C:\AWork\AWebSites\wtv\matchmate\pieces\hag1.jpg --> vp2.netgate.net /u1/vhome/louis/www/wtv/matchmate/pieces hag1.jpg
97.12.16 19:10 B C:\AWork\AWebSites\wtv\matchmate\pieces\hag2.jpg --> vp2.netgate.net /u1/vhome/louis/www/wtv/matchmate/pieces hag2.jpg
97.12.16 19:10 B C:\AWork\AWebSites\wtv\matchmate\pieces\hag3.jpg --> vp2.netgate.net /u1/vhome/louis/www/wtv/matchmate/pieces hag3.jpg
97.12.16 19:10 B C:\AWork\AWebSites\wtv\matchmate\pieces\hag4.jpg --> vp2.netgate.net /u1/vhome/louis/www/wtv/matchmate/pieces hag4.jpg
97.12.16 19:10 B C:\AWork\AWebSites\wtv\matchmate\pieces\hat1.jpg --> vp2.netgate.net /u1/vhome/louis/www/wtv/matchmate/pieces hat1.jpg
97.12.16 19:10 B C:\AWork\AWebSites\wtv\matchmate\pieces\hat2.jpg --> vp2.netgate.net /u1/vhome/louis/www/wtv/matchmate/pieces hat2.jpg
97.12.16 19:11 B C:\AWork\AWebSites\wtv\matchmate\pieces\hat3.jpg --> vp2.netgate.net /u1/vhome/louis/www/wtv/matchmate/pieces hat3.jpg
97.12.16 19:11 B C:\AWork\AWebSites\wtv\matchmate\pieces\hat4.jpg --> vp2.netgate.net /u1/vhome/louis/www/wtv/matchmate/pieces hat4.jpg
97.12.16 19:11 B C:\AWork\AWebSites\wtv\matchmate\pieces\hat41.jpg --> vp2.netgate.net /u1/vhome/louis/www/wtv/matchmate/pieces hat41.jpg
97.12.16 19:11 B C:\AWork\AWebSites\wtv\matchmate\pieces\meal1.jpg --> vp2.netgate.net /u1/vhome/louis/www/wtv/matchmate/pieces meal1.jpg
97.12.16 19:11 B C:\AWork\AWebSites\wtv\matchmate\pieces\meal2.jpg --> vp2.netgate.net /u1/vhome/louis/www/wtv/matchmate/pieces meal2.jpg
97.12.16 19:11 B C:\AWork\AWebSites\wtv\matchmate\pieces\meal3.jpg --> vp2.netgate.net /u1/vhome/louis/www/wtv/matchmate/pieces meal3.jpg
97.12.16 19:11 B C:\AWork\AWebSites\wtv\matchmate\pieces\meal4.jpg --> vp2.netgate.net /u1/vhome/louis/www/wtv/matchmate/pieces meal4.jpg
97.12.16 19:11 B C:\AWork\AWebSites\wtv\matchmate\pieces\wheel1.jpg --> vp2.netgate.net /u1/vhome/louis/www/wtv/matchmate/pieces wheel1.jpg
97.12.16 19:11 B C:\AWork\AWebSites\wtv\matchmate\pieces\wheel2.jpg --> vp2.netgate.net /u1/vhome/louis/www/wtv/matchmate/pieces wheel2.jpg
97.12.16 19:11 B C:\AWork\AWebSites\wtv\matchmate\pieces\wheel3.jpg --> vp2.netgate.net /u1/vhome/louis/www/wtv/matchmate/pieces wheel3.jpg
97.12.16 19:11 B C:\AWork\AWebSites\wtv\matchmate\pieces\wheel4.jpg --> vp2.netgate.net /u1/vhome/louis/www/wtv/matchmate/pieces wheel4.jpg
97.12.16 20:50 B C:\AWork\AWebSites\wtv\matchmate\pieces\bag1.gif --> vp2.netgate.net /u1/vhome/louis/www/wtv/matchmate/pieces bag1.gif
97.12.16 20:50 B C:\AWork\AWebSites\wtv\matchmate\pieces\bag1.jpg --> vp2.netgate.net /u1/vhome/louis/www/wtv/matchmate/pieces bag1.jpg
97.12.16 20:50 B C:\AWork\AWebSites\wtv\matchmate\pieces\bag2.jpg --> vp2.netgate.net /u1/vhome/louis/www/wtv/matchmate/pieces bag2.jpg
97.12.16 20:50 B C:\AWork\AWebSites\wtv\matchmate\pieces\bag3.jpg --> vp2.netgate.net /u1/vhome/louis/www/wtv/matchmate/pieces bag3.jpg
97.12.16 20:51 B C:\AWork\AWebSites\wtv\matchmate\pieces\bag4.jpg --> vp2.netgate.net /u1/vhome/louis/www/wtv/matchmate/pieces bag4.jpg
97.12.16 20:51 B C:\AWork\AWebSites\wtv\matchmate\pieces\boat1.jpg --> vp2.netgate.net /u1/vhome/louis/www/wtv/matchmate/pieces boat1.jpg
97.12.16 20:51 B C:\AWork\AWebSites\wtv\matchmate\pieces\boat2.jpg --> vp2.netgate.net /u1/vhome/louis/www/wtv/matchmate/pieces boat2.jpg
97.12.16 20:51 B C:\AWork\AWebSites\wtv\matchmate\pieces\boat3.jpg --> vp2.netgate.net /u1/vhome/louis/www/wtv/matchmate/pieces boat3.jpg
97.12.16 20:51 B C:\AWork\AWebSites\wtv\matchmate\pieces\boat4.jpg --> vp2.netgate.net /u1/vhome/louis/www/wtv/matchmate/pieces boat4.jpg
97.12.16 20:51 B C:\AWork\AWebSites\wtv\matchmate\pieces\cat1.jpg --> vp2.netgate.net /u1/vhome/louis/www/wtv/matchmate/pieces cat1.jpg
97.12.16 20:51 B C:\AWork\AWebSites\wtv\matchmate\pieces\cat2.jpg --> vp2.netgate.net /u1/vhome/louis/www/wtv/matchmate/pieces cat2.jpg
97.12.16 20:51 B C:\AWork\AWebSites\wtv\matchmate\pieces\cat3.jpg --> vp2.netgate.net /u1/vhome/louis/www/wtv/matchmate/pieces cat3.jpg
97.12.16 20:51 B C:\AWork\AWebSites\wtv\matchmate\pieces\cat4.jpg --> vp2.netgate.net /u1/vhome/louis/www/wtv/matchmate/pieces cat4.jpg
97.12.16 20:51 B C:\AWork\AWebSites\wtv\matchmate\pieces\coat1.jpg --> vp2.netgate.net /u1/vhome/louis/www/wtv/matchmate/pieces coat1.jpg
97.12.16 20:51 B C:\AWork\AWebSites\wtv\matchmate\pieces\coat2.jpg --> vp2.netgate.net /u1/vhome/louis/www/wtv/matchmate/pieces coat2.jpg
97.12.16 20:51 B C:\AWork\AWebSites\wtv\matchmate\pieces\coat3.jpg --> vp2.netgate.net /u1/vhome/louis/www/wtv/matchmate/pieces coat3.jpg
97.12.16 20:51 B C:\AWork\AWebSites\wtv\matchmate\pieces\coat4.jpg --> vp2.netgate.net /u1/vhome/louis/www/wtv/matchmate/pieces coat4.jpg
97.12.16 20:51 B C:\AWork\AWebSites\wtv\matchmate\pieces\hag1.jpg --> vp2.netgate.net /u1/vhome/louis/www/wtv/matchmate/pieces hag1.jpg
97.12.16 20:51 B C:\AWork\AWebSites\wtv\matchmate\pieces\hag2.jpg --> vp2.netgate.net /u1/vhome/louis/www/wtv/matchmate/pieces hag2.jpg
97.12.16 20:51 B C:\AWork\AWebSites\wtv\matchmate\pieces\hag3.jpg --> vp2.netgate.net /u1/vhome/louis/www/wtv/matchmate/pieces hag3.jpg
97.12.16 20:51 B C:\AWork\AWebSites\wtv\matchmate\pieces\hag4.jpg --> vp2.netgate.net /u1/vhome/louis/www/wtv/matchmate/pieces hag4.jpg
97.12.16 20:51 B C:\AWork\AWebSites\wtv\matchmate\pieces\hat1.jpg --> vp2.netgate.net /u1/vhome/louis/www/wtv/matchmate/pieces hat1.jpg
97.12.16 20:51 B C:\AWork\AWebSites\wtv\matchmate\pieces\hat2.jpg --> vp2.netgate.net /u1/vhome/louis/www/wtv/matchmate/pieces hat2.jpg
97.12.16 20:51 B C:\AWork\AWebSites\wtv\matchmate\pieces\hat3.jpg --> vp2.netgate.net /u1/vhome/louis/www/wtv/matchmate/pieces hat3.jpg
97.12.16 20:51 B C:\AWork\AWebSites\wtv\matchmate\pieces\hat4.jpg --> vp2.netgate.net /u1/vhome/louis/www/wtv/matchmate/pieces hat4.jpg
97.12.16 20:51 B C:\AWork\AWebSites\wtv\matchmate\pieces\hat41.jpg --> vp2.netgate.net /u1/vhome/louis/www/wtv/matchmate/pieces hat41.jpg
97.12.16 20:51 B C:\AWork\AWebSites\wtv\matchmate\pieces\meal1.jpg --> vp2.netgate.net /u1/vhome/louis/www/wtv/matchmate/pieces meal1.jpg
97.12.16 20:51 B C:\AWork\AWebSites\wtv\matchmate\pieces\meal2.jpg --> vp2.netgate.net /u1/vhome/louis/www/wtv/matchmate/pieces meal2.jpg
97.12.16 20:51 B C:\AWork\AWebSites\wtv\matchmate\pieces\meal3.jpg --> vp2.netgate.net /u1/vhome/louis/www/wtv/matchmate/pieces meal3.jpg
97.12.16 20:51 B C:\AWork\AWebSites\wtv\matchmate\pieces\meal4.jpg --> vp2.netgate.net /u1/vhome/louis/www/wtv/matchmate/pieces meal4.jpg
97.12.16 20:51 B C:\AWork\AWebSites\wtv\matchmate\pieces\wheel1.jpg --> vp2.netgate.net /u1/vhome/louis/www/wtv/matchmate/pieces wheel1.jpg
97.12.16 20:51 B C:\AWork\AWebSites\wtv\matchmate\pieces\wheel2.jpg --> vp2.netgate.net /u1/vhome/louis/www/wtv/matchmate/pieces wheel2.jpg
97.12.16 20:51 B C:\AWork\AWebSites\wtv\matchmate\pieces\wheel3.jpg --> vp2.netgate.net /u1/vhome/louis/www/wtv/matchmate/pieces wheel3.jpg
97.12.16 20:51 B C:\AWork\AWebSites\wtv\matchmate\pieces\wheel4.jpg --> vp2.netgate.net /u1/vhome/louis/www/wtv/matchmate/pieces wheel4.jpg
