98.04.03 18:44 B C:\Louis\aspacerace\images\continuebutton.gif <-- woofie /u1/vhome/louis/www/wtv/aspacerace/images continuebutton.gif
98.04.03 18:44 B C:\Louis\aspacerace\images\giganta.gif <-- woofie /u1/vhome/louis/www/wtv/aspacerace/images giganta.gif
98.04.03 18:44 B C:\Louis\aspacerace\images\gigantaplanet.jpg <-- woofie /u1/vhome/louis/www/wtv/aspacerace/images gigantaplanet.jpg
98.04.03 18:44 B C:\Louis\aspacerace\images\newgamebutton.gif <-- woofie /u1/vhome/louis/www/wtv/aspacerace/images newgamebutton.gif
98.04.03 18:44 B C:\Louis\aspacerace\images\o2.gif <-- woofie /u1/vhome/louis/www/wtv/aspacerace/images o2.gif
98.04.03 18:44 B C:\Louis\aspacerace\images\o2grid.gif <-- woofie /u1/vhome/louis/www/wtv/aspacerace/images o2grid.gif
98.04.03 18:44 B C:\Louis\aspacerace\images\o2tank.gif <-- woofie /u1/vhome/louis/www/wtv/aspacerace/images o2tank.gif
98.04.03 18:44 B C:\Louis\aspacerace\images\part0.gif <-- woofie /u1/vhome/louis/www/wtv/aspacerace/images part0.gif
98.04.03 18:44 B C:\Louis\aspacerace\images\part1.gif <-- woofie /u1/vhome/louis/www/wtv/aspacerace/images part1.gif
98.04.03 18:44 B C:\Louis\aspacerace\images\part10.gif <-- woofie /u1/vhome/louis/www/wtv/aspacerace/images part10.gif
98.04.03 18:44 B C:\Louis\aspacerace\images\part11.gif <-- woofie /u1/vhome/louis/www/wtv/aspacerace/images part11.gif
98.04.03 18:44 B C:\Louis\aspacerace\images\part12.gif <-- woofie /u1/vhome/louis/www/wtv/aspacerace/images part12.gif
98.04.03 18:44 B C:\Louis\aspacerace\images\part13.gif <-- woofie /u1/vhome/louis/www/wtv/aspacerace/images part13.gif
98.04.03 18:44 B C:\Louis\aspacerace\images\part14.gif <-- woofie /u1/vhome/louis/www/wtv/aspacerace/images part14.gif
98.04.03 18:44 B C:\Louis\aspacerace\images\part15.gif <-- woofie /u1/vhome/louis/www/wtv/aspacerace/images part15.gif
98.04.03 18:44 B C:\Louis\aspacerace\images\part2.gif <-- woofie /u1/vhome/louis/www/wtv/aspacerace/images part2.gif
98.04.03 18:44 B C:\Louis\aspacerace\images\part3.gif <-- woofie /u1/vhome/louis/www/wtv/aspacerace/images part3.gif
98.04.03 18:44 B C:\Louis\aspacerace\images\part4.gif <-- woofie /u1/vhome/louis/www/wtv/aspacerace/images part4.gif
98.04.03 18:44 B C:\Louis\aspacerace\images\part5.gif <-- woofie /u1/vhome/louis/www/wtv/aspacerace/images part5.gif
98.04.03 18:44 B C:\Louis\aspacerace\images\part6.gif <-- woofie /u1/vhome/louis/www/wtv/aspacerace/images part6.gif
98.04.03 18:44 B C:\Louis\aspacerace\images\part7.gif <-- woofie /u1/vhome/louis/www/wtv/aspacerace/images part7.gif
98.04.03 18:44 B C:\Louis\aspacerace\images\part8.gif <-- woofie /u1/vhome/louis/www/wtv/aspacerace/images part8.gif
98.04.03 18:44 B C:\Louis\aspacerace\images\part9.gif <-- woofie /u1/vhome/louis/www/wtv/aspacerace/images part9.gif
98.04.03 18:44 B C:\Louis\aspacerace\images\peeweeca.gif <-- woofie /u1/vhome/louis/www/wtv/aspacerace/images peeweeca.gif
98.04.03 18:44 B C:\Louis\aspacerace\images\peeweecaplanet.jpg <-- woofie /u1/vhome/louis/www/wtv/aspacerace/images peeweecaplanet.jpg
98.04.03 18:44 B C:\Louis\aspacerace\images\pickplanet.gif <-- woofie /u1/vhome/louis/www/wtv/aspacerace/images pickplanet.gif
98.04.03 18:45 B C:\Louis\aspacerace\images\playbutton.gif <-- woofie /u1/vhome/louis/www/wtv/aspacerace/images playbutton.gif
98.04.03 18:45 B C:\Louis\aspacerace\images\quitbutton.gif <-- woofie /u1/vhome/louis/www/wtv/aspacerace/images quitbutton.gif
98.04.03 18:45 B C:\Louis\aspacerace\images\rule.gif <-- woofie /u1/vhome/louis/www/wtv/aspacerace/images rule.gif
98.04.03 18:45 B C:\Louis\aspacerace\images\rulesback.jpg <-- woofie /u1/vhome/louis/www/wtv/aspacerace/images rulesback.jpg
98.04.03 18:45 B C:\Louis\aspacerace\images\rulesback1.jpg <-- woofie /u1/vhome/louis/www/wtv/aspacerace/images rulesback1.jpg
98.04.03 18:45 B C:\Louis\aspacerace\images\rulesback2.jpg <-- woofie /u1/vhome/louis/www/wtv/aspacerace/images rulesback2.jpg
98.04.03 18:45 B C:\Louis\aspacerace\images\rulesback3.jpg <-- woofie /u1/vhome/louis/www/wtv/aspacerace/images rulesback3.jpg
98.04.03 18:45 B C:\Louis\aspacerace\images\spaceracelogo.gif <-- woofie /u1/vhome/louis/www/wtv/aspacerace/images spaceracelogo.gif
98.04.03 18:45 B C:\Louis\aspacerace\images\spaceship.gif <-- woofie /u1/vhome/louis/www/wtv/aspacerace/images spaceship.gif
98.04.03 18:45 B C:\Louis\aspacerace\images\tipsbutton.gif <-- woofie /u1/vhome/louis/www/wtv/aspacerace/images tipsbutton.gif
98.04.03 19:36 B C:\Louis\aspacerace\images\continuebutton.gif --> www.woofie.com /u1/vhome/louis/www/wtv/aspacerace/images continuebutton.gif
98.04.03 19:36 B C:\Louis\aspacerace\images\giganta.gif --> www.woofie.com /u1/vhome/louis/www/wtv/aspacerace/images giganta.gif
98.04.03 19:36 B C:\Louis\aspacerace\images\gigantaplanet.jpg --> www.woofie.com /u1/vhome/louis/www/wtv/aspacerace/images gigantaplanet.jpg
98.04.03 19:36 B C:\Louis\aspacerace\images\newgamebutton.gif --> www.woofie.com /u1/vhome/louis/www/wtv/aspacerace/images newgamebutton.gif
98.04.03 19:36 B C:\Louis\aspacerace\images\o2.gif --> www.woofie.com /u1/vhome/louis/www/wtv/aspacerace/images o2.gif
98.04.03 19:36 B C:\Louis\aspacerace\images\o2grid.gif --> www.woofie.com /u1/vhome/louis/www/wtv/aspacerace/images o2grid.gif
98.04.03 19:36 B C:\Louis\aspacerace\images\o2tank.gif --> www.woofie.com /u1/vhome/louis/www/wtv/aspacerace/images o2tank.gif
98.04.03 19:36 B C:\Louis\aspacerace\images\part0.gif --> www.woofie.com /u1/vhome/louis/www/wtv/aspacerace/images part0.gif
98.04.03 19:36 B C:\Louis\aspacerace\images\part1.gif --> www.woofie.com /u1/vhome/louis/www/wtv/aspacerace/images part1.gif
98.04.03 19:36 B C:\Louis\aspacerace\images\part10.gif --> www.woofie.com /u1/vhome/louis/www/wtv/aspacerace/images part10.gif
98.04.03 19:36 B C:\Louis\aspacerace\images\part11.gif --> www.woofie.com /u1/vhome/louis/www/wtv/aspacerace/images part11.gif
98.04.03 19:36 B C:\Louis\aspacerace\images\part12.gif --> www.woofie.com /u1/vhome/louis/www/wtv/aspacerace/images part12.gif
98.04.03 19:36 B C:\Louis\aspacerace\images\part13.gif --> www.woofie.com /u1/vhome/louis/www/wtv/aspacerace/images part13.gif
98.04.03 19:36 B C:\Louis\aspacerace\images\part14.gif --> www.woofie.com /u1/vhome/louis/www/wtv/aspacerace/images part14.gif
98.04.03 19:36 B C:\Louis\aspacerace\images\part15.gif --> www.woofie.com /u1/vhome/louis/www/wtv/aspacerace/images part15.gif
98.04.03 19:36 B C:\Louis\aspacerace\images\part2.gif --> www.woofie.com /u1/vhome/louis/www/wtv/aspacerace/images part2.gif
98.04.03 19:36 B C:\Louis\aspacerace\images\part3.gif --> www.woofie.com /u1/vhome/louis/www/wtv/aspacerace/images part3.gif
98.04.03 19:36 B C:\Louis\aspacerace\images\part4.gif --> www.woofie.com /u1/vhome/louis/www/wtv/aspacerace/images part4.gif
98.04.03 19:36 B C:\Louis\aspacerace\images\part5.gif --> www.woofie.com /u1/vhome/louis/www/wtv/aspacerace/images part5.gif
98.04.03 19:36 B C:\Louis\aspacerace\images\part6.gif --> www.woofie.com /u1/vhome/louis/www/wtv/aspacerace/images part6.gif
98.04.03 19:36 B C:\Louis\aspacerace\images\part7.gif --> www.woofie.com /u1/vhome/louis/www/wtv/aspacerace/images part7.gif
98.04.03 19:36 B C:\Louis\aspacerace\images\part8.gif --> www.woofie.com /u1/vhome/louis/www/wtv/aspacerace/images part8.gif
98.04.03 19:36 B C:\Louis\aspacerace\images\part9.gif --> www.woofie.com /u1/vhome/louis/www/wtv/aspacerace/images part9.gif
98.04.03 19:36 B C:\Louis\aspacerace\images\peeweeca.gif --> www.woofie.com /u1/vhome/louis/www/wtv/aspacerace/images peeweeca.gif
98.04.03 19:36 B C:\Louis\aspacerace\images\peeweecaplanet.jpg --> www.woofie.com /u1/vhome/louis/www/wtv/aspacerace/images peeweecaplanet.jpg
98.04.03 19:36 B C:\Louis\aspacerace\images\pickplanet.gif --> www.woofie.com /u1/vhome/louis/www/wtv/aspacerace/images pickplanet.gif
98.04.03 19:36 B C:\Louis\aspacerace\images\playbutton.gif --> www.woofie.com /u1/vhome/louis/www/wtv/aspacerace/images playbutton.gif
98.04.03 19:36 B C:\Louis\aspacerace\images\quitbutton.gif --> www.woofie.com /u1/vhome/louis/www/wtv/aspacerace/images quitbutton.gif
98.04.03 19:36 B C:\Louis\aspacerace\images\rule.gif --> www.woofie.com /u1/vhome/louis/www/wtv/aspacerace/images rule.gif
98.04.03 19:36 B C:\Louis\aspacerace\images\rulesback.jpg --> www.woofie.com /u1/vhome/louis/www/wtv/aspacerace/images rulesback.jpg
98.04.03 19:36 B C:\Louis\aspacerace\images\rulesback1.jpg --> www.woofie.com /u1/vhome/louis/www/wtv/aspacerace/images rulesback1.jpg
98.04.03 19:36 B C:\Louis\aspacerace\images\rulesback2.jpg --> www.woofie.com /u1/vhome/louis/www/wtv/aspacerace/images rulesback2.jpg
98.04.03 19:36 B C:\Louis\aspacerace\images\rulesback3.jpg --> www.woofie.com /u1/vhome/louis/www/wtv/aspacerace/images rulesback3.jpg
98.04.03 19:36 B C:\Louis\aspacerace\images\spacer.gif --> www.woofie.com /u1/vhome/louis/www/wtv/aspacerace/images spacer.gif
98.04.03 19:36 B C:\Louis\aspacerace\images\spaceracelogo.gif --> www.woofie.com /u1/vhome/louis/www/wtv/aspacerace/images spaceracelogo.gif
98.04.03 19:36 B C:\Louis\aspacerace\images\spaceship.gif --> www.woofie.com /u1/vhome/louis/www/wtv/aspacerace/images spaceship.gif
98.04.03 19:36 B C:\Louis\aspacerace\images\tipsbutton.gif --> www.woofie.com /u1/vhome/louis/www/wtv/aspacerace/images tipsbutton.gif
98.04.03 19:36 B C:\Louis\aspacerace\images\WS_FTP.LOG --> www.woofie.com /u1/vhome/louis/www/wtv/aspacerace/images WS_FTP.LOG
98.04.03 21:21 B C:\Louis\aspacerace\images\faced.gif <-- woofie /u1/vhome/louis/www/wtv/aspacerace/images faced.gif
98.04.03 21:21 B C:\Louis\aspacerace\images\facel.gif <-- woofie /u1/vhome/louis/www/wtv/aspacerace/images facel.gif
98.04.03 21:21 B C:\Louis\aspacerace\images\facer.gif <-- woofie /u1/vhome/louis/www/wtv/aspacerace/images facer.gif
98.04.03 21:21 B C:\Louis\aspacerace\images\faceu.gif <-- woofie /u1/vhome/louis/www/wtv/aspacerace/images faceu.gif
98.04.03 23:17 B C:\Louis\aspacerace\images\halftone.gif --> www.woofie.com /u1/vhome/louis/www/wtv/aspacerace/images halftone.gif
98.04.03 23:18 B C:\Louis\aspacerace\images\green.gif <-- woofie /u1/vhome/louis/www/wtv/aspacerace green.gif
98.04.03 23:18 B C:\Louis\aspacerace\images\red.gif <-- woofie /u1/vhome/louis/www/wtv/aspacerace red.gif
98.04.03 23:18 B C:\Louis\aspacerace\images\green.gif --> www.woofie.com /u1/vhome/louis/www/wtv/aspacerace/images green.gif
98.04.03 23:19 B C:\Louis\aspacerace\images\red.gif --> www.woofie.com /u1/vhome/louis/www/wtv/aspacerace/images red.gif
98.04.03 23:20 B C:\Louis\aspacerace\images\red.gif --> www.woofie.com /u1/vhome/louis/www/wtv/aspacerace/images red.gif
98.04.03 23:26 B C:\Louis\aspacerace\images\halftone.gif --> www.woofie.com /u1/vhome/louis/www/wtv/aspacerace/images halftone.gif
98.04.03 23:32 A C:\Louis\aspacerace\images\halftone.gif --> www.woofie.com /u1/vhome/louis/www/wtv/aspacerace/images halftone.gif
98.04.03 23:32 B C:\Louis\aspacerace\images\halftone.gif --> www.woofie.com /u1/vhome/louis/www/wtv/aspacerace/images halftone.gif
98.04.03 23:35 B C:\Louis\aspacerace\images\halftone.gif --> www.woofie.com /u1/vhome/louis/www/wtv/aspacerace/images halftone.gif
98.04.03 23:38 B C:\Louis\aspacerace\images\qtrtone.gif --> www.woofie.com /u1/vhome/louis/www/wtv/aspacerace/images qtrtone.gif
98.04.10 17:43 B C:\Louis\aspacerace\images\halftonesm.gif --> www.woofie.com /u1/vhome/louis/www/wtv/aspacerace/images halftonesm.gif
98.04.10 17:44 B C:\Louis\aspacerace\images\halftone.gif --> www.woofie.com /u1/vhome/louis/www/wtv/aspacerace/images halftone.gif
98.04.10 17:59 A C:\Louis\aspacerace\images\qtrtoneflat.gif --> www.woofie.com /u1/vhome/louis/www/wtv/aspacerace/images qtrtoneflat.gif
98.04.10 17:59 A C:\Louis\aspacerace\images\qtrtone.gif --> www.woofie.com /u1/vhome/louis/www/wtv/aspacerace/images qtrtone.gif
98.04.10 18:00 B C:\Louis\aspacerace\images\qtrtone.gif --> www.woofie.com /u1/vhome/louis/www/wtv/aspacerace/images qtrtone.gif
98.04.10 18:00 B C:\Louis\aspacerace\images\qtrtoneflat.gif --> www.woofie.com /u1/vhome/louis/www/wtv/aspacerace/images qtrtoneflat.gif
98.04.10 18:09 B C:\Louis\aspacerace\images\qtrtoneraised.gif --> www.woofie.com /u1/vhome/louis/www/wtv/aspacerace/images qtrtoneraised.gif
98.04.15 15:37 B C:\Louis\aspacerace\images\moreinfobutton.gif <-- woofie /u1/vhome/louis/www/wtv/aspacerace/images moreinfobutton.gif
98.04.15 15:38 B C:\Louis\aspacerace\images\continuebutton.gif <-- woofie /u1/vhome/louis/www/wtv/aspacerace/images continuebutton.gif
98.04.15 16:07 B C:\Louis\aspacerace\images\part0glow.gif <-- woofie /u1/vhome/louis/www/wtv/aspacerace/images part0glow.gif
98.04.15 16:51 B C:\Louis\aspacerace\images\part0glow.gif <-- woofie /u1/vhome/louis/www/wtv/aspacerace/images part0glow.gif
98.04.15 16:52 B C:\Louis\aspacerace\images\part10glow.gif <-- woofie /u1/vhome/louis/www/wtv/aspacerace/images part10glow.gif
98.04.15 16:52 B C:\Louis\aspacerace\images\part11glow.gif <-- woofie /u1/vhome/louis/www/wtv/aspacerace/images part11glow.gif
98.04.15 16:52 B C:\Louis\aspacerace\images\part12glow.gif <-- woofie /u1/vhome/louis/www/wtv/aspacerace/images part12glow.gif
98.04.15 16:52 B C:\Louis\aspacerace\images\part13glow.gif <-- woofie /u1/vhome/louis/www/wtv/aspacerace/images part13glow.gif
98.04.15 16:52 B C:\Louis\aspacerace\images\part14glow.gif <-- woofie /u1/vhome/louis/www/wtv/aspacerace/images part14glow.gif
98.04.15 16:52 B C:\Louis\aspacerace\images\part15.gif <-- woofie /u1/vhome/louis/www/wtv/aspacerace/images part15.gif
98.04.15 16:52 B C:\Louis\aspacerace\images\part15glow.gif <-- woofie /u1/vhome/louis/www/wtv/aspacerace/images part15glow.gif
98.04.15 16:52 B C:\Louis\aspacerace\images\part1glow.gif <-- woofie /u1/vhome/louis/www/wtv/aspacerace/images part1glow.gif
98.04.15 16:52 B C:\Louis\aspacerace\images\part2glow.gif <-- woofie /u1/vhome/louis/www/wtv/aspacerace/images part2glow.gif
98.04.15 16:52 B C:\Louis\aspacerace\images\part3glow.gif <-- woofie /u1/vhome/louis/www/wtv/aspacerace/images part3glow.gif
98.04.15 16:52 B C:\Louis\aspacerace\images\part4.gif <-- woofie /u1/vhome/louis/www/wtv/aspacerace/images part4.gif
98.04.15 16:52 B C:\Louis\aspacerace\images\part4glow.gif <-- woofie /u1/vhome/louis/www/wtv/aspacerace/images part4glow.gif
98.04.15 16:52 B C:\Louis\aspacerace\images\part5glow.gif <-- woofie /u1/vhome/louis/www/wtv/aspacerace/images part5glow.gif
98.04.15 16:52 B C:\Louis\aspacerace\images\part6glow.gif <-- woofie /u1/vhome/louis/www/wtv/aspacerace/images part6glow.gif
98.04.15 16:52 B C:\Louis\aspacerace\images\part7glow.gif <-- woofie /u1/vhome/louis/www/wtv/aspacerace/images part7glow.gif
98.04.15 16:52 B C:\Louis\aspacerace\images\part8glow.gif <-- woofie /u1/vhome/louis/www/wtv/aspacerace/images part8glow.gif
98.04.15 16:52 B C:\Louis\aspacerace\images\part9glow.gif <-- woofie /u1/vhome/louis/www/wtv/aspacerace/images part9glow.gif
98.04.16 19:01 B C:\Louis\aspacerace\images\o2grid.gif --> www.woofie.com /u1/vhome/louis/www/wtv/aspacerace/images o2grid.gif
98.04.16 19:02 B C:\Louis\aspacerace\images\o2grid.gif --> www.woofie.com /u1/vhome/louis/www/wtv/aspacerace/images o2grid.gif
98.04.16 19:04 B C:\Louis\aspacerace\images\o2grid.gif --> www.woofie.com /u1/vhome/louis/www/wtv/aspacerace/images o2grid.gif
98.04.16 19:06 B C:\Louis\aspacerace\images\o2grid.gif --> www.woofie.com /u1/vhome/louis/www/wtv/aspacerace/images o2grid.gif
98.04.16 19:06 B C:\Louis\aspacerace\images\o2.gif --> www.woofie.com /u1/vhome/louis/www/wtv/aspacerace/images o2.gif
98.04.16 19:09 A C:\Louis\aspacerace\images\o2grid.gif --> www.woofie.com /u1/vhome/louis/www/wtv/aspacerace/images o2grid.gif
98.04.16 19:09 B C:\Louis\aspacerace\images\o2grid.gif --> www.woofie.com /u1/vhome/louis/www/wtv/aspacerace/images o2grid.gif
98.04.16 19:10 B C:\Louis\aspacerace\images\o2grid.gif --> www.woofie.com /u1/vhome/louis/www/wtv/aspacerace/images o2grid.gif
98.04.16 19:19 A C:\Louis\aspacerace\images\o2.gif --> www.woofie.com /u1/vhome/louis/www/wtv/aspacerace/images o2.gif
98.04.16 19:19 B C:\Louis\aspacerace\images\o2.gif --> www.woofie.com /u1/vhome/louis/www/wtv/aspacerace/images o2.gif
98.04.16 19:19 B C:\Louis\aspacerace\images\o2grid.gif --> www.woofie.com /u1/vhome/louis/www/wtv/aspacerace/images o2grid.gif
98.04.16 19:21 B C:\Louis\aspacerace\images\background.jpg <-- woofie /u1/vhome/louis/www/wtv/aspacerace/images background.jpg
98.04.16 19:44 B C:\Louis\aspacerace\images\o2grid.gif --> www.woofie.com /u1/vhome/louis/www/wtv/aspacerace/images o2grid.gif
98.04.16 19:45 B C:\Louis\aspacerace\images\o2grid.gif --> www.woofie.com /u1/vhome/louis/www/wtv/aspacerace/images o2grid.gif
98.04.17 12:34 B C:\Louis\aspacerace\images\backgrounddark.jpg <-- woofie /u1/vhome/louis/www/wtv/aspacerace/images backgrounddark.jpg
98.04.17 12:41 B C:\Louis\aspacerace\images\o2grid.gif --> www.woofie.com /u1/vhome/louis/www/wtv/aspacerace/images o2grid.gif
98.04.17 12:41 B C:\Louis\aspacerace\images\o2gridoneunit.gif --> www.woofie.com /u1/vhome/louis/www/wtv/aspacerace/images o2gridoneunit.gif
98.04.17 12:41 B C:\Louis\aspacerace\images\o2gridorig.gif --> www.woofie.com /u1/vhome/louis/www/wtv/aspacerace/images o2gridorig.gif
98.04.23 12:35 B C:\Louis\aspacerace\images\continuebutton.gif --> www.woofie.com /u1/vhome/louis/www/wtv/aspacerace/images continuebutton.gif
98.04.23 12:35 B C:\Louis\aspacerace\images\continuebuttonold.gif --> www.woofie.com /u1/vhome/louis/www/wtv/aspacerace/images continuebuttonold.gif
98.04.23 12:36 B C:\Louis\aspacerace\images\faced.gif --> www.woofie.com /u1/vhome/louis/www/wtv/aspacerace/images faced.gif
98.04.23 12:36 B C:\Louis\aspacerace\images\facedold.gif --> www.woofie.com /u1/vhome/louis/www/wtv/aspacerace/images facedold.gif
98.04.23 12:36 B C:\Louis\aspacerace\images\facel.gif --> www.woofie.com /u1/vhome/louis/www/wtv/aspacerace/images facel.gif
98.04.23 12:36 B C:\Louis\aspacerace\images\facelold.gif --> www.woofie.com /u1/vhome/louis/www/wtv/aspacerace/images facelold.gif
98.04.23 12:36 B C:\Louis\aspacerace\images\facer.gif --> www.woofie.com /u1/vhome/louis/www/wtv/aspacerace/images facer.gif
98.04.23 12:36 B C:\Louis\aspacerace\images\facerold.gif --> www.woofie.com /u1/vhome/louis/www/wtv/aspacerace/images facerold.gif
98.04.23 12:36 B C:\Louis\aspacerace\images\faceu.gif --> www.woofie.com /u1/vhome/louis/www/wtv/aspacerace/images faceu.gif
98.04.23 12:36 B C:\Louis\aspacerace\images\faceuold.gif --> www.woofie.com /u1/vhome/louis/www/wtv/aspacerace/images faceuold.gif
98.04.23 12:36 B C:\Louis\aspacerace\images\moreinfobutton.gif --> www.woofie.com /u1/vhome/louis/www/wtv/aspacerace/images moreinfobutton.gif
98.04.23 12:36 B C:\Louis\aspacerace\images\moreinfobuttonold.gif --> www.woofie.com /u1/vhome/louis/www/wtv/aspacerace/images moreinfobuttonold.gif
98.04.23 12:36 B C:\Louis\aspacerace\images\newgamebutton.gif --> www.woofie.com /u1/vhome/louis/www/wtv/aspacerace/images newgamebutton.gif
98.04.23 12:36 B C:\Louis\aspacerace\images\newgamebuttonold.gif --> www.woofie.com /u1/vhome/louis/www/wtv/aspacerace/images newgamebuttonold.gif
98.04.23 12:37 B C:\Louis\aspacerace\images\playbutton.gif --> www.woofie.com /u1/vhome/louis/www/wtv/aspacerace/images playbutton.gif
98.04.23 12:37 B C:\Louis\aspacerace\images\playbuttonold.gif --> www.woofie.com /u1/vhome/louis/www/wtv/aspacerace/images playbuttonold.gif
98.04.23 12:38 B C:\Louis\aspacerace\images\tipsbutton.gif --> www.woofie.com /u1/vhome/louis/www/wtv/aspacerace/images tipsbutton.gif
98.04.23 12:38 B C:\Louis\aspacerace\images\tipsbuttonold.gif --> www.woofie.com /u1/vhome/louis/www/wtv/aspacerace/images tipsbuttonold.gif
98.04.23 12:38 B C:\Louis\aspacerace\images\rulesbutton.gif --> www.woofie.com /u1/vhome/louis/www/wtv/aspacerace/images rulesbutton.gif
98.04.27 17:30 B C:\Louis\aspacerace\images\background.jpg --> homeless.artemis.com /home/content/webtv.disco/content/explore2d/programming/spacerace/images background.jpg
98.04.27 17:30 B C:\Louis\aspacerace\images\backgrounddark.jpg --> homeless.artemis.com /home/content/webtv.disco/content/explore2d/programming/spacerace/images backgrounddark.jpg
98.04.27 17:30 B C:\Louis\aspacerace\images\continuebutton.gif --> homeless.artemis.com /home/content/webtv.disco/content/explore2d/programming/spacerace/images continuebutton.gif
98.04.27 17:30 B C:\Louis\aspacerace\images\continuebuttonold.gif --> homeless.artemis.com /home/content/webtv.disco/content/explore2d/programming/spacerace/images continuebuttonold.gif
98.04.27 17:30 B C:\Louis\aspacerace\images\faced.gif --> homeless.artemis.com /home/content/webtv.disco/content/explore2d/programming/spacerace/images faced.gif
98.04.27 17:30 B C:\Louis\aspacerace\images\facedold.gif --> homeless.artemis.com /home/content/webtv.disco/content/explore2d/programming/spacerace/images facedold.gif
98.04.27 17:30 B C:\Louis\aspacerace\images\facel.gif --> homeless.artemis.com /home/content/webtv.disco/content/explore2d/programming/spacerace/images facel.gif
98.04.27 17:30 B C:\Louis\aspacerace\images\facelold.gif --> homeless.artemis.com /home/content/webtv.disco/content/explore2d/programming/spacerace/images facelold.gif
98.04.27 17:30 B C:\Louis\aspacerace\images\facer.gif --> homeless.artemis.com /home/content/webtv.disco/content/explore2d/programming/spacerace/images facer.gif
98.04.27 17:30 B C:\Louis\aspacerace\images\facerold.gif --> homeless.artemis.com /home/content/webtv.disco/content/explore2d/programming/spacerace/images facerold.gif
98.04.27 17:30 B C:\Louis\aspacerace\images\faceu.gif --> homeless.artemis.com /home/content/webtv.disco/content/explore2d/programming/spacerace/images faceu.gif
98.04.27 17:30 B C:\Louis\aspacerace\images\faceuold.gif --> homeless.artemis.com /home/content/webtv.disco/content/explore2d/programming/spacerace/images faceuold.gif
98.04.27 17:30 B C:\Louis\aspacerace\images\giganta.gif --> homeless.artemis.com /home/content/webtv.disco/content/explore2d/programming/spacerace/images giganta.gif
98.04.27 17:30 B C:\Louis\aspacerace\images\gigantaplanet.jpg --> homeless.artemis.com /home/content/webtv.disco/content/explore2d/programming/spacerace/images gigantaplanet.jpg
98.04.27 17:30 B C:\Louis\aspacerace\images\green.gif --> homeless.artemis.com /home/content/webtv.disco/content/explore2d/programming/spacerace/images green.gif
98.04.27 17:30 B C:\Louis\aspacerace\images\halftone.gif --> homeless.artemis.com /home/content/webtv.disco/content/explore2d/programming/spacerace/images halftone.gif
98.04.27 17:30 B C:\Louis\aspacerace\images\halftonesm.gif --> homeless.artemis.com /home/content/webtv.disco/content/explore2d/programming/spacerace/images halftonesm.gif
98.04.27 17:30 B C:\Louis\aspacerace\images\moreinfobutton.gif --> homeless.artemis.com /home/content/webtv.disco/content/explore2d/programming/spacerace/images moreinfobutton.gif
98.04.27 17:30 B C:\Louis\aspacerace\images\moreinfobuttonold.gif --> homeless.artemis.com /home/content/webtv.disco/content/explore2d/programming/spacerace/images moreinfobuttonold.gif
98.04.27 17:30 B C:\Louis\aspacerace\images\newgamebutton.gif --> homeless.artemis.com /home/content/webtv.disco/content/explore2d/programming/spacerace/images newgamebutton.gif
98.04.27 17:30 B C:\Louis\aspacerace\images\newgamebuttonold.gif --> homeless.artemis.com /home/content/webtv.disco/content/explore2d/programming/spacerace/images newgamebuttonold.gif
98.04.27 17:30 B C:\Louis\aspacerace\images\o2.gif --> homeless.artemis.com /home/content/webtv.disco/content/explore2d/programming/spacerace/images o2.gif
98.04.27 17:30 B C:\Louis\aspacerace\images\o2grid.gif --> homeless.artemis.com /home/content/webtv.disco/content/explore2d/programming/spacerace/images o2grid.gif
98.04.27 17:30 B C:\Louis\aspacerace\images\o2gridoneunit.gif --> homeless.artemis.com /home/content/webtv.disco/content/explore2d/programming/spacerace/images o2gridoneunit.gif
98.04.27 17:30 B C:\Louis\aspacerace\images\o2gridorig.gif --> homeless.artemis.com /home/content/webtv.disco/content/explore2d/programming/spacerace/images o2gridorig.gif
98.04.27 17:30 B C:\Louis\aspacerace\images\o2tank.gif --> homeless.artemis.com /home/content/webtv.disco/content/explore2d/programming/spacerace/images o2tank.gif
98.04.27 17:30 B C:\Louis\aspacerace\images\part0.gif --> homeless.artemis.com /home/content/webtv.disco/content/explore2d/programming/spacerace/images part0.gif
98.04.27 17:30 B C:\Louis\aspacerace\images\part0glow.gif --> homeless.artemis.com /home/content/webtv.disco/content/explore2d/programming/spacerace/images part0glow.gif
98.04.27 17:30 B C:\Louis\aspacerace\images\part1.gif --> homeless.artemis.com /home/content/webtv.disco/content/explore2d/programming/spacerace/images part1.gif
98.04.27 17:30 B C:\Louis\aspacerace\images\part10.gif --> homeless.artemis.com /home/content/webtv.disco/content/explore2d/programming/spacerace/images part10.gif
98.04.27 17:30 B C:\Louis\aspacerace\images\part10glow.gif --> homeless.artemis.com /home/content/webtv.disco/content/explore2d/programming/spacerace/images part10glow.gif
98.04.27 17:30 B C:\Louis\aspacerace\images\part11.gif --> homeless.artemis.com /home/content/webtv.disco/content/explore2d/programming/spacerace/images part11.gif
98.04.27 17:30 B C:\Louis\aspacerace\images\part11glow.gif --> homeless.artemis.com /home/content/webtv.disco/content/explore2d/programming/spacerace/images part11glow.gif
98.04.27 17:30 B C:\Louis\aspacerace\images\part12.gif --> homeless.artemis.com /home/content/webtv.disco/content/explore2d/programming/spacerace/images part12.gif
98.04.27 17:30 B C:\Louis\aspacerace\images\part12glow.gif --> homeless.artemis.com /home/content/webtv.disco/content/explore2d/programming/spacerace/images part12glow.gif
98.04.27 17:30 B C:\Louis\aspacerace\images\part13.gif --> homeless.artemis.com /home/content/webtv.disco/content/explore2d/programming/spacerace/images part13.gif
98.04.27 17:30 B C:\Louis\aspacerace\images\part13glow.gif --> homeless.artemis.com /home/content/webtv.disco/content/explore2d/programming/spacerace/images part13glow.gif
98.04.27 17:30 B C:\Louis\aspacerace\images\part14.gif --> homeless.artemis.com /home/content/webtv.disco/content/explore2d/programming/spacerace/images part14.gif
98.04.27 17:30 B C:\Louis\aspacerace\images\part14glow.gif --> homeless.artemis.com /home/content/webtv.disco/content/explore2d/programming/spacerace/images part14glow.gif
98.04.27 17:30 B C:\Louis\aspacerace\images\part15.gif --> homeless.artemis.com /home/content/webtv.disco/content/explore2d/programming/spacerace/images part15.gif
98.04.27 17:30 B C:\Louis\aspacerace\images\part15glow.gif --> homeless.artemis.com /home/content/webtv.disco/content/explore2d/programming/spacerace/images part15glow.gif
98.04.27 17:30 B C:\Louis\aspacerace\images\part1glow.gif --> homeless.artemis.com /home/content/webtv.disco/content/explore2d/programming/spacerace/images part1glow.gif
98.04.27 17:30 B C:\Louis\aspacerace\images\part2.gif --> homeless.artemis.com /home/content/webtv.disco/content/explore2d/programming/spacerace/images part2.gif
98.04.27 17:30 B C:\Louis\aspacerace\images\part2glow.gif --> homeless.artemis.com /home/content/webtv.disco/content/explore2d/programming/spacerace/images part2glow.gif
98.04.27 17:30 B C:\Louis\aspacerace\images\part3.gif --> homeless.artemis.com /home/content/webtv.disco/content/explore2d/programming/spacerace/images part3.gif
98.04.27 17:30 B C:\Louis\aspacerace\images\part3glow.gif --> homeless.artemis.com /home/content/webtv.disco/content/explore2d/programming/spacerace/images part3glow.gif
98.04.27 17:30 B C:\Louis\aspacerace\images\part4.gif --> homeless.artemis.com /home/content/webtv.disco/content/explore2d/programming/spacerace/images part4.gif
98.04.27 17:30 B C:\Louis\aspacerace\images\part4glow.gif --> homeless.artemis.com /home/content/webtv.disco/content/explore2d/programming/spacerace/images part4glow.gif
98.04.27 17:30 B C:\Louis\aspacerace\images\part5.gif --> homeless.artemis.com /home/content/webtv.disco/content/explore2d/programming/spacerace/images part5.gif
98.04.27 17:30 B C:\Louis\aspacerace\images\part5glow.gif --> homeless.artemis.com /home/content/webtv.disco/content/explore2d/programming/spacerace/images part5glow.gif
98.04.27 17:30 B C:\Louis\aspacerace\images\part6.gif --> homeless.artemis.com /home/content/webtv.disco/content/explore2d/programming/spacerace/images part6.gif
98.04.27 17:30 B C:\Louis\aspacerace\images\part6glow.gif --> homeless.artemis.com /home/content/webtv.disco/content/explore2d/programming/spacerace/images part6glow.gif
98.04.27 17:30 B C:\Louis\aspacerace\images\part7.gif --> homeless.artemis.com /home/content/webtv.disco/content/explore2d/programming/spacerace/images part7.gif
98.04.27 17:30 B C:\Louis\aspacerace\images\part7glow.gif --> homeless.artemis.com /home/content/webtv.disco/content/explore2d/programming/spacerace/images part7glow.gif
98.04.27 17:30 B C:\Louis\aspacerace\images\part8.gif --> homeless.artemis.com /home/content/webtv.disco/content/explore2d/programming/spacerace/images part8.gif
98.04.27 17:30 B C:\Louis\aspacerace\images\part8glow.gif --> homeless.artemis.com /home/content/webtv.disco/content/explore2d/programming/spacerace/images part8glow.gif
98.04.27 17:30 B C:\Louis\aspacerace\images\part9.gif --> homeless.artemis.com /home/content/webtv.disco/content/explore2d/programming/spacerace/images part9.gif
98.04.27 17:30 B C:\Louis\aspacerace\images\part9glow.gif --> homeless.artemis.com /home/content/webtv.disco/content/explore2d/programming/spacerace/images part9glow.gif
98.04.27 17:30 B C:\Louis\aspacerace\images\peeweeca.gif --> homeless.artemis.com /home/content/webtv.disco/content/explore2d/programming/spacerace/images peeweeca.gif
98.04.27 17:30 B C:\Louis\aspacerace\images\peeweecaplanet.jpg --> homeless.artemis.com /home/content/webtv.disco/content/explore2d/programming/spacerace/images peeweecaplanet.jpg
98.04.27 17:30 B C:\Louis\aspacerace\images\pickplanet.gif --> homeless.artemis.com /home/content/webtv.disco/content/explore2d/programming/spacerace/images pickplanet.gif
98.04.27 17:30 B C:\Louis\aspacerace\images\playbutton.gif --> homeless.artemis.com /home/content/webtv.disco/content/explore2d/programming/spacerace/images playbutton.gif
98.04.27 17:30 B C:\Louis\aspacerace\images\playbuttonold.gif --> homeless.artemis.com /home/content/webtv.disco/content/explore2d/programming/spacerace/images playbuttonold.gif
98.04.27 17:30 B C:\Louis\aspacerace\images\qtrtoneflat.gif --> homeless.artemis.com /home/content/webtv.disco/content/explore2d/programming/spacerace/images qtrtoneflat.gif
98.04.27 17:30 B C:\Louis\aspacerace\images\qtrtoneraised.gif --> homeless.artemis.com /home/content/webtv.disco/content/explore2d/programming/spacerace/images qtrtoneraised.gif
98.04.27 17:30 B C:\Louis\aspacerace\images\qtrtoneraised2.gif --> homeless.artemis.com /home/content/webtv.disco/content/explore2d/programming/spacerace/images qtrtoneraised2.gif
98.04.27 17:30 B C:\Louis\aspacerace\images\quitbutton.gif --> homeless.artemis.com /home/content/webtv.disco/content/explore2d/programming/spacerace/images quitbutton.gif
98.04.27 17:30 B C:\Louis\aspacerace\images\red.gif --> homeless.artemis.com /home/content/webtv.disco/content/explore2d/programming/spacerace/images red.gif
98.04.27 17:30 B C:\Louis\aspacerace\images\rule.gif --> homeless.artemis.com /home/content/webtv.disco/content/explore2d/programming/spacerace/images rule.gif
98.04.27 17:30 B C:\Louis\aspacerace\images\rulesback.jpg --> homeless.artemis.com /home/content/webtv.disco/content/explore2d/programming/spacerace/images rulesback.jpg
98.04.27 17:30 B C:\Louis\aspacerace\images\rulesback1.jpg --> homeless.artemis.com /home/content/webtv.disco/content/explore2d/programming/spacerace/images rulesback1.jpg
98.04.27 17:30 B C:\Louis\aspacerace\images\rulesback2.jpg --> homeless.artemis.com /home/content/webtv.disco/content/explore2d/programming/spacerace/images rulesback2.jpg
98.04.27 17:30 B C:\Louis\aspacerace\images\rulesback3.jpg --> homeless.artemis.com /home/content/webtv.disco/content/explore2d/programming/spacerace/images rulesback3.jpg
98.04.27 17:30 B C:\Louis\aspacerace\images\rulesbutton.gif --> homeless.artemis.com /home/content/webtv.disco/content/explore2d/programming/spacerace/images rulesbutton.gif
98.04.27 17:30 B C:\Louis\aspacerace\images\spacer.gif --> homeless.artemis.com /home/content/webtv.disco/content/explore2d/programming/spacerace/images spacer.gif
98.04.27 17:30 B C:\Louis\aspacerace\images\spaceracelogo.gif --> homeless.artemis.com /home/content/webtv.disco/content/explore2d/programming/spacerace/images spaceracelogo.gif
98.04.27 17:30 B C:\Louis\aspacerace\images\spaceship.gif --> homeless.artemis.com /home/content/webtv.disco/content/explore2d/programming/spacerace/images spaceship.gif
98.04.27 17:30 B C:\Louis\aspacerace\images\tipsbutton.gif --> homeless.artemis.com /home/content/webtv.disco/content/explore2d/programming/spacerace/images tipsbutton.gif
98.04.27 17:30 B C:\Louis\aspacerace\images\tipsbuttonold.gif --> homeless.artemis.com /home/content/webtv.disco/content/explore2d/programming/spacerace/images tipsbuttonold.gif
98.04.27 17:33 B C:\Louis\aspaceraceserver\images\WS_FTP.LOG <-- content /home/content/webtv.disco/content/explore2d/programming/spacerace/images WS_FTP.LOG
98.04.27 18:37 B C:\Louis\aspaceraceserver\images\o2.gif <-- woofie /u1/vhome/louis/www/wtv/aspacerace/images o2.gif
98.04.27 18:37 B C:\Louis\aspaceraceserver\images\background.jpg <-- woofie /u1/vhome/louis/www/wtv/aspacerace/images background.jpg
98.04.27 18:37 B C:\Louis\aspaceraceserver\images\backgrounddark.jpg <-- woofie /u1/vhome/louis/www/wtv/aspacerace/images backgrounddark.jpg
98.04.27 18:37 B C:\Louis\aspaceraceserver\images\continuebutton.gif <-- woofie /u1/vhome/louis/www/wtv/aspacerace/images continuebutton.gif
98.04.27 18:38 B C:\Louis\aspaceraceserver\images\continuebuttonold.gif <-- woofie /u1/vhome/louis/www/wtv/aspacerace/images continuebuttonold.gif
98.04.27 18:38 B C:\Louis\aspaceraceserver\images\credits.html <-- woofie /u1/vhome/louis/www/wtv/aspacerace/images credits.html
98.04.27 18:38 B C:\Louis\aspaceraceserver\images\faced.gif <-- woofie /u1/vhome/louis/www/wtv/aspacerace/images faced.gif
98.04.27 18:38 B C:\Louis\aspaceraceserver\images\facedold.gif <-- woofie /u1/vhome/louis/www/wtv/aspacerace/images facedold.gif
98.04.27 18:38 B C:\Louis\aspaceraceserver\images\facel.gif <-- woofie /u1/vhome/louis/www/wtv/aspacerace/images facel.gif
98.04.27 18:38 B C:\Louis\aspaceraceserver\images\facelold.gif <-- woofie /u1/vhome/louis/www/wtv/aspacerace/images facelold.gif
98.04.27 18:38 B C:\Louis\aspaceraceserver\images\facer.gif <-- woofie /u1/vhome/louis/www/wtv/aspacerace/images facer.gif
98.04.27 18:38 B C:\Louis\aspaceraceserver\images\facerold.gif <-- woofie /u1/vhome/louis/www/wtv/aspacerace/images facerold.gif
98.04.27 18:38 B C:\Louis\aspaceraceserver\images\faceu.gif <-- woofie /u1/vhome/louis/www/wtv/aspacerace/images faceu.gif
98.04.27 18:38 B C:\Louis\aspaceraceserver\images\faceuold.gif <-- woofie /u1/vhome/louis/www/wtv/aspacerace/images faceuold.gif
98.04.27 18:38 B C:\Louis\aspaceraceserver\images\giganta.gif <-- woofie /u1/vhome/louis/www/wtv/aspacerace/images giganta.gif
98.04.27 18:38 B C:\Louis\aspaceraceserver\images\gigantaplanet.jpg <-- woofie /u1/vhome/louis/www/wtv/aspacerace/images gigantaplanet.jpg
98.04.27 18:38 B C:\Louis\aspaceraceserver\images\green.gif <-- woofie /u1/vhome/louis/www/wtv/aspacerace/images green.gif
98.04.27 18:38 B C:\Louis\aspaceraceserver\images\halftone.gif <-- woofie /u1/vhome/louis/www/wtv/aspacerace/images halftone.gif
98.04.27 18:38 B C:\Louis\aspaceraceserver\images\halftonesm.gif <-- woofie /u1/vhome/louis/www/wtv/aspacerace/images halftonesm.gif
98.04.27 18:38 B C:\Louis\aspaceraceserver\images\lightgrid.jpg <-- woofie /u1/vhome/louis/www/wtv/aspacerace/images lightgrid.jpg
98.04.27 18:38 B C:\Louis\aspaceraceserver\images\moreinfobutton.gif <-- woofie /u1/vhome/louis/www/wtv/aspacerace/images moreinfobutton.gif
98.04.27 18:38 B C:\Louis\aspaceraceserver\images\moreinfobuttonold.gif <-- woofie /u1/vhome/louis/www/wtv/aspacerace/images moreinfobuttonold.gif
98.04.27 18:38 B C:\Louis\aspaceraceserver\images\newgamebutton.gif <-- woofie /u1/vhome/louis/www/wtv/aspacerace/images newgamebutton.gif
98.04.27 18:38 B C:\Louis\aspaceraceserver\images\newgamebuttonold.gif <-- woofie /u1/vhome/louis/www/wtv/aspacerace/images newgamebuttonold.gif
98.04.27 18:38 B C:\Louis\aspaceraceserver\images\o2.gif <-- woofie /u1/vhome/louis/www/wtv/aspacerace/images o2.gif
98.04.27 18:38 B C:\Louis\aspaceraceserver\images\o2grid.gif <-- woofie /u1/vhome/louis/www/wtv/aspacerace/images o2grid.gif
98.04.27 18:38 B C:\Louis\aspaceraceserver\images\o2gridoneunit.gif <-- woofie /u1/vhome/louis/www/wtv/aspacerace/images o2gridoneunit.gif
98.04.27 18:38 B C:\Louis\aspaceraceserver\images\o2gridorig.gif <-- woofie /u1/vhome/louis/www/wtv/aspacerace/images o2gridorig.gif
98.04.27 18:38 B C:\Louis\aspaceraceserver\images\o2tank.gif <-- woofie /u1/vhome/louis/www/wtv/aspacerace/images o2tank.gif
98.04.27 18:38 B C:\Louis\aspaceraceserver\images\oxygentank.fla <-- woofie /u1/vhome/louis/www/wtv/aspacerace/images oxygentank.fla
98.04.27 18:38 B C:\Louis\aspaceraceserver\images\oxygentank2.fla <-- woofie /u1/vhome/louis/www/wtv/aspacerace/images oxygentank2.fla
98.04.27 18:38 B C:\Louis\aspaceraceserver\images\oxygentank2.spl <-- woofie /u1/vhome/louis/www/wtv/aspacerace/images oxygentank2.spl
98.04.27 18:38 B C:\Louis\aspaceraceserver\images\part0.gif <-- woofie /u1/vhome/louis/www/wtv/aspacerace/images part0.gif
98.04.27 18:38 B C:\Louis\aspaceraceserver\images\part0glow.gif <-- woofie /u1/vhome/louis/www/wtv/aspacerace/images part0glow.gif
98.04.27 18:38 B C:\Louis\aspaceraceserver\images\part1.gif <-- woofie /u1/vhome/louis/www/wtv/aspacerace/images part1.gif
98.04.27 18:38 B C:\Louis\aspaceraceserver\images\part10.gif <-- woofie /u1/vhome/louis/www/wtv/aspacerace/images part10.gif
98.04.27 18:38 B C:\Louis\aspaceraceserver\images\part10glow.gif <-- woofie /u1/vhome/louis/www/wtv/aspacerace/images part10glow.gif
98.04.27 18:38 B C:\Louis\aspaceraceserver\images\part11.gif <-- woofie /u1/vhome/louis/www/wtv/aspacerace/images part11.gif
98.04.27 18:38 B C:\Louis\aspaceraceserver\images\part11glow.gif <-- woofie /u1/vhome/louis/www/wtv/aspacerace/images part11glow.gif
98.04.27 18:38 B C:\Louis\aspaceraceserver\images\part12.gif <-- woofie /u1/vhome/louis/www/wtv/aspacerace/images part12.gif
98.04.27 18:38 B C:\Louis\aspaceraceserver\images\part12glow.gif <-- woofie /u1/vhome/louis/www/wtv/aspacerace/images part12glow.gif
98.04.27 18:38 B C:\Louis\aspaceraceserver\images\part13.gif <-- woofie /u1/vhome/louis/www/wtv/aspacerace/images part13.gif
98.04.27 18:38 B C:\Louis\aspaceraceserver\images\part13glow.gif <-- woofie /u1/vhome/louis/www/wtv/aspacerace/images part13glow.gif
98.04.27 18:38 B C:\Louis\aspaceraceserver\images\part14.gif <-- woofie /u1/vhome/louis/www/wtv/aspacerace/images part14.gif
98.04.27 18:38 B C:\Louis\aspaceraceserver\images\part14glow.gif <-- woofie /u1/vhome/louis/www/wtv/aspacerace/images part14glow.gif
98.04.27 18:38 B C:\Louis\aspaceraceserver\images\part15.gif <-- woofie /u1/vhome/louis/www/wtv/aspacerace/images part15.gif
98.04.27 18:38 B C:\Louis\aspaceraceserver\images\part15glow.gif <-- woofie /u1/vhome/louis/www/wtv/aspacerace/images part15glow.gif
98.04.27 18:38 B C:\Louis\aspaceraceserver\images\part1glow.gif <-- woofie /u1/vhome/louis/www/wtv/aspacerace/images part1glow.gif
98.04.27 18:38 B C:\Louis\aspaceraceserver\images\part2.gif <-- woofie /u1/vhome/louis/www/wtv/aspacerace/images part2.gif
98.04.27 18:38 B C:\Louis\aspaceraceserver\images\part2glow.gif <-- woofie /u1/vhome/louis/www/wtv/aspacerace/images part2glow.gif
98.04.27 18:38 B C:\Louis\aspaceraceserver\images\part3.gif <-- woofie /u1/vhome/louis/www/wtv/aspacerace/images part3.gif
98.04.27 18:38 B C:\Louis\aspaceraceserver\images\part3glow.gif <-- woofie /u1/vhome/louis/www/wtv/aspacerace/images part3glow.gif
98.04.27 18:38 B C:\Louis\aspaceraceserver\images\part4.gif <-- woofie /u1/vhome/louis/www/wtv/aspacerace/images part4.gif
98.04.27 18:38 B C:\Louis\aspaceraceserver\images\part4glow.gif <-- woofie /u1/vhome/louis/www/wtv/aspacerace/images part4glow.gif
98.04.27 18:38 B C:\Louis\aspaceraceserver\images\part5.gif <-- woofie /u1/vhome/louis/www/wtv/aspacerace/images part5.gif
98.04.27 18:38 B C:\Louis\aspaceraceserver\images\part5glow.gif <-- woofie /u1/vhome/louis/www/wtv/aspacerace/images part5glow.gif
98.04.27 18:38 B C:\Louis\aspaceraceserver\images\part6.gif <-- woofie /u1/vhome/louis/www/wtv/aspacerace/images part6.gif
98.04.27 18:38 B C:\Louis\aspaceraceserver\images\part6glow.gif <-- woofie /u1/vhome/louis/www/wtv/aspacerace/images part6glow.gif
98.04.27 18:39 B C:\Louis\aspaceraceserver\images\part7.gif <-- woofie /u1/vhome/louis/www/wtv/aspacerace/images part7.gif
98.04.27 18:39 B C:\Louis\aspaceraceserver\images\part7glow.gif <-- woofie /u1/vhome/louis/www/wtv/aspacerace/images part7glow.gif
98.04.27 18:39 B C:\Louis\aspaceraceserver\images\part8.gif <-- woofie /u1/vhome/louis/www/wtv/aspacerace/images part8.gif
98.04.27 18:39 B C:\Louis\aspaceraceserver\images\part8glow.gif <-- woofie /u1/vhome/louis/www/wtv/aspacerace/images part8glow.gif
98.04.27 18:39 B C:\Louis\aspaceraceserver\images\part9.gif <-- woofie /u1/vhome/louis/www/wtv/aspacerace/images part9.gif
98.04.27 18:39 B C:\Louis\aspaceraceserver\images\part9glow.gif <-- woofie /u1/vhome/louis/www/wtv/aspacerace/images part9glow.gif
98.04.27 18:39 B C:\Louis\aspaceraceserver\images\peeweeca.gif <-- woofie /u1/vhome/louis/www/wtv/aspacerace/images peeweeca.gif
98.04.27 18:39 B C:\Louis\aspaceraceserver\images\peeweecaplanet.jpg <-- woofie /u1/vhome/louis/www/wtv/aspacerace/images peeweecaplanet.jpg
98.04.27 18:39 B C:\Louis\aspaceraceserver\images\pickplanet.gif <-- woofie /u1/vhome/louis/www/wtv/aspacerace/images pickplanet.gif
98.04.27 18:39 B C:\Louis\aspaceraceserver\images\playbutton.gif <-- woofie /u1/vhome/louis/www/wtv/aspacerace/images playbutton.gif
98.04.27 18:39 B C:\Louis\aspaceraceserver\images\playbuttonold.gif <-- woofie /u1/vhome/louis/www/wtv/aspacerace/images playbuttonold.gif
98.04.27 18:39 B C:\Louis\aspaceraceserver\images\qtrtone.gif <-- woofie /u1/vhome/louis/www/wtv/aspacerace/images qtrtone.gif
98.04.27 18:39 B C:\Louis\aspaceraceserver\images\qtrtoneflat.gif <-- woofie /u1/vhome/louis/www/wtv/aspacerace/images qtrtoneflat.gif
98.04.27 18:39 B C:\Louis\aspaceraceserver\images\qtrtoneraised.gif <-- woofie /u1/vhome/louis/www/wtv/aspacerace/images qtrtoneraised.gif
98.04.27 18:39 B C:\Louis\aspaceraceserver\images\quitbutton.gif <-- woofie /u1/vhome/louis/www/wtv/aspacerace/images quitbutton.gif
98.04.27 18:39 B C:\Louis\aspaceraceserver\images\red.gif <-- woofie /u1/vhome/louis/www/wtv/aspacerace/images red.gif
98.04.27 18:39 B C:\Louis\aspaceraceserver\images\rule.gif <-- woofie /u1/vhome/louis/www/wtv/aspacerace/images rule.gif
98.04.27 18:39 B C:\Louis\aspaceraceserver\images\rulesback.jpg <-- woofie /u1/vhome/louis/www/wtv/aspacerace/images rulesback.jpg
98.04.27 18:39 B C:\Louis\aspaceraceserver\images\rulesback1.jpg <-- woofie /u1/vhome/louis/www/wtv/aspacerace/images rulesback1.jpg
98.04.27 18:39 B C:\Louis\aspaceraceserver\images\rulesback2.jpg <-- woofie /u1/vhome/louis/www/wtv/aspacerace/images rulesback2.jpg
98.04.27 18:39 B C:\Louis\aspaceraceserver\images\rulesback3.jpg <-- woofie /u1/vhome/louis/www/wtv/aspacerace/images rulesback3.jpg
98.04.27 18:39 B C:\Louis\aspaceraceserver\images\rulesbutton.gif <-- woofie /u1/vhome/louis/www/wtv/aspacerace/images rulesbutton.gif
98.04.27 18:39 B C:\Louis\aspaceraceserver\images\spacer.gif <-- woofie /u1/vhome/louis/www/wtv/aspacerace/images spacer.gif
98.04.27 18:39 B C:\Louis\aspaceraceserver\images\spaceracelogo.gif <-- woofie /u1/vhome/louis/www/wtv/aspacerace/images spaceracelogo.gif
98.04.27 18:39 B C:\Louis\aspaceraceserver\images\spaceship.gif <-- woofie /u1/vhome/louis/www/wtv/aspacerace/images spaceship.gif
98.04.27 18:39 B C:\Louis\aspaceraceserver\images\tipsbutton.gif <-- woofie /u1/vhome/louis/www/wtv/aspacerace/images tipsbutton.gif
98.04.27 18:39 B C:\Louis\aspaceraceserver\images\tipsbuttonold.gif <-- woofie /u1/vhome/louis/www/wtv/aspacerace/images tipsbuttonold.gif
98.04.27 18:41 B C:\Louis\aspaceraceserver\images\background.jpg --> homeless.artemis.com /home/content/webtv.disco/content/explore2d/programming/spacerace/images background.jpg
98.04.27 18:41 B C:\Louis\aspaceraceserver\images\backgrounddark.jpg --> homeless.artemis.com /home/content/webtv.disco/content/explore2d/programming/spacerace/images backgrounddark.jpg
98.04.27 18:41 B C:\Louis\aspaceraceserver\images\continuebutton.gif --> homeless.artemis.com /home/content/webtv.disco/content/explore2d/programming/spacerace/images continuebutton.gif
98.04.27 18:41 B C:\Louis\aspaceraceserver\images\continuebuttonold.gif --> homeless.artemis.com /home/content/webtv.disco/content/explore2d/programming/spacerace/images continuebuttonold.gif
98.04.27 18:41 B C:\Louis\aspaceraceserver\images\credits.html --> homeless.artemis.com /home/content/webtv.disco/content/explore2d/programming/spacerace/images credits.html
98.04.27 18:41 B C:\Louis\aspaceraceserver\images\faced.gif --> homeless.artemis.com /home/content/webtv.disco/content/explore2d/programming/spacerace/images faced.gif
98.04.27 18:41 B C:\Louis\aspaceraceserver\images\facedold.gif --> homeless.artemis.com /home/content/webtv.disco/content/explore2d/programming/spacerace/images facedold.gif
98.04.27 18:41 B C:\Louis\aspaceraceserver\images\facel.gif --> homeless.artemis.com /home/content/webtv.disco/content/explore2d/programming/spacerace/images facel.gif
98.04.27 18:41 B C:\Louis\aspaceraceserver\images\facelold.gif --> homeless.artemis.com /home/content/webtv.disco/content/explore2d/programming/spacerace/images facelold.gif
98.04.27 18:41 B C:\Louis\aspaceraceserver\images\facer.gif --> homeless.artemis.com /home/content/webtv.disco/content/explore2d/programming/spacerace/images facer.gif
98.04.27 18:41 B C:\Louis\aspaceraceserver\images\facerold.gif --> homeless.artemis.com /home/content/webtv.disco/content/explore2d/programming/spacerace/images facerold.gif
98.04.27 18:41 B C:\Louis\aspaceraceserver\images\faceu.gif --> homeless.artemis.com /home/content/webtv.disco/content/explore2d/programming/spacerace/images faceu.gif
98.04.27 18:41 B C:\Louis\aspaceraceserver\images\faceuold.gif --> homeless.artemis.com /home/content/webtv.disco/content/explore2d/programming/spacerace/images faceuold.gif
98.04.27 18:41 B C:\Louis\aspaceraceserver\images\giganta.gif --> homeless.artemis.com /home/content/webtv.disco/content/explore2d/programming/spacerace/images giganta.gif
98.04.27 18:41 B C:\Louis\aspaceraceserver\images\gigantaplanet.jpg --> homeless.artemis.com /home/content/webtv.disco/content/explore2d/programming/spacerace/images gigantaplanet.jpg
98.04.27 18:41 B C:\Louis\aspaceraceserver\images\green.gif --> homeless.artemis.com /home/content/webtv.disco/content/explore2d/programming/spacerace/images green.gif
98.04.27 18:41 B C:\Louis\aspaceraceserver\images\halftone.gif --> homeless.artemis.com /home/content/webtv.disco/content/explore2d/programming/spacerace/images halftone.gif
98.04.27 18:41 B C:\Louis\aspaceraceserver\images\halftonesm.gif --> homeless.artemis.com /home/content/webtv.disco/content/explore2d/programming/spacerace/images halftonesm.gif
98.04.27 18:41 B C:\Louis\aspaceraceserver\images\lightgrid.jpg --> homeless.artemis.com /home/content/webtv.disco/content/explore2d/programming/spacerace/images lightgrid.jpg
98.04.27 18:41 B C:\Louis\aspaceraceserver\images\moreinfobutton.gif --> homeless.artemis.com /home/content/webtv.disco/content/explore2d/programming/spacerace/images moreinfobutton.gif
98.04.27 18:41 B C:\Louis\aspaceraceserver\images\moreinfobuttonold.gif --> homeless.artemis.com /home/content/webtv.disco/content/explore2d/programming/spacerace/images moreinfobuttonold.gif
98.04.27 18:41 B C:\Louis\aspaceraceserver\images\newgamebutton.gif --> homeless.artemis.com /home/content/webtv.disco/content/explore2d/programming/spacerace/images newgamebutton.gif
98.04.27 18:41 B C:\Louis\aspaceraceserver\images\newgamebuttonold.gif --> homeless.artemis.com /home/content/webtv.disco/content/explore2d/programming/spacerace/images newgamebuttonold.gif
98.04.27 18:41 B C:\Louis\aspaceraceserver\images\o2.gif --> homeless.artemis.com /home/content/webtv.disco/content/explore2d/programming/spacerace/images o2.gif
98.04.27 18:41 B C:\Louis\aspaceraceserver\images\o2grid.gif --> homeless.artemis.com /home/content/webtv.disco/content/explore2d/programming/spacerace/images o2grid.gif
98.04.27 18:41 B C:\Louis\aspaceraceserver\images\o2gridoneunit.gif --> homeless.artemis.com /home/content/webtv.disco/content/explore2d/programming/spacerace/images o2gridoneunit.gif
98.04.27 18:41 B C:\Louis\aspaceraceserver\images\o2gridorig.gif --> homeless.artemis.com /home/content/webtv.disco/content/explore2d/programming/spacerace/images o2gridorig.gif
98.04.27 18:41 B C:\Louis\aspaceraceserver\images\o2tank.gif --> homeless.artemis.com /home/content/webtv.disco/content/explore2d/programming/spacerace/images o2tank.gif
98.04.27 18:41 B C:\Louis\aspaceraceserver\images\oxygentank.fla --> homeless.artemis.com /home/content/webtv.disco/content/explore2d/programming/spacerace/images oxygentank.fla
98.04.27 18:41 B C:\Louis\aspaceraceserver\images\oxygentank2.fla --> homeless.artemis.com /home/content/webtv.disco/content/explore2d/programming/spacerace/images oxygentank2.fla
98.04.27 18:41 B C:\Louis\aspaceraceserver\images\oxygentank2.spl --> homeless.artemis.com /home/content/webtv.disco/content/explore2d/programming/spacerace/images oxygentank2.spl
98.04.27 18:41 B C:\Louis\aspaceraceserver\images\part0.gif --> homeless.artemis.com /home/content/webtv.disco/content/explore2d/programming/spacerace/images part0.gif
98.04.27 18:41 B C:\Louis\aspaceraceserver\images\part0glow.gif --> homeless.artemis.com /home/content/webtv.disco/content/explore2d/programming/spacerace/images part0glow.gif
98.04.27 18:41 B C:\Louis\aspaceraceserver\images\part1.gif --> homeless.artemis.com /home/content/webtv.disco/content/explore2d/programming/spacerace/images part1.gif
98.04.27 18:41 B C:\Louis\aspaceraceserver\images\part10.gif --> homeless.artemis.com /home/content/webtv.disco/content/explore2d/programming/spacerace/images part10.gif
98.04.27 18:41 B C:\Louis\aspaceraceserver\images\part10glow.gif --> homeless.artemis.com /home/content/webtv.disco/content/explore2d/programming/spacerace/images part10glow.gif
98.04.27 18:41 B C:\Louis\aspaceraceserver\images\part11.gif --> homeless.artemis.com /home/content/webtv.disco/content/explore2d/programming/spacerace/images part11.gif
98.04.27 18:41 B C:\Louis\aspaceraceserver\images\part11glow.gif --> homeless.artemis.com /home/content/webtv.disco/content/explore2d/programming/spacerace/images part11glow.gif
98.04.27 18:41 B C:\Louis\aspaceraceserver\images\part12.gif --> homeless.artemis.com /home/content/webtv.disco/content/explore2d/programming/spacerace/images part12.gif
98.04.27 18:41 B C:\Louis\aspaceraceserver\images\part12glow.gif --> homeless.artemis.com /home/content/webtv.disco/content/explore2d/programming/spacerace/images part12glow.gif
98.04.27 18:41 B C:\Louis\aspaceraceserver\images\part13.gif --> homeless.artemis.com /home/content/webtv.disco/content/explore2d/programming/spacerace/images part13.gif
98.04.27 18:41 B C:\Louis\aspaceraceserver\images\part13glow.gif --> homeless.artemis.com /home/content/webtv.disco/content/explore2d/programming/spacerace/images part13glow.gif
98.04.27 18:41 B C:\Louis\aspaceraceserver\images\part14.gif --> homeless.artemis.com /home/content/webtv.disco/content/explore2d/programming/spacerace/images part14.gif
98.04.27 18:41 B C:\Louis\aspaceraceserver\images\part14glow.gif --> homeless.artemis.com /home/content/webtv.disco/content/explore2d/programming/spacerace/images part14glow.gif
98.04.27 18:41 B C:\Louis\aspaceraceserver\images\part15.gif --> homeless.artemis.com /home/content/webtv.disco/content/explore2d/programming/spacerace/images part15.gif
98.04.27 18:41 B C:\Louis\aspaceraceserver\images\part15glow.gif --> homeless.artemis.com /home/content/webtv.disco/content/explore2d/programming/spacerace/images part15glow.gif
98.04.27 18:41 B C:\Louis\aspaceraceserver\images\part1glow.gif --> homeless.artemis.com /home/content/webtv.disco/content/explore2d/programming/spacerace/images part1glow.gif
98.04.27 18:41 B C:\Louis\aspaceraceserver\images\part2.gif --> homeless.artemis.com /home/content/webtv.disco/content/explore2d/programming/spacerace/images part2.gif
98.04.27 18:41 B C:\Louis\aspaceraceserver\images\part2glow.gif --> homeless.artemis.com /home/content/webtv.disco/content/explore2d/programming/spacerace/images part2glow.gif
98.04.27 18:41 B C:\Louis\aspaceraceserver\images\part3.gif --> homeless.artemis.com /home/content/webtv.disco/content/explore2d/programming/spacerace/images part3.gif
98.04.27 18:41 B C:\Louis\aspaceraceserver\images\part3glow.gif --> homeless.artemis.com /home/content/webtv.disco/content/explore2d/programming/spacerace/images part3glow.gif
98.04.27 18:41 B C:\Louis\aspaceraceserver\images\part4.gif --> homeless.artemis.com /home/content/webtv.disco/content/explore2d/programming/spacerace/images part4.gif
98.04.27 18:41 B C:\Louis\aspaceraceserver\images\part4glow.gif --> homeless.artemis.com /home/content/webtv.disco/content/explore2d/programming/spacerace/images part4glow.gif
98.04.27 18:41 B C:\Louis\aspaceraceserver\images\part5.gif --> homeless.artemis.com /home/content/webtv.disco/content/explore2d/programming/spacerace/images part5.gif
98.04.27 18:41 B C:\Louis\aspaceraceserver\images\part5glow.gif --> homeless.artemis.com /home/content/webtv.disco/content/explore2d/programming/spacerace/images part5glow.gif
98.04.27 18:41 B C:\Louis\aspaceraceserver\images\part6.gif --> homeless.artemis.com /home/content/webtv.disco/content/explore2d/programming/spacerace/images part6.gif
98.04.27 18:41 B C:\Louis\aspaceraceserver\images\part6glow.gif --> homeless.artemis.com /home/content/webtv.disco/content/explore2d/programming/spacerace/images part6glow.gif
98.04.27 18:41 B C:\Louis\aspaceraceserver\images\part7.gif --> homeless.artemis.com /home/content/webtv.disco/content/explore2d/programming/spacerace/images part7.gif
98.04.27 18:41 B C:\Louis\aspaceraceserver\images\part7glow.gif --> homeless.artemis.com /home/content/webtv.disco/content/explore2d/programming/spacerace/images part7glow.gif
98.04.27 18:41 B C:\Louis\aspaceraceserver\images\part8.gif --> homeless.artemis.com /home/content/webtv.disco/content/explore2d/programming/spacerace/images part8.gif
98.04.27 18:41 B C:\Louis\aspaceraceserver\images\part8glow.gif --> homeless.artemis.com /home/content/webtv.disco/content/explore2d/programming/spacerace/images part8glow.gif
98.04.27 18:41 B C:\Louis\aspaceraceserver\images\part9.gif --> homeless.artemis.com /home/content/webtv.disco/content/explore2d/programming/spacerace/images part9.gif
98.04.27 18:41 B C:\Louis\aspaceraceserver\images\part9glow.gif --> homeless.artemis.com /home/content/webtv.disco/content/explore2d/programming/spacerace/images part9glow.gif
98.04.27 18:41 B C:\Louis\aspaceraceserver\images\peeweeca.gif --> homeless.artemis.com /home/content/webtv.disco/content/explore2d/programming/spacerace/images peeweeca.gif
98.04.27 18:41 B C:\Louis\aspaceraceserver\images\peeweecaplanet.jpg --> homeless.artemis.com /home/content/webtv.disco/content/explore2d/programming/spacerace/images peeweecaplanet.jpg
98.04.27 18:41 B C:\Louis\aspaceraceserver\images\pickplanet.gif --> homeless.artemis.com /home/content/webtv.disco/content/explore2d/programming/spacerace/images pickplanet.gif
98.04.27 18:41 B C:\Louis\aspaceraceserver\images\playbutton.gif --> homeless.artemis.com /home/content/webtv.disco/content/explore2d/programming/spacerace/images playbutton.gif
98.04.27 18:41 B C:\Louis\aspaceraceserver\images\playbuttonold.gif --> homeless.artemis.com /home/content/webtv.disco/content/explore2d/programming/spacerace/images playbuttonold.gif
98.04.27 18:41 B C:\Louis\aspaceraceserver\images\qtrtone.gif --> homeless.artemis.com /home/content/webtv.disco/content/explore2d/programming/spacerace/images qtrtone.gif
98.04.27 18:41 B C:\Louis\aspaceraceserver\images\qtrtoneflat.gif --> homeless.artemis.com /home/content/webtv.disco/content/explore2d/programming/spacerace/images qtrtoneflat.gif
98.04.27 18:41 B C:\Louis\aspaceraceserver\images\qtrtoneraised.gif --> homeless.artemis.com /home/content/webtv.disco/content/explore2d/programming/spacerace/images qtrtoneraised.gif
98.04.27 18:41 B C:\Louis\aspaceraceserver\images\qtrtoneraised2.gif --> homeless.artemis.com /home/content/webtv.disco/content/explore2d/programming/spacerace/images qtrtoneraised2.gif
98.04.27 18:41 B C:\Louis\aspaceraceserver\images\quitbutton.gif --> homeless.artemis.com /home/content/webtv.disco/content/explore2d/programming/spacerace/images quitbutton.gif
98.04.27 18:41 B C:\Louis\aspaceraceserver\images\red.gif --> homeless.artemis.com /home/content/webtv.disco/content/explore2d/programming/spacerace/images red.gif
98.04.27 18:41 B C:\Louis\aspaceraceserver\images\rule.gif --> homeless.artemis.com /home/content/webtv.disco/content/explore2d/programming/spacerace/images rule.gif
98.04.27 18:41 B C:\Louis\aspaceraceserver\images\rulesback.jpg --> homeless.artemis.com /home/content/webtv.disco/content/explore2d/programming/spacerace/images rulesback.jpg
98.04.27 18:41 B C:\Louis\aspaceraceserver\images\rulesback1.jpg --> homeless.artemis.com /home/content/webtv.disco/content/explore2d/programming/spacerace/images rulesback1.jpg
98.04.27 18:41 B C:\Louis\aspaceraceserver\images\rulesback2.jpg --> homeless.artemis.com /home/content/webtv.disco/content/explore2d/programming/spacerace/images rulesback2.jpg
98.04.27 18:41 B C:\Louis\aspaceraceserver\images\rulesback3.jpg --> homeless.artemis.com /home/content/webtv.disco/content/explore2d/programming/spacerace/images rulesback3.jpg
98.04.27 18:41 B C:\Louis\aspaceraceserver\images\rulesbutton.gif --> homeless.artemis.com /home/content/webtv.disco/content/explore2d/programming/spacerace/images rulesbutton.gif
98.04.27 18:41 B C:\Louis\aspaceraceserver\images\spacer.gif --> homeless.artemis.com /home/content/webtv.disco/content/explore2d/programming/spacerace/images spacer.gif
98.04.27 18:41 B C:\Louis\aspaceraceserver\images\spaceracelogo.gif --> homeless.artemis.com /home/content/webtv.disco/content/explore2d/programming/spacerace/images spaceracelogo.gif
98.04.27 18:41 B C:\Louis\aspaceraceserver\images\spaceship.gif --> homeless.artemis.com /home/content/webtv.disco/content/explore2d/programming/spacerace/images spaceship.gif
98.04.27 18:41 B C:\Louis\aspaceraceserver\images\tipsbutton.gif --> homeless.artemis.com /home/content/webtv.disco/content/explore2d/programming/spacerace/images tipsbutton.gif
98.04.27 18:41 B C:\Louis\aspaceraceserver\images\tipsbuttonold.gif --> homeless.artemis.com /home/content/webtv.disco/content/explore2d/programming/spacerace/images tipsbuttonold.gif
98.04.28 12:37 B C:\Louis\aspaceraceserver\images\quitbutton.gif --> homeless.artemis.com /home/content/webtv.disco/content/explore2d/programming/spacerace/images quitbutton.gif
98.04.29 15:41 B C:\Louis\aspaceraceserver\images\continuerules.gif <-- content /home/content/webtv.disco/content/explore2d/programming/spacerace/images continuerules.gif
98.04.29 15:41 B C:\Louis\aspaceraceserver\images\tryagainbutton.gif --> homeless.artemis.com /home/content/webtv.disco/content/explore2d/programming/spacerace/images tryagainbutton.gif
98.04.29 15:44 B C:\Louis\aspaceraceserver\images\tryagainbutton.gif <-- content /home/content/webtv.disco/content/explore2d/programming/spacerace/images tryagainbutton.gif
98.04.29 16:35 B C:\Louis\aspaceraceserver\images\tryagainbutton.gif --> homeless.artemis.com /home/content/webtv.disco/content/explore2d/programming/spacerace/images tryagainbutton.gif
98.04.29 19:15 B C:\Louis\aspaceraceserver\images\WS_FTP.LOG --> www.woofie.com /u1/vhome/louis/www/wtv/aspaceraceserver/images WS_FTP.LOG
98.04.29 19:15 B C:\Louis\aspaceraceserver\images\tryagainbutton.gif --> www.woofie.com /u1/vhome/louis/www/wtv/aspaceraceserver/images tryagainbutton.gif
98.04.29 19:15 B C:\Louis\aspaceraceserver\images\tipsbuttonold.gif --> www.woofie.com /u1/vhome/louis/www/wtv/aspaceraceserver/images tipsbuttonold.gif
98.04.29 19:15 B C:\Louis\aspaceraceserver\images\tipsbutton.gif --> www.woofie.com /u1/vhome/louis/www/wtv/aspaceraceserver/images tipsbutton.gif
98.04.29 19:15 B C:\Louis\aspaceraceserver\images\spaceship.gif --> www.woofie.com /u1/vhome/louis/www/wtv/aspaceraceserver/images spaceship.gif
98.04.29 19:15 B C:\Louis\aspaceraceserver\images\spaceracelogo.gif --> www.woofie.com /u1/vhome/louis/www/wtv/aspaceraceserver/images spaceracelogo.gif
98.04.29 19:15 B C:\Louis\aspaceraceserver\images\spacer.gif --> www.woofie.com /u1/vhome/louis/www/wtv/aspaceraceserver/images spacer.gif
98.04.29 19:15 B C:\Louis\aspaceraceserver\images\rulesbutton.gif --> www.woofie.com /u1/vhome/louis/www/wtv/aspaceraceserver/images rulesbutton.gif
98.04.29 19:15 B C:\Louis\aspaceraceserver\images\rulesback3.jpg --> www.woofie.com /u1/vhome/louis/www/wtv/aspaceraceserver/images rulesback3.jpg
98.04.29 19:15 B C:\Louis\aspaceraceserver\images\rulesback2.jpg --> www.woofie.com /u1/vhome/louis/www/wtv/aspaceraceserver/images rulesback2.jpg
98.04.29 19:15 B C:\Louis\aspaceraceserver\images\rulesback1.jpg --> www.woofie.com /u1/vhome/louis/www/wtv/aspaceraceserver/images rulesback1.jpg
98.04.29 19:15 B C:\Louis\aspaceraceserver\images\rulesback.jpg --> www.woofie.com /u1/vhome/louis/www/wtv/aspaceraceserver/images rulesback.jpg
98.04.29 19:15 B C:\Louis\aspaceraceserver\images\rule.gif --> www.woofie.com /u1/vhome/louis/www/wtv/aspaceraceserver/images rule.gif
98.04.29 19:15 B C:\Louis\aspaceraceserver\images\red.gif --> www.woofie.com /u1/vhome/louis/www/wtv/aspaceraceserver/images red.gif
98.04.29 19:15 B C:\Louis\aspaceraceserver\images\quitbutton.gif --> www.woofie.com /u1/vhome/louis/www/wtv/aspaceraceserver/images quitbutton.gif
98.04.29 19:15 B C:\Louis\aspaceraceserver\images\qtrtoneraised2.gif --> www.woofie.com /u1/vhome/louis/www/wtv/aspaceraceserver/images qtrtoneraised2.gif
98.04.29 19:15 B C:\Louis\aspaceraceserver\images\qtrtoneraised.gif --> www.woofie.com /u1/vhome/louis/www/wtv/aspaceraceserver/images qtrtoneraised.gif
98.04.29 19:15 B C:\Louis\aspaceraceserver\images\qtrtoneflat.gif --> www.woofie.com /u1/vhome/louis/www/wtv/aspaceraceserver/images qtrtoneflat.gif
98.04.29 19:15 B C:\Louis\aspaceraceserver\images\qtrtone.gif --> www.woofie.com /u1/vhome/louis/www/wtv/aspaceraceserver/images qtrtone.gif
98.04.29 19:15 B C:\Louis\aspaceraceserver\images\playbuttonold.gif --> www.woofie.com /u1/vhome/louis/www/wtv/aspaceraceserver/images playbuttonold.gif
98.04.29 19:15 B C:\Louis\aspaceraceserver\images\playbutton.gif --> www.woofie.com /u1/vhome/louis/www/wtv/aspaceraceserver/images playbutton.gif
98.04.29 19:15 B C:\Louis\aspaceraceserver\images\pickplanet.gif --> www.woofie.com /u1/vhome/louis/www/wtv/aspaceraceserver/images pickplanet.gif
98.04.29 19:15 B C:\Louis\aspaceraceserver\images\peeweecaplanet.jpg --> www.woofie.com /u1/vhome/louis/www/wtv/aspaceraceserver/images peeweecaplanet.jpg
98.04.29 19:15 B C:\Louis\aspaceraceserver\images\peeweeca.gif --> www.woofie.com /u1/vhome/louis/www/wtv/aspaceraceserver/images peeweeca.gif
98.04.29 19:15 B C:\Louis\aspaceraceserver\images\part9glow.gif --> www.woofie.com /u1/vhome/louis/www/wtv/aspaceraceserver/images part9glow.gif
98.04.29 19:15 B C:\Louis\aspaceraceserver\images\part9.gif --> www.woofie.com /u1/vhome/louis/www/wtv/aspaceraceserver/images part9.gif
98.04.29 19:15 B C:\Louis\aspaceraceserver\images\part8glow.gif --> www.woofie.com /u1/vhome/louis/www/wtv/aspaceraceserver/images part8glow.gif
98.04.29 19:16 B C:\Louis\aspaceraceserver\images\part8.gif --> www.woofie.com /u1/vhome/louis/www/wtv/aspaceraceserver/images part8.gif
98.04.29 19:16 B C:\Louis\aspaceraceserver\images\part7glow.gif --> www.woofie.com /u1/vhome/louis/www/wtv/aspaceraceserver/images part7glow.gif
98.04.29 19:16 B C:\Louis\aspaceraceserver\images\part7.gif --> www.woofie.com /u1/vhome/louis/www/wtv/aspaceraceserver/images part7.gif
98.04.29 19:16 B C:\Louis\aspaceraceserver\images\part6glow.gif --> www.woofie.com /u1/vhome/louis/www/wtv/aspaceraceserver/images part6glow.gif
98.04.29 19:16 B C:\Louis\aspaceraceserver\images\part6.gif --> www.woofie.com /u1/vhome/louis/www/wtv/aspaceraceserver/images part6.gif
98.04.29 19:16 B C:\Louis\aspaceraceserver\images\part5glow.gif --> www.woofie.com /u1/vhome/louis/www/wtv/aspaceraceserver/images part5glow.gif
98.04.29 19:16 B C:\Louis\aspaceraceserver\images\part5.gif --> www.woofie.com /u1/vhome/louis/www/wtv/aspaceraceserver/images part5.gif
98.04.29 19:16 B C:\Louis\aspaceraceserver\images\part4glow.gif --> www.woofie.com /u1/vhome/louis/www/wtv/aspaceraceserver/images part4glow.gif
98.04.29 19:16 B C:\Louis\aspaceraceserver\images\part4.gif --> www.woofie.com /u1/vhome/louis/www/wtv/aspaceraceserver/images part4.gif
98.04.29 19:16 B C:\Louis\aspaceraceserver\images\part3glow.gif --> www.woofie.com /u1/vhome/louis/www/wtv/aspaceraceserver/images part3glow.gif
98.04.29 19:16 B C:\Louis\aspaceraceserver\images\part3.gif --> www.woofie.com /u1/vhome/louis/www/wtv/aspaceraceserver/images part3.gif
98.04.29 19:16 B C:\Louis\aspaceraceserver\images\part2glow.gif --> www.woofie.com /u1/vhome/louis/www/wtv/aspaceraceserver/images part2glow.gif
98.04.29 19:16 B C:\Louis\aspaceraceserver\images\part2.gif --> www.woofie.com /u1/vhome/louis/www/wtv/aspaceraceserver/images part2.gif
98.04.29 19:16 B C:\Louis\aspaceraceserver\images\part1glow.gif --> www.woofie.com /u1/vhome/louis/www/wtv/aspaceraceserver/images part1glow.gif
98.04.29 19:16 B C:\Louis\aspaceraceserver\images\part15glow.gif --> www.woofie.com /u1/vhome/louis/www/wtv/aspaceraceserver/images part15glow.gif
98.04.29 19:16 B C:\Louis\aspaceraceserver\images\part15.gif --> www.woofie.com /u1/vhome/louis/www/wtv/aspaceraceserver/images part15.gif
98.04.29 19:16 B C:\Louis\aspaceraceserver\images\part14glow.gif --> www.woofie.com /u1/vhome/louis/www/wtv/aspaceraceserver/images part14glow.gif
98.04.29 19:16 B C:\Louis\aspaceraceserver\images\part14.gif --> www.woofie.com /u1/vhome/louis/www/wtv/aspaceraceserver/images part14.gif
98.04.29 19:16 B C:\Louis\aspaceraceserver\images\part13glow.gif --> www.woofie.com /u1/vhome/louis/www/wtv/aspaceraceserver/images part13glow.gif
98.04.29 19:16 B C:\Louis\aspaceraceserver\images\part13.gif --> www.woofie.com /u1/vhome/louis/www/wtv/aspaceraceserver/images part13.gif
98.04.29 19:16 B C:\Louis\aspaceraceserver\images\part12glow.gif --> www.woofie.com /u1/vhome/louis/www/wtv/aspaceraceserver/images part12glow.gif
98.04.29 19:16 B C:\Louis\aspaceraceserver\images\part12.gif --> www.woofie.com /u1/vhome/louis/www/wtv/aspaceraceserver/images part12.gif
98.04.29 19:16 B C:\Louis\aspaceraceserver\images\part11glow.gif --> www.woofie.com /u1/vhome/louis/www/wtv/aspaceraceserver/images part11glow.gif
98.04.29 19:16 B C:\Louis\aspaceraceserver\images\part11.gif --> www.woofie.com /u1/vhome/louis/www/wtv/aspaceraceserver/images part11.gif
98.04.29 19:16 B C:\Louis\aspaceraceserver\images\part10glow.gif --> www.woofie.com /u1/vhome/louis/www/wtv/aspaceraceserver/images part10glow.gif
98.04.29 19:16 B C:\Louis\aspaceraceserver\images\part10.gif --> www.woofie.com /u1/vhome/louis/www/wtv/aspaceraceserver/images part10.gif
98.04.29 19:16 B C:\Louis\aspaceraceserver\images\part1.gif --> www.woofie.com /u1/vhome/louis/www/wtv/aspaceraceserver/images part1.gif
98.04.29 19:16 B C:\Louis\aspaceraceserver\images\part0glow.gif --> www.woofie.com /u1/vhome/louis/www/wtv/aspaceraceserver/images part0glow.gif
98.04.29 19:16 B C:\Louis\aspaceraceserver\images\part0.gif --> www.woofie.com /u1/vhome/louis/www/wtv/aspaceraceserver/images part0.gif
98.04.29 19:16 B C:\Louis\aspaceraceserver\images\oxygentank2.spl --> www.woofie.com /u1/vhome/louis/www/wtv/aspaceraceserver/images oxygentank2.spl
98.04.29 19:16 B C:\Louis\aspaceraceserver\images\oxygentank2.fla --> www.woofie.com /u1/vhome/louis/www/wtv/aspaceraceserver/images oxygentank2.fla
98.04.29 19:16 B C:\Louis\aspaceraceserver\images\oxygentank.fla --> www.woofie.com /u1/vhome/louis/www/wtv/aspaceraceserver/images oxygentank.fla
98.04.29 19:16 B C:\Louis\aspaceraceserver\images\o2tank.gif --> www.woofie.com /u1/vhome/louis/www/wtv/aspaceraceserver/images o2tank.gif
98.04.29 19:16 B C:\Louis\aspaceraceserver\images\o2gridorig.gif --> www.woofie.com /u1/vhome/louis/www/wtv/aspaceraceserver/images o2gridorig.gif
98.04.29 19:16 B C:\Louis\aspaceraceserver\images\o2gridoneunit.gif --> www.woofie.com /u1/vhome/louis/www/wtv/aspaceraceserver/images o2gridoneunit.gif
98.04.29 19:16 B C:\Louis\aspaceraceserver\images\o2grid.gif --> www.woofie.com /u1/vhome/louis/www/wtv/aspaceraceserver/images o2grid.gif
98.04.29 19:16 B C:\Louis\aspaceraceserver\images\o2.gif --> www.woofie.com /u1/vhome/louis/www/wtv/aspaceraceserver/images o2.gif
98.04.29 19:17 B C:\Louis\aspaceraceserver\images\newgamebuttonold.gif --> www.woofie.com /u1/vhome/louis/www/wtv/aspaceraceserver/images newgamebuttonold.gif
98.04.29 19:17 B C:\Louis\aspaceraceserver\images\newgamebutton.gif --> www.woofie.com /u1/vhome/louis/www/wtv/aspaceraceserver/images newgamebutton.gif
98.04.29 19:17 B C:\Louis\aspaceraceserver\images\moreinfobuttonold.gif --> www.woofie.com /u1/vhome/louis/www/wtv/aspaceraceserver/images moreinfobuttonold.gif
98.04.29 19:17 B C:\Louis\aspaceraceserver\images\moreinfobutton.gif --> www.woofie.com /u1/vhome/louis/www/wtv/aspaceraceserver/images moreinfobutton.gif
98.04.29 19:17 B C:\Louis\aspaceraceserver\images\lightgrid.jpg --> www.woofie.com /u1/vhome/louis/www/wtv/aspaceraceserver/images lightgrid.jpg
98.04.29 19:17 B C:\Louis\aspaceraceserver\images\halftonesm.gif --> www.woofie.com /u1/vhome/louis/www/wtv/aspaceraceserver/images halftonesm.gif
98.04.29 19:17 B C:\Louis\aspaceraceserver\images\halftone.gif --> www.woofie.com /u1/vhome/louis/www/wtv/aspaceraceserver/images halftone.gif
98.04.29 19:17 B C:\Louis\aspaceraceserver\images\green.gif --> www.woofie.com /u1/vhome/louis/www/wtv/aspaceraceserver/images green.gif
98.04.29 19:17 B C:\Louis\aspaceraceserver\images\gigantaplanet.jpg --> www.woofie.com /u1/vhome/louis/www/wtv/aspaceraceserver/images gigantaplanet.jpg
98.04.29 19:17 B C:\Louis\aspaceraceserver\images\giganta.gif --> www.woofie.com /u1/vhome/louis/www/wtv/aspaceraceserver/images giganta.gif
98.04.29 19:17 B C:\Louis\aspaceraceserver\images\faceuold.gif --> www.woofie.com /u1/vhome/louis/www/wtv/aspaceraceserver/images faceuold.gif
98.04.29 19:17 B C:\Louis\aspaceraceserver\images\faceu.gif --> www.woofie.com /u1/vhome/louis/www/wtv/aspaceraceserver/images faceu.gif
98.04.29 19:17 B C:\Louis\aspaceraceserver\images\facerold.gif --> www.woofie.com /u1/vhome/louis/www/wtv/aspaceraceserver/images facerold.gif
98.04.29 19:17 B C:\Louis\aspaceraceserver\images\facer.gif --> www.woofie.com /u1/vhome/louis/www/wtv/aspaceraceserver/images facer.gif
98.04.29 19:17 B C:\Louis\aspaceraceserver\images\facelold.gif --> www.woofie.com /u1/vhome/louis/www/wtv/aspaceraceserver/images facelold.gif
98.04.29 19:17 B C:\Louis\aspaceraceserver\images\facel.gif --> www.woofie.com /u1/vhome/louis/www/wtv/aspaceraceserver/images facel.gif
98.04.29 19:17 B C:\Louis\aspaceraceserver\images\facedold.gif --> www.woofie.com /u1/vhome/louis/www/wtv/aspaceraceserver/images facedold.gif
98.04.29 19:17 B C:\Louis\aspaceraceserver\images\faced.gif --> www.woofie.com /u1/vhome/louis/www/wtv/aspaceraceserver/images faced.gif
98.04.29 19:17 A C:\Louis\aspaceraceserver\images\credits.html --> www.woofie.com /u1/vhome/louis/www/wtv/aspaceraceserver/images credits.html
98.04.29 19:17 B C:\Louis\aspaceraceserver\images\continuerules.gif --> www.woofie.com /u1/vhome/louis/www/wtv/aspaceraceserver/images continuerules.gif
98.04.29 19:17 B C:\Louis\aspaceraceserver\images\continuebuttonold.gif --> www.woofie.com /u1/vhome/louis/www/wtv/aspaceraceserver/images continuebuttonold.gif
98.04.29 19:17 B C:\Louis\aspaceraceserver\images\continuebutton.gif --> www.woofie.com /u1/vhome/louis/www/wtv/aspaceraceserver/images continuebutton.gif
98.04.29 19:17 B C:\Louis\aspaceraceserver\images\backgrounddark.jpg --> www.woofie.com /u1/vhome/louis/www/wtv/aspaceraceserver/images backgrounddark.jpg
98.04.29 19:17 B C:\Louis\aspaceraceserver\images\background.jpg --> www.woofie.com /u1/vhome/louis/www/wtv/aspaceraceserver/images background.jpg
98.05.01 12:04 B C:\Louis\aspaceraceserver\images\quitbutton.gif --> homeless.artemis.com /home/content/webtv.disco/content/explore2d/programming/spacerace/images quitbutton.gif
98.05.01 12:10 B C:\Louis\aspaceraceserver\images\background.jpg --> www.woofie.com /u1/vhome/louis/www/wtv/aspaceraceserver/images background.jpg
98.05.01 12:10 B C:\Louis\aspaceraceserver\images\backgrounddark.jpg --> www.woofie.com /u1/vhome/louis/www/wtv/aspaceraceserver/images backgrounddark.jpg
98.05.01 12:10 B C:\Louis\aspaceraceserver\images\continuebutton.gif --> www.woofie.com /u1/vhome/louis/www/wtv/aspaceraceserver/images continuebutton.gif
98.05.01 12:10 B C:\Louis\aspaceraceserver\images\continuebuttonold.gif --> www.woofie.com /u1/vhome/louis/www/wtv/aspaceraceserver/images continuebuttonold.gif
98.05.01 12:10 B C:\Louis\aspaceraceserver\images\continuerules.gif --> www.woofie.com /u1/vhome/louis/www/wtv/aspaceraceserver/images continuerules.gif
98.05.01 12:10 B C:\Louis\aspaceraceserver\images\credits.html --> www.woofie.com /u1/vhome/louis/www/wtv/aspaceraceserver/images credits.html
98.05.01 12:10 B C:\Louis\aspaceraceserver\images\faced.gif --> www.woofie.com /u1/vhome/louis/www/wtv/aspaceraceserver/images faced.gif
98.05.01 12:10 B C:\Louis\aspaceraceserver\images\facedold.gif --> www.woofie.com /u1/vhome/louis/www/wtv/aspaceraceserver/images facedold.gif
98.05.01 12:10 B C:\Louis\aspaceraceserver\images\facel.gif --> www.woofie.com /u1/vhome/louis/www/wtv/aspaceraceserver/images facel.gif
98.05.01 12:10 B C:\Louis\aspaceraceserver\images\facelold.gif --> www.woofie.com /u1/vhome/louis/www/wtv/aspaceraceserver/images facelold.gif
98.05.01 12:10 B C:\Louis\aspaceraceserver\images\facer.gif --> www.woofie.com /u1/vhome/louis/www/wtv/aspaceraceserver/images facer.gif
98.05.01 12:10 B C:\Louis\aspaceraceserver\images\facerold.gif --> www.woofie.com /u1/vhome/louis/www/wtv/aspaceraceserver/images facerold.gif
98.05.01 12:10 B C:\Louis\aspaceraceserver\images\faceu.gif --> www.woofie.com /u1/vhome/louis/www/wtv/aspaceraceserver/images faceu.gif
98.05.01 12:10 B C:\Louis\aspaceraceserver\images\faceuold.gif --> www.woofie.com /u1/vhome/louis/www/wtv/aspaceraceserver/images faceuold.gif
98.05.01 12:10 B C:\Louis\aspaceraceserver\images\giganta.gif --> www.woofie.com /u1/vhome/louis/www/wtv/aspaceraceserver/images giganta.gif
98.05.01 12:10 B C:\Louis\aspaceraceserver\images\gigantaplanet.jpg --> www.woofie.com /u1/vhome/louis/www/wtv/aspaceraceserver/images gigantaplanet.jpg
98.05.01 12:10 B C:\Louis\aspaceraceserver\images\green.gif --> www.woofie.com /u1/vhome/louis/www/wtv/aspaceraceserver/images green.gif
98.05.01 12:10 B C:\Louis\aspaceraceserver\images\halftone.gif --> www.woofie.com /u1/vhome/louis/www/wtv/aspaceraceserver/images halftone.gif
98.05.01 12:10 B C:\Louis\aspaceraceserver\images\halftonesm.gif --> www.woofie.com /u1/vhome/louis/www/wtv/aspaceraceserver/images halftonesm.gif
98.05.01 12:10 B C:\Louis\aspaceraceserver\images\lightgrid.jpg --> www.woofie.com /u1/vhome/louis/www/wtv/aspaceraceserver/images lightgrid.jpg
98.05.01 12:10 B C:\Louis\aspaceraceserver\images\moreinfobutton.gif --> www.woofie.com /u1/vhome/louis/www/wtv/aspaceraceserver/images moreinfobutton.gif
98.05.01 12:10 B C:\Louis\aspaceraceserver\images\moreinfobuttonold.gif --> www.woofie.com /u1/vhome/louis/www/wtv/aspaceraceserver/images moreinfobuttonold.gif
98.05.01 12:10 B C:\Louis\aspaceraceserver\images\newgamebutton.gif --> www.woofie.com /u1/vhome/louis/www/wtv/aspaceraceserver/images newgamebutton.gif
98.05.01 12:10 B C:\Louis\aspaceraceserver\images\newgamebuttonold.gif --> www.woofie.com /u1/vhome/louis/www/wtv/aspaceraceserver/images newgamebuttonold.gif
98.05.01 12:10 B C:\Louis\aspaceraceserver\images\o2.gif --> www.woofie.com /u1/vhome/louis/www/wtv/aspaceraceserver/images o2.gif
98.05.01 12:11 B C:\Louis\aspaceraceserver\images\o2grid.gif --> www.woofie.com /u1/vhome/louis/www/wtv/aspaceraceserver/images o2grid.gif
98.05.01 12:11 B C:\Louis\aspaceraceserver\images\o2gridoneunit.gif --> www.woofie.com /u1/vhome/louis/www/wtv/aspaceraceserver/images o2gridoneunit.gif
98.05.01 12:11 B C:\Louis\aspaceraceserver\images\o2gridorig.gif --> www.woofie.com /u1/vhome/louis/www/wtv/aspaceraceserver/images o2gridorig.gif
98.05.01 12:11 B C:\Louis\aspaceraceserver\images\o2tank.gif --> www.woofie.com /u1/vhome/louis/www/wtv/aspaceraceserver/images o2tank.gif
98.05.01 12:11 B C:\Louis\aspaceraceserver\images\oxygentank.fla --> www.woofie.com /u1/vhome/louis/www/wtv/aspaceraceserver/images oxygentank.fla
98.05.01 12:11 B C:\Louis\aspaceraceserver\images\oxygentank2.fla --> www.woofie.com /u1/vhome/louis/www/wtv/aspaceraceserver/images oxygentank2.fla
98.05.01 12:11 B C:\Louis\aspaceraceserver\images\oxygentank2.spl --> www.woofie.com /u1/vhome/louis/www/wtv/aspaceraceserver/images oxygentank2.spl
98.05.01 12:11 B C:\Louis\aspaceraceserver\images\part0.gif --> www.woofie.com /u1/vhome/louis/www/wtv/aspaceraceserver/images part0.gif
98.05.01 12:11 B C:\Louis\aspaceraceserver\images\part0glow.gif --> www.woofie.com /u1/vhome/louis/www/wtv/aspaceraceserver/images part0glow.gif
98.05.01 12:11 B C:\Louis\aspaceraceserver\images\part1.gif --> www.woofie.com /u1/vhome/louis/www/wtv/aspaceraceserver/images part1.gif
98.05.01 12:11 B C:\Louis\aspaceraceserver\images\part10.gif --> www.woofie.com /u1/vhome/louis/www/wtv/aspaceraceserver/images part10.gif
98.05.01 12:11 B C:\Louis\aspaceraceserver\images\part10glow.gif --> www.woofie.com /u1/vhome/louis/www/wtv/aspaceraceserver/images part10glow.gif
98.05.01 12:11 B C:\Louis\aspaceraceserver\images\part11.gif --> www.woofie.com /u1/vhome/louis/www/wtv/aspaceraceserver/images part11.gif
98.05.01 12:11 B C:\Louis\aspaceraceserver\images\part11glow.gif --> www.woofie.com /u1/vhome/louis/www/wtv/aspaceraceserver/images part11glow.gif
98.05.01 12:11 B C:\Louis\aspaceraceserver\images\part12.gif --> www.woofie.com /u1/vhome/louis/www/wtv/aspaceraceserver/images part12.gif
98.05.01 12:11 B C:\Louis\aspaceraceserver\images\part12glow.gif --> www.woofie.com /u1/vhome/louis/www/wtv/aspaceraceserver/images part12glow.gif
98.05.01 12:11 B C:\Louis\aspaceraceserver\images\part13.gif --> www.woofie.com /u1/vhome/louis/www/wtv/aspaceraceserver/images part13.gif
98.05.01 12:11 B C:\Louis\aspaceraceserver\images\part13glow.gif --> www.woofie.com /u1/vhome/louis/www/wtv/aspaceraceserver/images part13glow.gif
98.05.01 12:11 B C:\Louis\aspaceraceserver\images\part14.gif --> www.woofie.com /u1/vhome/louis/www/wtv/aspaceraceserver/images part14.gif
98.05.01 12:11 B C:\Louis\aspaceraceserver\images\part14glow.gif --> www.woofie.com /u1/vhome/louis/www/wtv/aspaceraceserver/images part14glow.gif
98.05.01 12:11 B C:\Louis\aspaceraceserver\images\part15.gif --> www.woofie.com /u1/vhome/louis/www/wtv/aspaceraceserver/images part15.gif
98.05.01 12:11 B C:\Louis\aspaceraceserver\images\part15glow.gif --> www.woofie.com /u1/vhome/louis/www/wtv/aspaceraceserver/images part15glow.gif
98.05.01 12:11 B C:\Louis\aspaceraceserver\images\part1glow.gif --> www.woofie.com /u1/vhome/louis/www/wtv/aspaceraceserver/images part1glow.gif
98.05.01 12:11 B C:\Louis\aspaceraceserver\images\part2.gif --> www.woofie.com /u1/vhome/louis/www/wtv/aspaceraceserver/images part2.gif
98.05.01 12:11 B C:\Louis\aspaceraceserver\images\part2glow.gif --> www.woofie.com /u1/vhome/louis/www/wtv/aspaceraceserver/images part2glow.gif
98.05.01 12:11 B C:\Louis\aspaceraceserver\images\part3.gif --> www.woofie.com /u1/vhome/louis/www/wtv/aspaceraceserver/images part3.gif
98.05.01 12:11 B C:\Louis\aspaceraceserver\images\part3glow.gif --> www.woofie.com /u1/vhome/louis/www/wtv/aspaceraceserver/images part3glow.gif
98.05.01 12:11 B C:\Louis\aspaceraceserver\images\part4.gif --> www.woofie.com /u1/vhome/louis/www/wtv/aspaceraceserver/images part4.gif
98.05.01 12:11 B C:\Louis\aspaceraceserver\images\part4glow.gif --> www.woofie.com /u1/vhome/louis/www/wtv/aspaceraceserver/images part4glow.gif
98.05.01 12:12 B C:\Louis\aspaceraceserver\images\part5.gif --> www.woofie.com /u1/vhome/louis/www/wtv/aspaceraceserver/images part5.gif
98.05.01 12:12 B C:\Louis\aspaceraceserver\images\part5glow.gif --> www.woofie.com /u1/vhome/louis/www/wtv/aspaceraceserver/images part5glow.gif
98.05.01 12:12 B C:\Louis\aspaceraceserver\images\part6.gif --> www.woofie.com /u1/vhome/louis/www/wtv/aspaceraceserver/images part6.gif
98.05.01 12:12 B C:\Louis\aspaceraceserver\images\part6glow.gif --> www.woofie.com /u1/vhome/louis/www/wtv/aspaceraceserver/images part6glow.gif
98.05.01 12:12 B C:\Louis\aspaceraceserver\images\part7.gif --> www.woofie.com /u1/vhome/louis/www/wtv/aspaceraceserver/images part7.gif
98.05.01 12:12 B C:\Louis\aspaceraceserver\images\part7glow.gif --> www.woofie.com /u1/vhome/louis/www/wtv/aspaceraceserver/images part7glow.gif
98.05.01 12:12 B C:\Louis\aspaceraceserver\images\part8.gif --> www.woofie.com /u1/vhome/louis/www/wtv/aspaceraceserver/images part8.gif
98.05.01 12:12 B C:\Louis\aspaceraceserver\images\part8glow.gif --> www.woofie.com /u1/vhome/louis/www/wtv/aspaceraceserver/images part8glow.gif
98.05.01 12:12 B C:\Louis\aspaceraceserver\images\part9.gif --> www.woofie.com /u1/vhome/louis/www/wtv/aspaceraceserver/images part9.gif
98.05.01 12:12 B C:\Louis\aspaceraceserver\images\part9glow.gif --> www.woofie.com /u1/vhome/louis/www/wtv/aspaceraceserver/images part9glow.gif
98.05.01 12:12 B C:\Louis\aspaceraceserver\images\peeweeca.gif --> www.woofie.com /u1/vhome/louis/www/wtv/aspaceraceserver/images peeweeca.gif
98.05.01 12:12 B C:\Louis\aspaceraceserver\images\peeweecaplanet.jpg --> www.woofie.com /u1/vhome/louis/www/wtv/aspaceraceserver/images peeweecaplanet.jpg
98.05.01 12:12 B C:\Louis\aspaceraceserver\images\pickplanet.gif --> www.woofie.com /u1/vhome/louis/www/wtv/aspaceraceserver/images pickplanet.gif
98.05.01 12:12 B C:\Louis\aspaceraceserver\images\playbutton.gif --> www.woofie.com /u1/vhome/louis/www/wtv/aspaceraceserver/images playbutton.gif
98.05.01 12:12 B C:\Louis\aspaceraceserver\images\playbuttonold.gif --> www.woofie.com /u1/vhome/louis/www/wtv/aspaceraceserver/images playbuttonold.gif
98.05.01 12:12 B C:\Louis\aspaceraceserver\images\qtrtone.gif --> www.woofie.com /u1/vhome/louis/www/wtv/aspaceraceserver/images qtrtone.gif
98.05.01 12:12 B C:\Louis\aspaceraceserver\images\qtrtoneflat.gif --> www.woofie.com /u1/vhome/louis/www/wtv/aspaceraceserver/images qtrtoneflat.gif
98.05.01 12:12 B C:\Louis\aspaceraceserver\images\qtrtoneraised.gif --> www.woofie.com /u1/vhome/louis/www/wtv/aspaceraceserver/images qtrtoneraised.gif
98.05.01 12:12 B C:\Louis\aspaceraceserver\images\qtrtoneraised2.gif --> www.woofie.com /u1/vhome/louis/www/wtv/aspaceraceserver/images qtrtoneraised2.gif
98.05.01 12:12 B C:\Louis\aspaceraceserver\images\quitbutton.gif --> www.woofie.com /u1/vhome/louis/www/wtv/aspaceraceserver/images quitbutton.gif
98.05.01 12:12 B C:\Louis\aspaceraceserver\images\red.gif --> www.woofie.com /u1/vhome/louis/www/wtv/aspaceraceserver/images red.gif
98.05.01 12:12 B C:\Louis\aspaceraceserver\images\rule.gif --> www.woofie.com /u1/vhome/louis/www/wtv/aspaceraceserver/images rule.gif
98.05.01 12:12 B C:\Louis\aspaceraceserver\images\rulesback.jpg --> www.woofie.com /u1/vhome/louis/www/wtv/aspaceraceserver/images rulesback.jpg
98.05.01 12:12 B C:\Louis\aspaceraceserver\images\rulesback1.jpg --> www.woofie.com /u1/vhome/louis/www/wtv/aspaceraceserver/images rulesback1.jpg
98.05.01 12:12 B C:\Louis\aspaceraceserver\images\rulesback2.jpg --> www.woofie.com /u1/vhome/louis/www/wtv/aspaceraceserver/images rulesback2.jpg
98.05.01 12:12 B C:\Louis\aspaceraceserver\images\rulesback3.jpg --> www.woofie.com /u1/vhome/louis/www/wtv/aspaceraceserver/images rulesback3.jpg
98.05.01 12:12 B C:\Louis\aspaceraceserver\images\rulesbutton.gif --> www.woofie.com /u1/vhome/louis/www/wtv/aspaceraceserver/images rulesbutton.gif
98.05.01 12:12 B C:\Louis\aspaceraceserver\images\spacer.gif --> www.woofie.com /u1/vhome/louis/www/wtv/aspaceraceserver/images spacer.gif
98.05.01 12:12 B C:\Louis\aspaceraceserver\images\spaceracelogo.gif --> www.woofie.com /u1/vhome/louis/www/wtv/aspaceraceserver/images spaceracelogo.gif
98.05.01 12:12 B C:\Louis\aspaceraceserver\images\spaceship.gif --> www.woofie.com /u1/vhome/louis/www/wtv/aspaceraceserver/images spaceship.gif
98.05.01 12:12 B C:\Louis\aspaceraceserver\images\tipsbutton.gif --> www.woofie.com /u1/vhome/louis/www/wtv/aspaceraceserver/images tipsbutton.gif
98.05.01 12:12 B C:\Louis\aspaceraceserver\images\tipsbuttonold.gif --> www.woofie.com /u1/vhome/louis/www/wtv/aspaceraceserver/images tipsbuttonold.gif
98.05.01 12:12 B C:\Louis\aspaceraceserver\images\tryagainbutton.gif --> www.woofie.com /u1/vhome/louis/www/wtv/aspaceraceserver/images tryagainbutton.gif
98.05.01 12:12 B C:\Louis\aspaceraceserver\images\WS_FTP.LOG --> www.woofie.com /u1/vhome/louis/www/wtv/aspaceraceserver/images WS_FTP.LOG
98.05.01 17:48 B C:\Louis\aspaceraceserver\images\backgrounddark.jpg <-- woofie /u1/vhome/louis/www/wtv/aspaceraceserver/images backgrounddark.jpg
98.05.01 17:48 B C:\Louis\aspaceraceserver\images\backgrounddarkold.jpg <-- woofie /u1/vhome/louis/www/wtv/aspaceraceserver/images backgrounddarkold.jpg
98.05.01 17:48 B C:\Louis\aspaceraceserver\images\backgrounddark.jpg --> homeless.artemis.com /home/content/webtv.disco/content/explore2d/programming/spacerace/images backgrounddark.jpg
98.05.01 17:48 B C:\Louis\aspaceraceserver\images\backgrounddarkold.jpg --> homeless.artemis.com /home/content/webtv.disco/content/explore2d/programming/spacerace/images backgrounddarkold.jpg
98.05.01 23:21 B C:\Louis\aspaceraceserver\images\background.jpg --> www.woofie.com /u1/vhome/louis/www/wtv/aspaceraceserver/images background.jpg
98.05.01 23:21 B C:\Louis\aspaceraceserver\images\backgrounddark.jpg --> www.woofie.com /u1/vhome/louis/www/wtv/aspaceraceserver/images backgrounddark.jpg
98.05.01 23:21 B C:\Louis\aspaceraceserver\images\backgrounddarkold.jpg --> www.woofie.com /u1/vhome/louis/www/wtv/aspaceraceserver/images backgrounddarkold.jpg
98.05.01 23:21 B C:\Louis\aspaceraceserver\images\continuebutton.gif --> www.woofie.com /u1/vhome/louis/www/wtv/aspaceraceserver/images continuebutton.gif
98.05.01 23:21 B C:\Louis\aspaceraceserver\images\continuebuttonold.gif --> www.woofie.com /u1/vhome/louis/www/wtv/aspaceraceserver/images continuebuttonold.gif
98.05.01 23:21 B C:\Louis\aspaceraceserver\images\continuerules.gif --> www.woofie.com /u1/vhome/louis/www/wtv/aspaceraceserver/images continuerules.gif
98.05.01 23:22 B C:\Louis\aspaceraceserver\images\credits.html --> www.woofie.com /u1/vhome/louis/www/wtv/aspaceraceserver/images credits.html
98.05.01 23:22 B C:\Louis\aspaceraceserver\images\faced.gif --> www.woofie.com /u1/vhome/louis/www/wtv/aspaceraceserver/images faced.gif
98.05.01 23:22 B C:\Louis\aspaceraceserver\images\facedold.gif --> www.woofie.com /u1/vhome/louis/www/wtv/aspaceraceserver/images facedold.gif
98.05.01 23:22 B C:\Louis\aspaceraceserver\images\facel.gif --> www.woofie.com /u1/vhome/louis/www/wtv/aspaceraceserver/images facel.gif
98.05.01 23:22 B C:\Louis\aspaceraceserver\images\facelold.gif --> www.woofie.com /u1/vhome/louis/www/wtv/aspaceraceserver/images facelold.gif
98.05.01 23:22 B C:\Louis\aspaceraceserver\images\facer.gif --> www.woofie.com /u1/vhome/louis/www/wtv/aspaceraceserver/images facer.gif
98.05.01 23:22 B C:\Louis\aspaceraceserver\images\facerold.gif --> www.woofie.com /u1/vhome/louis/www/wtv/aspaceraceserver/images facerold.gif
98.05.01 23:22 B C:\Louis\aspaceraceserver\images\faceu.gif --> www.woofie.com /u1/vhome/louis/www/wtv/aspaceraceserver/images faceu.gif
98.05.01 23:22 B C:\Louis\aspaceraceserver\images\faceuold.gif --> www.woofie.com /u1/vhome/louis/www/wtv/aspaceraceserver/images faceuold.gif
98.05.01 23:22 B C:\Louis\aspaceraceserver\images\giganta.gif --> www.woofie.com /u1/vhome/louis/www/wtv/aspaceraceserver/images giganta.gif
98.05.01 23:22 B C:\Louis\aspaceraceserver\images\gigantaplanet.jpg --> www.woofie.com /u1/vhome/louis/www/wtv/aspaceraceserver/images gigantaplanet.jpg
98.05.01 23:22 B C:\Louis\aspaceraceserver\images\green.gif --> www.woofie.com /u1/vhome/louis/www/wtv/aspaceraceserver/images green.gif
98.05.01 23:22 B C:\Louis\aspaceraceserver\images\halftone.gif --> www.woofie.com /u1/vhome/louis/www/wtv/aspaceraceserver/images halftone.gif
98.05.01 23:22 B C:\Louis\aspaceraceserver\images\halftonesm.gif --> www.woofie.com /u1/vhome/louis/www/wtv/aspaceraceserver/images halftonesm.gif
98.05.01 23:22 B C:\Louis\aspaceraceserver\images\lightgrid.jpg --> www.woofie.com /u1/vhome/louis/www/wtv/aspaceraceserver/images lightgrid.jpg
98.05.01 23:22 B C:\Louis\aspaceraceserver\images\moreinfobutton.gif --> www.woofie.com /u1/vhome/louis/www/wtv/aspaceraceserver/images moreinfobutton.gif
98.05.01 23:22 B C:\Louis\aspaceraceserver\images\moreinfobuttonold.gif --> www.woofie.com /u1/vhome/louis/www/wtv/aspaceraceserver/images moreinfobuttonold.gif
98.05.01 23:22 B C:\Louis\aspaceraceserver\images\newgamebutton.gif --> www.woofie.com /u1/vhome/louis/www/wtv/aspaceraceserver/images newgamebutton.gif
98.05.01 23:22 B C:\Louis\aspaceraceserver\images\newgamebuttonold.gif --> www.woofie.com /u1/vhome/louis/www/wtv/aspaceraceserver/images newgamebuttonold.gif
98.05.01 23:22 B C:\Louis\aspaceraceserver\images\o2.gif --> www.woofie.com /u1/vhome/louis/www/wtv/aspaceraceserver/images o2.gif
98.05.01 23:22 B C:\Louis\aspaceraceserver\images\o2grid.gif --> www.woofie.com /u1/vhome/louis/www/wtv/aspaceraceserver/images o2grid.gif
98.05.01 23:22 B C:\Louis\aspaceraceserver\images\o2gridoneunit.gif --> www.woofie.com /u1/vhome/louis/www/wtv/aspaceraceserver/images o2gridoneunit.gif
98.05.01 23:22 B C:\Louis\aspaceraceserver\images\o2gridorig.gif --> www.woofie.com /u1/vhome/louis/www/wtv/aspaceraceserver/images o2gridorig.gif
98.05.01 23:22 B C:\Louis\aspaceraceserver\images\o2tank.gif --> www.woofie.com /u1/vhome/louis/www/wtv/aspaceraceserver/images o2tank.gif
98.05.01 23:22 B C:\Louis\aspaceraceserver\images\oxygentank.fla --> www.woofie.com /u1/vhome/louis/www/wtv/aspaceraceserver/images oxygentank.fla
98.05.01 23:22 B C:\Louis\aspaceraceserver\images\oxygentank2.fla --> www.woofie.com /u1/vhome/louis/www/wtv/aspaceraceserver/images oxygentank2.fla
98.05.01 23:22 B C:\Louis\aspaceraceserver\images\oxygentank2.spl --> www.woofie.com /u1/vhome/louis/www/wtv/aspaceraceserver/images oxygentank2.spl
98.05.01 23:22 B C:\Louis\aspaceraceserver\images\part0.gif --> www.woofie.com /u1/vhome/louis/www/wtv/aspaceraceserver/images part0.gif
98.05.01 23:22 B C:\Louis\aspaceraceserver\images\part0glow.gif --> www.woofie.com /u1/vhome/louis/www/wtv/aspaceraceserver/images part0glow.gif
98.05.01 23:22 B C:\Louis\aspaceraceserver\images\part1.gif --> www.woofie.com /u1/vhome/louis/www/wtv/aspaceraceserver/images part1.gif
98.05.01 23:22 B C:\Louis\aspaceraceserver\images\part10.gif --> www.woofie.com /u1/vhome/louis/www/wtv/aspaceraceserver/images part10.gif
98.05.01 23:22 B C:\Louis\aspaceraceserver\images\part10glow.gif --> www.woofie.com /u1/vhome/louis/www/wtv/aspaceraceserver/images part10glow.gif
98.05.01 23:22 B C:\Louis\aspaceraceserver\images\part11.gif --> www.woofie.com /u1/vhome/louis/www/wtv/aspaceraceserver/images part11.gif
98.05.01 23:22 B C:\Louis\aspaceraceserver\images\part11glow.gif --> www.woofie.com /u1/vhome/louis/www/wtv/aspaceraceserver/images part11glow.gif
98.05.01 23:22 B C:\Louis\aspaceraceserver\images\part12.gif --> www.woofie.com /u1/vhome/louis/www/wtv/aspaceraceserver/images part12.gif
98.05.01 23:22 B C:\Louis\aspaceraceserver\images\part12glow.gif --> www.woofie.com /u1/vhome/louis/www/wtv/aspaceraceserver/images part12glow.gif
98.05.01 23:22 B C:\Louis\aspaceraceserver\images\part13.gif --> www.woofie.com /u1/vhome/louis/www/wtv/aspaceraceserver/images part13.gif
98.05.01 23:22 B C:\Louis\aspaceraceserver\images\part13glow.gif --> www.woofie.com /u1/vhome/louis/www/wtv/aspaceraceserver/images part13glow.gif
98.05.01 23:22 B C:\Louis\aspaceraceserver\images\part14.gif --> www.woofie.com /u1/vhome/louis/www/wtv/aspaceraceserver/images part14.gif
98.05.01 23:22 B C:\Louis\aspaceraceserver\images\part14glow.gif --> www.woofie.com /u1/vhome/louis/www/wtv/aspaceraceserver/images part14glow.gif
98.05.01 23:22 B C:\Louis\aspaceraceserver\images\part15.gif --> www.woofie.com /u1/vhome/louis/www/wtv/aspaceraceserver/images part15.gif
98.05.01 23:22 B C:\Louis\aspaceraceserver\images\part15glow.gif --> www.woofie.com /u1/vhome/louis/www/wtv/aspaceraceserver/images part15glow.gif
98.05.01 23:22 B C:\Louis\aspaceraceserver\images\part1glow.gif --> www.woofie.com /u1/vhome/louis/www/wtv/aspaceraceserver/images part1glow.gif
98.05.01 23:22 B C:\Louis\aspaceraceserver\images\part2.gif --> www.woofie.com /u1/vhome/louis/www/wtv/aspaceraceserver/images part2.gif
98.05.01 23:22 B C:\Louis\aspaceraceserver\images\part2glow.gif --> www.woofie.com /u1/vhome/louis/www/wtv/aspaceraceserver/images part2glow.gif
98.05.01 23:22 B C:\Louis\aspaceraceserver\images\part3.gif --> www.woofie.com /u1/vhome/louis/www/wtv/aspaceraceserver/images part3.gif
98.05.01 23:22 B C:\Louis\aspaceraceserver\images\part3glow.gif --> www.woofie.com /u1/vhome/louis/www/wtv/aspaceraceserver/images part3glow.gif
98.05.01 23:22 B C:\Louis\aspaceraceserver\images\part4.gif --> www.woofie.com /u1/vhome/louis/www/wtv/aspaceraceserver/images part4.gif
98.05.01 23:22 B C:\Louis\aspaceraceserver\images\part4glow.gif --> www.woofie.com /u1/vhome/louis/www/wtv/aspaceraceserver/images part4glow.gif
98.05.01 23:22 B C:\Louis\aspaceraceserver\images\part5.gif --> www.woofie.com /u1/vhome/louis/www/wtv/aspaceraceserver/images part5.gif
98.05.01 23:22 B C:\Louis\aspaceraceserver\images\part5glow.gif --> www.woofie.com /u1/vhome/louis/www/wtv/aspaceraceserver/images part5glow.gif
98.05.01 23:22 B C:\Louis\aspaceraceserver\images\part6.gif --> www.woofie.com /u1/vhome/louis/www/wtv/aspaceraceserver/images part6.gif
98.05.01 23:22 B C:\Louis\aspaceraceserver\images\part6glow.gif --> www.woofie.com /u1/vhome/louis/www/wtv/aspaceraceserver/images part6glow.gif
98.05.01 23:22 B C:\Louis\aspaceraceserver\images\part7.gif --> www.woofie.com /u1/vhome/louis/www/wtv/aspaceraceserver/images part7.gif
98.05.01 23:22 B C:\Louis\aspaceraceserver\images\part7glow.gif --> www.woofie.com /u1/vhome/louis/www/wtv/aspaceraceserver/images part7glow.gif
98.05.01 23:22 B C:\Louis\aspaceraceserver\images\part8.gif --> www.woofie.com /u1/vhome/louis/www/wtv/aspaceraceserver/images part8.gif
98.05.01 23:22 B C:\Louis\aspaceraceserver\images\part8glow.gif --> www.woofie.com /u1/vhome/louis/www/wtv/aspaceraceserver/images part8glow.gif
98.05.01 23:22 B C:\Louis\aspaceraceserver\images\part9.gif --> www.woofie.com /u1/vhome/louis/www/wtv/aspaceraceserver/images part9.gif
98.05.01 23:22 B C:\Louis\aspaceraceserver\images\part9glow.gif --> www.woofie.com /u1/vhome/louis/www/wtv/aspaceraceserver/images part9glow.gif
98.05.01 23:22 B C:\Louis\aspaceraceserver\images\peeweeca.gif --> www.woofie.com /u1/vhome/louis/www/wtv/aspaceraceserver/images peeweeca.gif
98.05.01 23:22 B C:\Louis\aspaceraceserver\images\peeweecaplanet.jpg --> www.woofie.com /u1/vhome/louis/www/wtv/aspaceraceserver/images peeweecaplanet.jpg
98.05.01 23:22 B C:\Louis\aspaceraceserver\images\pickplanet.gif --> www.woofie.com /u1/vhome/louis/www/wtv/aspaceraceserver/images pickplanet.gif
98.05.01 23:22 B C:\Louis\aspaceraceserver\images\playbutton.gif --> www.woofie.com /u1/vhome/louis/www/wtv/aspaceraceserver/images playbutton.gif
98.05.01 23:22 B C:\Louis\aspaceraceserver\images\playbuttonold.gif --> www.woofie.com /u1/vhome/louis/www/wtv/aspaceraceserver/images playbuttonold.gif
98.05.01 23:22 B C:\Louis\aspaceraceserver\images\qtrtone.gif --> www.woofie.com /u1/vhome/louis/www/wtv/aspaceraceserver/images qtrtone.gif
98.05.01 23:22 B C:\Louis\aspaceraceserver\images\qtrtoneflat.gif --> www.woofie.com /u1/vhome/louis/www/wtv/aspaceraceserver/images qtrtoneflat.gif
98.05.01 23:22 B C:\Louis\aspaceraceserver\images\qtrtoneraised.gif --> www.woofie.com /u1/vhome/louis/www/wtv/aspaceraceserver/images qtrtoneraised.gif
98.05.01 23:22 B C:\Louis\aspaceraceserver\images\qtrtoneraised2.gif --> www.woofie.com /u1/vhome/louis/www/wtv/aspaceraceserver/images qtrtoneraised2.gif
98.05.01 23:22 B C:\Louis\aspaceraceserver\images\quitbutton.gif --> www.woofie.com /u1/vhome/louis/www/wtv/aspaceraceserver/images quitbutton.gif
98.05.01 23:22 B C:\Louis\aspaceraceserver\images\red.gif --> www.woofie.com /u1/vhome/louis/www/wtv/aspaceraceserver/images red.gif
98.05.01 23:22 B C:\Louis\aspaceraceserver\images\rule.gif --> www.woofie.com /u1/vhome/louis/www/wtv/aspaceraceserver/images rule.gif
98.05.01 23:22 B C:\Louis\aspaceraceserver\images\rulesback.jpg --> www.woofie.com /u1/vhome/louis/www/wtv/aspaceraceserver/images rulesback.jpg
98.05.01 23:22 B C:\Louis\aspaceraceserver\images\rulesback1.jpg --> www.woofie.com /u1/vhome/louis/www/wtv/aspaceraceserver/images rulesback1.jpg
98.05.01 23:22 B C:\Louis\aspaceraceserver\images\rulesback2.jpg --> www.woofie.com /u1/vhome/louis/www/wtv/aspaceraceserver/images rulesback2.jpg
98.05.01 23:22 B C:\Louis\aspaceraceserver\images\rulesback3.jpg --> www.woofie.com /u1/vhome/louis/www/wtv/aspaceraceserver/images rulesback3.jpg
98.05.01 23:22 B C:\Louis\aspaceraceserver\images\rulesbutton.gif --> www.woofie.com /u1/vhome/louis/www/wtv/aspaceraceserver/images rulesbutton.gif
98.05.01 23:22 B C:\Louis\aspaceraceserver\images\spacer.gif --> www.woofie.com /u1/vhome/louis/www/wtv/aspaceraceserver/images spacer.gif
98.05.01 23:22 B C:\Louis\aspaceraceserver\images\spaceracelogo.gif --> www.woofie.com /u1/vhome/louis/www/wtv/aspaceraceserver/images spaceracelogo.gif
98.05.01 23:22 B C:\Louis\aspaceraceserver\images\spaceship.gif --> www.woofie.com /u1/vhome/louis/www/wtv/aspaceraceserver/images spaceship.gif
98.05.01 23:22 B C:\Louis\aspaceraceserver\images\tipsbutton.gif --> www.woofie.com /u1/vhome/louis/www/wtv/aspaceraceserver/images tipsbutton.gif
98.05.01 23:22 B C:\Louis\aspaceraceserver\images\tipsbuttonold.gif --> www.woofie.com /u1/vhome/louis/www/wtv/aspaceraceserver/images tipsbuttonold.gif
98.05.01 23:22 B C:\Louis\aspaceraceserver\images\tryagainbutton.gif --> www.woofie.com /u1/vhome/louis/www/wtv/aspaceraceserver/images tryagainbutton.gif
