97.09.30 10:00 B D:\LouisRoehrs\crosswordtool\templates\clue.thtml <-- AEd /usr/home/tpark/public_html/crosswordtool/templates clue.thtml
97.09.30 10:00 B D:\LouisRoehrs\crosswordtool\templates\clueblk.thtml <-- AEd /usr/home/tpark/public_html/crosswordtool/templates clueblk.thtml
97.09.30 10:00 B D:\LouisRoehrs\crosswordtool\templates\created.thtml <-- AEd /usr/home/tpark/public_html/crosswordtool/templates created.thtml
97.09.30 10:00 B D:\LouisRoehrs\crosswordtool\templates\crossword.thtml <-- AEd /usr/home/tpark/public_html/crosswordtool/templates crossword.thtml
97.09.30 10:00 B D:\LouisRoehrs\crosswordtool\templates\form.thtml <-- AEd /usr/home/tpark/public_html/crosswordtool/templates form.thtml
97.09.30 10:00 B D:\LouisRoehrs\crosswordtool\templates\gameindex.thtml <-- AEd /usr/home/tpark/public_html/crosswordtool/templates gameindex.thtml
97.09.30 10:00 B D:\LouisRoehrs\crosswordtool\templates\index.thtml <-- AEd /usr/home/tpark/public_html/crosswordtool/templates index.thtml
97.09.30 10:00 B D:\LouisRoehrs\crosswordtool\templates\local.paths <-- AEd /usr/home/tpark/public_html/crosswordtool/templates local.paths
97.09.30 10:00 B D:\LouisRoehrs\crosswordtool\templates\updated.thtml <-- AEd /usr/home/tpark/public_html/crosswordtool/templates updated.thtml
97.09.30 10:07 B D:\LouisRoehrs\crosswordtool\templates\clue.thtml --> ed.webtv.net /usr/home/tpark/public_html/louis/crosswordtool/templates clue.thtml
97.09.30 10:07 B D:\LouisRoehrs\crosswordtool\templates\clueblk.thtml --> ed.webtv.net /usr/home/tpark/public_html/louis/crosswordtool/templates clueblk.thtml
97.09.30 10:07 B D:\LouisRoehrs\crosswordtool\templates\created.thtml --> ed.webtv.net /usr/home/tpark/public_html/louis/crosswordtool/templates created.thtml
97.09.30 10:07 B D:\LouisRoehrs\crosswordtool\templates\crossword.thtml --> ed.webtv.net /usr/home/tpark/public_html/louis/crosswordtool/templates crossword.thtml
97.09.30 10:07 B D:\LouisRoehrs\crosswordtool\templates\form.thtml --> ed.webtv.net /usr/home/tpark/public_html/louis/crosswordtool/templates form.thtml
97.09.30 10:07 B D:\LouisRoehrs\crosswordtool\templates\gameindex.thtml --> ed.webtv.net /usr/home/tpark/public_html/louis/crosswordtool/templates gameindex.thtml
97.09.30 10:07 B D:\LouisRoehrs\crosswordtool\templates\index.thtml --> ed.webtv.net /usr/home/tpark/public_html/louis/crosswordtool/templates index.thtml
97.09.30 10:07 B D:\LouisRoehrs\crosswordtool\templates\local.paths --> ed.webtv.net /usr/home/tpark/public_html/louis/crosswordtool/templates local.paths
97.09.30 10:07 B D:\LouisRoehrs\crosswordtool\templates\updated.thtml --> ed.webtv.net /usr/home/tpark/public_html/louis/crosswordtool/templates updated.thtml
97.09.30 10:07 B D:\LouisRoehrs\crosswordtool\templates\WS_FTP.LOG --> ed.webtv.net /usr/home/tpark/public_html/louis/crosswordtool/templates WS_FTP.LOG
97.10.13 12:27 B D:\LouisRoehrs\crosswordtool\templates\clue.thtml --> vp2.netgate.net /u1/vhome/louis/www/wtv/crosswordtool/templates clue.thtml
97.10.13 12:27 B D:\LouisRoehrs\crosswordtool\templates\clueblk.thtml --> vp2.netgate.net /u1/vhome/louis/www/wtv/crosswordtool/templates clueblk.thtml
97.10.13 12:27 B D:\LouisRoehrs\crosswordtool\templates\created.thtml --> vp2.netgate.net /u1/vhome/louis/www/wtv/crosswordtool/templates created.thtml
97.10.13 12:27 B D:\LouisRoehrs\crosswordtool\templates\crossword.thtml --> vp2.netgate.net /u1/vhome/louis/www/wtv/crosswordtool/templates crossword.thtml
97.10.13 12:27 B D:\LouisRoehrs\crosswordtool\templates\form.thtml --> vp2.netgate.net /u1/vhome/louis/www/wtv/crosswordtool/templates form.thtml
97.10.13 12:27 B D:\LouisRoehrs\crosswordtool\templates\gameindex.thtml --> vp2.netgate.net /u1/vhome/louis/www/wtv/crosswordtool/templates gameindex.thtml
97.10.13 12:27 B D:\LouisRoehrs\crosswordtool\templates\index.thtml --> vp2.netgate.net /u1/vhome/louis/www/wtv/crosswordtool/templates index.thtml
97.10.13 12:27 B D:\LouisRoehrs\crosswordtool\templates\local.paths --> vp2.netgate.net /u1/vhome/louis/www/wtv/crosswordtool/templates local.paths
97.10.13 12:27 B D:\LouisRoehrs\crosswordtool\templates\updated.thtml --> vp2.netgate.net /u1/vhome/louis/www/wtv/crosswordtool/templates updated.thtml
97.10.13 12:27 B D:\LouisRoehrs\crosswordtool\templates\WS_FTP.LOG --> vp2.netgate.net /u1/vhome/louis/www/wtv/crosswordtool/templates WS_FTP.LOG
97.10.21 19:51 B D:\LouisRoehrs\crosswordtool\templates\clue.thtml --> vp2.netgate.net /u1/vhome/louis/www/wtv/crosswordtool/templates clue.thtml
97.10.21 19:51 B D:\LouisRoehrs\crosswordtool\templates\clueblk.thtml --> vp2.netgate.net /u1/vhome/louis/www/wtv/crosswordtool/templates clueblk.thtml
97.10.21 19:51 B D:\LouisRoehrs\crosswordtool\templates\created.thtml --> vp2.netgate.net /u1/vhome/louis/www/wtv/crosswordtool/templates created.thtml
97.10.21 19:51 B D:\LouisRoehrs\crosswordtool\templates\crossword.thtml --> vp2.netgate.net /u1/vhome/louis/www/wtv/crosswordtool/templates crossword.thtml
97.10.21 19:51 B D:\LouisRoehrs\crosswordtool\templates\form.thtml --> vp2.netgate.net /u1/vhome/louis/www/wtv/crosswordtool/templates form.thtml
97.10.21 19:51 B D:\LouisRoehrs\crosswordtool\templates\gameindex.thtml --> vp2.netgate.net /u1/vhome/louis/www/wtv/crosswordtool/templates gameindex.thtml
97.10.21 19:51 B D:\LouisRoehrs\crosswordtool\templates\index.thtml --> vp2.netgate.net /u1/vhome/louis/www/wtv/crosswordtool/templates index.thtml
97.10.21 19:51 B D:\LouisRoehrs\crosswordtool\templates\local.paths --> vp2.netgate.net /u1/vhome/louis/www/wtv/crosswordtool/templates local.paths
97.10.21 19:51 B D:\LouisRoehrs\crosswordtool\templates\updated.thtml --> vp2.netgate.net /u1/vhome/louis/www/wtv/crosswordtool/templates updated.thtml
97.10.21 19:51 B D:\LouisRoehrs\crosswordtool\templates\WS_FTP.LOG --> vp2.netgate.net /u1/vhome/louis/www/wtv/crosswordtool/templates WS_FTP.LOG
97.10.24 18:30 B D:\LouisRoehrs\crosswordtool\templates\clue.thtml --> vp2.netgate.net /u1/vhome/louis/www/wtv/crosswordtool/templates clue.thtml
97.10.24 18:30 B D:\LouisRoehrs\crosswordtool\templates\clueblk.thtml --> vp2.netgate.net /u1/vhome/louis/www/wtv/crosswordtool/templates clueblk.thtml
97.10.24 18:30 B D:\LouisRoehrs\crosswordtool\templates\created.thtml --> vp2.netgate.net /u1/vhome/louis/www/wtv/crosswordtool/templates created.thtml
97.10.24 18:30 B D:\LouisRoehrs\crosswordtool\templates\crossword.thtml --> vp2.netgate.net /u1/vhome/louis/www/wtv/crosswordtool/templates crossword.thtml
97.10.24 18:30 B D:\LouisRoehrs\crosswordtool\templates\form.thtml --> vp2.netgate.net /u1/vhome/louis/www/wtv/crosswordtool/templates form.thtml
97.10.24 18:30 B D:\LouisRoehrs\crosswordtool\templates\gameindex.thtml --> vp2.netgate.net /u1/vhome/louis/www/wtv/crosswordtool/templates gameindex.thtml
97.10.24 18:30 B D:\LouisRoehrs\crosswordtool\templates\index.thtml --> vp2.netgate.net /u1/vhome/louis/www/wtv/crosswordtool/templates index.thtml
97.10.24 18:30 B D:\LouisRoehrs\crosswordtool\templates\local.paths --> vp2.netgate.net /u1/vhome/louis/www/wtv/crosswordtool/templates local.paths
97.10.24 18:30 B D:\LouisRoehrs\crosswordtool\templates\updated.thtml --> vp2.netgate.net /u1/vhome/louis/www/wtv/crosswordtool/templates updated.thtml
