98.04.20 19:28 B C:\Louis\msftgameaudio\beethoven_mailied_piano.mid <-- woofie /u1/vhome/louis/www/wtv/midi/webtv beethoven_mailied_piano.mid
98.04.20 19:28 B C:\Louis\msftgameaudio\berlioz_lile_inconnue.mid <-- woofie /u1/vhome/louis/www/wtv/midi/webtv berlioz_lile_inconnue.mid
98.04.20 19:28 B C:\Louis\msftgameaudio\Bogged Down Again.mid <-- woofie /u1/vhome/louis/www/wtv/midi/webtv Bogged Down Again.mid
98.04.20 19:28 B C:\Louis\msftgameaudio\BoggedDown.mid <-- woofie /u1/vhome/louis/www/wtv/midi/webtv BoggedDown.mid
98.04.20 19:28 B C:\Louis\msftgameaudio\brahms_der_gang.mid <-- woofie /u1/vhome/louis/www/wtv/midi/webtv brahms_der_gang.mid
98.04.20 19:28 B C:\Louis\msftgameaudio\brahms_eine_gute.mid <-- woofie /u1/vhome/louis/www/wtv/midi/webtv brahms_eine_gute.mid
98.04.20 19:28 B C:\Louis\msftgameaudio\brahms_pause.mid <-- woofie /u1/vhome/louis/www/wtv/midi/webtv brahms_pause.mid
98.04.20 19:28 B C:\Louis\msftgameaudio\brahms_salamander_voice.mid <-- woofie /u1/vhome/louis/www/wtv/midi/webtv brahms_salamander_voice.mid
98.04.20 19:28 B C:\Louis\msftgameaudio\brahms_sonntag.mid <-- woofie /u1/vhome/louis/www/wtv/midi/webtv brahms_sonntag.mid
98.04.20 19:28 B C:\Louis\msftgameaudio\brahms_wie_bist.mid <-- woofie /u1/vhome/louis/www/wtv/midi/webtv brahms_wie_bist.mid
98.04.20 19:28 B C:\Louis\msftgameaudio\BRASILIA.MID <-- woofie /u1/vhome/louis/www/wtv/midi/webtv BRASILIA.MID
98.04.20 19:28 B C:\Louis\msftgameaudio\burns_corn_rigs.mid <-- woofie /u1/vhome/louis/www/wtv/midi/webtv burns_corn_rigs.mid
98.04.20 19:28 B C:\Louis\msftgameaudio\burns_green_grow_rashes.mid <-- woofie /u1/vhome/louis/www/wtv/midi/webtv burns_green_grow_rashes.mid
98.04.20 19:28 B C:\Louis\msftgameaudio\burns_last_may_braw_wooer.mid <-- woofie /u1/vhome/louis/www/wtv/midi/webtv burns_last_may_braw_wooer.mid
98.04.20 19:28 B C:\Louis\msftgameaudio\burns_red_red_rose.mid <-- woofie /u1/vhome/louis/www/wtv/midi/webtv burns_red_red_rose.mid
98.04.20 19:28 B C:\Louis\msftgameaudio\cata_wtv.mid <-- woofie /u1/vhome/louis/www/wtv/midi/webtv cata_wtv.mid
98.04.20 19:28 B C:\Louis\msftgameaudio\Come On Inn.mid <-- woofie /u1/vhome/louis/www/wtv/midi/webtv Come On Inn.mid
98.04.20 19:28 B C:\Louis\msftgameaudio\CoolShad.mid <-- woofie /u1/vhome/louis/www/wtv/midi/webtv CoolShad.mid
98.04.20 19:28 B C:\Louis\msftgameaudio\Dancing.mid <-- woofie /u1/vhome/louis/www/wtv/midi/webtv Dancing.mid
98.04.20 19:28 B C:\Louis\msftgameaudio\Dark Game.mid <-- woofie /u1/vhome/louis/www/wtv/midi/webtv Dark Game.mid
98.04.20 19:28 B C:\Louis\msftgameaudio\DEERCROS.MID <-- woofie /u1/vhome/louis/www/wtv/midi/webtv DEERCROS.MID
98.04.20 19:28 B C:\Louis\msftgameaudio\Downtown.mid <-- woofie /u1/vhome/louis/www/wtv/midi/webtv Downtown.mid
98.04.20 19:28 B C:\Louis\msftgameaudio\faure_en_sourdine.mid <-- woofie /u1/vhome/louis/www/wtv/midi/webtv faure_en_sourdine.mid
98.04.20 19:29 B C:\Louis\msftgameaudio\faure_mandoline.mid <-- woofie /u1/vhome/louis/www/wtv/midi/webtv faure_mandoline.mid
98.04.20 19:29 B C:\Louis\msftgameaudio\Fever.mid <-- woofie /u1/vhome/louis/www/wtv/midi/webtv Fever.mid
98.04.20 19:29 B C:\Louis\msftgameaudio\flutey.mid <-- woofie /u1/vhome/louis/www/wtv/midi/webtv flutey.mid
98.04.20 19:29 B C:\Louis\msftgameaudio\Flutter.mid <-- woofie /u1/vhome/louis/www/wtv/midi/webtv Flutter.mid
98.04.20 19:29 B C:\Louis\msftgameaudio\flyin.html <-- woofie /u1/vhome/louis/www/wtv/midi/webtv flyin.html
98.04.20 19:29 B C:\Louis\msftgameaudio\georgy.mid <-- woofie /u1/vhome/louis/www/wtv/midi/webtv georgy.mid
98.04.20 19:29 B C:\Louis\msftgameaudio\Glasses.mid <-- woofie /u1/vhome/louis/www/wtv/midi/webtv Glasses.mid
98.04.20 19:29 B C:\Louis\msftgameaudio\GRLDREAM.MID <-- woofie /u1/vhome/louis/www/wtv/midi/webtv GRLDREAM.MID
98.04.20 19:29 B C:\Louis\msftgameaudio\Harry Rock.mid <-- woofie /u1/vhome/louis/www/wtv/midi/webtv Harry Rock.mid
98.04.20 19:29 B C:\Louis\msftgameaudio\HERBIE.MID <-- woofie /u1/vhome/louis/www/wtv/midi/webtv HERBIE.MID
98.04.20 19:29 B C:\Louis\msftgameaudio\home_wtv.mid <-- woofie /u1/vhome/louis/www/wtv/midi/webtv home_wtv.mid
98.04.20 19:29 B C:\Louis\msftgameaudio\Huffin Puffin.mid <-- woofie /u1/vhome/louis/www/wtv/midi/webtv Huffin Puffin.mid
98.04.20 19:29 B C:\Louis\msftgameaudio\I Can't Wait.mid <-- woofie /u1/vhome/louis/www/wtv/midi/webtv I Can't Wait.mid
98.04.20 19:29 B C:\Louis\msftgameaudio\I'll Get By.mid <-- woofie /u1/vhome/louis/www/wtv/midi/webtv I'll Get By.mid
98.04.20 19:29 B C:\Louis\msftgameaudio\I'm Busy.mid <-- woofie /u1/vhome/louis/www/wtv/midi/webtv I'm Busy.mid
98.04.20 19:29 B C:\Louis\msftgameaudio\Jazzin.mid <-- woofie /u1/vhome/louis/www/wtv/midi/webtv Jazzin.mid
98.04.20 19:29 B C:\Louis\msftgameaudio\JIVECOFE.MID <-- woofie /u1/vhome/louis/www/wtv/midi/webtv JIVECOFE.MID
98.04.20 19:29 B C:\Louis\msftgameaudio\jscape.mid <-- woofie /u1/vhome/louis/www/wtv/midi/webtv jscape.mid
98.04.20 19:29 B C:\Louis\msftgameaudio\just_wtv.mid <-- woofie /u1/vhome/louis/www/wtv/midi/webtv just_wtv.mid
98.04.20 19:29 B C:\Louis\msftgameaudio\Liz & Larry.mid <-- woofie /u1/vhome/louis/www/wtv/midi/webtv Liz & Larry.mid
98.04.20 19:29 B C:\Louis\msftgameaudio\mendelssohn_altdeutsches.mid <-- woofie /u1/vhome/louis/www/wtv/midi/webtv mendelssohn_altdeutsches.mid
98.04.20 19:29 B C:\Louis\msftgameaudio\Midterm.mid <-- woofie /u1/vhome/louis/www/wtv/midi/webtv Midterm.mid
98.04.20 19:29 B C:\Louis\msftgameaudio\Missin Summer.mid <-- woofie /u1/vhome/louis/www/wtv/midi/webtv Missin Summer.mid
98.04.20 19:29 B C:\Louis\msftgameaudio\MOOREA.MID <-- woofie /u1/vhome/louis/www/wtv/midi/webtv MOOREA.MID
98.04.20 19:29 B C:\Louis\msftgameaudio\Move Over.mid <-- woofie /u1/vhome/louis/www/wtv/midi/webtv Move Over.mid
98.04.20 19:29 B C:\Louis\msftgameaudio\mozart_dans.mid <-- woofie /u1/vhome/louis/www/wtv/midi/webtv mozart_dans.mid
98.04.20 19:29 B C:\Louis\msftgameaudio\mozart_deh_vieni.mid <-- woofie /u1/vhome/louis/www/wtv/midi/webtv mozart_deh_vieni.mid
98.04.20 19:29 B C:\Louis\msftgameaudio\mozart_die_kleine.mid <-- woofie /u1/vhome/louis/www/wtv/midi/webtv mozart_die_kleine.mid
98.04.20 19:29 B C:\Louis\msftgameaudio\nite_wtv.mid <-- woofie /u1/vhome/louis/www/wtv/midi/webtv nite_wtv.mid
98.04.20 19:29 B C:\Louis\msftgameaudio\OhImOnFire.mid <-- woofie /u1/vhome/louis/www/wtv/midi/webtv OhImOnFire.mid
98.04.20 19:29 B C:\Louis\msftgameaudio\olbo_wtv.mid <-- woofie /u1/vhome/louis/www/wtv/midi/webtv olbo_wtv.mid
98.04.20 19:29 B C:\Louis\msftgameaudio\Park It Here.mid <-- woofie /u1/vhome/louis/www/wtv/midi/webtv Park It Here.mid
98.04.20 19:29 B C:\Louis\msftgameaudio\Park Walk.mid <-- woofie /u1/vhome/louis/www/wtv/midi/webtv Park Walk.mid
98.04.20 19:29 B C:\Louis\msftgameaudio\PCH.MID <-- woofie /u1/vhome/louis/www/wtv/midi/webtv PCH.MID
98.04.20 19:29 B C:\Louis\msftgameaudio\pergolesi_se_tu.mid <-- woofie /u1/vhome/louis/www/wtv/midi/webtv pergolesi_se_tu.mid
98.04.20 19:29 B C:\Louis\msftgameaudio\pnojazz1.mid <-- woofie /u1/vhome/louis/www/wtv/midi/webtv pnojazz1.mid
98.04.20 19:29 B C:\Louis\msftgameaudio\pnojazz2.mid <-- woofie /u1/vhome/louis/www/wtv/midi/webtv pnojazz2.mid
98.04.20 19:29 B C:\Louis\msftgameaudio\Presentation.mid <-- woofie /u1/vhome/louis/www/wtv/midi/webtv Presentation.mid
98.04.20 19:29 B C:\Louis\msftgameaudio\PRUSSIAN.MID <-- woofie /u1/vhome/louis/www/wtv/midi/webtv PRUSSIAN.MID
98.04.20 19:29 B C:\Louis\msftgameaudio\Pundit.mid <-- woofie /u1/vhome/louis/www/wtv/midi/webtv Pundit.mid
98.04.20 19:29 B C:\Louis\msftgameaudio\Ricky Punk.mid <-- woofie /u1/vhome/louis/www/wtv/midi/webtv Ricky Punk.mid
98.04.20 19:29 B C:\Louis\msftgameaudio\ROADTRAV.MID <-- woofie /u1/vhome/louis/www/wtv/midi/webtv ROADTRAV.MID
98.04.20 19:29 B C:\Louis\msftgameaudio\Saunter.mid <-- woofie /u1/vhome/louis/www/wtv/midi/webtv Saunter.mid
98.04.20 19:29 B C:\Louis\msftgameaudio\schummann_walzer.mid <-- woofie /u1/vhome/louis/www/wtv/midi/webtv schummann_walzer.mid
98.04.20 19:29 B C:\Louis\msftgameaudio\Shadow Me.mid <-- woofie /u1/vhome/louis/www/wtv/midi/webtv Shadow Me.mid
98.04.20 19:29 B C:\Louis\msftgameaudio\She's Stubborn.mid <-- woofie /u1/vhome/louis/www/wtv/midi/webtv She's Stubborn.mid
98.04.20 19:29 B C:\Louis\msftgameaudio\shre_wtv.mid <-- woofie /u1/vhome/louis/www/wtv/midi/webtv shre_wtv.mid
98.04.20 19:29 B C:\Louis\msftgameaudio\Slow Day.mid <-- woofie /u1/vhome/louis/www/wtv/midi/webtv Slow Day.mid
98.04.20 19:29 B C:\Louis\msftgameaudio\sogrand.mid <-- woofie /u1/vhome/louis/www/wtv/midi/webtv sogrand.mid
98.04.20 19:29 B C:\Louis\msftgameaudio\star_wtv.mid <-- woofie /u1/vhome/louis/www/wtv/midi/webtv star_wtv.mid
98.04.20 19:29 B C:\Louis\msftgameaudio\Surge.mid <-- woofie /u1/vhome/louis/www/wtv/midi/webtv Surge.mid
98.04.20 19:29 B C:\Louis\msftgameaudio\swang.mid <-- woofie /u1/vhome/louis/www/wtv/midi/webtv swang.mid
98.04.20 19:29 B C:\Louis\msftgameaudio\Swing Set.mid <-- woofie /u1/vhome/louis/www/wtv/midi/webtv Swing Set.mid
98.04.20 19:29 B C:\Louis\msftgameaudio\tastywav.mid <-- woofie /u1/vhome/louis/www/wtv/midi/webtv tastywav.mid
98.04.20 19:29 B C:\Louis\msftgameaudio\Theme.mid <-- woofie /u1/vhome/louis/www/wtv/midi/webtv Theme.mid
98.04.20 19:29 B C:\Louis\msftgameaudio\Think.mid <-- woofie /u1/vhome/louis/www/wtv/midi/webtv Think.mid
98.04.20 19:29 B C:\Louis\msftgameaudio\trav_wtv.mid <-- woofie /u1/vhome/louis/www/wtv/midi/webtv trav_wtv.mid
98.04.20 19:30 B C:\Louis\msftgameaudio\Tumbling.mid <-- woofie /u1/vhome/louis/www/wtv/midi/webtv Tumbling.mid
98.04.20 19:30 B C:\Louis\msftgameaudio\undr_wtv.mid <-- woofie /u1/vhome/louis/www/wtv/midi/webtv undr_wtv.mid
98.04.20 19:30 B C:\Louis\msftgameaudio\Upping.mid <-- woofie /u1/vhome/louis/www/wtv/midi/webtv Upping.mid
98.04.20 19:30 B C:\Louis\msftgameaudio\wind1.mid <-- woofie /u1/vhome/louis/www/wtv/midi/webtv wind1.mid
98.04.20 19:30 B C:\Louis\msftgameaudio\xess.mid <-- woofie /u1/vhome/louis/www/wtv/midi/webtv xess.mid
98.04.20 19:43 B C:\Louis\msftgameaudio\beethoven_mailied_piano.mid --> www.woofie.com /u1/vhome/louis/www/wtv/msftgameaudio beethoven_mailied_piano.mid
98.04.20 19:43 B C:\Louis\msftgameaudio\berlioz_lile_inconnue.mid --> www.woofie.com /u1/vhome/louis/www/wtv/msftgameaudio berlioz_lile_inconnue.mid
98.04.20 19:43 B C:\Louis\msftgameaudio\Bogged Down Again.mid --> www.woofie.com /u1/vhome/louis/www/wtv/msftgameaudio Bogged Down Again.mid
98.04.20 19:43 B C:\Louis\msftgameaudio\BoggedDown.mid --> www.woofie.com /u1/vhome/louis/www/wtv/msftgameaudio BoggedDown.mid
98.04.20 19:43 B C:\Louis\msftgameaudio\brahms_der_gang.mid --> www.woofie.com /u1/vhome/louis/www/wtv/msftgameaudio brahms_der_gang.mid
98.04.20 19:43 B C:\Louis\msftgameaudio\brahms_eine_gute.mid --> www.woofie.com /u1/vhome/louis/www/wtv/msftgameaudio brahms_eine_gute.mid
98.04.20 19:43 B C:\Louis\msftgameaudio\brahms_pause.mid --> www.woofie.com /u1/vhome/louis/www/wtv/msftgameaudio brahms_pause.mid
98.04.20 19:43 B C:\Louis\msftgameaudio\brahms_salamander_voice.mid --> www.woofie.com /u1/vhome/louis/www/wtv/msftgameaudio brahms_salamander_voice.mid
98.04.20 19:43 B C:\Louis\msftgameaudio\brahms_sonntag.mid --> www.woofie.com /u1/vhome/louis/www/wtv/msftgameaudio brahms_sonntag.mid
98.04.20 19:43 B C:\Louis\msftgameaudio\brahms_wie_bist.mid --> www.woofie.com /u1/vhome/louis/www/wtv/msftgameaudio brahms_wie_bist.mid
98.04.20 19:43 B C:\Louis\msftgameaudio\BRASILIA.MID --> www.woofie.com /u1/vhome/louis/www/wtv/msftgameaudio BRASILIA.MID
98.04.20 19:43 B C:\Louis\msftgameaudio\burns_corn_rigs.mid --> www.woofie.com /u1/vhome/louis/www/wtv/msftgameaudio burns_corn_rigs.mid
98.04.20 19:44 B C:\Louis\msftgameaudio\burns_green_grow_rashes.mid --> www.woofie.com /u1/vhome/louis/www/wtv/msftgameaudio burns_green_grow_rashes.mid
98.04.20 19:44 B C:\Louis\msftgameaudio\burns_last_may_braw_wooer.mid --> www.woofie.com /u1/vhome/louis/www/wtv/msftgameaudio burns_last_may_braw_wooer.mid
98.04.20 19:44 B C:\Louis\msftgameaudio\burns_red_red_rose.mid --> www.woofie.com /u1/vhome/louis/www/wtv/msftgameaudio burns_red_red_rose.mid
98.04.20 19:44 B C:\Louis\msftgameaudio\cata_wtv.mid --> www.woofie.com /u1/vhome/louis/www/wtv/msftgameaudio cata_wtv.mid
98.04.20 19:44 B C:\Louis\msftgameaudio\Come On Inn.mid --> www.woofie.com /u1/vhome/louis/www/wtv/msftgameaudio Come On Inn.mid
98.04.20 19:44 B C:\Louis\msftgameaudio\CoolShad.mid --> www.woofie.com /u1/vhome/louis/www/wtv/msftgameaudio CoolShad.mid
98.04.20 19:44 B C:\Louis\msftgameaudio\Dancing.mid --> www.woofie.com /u1/vhome/louis/www/wtv/msftgameaudio Dancing.mid
98.04.20 19:44 B C:\Louis\msftgameaudio\Dark Game.mid --> www.woofie.com /u1/vhome/louis/www/wtv/msftgameaudio Dark Game.mid
98.04.20 19:44 B C:\Louis\msftgameaudio\DEERCROS.MID --> www.woofie.com /u1/vhome/louis/www/wtv/msftgameaudio DEERCROS.MID
98.04.20 19:44 B C:\Louis\msftgameaudio\Downtown.mid --> www.woofie.com /u1/vhome/louis/www/wtv/msftgameaudio Downtown.mid
98.04.20 19:44 B C:\Louis\msftgameaudio\faure_en_sourdine.mid --> www.woofie.com /u1/vhome/louis/www/wtv/msftgameaudio faure_en_sourdine.mid
98.04.20 19:44 B C:\Louis\msftgameaudio\faure_mandoline.mid --> www.woofie.com /u1/vhome/louis/www/wtv/msftgameaudio faure_mandoline.mid
98.04.20 19:44 B C:\Louis\msftgameaudio\beethoven_mailied_piano.mid --> homeless.artemis.com /home/content/webtv.disco/content/explore2d/programming/msftgameaudio beethoven_mailied_piano.mid
98.04.20 19:44 B C:\Louis\msftgameaudio\Fever.mid --> www.woofie.com /u1/vhome/louis/www/wtv/msftgameaudio Fever.mid
98.04.20 19:44 B C:\Louis\msftgameaudio\berlioz_lile_inconnue.mid --> homeless.artemis.com /home/content/webtv.disco/content/explore2d/programming/msftgameaudio berlioz_lile_inconnue.mid
98.04.20 19:44 B C:\Louis\msftgameaudio\Bogged Down Again.mid --> homeless.artemis.com /home/content/webtv.disco/content/explore2d/programming/msftgameaudio Bogged Down Again.mid
98.04.20 19:44 B C:\Louis\msftgameaudio\BoggedDown.mid --> homeless.artemis.com /home/content/webtv.disco/content/explore2d/programming/msftgameaudio BoggedDown.mid
98.04.20 19:44 B C:\Louis\msftgameaudio\brahms_der_gang.mid --> homeless.artemis.com /home/content/webtv.disco/content/explore2d/programming/msftgameaudio brahms_der_gang.mid
98.04.20 19:44 B C:\Louis\msftgameaudio\brahms_eine_gute.mid --> homeless.artemis.com /home/content/webtv.disco/content/explore2d/programming/msftgameaudio brahms_eine_gute.mid
98.04.20 19:44 B C:\Louis\msftgameaudio\brahms_pause.mid --> homeless.artemis.com /home/content/webtv.disco/content/explore2d/programming/msftgameaudio brahms_pause.mid
98.04.20 19:44 B C:\Louis\msftgameaudio\brahms_salamander_voice.mid --> homeless.artemis.com /home/content/webtv.disco/content/explore2d/programming/msftgameaudio brahms_salamander_voice.mid
98.04.20 19:44 B C:\Louis\msftgameaudio\brahms_sonntag.mid --> homeless.artemis.com /home/content/webtv.disco/content/explore2d/programming/msftgameaudio brahms_sonntag.mid
98.04.20 19:44 B C:\Louis\msftgameaudio\brahms_wie_bist.mid --> homeless.artemis.com /home/content/webtv.disco/content/explore2d/programming/msftgameaudio brahms_wie_bist.mid
98.04.20 19:44 B C:\Louis\msftgameaudio\BRASILIA.MID --> homeless.artemis.com /home/content/webtv.disco/content/explore2d/programming/msftgameaudio BRASILIA.MID
98.04.20 19:44 B C:\Louis\msftgameaudio\flutey.mid --> www.woofie.com /u1/vhome/louis/www/wtv/msftgameaudio flutey.mid
98.04.20 19:44 B C:\Louis\msftgameaudio\burns_corn_rigs.mid --> homeless.artemis.com /home/content/webtv.disco/content/explore2d/programming/msftgameaudio burns_corn_rigs.mid
98.04.20 19:44 B C:\Louis\msftgameaudio\burns_green_grow_rashes.mid --> homeless.artemis.com /home/content/webtv.disco/content/explore2d/programming/msftgameaudio burns_green_grow_rashes.mid
98.04.20 19:44 B C:\Louis\msftgameaudio\burns_last_may_braw_wooer.mid --> homeless.artemis.com /home/content/webtv.disco/content/explore2d/programming/msftgameaudio burns_last_may_braw_wooer.mid
98.04.20 19:44 B C:\Louis\msftgameaudio\burns_red_red_rose.mid --> homeless.artemis.com /home/content/webtv.disco/content/explore2d/programming/msftgameaudio burns_red_red_rose.mid
98.04.20 19:44 B C:\Louis\msftgameaudio\cata_wtv.mid --> homeless.artemis.com /home/content/webtv.disco/content/explore2d/programming/msftgameaudio cata_wtv.mid
98.04.20 19:44 B C:\Louis\msftgameaudio\Come On Inn.mid --> homeless.artemis.com /home/content/webtv.disco/content/explore2d/programming/msftgameaudio Come On Inn.mid
98.04.20 19:44 B C:\Louis\msftgameaudio\CoolShad.mid --> homeless.artemis.com /home/content/webtv.disco/content/explore2d/programming/msftgameaudio CoolShad.mid
98.04.20 19:44 B C:\Louis\msftgameaudio\Flutter.mid --> www.woofie.com /u1/vhome/louis/www/wtv/msftgameaudio Flutter.mid
98.04.20 19:44 B C:\Louis\msftgameaudio\Dancing.mid --> homeless.artemis.com /home/content/webtv.disco/content/explore2d/programming/msftgameaudio Dancing.mid
98.04.20 19:44 B C:\Louis\msftgameaudio\Dark Game.mid --> homeless.artemis.com /home/content/webtv.disco/content/explore2d/programming/msftgameaudio Dark Game.mid
98.04.20 19:44 B C:\Louis\msftgameaudio\DEERCROS.MID --> homeless.artemis.com /home/content/webtv.disco/content/explore2d/programming/msftgameaudio DEERCROS.MID
98.04.20 19:44 B C:\Louis\msftgameaudio\flyin.html --> www.woofie.com /u1/vhome/louis/www/wtv/msftgameaudio flyin.html
98.04.20 19:44 B C:\Louis\msftgameaudio\Downtown.mid --> homeless.artemis.com /home/content/webtv.disco/content/explore2d/programming/msftgameaudio Downtown.mid
98.04.20 19:44 B C:\Louis\msftgameaudio\faure_en_sourdine.mid --> homeless.artemis.com /home/content/webtv.disco/content/explore2d/programming/msftgameaudio faure_en_sourdine.mid
98.04.20 19:44 B C:\Louis\msftgameaudio\faure_mandoline.mid --> homeless.artemis.com /home/content/webtv.disco/content/explore2d/programming/msftgameaudio faure_mandoline.mid
98.04.20 19:44 B C:\Louis\msftgameaudio\Fever.mid --> homeless.artemis.com /home/content/webtv.disco/content/explore2d/programming/msftgameaudio Fever.mid
98.04.20 19:44 B C:\Louis\msftgameaudio\flutey.mid --> homeless.artemis.com /home/content/webtv.disco/content/explore2d/programming/msftgameaudio flutey.mid
98.04.20 19:44 B C:\Louis\msftgameaudio\georgy.mid --> www.woofie.com /u1/vhome/louis/www/wtv/msftgameaudio georgy.mid
98.04.20 19:44 B C:\Louis\msftgameaudio\Flutter.mid --> homeless.artemis.com /home/content/webtv.disco/content/explore2d/programming/msftgameaudio Flutter.mid
98.04.20 19:44 B C:\Louis\msftgameaudio\flyin.html --> homeless.artemis.com /home/content/webtv.disco/content/explore2d/programming/msftgameaudio flyin.html
98.04.20 19:44 B C:\Louis\msftgameaudio\georgy.mid --> homeless.artemis.com /home/content/webtv.disco/content/explore2d/programming/msftgameaudio georgy.mid
98.04.20 19:44 B C:\Louis\msftgameaudio\Glasses.mid --> homeless.artemis.com /home/content/webtv.disco/content/explore2d/programming/msftgameaudio Glasses.mid
98.04.20 19:44 B C:\Louis\msftgameaudio\GRLDREAM.MID --> homeless.artemis.com /home/content/webtv.disco/content/explore2d/programming/msftgameaudio GRLDREAM.MID
98.04.20 19:44 B C:\Louis\msftgameaudio\Harry Rock.mid --> homeless.artemis.com /home/content/webtv.disco/content/explore2d/programming/msftgameaudio Harry Rock.mid
98.04.20 19:44 B C:\Louis\msftgameaudio\HERBIE.MID --> homeless.artemis.com /home/content/webtv.disco/content/explore2d/programming/msftgameaudio HERBIE.MID
98.04.20 19:44 B C:\Louis\msftgameaudio\home_wtv.mid --> homeless.artemis.com /home/content/webtv.disco/content/explore2d/programming/msftgameaudio home_wtv.mid
98.04.20 19:44 B C:\Louis\msftgameaudio\Huffin Puffin.mid --> homeless.artemis.com /home/content/webtv.disco/content/explore2d/programming/msftgameaudio Huffin Puffin.mid
98.04.20 19:44 B C:\Louis\msftgameaudio\I Can't Wait.mid --> homeless.artemis.com /home/content/webtv.disco/content/explore2d/programming/msftgameaudio I Can't Wait.mid
98.04.20 19:44 B C:\Louis\msftgameaudio\I'll Get By.mid --> homeless.artemis.com /home/content/webtv.disco/content/explore2d/programming/msftgameaudio I'll Get By.mid
98.04.20 19:44 B C:\Louis\msftgameaudio\I'm Busy.mid --> homeless.artemis.com /home/content/webtv.disco/content/explore2d/programming/msftgameaudio I'm Busy.mid
98.04.20 19:44 B C:\Louis\msftgameaudio\Jazzin.mid --> homeless.artemis.com /home/content/webtv.disco/content/explore2d/programming/msftgameaudio Jazzin.mid
98.04.20 19:44 B C:\Louis\msftgameaudio\JIVECOFE.MID --> homeless.artemis.com /home/content/webtv.disco/content/explore2d/programming/msftgameaudio JIVECOFE.MID
98.04.20 19:44 B C:\Louis\msftgameaudio\jscape.mid --> homeless.artemis.com /home/content/webtv.disco/content/explore2d/programming/msftgameaudio jscape.mid
98.04.20 19:44 B C:\Louis\msftgameaudio\just_wtv.mid --> homeless.artemis.com /home/content/webtv.disco/content/explore2d/programming/msftgameaudio just_wtv.mid
98.04.20 19:44 B C:\Louis\msftgameaudio\Glasses.mid --> www.woofie.com /u1/vhome/louis/www/wtv/msftgameaudio Glasses.mid
98.04.20 19:44 B C:\Louis\msftgameaudio\Liz & Larry.mid --> homeless.artemis.com /home/content/webtv.disco/content/explore2d/programming/msftgameaudio Liz & Larry.mid
98.04.20 19:44 B C:\Louis\msftgameaudio\mendelssohn_altdeutsches.mid --> homeless.artemis.com /home/content/webtv.disco/content/explore2d/programming/msftgameaudio mendelssohn_altdeutsches.mid
98.04.20 19:44 B C:\Louis\msftgameaudio\Midterm.mid --> homeless.artemis.com /home/content/webtv.disco/content/explore2d/programming/msftgameaudio Midterm.mid
98.04.20 19:44 B C:\Louis\msftgameaudio\Missin Summer.mid --> homeless.artemis.com /home/content/webtv.disco/content/explore2d/programming/msftgameaudio Missin Summer.mid
98.04.20 19:44 B C:\Louis\msftgameaudio\MOOREA.MID --> homeless.artemis.com /home/content/webtv.disco/content/explore2d/programming/msftgameaudio MOOREA.MID
98.04.20 19:44 B C:\Louis\msftgameaudio\Move Over.mid --> homeless.artemis.com /home/content/webtv.disco/content/explore2d/programming/msftgameaudio Move Over.mid
98.04.20 19:44 B C:\Louis\msftgameaudio\mozart_dans.mid --> homeless.artemis.com /home/content/webtv.disco/content/explore2d/programming/msftgameaudio mozart_dans.mid
98.04.20 19:44 B C:\Louis\msftgameaudio\GRLDREAM.MID --> www.woofie.com /u1/vhome/louis/www/wtv/msftgameaudio GRLDREAM.MID
98.04.20 19:44 B C:\Louis\msftgameaudio\mozart_deh_vieni.mid --> homeless.artemis.com /home/content/webtv.disco/content/explore2d/programming/msftgameaudio mozart_deh_vieni.mid
98.04.20 19:44 B C:\Louis\msftgameaudio\mozart_die_kleine.mid --> homeless.artemis.com /home/content/webtv.disco/content/explore2d/programming/msftgameaudio mozart_die_kleine.mid
98.04.20 19:44 B C:\Louis\msftgameaudio\nite_wtv.mid --> homeless.artemis.com /home/content/webtv.disco/content/explore2d/programming/msftgameaudio nite_wtv.mid
98.04.20 19:44 B C:\Louis\msftgameaudio\OhImOnFire.mid --> homeless.artemis.com /home/content/webtv.disco/content/explore2d/programming/msftgameaudio OhImOnFire.mid
98.04.20 19:44 B C:\Louis\msftgameaudio\Harry Rock.mid --> www.woofie.com /u1/vhome/louis/www/wtv/msftgameaudio Harry Rock.mid
98.04.20 19:44 B C:\Louis\msftgameaudio\olbo_wtv.mid --> homeless.artemis.com /home/content/webtv.disco/content/explore2d/programming/msftgameaudio olbo_wtv.mid
98.04.20 19:44 B C:\Louis\msftgameaudio\Park It Here.mid --> homeless.artemis.com /home/content/webtv.disco/content/explore2d/programming/msftgameaudio Park It Here.mid
98.04.20 19:44 B C:\Louis\msftgameaudio\Park Walk.mid --> homeless.artemis.com /home/content/webtv.disco/content/explore2d/programming/msftgameaudio Park Walk.mid
98.04.20 19:44 B C:\Louis\msftgameaudio\PCH.MID --> homeless.artemis.com /home/content/webtv.disco/content/explore2d/programming/msftgameaudio PCH.MID
98.04.20 19:44 B C:\Louis\msftgameaudio\pergolesi_se_tu.mid --> homeless.artemis.com /home/content/webtv.disco/content/explore2d/programming/msftgameaudio pergolesi_se_tu.mid
98.04.20 19:44 B C:\Louis\msftgameaudio\HERBIE.MID --> www.woofie.com /u1/vhome/louis/www/wtv/msftgameaudio HERBIE.MID
98.04.20 19:44 B C:\Louis\msftgameaudio\pnojazz1.mid --> homeless.artemis.com /home/content/webtv.disco/content/explore2d/programming/msftgameaudio pnojazz1.mid
98.04.20 19:44 B C:\Louis\msftgameaudio\pnojazz2.mid --> homeless.artemis.com /home/content/webtv.disco/content/explore2d/programming/msftgameaudio pnojazz2.mid
98.04.20 19:44 B C:\Louis\msftgameaudio\Presentation.mid --> homeless.artemis.com /home/content/webtv.disco/content/explore2d/programming/msftgameaudio Presentation.mid
98.04.20 19:44 B C:\Louis\msftgameaudio\PRUSSIAN.MID --> homeless.artemis.com /home/content/webtv.disco/content/explore2d/programming/msftgameaudio PRUSSIAN.MID
98.04.20 19:44 B C:\Louis\msftgameaudio\Pundit.mid --> homeless.artemis.com /home/content/webtv.disco/content/explore2d/programming/msftgameaudio Pundit.mid
98.04.20 19:44 B C:\Louis\msftgameaudio\home_wtv.mid --> www.woofie.com /u1/vhome/louis/www/wtv/msftgameaudio home_wtv.mid
98.04.20 19:44 B C:\Louis\msftgameaudio\Ricky Punk.mid --> homeless.artemis.com /home/content/webtv.disco/content/explore2d/programming/msftgameaudio Ricky Punk.mid
98.04.20 19:44 B C:\Louis\msftgameaudio\ROADTRAV.MID --> homeless.artemis.com /home/content/webtv.disco/content/explore2d/programming/msftgameaudio ROADTRAV.MID
98.04.20 19:44 B C:\Louis\msftgameaudio\Saunter.mid --> homeless.artemis.com /home/content/webtv.disco/content/explore2d/programming/msftgameaudio Saunter.mid
98.04.20 19:44 B C:\Louis\msftgameaudio\schummann_walzer.mid --> homeless.artemis.com /home/content/webtv.disco/content/explore2d/programming/msftgameaudio schummann_walzer.mid
98.04.20 19:44 B C:\Louis\msftgameaudio\Shadow Me.mid --> homeless.artemis.com /home/content/webtv.disco/content/explore2d/programming/msftgameaudio Shadow Me.mid
98.04.20 19:44 B C:\Louis\msftgameaudio\Huffin Puffin.mid --> www.woofie.com /u1/vhome/louis/www/wtv/msftgameaudio Huffin Puffin.mid
98.04.20 19:44 B C:\Louis\msftgameaudio\She's Stubborn.mid --> homeless.artemis.com /home/content/webtv.disco/content/explore2d/programming/msftgameaudio She's Stubborn.mid
98.04.20 19:44 B C:\Louis\msftgameaudio\shre_wtv.mid --> homeless.artemis.com /home/content/webtv.disco/content/explore2d/programming/msftgameaudio shre_wtv.mid
98.04.20 19:44 B C:\Louis\msftgameaudio\Slow Day.mid --> homeless.artemis.com /home/content/webtv.disco/content/explore2d/programming/msftgameaudio Slow Day.mid
98.04.20 19:44 B C:\Louis\msftgameaudio\sogrand.mid --> homeless.artemis.com /home/content/webtv.disco/content/explore2d/programming/msftgameaudio sogrand.mid
98.04.20 19:44 B C:\Louis\msftgameaudio\star_wtv.mid --> homeless.artemis.com /home/content/webtv.disco/content/explore2d/programming/msftgameaudio star_wtv.mid
98.04.20 19:44 B C:\Louis\msftgameaudio\Surge.mid --> homeless.artemis.com /home/content/webtv.disco/content/explore2d/programming/msftgameaudio Surge.mid
98.04.20 19:44 B C:\Louis\msftgameaudio\I Can't Wait.mid --> www.woofie.com /u1/vhome/louis/www/wtv/msftgameaudio I Can't Wait.mid
98.04.20 19:44 B C:\Louis\msftgameaudio\swang.mid --> homeless.artemis.com /home/content/webtv.disco/content/explore2d/programming/msftgameaudio swang.mid
98.04.20 19:44 B C:\Louis\msftgameaudio\Swing Set.mid --> homeless.artemis.com /home/content/webtv.disco/content/explore2d/programming/msftgameaudio Swing Set.mid
98.04.20 19:44 B C:\Louis\msftgameaudio\tastywav.mid --> homeless.artemis.com /home/content/webtv.disco/content/explore2d/programming/msftgameaudio tastywav.mid
98.04.20 19:44 B C:\Louis\msftgameaudio\Theme.mid --> homeless.artemis.com /home/content/webtv.disco/content/explore2d/programming/msftgameaudio Theme.mid
98.04.20 19:44 B C:\Louis\msftgameaudio\Think.mid --> homeless.artemis.com /home/content/webtv.disco/content/explore2d/programming/msftgameaudio Think.mid
98.04.20 19:44 B C:\Louis\msftgameaudio\trav_wtv.mid --> homeless.artemis.com /home/content/webtv.disco/content/explore2d/programming/msftgameaudio trav_wtv.mid
98.04.20 19:44 B C:\Louis\msftgameaudio\I'll Get By.mid --> www.woofie.com /u1/vhome/louis/www/wtv/msftgameaudio I'll Get By.mid
98.04.20 19:44 B C:\Louis\msftgameaudio\Tumbling.mid --> homeless.artemis.com /home/content/webtv.disco/content/explore2d/programming/msftgameaudio Tumbling.mid
98.04.20 19:44 B C:\Louis\msftgameaudio\undr_wtv.mid --> homeless.artemis.com /home/content/webtv.disco/content/explore2d/programming/msftgameaudio undr_wtv.mid
98.04.20 19:44 B C:\Louis\msftgameaudio\Upping.mid --> homeless.artemis.com /home/content/webtv.disco/content/explore2d/programming/msftgameaudio Upping.mid
98.04.20 19:44 B C:\Louis\msftgameaudio\wind1.mid --> homeless.artemis.com /home/content/webtv.disco/content/explore2d/programming/msftgameaudio wind1.mid
98.04.20 19:44 B C:\Louis\msftgameaudio\WS_FTP.LOG --> homeless.artemis.com /home/content/webtv.disco/content/explore2d/programming/msftgameaudio WS_FTP.LOG
98.04.20 19:44 B C:\Louis\msftgameaudio\xess.mid --> homeless.artemis.com /home/content/webtv.disco/content/explore2d/programming/msftgameaudio xess.mid
98.04.20 19:44 B C:\Louis\msftgameaudio\I'm Busy.mid --> www.woofie.com /u1/vhome/louis/www/wtv/msftgameaudio I'm Busy.mid
98.04.20 19:44 B C:\Louis\msftgameaudio\Jazzin.mid --> www.woofie.com /u1/vhome/louis/www/wtv/msftgameaudio Jazzin.mid
98.04.20 19:44 B C:\Louis\msftgameaudio\JIVECOFE.MID --> www.woofie.com /u1/vhome/louis/www/wtv/msftgameaudio JIVECOFE.MID
98.04.20 19:44 B C:\Louis\msftgameaudio\jscape.mid --> www.woofie.com /u1/vhome/louis/www/wtv/msftgameaudio jscape.mid
98.04.20 19:44 B C:\Louis\msftgameaudio\just_wtv.mid --> www.woofie.com /u1/vhome/louis/www/wtv/msftgameaudio just_wtv.mid
98.04.20 19:44 B C:\Louis\msftgameaudio\Liz & Larry.mid --> www.woofie.com /u1/vhome/louis/www/wtv/msftgameaudio Liz & Larry.mid
98.04.20 19:44 B C:\Louis\msftgameaudio\mendelssohn_altdeutsches.mid --> www.woofie.com /u1/vhome/louis/www/wtv/msftgameaudio mendelssohn_altdeutsches.mid
98.04.20 19:44 B C:\Louis\msftgameaudio\Midterm.mid --> www.woofie.com /u1/vhome/louis/www/wtv/msftgameaudio Midterm.mid
98.04.20 19:44 B C:\Louis\msftgameaudio\Missin Summer.mid --> www.woofie.com /u1/vhome/louis/www/wtv/msftgameaudio Missin Summer.mid
98.04.20 19:44 B C:\Louis\msftgameaudio\MOOREA.MID --> www.woofie.com /u1/vhome/louis/www/wtv/msftgameaudio MOOREA.MID
98.04.20 19:45 B C:\Louis\msftgameaudio\Move Over.mid --> www.woofie.com /u1/vhome/louis/www/wtv/msftgameaudio Move Over.mid
98.04.20 19:45 B C:\Louis\msftgameaudio\mozart_dans.mid --> www.woofie.com /u1/vhome/louis/www/wtv/msftgameaudio mozart_dans.mid
98.04.20 19:45 B C:\Louis\msftgameaudio\mozart_deh_vieni.mid --> www.woofie.com /u1/vhome/louis/www/wtv/msftgameaudio mozart_deh_vieni.mid
98.04.20 19:45 B C:\Louis\msftgameaudio\mozart_die_kleine.mid --> www.woofie.com /u1/vhome/louis/www/wtv/msftgameaudio mozart_die_kleine.mid
98.04.20 19:45 B C:\Louis\msftgameaudio\nite_wtv.mid --> www.woofie.com /u1/vhome/louis/www/wtv/msftgameaudio nite_wtv.mid
98.04.20 19:45 B C:\Louis\msftgameaudio\OhImOnFire.mid --> www.woofie.com /u1/vhome/louis/www/wtv/msftgameaudio OhImOnFire.mid
98.04.20 19:45 B C:\Louis\msftgameaudio\olbo_wtv.mid --> www.woofie.com /u1/vhome/louis/www/wtv/msftgameaudio olbo_wtv.mid
98.04.20 19:45 B C:\Louis\msftgameaudio\Park It Here.mid --> www.woofie.com /u1/vhome/louis/www/wtv/msftgameaudio Park It Here.mid
98.04.20 19:45 B C:\Louis\msftgameaudio\Park Walk.mid --> www.woofie.com /u1/vhome/louis/www/wtv/msftgameaudio Park Walk.mid
98.04.20 19:45 B C:\Louis\msftgameaudio\PCH.MID --> www.woofie.com /u1/vhome/louis/www/wtv/msftgameaudio PCH.MID
98.04.20 19:45 B C:\Louis\msftgameaudio\pergolesi_se_tu.mid --> www.woofie.com /u1/vhome/louis/www/wtv/msftgameaudio pergolesi_se_tu.mid
98.04.20 19:45 B C:\Louis\msftgameaudio\pnojazz1.mid --> www.woofie.com /u1/vhome/louis/www/wtv/msftgameaudio pnojazz1.mid
98.04.20 19:45 B C:\Louis\msftgameaudio\pnojazz2.mid --> www.woofie.com /u1/vhome/louis/www/wtv/msftgameaudio pnojazz2.mid
98.04.20 19:45 B C:\Louis\msftgameaudio\Presentation.mid --> www.woofie.com /u1/vhome/louis/www/wtv/msftgameaudio Presentation.mid
98.04.20 19:45 B C:\Louis\msftgameaudio\PRUSSIAN.MID --> www.woofie.com /u1/vhome/louis/www/wtv/msftgameaudio PRUSSIAN.MID
98.04.20 19:45 B C:\Louis\msftgameaudio\Pundit.mid --> www.woofie.com /u1/vhome/louis/www/wtv/msftgameaudio Pundit.mid
98.04.20 19:45 B C:\Louis\msftgameaudio\Ricky Punk.mid --> www.woofie.com /u1/vhome/louis/www/wtv/msftgameaudio Ricky Punk.mid
98.04.20 19:45 B C:\Louis\msftgameaudio\ROADTRAV.MID --> www.woofie.com /u1/vhome/louis/www/wtv/msftgameaudio ROADTRAV.MID
98.04.20 19:45 B C:\Louis\msftgameaudio\Saunter.mid --> www.woofie.com /u1/vhome/louis/www/wtv/msftgameaudio Saunter.mid
98.04.20 19:45 B C:\Louis\msftgameaudio\schummann_walzer.mid --> www.woofie.com /u1/vhome/louis/www/wtv/msftgameaudio schummann_walzer.mid
98.04.20 19:45 B C:\Louis\msftgameaudio\Shadow Me.mid --> www.woofie.com /u1/vhome/louis/www/wtv/msftgameaudio Shadow Me.mid
98.04.20 19:45 B C:\Louis\msftgameaudio\She's Stubborn.mid --> www.woofie.com /u1/vhome/louis/www/wtv/msftgameaudio She's Stubborn.mid
98.04.20 19:45 B C:\Louis\msftgameaudio\shre_wtv.mid --> www.woofie.com /u1/vhome/louis/www/wtv/msftgameaudio shre_wtv.mid
98.04.20 19:45 B C:\Louis\msftgameaudio\Slow Day.mid --> www.woofie.com /u1/vhome/louis/www/wtv/msftgameaudio Slow Day.mid
98.04.20 19:45 B C:\Louis\msftgameaudio\sogrand.mid --> www.woofie.com /u1/vhome/louis/www/wtv/msftgameaudio sogrand.mid
98.04.20 19:45 B C:\Louis\msftgameaudio\star_wtv.mid --> www.woofie.com /u1/vhome/louis/www/wtv/msftgameaudio star_wtv.mid
98.04.20 19:45 B C:\Louis\msftgameaudio\Surge.mid --> www.woofie.com /u1/vhome/louis/www/wtv/msftgameaudio Surge.mid
98.04.20 19:45 B C:\Louis\msftgameaudio\swang.mid --> www.woofie.com /u1/vhome/louis/www/wtv/msftgameaudio swang.mid
98.04.20 19:45 B C:\Louis\msftgameaudio\Swing Set.mid --> www.woofie.com /u1/vhome/louis/www/wtv/msftgameaudio Swing Set.mid
98.04.20 19:45 B C:\Louis\msftgameaudio\tastywav.mid --> www.woofie.com /u1/vhome/louis/www/wtv/msftgameaudio tastywav.mid
98.04.20 19:45 B C:\Louis\msftgameaudio\Theme.mid --> www.woofie.com /u1/vhome/louis/www/wtv/msftgameaudio Theme.mid
98.04.20 19:45 B C:\Louis\msftgameaudio\Think.mid --> www.woofie.com /u1/vhome/louis/www/wtv/msftgameaudio Think.mid
98.04.20 19:45 B C:\Louis\msftgameaudio\trav_wtv.mid --> www.woofie.com /u1/vhome/louis/www/wtv/msftgameaudio trav_wtv.mid
98.04.20 19:45 B C:\Louis\msftgameaudio\Tumbling.mid --> www.woofie.com /u1/vhome/louis/www/wtv/msftgameaudio Tumbling.mid
98.04.20 19:45 B C:\Louis\msftgameaudio\undr_wtv.mid --> www.woofie.com /u1/vhome/louis/www/wtv/msftgameaudio undr_wtv.mid
98.04.20 19:45 B C:\Louis\msftgameaudio\Upping.mid --> www.woofie.com /u1/vhome/louis/www/wtv/msftgameaudio Upping.mid
98.04.20 19:45 B C:\Louis\msftgameaudio\wind1.mid --> www.woofie.com /u1/vhome/louis/www/wtv/msftgameaudio wind1.mid
