98.02.02 15:14 B C:\Louis\wordfind\flash\wordfindflyin.spl <-- content /home/content/webtv.disco/content/explore2d/programming/wordfind/flash wordfindflyin.spl
98.02.02 17:27 B C:\Louis\wordfind\flash\wordfind.spl --> homeless.artemis.com /home/content/webtv.disco/content/explore2d/programming/wordfind/flash wordfind.spl
98.02.02 17:29 B C:\Louis\wordfind\flash\wordfind.fla --> www.woofie.com /u1/vhome/louis/www/wtv/wordfind/flash wordfind.fla
98.02.02 17:29 B C:\Louis\wordfind\flash\wordfind.spl --> www.woofie.com /u1/vhome/louis/www/wtv/wordfind/flash wordfind.spl
98.02.02 17:29 B C:\Louis\wordfind\flash\wordfindflyin.spl --> www.woofie.com /u1/vhome/louis/www/wtv/wordfind/flash wordfindflyin.spl
98.02.02 17:29 B C:\Louis\wordfind\flash\WS_FTP.LOG --> www.woofie.com /u1/vhome/louis/www/wtv/wordfind/flash WS_FTP.LOG
98.02.17 13:02 B C:\Louis\wordfind\flash\WF.spl <-- content /home/content/webtv.disco/content/explore2d/programming/demo/flash WF.spl
98.02.17 13:04 B C:\Louis\wordfind\flash\WF.spl --> homeless.artemis.com /home/content/webtv.disco/content/explore2d/programming/wordfind/flash WF.spl
98.02.19 19:52 B C:\Louis\wordfind\flash\WF.spl --> www.woofie.com /u1/vhome/louis/www/wtv/wordfind/flash WF.spl
98.02.19 19:52 B C:\Louis\wordfind\flash\wordfind.fla --> www.woofie.com /u1/vhome/louis/www/wtv/wordfind/flash wordfind.fla
98.02.19 19:52 B C:\Louis\wordfind\flash\wordfind.spl --> www.woofie.com /u1/vhome/louis/www/wtv/wordfind/flash wordfind.spl
98.02.19 19:52 B C:\Louis\wordfind\flash\wordfindflyin.spl --> www.woofie.com /u1/vhome/louis/www/wtv/wordfind/flash wordfindflyin.spl
98.02.19 19:52 B C:\Louis\wordfind\flash\WS_FTP.LOG --> www.woofie.com /u1/vhome/louis/www/wtv/wordfind/flash WS_FTP.LOG
98.05.05 15:29 B C:\Louis\wordfind\flash\youwin.fla <-- content /home/content/webtv.disco/content/explore2d/programming/wordfind/flash youwin.fla
98.05.05 15:29 B C:\Louis\wordfind\flash\youwin.spl <-- content /home/content/webtv.disco/content/explore2d/programming/wordfind/flash youwin.spl
98.05.05 15:31 B C:\Louis\wordfind\flash\youwin.fla <-- content /home/content/webtv.disco/content/explore2d/programming/wordfind/flash youwin.fla
98.05.05 15:31 B C:\Louis\wordfind\flash\youwin.spl <-- content /home/content/webtv.disco/content/explore2d/programming/wordfind/flash youwin.spl
98.05.19 14:47 B C:\Louis\wordfind\flash\WF.spl --> homeless.artemis.com /home/content/webtv.disco/content/explore2d/programming/wordfind/flash WF.spl
98.05.19 14:47 B C:\Louis\wordfind\flash\wordfind.fla --> homeless.artemis.com /home/content/webtv.disco/content/explore2d/programming/wordfind/flash wordfind.fla
98.05.19 14:47 B C:\Louis\wordfind\flash\wordfind.spl --> homeless.artemis.com /home/content/webtv.disco/content/explore2d/programming/wordfind/flash wordfind.spl
98.05.19 14:47 B C:\Louis\wordfind\flash\wordfindflyin.spl --> homeless.artemis.com /home/content/webtv.disco/content/explore2d/programming/wordfind/flash wordfindflyin.spl
98.05.19 14:47 B C:\Louis\wordfind\flash\WS_FTP.LOG --> homeless.artemis.com /home/content/webtv.disco/content/explore2d/programming/wordfind/flash WS_FTP.LOG
98.05.19 14:47 B C:\Louis\wordfind\flash\youwin.fla --> homeless.artemis.com /home/content/webtv.disco/content/explore2d/programming/wordfind/flash youwin.fla
98.05.19 14:47 B C:\Louis\wordfind\flash\youwin.spl --> homeless.artemis.com /home/content/webtv.disco/content/explore2d/programming/wordfind/flash youwin.spl
98.05.21 17:36 B C:\Louis\wordfind\flash\WF.spl --> www.woofie.com /u1/vhome/louis/www/wtv/wordfind/flash WF.spl
98.05.21 17:37 B C:\Louis\wordfind\flash\wordfind.fla --> www.woofie.com /u1/vhome/louis/www/wtv/wordfind/flash wordfind.fla
98.05.21 17:37 B C:\Louis\wordfind\flash\wordfind.spl --> www.woofie.com /u1/vhome/louis/www/wtv/wordfind/flash wordfind.spl
98.05.21 17:37 B C:\Louis\wordfind\flash\wordfindflyin.spl --> www.woofie.com /u1/vhome/louis/www/wtv/wordfind/flash wordfindflyin.spl
