97.10.01 16:43 B D:\LouisRoehrs\19971006cars\general1.html <-- AEd /usr/home/tpark/public_html/triviapub/general/19971006cars general1.html
97.10.01 16:43 B D:\LouisRoehrs\19971006cars\general10.html <-- AEd /usr/home/tpark/public_html/triviapub/general/19971006cars general10.html
97.10.01 16:43 B D:\LouisRoehrs\19971006cars\general11.html <-- AEd /usr/home/tpark/public_html/triviapub/general/19971006cars general11.html
97.10.01 16:43 B D:\LouisRoehrs\19971006cars\general2.html <-- AEd /usr/home/tpark/public_html/triviapub/general/19971006cars general2.html
97.10.01 16:43 B D:\LouisRoehrs\19971006cars\general3.html <-- AEd /usr/home/tpark/public_html/triviapub/general/19971006cars general3.html
97.10.01 16:43 B D:\LouisRoehrs\19971006cars\general4.html <-- AEd /usr/home/tpark/public_html/triviapub/general/19971006cars general4.html
97.10.01 16:43 B D:\LouisRoehrs\19971006cars\general5.html <-- AEd /usr/home/tpark/public_html/triviapub/general/19971006cars general5.html
97.10.01 16:43 B D:\LouisRoehrs\19971006cars\general6.html <-- AEd /usr/home/tpark/public_html/triviapub/general/19971006cars general6.html
97.10.01 16:43 B D:\LouisRoehrs\19971006cars\general7.html <-- AEd /usr/home/tpark/public_html/triviapub/general/19971006cars general7.html
97.10.01 16:43 B D:\LouisRoehrs\19971006cars\general8.html <-- AEd /usr/home/tpark/public_html/triviapub/general/19971006cars general8.html
97.10.01 16:43 B D:\LouisRoehrs\19971006cars\general9.html <-- AEd /usr/home/tpark/public_html/triviapub/general/19971006cars general9.html
97.10.01 16:43 B D:\LouisRoehrs\19971006cars\index.html <-- AEd /usr/home/tpark/public_html/triviapub/general/19971006cars index.html
97.10.13 12:26 B D:\LouisRoehrs\19971006cars\general1.html --> vp2.netgate.net /u1/vhome/louis/www/wtv/19971006cars general1.html
97.10.13 12:26 B D:\LouisRoehrs\19971006cars\general10.html --> vp2.netgate.net /u1/vhome/louis/www/wtv/19971006cars general10.html
97.10.13 12:26 B D:\LouisRoehrs\19971006cars\general11.html --> vp2.netgate.net /u1/vhome/louis/www/wtv/19971006cars general11.html
97.10.13 12:26 B D:\LouisRoehrs\19971006cars\general2.html --> vp2.netgate.net /u1/vhome/louis/www/wtv/19971006cars general2.html
97.10.13 12:26 B D:\LouisRoehrs\19971006cars\general3.html --> vp2.netgate.net /u1/vhome/louis/www/wtv/19971006cars general3.html
97.10.13 12:26 B D:\LouisRoehrs\19971006cars\general4.html --> vp2.netgate.net /u1/vhome/louis/www/wtv/19971006cars general4.html
97.10.13 12:26 B D:\LouisRoehrs\19971006cars\general5.html --> vp2.netgate.net /u1/vhome/louis/www/wtv/19971006cars general5.html
97.10.13 12:26 B D:\LouisRoehrs\19971006cars\general6.html --> vp2.netgate.net /u1/vhome/louis/www/wtv/19971006cars general6.html
97.10.13 12:26 B D:\LouisRoehrs\19971006cars\general7.html --> vp2.netgate.net /u1/vhome/louis/www/wtv/19971006cars general7.html
97.10.13 12:26 B D:\LouisRoehrs\19971006cars\general8.html --> vp2.netgate.net /u1/vhome/louis/www/wtv/19971006cars general8.html
97.10.13 12:26 B D:\LouisRoehrs\19971006cars\general9.html --> vp2.netgate.net /u1/vhome/louis/www/wtv/19971006cars general9.html
97.10.13 12:26 B D:\LouisRoehrs\19971006cars\index.html --> vp2.netgate.net /u1/vhome/louis/www/wtv/19971006cars index.html
97.10.13 12:26 B D:\LouisRoehrs\19971006cars\WS_FTP.LOG --> vp2.netgate.net /u1/vhome/louis/www/wtv/19971006cars WS_FTP.LOG
97.10.21 19:49 B D:\LouisRoehrs\19971006cars\general1.html --> vp2.netgate.net /u1/vhome/louis/www/wtv/19971006cars general1.html
97.10.21 19:49 B D:\LouisRoehrs\19971006cars\general10.html --> vp2.netgate.net /u1/vhome/louis/www/wtv/19971006cars general10.html
97.10.21 19:49 B D:\LouisRoehrs\19971006cars\general11.html --> vp2.netgate.net /u1/vhome/louis/www/wtv/19971006cars general11.html
97.10.21 19:49 B D:\LouisRoehrs\19971006cars\general2.html --> vp2.netgate.net /u1/vhome/louis/www/wtv/19971006cars general2.html
97.10.21 19:49 B D:\LouisRoehrs\19971006cars\general3.html --> vp2.netgate.net /u1/vhome/louis/www/wtv/19971006cars general3.html
97.10.21 19:50 B D:\LouisRoehrs\19971006cars\general4.html --> vp2.netgate.net /u1/vhome/louis/www/wtv/19971006cars general4.html
97.10.21 19:50 B D:\LouisRoehrs\19971006cars\general5.html --> vp2.netgate.net /u1/vhome/louis/www/wtv/19971006cars general5.html
97.10.21 19:50 B D:\LouisRoehrs\19971006cars\general6.html --> vp2.netgate.net /u1/vhome/louis/www/wtv/19971006cars general6.html
97.10.21 19:50 B D:\LouisRoehrs\19971006cars\general7.html --> vp2.netgate.net /u1/vhome/louis/www/wtv/19971006cars general7.html
97.10.21 19:50 B D:\LouisRoehrs\19971006cars\general8.html --> vp2.netgate.net /u1/vhome/louis/www/wtv/19971006cars general8.html
97.10.21 19:50 B D:\LouisRoehrs\19971006cars\general9.html --> vp2.netgate.net /u1/vhome/louis/www/wtv/19971006cars general9.html
97.10.21 19:50 B D:\LouisRoehrs\19971006cars\index.html --> vp2.netgate.net /u1/vhome/louis/www/wtv/19971006cars index.html
97.10.21 19:50 B D:\LouisRoehrs\19971006cars\WS_FTP.LOG --> vp2.netgate.net /u1/vhome/louis/www/wtv/19971006cars WS_FTP.LOG
97.10.24 18:12 B D:\LouisRoehrs\19971006cars\general1.html --> vp2.netgate.net /u1/vhome/louis/www/wtv/19971006cars general1.html
97.10.24 18:13 B D:\LouisRoehrs\19971006cars\general10.html --> vp2.netgate.net /u1/vhome/louis/www/wtv/19971006cars general10.html
97.10.24 18:13 B D:\LouisRoehrs\19971006cars\general11.html --> vp2.netgate.net /u1/vhome/louis/www/wtv/19971006cars general11.html
97.10.24 18:13 B D:\LouisRoehrs\19971006cars\general2.html --> vp2.netgate.net /u1/vhome/louis/www/wtv/19971006cars general2.html
97.10.24 18:13 B D:\LouisRoehrs\19971006cars\general3.html --> vp2.netgate.net /u1/vhome/louis/www/wtv/19971006cars general3.html
97.10.24 18:13 B D:\LouisRoehrs\19971006cars\general4.html --> vp2.netgate.net /u1/vhome/louis/www/wtv/19971006cars general4.html
97.10.24 18:13 B D:\LouisRoehrs\19971006cars\general5.html --> vp2.netgate.net /u1/vhome/louis/www/wtv/19971006cars general5.html
97.10.24 18:13 B D:\LouisRoehrs\19971006cars\general6.html --> vp2.netgate.net /u1/vhome/louis/www/wtv/19971006cars general6.html
97.10.24 18:13 B D:\LouisRoehrs\19971006cars\general7.html --> vp2.netgate.net /u1/vhome/louis/www/wtv/19971006cars general7.html
97.10.24 18:13 B D:\LouisRoehrs\19971006cars\general8.html --> vp2.netgate.net /u1/vhome/louis/www/wtv/19971006cars general8.html
97.10.24 18:13 B D:\LouisRoehrs\19971006cars\general9.html --> vp2.netgate.net /u1/vhome/louis/www/wtv/19971006cars general9.html
97.10.24 18:13 B D:\LouisRoehrs\19971006cars\index.html --> vp2.netgate.net /u1/vhome/louis/www/wtv/19971006cars index.html
97.10.24 18:13 B D:\LouisRoehrs\19971006cars\WS_FTP.LOG --> vp2.netgate.net /u1/vhome/louis/www/wtv/19971006cars WS_FTP.LOG
97.10.24 18:16 B D:\LouisRoehrs\19971006cars\general1.html --> vp2.netgate.net /u1/vhome/louis/www/wtv/19971006cars general1.html
97.10.24 18:16 B D:\LouisRoehrs\19971006cars\general10.html --> vp2.netgate.net /u1/vhome/louis/www/wtv/19971006cars general10.html
97.10.24 18:16 B D:\LouisRoehrs\19971006cars\general11.html --> vp2.netgate.net /u1/vhome/louis/www/wtv/19971006cars general11.html
97.10.24 18:16 B D:\LouisRoehrs\19971006cars\general2.html --> vp2.netgate.net /u1/vhome/louis/www/wtv/19971006cars general2.html
97.10.24 18:16 B D:\LouisRoehrs\19971006cars\general3.html --> vp2.netgate.net /u1/vhome/louis/www/wtv/19971006cars general3.html
97.10.24 18:16 B D:\LouisRoehrs\19971006cars\general4.html --> vp2.netgate.net /u1/vhome/louis/www/wtv/19971006cars general4.html
97.10.24 18:16 B D:\LouisRoehrs\19971006cars\general5.html --> vp2.netgate.net /u1/vhome/louis/www/wtv/19971006cars general5.html
97.10.24 18:16 B D:\LouisRoehrs\19971006cars\general6.html --> vp2.netgate.net /u1/vhome/louis/www/wtv/19971006cars general6.html
97.10.24 18:16 B D:\LouisRoehrs\19971006cars\general7.html --> vp2.netgate.net /u1/vhome/louis/www/wtv/19971006cars general7.html
97.10.24 18:16 B D:\LouisRoehrs\19971006cars\general8.html --> vp2.netgate.net /u1/vhome/louis/www/wtv/19971006cars general8.html
97.10.24 18:16 B D:\LouisRoehrs\19971006cars\general9.html --> vp2.netgate.net /u1/vhome/louis/www/wtv/19971006cars general9.html
97.10.24 18:16 B D:\LouisRoehrs\19971006cars\index.html --> vp2.netgate.net /u1/vhome/louis/www/wtv/19971006cars index.html
