97.09.25 21:44 B C:\AWork\AWebSites\WebTVGames\makeamatch\images\ALLSTAR.GIF --> vp2.netgate.net /u1/vhome/louis/www/makeamatch/images ALLSTAR.GIF
97.09.25 21:44 B C:\AWork\AWebSites\WebTVGames\makeamatch\images\cover.gif --> vp2.netgate.net /u1/vhome/louis/www/makeamatch/images cover.gif
97.09.25 21:44 B C:\AWork\AWebSites\WebTVGames\makeamatch\images\HINT.GIF --> vp2.netgate.net /u1/vhome/louis/www/makeamatch/images HINT.GIF
97.09.25 21:44 B C:\AWork\AWebSites\WebTVGames\makeamatch\images\logo.gif --> vp2.netgate.net /u1/vhome/louis/www/makeamatch/images logo.gif
97.09.25 21:44 B C:\AWork\AWebSites\WebTVGames\makeamatch\images\PLAY.GIF --> vp2.netgate.net /u1/vhome/louis/www/makeamatch/images PLAY.GIF
97.09.25 21:44 B C:\AWork\AWebSites\WebTVGames\makeamatch\images\playagain.gif --> vp2.netgate.net /u1/vhome/louis/www/makeamatch/images playagain.gif
97.09.25 21:44 B C:\AWork\AWebSites\WebTVGames\makeamatch\images\QUIT.GIF --> vp2.netgate.net /u1/vhome/louis/www/makeamatch/images QUIT.GIF
97.09.25 21:44 B C:\AWork\AWebSites\WebTVGames\makeamatch\images\RESTART.GIF --> vp2.netgate.net /u1/vhome/louis/www/makeamatch/images RESTART.GIF
97.09.25 21:44 B C:\AWork\AWebSites\WebTVGames\makeamatch\images\SOLVE.GIF --> vp2.netgate.net /u1/vhome/louis/www/makeamatch/images SOLVE.GIF
97.09.25 21:44 B C:\AWork\AWebSites\WebTVGames\makeamatch\images\TRYAGAIN.GIF --> vp2.netgate.net /u1/vhome/louis/www/makeamatch/images TRYAGAIN.GIF
97.09.29 13:05 B C:\AWork\AWebSites\WebTVGames\makeamatch\images\ALLSTAR.GIF --> vp2.netgate.net /u1/vhome/louis/www/makeamatch/images ALLSTAR.GIF
97.09.29 13:05 B C:\AWork\AWebSites\WebTVGames\makeamatch\images\cover.gif --> vp2.netgate.net /u1/vhome/louis/www/makeamatch/images cover.gif
97.09.29 13:05 B C:\AWork\AWebSites\WebTVGames\makeamatch\images\HINT.GIF --> vp2.netgate.net /u1/vhome/louis/www/makeamatch/images HINT.GIF
97.09.29 13:05 B C:\AWork\AWebSites\WebTVGames\makeamatch\images\logo.gif --> vp2.netgate.net /u1/vhome/louis/www/makeamatch/images logo.gif
97.09.29 13:05 B C:\AWork\AWebSites\WebTVGames\makeamatch\images\PLAY.GIF --> vp2.netgate.net /u1/vhome/louis/www/makeamatch/images PLAY.GIF
97.09.29 13:05 B C:\AWork\AWebSites\WebTVGames\makeamatch\images\playagain.gif --> vp2.netgate.net /u1/vhome/louis/www/makeamatch/images playagain.gif
97.09.29 13:05 B C:\AWork\AWebSites\WebTVGames\makeamatch\images\QUIT.GIF --> vp2.netgate.net /u1/vhome/louis/www/makeamatch/images QUIT.GIF
97.09.29 13:05 B C:\AWork\AWebSites\WebTVGames\makeamatch\images\RESTART.GIF --> vp2.netgate.net /u1/vhome/louis/www/makeamatch/images RESTART.GIF
97.09.29 13:05 B C:\AWork\AWebSites\WebTVGames\makeamatch\images\SOLVE.GIF --> vp2.netgate.net /u1/vhome/louis/www/makeamatch/images SOLVE.GIF
97.09.29 13:06 B C:\AWork\AWebSites\WebTVGames\makeamatch\images\TRYAGAIN.GIF --> vp2.netgate.net /u1/vhome/louis/www/makeamatch/images TRYAGAIN.GIF
97.09.29 15:44 B D:\LouisRoehrs\makeamatch\images\WS_FTP.LOG <-- AWoofie /u1/vhome/louis/www/makeamatch/images WS_FTP.LOG
97.09.29 15:56 B D:\LouisRoehrs\makeamatch\images\ALLSTAR.GIF --> ed.webtv.net /usr/home/tpark/public_html/louis/makeamatch/images ALLSTAR.GIF
97.09.29 15:56 B D:\LouisRoehrs\makeamatch\images\cover.gif --> ed.webtv.net /usr/home/tpark/public_html/louis/makeamatch/images cover.gif
97.09.29 15:56 B D:\LouisRoehrs\makeamatch\images\HINT.GIF --> ed.webtv.net /usr/home/tpark/public_html/louis/makeamatch/images HINT.GIF
97.09.29 15:56 B D:\LouisRoehrs\makeamatch\images\logo.gif --> ed.webtv.net /usr/home/tpark/public_html/louis/makeamatch/images logo.gif
97.09.29 15:56 B D:\LouisRoehrs\makeamatch\images\PLAY.GIF --> ed.webtv.net /usr/home/tpark/public_html/louis/makeamatch/images PLAY.GIF
97.09.29 15:56 B D:\LouisRoehrs\makeamatch\images\playagain.gif --> ed.webtv.net /usr/home/tpark/public_html/louis/makeamatch/images playagain.gif
97.09.29 15:56 B D:\LouisRoehrs\makeamatch\images\QUIT.GIF --> ed.webtv.net /usr/home/tpark/public_html/louis/makeamatch/images QUIT.GIF
97.09.29 15:56 B D:\LouisRoehrs\makeamatch\images\RESTART.GIF --> ed.webtv.net /usr/home/tpark/public_html/louis/makeamatch/images RESTART.GIF
97.09.29 15:56 B D:\LouisRoehrs\makeamatch\images\SOLVE.GIF --> ed.webtv.net /usr/home/tpark/public_html/louis/makeamatch/images SOLVE.GIF
97.09.29 15:56 B D:\LouisRoehrs\makeamatch\images\TRYAGAIN.GIF --> ed.webtv.net /usr/home/tpark/public_html/louis/makeamatch/images TRYAGAIN.GIF
97.09.29 15:56 B D:\LouisRoehrs\makeamatch\images\WS_FTP.LOG --> ed.webtv.net /usr/home/tpark/public_html/louis/makeamatch/images WS_FTP.LOG
97.09.29 16:05 B D:\LouisRoehrs\makeamatch\images\allstar.gif --> ed.webtv.net /usr/home/tpark/public_html/louis/makeamatch/images allstar.gif
97.09.29 16:05 B D:\LouisRoehrs\makeamatch\images\cover.gif --> ed.webtv.net /usr/home/tpark/public_html/louis/makeamatch/images cover.gif
97.09.29 16:05 B D:\LouisRoehrs\makeamatch\images\hint.gif --> ed.webtv.net /usr/home/tpark/public_html/louis/makeamatch/images hint.gif
97.09.29 16:05 B D:\LouisRoehrs\makeamatch\images\logo.gif --> ed.webtv.net /usr/home/tpark/public_html/louis/makeamatch/images logo.gif
97.09.29 16:11 B D:\LouisRoehrs\makeamatch\images\restart.gif --> ed.webtv.net /usr/home/tpark/public_html/louis/makeamatch/images restart.gif
97.09.29 16:12 B D:\LouisRoehrs\makeamatch\images\quit.gif --> ed.webtv.net /usr/home/tpark/public_html/louis/makeamatch/images quit.gif
97.09.29 16:12 B D:\LouisRoehrs\makeamatch\images\solve.gif --> ed.webtv.net /usr/home/tpark/public_html/louis/makeamatch/images solve.gif
97.09.29 16:12 B D:\LouisRoehrs\makeamatch\images\tryagain.gif --> ed.webtv.net /usr/home/tpark/public_html/louis/makeamatch/images tryagain.gif
97.09.29 16:31 B D:\LouisRoehrs\makeamatch\images\flatcover.gif --> ed.webtv.net /usr/home/tpark/public_html/louis/makeamatch/images flatcover.gif
97.09.29 20:38 B D:\LouisRoehrs\makeamatch\images\allstar.gif --> vp2.netgate.net /u1/vhome/louis/www/makeamatch/images allstar.gif
97.09.29 20:38 B D:\LouisRoehrs\makeamatch\images\cover.gif --> vp2.netgate.net /u1/vhome/louis/www/makeamatch/images cover.gif
97.09.29 20:38 B D:\LouisRoehrs\makeamatch\images\flatcover.gif --> vp2.netgate.net /u1/vhome/louis/www/makeamatch/images flatcover.gif
97.09.29 20:38 B D:\LouisRoehrs\makeamatch\images\hint.gif --> vp2.netgate.net /u1/vhome/louis/www/makeamatch/images hint.gif
97.09.29 20:38 B D:\LouisRoehrs\makeamatch\images\logo.gif --> vp2.netgate.net /u1/vhome/louis/www/makeamatch/images logo.gif
97.09.29 20:38 B D:\LouisRoehrs\makeamatch\images\play.gif --> vp2.netgate.net /u1/vhome/louis/www/makeamatch/images play.gif
97.09.29 20:38 B D:\LouisRoehrs\makeamatch\images\playagain.gif --> vp2.netgate.net /u1/vhome/louis/www/makeamatch/images playagain.gif
97.09.29 20:38 B D:\LouisRoehrs\makeamatch\images\quit.gif --> vp2.netgate.net /u1/vhome/louis/www/makeamatch/images quit.gif
97.09.29 20:38 B D:\LouisRoehrs\makeamatch\images\restart.gif --> vp2.netgate.net /u1/vhome/louis/www/makeamatch/images restart.gif
97.09.29 20:38 B D:\LouisRoehrs\makeamatch\images\solve.gif --> vp2.netgate.net /u1/vhome/louis/www/makeamatch/images solve.gif
97.09.29 20:38 B D:\LouisRoehrs\makeamatch\images\tryagain.gif --> vp2.netgate.net /u1/vhome/louis/www/makeamatch/images tryagain.gif
97.09.29 20:38 B D:\LouisRoehrs\makeamatch\images\WS_FTP.LOG --> vp2.netgate.net /u1/vhome/louis/www/makeamatch/images WS_FTP.LOG
97.09.30 17:21 B D:\LouisRoehrs\makeamatch\images\spacer.gif --> ed.webtv.net /usr/home/tpark/public_html/louis/makeamatch/images spacer.gif
97.10.01 19:06 B D:\LouisRoehrs\makeamatch\images\playergo.gif --> ed.webtv.net /usr/home/tpark/public_html/louis/makeamatch/images playergo.gif
97.10.01 19:11 B D:\LouisRoehrs\makeamatch\images\playergo.gif --> ed.webtv.net /usr/home/tpark/public_html/louis/makeamatch/images playergo.gif
97.10.01 19:21 B D:\LouisRoehrs\makeamatch\images\playergo.gif --> ed.webtv.net /usr/home/tpark/public_html/louis/makeamatch/images playergo.gif
97.10.01 19:51 B D:\LouisRoehrs\makeamatch\images\playergo.gif --> ed.webtv.net /usr/home/tpark/public_html/louis/makeamatch/images playergo.gif
97.10.01 19:53 B D:\LouisRoehrs\makeamatch\images\playergo.gif --> ed.webtv.net /usr/home/tpark/public_html/louis/makeamatch/images playergo.gif
97.10.01 19:59 B D:\LouisRoehrs\makeamatch\images\playergo.gif --> ed.webtv.net /usr/home/tpark/public_html/louis/makeamatch/images playergo.gif
97.10.01 20:00 B D:\LouisRoehrs\makeamatch\images\playergo.gif --> ed.webtv.net /usr/home/tpark/public_html/louis/makeamatch/images playergo.gif
97.10.01 20:01 B D:\LouisRoehrs\makeamatch\images\playergo.gif --> ed.webtv.net /usr/home/tpark/public_html/louis/makeamatch/images playergo.gif
97.10.01 20:02 B D:\LouisRoehrs\makeamatch\images\playergo.gif --> ed.webtv.net /usr/home/tpark/public_html/louis/makeamatch/images playergo.gif
97.10.01 20:03 B D:\LouisRoehrs\makeamatch\images\playergo.gif --> ed.webtv.net /usr/home/tpark/public_html/louis/makeamatch/images playergo.gif
97.10.01 20:05 B D:\LouisRoehrs\makeamatch\images\playergo.gif --> ed.webtv.net /usr/home/tpark/public_html/louis/makeamatch/images playergo.gif
97.10.01 20:06 B D:\LouisRoehrs\makeamatch\images\playergo.gif --> ed.webtv.net /usr/home/tpark/public_html/louis/makeamatch/images playergo.gif
97.10.01 20:07 B D:\LouisRoehrs\makeamatch\images\playergo.gif --> ed.webtv.net /usr/home/tpark/public_html/louis/makeamatch/images playergo.gif
97.10.07 19:44 B D:\LouisRoehrs\makeamatch\images\cover.gif --> ed.webtv.net /usr/home/tpark/public_html/louis/makeamatch/images cover.gif
97.10.07 19:49 B D:\LouisRoehrs\makeamatch\images\cover1.gif --> ed.webtv.net /usr/home/tpark/public_html/louis/makeamatch/images cover1.gif
97.10.07 19:49 B D:\LouisRoehrs\makeamatch\images\cover.gif --> ed.webtv.net /usr/home/tpark/public_html/louis/makeamatch/images cover.gif
97.10.07 19:51 B D:\LouisRoehrs\makeamatch\images\cover.gif --> ed.webtv.net /usr/home/tpark/public_html/louis/makeamatch/images cover.gif
97.10.07 19:51 B D:\LouisRoehrs\makeamatch\images\cover.gif --> ed.webtv.net /usr/home/tpark/public_html/louis/makeamatch/images cover.gif
97.10.07 20:47 B D:\LouisRoehrs\makeamatch\images\bluecover.gif --> ed.webtv.net /usr/home/tpark/public_html/louis/makeamatch/images bluecover.gif
97.10.07 21:41 B D:\LouisRoehrs\makeamatch\images\cover1.gif --> ed.webtv.net /usr/home/tpark/public_html/louis/makeamatch/images cover1.gif
97.10.07 21:42 B D:\LouisRoehrs\makeamatch\images\cover1.gif --> ed.webtv.net /usr/home/tpark/public_html/louis/makeamatch/images cover1.gif
97.10.07 21:56 B D:\LouisRoehrs\makeamatch\images\cover.gif --> ed.webtv.net /usr/home/tpark/public_html/louis/makeamatch/images cover.gif
97.10.09 09:33 B D:\LouisRoehrs\makeamatch\images\greendot.gif --> ed.webtv.net /usr/home/tpark/public_html/louis/makeamatch/images greendot.gif
97.10.09 09:34 B D:\LouisRoehrs\makeamatch\images\greendot.gif --> ed.webtv.net /usr/home/tpark/public_html/louis/makeamatch/images greendot.gif
97.10.09 09:51 B D:\LouisRoehrs\makeamatch\images\greendot.gif --> ed.webtv.net /usr/home/tpark/public_html/louis/makeamatch/images greendot.gif
97.10.09 09:54 B D:\LouisRoehrs\makeamatch\images\greendot.gif --> ed.webtv.net /usr/home/tpark/public_html/louis/makeamatch/images greendot.gif
97.10.09 10:11 B D:\LouisRoehrs\makeamatch\images\cover55.gif --> ed.webtv.net /usr/home/tpark/public_html/louis/makeamatch/images cover55.gif
97.10.09 10:11 B D:\LouisRoehrs\makeamatch\images\greendot.gif --> ed.webtv.net /usr/home/tpark/public_html/louis/makeamatch/images greendot.gif
97.10.09 10:16 B D:\LouisRoehrs\makeamatch\images\cover55.gif --> ed.webtv.net /usr/home/tpark/public_html/louis/makeamatch/images cover55.gif
97.10.09 22:33 B D:\LouisRoehrs\makeamatch\images\pingpongball.swf --> ed.webtv.net /usr/home/tpark/public_html/louis/makeamatch pingpongball.swf
97.10.09 22:57 B D:\LouisRoehrs\makeamatch\images\pingpongball.swf --> ed.webtv.net /usr/home/tpark/public_html/louis/makeamatch/images pingpongball.swf
97.10.09 22:58 B D:\LouisRoehrs\makeamatch\images\pingpongball.swf --> ed.webtv.net /usr/home/tpark/public_html/louis/makeamatch/images pingpongball.swf
97.10.10 01:18 B D:\LouisRoehrs\makeamatch\images\cover55bg.gif --> ed.webtv.net /usr/home/tpark/public_html/louis/makeamatch/images cover55bg.gif
97.10.13 12:29 B D:\LouisRoehrs\makeamatch\images\allstar.gif --> vp2.netgate.net /u1/vhome/louis/www/wtv/makeamatch/images allstar.gif
97.10.13 12:29 B D:\LouisRoehrs\makeamatch\images\bluecover.gif --> vp2.netgate.net /u1/vhome/louis/www/wtv/makeamatch/images bluecover.gif
97.10.13 12:29 B D:\LouisRoehrs\makeamatch\images\cover.gif --> vp2.netgate.net /u1/vhome/louis/www/wtv/makeamatch/images cover.gif
97.10.13 12:29 B D:\LouisRoehrs\makeamatch\images\cover1.gif --> vp2.netgate.net /u1/vhome/louis/www/wtv/makeamatch/images cover1.gif
97.10.13 12:29 B D:\LouisRoehrs\makeamatch\images\cover55.gif --> vp2.netgate.net /u1/vhome/louis/www/wtv/makeamatch/images cover55.gif
97.10.13 12:29 B D:\LouisRoehrs\makeamatch\images\cover55bg.gif --> vp2.netgate.net /u1/vhome/louis/www/wtv/makeamatch/images cover55bg.gif
97.10.13 12:29 B D:\LouisRoehrs\makeamatch\images\flatcover.gif --> vp2.netgate.net /u1/vhome/louis/www/wtv/makeamatch/images flatcover.gif
97.10.13 12:29 B D:\LouisRoehrs\makeamatch\images\greendot.gif --> vp2.netgate.net /u1/vhome/louis/www/wtv/makeamatch/images greendot.gif
97.10.13 12:29 B D:\LouisRoehrs\makeamatch\images\hint.gif --> vp2.netgate.net /u1/vhome/louis/www/wtv/makeamatch/images hint.gif
97.10.13 12:29 B D:\LouisRoehrs\makeamatch\images\logo.gif --> vp2.netgate.net /u1/vhome/louis/www/wtv/makeamatch/images logo.gif
97.10.13 12:29 B D:\LouisRoehrs\makeamatch\images\pingpongball.fla --> vp2.netgate.net /u1/vhome/louis/www/wtv/makeamatch/images pingpongball.fla
97.10.13 12:29 B D:\LouisRoehrs\makeamatch\images\pingpongball.swf --> vp2.netgate.net /u1/vhome/louis/www/wtv/makeamatch/images pingpongball.swf
97.10.13 12:29 B D:\LouisRoehrs\makeamatch\images\play.gif --> vp2.netgate.net /u1/vhome/louis/www/wtv/makeamatch/images play.gif
97.10.13 12:29 B D:\LouisRoehrs\makeamatch\images\playagain.gif --> vp2.netgate.net /u1/vhome/louis/www/wtv/makeamatch/images playagain.gif
97.10.13 12:29 B D:\LouisRoehrs\makeamatch\images\playergo.gif --> vp2.netgate.net /u1/vhome/louis/www/wtv/makeamatch/images playergo.gif
97.10.13 12:29 B D:\LouisRoehrs\makeamatch\images\playergosm.gif --> vp2.netgate.net /u1/vhome/louis/www/wtv/makeamatch/images playergosm.gif
97.10.13 12:29 B D:\LouisRoehrs\makeamatch\images\playergougly.gif --> vp2.netgate.net /u1/vhome/louis/www/wtv/makeamatch/images playergougly.gif
97.10.13 12:29 B D:\LouisRoehrs\makeamatch\images\quit.gif --> vp2.netgate.net /u1/vhome/louis/www/wtv/makeamatch/images quit.gif
97.10.13 12:29 B D:\LouisRoehrs\makeamatch\images\restart.gif --> vp2.netgate.net /u1/vhome/louis/www/wtv/makeamatch/images restart.gif
97.10.13 12:29 B D:\LouisRoehrs\makeamatch\images\solve.gif --> vp2.netgate.net /u1/vhome/louis/www/wtv/makeamatch/images solve.gif
97.10.13 12:29 B D:\LouisRoehrs\makeamatch\images\spacer.gif --> vp2.netgate.net /u1/vhome/louis/www/wtv/makeamatch/images spacer.gif
97.10.13 12:29 B D:\LouisRoehrs\makeamatch\images\tryagain.gif --> vp2.netgate.net /u1/vhome/louis/www/wtv/makeamatch/images tryagain.gif
97.10.13 12:29 B D:\LouisRoehrs\makeamatch\images\WS_FTP.LOG --> vp2.netgate.net /u1/vhome/louis/www/wtv/makeamatch/images WS_FTP.LOG
97.10.14 16:31 B D:\LouisRoehrs\makeamatch\images\allstar.gif --> best.com /webx/web2/louisr/public_html/makeamatch/images allstar.gif
97.10.14 16:31 B D:\LouisRoehrs\makeamatch\images\bluecover.gif --> best.com /webx/web2/louisr/public_html/makeamatch/images bluecover.gif
97.10.14 16:31 B D:\LouisRoehrs\makeamatch\images\cover.gif --> best.com /webx/web2/louisr/public_html/makeamatch/images cover.gif
97.10.14 16:31 B D:\LouisRoehrs\makeamatch\images\cover1.gif --> best.com /webx/web2/louisr/public_html/makeamatch/images cover1.gif
97.10.14 16:31 B D:\LouisRoehrs\makeamatch\images\cover55.gif --> best.com /webx/web2/louisr/public_html/makeamatch/images cover55.gif
97.10.14 16:31 B D:\LouisRoehrs\makeamatch\images\cover55bg.gif --> best.com /webx/web2/louisr/public_html/makeamatch/images cover55bg.gif
97.10.14 16:31 B D:\LouisRoehrs\makeamatch\images\flatcover.gif --> best.com /webx/web2/louisr/public_html/makeamatch/images flatcover.gif
97.10.14 16:31 B D:\LouisRoehrs\makeamatch\images\greendot.gif --> best.com /webx/web2/louisr/public_html/makeamatch/images greendot.gif
97.10.14 16:31 B D:\LouisRoehrs\makeamatch\images\hint.gif --> best.com /webx/web2/louisr/public_html/makeamatch/images hint.gif
97.10.14 16:31 B D:\LouisRoehrs\makeamatch\images\logo.gif --> best.com /webx/web2/louisr/public_html/makeamatch/images logo.gif
97.10.14 16:31 B D:\LouisRoehrs\makeamatch\images\pingpongball.fla --> best.com /webx/web2/louisr/public_html/makeamatch/images pingpongball.fla
97.10.14 16:31 B D:\LouisRoehrs\makeamatch\images\pingpongball.swf --> best.com /webx/web2/louisr/public_html/makeamatch/images pingpongball.swf
97.10.14 16:31 B D:\LouisRoehrs\makeamatch\images\play.gif --> best.com /webx/web2/louisr/public_html/makeamatch/images play.gif
97.10.14 16:31 B D:\LouisRoehrs\makeamatch\images\playagain.gif --> best.com /webx/web2/louisr/public_html/makeamatch/images playagain.gif
97.10.14 16:31 B D:\LouisRoehrs\makeamatch\images\playergo.gif --> best.com /webx/web2/louisr/public_html/makeamatch/images playergo.gif
97.10.14 16:31 B D:\LouisRoehrs\makeamatch\images\playergosm.gif --> best.com /webx/web2/louisr/public_html/makeamatch/images playergosm.gif
97.10.14 16:31 B D:\LouisRoehrs\makeamatch\images\playergougly.gif --> best.com /webx/web2/louisr/public_html/makeamatch/images playergougly.gif
97.10.14 16:31 B D:\LouisRoehrs\makeamatch\images\quit.gif --> best.com /webx/web2/louisr/public_html/makeamatch/images quit.gif
97.10.14 16:31 B D:\LouisRoehrs\makeamatch\images\restart.gif --> best.com /webx/web2/louisr/public_html/makeamatch/images restart.gif
97.10.14 16:31 B D:\LouisRoehrs\makeamatch\images\solve.gif --> best.com /webx/web2/louisr/public_html/makeamatch/images solve.gif
97.10.14 16:31 B D:\LouisRoehrs\makeamatch\images\spacer.gif --> best.com /webx/web2/louisr/public_html/makeamatch/images spacer.gif
97.10.14 16:31 B D:\LouisRoehrs\makeamatch\images\tryagain.gif --> best.com /webx/web2/louisr/public_html/makeamatch/images tryagain.gif
97.10.14 16:31 B D:\LouisRoehrs\makeamatch\images\WS_FTP.LOG --> best.com /webx/web2/louisr/public_html/makeamatch/images WS_FTP.LOG
97.10.16 21:24 B D:\LouisRoehrs\makeamatch\images\mm6.gif --> ed.webtv.net /usr/home/tpark/public_html/louis/makeamatch/images mm6.gif
97.10.16 21:33 B D:\LouisRoehrs\makeamatch\images\logomm6.gif --> ed.webtv.net /usr/home/tpark/public_html/louis/makeamatch/images logomm6.gif
97.10.20 20:20 B D:\LouisRoehrs\makeamatch\images\logo.gif --> ed.webtv.net /usr/local/etc/apache_1.2.1/htdocs/tpark/public_html/louis/makeamatch/images logo.gif
97.10.20 20:20 B D:\LouisRoehrs\makeamatch\images\logomm6.gif --> ed.webtv.net /usr/local/etc/apache_1.2.1/htdocs/tpark/public_html/louis/makeamatch/images logomm6.gif
97.10.20 20:20 B D:\LouisRoehrs\makeamatch\images\mm6.gif --> ed.webtv.net /usr/local/etc/apache_1.2.1/htdocs/tpark/public_html/louis/makeamatch/images mm6.gif
97.10.21 19:53 B D:\LouisRoehrs\makeamatch\images\allstar.gif --> vp2.netgate.net /u1/vhome/louis/www/wtv/makeamatch/images allstar.gif
97.10.21 19:53 B D:\LouisRoehrs\makeamatch\images\anmsqch.gif --> vp2.netgate.net /u1/vhome/louis/www/wtv/makeamatch/images anmsqch.gif
97.10.21 19:53 B D:\LouisRoehrs\makeamatch\images\bluecover.gif --> vp2.netgate.net /u1/vhome/louis/www/wtv/makeamatch/images bluecover.gif
97.10.21 19:53 B D:\LouisRoehrs\makeamatch\images\cover.gif --> vp2.netgate.net /u1/vhome/louis/www/wtv/makeamatch/images cover.gif
97.10.21 19:53 B D:\LouisRoehrs\makeamatch\images\cover1.gif --> vp2.netgate.net /u1/vhome/louis/www/wtv/makeamatch/images cover1.gif
97.10.21 19:53 B D:\LouisRoehrs\makeamatch\images\cover55.gif --> vp2.netgate.net /u1/vhome/louis/www/wtv/makeamatch/images cover55.gif
97.10.21 19:53 B D:\LouisRoehrs\makeamatch\images\cover55bg.gif --> vp2.netgate.net /u1/vhome/louis/www/wtv/makeamatch/images cover55bg.gif
97.10.21 19:53 B D:\LouisRoehrs\makeamatch\images\flatcover.gif --> vp2.netgate.net /u1/vhome/louis/www/wtv/makeamatch/images flatcover.gif
97.10.21 19:53 B D:\LouisRoehrs\makeamatch\images\greendot.gif --> vp2.netgate.net /u1/vhome/louis/www/wtv/makeamatch/images greendot.gif
97.10.21 19:53 B D:\LouisRoehrs\makeamatch\images\hint.gif --> vp2.netgate.net /u1/vhome/louis/www/wtv/makeamatch/images hint.gif
97.10.21 19:53 B D:\LouisRoehrs\makeamatch\images\logo.gif --> vp2.netgate.net /u1/vhome/louis/www/wtv/makeamatch/images logo.gif
97.10.21 19:53 B D:\LouisRoehrs\makeamatch\images\logomm6.gif --> vp2.netgate.net /u1/vhome/louis/www/wtv/makeamatch/images logomm6.gif
97.10.21 19:53 B D:\LouisRoehrs\makeamatch\images\mm6.gif --> vp2.netgate.net /u1/vhome/louis/www/wtv/makeamatch/images mm6.gif
97.10.21 19:53 B D:\LouisRoehrs\makeamatch\images\pingpongball.fla --> vp2.netgate.net /u1/vhome/louis/www/wtv/makeamatch/images pingpongball.fla
97.10.21 19:54 B D:\LouisRoehrs\makeamatch\images\pingpongball.swf --> vp2.netgate.net /u1/vhome/louis/www/wtv/makeamatch/images pingpongball.swf
97.10.21 19:54 B D:\LouisRoehrs\makeamatch\images\play.gif --> vp2.netgate.net /u1/vhome/louis/www/wtv/makeamatch/images play.gif
97.10.21 19:54 B D:\LouisRoehrs\makeamatch\images\playagain.gif --> vp2.netgate.net /u1/vhome/louis/www/wtv/makeamatch/images playagain.gif
97.10.21 19:54 B D:\LouisRoehrs\makeamatch\images\playergo.gif --> vp2.netgate.net /u1/vhome/louis/www/wtv/makeamatch/images playergo.gif
97.10.21 19:54 B D:\LouisRoehrs\makeamatch\images\playergosm.gif --> vp2.netgate.net /u1/vhome/louis/www/wtv/makeamatch/images playergosm.gif
97.10.21 19:54 B D:\LouisRoehrs\makeamatch\images\playergougly.gif --> vp2.netgate.net /u1/vhome/louis/www/wtv/makeamatch/images playergougly.gif
97.10.21 19:54 B D:\LouisRoehrs\makeamatch\images\quit.gif --> vp2.netgate.net /u1/vhome/louis/www/wtv/makeamatch/images quit.gif
97.10.21 19:54 B D:\LouisRoehrs\makeamatch\images\restart.gif --> vp2.netgate.net /u1/vhome/louis/www/wtv/makeamatch/images restart.gif
97.10.21 19:54 B D:\LouisRoehrs\makeamatch\images\solve.gif --> vp2.netgate.net /u1/vhome/louis/www/wtv/makeamatch/images solve.gif
97.10.21 19:54 B D:\LouisRoehrs\makeamatch\images\spacer.gif --> vp2.netgate.net /u1/vhome/louis/www/wtv/makeamatch/images spacer.gif
97.10.21 19:54 B D:\LouisRoehrs\makeamatch\images\tryagain.gif --> vp2.netgate.net /u1/vhome/louis/www/wtv/makeamatch/images tryagain.gif
97.10.21 19:54 B D:\LouisRoehrs\makeamatch\images\WS_FTP.LOG --> vp2.netgate.net /u1/vhome/louis/www/wtv/makeamatch/images WS_FTP.LOG
97.10.24 18:33 B D:\LouisRoehrs\makeamatch\images\allstar.gif --> vp2.netgate.net /u1/vhome/louis/www/wtv/makeamatch/images allstar.gif
97.10.24 18:33 B D:\LouisRoehrs\makeamatch\images\anmsqch.gif --> vp2.netgate.net /u1/vhome/louis/www/wtv/makeamatch/images anmsqch.gif
97.10.24 18:33 B D:\LouisRoehrs\makeamatch\images\bluecover.gif --> vp2.netgate.net /u1/vhome/louis/www/wtv/makeamatch/images bluecover.gif
97.10.24 18:33 B D:\LouisRoehrs\makeamatch\images\cover.gif --> vp2.netgate.net /u1/vhome/louis/www/wtv/makeamatch/images cover.gif
97.10.24 18:33 B D:\LouisRoehrs\makeamatch\images\cover1.gif --> vp2.netgate.net /u1/vhome/louis/www/wtv/makeamatch/images cover1.gif
97.10.24 18:33 B D:\LouisRoehrs\makeamatch\images\cover55.gif --> vp2.netgate.net /u1/vhome/louis/www/wtv/makeamatch/images cover55.gif
97.10.24 18:33 B D:\LouisRoehrs\makeamatch\images\cover55bg.gif --> vp2.netgate.net /u1/vhome/louis/www/wtv/makeamatch/images cover55bg.gif
97.10.24 18:33 B D:\LouisRoehrs\makeamatch\images\flatcover.gif --> vp2.netgate.net /u1/vhome/louis/www/wtv/makeamatch/images flatcover.gif
97.10.24 18:33 B D:\LouisRoehrs\makeamatch\images\greendot.gif --> vp2.netgate.net /u1/vhome/louis/www/wtv/makeamatch/images greendot.gif
97.10.24 18:33 B D:\LouisRoehrs\makeamatch\images\hint.gif --> vp2.netgate.net /u1/vhome/louis/www/wtv/makeamatch/images hint.gif
97.10.24 18:33 B D:\LouisRoehrs\makeamatch\images\logo.gif --> vp2.netgate.net /u1/vhome/louis/www/wtv/makeamatch/images logo.gif
97.10.24 18:33 B D:\LouisRoehrs\makeamatch\images\logomm6.gif --> vp2.netgate.net /u1/vhome/louis/www/wtv/makeamatch/images logomm6.gif
97.10.24 18:33 B D:\LouisRoehrs\makeamatch\images\mm6.gif --> vp2.netgate.net /u1/vhome/louis/www/wtv/makeamatch/images mm6.gif
97.10.24 18:33 B D:\LouisRoehrs\makeamatch\images\pingpongball.fla --> vp2.netgate.net /u1/vhome/louis/www/wtv/makeamatch/images pingpongball.fla
97.10.24 18:33 B D:\LouisRoehrs\makeamatch\images\pingpongball.swf --> vp2.netgate.net /u1/vhome/louis/www/wtv/makeamatch/images pingpongball.swf
97.10.24 18:33 B D:\LouisRoehrs\makeamatch\images\play.gif --> vp2.netgate.net /u1/vhome/louis/www/wtv/makeamatch/images play.gif
97.10.24 18:33 B D:\LouisRoehrs\makeamatch\images\playagain.gif --> vp2.netgate.net /u1/vhome/louis/www/wtv/makeamatch/images playagain.gif
97.10.24 18:33 B D:\LouisRoehrs\makeamatch\images\playergo.gif --> vp2.netgate.net /u1/vhome/louis/www/wtv/makeamatch/images playergo.gif
97.10.24 18:33 B D:\LouisRoehrs\makeamatch\images\playergosm.gif --> vp2.netgate.net /u1/vhome/louis/www/wtv/makeamatch/images playergosm.gif
97.10.24 18:33 B D:\LouisRoehrs\makeamatch\images\playergougly.gif --> vp2.netgate.net /u1/vhome/louis/www/wtv/makeamatch/images playergougly.gif
97.10.24 18:33 B D:\LouisRoehrs\makeamatch\images\quit.gif --> vp2.netgate.net /u1/vhome/louis/www/wtv/makeamatch/images quit.gif
97.10.24 18:33 B D:\LouisRoehrs\makeamatch\images\restart.gif --> vp2.netgate.net /u1/vhome/louis/www/wtv/makeamatch/images restart.gif
97.10.24 18:33 B D:\LouisRoehrs\makeamatch\images\solve.gif --> vp2.netgate.net /u1/vhome/louis/www/wtv/makeamatch/images solve.gif
97.10.24 18:33 B D:\LouisRoehrs\makeamatch\images\spacer.gif --> vp2.netgate.net /u1/vhome/louis/www/wtv/makeamatch/images spacer.gif
97.10.24 18:33 B D:\LouisRoehrs\makeamatch\images\tryagain.gif --> vp2.netgate.net /u1/vhome/louis/www/wtv/makeamatch/images tryagain.gif
97.10.27 20:26 B C:\AWork\AWebSites\wtv\makeamatch\images\WS_FTP.LOG <-- A woofie.com /u1/vhome/louis/www/wtv/makeamatch/images WS_FTP.LOG
97.11.19 00:44 B C:\AWork\AwebSites\wtv\ASpaceRace\images\allstar.gif --> vp2.netgate.net /u1/vhome/louis/www/wtv/spacerace/images allstar.gif
97.11.19 00:44 B C:\AWork\AwebSites\wtv\ASpaceRace\images\anmsqch.gif --> vp2.netgate.net /u1/vhome/louis/www/wtv/spacerace/images anmsqch.gif
97.11.19 00:44 B C:\AWork\AwebSites\wtv\ASpaceRace\images\back.gif --> vp2.netgate.net /u1/vhome/louis/www/wtv/spacerace/images back.gif
97.11.19 00:44 B C:\AWork\AwebSites\wtv\ASpaceRace\images\backtest.gif --> vp2.netgate.net /u1/vhome/louis/www/wtv/spacerace/images backtest.gif
97.11.19 00:44 B C:\AWork\AwebSites\wtv\ASpaceRace\images\bluecover.gif --> vp2.netgate.net /u1/vhome/louis/www/wtv/spacerace/images bluecover.gif
97.11.19 00:44 B C:\AWork\AwebSites\wtv\ASpaceRace\images\cover.gif --> vp2.netgate.net /u1/vhome/louis/www/wtv/spacerace/images cover.gif
97.11.19 00:44 B C:\AWork\AwebSites\wtv\ASpaceRace\images\cover1.gif --> vp2.netgate.net /u1/vhome/louis/www/wtv/spacerace/images cover1.gif
97.11.19 00:44 B C:\AWork\AwebSites\wtv\ASpaceRace\images\cover55.gif --> vp2.netgate.net /u1/vhome/louis/www/wtv/spacerace/images cover55.gif
97.11.19 00:44 B C:\AWork\AwebSites\wtv\ASpaceRace\images\cover55bg.gif --> vp2.netgate.net /u1/vhome/louis/www/wtv/spacerace/images cover55bg.gif
97.11.19 00:44 B C:\AWork\AwebSites\wtv\ASpaceRace\images\faced.gif --> vp2.netgate.net /u1/vhome/louis/www/wtv/spacerace/images faced.gif
97.11.19 00:44 B C:\AWork\AwebSites\wtv\ASpaceRace\images\facel.gif --> vp2.netgate.net /u1/vhome/louis/www/wtv/spacerace/images facel.gif
97.11.19 00:44 B C:\AWork\AwebSites\wtv\ASpaceRace\images\facer.gif --> vp2.netgate.net /u1/vhome/louis/www/wtv/spacerace/images facer.gif
97.11.19 00:44 B C:\AWork\AwebSites\wtv\ASpaceRace\images\faceu.gif --> vp2.netgate.net /u1/vhome/louis/www/wtv/spacerace/images faceu.gif
97.11.19 00:44 B C:\AWork\AwebSites\wtv\ASpaceRace\images\flatcover.gif --> vp2.netgate.net /u1/vhome/louis/www/wtv/spacerace/images flatcover.gif
97.11.19 00:44 B C:\AWork\AwebSites\wtv\ASpaceRace\images\greendot.gif --> vp2.netgate.net /u1/vhome/louis/www/wtv/spacerace/images greendot.gif
97.11.19 00:44 B C:\AWork\AwebSites\wtv\ASpaceRace\images\hint.gif --> vp2.netgate.net /u1/vhome/louis/www/wtv/spacerace/images hint.gif
97.11.19 00:44 B C:\AWork\AwebSites\wtv\ASpaceRace\images\logo.gif --> vp2.netgate.net /u1/vhome/louis/www/wtv/spacerace/images logo.gif
97.11.19 00:44 B C:\AWork\AwebSites\wtv\ASpaceRace\images\logomm6.gif --> vp2.netgate.net /u1/vhome/louis/www/wtv/spacerace/images logomm6.gif
97.11.19 00:44 B C:\AWork\AwebSites\wtv\ASpaceRace\images\mm6.gif --> vp2.netgate.net /u1/vhome/louis/www/wtv/spacerace/images mm6.gif
97.11.19 00:44 B C:\AWork\AwebSites\wtv\ASpaceRace\images\play.gif --> vp2.netgate.net /u1/vhome/louis/www/wtv/spacerace/images play.gif
97.11.19 00:44 B C:\AWork\AwebSites\wtv\ASpaceRace\images\playagain.gif --> vp2.netgate.net /u1/vhome/louis/www/wtv/spacerace/images playagain.gif
97.11.19 00:44 B C:\AWork\AwebSites\wtv\ASpaceRace\images\playergo.gif --> vp2.netgate.net /u1/vhome/louis/www/wtv/spacerace/images playergo.gif
97.11.19 00:44 B C:\AWork\AwebSites\wtv\ASpaceRace\images\playergosm.gif --> vp2.netgate.net /u1/vhome/louis/www/wtv/spacerace/images playergosm.gif
97.11.19 00:44 B C:\AWork\AwebSites\wtv\ASpaceRace\images\playergougly.gif --> vp2.netgate.net /u1/vhome/louis/www/wtv/spacerace/images playergougly.gif
97.11.19 00:45 B C:\AWork\AwebSites\wtv\ASpaceRace\images\quit.gif --> vp2.netgate.net /u1/vhome/louis/www/wtv/spacerace/images quit.gif
97.11.19 00:45 B C:\AWork\AwebSites\wtv\ASpaceRace\images\restart.gif --> vp2.netgate.net /u1/vhome/louis/www/wtv/spacerace/images restart.gif
97.11.19 00:45 B C:\AWork\AwebSites\wtv\ASpaceRace\images\shippart.gif --> vp2.netgate.net /u1/vhome/louis/www/wtv/spacerace/images shippart.gif
97.11.19 00:45 B C:\AWork\AwebSites\wtv\ASpaceRace\images\solve.gif --> vp2.netgate.net /u1/vhome/louis/www/wtv/spacerace/images solve.gif
97.11.19 00:45 B C:\AWork\AwebSites\wtv\ASpaceRace\images\spacer.gif --> vp2.netgate.net /u1/vhome/louis/www/wtv/spacerace/images spacer.gif
97.11.19 00:45 B C:\AWork\AwebSites\wtv\ASpaceRace\images\tryagain.gif --> vp2.netgate.net /u1/vhome/louis/www/wtv/spacerace/images tryagain.gif
97.11.19 00:45 B C:\AWork\AwebSites\wtv\ASpaceRace\images\WS_FTP.LOG --> vp2.netgate.net /u1/vhome/louis/www/wtv/spacerace/images WS_FTP.LOG
97.11.25 21:44 B C:\AWork\AwebSites\wtv\ASpaceRace\images\lem.jpg --> vp2.netgate.net /u1/vhome/louis/www/wtv/spacerace/images lem.jpg
97.11.25 21:45 B C:\AWork\AwebSites\wtv\ASpaceRace\images\faced.gif --> vp2.netgate.net /u1/vhome/louis/www/wtv/spacerace/images faced.gif
97.11.25 21:45 B C:\AWork\AwebSites\wtv\ASpaceRace\images\facel.gif --> vp2.netgate.net /u1/vhome/louis/www/wtv/spacerace/images facel.gif
97.11.25 21:45 B C:\AWork\AwebSites\wtv\ASpaceRace\images\facer.gif --> vp2.netgate.net /u1/vhome/louis/www/wtv/spacerace/images facer.gif
97.11.25 21:45 B C:\AWork\AwebSites\wtv\ASpaceRace\images\faceu.gif --> vp2.netgate.net /u1/vhome/louis/www/wtv/spacerace/images faceu.gif
97.11.25 21:49 B C:\AWork\AwebSites\wtv\ASpaceRace\images\ad.gif --> vp2.netgate.net /u1/vhome/louis/www/wtv/spacerace/images ad.gif
97.12.04 03:11 B C:\AWork\AwebSites\wtv\ASpaceRace\images\ad.gif --> vp2.netgate.net /u1/vhome/louis/www/wtv/spacerace/images ad.gif
97.12.04 03:12 B C:\AWork\AwebSites\wtv\ASpaceRace\images\allstar.gif --> vp2.netgate.net /u1/vhome/louis/www/wtv/spacerace/images allstar.gif
97.12.04 03:12 B C:\AWork\AwebSites\wtv\ASpaceRace\images\anmsqch.gif --> vp2.netgate.net /u1/vhome/louis/www/wtv/spacerace/images anmsqch.gif
97.12.04 03:12 B C:\AWork\AwebSites\wtv\ASpaceRace\images\back.gif --> vp2.netgate.net /u1/vhome/louis/www/wtv/spacerace/images back.gif
97.12.04 03:12 B C:\AWork\AwebSites\wtv\ASpaceRace\images\backtest.gif --> vp2.netgate.net /u1/vhome/louis/www/wtv/spacerace/images backtest.gif
97.12.04 03:12 B C:\AWork\AwebSites\wtv\ASpaceRace\images\bluecover.gif --> vp2.netgate.net /u1/vhome/louis/www/wtv/spacerace/images bluecover.gif
97.12.04 03:12 B C:\AWork\AwebSites\wtv\ASpaceRace\images\cover.gif --> vp2.netgate.net /u1/vhome/louis/www/wtv/spacerace/images cover.gif
97.12.04 03:12 B C:\AWork\AwebSites\wtv\ASpaceRace\images\cover1.gif --> vp2.netgate.net /u1/vhome/louis/www/wtv/spacerace/images cover1.gif
97.12.04 03:12 B C:\AWork\AwebSites\wtv\ASpaceRace\images\cover55.gif --> vp2.netgate.net /u1/vhome/louis/www/wtv/spacerace/images cover55.gif
97.12.04 03:12 B C:\AWork\AwebSites\wtv\ASpaceRace\images\cover55bg.gif --> vp2.netgate.net /u1/vhome/louis/www/wtv/spacerace/images cover55bg.gif
97.12.04 03:12 B C:\AWork\AwebSites\wtv\ASpaceRace\images\faced.gif --> vp2.netgate.net /u1/vhome/louis/www/wtv/spacerace/images faced.gif
97.12.04 03:12 B C:\AWork\AwebSites\wtv\ASpaceRace\images\facel.gif --> vp2.netgate.net /u1/vhome/louis/www/wtv/spacerace/images facel.gif
97.12.04 03:12 B C:\AWork\AwebSites\wtv\ASpaceRace\images\facer.gif --> vp2.netgate.net /u1/vhome/louis/www/wtv/spacerace/images facer.gif
97.12.04 03:12 B C:\AWork\AwebSites\wtv\ASpaceRace\images\faceu.gif --> vp2.netgate.net /u1/vhome/louis/www/wtv/spacerace/images faceu.gif
97.12.04 03:12 B C:\AWork\AwebSites\wtv\ASpaceRace\images\flatcover.gif --> vp2.netgate.net /u1/vhome/louis/www/wtv/spacerace/images flatcover.gif
97.12.04 03:12 B C:\AWork\AwebSites\wtv\ASpaceRace\images\greendot.gif --> vp2.netgate.net /u1/vhome/louis/www/wtv/spacerace/images greendot.gif
97.12.04 03:12 B C:\AWork\AwebSites\wtv\ASpaceRace\images\hint.gif --> vp2.netgate.net /u1/vhome/louis/www/wtv/spacerace/images hint.gif
97.12.04 03:12 B C:\AWork\AwebSites\wtv\ASpaceRace\images\lem.gif --> vp2.netgate.net /u1/vhome/louis/www/wtv/spacerace/images lem.gif
97.12.04 03:12 B C:\AWork\AwebSites\wtv\ASpaceRace\images\lem.jpg --> vp2.netgate.net /u1/vhome/louis/www/wtv/spacerace/images lem.jpg
97.12.04 03:12 B C:\AWork\AwebSites\wtv\ASpaceRace\images\logo.gif --> vp2.netgate.net /u1/vhome/louis/www/wtv/spacerace/images logo.gif
97.12.04 03:12 B C:\AWork\AwebSites\wtv\ASpaceRace\images\logomm6.gif --> vp2.netgate.net /u1/vhome/louis/www/wtv/spacerace/images logomm6.gif
97.12.04 03:12 B C:\AWork\AwebSites\wtv\ASpaceRace\images\mm6.gif --> vp2.netgate.net /u1/vhome/louis/www/wtv/spacerace/images mm6.gif
97.12.04 03:12 B C:\AWork\AwebSites\wtv\ASpaceRace\images\play.gif --> vp2.netgate.net /u1/vhome/louis/www/wtv/spacerace/images play.gif
97.12.04 03:12 B C:\AWork\AwebSites\wtv\ASpaceRace\images\playagain.gif --> vp2.netgate.net /u1/vhome/louis/www/wtv/spacerace/images playagain.gif
97.12.04 03:13 B C:\AWork\AwebSites\wtv\ASpaceRace\images\playagainred.gif --> vp2.netgate.net /u1/vhome/louis/www/wtv/spacerace/images playagainred.gif
97.12.04 03:13 B C:\AWork\AwebSites\wtv\ASpaceRace\images\playergo.gif --> vp2.netgate.net /u1/vhome/louis/www/wtv/spacerace/images playergo.gif
97.12.04 03:13 B C:\AWork\AwebSites\wtv\ASpaceRace\images\playergosm.gif --> vp2.netgate.net /u1/vhome/louis/www/wtv/spacerace/images playergosm.gif
97.12.04 03:13 B C:\AWork\AwebSites\wtv\ASpaceRace\images\playergougly.gif --> vp2.netgate.net /u1/vhome/louis/www/wtv/spacerace/images playergougly.gif
97.12.04 03:13 B C:\AWork\AwebSites\wtv\ASpaceRace\images\quit.gif --> vp2.netgate.net /u1/vhome/louis/www/wtv/spacerace/images quit.gif
97.12.04 03:13 B C:\AWork\AwebSites\wtv\ASpaceRace\images\quitred.gif --> vp2.netgate.net /u1/vhome/louis/www/wtv/spacerace/images quitred.gif
97.12.04 03:13 B C:\AWork\AwebSites\wtv\ASpaceRace\images\restart.gif --> vp2.netgate.net /u1/vhome/louis/www/wtv/spacerace/images restart.gif
97.12.04 03:13 B C:\AWork\AwebSites\wtv\ASpaceRace\images\shippart.gif --> vp2.netgate.net /u1/vhome/louis/www/wtv/spacerace/images shippart.gif
97.12.04 03:13 B C:\AWork\AwebSites\wtv\ASpaceRace\images\solve.gif --> vp2.netgate.net /u1/vhome/louis/www/wtv/spacerace/images solve.gif
97.12.04 03:13 B C:\AWork\AwebSites\wtv\ASpaceRace\images\spacer.gif --> vp2.netgate.net /u1/vhome/louis/www/wtv/spacerace/images spacer.gif
97.12.04 03:13 B C:\AWork\AwebSites\wtv\ASpaceRace\images\tryagain.gif --> vp2.netgate.net /u1/vhome/louis/www/wtv/spacerace/images tryagain.gif
