97.10.21 21:41 B D:\LouisRoehrs\Flash Source\Woofie.swf --> ed.webtv.net /usr/home/tpark/public_html/louis Woofie.swf
97.10.21 21:42 B D:\LouisRoehrs\Flash Source\Woofie.swf --> ed.webtv.net /usr/local/etc/apache_1.2.1/htdocs/tpark/public_html/louis Woofie.swf
97.10.21 21:44 B D:\LouisRoehrs\Flash Source\Woofie2.swf --> ed.webtv.net /usr/local/etc/apache_1.2.1/htdocs/tpark/public_html/louis Woofie2.swf
97.10.21 21:45 B D:\LouisRoehrs\Flash Source\Woofie2.swf --> ed.webtv.net /usr/local/etc/apache_1.2.1/htdocs/tpark/public_html/louis Woofie2.swf
97.10.21 21:47 B D:\LouisRoehrs\Flash Source\Woofie2.swf --> ed.webtv.net /usr/local/etc/apache_1.2.1/htdocs/tpark/public_html/louis Woofie2.swf
97.10.21 21:57 B D:\LouisRoehrs\Flash Source\Woofie2.swf --> ed.webtv.net /usr/local/etc/apache_1.2.1/htdocs/tpark/public_html/louis Woofie2.swf
97.10.21 21:59 B D:\LouisRoehrs\Flash Source\Woofie2.swf --> ed.webtv.net /usr/local/etc/apache_1.2.1/htdocs/tpark/public_html/louis Woofie2.swf
97.10.21 22:01 B D:\LouisRoehrs\Flash Source\Woofie2.swf --> ed.webtv.net /usr/local/etc/apache_1.2.1/htdocs/tpark/public_html/louis Woofie2.swf
97.10.21 22:01 B D:\LouisRoehrs\Flash Source\Woofie2.swf --> ed.webtv.net /usr/local/etc/apache_1.2.1/htdocs/tpark/public_html/louis Woofie2.swf
97.10.21 22:02 B D:\LouisRoehrs\Flash Source\Woofie2.swf --> ed.webtv.net /usr/local/etc/apache_1.2.1/htdocs/tpark/public_html/louis Woofie2.swf
97.10.21 22:05 B D:\LouisRoehrs\Flash Source\Woofie2.swf --> ed.webtv.net /usr/local/etc/apache_1.2.1/htdocs/tpark/public_html/louis Woofie2.swf
97.10.21 22:29 B D:\LouisRoehrs\Flash Source\Woofie2.swf --> ed.webtv.net /usr/local/etc/apache_1.2.1/htdocs/tpark/public_html/louis Woofie2.swf
97.10.21 22:32 B D:\LouisRoehrs\Flash Source\Woofie2.swf --> ed.webtv.net /usr/local/etc/apache_1.2.1/htdocs/tpark/public_html/louis Woofie2.swf
97.10.21 22:46 B D:\LouisRoehrs\Flash Source\Woofie2.swf --> ed.webtv.net /usr/local/etc/apache_1.2.1/htdocs/tpark/public_html/louis Woofie2.swf
97.10.21 22:52 B D:\LouisRoehrs\Flash Source\CreatedBy.fla --> vp2.netgate.net /u1/vhome/louis/www/Flash CreatedBy.fla
97.10.21 22:52 B D:\LouisRoehrs\Flash Source\CreatedBy.swf --> vp2.netgate.net /u1/vhome/louis/www/Flash CreatedBy.swf
97.10.21 22:52 B D:\LouisRoehrs\Flash Source\Welcome.fla --> vp2.netgate.net /u1/vhome/louis/www/Flash Welcome.fla
97.10.21 22:52 B D:\LouisRoehrs\Flash Source\Woofie.fla --> vp2.netgate.net /u1/vhome/louis/www/Flash Woofie.fla
97.10.21 22:52 B D:\LouisRoehrs\Flash Source\Woofie.swf --> vp2.netgate.net /u1/vhome/louis/www/Flash Woofie.swf
97.10.21 22:52 B D:\LouisRoehrs\Flash Source\Woofie2.swf --> vp2.netgate.net /u1/vhome/louis/www/Flash Woofie2.swf
97.10.21 23:04 B D:\LouisRoehrs\Flash Source\CreatedBy560.swf --> vp2.netgate.net /u1/vhome/louis/www/flash CreatedBy560.swf
97.10.22 00:07 B D:\LouisRoehrs\flash\CreatedBy560.swf --> vp2.netgate.net /u1/vhome/louis/www/flash CreatedBy560.swf
97.10.22 00:45 B D:\LouisRoehrs\flash\CreditRoll.fla --> vp2.netgate.net /u1/vhome/louis/www/flash CreditRoll.fla
97.10.22 00:45 B D:\LouisRoehrs\flash\CreditRoll.swf --> vp2.netgate.net /u1/vhome/louis/www/flash CreditRoll.swf
97.10.22 00:46 B D:\LouisRoehrs\flash\CreditRoll.fla --> vp2.netgate.net /u1/vhome/louis/www/wtv/flash CreditRoll.fla
97.10.22 00:46 B D:\LouisRoehrs\flash\CreditRoll.swf --> vp2.netgate.net /u1/vhome/louis/www/wtv/flash CreditRoll.swf
97.10.22 00:46 B D:\LouisRoehrs\flash\CreatedBy.fla --> vp2.netgate.net /u1/vhome/louis/www/wtv/flash CreatedBy.fla
97.10.22 00:46 B D:\LouisRoehrs\flash\CreatedBy.swf --> vp2.netgate.net /u1/vhome/louis/www/wtv/flash CreatedBy.swf
97.10.22 00:46 B D:\LouisRoehrs\flash\CreatedBy560.swf --> vp2.netgate.net /u1/vhome/louis/www/wtv/flash CreatedBy560.swf
97.10.22 00:46 B D:\LouisRoehrs\flash\Welcome.fla --> vp2.netgate.net /u1/vhome/louis/www/wtv/flash Welcome.fla
97.10.22 00:46 B D:\LouisRoehrs\flash\Woofie.fla --> vp2.netgate.net /u1/vhome/louis/www/wtv/flash Woofie.fla
97.10.22 00:46 B D:\LouisRoehrs\flash\Woofie.swf --> vp2.netgate.net /u1/vhome/louis/www/wtv/flash Woofie.swf
97.10.22 00:46 B D:\LouisRoehrs\flash\Woofie2.swf --> vp2.netgate.net /u1/vhome/louis/www/wtv/flash Woofie2.swf
97.10.22 00:48 B D:\LouisRoehrs\flash\CreditRoll.fla --> vp2.netgate.net /u1/vhome/louis/www/wtv/flash CreditRoll.fla
97.10.22 00:48 B D:\LouisRoehrs\flash\CreditRoll.swf --> vp2.netgate.net /u1/vhome/louis/www/wtv/flash CreditRoll.swf
97.10.22 00:48 B D:\LouisRoehrs\flash\CreditRoll.fla --> vp2.netgate.net /u1/vhome/louis/www/flash CreditRoll.fla
97.10.22 00:48 B D:\LouisRoehrs\flash\CreditRoll.swf --> vp2.netgate.net /u1/vhome/louis/www/flash CreditRoll.swf
97.10.22 00:59 B D:\LouisRoehrs\flash\CreditRoll.fla --> vp2.netgate.net /u1/vhome/louis/www/flash CreditRoll.fla
97.10.22 00:59 B D:\LouisRoehrs\flash\CreditRoll.swf --> vp2.netgate.net /u1/vhome/louis/www/flash CreditRoll.swf
97.10.22 11:41 B D:\LouisRoehrs\flash\CreditRoll.fla --> vp2.netgate.net /u1/vhome/louis/www/flash CreditRoll.fla
97.10.22 11:41 B D:\LouisRoehrs\flash\CreditRoll.swf --> vp2.netgate.net /u1/vhome/louis/www/flash CreditRoll.swf
97.10.22 11:41 B D:\LouisRoehrs\flash\CreditRoll.fla --> vp2.netgate.net /u1/vhome/louis/www/wtv/flash CreditRoll.fla
97.10.22 11:41 B D:\LouisRoehrs\flash\CreditRoll.swf --> vp2.netgate.net /u1/vhome/louis/www/wtv/flash CreditRoll.swf
97.10.23 12:53 B D:\LouisRoehrs\flash\CreatedByFade.swf --> vp2.netgate.net /u1/vhome/louis/www/wtv/flash CreatedByFade.swf
97.10.23 13:58 B D:\LouisRoehrs\flash\CreatedByFade.swf --> vp2.netgate.net /u1/vhome/louis/www/flash CreatedByFade.swf
97.10.23 13:59 B D:\LouisRoehrs\flash\CreatedByFade.swf --> vp2.netgate.net /u1/vhome/louis/www/wtv/flash CreatedByFade.swf
97.10.23 14:17 B D:\LouisRoehrs\flash\CreatedByFade.swf --> vp2.netgate.net /u1/vhome/louis/www/flash CreatedByFade.swf
97.10.23 14:17 B D:\LouisRoehrs\flash\CreatedByFade.swf --> vp2.netgate.net /u1/vhome/louis/www/wtv/flash CreatedByFade.swf
97.10.23 14:20 B D:\LouisRoehrs\flash\CreatedByFade.swf --> vp2.netgate.net /u1/vhome/louis/www/flash CreatedByFade.swf
97.10.23 17:33 B D:\LouisRoehrs\flash\CreatedByFade.swf --> vp2.netgate.net /u1/vhome/louis/www/flash CreatedByFade.swf
97.10.23 17:33 B D:\LouisRoehrs\flash\MotionPaths.fla --> vp2.netgate.net /u1/vhome/louis/www/flash MotionPaths.fla
97.10.23 17:33 B D:\LouisRoehrs\flash\Paths.swf --> vp2.netgate.net /u1/vhome/louis/www/flash Paths.swf
97.10.23 17:36 B D:\LouisRoehrs\flash\Paths.html --> vp2.netgate.net /u1/vhome/louis/www/flash Paths.html
97.10.23 17:37 B D:\LouisRoehrs\flash\Paths.html --> vp2.netgate.net /u1/vhome/louis/www/flash Paths.html
97.10.23 17:38 B D:\LouisRoehrs\flash\Paths.html --> vp2.netgate.net /u1/vhome/louis/www/flash Paths.html
97.10.23 17:50 B D:\LouisRoehrs\flash\MotionPaths2.fla <-- AWoofie /u1/vhome/louis/www/flash MotionPaths2.fla
97.10.24 18:30 B D:\LouisRoehrs\flash\CreatedBy.fla --> vp2.netgate.net /u1/vhome/louis/www/wtv/flash CreatedBy.fla
97.10.24 18:30 B D:\LouisRoehrs\flash\CreatedBy.swf --> vp2.netgate.net /u1/vhome/louis/www/wtv/flash CreatedBy.swf
97.10.24 18:30 B D:\LouisRoehrs\flash\CreatedBy2.fla --> vp2.netgate.net /u1/vhome/louis/www/wtv/flash CreatedBy2.fla
97.10.24 18:30 B D:\LouisRoehrs\flash\CreatedBy560.swf --> vp2.netgate.net /u1/vhome/louis/www/wtv/flash CreatedBy560.swf
97.10.24 18:30 B D:\LouisRoehrs\flash\CreatedByFade.swf --> vp2.netgate.net /u1/vhome/louis/www/wtv/flash CreatedByFade.swf
97.10.24 18:30 B D:\LouisRoehrs\flash\CreditRoll.fla --> vp2.netgate.net /u1/vhome/louis/www/wtv/flash CreditRoll.fla
97.10.24 18:30 B D:\LouisRoehrs\flash\CreditRoll.swf --> vp2.netgate.net /u1/vhome/louis/www/wtv/flash CreditRoll.swf
97.10.24 18:30 B D:\LouisRoehrs\flash\MotionPaths.fla --> vp2.netgate.net /u1/vhome/louis/www/wtv/flash MotionPaths.fla
97.10.24 18:30 B D:\LouisRoehrs\flash\MotionPaths2.fla --> vp2.netgate.net /u1/vhome/louis/www/wtv/flash MotionPaths2.fla
97.10.24 18:30 B D:\LouisRoehrs\flash\MotionPaths3.fla --> vp2.netgate.net /u1/vhome/louis/www/wtv/flash MotionPaths3.fla
97.10.24 18:30 B D:\LouisRoehrs\flash\Paths.html --> vp2.netgate.net /u1/vhome/louis/www/wtv/flash Paths.html
97.10.24 18:30 B D:\LouisRoehrs\flash\Paths.swf --> vp2.netgate.net /u1/vhome/louis/www/wtv/flash Paths.swf
97.10.24 18:30 B D:\LouisRoehrs\flash\Welcome.fla --> vp2.netgate.net /u1/vhome/louis/www/wtv/flash Welcome.fla
97.10.24 18:30 B D:\LouisRoehrs\flash\Woofie.fla --> vp2.netgate.net /u1/vhome/louis/www/wtv/flash Woofie.fla
97.10.24 18:30 B D:\LouisRoehrs\flash\Woofie.swf --> vp2.netgate.net /u1/vhome/louis/www/wtv/flash Woofie.swf
97.10.24 18:30 B D:\LouisRoehrs\flash\Woofie2.swf --> vp2.netgate.net /u1/vhome/louis/www/wtv/flash Woofie2.swf
