97.11.25 20:37 B C:\AWork\AwebSites\wtv\ASpaceRace\flash\flyin.fla --> vp2.netgate.net /u1/vhome/louis/www/wtv/spacerace/flash flyin.fla
97.11.25 20:37 B C:\AWork\AwebSites\wtv\ASpaceRace\flash\flyin.swf --> vp2.netgate.net /u1/vhome/louis/www/wtv/spacerace/flash flyin.swf
97.11.25 21:42 B C:\AWork\AwebSites\wtv\ASpaceRace\flash\flyin.fla --> vp2.netgate.net /u1/vhome/louis/www/wtv/spacerace/flash flyin.fla
97.11.25 21:42 B C:\AWork\AwebSites\wtv\ASpaceRace\flash\flyin.swf --> vp2.netgate.net /u1/vhome/louis/www/wtv/spacerace/flash flyin.swf
97.11.25 21:47 B C:\AWork\AwebSites\wtv\ASpaceRace\flash\flyin.fla --> vp2.netgate.net /u1/vhome/louis/www/wtv/spacerace/flash flyin.fla
97.11.25 21:47 B C:\AWork\AwebSites\wtv\ASpaceRace\flash\flyin.swf --> vp2.netgate.net /u1/vhome/louis/www/wtv/spacerace/flash flyin.swf
97.11.25 21:52 B C:\AWork\AwebSites\wtv\ASpaceRace\flash\flyin.fla --> vp2.netgate.net /u1/vhome/louis/www/wtv/spacerace/flash flyin.fla
97.11.26 11:57 B C:\AWork\AwebSites\wtv\ASpaceRace\flash\flyin.zip --> vp2.netgate.net /u1/vhome/louis/www/wtv/spacerace/flash flyin.zip
97.12.02 01:54 B C:\AWork\AwebSites\wtv\ASpaceRace\flash\flyin2rings.fla --> vp2.netgate.net /u1/vhome/louis/www/wtv/spacerace/flash flyin2rings.fla
97.12.02 01:54 B C:\AWork\AwebSites\wtv\ASpaceRace\flash\flyin2rings.swf --> vp2.netgate.net /u1/vhome/louis/www/wtv/spacerace/flash flyin2rings.swf
97.12.02 01:54 A C:\AWork\AwebSites\wtv\ASpaceRace\flash\flyin2rings.txt --> vp2.netgate.net /u1/vhome/louis/www/wtv/spacerace/flash flyin2rings.txt
97.12.02 01:55 B C:\AWork\AwebSites\wtv\ASpaceRace\flash\flyin2rings.zip --> vp2.netgate.net /u1/vhome/louis/www/wtv/spacerace/flash flyin2rings.zip
97.12.02 01:58 B C:\AWork\AwebSites\wtv\ASpaceRace\flash\flyin2rings.zip --> vp2.netgate.net /u1/vhome/louis/www/wtv/spacerace/flash flyin2rings.zip
97.12.02 02:02 B C:\AWork\AwebSites\wtv\ASpaceRace\flash\flyin2rings.zip --> vp2.netgate.net /u1/vhome/louis/www/wtv/spacerace/flash flyin2rings.zip
97.12.02 02:05 B C:\AWork\AwebSites\wtv\ASpaceRace\flash\flyin2rings.zip --> vp2.netgate.net /u1/vhome/louis/www/wtv/spacerace/flash flyin2rings.zip
97.12.02 02:14 B C:\AWork\AwebSites\wtv\ASpaceRace\flash\flyin2rings.zip --> vp2.netgate.net /u1/vhome/louis/www/wtv/spacerace/flash flyin2rings.zip
97.12.04 03:14 B C:\AWork\AwebSites\wtv\ASpaceRace\flash\flyin.fla --> vp2.netgate.net /u1/vhome/louis/www/wtv/spacerace/flash flyin.fla
97.12.04 03:14 B C:\AWork\AwebSites\wtv\ASpaceRace\flash\flyin.swf --> vp2.netgate.net /u1/vhome/louis/www/wtv/spacerace/flash flyin.swf
97.12.04 03:14 B C:\AWork\AwebSites\wtv\ASpaceRace\flash\flyin.zip --> vp2.netgate.net /u1/vhome/louis/www/wtv/spacerace/flash flyin.zip
97.12.04 03:14 B C:\AWork\AwebSites\wtv\ASpaceRace\flash\flyin2.fla --> vp2.netgate.net /u1/vhome/louis/www/wtv/spacerace/flash flyin2.fla
97.12.04 03:14 B C:\AWork\AwebSites\wtv\ASpaceRace\flash\flyin2.swf --> vp2.netgate.net /u1/vhome/louis/www/wtv/spacerace/flash flyin2.swf
97.12.04 03:14 B C:\AWork\AwebSites\wtv\ASpaceRace\flash\flyin2rings.fla --> vp2.netgate.net /u1/vhome/louis/www/wtv/spacerace/flash flyin2rings.fla
97.12.04 03:14 B C:\AWork\AwebSites\wtv\ASpaceRace\flash\flyin2rings.swf --> vp2.netgate.net /u1/vhome/louis/www/wtv/spacerace/flash flyin2rings.swf
97.12.04 03:14 A C:\AWork\AwebSites\wtv\ASpaceRace\flash\flyin2rings.txt --> vp2.netgate.net /u1/vhome/louis/www/wtv/spacerace/flash flyin2rings.txt
97.12.04 03:14 B C:\AWork\AwebSites\wtv\ASpaceRace\flash\flyin2rings.zip --> vp2.netgate.net /u1/vhome/louis/www/wtv/spacerace/flash flyin2rings.zip
97.12.04 03:14 B C:\AWork\AwebSites\wtv\ASpaceRace\flash\oxygen.fla --> vp2.netgate.net /u1/vhome/louis/www/wtv/spacerace/flash oxygen.fla
97.12.04 03:14 B C:\AWork\AwebSites\wtv\ASpaceRace\flash\oxygen.spl --> vp2.netgate.net /u1/vhome/louis/www/wtv/spacerace/flash oxygen.spl
97.12.04 03:14 A C:\AWork\AwebSites\wtv\ASpaceRace\flash\oxygen.txt --> vp2.netgate.net /u1/vhome/louis/www/wtv/spacerace/flash oxygen.txt
