97.10.13 12:36 B D:\LouisRoehrs\software\midistudio\BWCC.DLL --> vp2.netgate.net /u1/vhome/louis/www/wtv/software/midistudio BWCC.DLL
97.10.13 12:36 B D:\LouisRoehrs\software\midistudio\BWCCXXXX.DLL --> vp2.netgate.net /u1/vhome/louis/www/wtv/software/midistudio BWCCXXXX.DLL
97.10.13 12:36 B D:\LouisRoehrs\software\midistudio\DRUM.WAV --> vp2.netgate.net /u1/vhome/louis/www/wtv/software/midistudio DRUM.WAV
97.10.13 12:36 B D:\LouisRoehrs\software\midistudio\DS55_A.SYN --> vp2.netgate.net /u1/vhome/louis/www/wtv/software/midistudio DS55_A.SYN
97.10.13 12:36 B D:\LouisRoehrs\software\midistudio\DS55_B.SYN --> vp2.netgate.net /u1/vhome/louis/www/wtv/software/midistudio DS55_B.SYN
97.10.13 12:36 B D:\LouisRoehrs\software\midistudio\FILE_ID.DIZ --> vp2.netgate.net /u1/vhome/louis/www/wtv/software/midistudio FILE_ID.DIZ
97.10.13 12:36 B D:\LouisRoehrs\software\midistudio\HIHAT.WAV --> vp2.netgate.net /u1/vhome/louis/www/wtv/software/midistudio HIHAT.WAV
97.10.13 12:36 A D:\LouisRoehrs\software\midistudio\LICENSE.TXT --> vp2.netgate.net /u1/vhome/louis/www/wtv/software/midistudio LICENSE.TXT
97.10.13 12:36 B D:\LouisRoehrs\software\midistudio\MIDIMAPP.SYN --> vp2.netgate.net /u1/vhome/louis/www/wtv/software/midistudio MIDIMAPP.SYN
97.10.13 12:36 B D:\LouisRoehrs\software\midistudio\mstud42.zip --> vp2.netgate.net /u1/vhome/louis/www/wtv/software/midistudio mstud42.zip
97.10.13 12:37 B D:\LouisRoehrs\software\midistudio\MSTUDIO.EXE --> vp2.netgate.net /u1/vhome/louis/www/wtv/software/midistudio MSTUDIO.EXE
97.10.13 12:37 B D:\LouisRoehrs\software\midistudio\MSTUDIO.HLP --> vp2.netgate.net /u1/vhome/louis/www/wtv/software/midistudio MSTUDIO.HLP
97.10.13 12:37 B D:\LouisRoehrs\software\midistudio\MSTUDIO.INI --> vp2.netgate.net /u1/vhome/louis/www/wtv/software/midistudio MSTUDIO.INI
97.10.13 12:37 B D:\LouisRoehrs\software\midistudio\MUSICAL.FOT --> vp2.netgate.net /u1/vhome/louis/www/wtv/software/midistudio MUSICAL.FOT
97.10.13 12:37 B D:\LouisRoehrs\software\midistudio\MUSICAL.TTF --> vp2.netgate.net /u1/vhome/louis/www/wtv/software/midistudio MUSICAL.TTF
97.10.13 12:37 A D:\LouisRoehrs\software\midistudio\ORDERFRM.TXT --> vp2.netgate.net /u1/vhome/louis/www/wtv/software/midistudio ORDERFRM.TXT
97.10.13 12:37 A D:\LouisRoehrs\software\midistudio\PACKING.TXT --> vp2.netgate.net /u1/vhome/louis/www/wtv/software/midistudio PACKING.TXT
97.10.13 12:37 A D:\LouisRoehrs\software\midistudio\README.TXT --> vp2.netgate.net /u1/vhome/louis/www/wtv/software/midistudio README.TXT
97.10.13 12:37 A D:\LouisRoehrs\software\midistudio\REGISTER.TXT --> vp2.netgate.net /u1/vhome/louis/www/wtv/software/midistudio REGISTER.TXT
97.10.13 12:37 B D:\LouisRoehrs\software\midistudio\STUDIO.DLL --> vp2.netgate.net /u1/vhome/louis/www/wtv/software/midistudio STUDIO.DLL
97.10.21 20:01 B D:\LouisRoehrs\software\midistudio\BWCC.DLL --> vp2.netgate.net /u1/vhome/louis/www/wtv/software/midistudio BWCC.DLL
97.10.21 20:01 B D:\LouisRoehrs\software\midistudio\BWCCXXXX.DLL --> vp2.netgate.net /u1/vhome/louis/www/wtv/software/midistudio BWCCXXXX.DLL
97.10.21 20:01 B D:\LouisRoehrs\software\midistudio\DRUM.WAV --> vp2.netgate.net /u1/vhome/louis/www/wtv/software/midistudio DRUM.WAV
97.10.21 20:01 B D:\LouisRoehrs\software\midistudio\DS55_A.SYN --> vp2.netgate.net /u1/vhome/louis/www/wtv/software/midistudio DS55_A.SYN
97.10.21 20:01 B D:\LouisRoehrs\software\midistudio\DS55_B.SYN --> vp2.netgate.net /u1/vhome/louis/www/wtv/software/midistudio DS55_B.SYN
97.10.21 20:01 B D:\LouisRoehrs\software\midistudio\FILE_ID.DIZ --> vp2.netgate.net /u1/vhome/louis/www/wtv/software/midistudio FILE_ID.DIZ
97.10.21 20:01 B D:\LouisRoehrs\software\midistudio\HIHAT.WAV --> vp2.netgate.net /u1/vhome/louis/www/wtv/software/midistudio HIHAT.WAV
97.10.21 20:01 A D:\LouisRoehrs\software\midistudio\LICENSE.TXT --> vp2.netgate.net /u1/vhome/louis/www/wtv/software/midistudio LICENSE.TXT
97.10.21 20:01 B D:\LouisRoehrs\software\midistudio\MIDIMAPP.SYN --> vp2.netgate.net /u1/vhome/louis/www/wtv/software/midistudio MIDIMAPP.SYN
97.10.21 20:01 B D:\LouisRoehrs\software\midistudio\mstud42.zip --> vp2.netgate.net /u1/vhome/louis/www/wtv/software/midistudio mstud42.zip
97.10.21 20:01 B D:\LouisRoehrs\software\midistudio\MSTUDIO.EXE --> vp2.netgate.net /u1/vhome/louis/www/wtv/software/midistudio MSTUDIO.EXE
97.10.21 20:01 B D:\LouisRoehrs\software\midistudio\MSTUDIO.HLP --> vp2.netgate.net /u1/vhome/louis/www/wtv/software/midistudio MSTUDIO.HLP
97.10.21 20:01 B D:\LouisRoehrs\software\midistudio\MSTUDIO.INI --> vp2.netgate.net /u1/vhome/louis/www/wtv/software/midistudio MSTUDIO.INI
97.10.21 20:01 B D:\LouisRoehrs\software\midistudio\MUSICAL.FOT --> vp2.netgate.net /u1/vhome/louis/www/wtv/software/midistudio MUSICAL.FOT
97.10.21 20:01 B D:\LouisRoehrs\software\midistudio\MUSICAL.TTF --> vp2.netgate.net /u1/vhome/louis/www/wtv/software/midistudio MUSICAL.TTF
97.10.21 20:01 A D:\LouisRoehrs\software\midistudio\ORDERFRM.TXT --> vp2.netgate.net /u1/vhome/louis/www/wtv/software/midistudio ORDERFRM.TXT
97.10.21 20:01 A D:\LouisRoehrs\software\midistudio\PACKING.TXT --> vp2.netgate.net /u1/vhome/louis/www/wtv/software/midistudio PACKING.TXT
97.10.21 20:01 A D:\LouisRoehrs\software\midistudio\README.TXT --> vp2.netgate.net /u1/vhome/louis/www/wtv/software/midistudio README.TXT
97.10.21 20:01 A D:\LouisRoehrs\software\midistudio\REGISTER.TXT --> vp2.netgate.net /u1/vhome/louis/www/wtv/software/midistudio REGISTER.TXT
97.10.21 20:01 B D:\LouisRoehrs\software\midistudio\STUDIO.DLL --> vp2.netgate.net /u1/vhome/louis/www/wtv/software/midistudio STUDIO.DLL
