97.10.13 12:43 B D:\LouisRoehrs\tetris\extraneous\bell.html --> vp2.netgate.net /u1/vhome/louis/www/wtv/tetris/extraneous bell.html
97.10.13 12:43 B D:\LouisRoehrs\tetris\extraneous\bellcall.html --> vp2.netgate.net /u1/vhome/louis/www/wtv/tetris/extraneous bellcall.html
97.10.13 12:43 B D:\LouisRoehrs\tetris\extraneous\gamebug.html --> vp2.netgate.net /u1/vhome/louis/www/wtv/tetris/extraneous gamebug.html
97.10.13 12:43 B D:\LouisRoehrs\tetris\extraneous\gamebug.html.bak --> vp2.netgate.net /u1/vhome/louis/www/wtv/tetris/extraneous gamebug.html.bak
97.10.13 12:43 B D:\LouisRoehrs\tetris\extraneous\o_game.html --> vp2.netgate.net /u1/vhome/louis/www/wtv/tetris/extraneous o_game.html
97.10.13 12:43 B D:\LouisRoehrs\tetris\extraneous\oldgame.html --> vp2.netgate.net /u1/vhome/louis/www/wtv/tetris/extraneous oldgame.html
97.10.13 12:43 B D:\LouisRoehrs\tetris\extraneous\test.html --> vp2.netgate.net /u1/vhome/louis/www/wtv/tetris/extraneous test.html
97.10.13 12:43 B D:\LouisRoehrs\tetris\extraneous\transparentgame.html --> vp2.netgate.net /u1/vhome/louis/www/wtv/tetris/extraneous transparentgame.html
97.10.21 20:06 B D:\LouisRoehrs\tetris\extraneous\bell.html --> vp2.netgate.net /u1/vhome/louis/www/wtv/tetris/extraneous bell.html
97.10.21 20:06 B D:\LouisRoehrs\tetris\extraneous\bellcall.html --> vp2.netgate.net /u1/vhome/louis/www/wtv/tetris/extraneous bellcall.html
97.10.21 20:06 B D:\LouisRoehrs\tetris\extraneous\gamebug.html --> vp2.netgate.net /u1/vhome/louis/www/wtv/tetris/extraneous gamebug.html
97.10.21 20:06 B D:\LouisRoehrs\tetris\extraneous\gamebug.html.bak --> vp2.netgate.net /u1/vhome/louis/www/wtv/tetris/extraneous gamebug.html.bak
97.10.21 20:06 B D:\LouisRoehrs\tetris\extraneous\o_game.html --> vp2.netgate.net /u1/vhome/louis/www/wtv/tetris/extraneous o_game.html
97.10.21 20:06 B D:\LouisRoehrs\tetris\extraneous\oldgame.html --> vp2.netgate.net /u1/vhome/louis/www/wtv/tetris/extraneous oldgame.html
97.10.21 20:06 B D:\LouisRoehrs\tetris\extraneous\test.html --> vp2.netgate.net /u1/vhome/louis/www/wtv/tetris/extraneous test.html
97.10.21 20:06 B D:\LouisRoehrs\tetris\extraneous\transparentgame.html --> vp2.netgate.net /u1/vhome/louis/www/wtv/tetris/extraneous transparentgame.html
97.10.21 20:06 B D:\LouisRoehrs\tetris\extraneous\WS_FTP.LOG --> vp2.netgate.net /u1/vhome/louis/www/wtv/tetris/extraneous WS_FTP.LOG
97.10.24 18:41 B D:\LouisRoehrs\tetris\extraneous\bell.html --> vp2.netgate.net /u1/vhome/louis/www/wtv/tetris/extraneous bell.html
97.10.24 18:41 B D:\LouisRoehrs\tetris\extraneous\bellcall.html --> vp2.netgate.net /u1/vhome/louis/www/wtv/tetris/extraneous bellcall.html
97.10.24 18:41 B D:\LouisRoehrs\tetris\extraneous\gamebug.html --> vp2.netgate.net /u1/vhome/louis/www/wtv/tetris/extraneous gamebug.html
97.10.24 18:41 B D:\LouisRoehrs\tetris\extraneous\gamebug.html.bak --> vp2.netgate.net /u1/vhome/louis/www/wtv/tetris/extraneous gamebug.html.bak
97.10.24 18:41 B D:\LouisRoehrs\tetris\extraneous\o_game.html --> vp2.netgate.net /u1/vhome/louis/www/wtv/tetris/extraneous o_game.html
97.10.24 18:41 B D:\LouisRoehrs\tetris\extraneous\oldgame.html --> vp2.netgate.net /u1/vhome/louis/www/wtv/tetris/extraneous oldgame.html
97.10.24 18:41 B D:\LouisRoehrs\tetris\extraneous\test.html --> vp2.netgate.net /u1/vhome/louis/www/wtv/tetris/extraneous test.html
97.10.24 18:41 B D:\LouisRoehrs\tetris\extraneous\transparentgame.html --> vp2.netgate.net /u1/vhome/louis/www/wtv/tetris/extraneous transparentgame.html
