97.11.25 20:37 B C:\AWork\AwebSites\wtv\ASpaceRace\flash\flyin.fla --> vp2.netgate.net /u1/vhome/louis/www/wtv/spacerace/flash flyin.fla
97.11.25 20:37 B C:\AWork\AwebSites\wtv\ASpaceRace\flash\flyin.swf --> vp2.netgate.net /u1/vhome/louis/www/wtv/spacerace/flash flyin.swf
97.11.25 21:42 B C:\AWork\AwebSites\wtv\ASpaceRace\flash\flyin.fla --> vp2.netgate.net /u1/vhome/louis/www/wtv/spacerace/flash flyin.fla
97.11.25 21:42 B C:\AWork\AwebSites\wtv\ASpaceRace\flash\flyin.swf --> vp2.netgate.net /u1/vhome/louis/www/wtv/spacerace/flash flyin.swf
97.11.25 21:47 B C:\AWork\AwebSites\wtv\ASpaceRace\flash\flyin.fla --> vp2.netgate.net /u1/vhome/louis/www/wtv/spacerace/flash flyin.fla
97.11.25 21:47 B C:\AWork\AwebSites\wtv\ASpaceRace\flash\flyin.swf --> vp2.netgate.net /u1/vhome/louis/www/wtv/spacerace/flash flyin.swf
97.11.25 21:52 B C:\AWork\AwebSites\wtv\ASpaceRace\flash\flyin.fla --> vp2.netgate.net /u1/vhome/louis/www/wtv/spacerace/flash flyin.fla
97.11.26 11:57 B C:\AWork\AwebSites\wtv\ASpaceRace\flash\flyin.zip --> vp2.netgate.net /u1/vhome/louis/www/wtv/spacerace/flash flyin.zip
97.12.02 01:54 B C:\AWork\AwebSites\wtv\ASpaceRace\flash\flyin2rings.fla --> vp2.netgate.net /u1/vhome/louis/www/wtv/spacerace/flash flyin2rings.fla
97.12.02 01:54 B C:\AWork\AwebSites\wtv\ASpaceRace\flash\flyin2rings.swf --> vp2.netgate.net /u1/vhome/louis/www/wtv/spacerace/flash flyin2rings.swf
97.12.02 01:54 A C:\AWork\AwebSites\wtv\ASpaceRace\flash\flyin2rings.txt --> vp2.netgate.net /u1/vhome/louis/www/wtv/spacerace/flash flyin2rings.txt
97.12.02 01:55 B C:\AWork\AwebSites\wtv\ASpaceRace\flash\flyin2rings.zip --> vp2.netgate.net /u1/vhome/louis/www/wtv/spacerace/flash flyin2rings.zip
97.12.02 01:58 B C:\AWork\AwebSites\wtv\ASpaceRace\flash\flyin2rings.zip --> vp2.netgate.net /u1/vhome/louis/www/wtv/spacerace/flash flyin2rings.zip
97.12.02 02:02 B C:\AWork\AwebSites\wtv\ASpaceRace\flash\flyin2rings.zip --> vp2.netgate.net /u1/vhome/louis/www/wtv/spacerace/flash flyin2rings.zip
97.12.02 02:05 B C:\AWork\AwebSites\wtv\ASpaceRace\flash\flyin2rings.zip --> vp2.netgate.net /u1/vhome/louis/www/wtv/spacerace/flash flyin2rings.zip
97.12.02 02:14 B C:\AWork\AwebSites\wtv\ASpaceRace\flash\flyin2rings.zip --> vp2.netgate.net /u1/vhome/louis/www/wtv/spacerace/flash flyin2rings.zip
97.12.04 03:14 B C:\AWork\AwebSites\wtv\ASpaceRace\flash\flyin.fla --> vp2.netgate.net /u1/vhome/louis/www/wtv/spacerace/flash flyin.fla
97.12.04 03:14 B C:\AWork\AwebSites\wtv\ASpaceRace\flash\flyin.swf --> vp2.netgate.net /u1/vhome/louis/www/wtv/spacerace/flash flyin.swf
97.12.04 03:14 B C:\AWork\AwebSites\wtv\ASpaceRace\flash\flyin.zip --> vp2.netgate.net /u1/vhome/louis/www/wtv/spacerace/flash flyin.zip
97.12.04 03:14 B C:\AWork\AwebSites\wtv\ASpaceRace\flash\flyin2.fla --> vp2.netgate.net /u1/vhome/louis/www/wtv/spacerace/flash flyin2.fla
97.12.04 03:14 B C:\AWork\AwebSites\wtv\ASpaceRace\flash\flyin2.swf --> vp2.netgate.net /u1/vhome/louis/www/wtv/spacerace/flash flyin2.swf
97.12.04 03:14 B C:\AWork\AwebSites\wtv\ASpaceRace\flash\flyin2rings.fla --> vp2.netgate.net /u1/vhome/louis/www/wtv/spacerace/flash flyin2rings.fla
97.12.04 03:14 B C:\AWork\AwebSites\wtv\ASpaceRace\flash\flyin2rings.swf --> vp2.netgate.net /u1/vhome/louis/www/wtv/spacerace/flash flyin2rings.swf
97.12.04 03:14 A C:\AWork\AwebSites\wtv\ASpaceRace\flash\flyin2rings.txt --> vp2.netgate.net /u1/vhome/louis/www/wtv/spacerace/flash flyin2rings.txt
97.12.04 03:14 B C:\AWork\AwebSites\wtv\ASpaceRace\flash\flyin2rings.zip --> vp2.netgate.net /u1/vhome/louis/www/wtv/spacerace/flash flyin2rings.zip
97.12.04 03:14 B C:\AWork\AwebSites\wtv\ASpaceRace\flash\oxygen.fla --> vp2.netgate.net /u1/vhome/louis/www/wtv/spacerace/flash oxygen.fla
97.12.04 03:14 B C:\AWork\AwebSites\wtv\ASpaceRace\flash\oxygen.spl --> vp2.netgate.net /u1/vhome/louis/www/wtv/spacerace/flash oxygen.spl
97.12.04 03:14 A C:\AWork\AwebSites\wtv\ASpaceRace\flash\oxygen.txt --> vp2.netgate.net /u1/vhome/louis/www/wtv/spacerace/flash oxygen.txt
97.12.04 03:14 B C:\AWork\AwebSites\wtv\ASpaceRace\flash\WS_FTP.LOG --> vp2.netgate.net /u1/vhome/louis/www/wtv/spacerace/flash WS_FTP.LOG
97.12.04 03:51 B C:\AWork\AwebSites\wtv\ASpaceRace\flash\oxygen.spl --> vp2.netgate.net /u1/vhome/louis/www/wtv/spacerace/flash oxygen.spl
97.12.04 03:52 B C:\AWork\AwebSites\wtv\ASpaceRace\flash\oxygen.spl --> vp2.netgate.net /u1/vhome/louis/www/wtv/spacerace/flash oxygen.spl
97.12.04 03:54 B C:\AWork\AwebSites\wtv\ASpaceRace\flash\oxygen.spl --> vp2.netgate.net /u1/vhome/louis/www/wtv/spacerace/flash oxygen.spl
97.12.04 03:55 B C:\AWork\AwebSites\wtv\ASpaceRace\flash\oxygen.spl --> vp2.netgate.net /u1/vhome/louis/www/wtv/spacerace/flash oxygen.spl
97.12.04 03:57 B C:\AWork\AwebSites\wtv\ASpaceRace\flash\oxygen.spl --> vp2.netgate.net /u1/vhome/louis/www/wtv/spacerace/flash oxygen.spl
97.12.04 03:57 B C:\AWork\AwebSites\wtv\ASpaceRace\flash\oxygen.fla --> vp2.netgate.net /u1/vhome/louis/www/wtv/spacerace/flash oxygen.fla
97.12.04 03:59 B C:\AWork\AwebSites\wtv\ASpaceRace\flash\oxygen.fla --> vp2.netgate.net /u1/vhome/louis/www/wtv/spacerace/flash oxygen.fla
97.12.04 03:59 B C:\AWork\AwebSites\wtv\ASpaceRace\flash\oxygen.spl --> vp2.netgate.net /u1/vhome/louis/www/wtv/spacerace/flash oxygen.spl
97.12.04 04:02 B C:\AWork\AwebSites\wtv\ASpaceRace\flash\oxygen.spl --> vp2.netgate.net /u1/vhome/louis/www/wtv/spacerace/flash oxygen.spl
97.12.04 04:02 B C:\AWork\AwebSites\wtv\ASpaceRace\flash\oxygen.fla --> vp2.netgate.net /u1/vhome/louis/www/wtv/spacerace/flash oxygen.fla
97.12.04 04:07 B C:\AWork\AwebSites\wtv\ASpaceRace\flash\oxygen.swf --> vp2.netgate.net /u1/vhome/louis/www/wtv/spacerace/flash oxygen.swf
97.12.04 04:10 B C:\AWork\AwebSites\wtv\ASpaceRace\flash\oxygen.swf --> vp2.netgate.net /u1/vhome/louis/www/wtv/spacerace/flash oxygen.swf
97.12.04 04:15 B C:\AWork\AwebSites\wtv\ASpaceRace\flash\oxygen.swf --> vp2.netgate.net /u1/vhome/louis/www/wtv/spacerace/flash oxygen.swf
97.12.04 04:27 B C:\AWork\AwebSites\wtv\ASpaceRace\flash\oxygen.swf --> vp2.netgate.net /u1/vhome/louis/www/wtv/spacerace/flash oxygen.swf
97.12.04 04:33 B C:\AWork\AwebSites\wtv\ASpaceRace\flash\oxygen.fla --> vp2.netgate.net /u1/vhome/louis/www/wtv/spacerace/flash oxygen.fla
97.12.04 04:33 B C:\AWork\AwebSites\wtv\ASpaceRace\flash\oxygen.swf --> vp2.netgate.net /u1/vhome/louis/www/wtv/spacerace/flash oxygen.swf
97.12.04 04:37 B C:\AWork\AwebSites\wtv\ASpaceRace\flash\oxygen.swf --> vp2.netgate.net /u1/vhome/louis/www/wtv/spacerace/flash oxygen.swf
97.12.04 04:43 B C:\AWork\AwebSites\wtv\ASpaceRace\flash\oxygen.swf --> vp2.netgate.net /u1/vhome/louis/www/wtv/spacerace/flash oxygen.swf
97.12.04 04:45 B C:\AWork\AwebSites\wtv\ASpaceRace\flash\oxygen.zip --> vp2.netgate.net /u1/vhome/louis/www/wtv/spacerace/flash oxygen.zip
97.12.04 04:49 B C:\AWork\AwebSites\wtv\ASpaceRace\flash\oxygen.fla --> vp2.netgate.net /u1/vhome/louis/www/wtv/spacerace/flash oxygen.fla
97.12.04 04:49 B C:\AWork\AwebSites\wtv\ASpaceRace\flash\oxygen.spl --> vp2.netgate.net /u1/vhome/louis/www/wtv/spacerace/flash oxygen.spl
97.12.04 04:49 B C:\AWork\AwebSites\wtv\ASpaceRace\flash\oxygen.swf --> vp2.netgate.net /u1/vhome/louis/www/wtv/spacerace/flash oxygen.swf
97.12.04 04:49 A C:\AWork\AwebSites\wtv\ASpaceRace\flash\oxygen.txt --> vp2.netgate.net /u1/vhome/louis/www/wtv/spacerace/flash oxygen.txt
97.12.04 04:49 B C:\AWork\AwebSites\wtv\ASpaceRace\flash\oxygen.zip --> vp2.netgate.net /u1/vhome/louis/www/wtv/spacerace/flash oxygen.zip
98.04.04 19:34 B C:\AWork\AWebSites\wtv\spacerace\flash\flyin.fla --> vp2.netgate.net /u1/vhome/louis/www/wtv/aspacerace/flash flyin.fla
98.04.04 19:34 B C:\AWork\AWebSites\wtv\spacerace\flash\flyin.swf --> vp2.netgate.net /u1/vhome/louis/www/wtv/aspacerace/flash flyin.swf
98.04.04 19:34 B C:\AWork\AWebSites\wtv\spacerace\flash\flyin.zip --> vp2.netgate.net /u1/vhome/louis/www/wtv/aspacerace/flash flyin.zip
98.04.04 19:34 B C:\AWork\AWebSites\wtv\spacerace\flash\flyin2.fla --> vp2.netgate.net /u1/vhome/louis/www/wtv/aspacerace/flash flyin2.fla
98.04.04 19:34 B C:\AWork\AWebSites\wtv\spacerace\flash\flyin2.swf --> vp2.netgate.net /u1/vhome/louis/www/wtv/aspacerace/flash flyin2.swf
98.04.04 19:34 B C:\AWork\AWebSites\wtv\spacerace\flash\flyin2rings.fla --> vp2.netgate.net /u1/vhome/louis/www/wtv/aspacerace/flash flyin2rings.fla
98.04.04 19:34 B C:\AWork\AWebSites\wtv\spacerace\flash\flyin2rings.swf --> vp2.netgate.net /u1/vhome/louis/www/wtv/aspacerace/flash flyin2rings.swf
98.04.04 19:34 A C:\AWork\AWebSites\wtv\spacerace\flash\flyin2rings.txt --> vp2.netgate.net /u1/vhome/louis/www/wtv/aspacerace/flash flyin2rings.txt
98.04.04 19:34 B C:\AWork\AWebSites\wtv\spacerace\flash\flyin2rings.zip --> vp2.netgate.net /u1/vhome/louis/www/wtv/aspacerace/flash flyin2rings.zip
98.04.04 19:35 B C:\AWork\AWebSites\wtv\spacerace\flash\flyinship.gif --> vp2.netgate.net /u1/vhome/louis/www/wtv/aspacerace/flash flyinship.gif
98.04.04 19:35 B C:\AWork\AWebSites\wtv\spacerace\flash\newship.fla --> vp2.netgate.net /u1/vhome/louis/www/wtv/aspacerace/flash newship.fla
98.04.04 19:35 B C:\AWork\AWebSites\wtv\spacerace\flash\oxygen.fla --> vp2.netgate.net /u1/vhome/louis/www/wtv/aspacerace/flash oxygen.fla
98.04.04 19:35 B C:\AWork\AWebSites\wtv\spacerace\flash\oxygen.spl --> vp2.netgate.net /u1/vhome/louis/www/wtv/aspacerace/flash oxygen.spl
98.04.04 19:35 B C:\AWork\AWebSites\wtv\spacerace\flash\oxygen.swf --> vp2.netgate.net /u1/vhome/louis/www/wtv/aspacerace/flash oxygen.swf
98.04.04 19:35 A C:\AWork\AWebSites\wtv\spacerace\flash\oxygen.txt --> vp2.netgate.net /u1/vhome/louis/www/wtv/aspacerace/flash oxygen.txt
98.04.04 19:35 B C:\AWork\AWebSites\wtv\spacerace\flash\oxygen.zip --> vp2.netgate.net /u1/vhome/louis/www/wtv/aspacerace/flash oxygen.zip
98.04.04 19:35 A C:\AWork\AWebSites\wtv\spacerace\flash\Space-rules.txt --> vp2.netgate.net /u1/vhome/louis/www/wtv/aspacerace/flash Space-rules.txt
