97.10.21 19:53 B D:\LouisRoehrs\makeamatch\alpha3\inalph5_.gif --> vp2.netgate.net /u1/vhome/louis/www/wtv/makeamatch/alpha3 inalph5_.gif
97.10.21 19:53 B D:\LouisRoehrs\makeamatch\alpha3\inalph5a.gif --> vp2.netgate.net /u1/vhome/louis/www/wtv/makeamatch/alpha3 inalph5a.gif
97.10.21 19:53 B D:\LouisRoehrs\makeamatch\alpha3\inalph5b.gif --> vp2.netgate.net /u1/vhome/louis/www/wtv/makeamatch/alpha3 inalph5b.gif
97.10.21 19:53 B D:\LouisRoehrs\makeamatch\alpha3\inalph5c.gif --> vp2.netgate.net /u1/vhome/louis/www/wtv/makeamatch/alpha3 inalph5c.gif
97.10.21 19:53 B D:\LouisRoehrs\makeamatch\alpha3\inalph5d.gif --> vp2.netgate.net /u1/vhome/louis/www/wtv/makeamatch/alpha3 inalph5d.gif
97.10.21 19:53 B D:\LouisRoehrs\makeamatch\alpha3\inalph5e.gif --> vp2.netgate.net /u1/vhome/louis/www/wtv/makeamatch/alpha3 inalph5e.gif
97.10.21 19:53 B D:\LouisRoehrs\makeamatch\alpha3\inalph5f.gif --> vp2.netgate.net /u1/vhome/louis/www/wtv/makeamatch/alpha3 inalph5f.gif
97.10.21 19:53 B D:\LouisRoehrs\makeamatch\alpha3\inalph5g.gif --> vp2.netgate.net /u1/vhome/louis/www/wtv/makeamatch/alpha3 inalph5g.gif
97.10.21 19:53 B D:\LouisRoehrs\makeamatch\alpha3\inalph5h.gif --> vp2.netgate.net /u1/vhome/louis/www/wtv/makeamatch/alpha3 inalph5h.gif
97.10.21 19:53 B D:\LouisRoehrs\makeamatch\alpha3\inalph5i.gif --> vp2.netgate.net /u1/vhome/louis/www/wtv/makeamatch/alpha3 inalph5i.gif
97.10.21 19:53 B D:\LouisRoehrs\makeamatch\alpha3\inalph5j.gif --> vp2.netgate.net /u1/vhome/louis/www/wtv/makeamatch/alpha3 inalph5j.gif
97.10.21 19:53 B D:\LouisRoehrs\makeamatch\alpha3\inalph5k.gif --> vp2.netgate.net /u1/vhome/louis/www/wtv/makeamatch/alpha3 inalph5k.gif
97.10.21 19:53 B D:\LouisRoehrs\makeamatch\alpha3\inalph5l.gif --> vp2.netgate.net /u1/vhome/louis/www/wtv/makeamatch/alpha3 inalph5l.gif
97.10.21 19:53 B D:\LouisRoehrs\makeamatch\alpha3\inalph5m.gif --> vp2.netgate.net /u1/vhome/louis/www/wtv/makeamatch/alpha3 inalph5m.gif
97.10.21 19:53 B D:\LouisRoehrs\makeamatch\alpha3\inalph5n.gif --> vp2.netgate.net /u1/vhome/louis/www/wtv/makeamatch/alpha3 inalph5n.gif
97.10.21 19:53 B D:\LouisRoehrs\makeamatch\alpha3\inalph5o.gif --> vp2.netgate.net /u1/vhome/louis/www/wtv/makeamatch/alpha3 inalph5o.gif
97.10.21 19:53 B D:\LouisRoehrs\makeamatch\alpha3\inalph5p.gif --> vp2.netgate.net /u1/vhome/louis/www/wtv/makeamatch/alpha3 inalph5p.gif
97.10.21 19:53 B D:\LouisRoehrs\makeamatch\alpha3\inalph5q.gif --> vp2.netgate.net /u1/vhome/louis/www/wtv/makeamatch/alpha3 inalph5q.gif
97.10.21 19:53 B D:\LouisRoehrs\makeamatch\alpha3\inalph5r.gif --> vp2.netgate.net /u1/vhome/louis/www/wtv/makeamatch/alpha3 inalph5r.gif
97.10.21 19:53 B D:\LouisRoehrs\makeamatch\alpha3\inalph5s.gif --> vp2.netgate.net /u1/vhome/louis/www/wtv/makeamatch/alpha3 inalph5s.gif
97.10.21 19:53 B D:\LouisRoehrs\makeamatch\alpha3\inalph5t.gif --> vp2.netgate.net /u1/vhome/louis/www/wtv/makeamatch/alpha3 inalph5t.gif
97.10.21 19:53 B D:\LouisRoehrs\makeamatch\alpha3\inalph5u.gif --> vp2.netgate.net /u1/vhome/louis/www/wtv/makeamatch/alpha3 inalph5u.gif
97.10.21 19:53 B D:\LouisRoehrs\makeamatch\alpha3\inalph5v.gif --> vp2.netgate.net /u1/vhome/louis/www/wtv/makeamatch/alpha3 inalph5v.gif
97.10.21 19:53 B D:\LouisRoehrs\makeamatch\alpha3\inalph5w.gif --> vp2.netgate.net /u1/vhome/louis/www/wtv/makeamatch/alpha3 inalph5w.gif
97.10.21 19:53 B D:\LouisRoehrs\makeamatch\alpha3\inalph5x.gif --> vp2.netgate.net /u1/vhome/louis/www/wtv/makeamatch/alpha3 inalph5x.gif
97.10.21 19:53 B D:\LouisRoehrs\makeamatch\alpha3\inalph5y.gif --> vp2.netgate.net /u1/vhome/louis/www/wtv/makeamatch/alpha3 inalph5y.gif
97.10.21 19:53 B D:\LouisRoehrs\makeamatch\alpha3\inalph5z.gif --> vp2.netgate.net /u1/vhome/louis/www/wtv/makeamatch/alpha3 inalph5z.gif
97.10.24 18:32 B D:\LouisRoehrs\makeamatch\alpha3\inalph5_.gif --> vp2.netgate.net /u1/vhome/louis/www/wtv/makeamatch/alpha3 inalph5_.gif
97.10.24 18:32 B D:\LouisRoehrs\makeamatch\alpha3\inalph5a.gif --> vp2.netgate.net /u1/vhome/louis/www/wtv/makeamatch/alpha3 inalph5a.gif
97.10.24 18:32 B D:\LouisRoehrs\makeamatch\alpha3\inalph5b.gif --> vp2.netgate.net /u1/vhome/louis/www/wtv/makeamatch/alpha3 inalph5b.gif
97.10.24 18:32 B D:\LouisRoehrs\makeamatch\alpha3\inalph5c.gif --> vp2.netgate.net /u1/vhome/louis/www/wtv/makeamatch/alpha3 inalph5c.gif
97.10.24 18:32 B D:\LouisRoehrs\makeamatch\alpha3\inalph5d.gif --> vp2.netgate.net /u1/vhome/louis/www/wtv/makeamatch/alpha3 inalph5d.gif
97.10.24 18:32 B D:\LouisRoehrs\makeamatch\alpha3\inalph5e.gif --> vp2.netgate.net /u1/vhome/louis/www/wtv/makeamatch/alpha3 inalph5e.gif
97.10.24 18:32 B D:\LouisRoehrs\makeamatch\alpha3\inalph5f.gif --> vp2.netgate.net /u1/vhome/louis/www/wtv/makeamatch/alpha3 inalph5f.gif
97.10.24 18:32 B D:\LouisRoehrs\makeamatch\alpha3\inalph5g.gif --> vp2.netgate.net /u1/vhome/louis/www/wtv/makeamatch/alpha3 inalph5g.gif
97.10.24 18:32 B D:\LouisRoehrs\makeamatch\alpha3\inalph5h.gif --> vp2.netgate.net /u1/vhome/louis/www/wtv/makeamatch/alpha3 inalph5h.gif
97.10.24 18:32 B D:\LouisRoehrs\makeamatch\alpha3\inalph5i.gif --> vp2.netgate.net /u1/vhome/louis/www/wtv/makeamatch/alpha3 inalph5i.gif
97.10.24 18:32 B D:\LouisRoehrs\makeamatch\alpha3\inalph5j.gif --> vp2.netgate.net /u1/vhome/louis/www/wtv/makeamatch/alpha3 inalph5j.gif
97.10.24 18:32 B D:\LouisRoehrs\makeamatch\alpha3\inalph5k.gif --> vp2.netgate.net /u1/vhome/louis/www/wtv/makeamatch/alpha3 inalph5k.gif
97.10.24 18:32 B D:\LouisRoehrs\makeamatch\alpha3\inalph5l.gif --> vp2.netgate.net /u1/vhome/louis/www/wtv/makeamatch/alpha3 inalph5l.gif
97.10.24 18:32 B D:\LouisRoehrs\makeamatch\alpha3\inalph5m.gif --> vp2.netgate.net /u1/vhome/louis/www/wtv/makeamatch/alpha3 inalph5m.gif
97.10.24 18:32 B D:\LouisRoehrs\makeamatch\alpha3\inalph5n.gif --> vp2.netgate.net /u1/vhome/louis/www/wtv/makeamatch/alpha3 inalph5n.gif
97.10.24 18:32 B D:\LouisRoehrs\makeamatch\alpha3\inalph5o.gif --> vp2.netgate.net /u1/vhome/louis/www/wtv/makeamatch/alpha3 inalph5o.gif
97.10.24 18:32 B D:\LouisRoehrs\makeamatch\alpha3\inalph5p.gif --> vp2.netgate.net /u1/vhome/louis/www/wtv/makeamatch/alpha3 inalph5p.gif
97.10.24 18:32 B D:\LouisRoehrs\makeamatch\alpha3\inalph5q.gif --> vp2.netgate.net /u1/vhome/louis/www/wtv/makeamatch/alpha3 inalph5q.gif
97.10.24 18:32 B D:\LouisRoehrs\makeamatch\alpha3\inalph5r.gif --> vp2.netgate.net /u1/vhome/louis/www/wtv/makeamatch/alpha3 inalph5r.gif
97.10.24 18:32 B D:\LouisRoehrs\makeamatch\alpha3\inalph5s.gif --> vp2.netgate.net /u1/vhome/louis/www/wtv/makeamatch/alpha3 inalph5s.gif
97.10.24 18:32 B D:\LouisRoehrs\makeamatch\alpha3\inalph5t.gif --> vp2.netgate.net /u1/vhome/louis/www/wtv/makeamatch/alpha3 inalph5t.gif
97.10.24 18:32 B D:\LouisRoehrs\makeamatch\alpha3\inalph5u.gif --> vp2.netgate.net /u1/vhome/louis/www/wtv/makeamatch/alpha3 inalph5u.gif
97.10.24 18:32 B D:\LouisRoehrs\makeamatch\alpha3\inalph5v.gif --> vp2.netgate.net /u1/vhome/louis/www/wtv/makeamatch/alpha3 inalph5v.gif
97.10.24 18:32 B D:\LouisRoehrs\makeamatch\alpha3\inalph5w.gif --> vp2.netgate.net /u1/vhome/louis/www/wtv/makeamatch/alpha3 inalph5w.gif
97.10.24 18:32 B D:\LouisRoehrs\makeamatch\alpha3\inalph5x.gif --> vp2.netgate.net /u1/vhome/louis/www/wtv/makeamatch/alpha3 inalph5x.gif
97.10.24 18:32 B D:\LouisRoehrs\makeamatch\alpha3\inalph5y.gif --> vp2.netgate.net /u1/vhome/louis/www/wtv/makeamatch/alpha3 inalph5y.gif
97.10.24 18:32 B D:\LouisRoehrs\makeamatch\alpha3\inalph5z.gif --> vp2.netgate.net /u1/vhome/louis/www/wtv/makeamatch/alpha3 inalph5z.gif
