97.03.26 20:08 B C:\newUI\ads\clear.gif --> vp2.netgate.net /u1/vhome/louis/www/portfolio/newUI/ads clear.gif
97.03.26 20:08 B C:\newUI\ads\cscafe.jpg --> vp2.netgate.net /u1/vhome/louis/www/portfolio/newUI/ads cscafe.jpg
97.03.26 20:08 B C:\newUI\ads\dsc6.gif --> vp2.netgate.net /u1/vhome/louis/www/portfolio/newUI/ads dsc6.gif
97.03.26 20:08 B C:\newUI\ads\futurelogo.gif --> vp2.netgate.net /u1/vhome/louis/www/portfolio/newUI/ads futurelogo.gif
97.03.26 20:09 B C:\newUI\ads\gift.jpg --> vp2.netgate.net /u1/vhome/louis/www/portfolio/newUI/ads gift.jpg
97.03.26 20:09 B C:\newUI\ads\glblogo.gif --> vp2.netgate.net /u1/vhome/louis/www/portfolio/newUI/ads glblogo.gif
97.03.26 20:09 B C:\newUI\ads\homeApp.gif --> vp2.netgate.net /u1/vhome/louis/www/portfolio/newUI/ads homeApp.gif
97.03.26 20:09 B C:\newUI\ads\hotdog.jpg --> vp2.netgate.net /u1/vhome/louis/www/portfolio/newUI/ads hotdog.jpg
97.03.26 20:09 B C:\newUI\ads\levis.gif --> vp2.netgate.net /u1/vhome/louis/www/portfolio/newUI/ads levis.gif
97.03.26 20:09 B C:\newUI\ads\mclean.gif --> vp2.netgate.net /u1/vhome/louis/www/portfolio/newUI/ads mclean.gif
97.03.26 20:09 B C:\newUI\ads\yakabe.gif --> vp2.netgate.net /u1/vhome/louis/www/portfolio/newUI/ads yakabe.gif
97.03.26 20:44 B C:\newUI\ads\clear.gif --> vp2.netgate.net /u1/vhome/louis/www/portfolio/newUI/ads clear.gif
97.03.26 20:44 B C:\newUI\ads\cscafe.jpg --> vp2.netgate.net /u1/vhome/louis/www/portfolio/newUI/ads cscafe.jpg
97.03.26 20:44 B C:\newUI\ads\dsc6.gif --> vp2.netgate.net /u1/vhome/louis/www/portfolio/newUI/ads dsc6.gif
97.03.26 20:44 B C:\newUI\ads\futurelogo.gif --> vp2.netgate.net /u1/vhome/louis/www/portfolio/newUI/ads futurelogo.gif
97.03.26 20:44 B C:\newUI\ads\gift.jpg --> vp2.netgate.net /u1/vhome/louis/www/portfolio/newUI/ads gift.jpg
97.03.26 20:44 B C:\newUI\ads\glblogo.gif --> vp2.netgate.net /u1/vhome/louis/www/portfolio/newUI/ads glblogo.gif
97.03.26 20:44 B C:\newUI\ads\homeApp.gif --> vp2.netgate.net /u1/vhome/louis/www/portfolio/newUI/ads homeApp.gif
97.03.26 20:44 B C:\newUI\ads\hotdog.jpg --> vp2.netgate.net /u1/vhome/louis/www/portfolio/newUI/ads hotdog.jpg
97.03.26 20:44 B C:\newUI\ads\levis.gif --> vp2.netgate.net /u1/vhome/louis/www/portfolio/newUI/ads levis.gif
97.03.26 20:44 B C:\newUI\ads\mclean.gif --> vp2.netgate.net /u1/vhome/louis/www/portfolio/newUI/ads mclean.gif
97.03.26 20:44 B C:\newUI\ads\WS_FTP.LOG --> vp2.netgate.net /u1/vhome/louis/www/portfolio/newUI/ads WS_FTP.LOG
97.03.26 20:44 B C:\newUI\ads\yakabe.gif --> vp2.netgate.net /u1/vhome/louis/www/portfolio/newUI/ads yakabe.gif
97.03.26 21:34 B C:\newUI\ads\clear.gif --> vp2.netgate.net /u1/vhome/louis/www/portfolio/newUI/ads clear.gif
97.03.26 21:34 B C:\newUI\ads\cscafe.jpg --> vp2.netgate.net /u1/vhome/louis/www/portfolio/newUI/ads cscafe.jpg
97.03.26 21:34 B C:\newUI\ads\dsc6.gif --> vp2.netgate.net /u1/vhome/louis/www/portfolio/newUI/ads dsc6.gif
97.03.26 21:34 B C:\newUI\ads\futurelogo.gif --> vp2.netgate.net /u1/vhome/louis/www/portfolio/newUI/ads futurelogo.gif
97.03.26 21:34 B C:\newUI\ads\gift.jpg --> vp2.netgate.net /u1/vhome/louis/www/portfolio/newUI/ads gift.jpg
97.03.26 21:34 B C:\newUI\ads\glblogo.gif --> vp2.netgate.net /u1/vhome/louis/www/portfolio/newUI/ads glblogo.gif
97.03.26 21:34 B C:\newUI\ads\homeApp.gif --> vp2.netgate.net /u1/vhome/louis/www/portfolio/newUI/ads homeApp.gif
97.03.26 21:34 B C:\newUI\ads\hotdog.jpg --> vp2.netgate.net /u1/vhome/louis/www/portfolio/newUI/ads hotdog.jpg
97.03.26 21:34 B C:\newUI\ads\levis.gif --> vp2.netgate.net /u1/vhome/louis/www/portfolio/newUI/ads levis.gif
97.03.26 21:34 B C:\newUI\ads\mclean.gif --> vp2.netgate.net /u1/vhome/louis/www/portfolio/newUI/ads mclean.gif
