98.01.21 19:30 A C:\Louis\wordfind\Entertainment\Fakespeare.tmpl <-- content /home/content/webtv.disco/content/explore2d/programming/wordfind/Entertainment Fakespeare.tmpl
98.01.21 19:30 A C:\Louis\wordfind\Entertainment\Fakespeare.tmpl --> www.woofie.com /u1/vhome/louis/www/wtv/wordfind/Entertainment Fakespeare.tmpl
98.01.21 19:30 A C:\Louis\wordfind\Entertainment\WS_FTP.LOG --> www.woofie.com /u1/vhome/louis/www/wtv/wordfind/Entertainment WS_FTP.LOG
98.02.19 19:52 A C:\Louis\wordfind\entertainment\Fakespeare.tmpl --> www.woofie.com /u1/vhome/louis/www/wtv/wordfind/entertainment Fakespeare.tmpl
98.02.19 19:52 B C:\Louis\wordfind\entertainment\WS_FTP.LOG --> www.woofie.com /u1/vhome/louis/www/wtv/wordfind/entertainment WS_FTP.LOG
98.05.18 20:07 A C:\Louis\wordfind\games\0.tmpl <-- contnxt /home/contnxt/network.main/content/installed/explore2d/programming/wordfind/games 0.tmpl
98.05.18 20:07 A C:\Louis\wordfind\games\1.tmpl <-- contnxt /home/contnxt/network.main/content/installed/explore2d/programming/wordfind/games 1.tmpl
98.05.18 20:07 A C:\Louis\wordfind\games\10.tmpl <-- contnxt /home/contnxt/network.main/content/installed/explore2d/programming/wordfind/games 10.tmpl
98.05.18 20:07 A C:\Louis\wordfind\games\11.tmpl <-- contnxt /home/contnxt/network.main/content/installed/explore2d/programming/wordfind/games 11.tmpl
98.05.18 20:07 A C:\Louis\wordfind\games\12.tmpl <-- contnxt /home/contnxt/network.main/content/installed/explore2d/programming/wordfind/games 12.tmpl
98.05.18 20:07 A C:\Louis\wordfind\games\13.tmpl <-- contnxt /home/contnxt/network.main/content/installed/explore2d/programming/wordfind/games 13.tmpl
98.05.18 20:07 A C:\Louis\wordfind\games\14.tmpl <-- contnxt /home/contnxt/network.main/content/installed/explore2d/programming/wordfind/games 14.tmpl
98.05.18 20:07 A C:\Louis\wordfind\games\15.tmpl <-- contnxt /home/contnxt/network.main/content/installed/explore2d/programming/wordfind/games 15.tmpl
98.05.18 20:07 A C:\Louis\wordfind\games\16.tmpl <-- contnxt /home/contnxt/network.main/content/installed/explore2d/programming/wordfind/games 16.tmpl
98.05.18 20:07 A C:\Louis\wordfind\games\17.tmpl <-- contnxt /home/contnxt/network.main/content/installed/explore2d/programming/wordfind/games 17.tmpl
98.05.18 20:07 A C:\Louis\wordfind\games\18.tmpl <-- contnxt /home/contnxt/network.main/content/installed/explore2d/programming/wordfind/games 18.tmpl
98.05.18 20:07 A C:\Louis\wordfind\games\19.tmpl <-- contnxt /home/contnxt/network.main/content/installed/explore2d/programming/wordfind/games 19.tmpl
98.05.18 20:07 A C:\Louis\wordfind\games\2.tmpl <-- contnxt /home/contnxt/network.main/content/installed/explore2d/programming/wordfind/games 2.tmpl
98.05.18 20:07 A C:\Louis\wordfind\games\20.tmpl <-- contnxt /home/contnxt/network.main/content/installed/explore2d/programming/wordfind/games 20.tmpl
98.05.18 20:07 A C:\Louis\wordfind\games\21.tmpl <-- contnxt /home/contnxt/network.main/content/installed/explore2d/programming/wordfind/games 21.tmpl
98.05.18 20:07 A C:\Louis\wordfind\games\22.tmpl <-- contnxt /home/contnxt/network.main/content/installed/explore2d/programming/wordfind/games 22.tmpl
98.05.18 20:07 A C:\Louis\wordfind\games\23.tmpl <-- contnxt /home/contnxt/network.main/content/installed/explore2d/programming/wordfind/games 23.tmpl
98.05.18 20:07 A C:\Louis\wordfind\games\24.tmpl <-- contnxt /home/contnxt/network.main/content/installed/explore2d/programming/wordfind/games 24.tmpl
98.05.18 20:07 A C:\Louis\wordfind\games\25.tmpl <-- contnxt /home/contnxt/network.main/content/installed/explore2d/programming/wordfind/games 25.tmpl
98.05.18 20:07 A C:\Louis\wordfind\games\26.tmpl <-- contnxt /home/contnxt/network.main/content/installed/explore2d/programming/wordfind/games 26.tmpl
98.05.18 20:07 A C:\Louis\wordfind\games\27.tmpl <-- contnxt /home/contnxt/network.main/content/installed/explore2d/programming/wordfind/games 27.tmpl
98.05.18 20:07 A C:\Louis\wordfind\games\28.tmpl <-- contnxt /home/contnxt/network.main/content/installed/explore2d/programming/wordfind/games 28.tmpl
98.05.18 20:07 A C:\Louis\wordfind\games\29.tmpl <-- contnxt /home/contnxt/network.main/content/installed/explore2d/programming/wordfind/games 29.tmpl
98.05.18 20:07 A C:\Louis\wordfind\games\3.tmpl <-- contnxt /home/contnxt/network.main/content/installed/explore2d/programming/wordfind/games 3.tmpl
98.05.18 20:07 A C:\Louis\wordfind\games\4.tmpl <-- contnxt /home/contnxt/network.main/content/installed/explore2d/programming/wordfind/games 4.tmpl
98.05.18 20:07 A C:\Louis\wordfind\games\5.tmpl <-- contnxt /home/contnxt/network.main/content/installed/explore2d/programming/wordfind/games 5.tmpl
98.05.18 20:07 A C:\Louis\wordfind\games\6.tmpl <-- contnxt /home/contnxt/network.main/content/installed/explore2d/programming/wordfind/games 6.tmpl
98.05.18 20:07 A C:\Louis\wordfind\games\7.tmpl <-- contnxt /home/contnxt/network.main/content/installed/explore2d/programming/wordfind/games 7.tmpl
98.05.18 20:07 A C:\Louis\wordfind\games\8.tmpl <-- contnxt /home/contnxt/network.main/content/installed/explore2d/programming/wordfind/games 8.tmpl
98.05.18 20:07 A C:\Louis\wordfind\games\9.tmpl <-- contnxt /home/contnxt/network.main/content/installed/explore2d/programming/wordfind/games 9.tmpl
98.05.18 20:13 A C:\Louis\wordfind\games\0.tmpl --> homeless.artemis.com /home/contnxt/network.main/content/installed/explore2d/programming/wordfind/games 0.tmpl
98.05.18 20:13 A C:\Louis\wordfind\games\1.tmpl --> homeless.artemis.com /home/contnxt/network.main/content/installed/explore2d/programming/wordfind/games 1.tmpl
98.05.18 20:13 A C:\Louis\wordfind\games\10.tmpl --> homeless.artemis.com /home/contnxt/network.main/content/installed/explore2d/programming/wordfind/games 10.tmpl
98.05.18 20:13 A C:\Louis\wordfind\games\11.tmpl --> homeless.artemis.com /home/contnxt/network.main/content/installed/explore2d/programming/wordfind/games 11.tmpl
98.05.18 20:13 A C:\Louis\wordfind\games\12.tmpl --> homeless.artemis.com /home/contnxt/network.main/content/installed/explore2d/programming/wordfind/games 12.tmpl
98.05.18 20:13 A C:\Louis\wordfind\games\13.tmpl --> homeless.artemis.com /home/contnxt/network.main/content/installed/explore2d/programming/wordfind/games 13.tmpl
98.05.18 20:13 A C:\Louis\wordfind\games\14.tmpl --> homeless.artemis.com /home/contnxt/network.main/content/installed/explore2d/programming/wordfind/games 14.tmpl
98.05.18 20:13 A C:\Louis\wordfind\games\15.tmpl --> homeless.artemis.com /home/contnxt/network.main/content/installed/explore2d/programming/wordfind/games 15.tmpl
98.05.18 20:13 A C:\Louis\wordfind\games\16.tmpl --> homeless.artemis.com /home/contnxt/network.main/content/installed/explore2d/programming/wordfind/games 16.tmpl
98.05.18 20:13 A C:\Louis\wordfind\games\17.tmpl --> homeless.artemis.com /home/contnxt/network.main/content/installed/explore2d/programming/wordfind/games 17.tmpl
98.05.18 20:13 A C:\Louis\wordfind\games\18.tmpl --> homeless.artemis.com /home/contnxt/network.main/content/installed/explore2d/programming/wordfind/games 18.tmpl
98.05.18 20:13 A C:\Louis\wordfind\games\19.tmpl --> homeless.artemis.com /home/contnxt/network.main/content/installed/explore2d/programming/wordfind/games 19.tmpl
98.05.18 20:13 A C:\Louis\wordfind\games\2.tmpl --> homeless.artemis.com /home/contnxt/network.main/content/installed/explore2d/programming/wordfind/games 2.tmpl
98.05.18 20:13 A C:\Louis\wordfind\games\20.tmpl --> homeless.artemis.com /home/contnxt/network.main/content/installed/explore2d/programming/wordfind/games 20.tmpl
98.05.18 20:13 A C:\Louis\wordfind\games\21.tmpl --> homeless.artemis.com /home/contnxt/network.main/content/installed/explore2d/programming/wordfind/games 21.tmpl
98.05.18 20:13 A C:\Louis\wordfind\games\22.tmpl --> homeless.artemis.com /home/contnxt/network.main/content/installed/explore2d/programming/wordfind/games 22.tmpl
98.05.18 20:13 A C:\Louis\wordfind\games\23.tmpl --> homeless.artemis.com /home/contnxt/network.main/content/installed/explore2d/programming/wordfind/games 23.tmpl
98.05.18 20:13 A C:\Louis\wordfind\games\24.tmpl --> homeless.artemis.com /home/contnxt/network.main/content/installed/explore2d/programming/wordfind/games 24.tmpl
98.05.18 20:13 A C:\Louis\wordfind\games\25.tmpl --> homeless.artemis.com /home/contnxt/network.main/content/installed/explore2d/programming/wordfind/games 25.tmpl
98.05.18 20:13 A C:\Louis\wordfind\games\26.tmpl --> homeless.artemis.com /home/contnxt/network.main/content/installed/explore2d/programming/wordfind/games 26.tmpl
98.05.18 20:13 A C:\Louis\wordfind\games\27.tmpl --> homeless.artemis.com /home/contnxt/network.main/content/installed/explore2d/programming/wordfind/games 27.tmpl
98.05.18 20:13 A C:\Louis\wordfind\games\28.tmpl --> homeless.artemis.com /home/contnxt/network.main/content/installed/explore2d/programming/wordfind/games 28.tmpl
98.05.18 20:13 A C:\Louis\wordfind\games\29.tmpl --> homeless.artemis.com /home/contnxt/network.main/content/installed/explore2d/programming/wordfind/games 29.tmpl
98.05.18 20:13 A C:\Louis\wordfind\games\3.tmpl --> homeless.artemis.com /home/contnxt/network.main/content/installed/explore2d/programming/wordfind/games 3.tmpl
98.05.18 20:13 A C:\Louis\wordfind\games\4.tmpl --> homeless.artemis.com /home/contnxt/network.main/content/installed/explore2d/programming/wordfind/games 4.tmpl
98.05.18 20:13 A C:\Louis\wordfind\games\5.tmpl --> homeless.artemis.com /home/contnxt/network.main/content/installed/explore2d/programming/wordfind/games 5.tmpl
98.05.18 20:14 A C:\Louis\wordfind\games\6.tmpl --> homeless.artemis.com /home/contnxt/network.main/content/installed/explore2d/programming/wordfind/games 6.tmpl
98.05.18 20:14 A C:\Louis\wordfind\games\7.tmpl --> homeless.artemis.com /home/contnxt/network.main/content/installed/explore2d/programming/wordfind/games 7.tmpl
98.05.18 20:14 A C:\Louis\wordfind\games\8.tmpl --> homeless.artemis.com /home/contnxt/network.main/content/installed/explore2d/programming/wordfind/games 8.tmpl
98.05.18 20:14 A C:\Louis\wordfind\games\9.tmpl --> homeless.artemis.com /home/contnxt/network.main/content/installed/explore2d/programming/wordfind/games 9.tmpl
98.05.18 20:19 A C:\Louis\wordfind\games\0.tmpl --> homeless.artemis.com /home/contnxt/network.main/content/installed/explore2d/programming/wordfind/games 0.tmpl
98.05.18 20:19 A C:\Louis\wordfind\games\1.tmpl --> homeless.artemis.com /home/contnxt/network.main/content/installed/explore2d/programming/wordfind/games 1.tmpl
98.05.18 20:19 A C:\Louis\wordfind\games\10.tmpl --> homeless.artemis.com /home/contnxt/network.main/content/installed/explore2d/programming/wordfind/games 10.tmpl
98.05.18 20:19 A C:\Louis\wordfind\games\11.tmpl --> homeless.artemis.com /home/contnxt/network.main/content/installed/explore2d/programming/wordfind/games 11.tmpl
98.05.18 20:19 A C:\Louis\wordfind\games\12.tmpl --> homeless.artemis.com /home/contnxt/network.main/content/installed/explore2d/programming/wordfind/games 12.tmpl
98.05.18 20:19 A C:\Louis\wordfind\games\13.tmpl --> homeless.artemis.com /home/contnxt/network.main/content/installed/explore2d/programming/wordfind/games 13.tmpl
98.05.18 20:19 A C:\Louis\wordfind\games\14.tmpl --> homeless.artemis.com /home/contnxt/network.main/content/installed/explore2d/programming/wordfind/games 14.tmpl
98.05.18 20:19 A C:\Louis\wordfind\games\15.tmpl --> homeless.artemis.com /home/contnxt/network.main/content/installed/explore2d/programming/wordfind/games 15.tmpl
98.05.18 20:19 A C:\Louis\wordfind\games\16.tmpl --> homeless.artemis.com /home/contnxt/network.main/content/installed/explore2d/programming/wordfind/games 16.tmpl
98.05.18 20:19 A C:\Louis\wordfind\games\17.tmpl --> homeless.artemis.com /home/contnxt/network.main/content/installed/explore2d/programming/wordfind/games 17.tmpl
98.05.18 20:19 A C:\Louis\wordfind\games\18.tmpl --> homeless.artemis.com /home/contnxt/network.main/content/installed/explore2d/programming/wordfind/games 18.tmpl
98.05.18 20:19 A C:\Louis\wordfind\games\19.tmpl --> homeless.artemis.com /home/contnxt/network.main/content/installed/explore2d/programming/wordfind/games 19.tmpl
98.05.18 20:19 A C:\Louis\wordfind\games\2.tmpl --> homeless.artemis.com /home/contnxt/network.main/content/installed/explore2d/programming/wordfind/games 2.tmpl
98.05.18 20:19 A C:\Louis\wordfind\games\20.tmpl --> homeless.artemis.com /home/contnxt/network.main/content/installed/explore2d/programming/wordfind/games 20.tmpl
98.05.18 20:19 A C:\Louis\wordfind\games\21.tmpl --> homeless.artemis.com /home/contnxt/network.main/content/installed/explore2d/programming/wordfind/games 21.tmpl
98.05.18 20:19 A C:\Louis\wordfind\games\22.tmpl --> homeless.artemis.com /home/contnxt/network.main/content/installed/explore2d/programming/wordfind/games 22.tmpl
98.05.18 20:19 A C:\Louis\wordfind\games\23.tmpl --> homeless.artemis.com /home/contnxt/network.main/content/installed/explore2d/programming/wordfind/games 23.tmpl
98.05.18 20:19 A C:\Louis\wordfind\games\24.tmpl --> homeless.artemis.com /home/contnxt/network.main/content/installed/explore2d/programming/wordfind/games 24.tmpl
98.05.18 20:19 A C:\Louis\wordfind\games\25.tmpl --> homeless.artemis.com /home/contnxt/network.main/content/installed/explore2d/programming/wordfind/games 25.tmpl
98.05.18 20:19 A C:\Louis\wordfind\games\26.tmpl --> homeless.artemis.com /home/contnxt/network.main/content/installed/explore2d/programming/wordfind/games 26.tmpl
98.05.18 20:19 A C:\Louis\wordfind\games\27.tmpl --> homeless.artemis.com /home/contnxt/network.main/content/installed/explore2d/programming/wordfind/games 27.tmpl
98.05.18 20:19 A C:\Louis\wordfind\games\28.tmpl --> homeless.artemis.com /home/contnxt/network.main/content/installed/explore2d/programming/wordfind/games 28.tmpl
98.05.18 20:19 A C:\Louis\wordfind\games\29.tmpl --> homeless.artemis.com /home/contnxt/network.main/content/installed/explore2d/programming/wordfind/games 29.tmpl
98.05.18 20:19 A C:\Louis\wordfind\games\3.tmpl --> homeless.artemis.com /home/contnxt/network.main/content/installed/explore2d/programming/wordfind/games 3.tmpl
98.05.18 20:19 A C:\Louis\wordfind\games\4.tmpl --> homeless.artemis.com /home/contnxt/network.main/content/installed/explore2d/programming/wordfind/games 4.tmpl
98.05.18 20:19 A C:\Louis\wordfind\games\5.tmpl --> homeless.artemis.com /home/contnxt/network.main/content/installed/explore2d/programming/wordfind/games 5.tmpl
98.05.18 20:19 A C:\Louis\wordfind\games\6.tmpl --> homeless.artemis.com /home/contnxt/network.main/content/installed/explore2d/programming/wordfind/games 6.tmpl
98.05.18 20:19 A C:\Louis\wordfind\games\7.tmpl --> homeless.artemis.com /home/contnxt/network.main/content/installed/explore2d/programming/wordfind/games 7.tmpl
98.05.18 20:19 A C:\Louis\wordfind\games\8.tmpl --> homeless.artemis.com /home/contnxt/network.main/content/installed/explore2d/programming/wordfind/games 8.tmpl
98.05.18 20:19 A C:\Louis\wordfind\games\9.tmpl --> homeless.artemis.com /home/contnxt/network.main/content/installed/explore2d/programming/wordfind/games 9.tmpl
98.05.18 20:22 A C:\Louis\wordfind\games\0.tmpl --> homeless.artemis.com /home/contnxt/network.main/content/installed/explore2d/programming/wordfind/games 0.tmpl
98.05.18 20:24 A C:\Louis\wordfind\games\5.tmpl --> homeless.artemis.com /home/contnxt/network.main/content/installed/explore2d/programming/wordfind/games 5.tmpl
98.05.18 20:32 A C:\Louis\wordfind\games\21.tmpl --> homeless.artemis.com /home/contnxt/network.main/content/installed/explore2d/programming/wordfind/games 21.tmpl
98.05.18 20:33 A C:\Louis\wordfind\games\21.tmpl --> homeless.artemis.com /home/contnxt/network.main/content/installed/explore2d/programming/wordfind/games 21.tmpl
98.05.18 20:35 A C:\Louis\wordfind\games\24.tmpl --> homeless.artemis.com /home/contnxt/network.main/content/installed/explore2d/programming/wordfind/games 24.tmpl
98.05.19 14:47 A C:\Louis\wordfind\games\0.tmpl --> homeless.artemis.com /home/content/webtv.disco/content/explore2d/programming/wordfind/games 0.tmpl
98.05.19 14:47 A C:\Louis\wordfind\games\1.tmpl --> homeless.artemis.com /home/content/webtv.disco/content/explore2d/programming/wordfind/games 1.tmpl
98.05.19 14:47 A C:\Louis\wordfind\games\10.tmpl --> homeless.artemis.com /home/content/webtv.disco/content/explore2d/programming/wordfind/games 10.tmpl
98.05.19 14:47 A C:\Louis\wordfind\games\11.tmpl --> homeless.artemis.com /home/content/webtv.disco/content/explore2d/programming/wordfind/games 11.tmpl
98.05.19 14:47 A C:\Louis\wordfind\games\12.tmpl --> homeless.artemis.com /home/content/webtv.disco/content/explore2d/programming/wordfind/games 12.tmpl
98.05.19 14:47 A C:\Louis\wordfind\games\13.tmpl --> homeless.artemis.com /home/content/webtv.disco/content/explore2d/programming/wordfind/games 13.tmpl
98.05.19 14:47 A C:\Louis\wordfind\games\14.tmpl --> homeless.artemis.com /home/content/webtv.disco/content/explore2d/programming/wordfind/games 14.tmpl
98.05.19 14:47 A C:\Louis\wordfind\games\15.tmpl --> homeless.artemis.com /home/content/webtv.disco/content/explore2d/programming/wordfind/games 15.tmpl
98.05.19 14:47 A C:\Louis\wordfind\games\16.tmpl --> homeless.artemis.com /home/content/webtv.disco/content/explore2d/programming/wordfind/games 16.tmpl
98.05.19 14:47 A C:\Louis\wordfind\games\17.tmpl --> homeless.artemis.com /home/content/webtv.disco/content/explore2d/programming/wordfind/games 17.tmpl
98.05.19 14:47 A C:\Louis\wordfind\games\18.tmpl --> homeless.artemis.com /home/content/webtv.disco/content/explore2d/programming/wordfind/games 18.tmpl
98.05.19 14:47 A C:\Louis\wordfind\games\19.tmpl --> homeless.artemis.com /home/content/webtv.disco/content/explore2d/programming/wordfind/games 19.tmpl
98.05.19 14:47 A C:\Louis\wordfind\games\2.tmpl --> homeless.artemis.com /home/content/webtv.disco/content/explore2d/programming/wordfind/games 2.tmpl
98.05.19 14:47 A C:\Louis\wordfind\games\20.tmpl --> homeless.artemis.com /home/content/webtv.disco/content/explore2d/programming/wordfind/games 20.tmpl
98.05.19 14:47 A C:\Louis\wordfind\games\21.tmpl --> homeless.artemis.com /home/content/webtv.disco/content/explore2d/programming/wordfind/games 21.tmpl
98.05.19 14:47 A C:\Louis\wordfind\games\22.tmpl --> homeless.artemis.com /home/content/webtv.disco/content/explore2d/programming/wordfind/games 22.tmpl
98.05.19 14:47 A C:\Louis\wordfind\games\23.tmpl --> homeless.artemis.com /home/content/webtv.disco/content/explore2d/programming/wordfind/games 23.tmpl
98.05.19 14:47 A C:\Louis\wordfind\games\24.tmpl --> homeless.artemis.com /home/content/webtv.disco/content/explore2d/programming/wordfind/games 24.tmpl
98.05.19 14:47 A C:\Louis\wordfind\games\25.tmpl --> homeless.artemis.com /home/content/webtv.disco/content/explore2d/programming/wordfind/games 25.tmpl
98.05.19 14:47 A C:\Louis\wordfind\games\26.tmpl --> homeless.artemis.com /home/content/webtv.disco/content/explore2d/programming/wordfind/games 26.tmpl
98.05.19 14:47 A C:\Louis\wordfind\games\27.tmpl --> homeless.artemis.com /home/content/webtv.disco/content/explore2d/programming/wordfind/games 27.tmpl
98.05.19 14:47 A C:\Louis\wordfind\games\28.tmpl --> homeless.artemis.com /home/content/webtv.disco/content/explore2d/programming/wordfind/games 28.tmpl
98.05.19 14:47 A C:\Louis\wordfind\games\29.tmpl --> homeless.artemis.com /home/content/webtv.disco/content/explore2d/programming/wordfind/games 29.tmpl
98.05.19 14:47 A C:\Louis\wordfind\games\3.tmpl --> homeless.artemis.com /home/content/webtv.disco/content/explore2d/programming/wordfind/games 3.tmpl
98.05.19 14:47 A C:\Louis\wordfind\games\4.tmpl --> homeless.artemis.com /home/content/webtv.disco/content/explore2d/programming/wordfind/games 4.tmpl
98.05.19 14:47 A C:\Louis\wordfind\games\5.tmpl --> homeless.artemis.com /home/content/webtv.disco/content/explore2d/programming/wordfind/games 5.tmpl
98.05.19 14:47 A C:\Louis\wordfind\games\6.tmpl --> homeless.artemis.com /home/content/webtv.disco/content/explore2d/programming/wordfind/games 6.tmpl
98.05.19 14:47 A C:\Louis\wordfind\games\7.tmpl --> homeless.artemis.com /home/content/webtv.disco/content/explore2d/programming/wordfind/games 7.tmpl
98.05.19 14:47 A C:\Louis\wordfind\games\8.tmpl --> homeless.artemis.com /home/content/webtv.disco/content/explore2d/programming/wordfind/games 8.tmpl
98.05.19 14:47 A C:\Louis\wordfind\games\9.tmpl --> homeless.artemis.com /home/content/webtv.disco/content/explore2d/programming/wordfind/games 9.tmpl
98.05.19 14:47 B C:\Louis\wordfind\games\WS_FTP.LOG --> homeless.artemis.com /home/content/webtv.disco/content/explore2d/programming/wordfind/games WS_FTP.LOG
98.05.21 17:37 A C:\Louis\wordfind\games\0.tmpl --> www.woofie.com /u1/vhome/louis/www/wtv/wordfind/games 0.tmpl
98.05.21 17:37 A C:\Louis\wordfind\games\1.tmpl --> www.woofie.com /u1/vhome/louis/www/wtv/wordfind/games 1.tmpl
98.05.21 17:37 A C:\Louis\wordfind\games\10.tmpl --> www.woofie.com /u1/vhome/louis/www/wtv/wordfind/games 10.tmpl
98.05.21 17:37 A C:\Louis\wordfind\games\11.tmpl --> www.woofie.com /u1/vhome/louis/www/wtv/wordfind/games 11.tmpl
98.05.21 17:37 A C:\Louis\wordfind\games\12.tmpl --> www.woofie.com /u1/vhome/louis/www/wtv/wordfind/games 12.tmpl
98.05.21 17:37 A C:\Louis\wordfind\games\13.tmpl --> www.woofie.com /u1/vhome/louis/www/wtv/wordfind/games 13.tmpl
98.05.21 17:37 A C:\Louis\wordfind\games\14.tmpl --> www.woofie.com /u1/vhome/louis/www/wtv/wordfind/games 14.tmpl
98.05.21 17:37 A C:\Louis\wordfind\games\15.tmpl --> www.woofie.com /u1/vhome/louis/www/wtv/wordfind/games 15.tmpl
98.05.21 17:37 A C:\Louis\wordfind\games\16.tmpl --> www.woofie.com /u1/vhome/louis/www/wtv/wordfind/games 16.tmpl
98.05.21 17:37 A C:\Louis\wordfind\games\17.tmpl --> www.woofie.com /u1/vhome/louis/www/wtv/wordfind/games 17.tmpl
98.05.21 17:37 A C:\Louis\wordfind\games\18.tmpl --> www.woofie.com /u1/vhome/louis/www/wtv/wordfind/games 18.tmpl
98.05.21 17:37 A C:\Louis\wordfind\games\19.tmpl --> www.woofie.com /u1/vhome/louis/www/wtv/wordfind/games 19.tmpl
98.05.21 17:37 A C:\Louis\wordfind\games\2.tmpl --> www.woofie.com /u1/vhome/louis/www/wtv/wordfind/games 2.tmpl
98.05.21 17:37 A C:\Louis\wordfind\games\20.tmpl --> www.woofie.com /u1/vhome/louis/www/wtv/wordfind/games 20.tmpl
98.05.21 17:37 A C:\Louis\wordfind\games\21.tmpl --> www.woofie.com /u1/vhome/louis/www/wtv/wordfind/games 21.tmpl
98.05.21 17:37 A C:\Louis\wordfind\games\22.tmpl --> www.woofie.com /u1/vhome/louis/www/wtv/wordfind/games 22.tmpl
98.05.21 17:37 A C:\Louis\wordfind\games\23.tmpl --> www.woofie.com /u1/vhome/louis/www/wtv/wordfind/games 23.tmpl
98.05.21 17:37 A C:\Louis\wordfind\games\24.tmpl --> www.woofie.com /u1/vhome/louis/www/wtv/wordfind/games 24.tmpl
98.05.21 17:37 A C:\Louis\wordfind\games\25.tmpl --> www.woofie.com /u1/vhome/louis/www/wtv/wordfind/games 25.tmpl
98.05.21 17:37 A C:\Louis\wordfind\games\26.tmpl --> www.woofie.com /u1/vhome/louis/www/wtv/wordfind/games 26.tmpl
98.05.21 17:37 A C:\Louis\wordfind\games\27.tmpl --> www.woofie.com /u1/vhome/louis/www/wtv/wordfind/games 27.tmpl
98.05.21 17:37 A C:\Louis\wordfind\games\28.tmpl --> www.woofie.com /u1/vhome/louis/www/wtv/wordfind/games 28.tmpl
98.05.21 17:37 A C:\Louis\wordfind\games\29.tmpl --> www.woofie.com /u1/vhome/louis/www/wtv/wordfind/games 29.tmpl
98.05.21 17:37 A C:\Louis\wordfind\games\3.tmpl --> www.woofie.com /u1/vhome/louis/www/wtv/wordfind/games 3.tmpl
98.05.21 17:37 A C:\Louis\wordfind\games\4.tmpl --> www.woofie.com /u1/vhome/louis/www/wtv/wordfind/games 4.tmpl
98.05.21 17:37 A C:\Louis\wordfind\games\5.tmpl --> www.woofie.com /u1/vhome/louis/www/wtv/wordfind/games 5.tmpl
98.05.21 17:37 A C:\Louis\wordfind\games\6.tmpl --> www.woofie.com /u1/vhome/louis/www/wtv/wordfind/games 6.tmpl
98.05.21 17:37 A C:\Louis\wordfind\games\7.tmpl --> www.woofie.com /u1/vhome/louis/www/wtv/wordfind/games 7.tmpl
98.05.21 17:37 A C:\Louis\wordfind\games\8.tmpl --> www.woofie.com /u1/vhome/louis/www/wtv/wordfind/games 8.tmpl
98.05.21 17:37 A C:\Louis\wordfind\games\9.tmpl --> www.woofie.com /u1/vhome/louis/www/wtv/wordfind/games 9.tmpl
