97.09.29 15:45 B D:\LouisRoehrs\makeamatch\kidstheme8.mid <-- AWoofie /u1/vhome/louis/www/makeamatch/sounds kidstheme8.mid
97.09.29 15:46 B D:\LouisRoehrs\makeamatch\o_game1.html <-- AWoofie /u1/vhome/louis/www/makeamatch o_game1.html
97.09.29 15:46 B D:\LouisRoehrs\makeamatch\transparentgame.html <-- AWoofie /u1/vhome/louis/www/makeamatch transparentgame.html
97.09.29 15:57 B D:\LouisRoehrs\makeamatch\game.html --> ed.webtv.net /usr/home/tpark/public_html/louis/makeamatch game.html
97.09.29 15:57 B D:\LouisRoehrs\makeamatch\index2.html --> ed.webtv.net /usr/home/tpark/public_html/louis/makeamatch index2.html
97.09.29 15:57 B D:\LouisRoehrs\makeamatch\lose.html --> ed.webtv.net /usr/home/tpark/public_html/louis/makeamatch lose.html
97.09.29 15:57 B D:\LouisRoehrs\makeamatch\o_game.html --> ed.webtv.net /usr/home/tpark/public_html/louis/makeamatch o_game.html
97.09.29 15:57 B D:\LouisRoehrs\makeamatch\o_game1.html --> ed.webtv.net /usr/home/tpark/public_html/louis/makeamatch o_game1.html
97.09.29 15:57 B D:\LouisRoehrs\makeamatch\transparentgame.html --> ed.webtv.net /usr/home/tpark/public_html/louis/makeamatch transparentgame.html
97.09.29 15:57 B D:\LouisRoehrs\makeamatch\win.html --> ed.webtv.net /usr/home/tpark/public_html/louis/makeamatch win.html
97.09.29 15:57 B D:\LouisRoehrs\makeamatch\WS_FTP.LOG --> ed.webtv.net /usr/home/tpark/public_html/louis/makeamatch WS_FTP.LOG
97.09.29 16:05 B D:\LouisRoehrs\makeamatch\play.gif --> ed.webtv.net /usr/home/tpark/public_html/louis/makeamatch/images play.gif
97.09.29 16:05 B D:\LouisRoehrs\makeamatch\index2.html --> ed.webtv.net /usr/home/tpark/public_html/louis/makeamatch/images index2.html
97.09.29 16:05 B D:\LouisRoehrs\makeamatch\lose.html --> ed.webtv.net /usr/home/tpark/public_html/louis/makeamatch/images lose.html
97.09.29 16:05 B D:\LouisRoehrs\makeamatch\o_game.html --> ed.webtv.net /usr/home/tpark/public_html/louis/makeamatch/images o_game.html
97.09.29 16:05 B D:\LouisRoehrs\makeamatch\o_game1.html --> ed.webtv.net /usr/home/tpark/public_html/louis/makeamatch/images o_game1.html
97.09.29 16:05 B D:\LouisRoehrs\makeamatch\transparentgame.html --> ed.webtv.net /usr/home/tpark/public_html/louis/makeamatch/images transparentgame.html
97.09.29 16:05 B D:\LouisRoehrs\makeamatch\win.html --> ed.webtv.net /usr/home/tpark/public_html/louis/makeamatch/images win.html
97.09.29 16:05 B D:\LouisRoehrs\makeamatch\WS_FTP.LOG --> ed.webtv.net /usr/home/tpark/public_html/louis/makeamatch/images WS_FTP.LOG
97.09.29 16:08 B D:\LouisRoehrs\makeamatch\o_game1.html --> ed.webtv.net /usr/home/tpark/public_html/louis/makeamatch o_game1.html
97.09.29 16:08 B D:\LouisRoehrs\makeamatch\transparentgame.html --> ed.webtv.net /usr/home/tpark/public_html/louis/makeamatch transparentgame.html
97.09.29 16:08 B D:\LouisRoehrs\makeamatch\transparentgame.html --> ed.webtv.net /usr/home/tpark/public_html/louis/makeamatch transparentgame.html
97.09.29 16:08 B D:\LouisRoehrs\makeamatch\index2.html --> ed.webtv.net /usr/home/tpark/public_html/louis/makeamatch index2.html
97.09.29 16:08 B D:\LouisRoehrs\makeamatch\game.html --> ed.webtv.net /usr/home/tpark/public_html/louis/makeamatch game.html
97.09.29 16:10 B D:\LouisRoehrs\makeamatch\game.html --> ed.webtv.net /usr/home/tpark/public_html/louis/makeamatch game.html
97.09.29 16:10 B D:\LouisRoehrs\makeamatch\index2.html --> ed.webtv.net /usr/home/tpark/public_html/louis/makeamatch index2.html
97.09.29 16:10 B D:\LouisRoehrs\makeamatch\lose.html --> ed.webtv.net /usr/home/tpark/public_html/louis/makeamatch lose.html
97.09.29 16:10 B D:\LouisRoehrs\makeamatch\o_game.html --> ed.webtv.net /usr/home/tpark/public_html/louis/makeamatch o_game.html
97.09.29 16:10 B D:\LouisRoehrs\makeamatch\o_game1.html --> ed.webtv.net /usr/home/tpark/public_html/louis/makeamatch o_game1.html
97.09.29 16:10 B D:\LouisRoehrs\makeamatch\transparentgame.html --> ed.webtv.net /usr/home/tpark/public_html/louis/makeamatch transparentgame.html
97.09.29 16:10 B D:\LouisRoehrs\makeamatch\win.html --> ed.webtv.net /usr/home/tpark/public_html/louis/makeamatch win.html
97.09.29 16:13 B D:\LouisRoehrs\makeamatch\transparentgame.html --> ed.webtv.net /usr/home/tpark/public_html/louis/makeamatch transparentgame.html
97.09.29 16:13 B D:\LouisRoehrs\makeamatch\o_game1.html --> ed.webtv.net /usr/home/tpark/public_html/louis/makeamatch o_game1.html
97.09.29 16:13 B D:\LouisRoehrs\makeamatch\o_game.html --> ed.webtv.net /usr/home/tpark/public_html/louis/makeamatch o_game.html
97.09.29 16:13 B D:\LouisRoehrs\makeamatch\lose.html --> ed.webtv.net /usr/home/tpark/public_html/louis/makeamatch lose.html
97.09.29 16:13 B D:\LouisRoehrs\makeamatch\game.html --> ed.webtv.net /usr/home/tpark/public_html/louis/makeamatch game.html
97.09.29 16:20 B D:\LouisRoehrs\makeamatch\o_game1.html --> ed.webtv.net /usr/home/tpark/public_html/louis/makeamatch o_game1.html
97.09.29 16:25 B D:\LouisRoehrs\makeamatch\o_game1.html --> ed.webtv.net /usr/home/tpark/public_html/louis/makeamatch o_game1.html
97.09.29 16:31 B D:\LouisRoehrs\makeamatch\o_game1.html --> ed.webtv.net /usr/home/tpark/public_html/louis/makeamatch o_game1.html
97.09.29 16:32 B D:\LouisRoehrs\makeamatch\o_game1.html --> ed.webtv.net /usr/home/tpark/public_html/louis/makeamatch o_game1.html
97.09.29 16:38 B D:\LouisRoehrs\makeamatch\o_game1.html --> ed.webtv.net /usr/home/tpark/public_html/louis/makeamatch o_game1.html
97.09.29 16:54 B D:\LouisRoehrs\makeamatch\o_game1.html --> ed.webtv.net /usr/home/tpark/public_html/louis/makeamatch o_game1.html
97.09.29 17:24 B D:\LouisRoehrs\makeamatch\o_game1.html --> ed.webtv.net /usr/home/tpark/public_html/louis/makeamatch o_game1.html
97.09.29 17:31 B D:\LouisRoehrs\makeamatch\back.jpg --> ed.webtv.net /usr/home/tpark/public_html/louis/makeamatch back.jpg
97.09.29 17:33 B D:\LouisRoehrs\makeamatch\transparentgame.html --> ed.webtv.net /usr/home/tpark/public_html/louis/makeamatch transparentgame.html
97.09.29 18:08 B D:\LouisRoehrs\makeamatch\o_game1.html --> ed.webtv.net /usr/home/tpark/public_html/louis/makeamatch o_game1.html
97.09.29 18:11 B D:\LouisRoehrs\makeamatch\o_game1.html --> ed.webtv.net /usr/home/tpark/public_html/louis/makeamatch o_game1.html
97.09.29 18:11 B D:\LouisRoehrs\makeamatch\o_game1.html --> ed.webtv.net /usr/home/tpark/public_html/louis/makeamatch o_game1.html
97.09.29 19:08 B D:\LouisRoehrs\makeamatch\o_game1.html --> ed.webtv.net /usr/home/tpark/public_html/louis/makeamatch o_game1.html
97.09.29 19:28 B D:\LouisRoehrs\makeamatch\o_game1.html --> ed.webtv.net /usr/home/tpark/public_html/louis/makeamatch o_game1.html
97.09.29 19:30 B D:\LouisRoehrs\makeamatch\o_game1.html --> ed.webtv.net /usr/home/tpark/public_html/louis/makeamatch o_game1.html
97.09.29 20:39 B D:\LouisRoehrs\makeamatch\back.jpg --> vp2.netgate.net /u1/vhome/louis/www/makeamatch back.jpg
97.09.29 20:39 B D:\LouisRoehrs\makeamatch\game.html --> vp2.netgate.net /u1/vhome/louis/www/makeamatch game.html
97.09.29 20:39 B D:\LouisRoehrs\makeamatch\game.html.bak --> vp2.netgate.net /u1/vhome/louis/www/makeamatch game.html.bak
97.09.29 20:39 B D:\LouisRoehrs\makeamatch\index2.html --> vp2.netgate.net /u1/vhome/louis/www/makeamatch index2.html
97.09.29 20:39 B D:\LouisRoehrs\makeamatch\lose.html --> vp2.netgate.net /u1/vhome/louis/www/makeamatch lose.html
97.09.29 20:39 B D:\LouisRoehrs\makeamatch\o_game.html --> vp2.netgate.net /u1/vhome/louis/www/makeamatch o_game.html
97.09.29 20:39 B D:\LouisRoehrs\makeamatch\o_game.html.bak --> vp2.netgate.net /u1/vhome/louis/www/makeamatch o_game.html.bak
97.09.29 20:39 B D:\LouisRoehrs\makeamatch\o_game1.html --> vp2.netgate.net /u1/vhome/louis/www/makeamatch o_game1.html
97.09.29 20:39 B D:\LouisRoehrs\makeamatch\o_game1.html.bak --> vp2.netgate.net /u1/vhome/louis/www/makeamatch o_game1.html.bak
97.09.29 20:39 B D:\LouisRoehrs\makeamatch\transparentgame.html --> vp2.netgate.net /u1/vhome/louis/www/makeamatch transparentgame.html
97.09.29 20:39 B D:\LouisRoehrs\makeamatch\transparentgame.html.bak --> vp2.netgate.net /u1/vhome/louis/www/makeamatch transparentgame.html.bak
97.09.29 20:39 B D:\LouisRoehrs\makeamatch\win.html --> vp2.netgate.net /u1/vhome/louis/www/makeamatch win.html
