97.09.30 09:59 B D:\LouisRoehrs\crosswordpub\images\BACK.JPG <-- AEd /usr/home/tpark/public_html/crosswordpub/images BACK.JPG
97.09.30 09:59 B D:\LouisRoehrs\crosswordpub\images\CORRECT.GIF <-- AEd /usr/home/tpark/public_html/crosswordpub/images CORRECT.GIF
97.09.30 09:59 B D:\LouisRoehrs\crosswordpub\images\LOGO.GIF <-- AEd /usr/home/tpark/public_html/crosswordpub/images LOGO.GIF
97.09.30 09:59 B D:\LouisRoehrs\crosswordpub\images\QUIT.GIF <-- AEd /usr/home/tpark/public_html/crosswordpub/images QUIT.GIF
97.09.30 09:59 B D:\LouisRoehrs\crosswordpub\images\SAVE.GIF <-- AEd /usr/home/tpark/public_html/crosswordpub/images SAVE.GIF
97.09.30 09:59 B D:\LouisRoehrs\crosswordpub\images\SOLVE.GIF <-- AEd /usr/home/tpark/public_html/crosswordpub/images SOLVE.GIF
97.09.30 10:06 B D:\LouisRoehrs\crosswordpub\images\BACK.JPG --> ed.webtv.net /usr/home/tpark/public_html/louis/crosswordpub/images BACK.JPG
97.09.30 10:06 B D:\LouisRoehrs\crosswordpub\images\CORRECT.GIF --> ed.webtv.net /usr/home/tpark/public_html/louis/crosswordpub/images CORRECT.GIF
97.09.30 10:06 B D:\LouisRoehrs\crosswordpub\images\LOGO.GIF --> ed.webtv.net /usr/home/tpark/public_html/louis/crosswordpub/images LOGO.GIF
97.09.30 10:06 B D:\LouisRoehrs\crosswordpub\images\QUIT.GIF --> ed.webtv.net /usr/home/tpark/public_html/louis/crosswordpub/images QUIT.GIF
97.09.30 10:06 B D:\LouisRoehrs\crosswordpub\images\SAVE.GIF --> ed.webtv.net /usr/home/tpark/public_html/louis/crosswordpub/images SAVE.GIF
97.09.30 10:06 B D:\LouisRoehrs\crosswordpub\images\SOLVE.GIF --> ed.webtv.net /usr/home/tpark/public_html/louis/crosswordpub/images SOLVE.GIF
97.09.30 10:06 B D:\LouisRoehrs\crosswordpub\images\WS_FTP.LOG --> ed.webtv.net /usr/home/tpark/public_html/louis/crosswordpub/images WS_FTP.LOG
97.10.06 22:53 B D:\LouisRoehrs\crosswordpub\images\BACK.JPG --> ed.webtv.net /usr/home/tpark/public_html/louis/images/crosswordpub/images BACK.JPG
97.10.06 22:53 B D:\LouisRoehrs\crosswordpub\images\CORRECT.GIF --> ed.webtv.net /usr/home/tpark/public_html/louis/images/crosswordpub/images CORRECT.GIF
97.10.06 22:53 B D:\LouisRoehrs\crosswordpub\images\LOGO.GIF --> ed.webtv.net /usr/home/tpark/public_html/louis/images/crosswordpub/images LOGO.GIF
97.10.06 22:53 B D:\LouisRoehrs\crosswordpub\images\QUIT.GIF --> ed.webtv.net /usr/home/tpark/public_html/louis/images/crosswordpub/images QUIT.GIF
97.10.06 22:53 B D:\LouisRoehrs\crosswordpub\images\SAVE.GIF --> ed.webtv.net /usr/home/tpark/public_html/louis/images/crosswordpub/images SAVE.GIF
97.10.06 22:53 B D:\LouisRoehrs\crosswordpub\images\SOLVE.GIF --> ed.webtv.net /usr/home/tpark/public_html/louis/images/crosswordpub/images SOLVE.GIF
97.10.06 22:53 B D:\LouisRoehrs\crosswordpub\images\WS_FTP.LOG --> ed.webtv.net /usr/home/tpark/public_html/louis/images/crosswordpub/images WS_FTP.LOG
97.10.13 12:26 B D:\LouisRoehrs\crosswordpub\images\BACK.JPG --> vp2.netgate.net /u1/vhome/louis/www/wtv/crosswordpub/images BACK.JPG
97.10.13 12:27 B D:\LouisRoehrs\crosswordpub\images\CORRECT.GIF --> vp2.netgate.net /u1/vhome/louis/www/wtv/crosswordpub/images CORRECT.GIF
97.10.13 12:27 B D:\LouisRoehrs\crosswordpub\images\LOGO.GIF --> vp2.netgate.net /u1/vhome/louis/www/wtv/crosswordpub/images LOGO.GIF
97.10.13 12:27 B D:\LouisRoehrs\crosswordpub\images\QUIT.GIF --> vp2.netgate.net /u1/vhome/louis/www/wtv/crosswordpub/images QUIT.GIF
97.10.13 12:27 B D:\LouisRoehrs\crosswordpub\images\SAVE.GIF --> vp2.netgate.net /u1/vhome/louis/www/wtv/crosswordpub/images SAVE.GIF
97.10.13 12:27 B D:\LouisRoehrs\crosswordpub\images\SOLVE.GIF --> vp2.netgate.net /u1/vhome/louis/www/wtv/crosswordpub/images SOLVE.GIF
97.10.13 12:27 B D:\LouisRoehrs\crosswordpub\images\WS_FTP.LOG --> vp2.netgate.net /u1/vhome/louis/www/wtv/crosswordpub/images WS_FTP.LOG
97.10.21 19:51 B D:\LouisRoehrs\crosswordpub\images\BACK.JPG --> vp2.netgate.net /u1/vhome/louis/www/wtv/crosswordpub/images BACK.JPG
97.10.21 19:51 B D:\LouisRoehrs\crosswordpub\images\CORRECT.GIF --> vp2.netgate.net /u1/vhome/louis/www/wtv/crosswordpub/images CORRECT.GIF
97.10.21 19:51 B D:\LouisRoehrs\crosswordpub\images\LOGO.GIF --> vp2.netgate.net /u1/vhome/louis/www/wtv/crosswordpub/images LOGO.GIF
97.10.21 19:51 B D:\LouisRoehrs\crosswordpub\images\QUIT.GIF --> vp2.netgate.net /u1/vhome/louis/www/wtv/crosswordpub/images QUIT.GIF
97.10.21 19:51 B D:\LouisRoehrs\crosswordpub\images\SAVE.GIF --> vp2.netgate.net /u1/vhome/louis/www/wtv/crosswordpub/images SAVE.GIF
97.10.21 19:51 B D:\LouisRoehrs\crosswordpub\images\SOLVE.GIF --> vp2.netgate.net /u1/vhome/louis/www/wtv/crosswordpub/images SOLVE.GIF
97.10.21 19:51 B D:\LouisRoehrs\crosswordpub\images\WS_FTP.LOG --> vp2.netgate.net /u1/vhome/louis/www/wtv/crosswordpub/images WS_FTP.LOG
97.10.24 18:29 B D:\LouisRoehrs\crosswordpub\images\BACK.JPG --> vp2.netgate.net /u1/vhome/louis/www/wtv/crosswordpub/images BACK.JPG
97.10.24 18:29 B D:\LouisRoehrs\crosswordpub\images\CORRECT.GIF --> vp2.netgate.net /u1/vhome/louis/www/wtv/crosswordpub/images CORRECT.GIF
97.10.24 18:29 B D:\LouisRoehrs\crosswordpub\images\LOGO.GIF --> vp2.netgate.net /u1/vhome/louis/www/wtv/crosswordpub/images LOGO.GIF
97.10.24 18:29 B D:\LouisRoehrs\crosswordpub\images\QUIT.GIF --> vp2.netgate.net /u1/vhome/louis/www/wtv/crosswordpub/images QUIT.GIF
97.10.24 18:29 B D:\LouisRoehrs\crosswordpub\images\SAVE.GIF --> vp2.netgate.net /u1/vhome/louis/www/wtv/crosswordpub/images SAVE.GIF
97.10.24 18:29 B D:\LouisRoehrs\crosswordpub\images\SOLVE.GIF --> vp2.netgate.net /u1/vhome/louis/www/wtv/crosswordpub/images SOLVE.GIF
