98.02.16 13:47 B C:\Louis\minesweeper\images\0.gif <-- content /home/content/webtv.disco/content/explore2d/programming/minesweeper/images 0.gif
98.02.16 13:47 B C:\Louis\minesweeper\images\1.gif <-- content /home/content/webtv.disco/content/explore2d/programming/minesweeper/images 1.gif
98.02.16 13:47 B C:\Louis\minesweeper\images\2.gif <-- content /home/content/webtv.disco/content/explore2d/programming/minesweeper/images 2.gif
98.02.16 13:47 B C:\Louis\minesweeper\images\3.gif <-- content /home/content/webtv.disco/content/explore2d/programming/minesweeper/images 3.gif
98.02.16 13:47 B C:\Louis\minesweeper\images\4.gif <-- content /home/content/webtv.disco/content/explore2d/programming/minesweeper/images 4.gif
98.02.16 13:47 B C:\Louis\minesweeper\images\5.gif <-- content /home/content/webtv.disco/content/explore2d/programming/minesweeper/images 5.gif
98.02.16 13:47 B C:\Louis\minesweeper\images\6.gif <-- content /home/content/webtv.disco/content/explore2d/programming/minesweeper/images 6.gif
98.02.16 13:47 B C:\Louis\minesweeper\images\7.gif <-- content /home/content/webtv.disco/content/explore2d/programming/minesweeper/images 7.gif
98.02.16 13:47 B C:\Louis\minesweeper\images\8.gif <-- content /home/content/webtv.disco/content/explore2d/programming/minesweeper/images 8.gif
98.02.16 13:47 B C:\Louis\minesweeper\images\9.gif <-- content /home/content/webtv.disco/content/explore2d/programming/minesweeper/images 9.gif
98.02.16 13:47 B C:\Louis\minesweeper\images\b.gif <-- content /home/content/webtv.disco/content/explore2d/programming/minesweeper/images b.gif
98.02.16 13:47 B C:\Louis\minesweeper\images\BACK.JPG <-- content /home/content/webtv.disco/content/explore2d/programming/minesweeper/images BACK.JPG
98.02.16 13:47 B C:\Louis\minesweeper\images\begin.gif <-- content /home/content/webtv.disco/content/explore2d/programming/minesweeper/images begin.gif
98.02.16 13:47 B C:\Louis\minesweeper\images\COLON.GIF <-- content /home/content/webtv.disco/content/explore2d/programming/minesweeper/images COLON.GIF
98.02.16 13:47 B C:\Louis\minesweeper\images\cpms <-- content /home/content/webtv.disco/content/explore2d/programming/minesweeper/images cpms
98.02.16 13:47 B C:\Louis\minesweeper\images\done.gif <-- content /home/content/webtv.disco/content/explore2d/programming/minesweeper/images done.gif
98.02.16 13:47 B C:\Louis\minesweeper\images\flag.gif <-- content /home/content/webtv.disco/content/explore2d/programming/minesweeper/images flag.gif
98.02.16 13:47 B C:\Louis\minesweeper\images\flagcell.gif <-- content /home/content/webtv.disco/content/explore2d/programming/minesweeper/images flagcell.gif
98.02.16 13:47 B C:\Louis\minesweeper\images\flagmode.gif <-- content /home/content/webtv.disco/content/explore2d/programming/minesweeper/images flagmode.gif
98.02.16 13:47 B C:\Louis\minesweeper\images\hidden.gif <-- content /home/content/webtv.disco/content/explore2d/programming/minesweeper/images hidden.gif
98.02.16 13:47 B C:\Louis\minesweeper\images\LOGO.GIF <-- content /home/content/webtv.disco/content/explore2d/programming/minesweeper/images LOGO.GIF
98.02.16 13:47 B C:\Louis\minesweeper\images\lose.gif <-- content /home/content/webtv.disco/content/explore2d/programming/minesweeper/images lose.gif
98.02.16 13:47 B C:\Louis\minesweeper\images\mark.jpg <-- content /home/content/webtv.disco/content/explore2d/programming/minesweeper/images mark.jpg
98.02.16 13:47 B C:\Louis\minesweeper\images\moreinfo.gif <-- content /home/content/webtv.disco/content/explore2d/programming/minesweeper/images moreinfo.gif
98.02.16 13:47 B C:\Louis\minesweeper\images\PLAY.GIF <-- content /home/content/webtv.disco/content/explore2d/programming/minesweeper/images PLAY.GIF
98.02.16 13:47 B C:\Louis\minesweeper\images\playagain.gif <-- content /home/content/webtv.disco/content/explore2d/programming/minesweeper/images playagain.gif
98.02.16 13:47 B C:\Louis\minesweeper\images\QUIT.GIF <-- content /home/content/webtv.disco/content/explore2d/programming/minesweeper/images QUIT.GIF
98.02.16 13:47 B C:\Louis\minesweeper\images\RESTART.GIF <-- content /home/content/webtv.disco/content/explore2d/programming/minesweeper/images RESTART.GIF
98.02.16 13:48 B C:\Louis\minesweeper\images\sweep.jpg <-- content /home/content/webtv.disco/content/explore2d/programming/minesweeper/images sweep.jpg
98.02.16 13:48 B C:\Louis\minesweeper\images\switchmark.jpg <-- content /home/content/webtv.disco/content/explore2d/programming/minesweeper/images switchmark.jpg
98.02.16 13:48 B C:\Louis\minesweeper\images\switchsweep.jpg <-- content /home/content/webtv.disco/content/explore2d/programming/minesweeper/images switchsweep.jpg
98.02.16 13:48 B C:\Louis\minesweeper\images\t0.gif <-- content /home/content/webtv.disco/content/explore2d/programming/minesweeper/images t0.gif
98.02.16 13:48 B C:\Louis\minesweeper\images\t1.gif <-- content /home/content/webtv.disco/content/explore2d/programming/minesweeper/images t1.gif
98.02.16 13:48 B C:\Louis\minesweeper\images\t2.gif <-- content /home/content/webtv.disco/content/explore2d/programming/minesweeper/images t2.gif
98.02.16 13:48 B C:\Louis\minesweeper\images\t3.gif <-- content /home/content/webtv.disco/content/explore2d/programming/minesweeper/images t3.gif
98.02.16 13:48 B C:\Louis\minesweeper\images\t4.gif <-- content /home/content/webtv.disco/content/explore2d/programming/minesweeper/images t4.gif
98.02.16 13:48 B C:\Louis\minesweeper\images\t5.gif <-- content /home/content/webtv.disco/content/explore2d/programming/minesweeper/images t5.gif
98.02.16 13:48 B C:\Louis\minesweeper\images\t6.gif <-- content /home/content/webtv.disco/content/explore2d/programming/minesweeper/images t6.gif
98.02.16 13:48 B C:\Louis\minesweeper\images\t7.gif <-- content /home/content/webtv.disco/content/explore2d/programming/minesweeper/images t7.gif
98.02.16 13:48 B C:\Louis\minesweeper\images\t8.gif <-- content /home/content/webtv.disco/content/explore2d/programming/minesweeper/images t8.gif
98.02.16 13:48 B C:\Louis\minesweeper\images\t9.gif <-- content /home/content/webtv.disco/content/explore2d/programming/minesweeper/images t9.gif
98.02.16 13:48 B C:\Louis\minesweeper\images\uncovermode.gif <-- content /home/content/webtv.disco/content/explore2d/programming/minesweeper/images uncovermode.gif
98.02.16 13:48 B C:\Louis\minesweeper\images\win.gif <-- content /home/content/webtv.disco/content/explore2d/programming/minesweeper/images win.gif
98.02.16 16:04 B C:\Louis\minesweeper\images\0.gif --> ed.webtv.net /usr/local/etc/apache_1.2.1/htdocs/tpark/public_html/minesweeper/images 0.gif
98.02.16 16:04 B C:\Louis\minesweeper\images\1.gif --> ed.webtv.net /usr/local/etc/apache_1.2.1/htdocs/tpark/public_html/minesweeper/images 1.gif
98.02.16 16:04 B C:\Louis\minesweeper\images\2.gif --> ed.webtv.net /usr/local/etc/apache_1.2.1/htdocs/tpark/public_html/minesweeper/images 2.gif
98.02.16 16:04 B C:\Louis\minesweeper\images\3.gif --> ed.webtv.net /usr/local/etc/apache_1.2.1/htdocs/tpark/public_html/minesweeper/images 3.gif
98.02.16 16:04 B C:\Louis\minesweeper\images\4.gif --> ed.webtv.net /usr/local/etc/apache_1.2.1/htdocs/tpark/public_html/minesweeper/images 4.gif
98.02.16 16:04 B C:\Louis\minesweeper\images\5.gif --> ed.webtv.net /usr/local/etc/apache_1.2.1/htdocs/tpark/public_html/minesweeper/images 5.gif
98.02.16 16:04 B C:\Louis\minesweeper\images\6.gif --> ed.webtv.net /usr/local/etc/apache_1.2.1/htdocs/tpark/public_html/minesweeper/images 6.gif
98.02.16 16:04 B C:\Louis\minesweeper\images\7.gif --> ed.webtv.net /usr/local/etc/apache_1.2.1/htdocs/tpark/public_html/minesweeper/images 7.gif
98.02.16 16:04 B C:\Louis\minesweeper\images\8.gif --> ed.webtv.net /usr/local/etc/apache_1.2.1/htdocs/tpark/public_html/minesweeper/images 8.gif
98.02.16 16:04 B C:\Louis\minesweeper\images\9.gif --> ed.webtv.net /usr/local/etc/apache_1.2.1/htdocs/tpark/public_html/minesweeper/images 9.gif
98.02.16 16:04 B C:\Louis\minesweeper\images\b.gif --> ed.webtv.net /usr/local/etc/apache_1.2.1/htdocs/tpark/public_html/minesweeper/images b.gif
98.02.16 16:04 B C:\Louis\minesweeper\images\BACK.JPG --> ed.webtv.net /usr/local/etc/apache_1.2.1/htdocs/tpark/public_html/minesweeper/images BACK.JPG
98.02.16 16:04 B C:\Louis\minesweeper\images\begin.gif --> ed.webtv.net /usr/local/etc/apache_1.2.1/htdocs/tpark/public_html/minesweeper/images begin.gif
98.02.16 16:04 B C:\Louis\minesweeper\images\COLON.GIF --> ed.webtv.net /usr/local/etc/apache_1.2.1/htdocs/tpark/public_html/minesweeper/images COLON.GIF
98.02.16 16:04 B C:\Louis\minesweeper\images\cpms --> ed.webtv.net /usr/local/etc/apache_1.2.1/htdocs/tpark/public_html/minesweeper/images cpms
98.02.16 16:04 B C:\Louis\minesweeper\images\done.gif --> ed.webtv.net /usr/local/etc/apache_1.2.1/htdocs/tpark/public_html/minesweeper/images done.gif
98.02.16 16:04 B C:\Louis\minesweeper\images\flag.gif --> ed.webtv.net /usr/local/etc/apache_1.2.1/htdocs/tpark/public_html/minesweeper/images flag.gif
98.02.16 16:04 B C:\Louis\minesweeper\images\flagcell.gif --> ed.webtv.net /usr/local/etc/apache_1.2.1/htdocs/tpark/public_html/minesweeper/images flagcell.gif
98.02.16 16:04 B C:\Louis\minesweeper\images\flagmode.gif --> ed.webtv.net /usr/local/etc/apache_1.2.1/htdocs/tpark/public_html/minesweeper/images flagmode.gif
98.02.16 16:04 B C:\Louis\minesweeper\images\hidden.gif --> ed.webtv.net /usr/local/etc/apache_1.2.1/htdocs/tpark/public_html/minesweeper/images hidden.gif
98.02.16 16:04 B C:\Louis\minesweeper\images\LOGO.GIF --> ed.webtv.net /usr/local/etc/apache_1.2.1/htdocs/tpark/public_html/minesweeper/images LOGO.GIF
98.02.16 16:04 B C:\Louis\minesweeper\images\lose.gif --> ed.webtv.net /usr/local/etc/apache_1.2.1/htdocs/tpark/public_html/minesweeper/images lose.gif
98.02.16 16:04 B C:\Louis\minesweeper\images\mark.jpg --> ed.webtv.net /usr/local/etc/apache_1.2.1/htdocs/tpark/public_html/minesweeper/images mark.jpg
98.02.16 16:04 B C:\Louis\minesweeper\images\moreinfo.gif --> ed.webtv.net /usr/local/etc/apache_1.2.1/htdocs/tpark/public_html/minesweeper/images moreinfo.gif
98.02.16 16:04 B C:\Louis\minesweeper\images\PLAY.GIF --> ed.webtv.net /usr/local/etc/apache_1.2.1/htdocs/tpark/public_html/minesweeper/images PLAY.GIF
98.02.16 16:04 B C:\Louis\minesweeper\images\playagain.gif --> ed.webtv.net /usr/local/etc/apache_1.2.1/htdocs/tpark/public_html/minesweeper/images playagain.gif
98.02.16 16:04 B C:\Louis\minesweeper\images\QUIT.GIF --> ed.webtv.net /usr/local/etc/apache_1.2.1/htdocs/tpark/public_html/minesweeper/images QUIT.GIF
98.02.16 16:04 B C:\Louis\minesweeper\images\RESTART.GIF --> ed.webtv.net /usr/local/etc/apache_1.2.1/htdocs/tpark/public_html/minesweeper/images RESTART.GIF
98.02.16 16:04 B C:\Louis\minesweeper\images\sweep.jpg --> ed.webtv.net /usr/local/etc/apache_1.2.1/htdocs/tpark/public_html/minesweeper/images sweep.jpg
98.02.16 16:04 B C:\Louis\minesweeper\images\switchmark.jpg --> ed.webtv.net /usr/local/etc/apache_1.2.1/htdocs/tpark/public_html/minesweeper/images switchmark.jpg
98.02.16 16:04 B C:\Louis\minesweeper\images\switchsweep.jpg --> ed.webtv.net /usr/local/etc/apache_1.2.1/htdocs/tpark/public_html/minesweeper/images switchsweep.jpg
98.02.16 16:04 B C:\Louis\minesweeper\images\t0.gif --> ed.webtv.net /usr/local/etc/apache_1.2.1/htdocs/tpark/public_html/minesweeper/images t0.gif
98.02.16 16:04 B C:\Louis\minesweeper\images\t1.gif --> ed.webtv.net /usr/local/etc/apache_1.2.1/htdocs/tpark/public_html/minesweeper/images t1.gif
98.02.16 16:04 B C:\Louis\minesweeper\images\t2.gif --> ed.webtv.net /usr/local/etc/apache_1.2.1/htdocs/tpark/public_html/minesweeper/images t2.gif
98.02.16 16:04 B C:\Louis\minesweeper\images\t3.gif --> ed.webtv.net /usr/local/etc/apache_1.2.1/htdocs/tpark/public_html/minesweeper/images t3.gif
98.02.16 16:04 B C:\Louis\minesweeper\images\t4.gif --> ed.webtv.net /usr/local/etc/apache_1.2.1/htdocs/tpark/public_html/minesweeper/images t4.gif
98.02.16 16:04 B C:\Louis\minesweeper\images\t5.gif --> ed.webtv.net /usr/local/etc/apache_1.2.1/htdocs/tpark/public_html/minesweeper/images t5.gif
98.02.16 16:04 B C:\Louis\minesweeper\images\t6.gif --> ed.webtv.net /usr/local/etc/apache_1.2.1/htdocs/tpark/public_html/minesweeper/images t6.gif
98.02.16 16:04 B C:\Louis\minesweeper\images\t7.gif --> ed.webtv.net /usr/local/etc/apache_1.2.1/htdocs/tpark/public_html/minesweeper/images t7.gif
98.02.16 16:04 B C:\Louis\minesweeper\images\t8.gif --> ed.webtv.net /usr/local/etc/apache_1.2.1/htdocs/tpark/public_html/minesweeper/images t8.gif
98.02.16 16:04 B C:\Louis\minesweeper\images\t9.gif --> ed.webtv.net /usr/local/etc/apache_1.2.1/htdocs/tpark/public_html/minesweeper/images t9.gif
98.02.16 16:04 B C:\Louis\minesweeper\images\uncovermode.gif --> ed.webtv.net /usr/local/etc/apache_1.2.1/htdocs/tpark/public_html/minesweeper/images uncovermode.gif
98.02.16 16:04 B C:\Louis\minesweeper\images\win.gif --> ed.webtv.net /usr/local/etc/apache_1.2.1/htdocs/tpark/public_html/minesweeper/images win.gif
98.02.16 16:04 B C:\Louis\minesweeper\images\WS_FTP.LOG --> ed.webtv.net /usr/local/etc/apache_1.2.1/htdocs/tpark/public_html/minesweeper/images WS_FTP.LOG
98.02.16 16:31 B C:\Louis\minesweeper\images\0205_ms_back.jpg.2 <-- woofie /u1/vhome/louis/www/wtv/minesweeper/images 0205_ms_back.jpg.2
98.02.16 16:31 B C:\Louis\minesweeper\images\0205_ms_play.gif.2 <-- woofie /u1/vhome/louis/www/wtv/minesweeper/images 0205_ms_play.gif.2
98.02.16 16:31 B C:\Louis\minesweeper\images\0205_ms_tips.gif.2 <-- woofie /u1/vhome/louis/www/wtv/minesweeper/images 0205_ms_tips.gif.2
98.02.16 16:51 B C:\Louis\minesweeper\images\moreinfo.gif --> www.woofie.com /u1/vhome/louis/www/wtv/minesweeper/images moreinfo.gif
98.02.16 16:51 B C:\Louis\minesweeper\images\PLAY.GIF --> www.woofie.com /u1/vhome/louis/www/wtv/minesweeper/images PLAY.GIF
98.02.16 16:51 B C:\Louis\minesweeper\images\playagain.gif --> www.woofie.com /u1/vhome/louis/www/wtv/minesweeper/images playagain.gif
98.02.16 17:21 B C:\Louis\minesweeper\images\0217_ms_general.gif --> www.woofie.com /u1/vhome/louis/www/wtv/minesweeper/images 0217_ms_general.gif
98.02.16 17:21 B C:\Louis\minesweeper\images\0217_ms_major.gif --> www.woofie.com /u1/vhome/louis/www/wtv/minesweeper/images 0217_ms_major.gif
98.02.16 17:21 B C:\Louis\minesweeper\images\0217_ms_private.gif --> www.woofie.com /u1/vhome/louis/www/wtv/minesweeper/images 0217_ms_private.gif
98.02.16 18:05 B C:\Louis\minesweeper\images\BACK.JPG --> www.woofie.com /u1/vhome/louis/www/wtv/minesweeper/images BACK.JPG
98.02.16 18:06 B C:\Louis\minesweeper\images\BACK.JPG --> www.woofie.com /u1/vhome/louis/www/wtv/minesweeper/images BACK.JPG
98.02.16 21:16 A C:\Louis\minesweeper\images\0217_ms_general.gif --> homeless.artemis.com /home/content/webtv.disco/content/explore2d/programming/minesweeper/images 0217_ms_general.gif
98.02.16 21:16 A C:\Louis\minesweeper\images\0217_ms_major.gif --> homeless.artemis.com /home/content/webtv.disco/content/explore2d/programming/minesweeper/images 0217_ms_major.gif
98.02.16 21:16 A C:\Louis\minesweeper\images\0217_ms_private.gif --> homeless.artemis.com /home/content/webtv.disco/content/explore2d/programming/minesweeper/images 0217_ms_private.gif
98.02.16 21:16 A C:\Louis\minesweeper\images\BACK.JPG --> homeless.artemis.com /home/content/webtv.disco/content/explore2d/programming/minesweeper/images BACK.JPG
98.02.16 21:17 A C:\Louis\minesweeper\images\moreinfo.gif --> homeless.artemis.com /home/content/webtv.disco/content/explore2d/programming/minesweeper/images moreinfo.gif
98.02.16 21:17 A C:\Louis\minesweeper\images\PLAY.GIF --> homeless.artemis.com /home/content/webtv.disco/content/explore2d/programming/minesweeper/images PLAY.GIF
98.02.16 21:17 A C:\Louis\minesweeper\images\playagain.gif --> homeless.artemis.com /home/content/webtv.disco/content/explore2d/programming/minesweeper/images playagain.gif
98.02.16 21:17 A C:\Louis\minesweeper\images\moreinfo.gif --> homeless.artemis.com /home/content/webtv.disco/content/explore2d/programming/minesweeper/images moreinfo.gif
98.02.16 21:18 B C:\Louis\minesweeper\images\moreinfo.gif --> homeless.artemis.com /home/content/webtv.disco/content/explore2d/programming/minesweeper/images moreinfo.gif
98.02.16 21:18 B C:\Louis\minesweeper\images\PLAY.GIF --> homeless.artemis.com /home/content/webtv.disco/content/explore2d/programming/minesweeper/images PLAY.GIF
98.02.16 21:18 B C:\Louis\minesweeper\images\playagain.gif --> homeless.artemis.com /home/content/webtv.disco/content/explore2d/programming/minesweeper/images playagain.gif
98.02.16 21:18 B C:\Louis\minesweeper\images\BACK.JPG --> homeless.artemis.com /home/content/webtv.disco/content/explore2d/programming/minesweeper/images BACK.JPG
98.02.16 21:18 B C:\Louis\minesweeper\images\0217_ms_general.gif --> homeless.artemis.com /home/content/webtv.disco/content/explore2d/programming/minesweeper/images 0217_ms_general.gif
98.02.16 21:18 B C:\Louis\minesweeper\images\0217_ms_major.gif --> homeless.artemis.com /home/content/webtv.disco/content/explore2d/programming/minesweeper/images 0217_ms_major.gif
98.02.16 21:18 B C:\Louis\minesweeper\images\0217_ms_private.gif --> homeless.artemis.com /home/content/webtv.disco/content/explore2d/programming/minesweeper/images 0217_ms_private.gif
98.02.17 00:18 B C:\Louis\minesweeper\images\QUIT.GIF --> homeless.artemis.com /home/content/webtv.disco/content/explore2d/programming/minesweeper/images QUIT.GIF
98.02.17 00:18 B C:\Louis\minesweeper\images\RESTART.GIF --> homeless.artemis.com /home/content/webtv.disco/content/explore2d/programming/minesweeper/images RESTART.GIF
98.02.17 23:19 B C:\Louis\minesweeper\images\BACK.JPG --> homeless.artemis.com /home/content/webtv.disco/content/explore2d/programming/minesweeper/images BACK.JPG
98.02.17 23:19 B C:\Louis\minesweeper\images\BACKv1.JPG --> homeless.artemis.com /home/content/webtv.disco/content/explore2d/programming/minesweeper/images BACKv1.JPG
98.02.17 23:19 B C:\Louis\minesweeper\images\BACKv2.JPG --> homeless.artemis.com /home/content/webtv.disco/content/explore2d/programming/minesweeper/images BACKv2.JPG
98.02.17 23:30 A C:\Louis\minesweeper\images\0205_ms_play.gif --> homeless.artemis.com /home/content/webtv.disco/content/explore2d/programming/minesweeper/images 0205_ms_play.gif
98.02.17 23:30 A C:\Louis\minesweeper\images\0205_ms_tips.gif --> homeless.artemis.com /home/content/webtv.disco/content/explore2d/programming/minesweeper/images 0205_ms_tips.gif
98.02.17 23:31 B C:\Louis\minesweeper\images\0205_ms_play.gif --> homeless.artemis.com /home/content/webtv.disco/content/explore2d/programming/minesweeper/images 0205_ms_play.gif
98.02.17 23:31 B C:\Louis\minesweeper\images\0205_ms_tips.gif --> homeless.artemis.com /home/content/webtv.disco/content/explore2d/programming/minesweeper/images 0205_ms_tips.gif
98.02.17 23:38 B C:\Louis\minesweeper\images\0205_ms_play.gif --> homeless.artemis.com /home/content/webtv.disco/content/explore2d/programming/minesweeper/images 0205_ms_play.gif
98.02.17 23:38 B C:\Louis\minesweeper\images\0205_ms_tips.gif --> homeless.artemis.com /home/content/webtv.disco/content/explore2d/programming/minesweeper/images 0205_ms_tips.gif
98.02.17 23:38 B C:\Louis\minesweeper\images\0207_ms_newback.gif --> homeless.artemis.com /home/content/webtv.disco/content/explore2d/programming/minesweeper/images 0207_ms_newback.gif
98.02.17 23:38 B C:\Louis\minesweeper\images\0207_ms_quit.gif --> homeless.artemis.com /home/content/webtv.disco/content/explore2d/programming/minesweeper/images 0207_ms_quit.gif
98.02.17 23:38 B C:\Louis\minesweeper\images\0217_ms_choosealevel.gif --> homeless.artemis.com /home/content/webtv.disco/content/explore2d/programming/minesweeper/images 0217_ms_choosealevel.gif
98.02.17 23:38 B C:\Louis\minesweeper\images\0217_ms_general.gif --> homeless.artemis.com /home/content/webtv.disco/content/explore2d/programming/minesweeper/images 0217_ms_general.gif
98.02.17 23:38 B C:\Louis\minesweeper\images\0217_ms_major.gif --> homeless.artemis.com /home/content/webtv.disco/content/explore2d/programming/minesweeper/images 0217_ms_major.gif
98.02.17 23:38 B C:\Louis\minesweeper\images\0217_ms_playagain.gif --> homeless.artemis.com /home/content/webtv.disco/content/explore2d/programming/minesweeper/images 0217_ms_playagain.gif
98.02.17 23:38 B C:\Louis\minesweeper\images\0217_ms_private.gif --> homeless.artemis.com /home/content/webtv.disco/content/explore2d/programming/minesweeper/images 0217_ms_private.gif
98.02.18 00:02 B C:\Louis\minesweeper\images\t0.gif --> homeless.artemis.com /home/content/webtv.disco/content/explore2d/programming/minesweeper/images t0.gif
98.02.18 00:02 B C:\Louis\minesweeper\images\t1.gif --> homeless.artemis.com /home/content/webtv.disco/content/explore2d/programming/minesweeper/images t1.gif
98.02.18 00:02 B C:\Louis\minesweeper\images\t2.gif --> homeless.artemis.com /home/content/webtv.disco/content/explore2d/programming/minesweeper/images t2.gif
98.02.18 00:02 B C:\Louis\minesweeper\images\t3.gif --> homeless.artemis.com /home/content/webtv.disco/content/explore2d/programming/minesweeper/images t3.gif
98.02.18 00:02 B C:\Louis\minesweeper\images\t4.gif --> homeless.artemis.com /home/content/webtv.disco/content/explore2d/programming/minesweeper/images t4.gif
98.02.18 00:02 B C:\Louis\minesweeper\images\t5.gif --> homeless.artemis.com /home/content/webtv.disco/content/explore2d/programming/minesweeper/images t5.gif
98.02.18 00:02 B C:\Louis\minesweeper\images\t6.gif --> homeless.artemis.com /home/content/webtv.disco/content/explore2d/programming/minesweeper/images t6.gif
98.02.18 00:02 B C:\Louis\minesweeper\images\t7.gif --> homeless.artemis.com /home/content/webtv.disco/content/explore2d/programming/minesweeper/images t7.gif
98.02.18 00:02 B C:\Louis\minesweeper\images\t8.gif --> homeless.artemis.com /home/content/webtv.disco/content/explore2d/programming/minesweeper/images t8.gif
98.02.18 00:02 B C:\Louis\minesweeper\images\t9.gif --> homeless.artemis.com /home/content/webtv.disco/content/explore2d/programming/minesweeper/images t9.gif
98.02.18 00:02 B C:\Louis\minesweeper\images\COLON.GIF --> homeless.artemis.com /home/content/webtv.disco/content/explore2d/programming/minesweeper/images COLON.GIF
98.02.18 00:05 B C:\Louis\minesweeper\images\COLON.GIF --> homeless.artemis.com /home/content/webtv.disco/content/explore2d/programming/minesweeper/images COLON.GIF
98.02.18 00:06 B C:\Louis\minesweeper\images\COLON.GIF --> homeless.artemis.com /home/content/webtv.disco/content/explore2d/programming/minesweeper/images COLON.GIF
98.02.18 00:14 B C:\Louis\minesweeper\images\t0.gif --> homeless.artemis.com /home/content/webtv.disco/content/explore2d/programming/minesweeper/images t0.gif
98.02.18 00:14 B C:\Louis\minesweeper\images\t1.gif --> homeless.artemis.com /home/content/webtv.disco/content/explore2d/programming/minesweeper/images t1.gif
98.02.18 00:14 B C:\Louis\minesweeper\images\t2.gif --> homeless.artemis.com /home/content/webtv.disco/content/explore2d/programming/minesweeper/images t2.gif
98.02.18 00:14 B C:\Louis\minesweeper\images\t3.gif --> homeless.artemis.com /home/content/webtv.disco/content/explore2d/programming/minesweeper/images t3.gif
98.02.18 00:14 B C:\Louis\minesweeper\images\t4.gif --> homeless.artemis.com /home/content/webtv.disco/content/explore2d/programming/minesweeper/images t4.gif
98.02.18 00:14 B C:\Louis\minesweeper\images\t5.gif --> homeless.artemis.com /home/content/webtv.disco/content/explore2d/programming/minesweeper/images t5.gif
98.02.18 00:14 B C:\Louis\minesweeper\images\t6.gif --> homeless.artemis.com /home/content/webtv.disco/content/explore2d/programming/minesweeper/images t6.gif
98.02.18 00:14 B C:\Louis\minesweeper\images\t7.gif --> homeless.artemis.com /home/content/webtv.disco/content/explore2d/programming/minesweeper/images t7.gif
98.02.18 00:14 B C:\Louis\minesweeper\images\t8.gif --> homeless.artemis.com /home/content/webtv.disco/content/explore2d/programming/minesweeper/images t8.gif
98.02.18 00:14 B C:\Louis\minesweeper\images\t9.gif --> homeless.artemis.com /home/content/webtv.disco/content/explore2d/programming/minesweeper/images t9.gif
98.02.18 02:40 B C:\Louis\minesweeper\images\t1.gif --> homeless.artemis.com /home/content/webtv.disco/content/explore2d/programming/minesweeper/images t1.gif
98.02.18 02:40 B C:\Louis\minesweeper\images\t4.gif --> homeless.artemis.com /home/content/webtv.disco/content/explore2d/programming/minesweeper/images t4.gif
98.02.18 02:42 B C:\Louis\minesweeper\images\t4.gif --> homeless.artemis.com /home/content/webtv.disco/content/explore2d/programming/minesweeper/images t4.gif
98.02.18 16:12 B C:\Louis\minesweeper\images\0217_ms_bigmoreinfo.gif --> homeless.artemis.com /home/content/webtv.disco/content/explore2d/programming/minesweeper/images 0217_ms_bigmoreinfo.gif
98.02.18 16:12 B C:\Louis\minesweeper\images\0217_ms_bigplay.gif --> homeless.artemis.com /home/content/webtv.disco/content/explore2d/programming/minesweeper/images 0217_ms_bigplay.gif
98.02.18 16:12 B C:\Louis\minesweeper\images\0217_ms_bigrestart.gif --> homeless.artemis.com /home/content/webtv.disco/content/explore2d/programming/minesweeper/images 0217_ms_bigrestart.gif
98.02.18 16:12 B C:\Louis\minesweeper\images\0217_ms_bigtips.gif --> homeless.artemis.com /home/content/webtv.disco/content/explore2d/programming/minesweeper/images 0217_ms_bigtips.gif
98.02.18 17:25 B C:\Louis\minesweeper\images\0.gif --> www.woofie.com /u1/vhome/louis/www/wtv/minesweeper/images 0.gif
98.02.18 17:25 B C:\Louis\minesweeper\images\0205_ms_play.gif --> www.woofie.com /u1/vhome/louis/www/wtv/minesweeper/images 0205_ms_play.gif
98.02.18 17:25 B C:\Louis\minesweeper\images\0205_ms_tips.gif --> www.woofie.com /u1/vhome/louis/www/wtv/minesweeper/images 0205_ms_tips.gif
98.02.18 17:25 B C:\Louis\minesweeper\images\0207_ms_newback.gif --> www.woofie.com /u1/vhome/louis/www/wtv/minesweeper/images 0207_ms_newback.gif
98.02.18 17:25 B C:\Louis\minesweeper\images\0207_ms_quit.gif --> www.woofie.com /u1/vhome/louis/www/wtv/minesweeper/images 0207_ms_quit.gif
98.02.18 17:25 B C:\Louis\minesweeper\images\0217_ms_bigmoreinfo.gif --> www.woofie.com /u1/vhome/louis/www/wtv/minesweeper/images 0217_ms_bigmoreinfo.gif
98.02.18 17:25 B C:\Louis\minesweeper\images\0217_ms_bigplay.gif --> www.woofie.com /u1/vhome/louis/www/wtv/minesweeper/images 0217_ms_bigplay.gif
98.02.18 17:25 B C:\Louis\minesweeper\images\0217_ms_bigrestart.gif --> www.woofie.com /u1/vhome/louis/www/wtv/minesweeper/images 0217_ms_bigrestart.gif
98.02.18 17:25 B C:\Louis\minesweeper\images\0217_ms_bigtips.gif --> www.woofie.com /u1/vhome/louis/www/wtv/minesweeper/images 0217_ms_bigtips.gif
98.02.18 17:25 B C:\Louis\minesweeper\images\0217_ms_choosealevel.gif --> www.woofie.com /u1/vhome/louis/www/wtv/minesweeper/images 0217_ms_choosealevel.gif
98.02.18 17:25 B C:\Louis\minesweeper\images\0217_ms_general.gif --> www.woofie.com /u1/vhome/louis/www/wtv/minesweeper/images 0217_ms_general.gif
98.02.18 17:25 B C:\Louis\minesweeper\images\0217_ms_major.gif --> www.woofie.com /u1/vhome/louis/www/wtv/minesweeper/images 0217_ms_major.gif
98.02.18 17:25 B C:\Louis\minesweeper\images\0217_ms_playagain.gif --> www.woofie.com /u1/vhome/louis/www/wtv/minesweeper/images 0217_ms_playagain.gif
98.02.18 17:25 B C:\Louis\minesweeper\images\0217_ms_private.gif --> www.woofie.com /u1/vhome/louis/www/wtv/minesweeper/images 0217_ms_private.gif
98.02.18 17:25 B C:\Louis\minesweeper\images\1.gif --> www.woofie.com /u1/vhome/louis/www/wtv/minesweeper/images 1.gif
98.02.18 17:25 B C:\Louis\minesweeper\images\2.gif --> www.woofie.com /u1/vhome/louis/www/wtv/minesweeper/images 2.gif
98.02.18 17:25 B C:\Louis\minesweeper\images\3.gif --> www.woofie.com /u1/vhome/louis/www/wtv/minesweeper/images 3.gif
98.02.18 17:25 B C:\Louis\minesweeper\images\4.gif --> www.woofie.com /u1/vhome/louis/www/wtv/minesweeper/images 4.gif
98.02.18 17:25 B C:\Louis\minesweeper\images\5.gif --> www.woofie.com /u1/vhome/louis/www/wtv/minesweeper/images 5.gif
98.02.18 17:25 B C:\Louis\minesweeper\images\6.gif --> www.woofie.com /u1/vhome/louis/www/wtv/minesweeper/images 6.gif
98.02.18 17:25 B C:\Louis\minesweeper\images\7.gif --> www.woofie.com /u1/vhome/louis/www/wtv/minesweeper/images 7.gif
98.02.18 17:25 B C:\Louis\minesweeper\images\8.gif --> www.woofie.com /u1/vhome/louis/www/wtv/minesweeper/images 8.gif
98.02.18 17:25 B C:\Louis\minesweeper\images\9.gif --> www.woofie.com /u1/vhome/louis/www/wtv/minesweeper/images 9.gif
98.02.18 17:25 B C:\Louis\minesweeper\images\b.gif --> www.woofie.com /u1/vhome/louis/www/wtv/minesweeper/images b.gif
98.02.18 17:25 B C:\Louis\minesweeper\images\BACK.JPG --> www.woofie.com /u1/vhome/louis/www/wtv/minesweeper/images BACK.JPG
98.02.18 17:25 B C:\Louis\minesweeper\images\BACKv1.JPG --> www.woofie.com /u1/vhome/louis/www/wtv/minesweeper/images BACKv1.JPG
98.02.18 17:25 B C:\Louis\minesweeper\images\BACKv2.JPG --> www.woofie.com /u1/vhome/louis/www/wtv/minesweeper/images BACKv2.JPG
98.02.18 17:25 B C:\Louis\minesweeper\images\begin.gif --> www.woofie.com /u1/vhome/louis/www/wtv/minesweeper/images begin.gif
98.02.18 17:26 B C:\Louis\minesweeper\images\COLON.GIF --> www.woofie.com /u1/vhome/louis/www/wtv/minesweeper/images COLON.GIF
98.02.18 17:26 B C:\Louis\minesweeper\images\cpms --> www.woofie.com /u1/vhome/louis/www/wtv/minesweeper/images cpms
98.02.18 17:26 B C:\Louis\minesweeper\images\done.gif --> www.woofie.com /u1/vhome/louis/www/wtv/minesweeper/images done.gif
98.02.18 17:26 B C:\Louis\minesweeper\images\flag.gif --> www.woofie.com /u1/vhome/louis/www/wtv/minesweeper/images flag.gif
98.02.18 17:26 B C:\Louis\minesweeper\images\flagcell.gif --> www.woofie.com /u1/vhome/louis/www/wtv/minesweeper/images flagcell.gif
98.02.18 17:26 B C:\Louis\minesweeper\images\flagmode.gif --> www.woofie.com /u1/vhome/louis/www/wtv/minesweeper/images flagmode.gif
98.02.18 17:26 B C:\Louis\minesweeper\images\hidden.gif --> www.woofie.com /u1/vhome/louis/www/wtv/minesweeper/images hidden.gif
98.02.18 17:26 B C:\Louis\minesweeper\images\LOGO.GIF --> www.woofie.com /u1/vhome/louis/www/wtv/minesweeper/images LOGO.GIF
98.02.18 17:26 B C:\Louis\minesweeper\images\lose.gif --> www.woofie.com /u1/vhome/louis/www/wtv/minesweeper/images lose.gif
98.02.18 17:26 B C:\Louis\minesweeper\images\mark.jpg --> www.woofie.com /u1/vhome/louis/www/wtv/minesweeper/images mark.jpg
98.02.18 17:26 B C:\Louis\minesweeper\images\moreinfo.gif --> www.woofie.com /u1/vhome/louis/www/wtv/minesweeper/images moreinfo.gif
98.02.18 17:26 B C:\Louis\minesweeper\images\New-1.gif --> www.woofie.com /u1/vhome/louis/www/wtv/minesweeper/images New-1.gif
98.02.18 17:26 B C:\Louis\minesweeper\images\PLAY.GIF --> www.woofie.com /u1/vhome/louis/www/wtv/minesweeper/images PLAY.GIF
98.02.18 17:26 B C:\Louis\minesweeper\images\playagain.gif --> www.woofie.com /u1/vhome/louis/www/wtv/minesweeper/images playagain.gif
98.02.18 17:26 B C:\Louis\minesweeper\images\QUIT.GIF --> www.woofie.com /u1/vhome/louis/www/wtv/minesweeper/images QUIT.GIF
98.02.18 17:26 B C:\Louis\minesweeper\images\RESTART.GIF --> www.woofie.com /u1/vhome/louis/www/wtv/minesweeper/images RESTART.GIF
98.02.18 17:26 B C:\Louis\minesweeper\images\sweep.jpg --> www.woofie.com /u1/vhome/louis/www/wtv/minesweeper/images sweep.jpg
98.02.18 17:26 B C:\Louis\minesweeper\images\switchmark.jpg --> www.woofie.com /u1/vhome/louis/www/wtv/minesweeper/images switchmark.jpg
98.02.18 17:26 B C:\Louis\minesweeper\images\switchsweep.jpg --> www.woofie.com /u1/vhome/louis/www/wtv/minesweeper/images switchsweep.jpg
98.02.18 17:26 B C:\Louis\minesweeper\images\t0.gif --> www.woofie.com /u1/vhome/louis/www/wtv/minesweeper/images t0.gif
98.02.18 17:26 B C:\Louis\minesweeper\images\t1.gif --> www.woofie.com /u1/vhome/louis/www/wtv/minesweeper/images t1.gif
98.02.18 17:26 B C:\Louis\minesweeper\images\t2.gif --> www.woofie.com /u1/vhome/louis/www/wtv/minesweeper/images t2.gif
98.02.18 17:26 B C:\Louis\minesweeper\images\t3.gif --> www.woofie.com /u1/vhome/louis/www/wtv/minesweeper/images t3.gif
98.02.18 17:26 B C:\Louis\minesweeper\images\t4.gif --> www.woofie.com /u1/vhome/louis/www/wtv/minesweeper/images t4.gif
98.02.18 17:26 B C:\Louis\minesweeper\images\t5.gif --> www.woofie.com /u1/vhome/louis/www/wtv/minesweeper/images t5.gif
98.02.18 17:26 B C:\Louis\minesweeper\images\t6.gif --> www.woofie.com /u1/vhome/louis/www/wtv/minesweeper/images t6.gif
98.02.18 17:26 B C:\Louis\minesweeper\images\t7.gif --> www.woofie.com /u1/vhome/louis/www/wtv/minesweeper/images t7.gif
98.02.18 17:26 B C:\Louis\minesweeper\images\t8.gif --> www.woofie.com /u1/vhome/louis/www/wtv/minesweeper/images t8.gif
98.02.18 17:26 B C:\Louis\minesweeper\images\t9.gif --> www.woofie.com /u1/vhome/louis/www/wtv/minesweeper/images t9.gif
98.02.18 17:26 B C:\Louis\minesweeper\images\uncovermode.gif --> www.woofie.com /u1/vhome/louis/www/wtv/minesweeper/images uncovermode.gif
98.02.18 17:26 B C:\Louis\minesweeper\images\win.gif --> www.woofie.com /u1/vhome/louis/www/wtv/minesweeper/images win.gif
98.02.18 17:26 B C:\Louis\minesweeper\images\WS_FTP.LOG --> www.woofie.com /u1/vhome/louis/www/wtv/minesweeper/images WS_FTP.LOG
98.02.18 20:01 B C:\Louis\minesweeper\images\0.gif --> homeless.artemis.com /home/content/webtv.disco/content/explore2d/programming/minesweeper/images 0.gif
98.02.18 20:01 B C:\Louis\minesweeper\images\1.gif --> homeless.artemis.com /home/content/webtv.disco/content/explore2d/programming/minesweeper/images 1.gif
98.02.18 20:01 B C:\Louis\minesweeper\images\2.gif --> homeless.artemis.com /home/content/webtv.disco/content/explore2d/programming/minesweeper/images 2.gif
98.02.18 20:01 B C:\Louis\minesweeper\images\3.gif --> homeless.artemis.com /home/content/webtv.disco/content/explore2d/programming/minesweeper/images 3.gif
98.02.18 20:01 B C:\Louis\minesweeper\images\4.gif --> homeless.artemis.com /home/content/webtv.disco/content/explore2d/programming/minesweeper/images 4.gif
98.02.18 20:01 B C:\Louis\minesweeper\images\5.gif --> homeless.artemis.com /home/content/webtv.disco/content/explore2d/programming/minesweeper/images 5.gif
98.02.18 20:01 B C:\Louis\minesweeper\images\6.gif --> homeless.artemis.com /home/content/webtv.disco/content/explore2d/programming/minesweeper/images 6.gif
98.02.18 20:01 B C:\Louis\minesweeper\images\7.gif --> homeless.artemis.com /home/content/webtv.disco/content/explore2d/programming/minesweeper/images 7.gif
98.02.18 20:01 B C:\Louis\minesweeper\images\8.gif --> homeless.artemis.com /home/content/webtv.disco/content/explore2d/programming/minesweeper/images 8.gif
98.02.18 20:07 B C:\Louis\minesweeper\images\1.gif --> homeless.artemis.com /home/content/webtv.disco/content/explore2d/programming/minesweeper/images 1.gif
98.02.18 20:07 B C:\Louis\minesweeper\images\2.gif --> homeless.artemis.com /home/content/webtv.disco/content/explore2d/programming/minesweeper/images 2.gif
98.02.18 20:07 B C:\Louis\minesweeper\images\3.gif --> homeless.artemis.com /home/content/webtv.disco/content/explore2d/programming/minesweeper/images 3.gif
98.02.18 20:07 B C:\Louis\minesweeper\images\4.gif --> homeless.artemis.com /home/content/webtv.disco/content/explore2d/programming/minesweeper/images 4.gif
98.02.18 20:07 B C:\Louis\minesweeper\images\5.gif --> homeless.artemis.com /home/content/webtv.disco/content/explore2d/programming/minesweeper/images 5.gif
98.02.18 20:07 B C:\Louis\minesweeper\images\6.gif --> homeless.artemis.com /home/content/webtv.disco/content/explore2d/programming/minesweeper/images 6.gif
98.02.18 20:07 B C:\Louis\minesweeper\images\7.gif --> homeless.artemis.com /home/content/webtv.disco/content/explore2d/programming/minesweeper/images 7.gif
98.02.18 20:07 B C:\Louis\minesweeper\images\8.gif --> homeless.artemis.com /home/content/webtv.disco/content/explore2d/programming/minesweeper/images 8.gif
98.02.18 20:07 B C:\Louis\minesweeper\images\0.gif --> homeless.artemis.com /home/content/webtv.disco/content/explore2d/programming/minesweeper/images 0.gif
98.02.18 21:01 B C:\Louis\minesweeper\images\0.gif --> homeless.artemis.com /home/content/webtv.disco/content/explore2d/images 0.gif
98.02.18 21:01 B C:\Louis\minesweeper\images\1.gif --> homeless.artemis.com /home/content/webtv.disco/content/explore2d/images 1.gif
98.02.18 21:01 B C:\Louis\minesweeper\images\2.gif --> homeless.artemis.com /home/content/webtv.disco/content/explore2d/images 2.gif
98.02.18 21:01 B C:\Louis\minesweeper\images\3.gif --> homeless.artemis.com /home/content/webtv.disco/content/explore2d/images 3.gif
98.02.18 21:01 B C:\Louis\minesweeper\images\4.gif --> homeless.artemis.com /home/content/webtv.disco/content/explore2d/images 4.gif
98.02.18 21:01 B C:\Louis\minesweeper\images\5.gif --> homeless.artemis.com /home/content/webtv.disco/content/explore2d/images 5.gif
98.02.18 21:01 B C:\Louis\minesweeper\images\6.gif --> homeless.artemis.com /home/content/webtv.disco/content/explore2d/images 6.gif
98.02.18 21:01 B C:\Louis\minesweeper\images\7.gif --> homeless.artemis.com /home/content/webtv.disco/content/explore2d/images 7.gif
98.02.18 21:01 B C:\Louis\minesweeper\images\8.gif --> homeless.artemis.com /home/content/webtv.disco/content/explore2d/images 8.gif
98.02.18 21:01 B C:\Louis\minesweeper\images\1.gif --> homeless.artemis.com /home/content/webtv.disco/content/explore2d/programming/minesweeper/images 1.gif
98.02.18 21:01 B C:\Louis\minesweeper\images\2.gif --> homeless.artemis.com /home/content/webtv.disco/content/explore2d/programming/minesweeper/images 2.gif
98.02.18 21:01 B C:\Louis\minesweeper\images\3.gif --> homeless.artemis.com /home/content/webtv.disco/content/explore2d/programming/minesweeper/images 3.gif
98.02.18 21:01 B C:\Louis\minesweeper\images\4.gif --> homeless.artemis.com /home/content/webtv.disco/content/explore2d/programming/minesweeper/images 4.gif
98.02.18 21:01 B C:\Louis\minesweeper\images\5.gif --> homeless.artemis.com /home/content/webtv.disco/content/explore2d/programming/minesweeper/images 5.gif
98.02.18 21:01 B C:\Louis\minesweeper\images\6.gif --> homeless.artemis.com /home/content/webtv.disco/content/explore2d/programming/minesweeper/images 6.gif
98.02.18 21:01 B C:\Louis\minesweeper\images\7.gif --> homeless.artemis.com /home/content/webtv.disco/content/explore2d/programming/minesweeper/images 7.gif
98.02.18 21:01 B C:\Louis\minesweeper\images\8.gif --> homeless.artemis.com /home/content/webtv.disco/content/explore2d/programming/minesweeper/images 8.gif
98.02.18 21:01 B C:\Louis\minesweeper\images\0.gif --> homeless.artemis.com /home/content/webtv.disco/content/explore2d/programming/minesweeper/images 0.gif
98.02.24 18:23 B C:\Louis\minesweeper\images\hiddenbg.gif --> homeless.artemis.com /home/content/webtv.disco/content/explore2d/programming/minesweeper/images hiddenbg.gif
98.03.03 21:56 B C:\Louis\minesweeper\images\0.gif --> www.woofie.com /u1/vhome/louis/www/wtv/minesweeper/images 0.gif
98.03.03 21:56 B C:\Louis\minesweeper\images\0205_ms_play.gif --> www.woofie.com /u1/vhome/louis/www/wtv/minesweeper/images 0205_ms_play.gif
98.03.03 21:56 B C:\Louis\minesweeper\images\0205_ms_tips.gif --> www.woofie.com /u1/vhome/louis/www/wtv/minesweeper/images 0205_ms_tips.gif
98.03.03 21:56 B C:\Louis\minesweeper\images\0207_ms_newback.gif --> www.woofie.com /u1/vhome/louis/www/wtv/minesweeper/images 0207_ms_newback.gif
98.03.03 21:56 B C:\Louis\minesweeper\images\0207_ms_quit.gif --> www.woofie.com /u1/vhome/louis/www/wtv/minesweeper/images 0207_ms_quit.gif
98.03.03 21:56 B C:\Louis\minesweeper\images\0217_ms_bigmoreinfo.gif --> www.woofie.com /u1/vhome/louis/www/wtv/minesweeper/images 0217_ms_bigmoreinfo.gif
98.03.03 21:56 B C:\Louis\minesweeper\images\0217_ms_bigplay.gif --> www.woofie.com /u1/vhome/louis/www/wtv/minesweeper/images 0217_ms_bigplay.gif
98.03.03 21:56 B C:\Louis\minesweeper\images\0217_ms_bigrestart.gif --> www.woofie.com /u1/vhome/louis/www/wtv/minesweeper/images 0217_ms_bigrestart.gif
98.03.03 21:56 B C:\Louis\minesweeper\images\0217_ms_bigtips.gif --> www.woofie.com /u1/vhome/louis/www/wtv/minesweeper/images 0217_ms_bigtips.gif
98.03.03 21:56 B C:\Louis\minesweeper\images\0217_ms_choosealevel.gif --> www.woofie.com /u1/vhome/louis/www/wtv/minesweeper/images 0217_ms_choosealevel.gif
98.03.03 21:56 B C:\Louis\minesweeper\images\0217_ms_general.gif --> www.woofie.com /u1/vhome/louis/www/wtv/minesweeper/images 0217_ms_general.gif
98.03.03 21:56 B C:\Louis\minesweeper\images\0217_ms_major.gif --> www.woofie.com /u1/vhome/louis/www/wtv/minesweeper/images 0217_ms_major.gif
98.03.03 21:56 B C:\Louis\minesweeper\images\0217_ms_playagain.gif --> www.woofie.com /u1/vhome/louis/www/wtv/minesweeper/images 0217_ms_playagain.gif
98.03.03 21:56 B C:\Louis\minesweeper\images\0217_ms_private.gif --> www.woofie.com /u1/vhome/louis/www/wtv/minesweeper/images 0217_ms_private.gif
98.03.03 21:56 B C:\Louis\minesweeper\images\1.gif --> www.woofie.com /u1/vhome/louis/www/wtv/minesweeper/images 1.gif
98.03.03 21:56 B C:\Louis\minesweeper\images\2.gif --> www.woofie.com /u1/vhome/louis/www/wtv/minesweeper/images 2.gif
98.03.03 21:56 B C:\Louis\minesweeper\images\3.gif --> www.woofie.com /u1/vhome/louis/www/wtv/minesweeper/images 3.gif
98.03.03 21:56 B C:\Louis\minesweeper\images\4.gif --> www.woofie.com /u1/vhome/louis/www/wtv/minesweeper/images 4.gif
98.03.03 21:56 B C:\Louis\minesweeper\images\5.gif --> www.woofie.com /u1/vhome/louis/www/wtv/minesweeper/images 5.gif
98.03.03 21:56 B C:\Louis\minesweeper\images\6.gif --> www.woofie.com /u1/vhome/louis/www/wtv/minesweeper/images 6.gif
98.03.03 21:56 B C:\Louis\minesweeper\images\7.gif --> www.woofie.com /u1/vhome/louis/www/wtv/minesweeper/images 7.gif
98.03.03 21:56 B C:\Louis\minesweeper\images\8.gif --> www.woofie.com /u1/vhome/louis/www/wtv/minesweeper/images 8.gif
98.03.03 21:56 B C:\Louis\minesweeper\images\9.gif --> www.woofie.com /u1/vhome/louis/www/wtv/minesweeper/images 9.gif
98.03.03 21:56 B C:\Louis\minesweeper\images\b.gif --> www.woofie.com /u1/vhome/louis/www/wtv/minesweeper/images b.gif
98.03.03 21:56 B C:\Louis\minesweeper\images\BACK.JPG --> www.woofie.com /u1/vhome/louis/www/wtv/minesweeper/images BACK.JPG
98.03.03 21:56 B C:\Louis\minesweeper\images\BACKv1.JPG --> www.woofie.com /u1/vhome/louis/www/wtv/minesweeper/images BACKv1.JPG
98.03.03 21:56 B C:\Louis\minesweeper\images\BACKv2.JPG --> www.woofie.com /u1/vhome/louis/www/wtv/minesweeper/images BACKv2.JPG
98.03.03 21:56 B C:\Louis\minesweeper\images\begin.gif --> www.woofie.com /u1/vhome/louis/www/wtv/minesweeper/images begin.gif
98.03.03 21:56 B C:\Louis\minesweeper\images\COLON.GIF --> www.woofie.com /u1/vhome/louis/www/wtv/minesweeper/images COLON.GIF
98.03.03 21:56 B C:\Louis\minesweeper\images\cpms --> www.woofie.com /u1/vhome/louis/www/wtv/minesweeper/images cpms
98.03.03 21:56 B C:\Louis\minesweeper\images\done.gif --> www.woofie.com /u1/vhome/louis/www/wtv/minesweeper/images done.gif
98.03.03 21:56 B C:\Louis\minesweeper\images\flag.gif --> www.woofie.com /u1/vhome/louis/www/wtv/minesweeper/images flag.gif
98.03.03 21:56 B C:\Louis\minesweeper\images\flagcell.gif --> www.woofie.com /u1/vhome/louis/www/wtv/minesweeper/images flagcell.gif
98.03.03 21:56 B C:\Louis\minesweeper\images\flagmode.gif --> www.woofie.com /u1/vhome/louis/www/wtv/minesweeper/images flagmode.gif
98.03.03 21:56 B C:\Louis\minesweeper\images\green1.gif --> www.woofie.com /u1/vhome/louis/www/wtv/minesweeper/images green1.gif
98.03.03 21:56 B C:\Louis\minesweeper\images\green2.gif --> www.woofie.com /u1/vhome/louis/www/wtv/minesweeper/images green2.gif
98.03.03 21:56 B C:\Louis\minesweeper\images\hidden.gif --> www.woofie.com /u1/vhome/louis/www/wtv/minesweeper/images hidden.gif
98.03.03 21:56 B C:\Louis\minesweeper\images\hiddenbg.gif --> www.woofie.com /u1/vhome/louis/www/wtv/minesweeper/images hiddenbg.gif
98.03.03 21:56 B C:\Louis\minesweeper\images\LOGO.GIF --> www.woofie.com /u1/vhome/louis/www/wtv/minesweeper/images LOGO.GIF
98.03.03 21:56 B C:\Louis\minesweeper\images\lose.gif --> www.woofie.com /u1/vhome/louis/www/wtv/minesweeper/images lose.gif
98.03.03 21:56 B C:\Louis\minesweeper\images\mark.jpg --> www.woofie.com /u1/vhome/louis/www/wtv/minesweeper/images mark.jpg
98.03.03 21:56 B C:\Louis\minesweeper\images\moreinfo.gif --> www.woofie.com /u1/vhome/louis/www/wtv/minesweeper/images moreinfo.gif
98.03.03 21:56 B C:\Louis\minesweeper\images\New-1.gif --> www.woofie.com /u1/vhome/louis/www/wtv/minesweeper/images New-1.gif
98.03.03 21:56 B C:\Louis\minesweeper\images\PLAY.GIF --> www.woofie.com /u1/vhome/louis/www/wtv/minesweeper/images PLAY.GIF
98.03.03 21:56 B C:\Louis\minesweeper\images\playagain.gif --> www.woofie.com /u1/vhome/louis/www/wtv/minesweeper/images playagain.gif
98.03.03 21:56 B C:\Louis\minesweeper\images\QUIT.GIF --> www.woofie.com /u1/vhome/louis/www/wtv/minesweeper/images QUIT.GIF
98.03.03 21:56 B C:\Louis\minesweeper\images\RESTART.GIF --> www.woofie.com /u1/vhome/louis/www/wtv/minesweeper/images RESTART.GIF
98.03.03 21:56 B C:\Louis\minesweeper\images\sweep.jpg --> www.woofie.com /u1/vhome/louis/www/wtv/minesweeper/images sweep.jpg
98.03.03 21:56 B C:\Louis\minesweeper\images\switchmark.jpg --> www.woofie.com /u1/vhome/louis/www/wtv/minesweeper/images switchmark.jpg
98.03.03 21:56 B C:\Louis\minesweeper\images\switchsweep.jpg --> www.woofie.com /u1/vhome/louis/www/wtv/minesweeper/images switchsweep.jpg
98.03.03 21:56 B C:\Louis\minesweeper\images\t0.gif --> www.woofie.com /u1/vhome/louis/www/wtv/minesweeper/images t0.gif
98.03.03 21:56 B C:\Louis\minesweeper\images\t1.gif --> www.woofie.com /u1/vhome/louis/www/wtv/minesweeper/images t1.gif
98.03.03 21:56 B C:\Louis\minesweeper\images\t2.gif --> www.woofie.com /u1/vhome/louis/www/wtv/minesweeper/images t2.gif
98.03.03 21:56 B C:\Louis\minesweeper\images\t3.gif --> www.woofie.com /u1/vhome/louis/www/wtv/minesweeper/images t3.gif
98.03.03 21:56 B C:\Louis\minesweeper\images\t4.gif --> www.woofie.com /u1/vhome/louis/www/wtv/minesweeper/images t4.gif
98.03.03 21:56 B C:\Louis\minesweeper\images\t5.gif --> www.woofie.com /u1/vhome/louis/www/wtv/minesweeper/images t5.gif
98.03.03 21:56 B C:\Louis\minesweeper\images\t6.gif --> www.woofie.com /u1/vhome/louis/www/wtv/minesweeper/images t6.gif
98.03.03 21:56 B C:\Louis\minesweeper\images\t7.gif --> www.woofie.com /u1/vhome/louis/www/wtv/minesweeper/images t7.gif
98.03.03 21:56 B C:\Louis\minesweeper\images\t8.gif --> www.woofie.com /u1/vhome/louis/www/wtv/minesweeper/images t8.gif
98.03.03 21:56 B C:\Louis\minesweeper\images\t9.gif --> www.woofie.com /u1/vhome/louis/www/wtv/minesweeper/images t9.gif
98.03.03 21:56 B C:\Louis\minesweeper\images\uncovermode.gif --> www.woofie.com /u1/vhome/louis/www/wtv/minesweeper/images uncovermode.gif
98.03.03 21:56 B C:\Louis\minesweeper\images\win.gif --> www.woofie.com /u1/vhome/louis/www/wtv/minesweeper/images win.gif
98.03.03 21:56 B C:\Louis\minesweeper\images\WS_FTP.LOG --> www.woofie.com /u1/vhome/louis/www/wtv/minesweeper/images WS_FTP.LOG
98.03.05 00:19 B C:\Louis\minesweeper\images\0.gif --> homeless.artemis.com /home/content/webtv.disco/content/explore2d/programming/wordfind/images 0.gif
98.03.05 00:21 B C:\Louis\minesweeper\images\t0.gif --> homeless.artemis.com /home/content/webtv.disco/content/explore2d/programming/wordfind/images t0.gif
98.03.05 00:21 B C:\Louis\minesweeper\images\t1.gif --> homeless.artemis.com /home/content/webtv.disco/content/explore2d/programming/wordfind/images t1.gif
98.03.05 00:21 B C:\Louis\minesweeper\images\t2.gif --> homeless.artemis.com /home/content/webtv.disco/content/explore2d/programming/wordfind/images t2.gif
98.03.05 00:21 B C:\Louis\minesweeper\images\t3.gif --> homeless.artemis.com /home/content/webtv.disco/content/explore2d/programming/wordfind/images t3.gif
98.03.05 00:21 B C:\Louis\minesweeper\images\t4.gif --> homeless.artemis.com /home/content/webtv.disco/content/explore2d/programming/wordfind/images t4.gif
98.03.05 00:21 B C:\Louis\minesweeper\images\t5.gif --> homeless.artemis.com /home/content/webtv.disco/content/explore2d/programming/wordfind/images t5.gif
98.03.05 00:21 B C:\Louis\minesweeper\images\t6.gif --> homeless.artemis.com /home/content/webtv.disco/content/explore2d/programming/wordfind/images t6.gif
98.03.05 00:21 B C:\Louis\minesweeper\images\t7.gif --> homeless.artemis.com /home/content/webtv.disco/content/explore2d/programming/wordfind/images t7.gif
98.03.05 00:21 B C:\Louis\minesweeper\images\t8.gif --> homeless.artemis.com /home/content/webtv.disco/content/explore2d/programming/wordfind/images t8.gif
98.03.05 00:21 B C:\Louis\minesweeper\images\t9.gif --> homeless.artemis.com /home/content/webtv.disco/content/explore2d/programming/wordfind/images t9.gif
98.03.06 14:38 B C:\Louis\minesweeper\images\wait.gif --> homeless.artemis.com /home/content/webtv.disco/content/explore2d/programming/minesweeper/images wait.gif
98.03.06 14:38 B C:\Louis\minesweeper\images\waitoff.gif --> homeless.artemis.com /home/content/webtv.disco/content/explore2d/programming/minesweeper/images waitoff.gif
98.03.11 18:37 B C:\Louis\minesweeper\images\0.gif --> www.woofie.com /u1/vhome/louis/www/wtv/minesweeper/images 0.gif
98.03.11 18:37 B C:\Louis\minesweeper\images\0205_ms_play.gif --> www.woofie.com /u1/vhome/louis/www/wtv/minesweeper/images 0205_ms_play.gif
98.03.11 18:37 B C:\Louis\minesweeper\images\0205_ms_tips.gif --> www.woofie.com /u1/vhome/louis/www/wtv/minesweeper/images 0205_ms_tips.gif
98.03.11 18:37 B C:\Louis\minesweeper\images\0207_ms_newback.gif --> www.woofie.com /u1/vhome/louis/www/wtv/minesweeper/images 0207_ms_newback.gif
98.03.11 18:37 B C:\Louis\minesweeper\images\0207_ms_quit.gif --> www.woofie.com /u1/vhome/louis/www/wtv/minesweeper/images 0207_ms_quit.gif
98.03.11 18:37 B C:\Louis\minesweeper\images\0217_ms_bigmoreinfo.gif --> www.woofie.com /u1/vhome/louis/www/wtv/minesweeper/images 0217_ms_bigmoreinfo.gif
98.03.11 18:37 B C:\Louis\minesweeper\images\0217_ms_bigplay.gif --> www.woofie.com /u1/vhome/louis/www/wtv/minesweeper/images 0217_ms_bigplay.gif
98.03.11 18:37 B C:\Louis\minesweeper\images\0217_ms_bigrestart.gif --> www.woofie.com /u1/vhome/louis/www/wtv/minesweeper/images 0217_ms_bigrestart.gif
98.03.11 18:37 B C:\Louis\minesweeper\images\0217_ms_bigtips.gif --> www.woofie.com /u1/vhome/louis/www/wtv/minesweeper/images 0217_ms_bigtips.gif
98.03.11 18:39 B C:\Louis\minesweeper\images\0205_ms_tips.gif --> www.woofie.com /u1/vhome/louis/www/wtv/minesweeper/images 0205_ms_tips.gif
98.03.11 18:40 B C:\Louis\minesweeper\images\0217_ms_general.gif --> www.woofie.com /u1/vhome/louis/www/wtv/minesweeper/images 0217_ms_general.gif
98.03.11 18:40 B C:\Louis\minesweeper\images\0217_ms_major.gif --> www.woofie.com /u1/vhome/louis/www/wtv/minesweeper/images 0217_ms_major.gif
98.03.11 18:40 B C:\Louis\minesweeper\images\0217_ms_playagain.gif --> www.woofie.com /u1/vhome/louis/www/wtv/minesweeper/images 0217_ms_playagain.gif
98.03.11 18:40 B C:\Louis\minesweeper\images\0217_ms_private.gif --> www.woofie.com /u1/vhome/louis/www/wtv/minesweeper/images 0217_ms_private.gif
98.03.11 18:40 B C:\Louis\minesweeper\images\1.gif --> www.woofie.com /u1/vhome/louis/www/wtv/minesweeper/images 1.gif
98.03.11 18:40 B C:\Louis\minesweeper\images\2.gif --> www.woofie.com /u1/vhome/louis/www/wtv/minesweeper/images 2.gif
98.03.11 18:40 B C:\Louis\minesweeper\images\3.gif --> www.woofie.com /u1/vhome/louis/www/wtv/minesweeper/images 3.gif
98.03.11 18:40 B C:\Louis\minesweeper\images\4.gif --> www.woofie.com /u1/vhome/louis/www/wtv/minesweeper/images 4.gif
98.03.11 18:40 B C:\Louis\minesweeper\images\5.gif --> www.woofie.com /u1/vhome/louis/www/wtv/minesweeper/images 5.gif
98.03.11 18:40 B C:\Louis\minesweeper\images\6.gif --> www.woofie.com /u1/vhome/louis/www/wtv/minesweeper/images 6.gif
98.03.11 18:40 B C:\Louis\minesweeper\images\7.gif --> www.woofie.com /u1/vhome/louis/www/wtv/minesweeper/images 7.gif
98.03.11 18:40 B C:\Louis\minesweeper\images\8.gif --> www.woofie.com /u1/vhome/louis/www/wtv/minesweeper/images 8.gif
98.03.11 18:40 B C:\Louis\minesweeper\images\9.gif --> www.woofie.com /u1/vhome/louis/www/wtv/minesweeper/images 9.gif
98.03.11 18:40 B C:\Louis\minesweeper\images\b.gif --> www.woofie.com /u1/vhome/louis/www/wtv/minesweeper/images b.gif
98.03.11 18:40 B C:\Louis\minesweeper\images\BACK.JPG --> www.woofie.com /u1/vhome/louis/www/wtv/minesweeper/images BACK.JPG
98.03.11 18:41 B C:\Louis\minesweeper\images\BACKv1.JPG --> www.woofie.com /u1/vhome/louis/www/wtv/minesweeper/images BACKv1.JPG
98.03.11 18:41 B C:\Louis\minesweeper\images\BACKv2.JPG --> www.woofie.com /u1/vhome/louis/www/wtv/minesweeper/images BACKv2.JPG
98.03.11 18:41 B C:\Louis\minesweeper\images\begin.gif --> www.woofie.com /u1/vhome/louis/www/wtv/minesweeper/images begin.gif
98.03.11 18:41 B C:\Louis\minesweeper\images\COLON.GIF --> www.woofie.com /u1/vhome/louis/www/wtv/minesweeper/images COLON.GIF
98.03.11 18:41 B C:\Louis\minesweeper\images\cpms --> www.woofie.com /u1/vhome/louis/www/wtv/minesweeper/images cpms
98.03.11 18:41 B C:\Louis\minesweeper\images\done.gif --> www.woofie.com /u1/vhome/louis/www/wtv/minesweeper/images done.gif
98.03.11 18:41 B C:\Louis\minesweeper\images\flag.gif --> www.woofie.com /u1/vhome/louis/www/wtv/minesweeper/images flag.gif
98.03.11 18:41 B C:\Louis\minesweeper\images\flagcell.gif --> www.woofie.com /u1/vhome/louis/www/wtv/minesweeper/images flagcell.gif
98.03.11 18:41 B C:\Louis\minesweeper\images\flagmode.gif --> www.woofie.com /u1/vhome/louis/www/wtv/minesweeper/images flagmode.gif
98.03.11 18:41 B C:\Louis\minesweeper\images\green1.gif --> www.woofie.com /u1/vhome/louis/www/wtv/minesweeper/images green1.gif
98.03.11 18:41 B C:\Louis\minesweeper\images\green2.gif --> www.woofie.com /u1/vhome/louis/www/wtv/minesweeper/images green2.gif
98.03.11 18:41 B C:\Louis\minesweeper\images\hidden.gif --> www.woofie.com /u1/vhome/louis/www/wtv/minesweeper/images hidden.gif
98.03.11 18:41 B C:\Louis\minesweeper\images\hiddenbg.gif --> www.woofie.com /u1/vhome/louis/www/wtv/minesweeper/images hiddenbg.gif
98.03.11 18:41 B C:\Louis\minesweeper\images\LOGO.GIF --> www.woofie.com /u1/vhome/louis/www/wtv/minesweeper/images LOGO.GIF
98.03.11 18:41 B C:\Louis\minesweeper\images\lose.gif --> www.woofie.com /u1/vhome/louis/www/wtv/minesweeper/images lose.gif
98.03.11 18:41 B C:\Louis\minesweeper\images\mark.jpg --> www.woofie.com /u1/vhome/louis/www/wtv/minesweeper/images mark.jpg
98.03.11 18:42 B C:\Louis\minesweeper\images\moreinfo.gif --> www.woofie.com /u1/vhome/louis/www/wtv/minesweeper/images moreinfo.gif
98.03.11 18:42 B C:\Louis\minesweeper\images\New-1.gif --> www.woofie.com /u1/vhome/louis/www/wtv/minesweeper/images New-1.gif
98.03.11 18:42 B C:\Louis\minesweeper\images\PLAY.GIF --> www.woofie.com /u1/vhome/louis/www/wtv/minesweeper/images PLAY.GIF
98.03.11 18:42 B C:\Louis\minesweeper\images\playagain.gif --> www.woofie.com /u1/vhome/louis/www/wtv/minesweeper/images playagain.gif
98.03.11 18:42 B C:\Louis\minesweeper\images\QUIT.GIF --> www.woofie.com /u1/vhome/louis/www/wtv/minesweeper/images QUIT.GIF
98.03.11 18:42 B C:\Louis\minesweeper\images\RESTART.GIF --> www.woofie.com /u1/vhome/louis/www/wtv/minesweeper/images RESTART.GIF
98.03.11 18:42 B C:\Louis\minesweeper\images\sweep.jpg --> www.woofie.com /u1/vhome/louis/www/wtv/minesweeper/images sweep.jpg
98.03.11 18:42 B C:\Louis\minesweeper\images\switchmark.jpg --> www.woofie.com /u1/vhome/louis/www/wtv/minesweeper/images switchmark.jpg
98.03.11 18:42 B C:\Louis\minesweeper\images\switchsweep.jpg --> www.woofie.com /u1/vhome/louis/www/wtv/minesweeper/images switchsweep.jpg
98.03.11 18:42 B C:\Louis\minesweeper\images\t0.gif --> www.woofie.com /u1/vhome/louis/www/wtv/minesweeper/images t0.gif
98.03.11 18:42 B C:\Louis\minesweeper\images\t1.gif --> www.woofie.com /u1/vhome/louis/www/wtv/minesweeper/images t1.gif
98.03.11 18:42 B C:\Louis\minesweeper\images\t2.gif --> www.woofie.com /u1/vhome/louis/www/wtv/minesweeper/images t2.gif
98.03.11 18:42 B C:\Louis\minesweeper\images\t3.gif --> www.woofie.com /u1/vhome/louis/www/wtv/minesweeper/images t3.gif
98.03.11 18:42 B C:\Louis\minesweeper\images\t4.gif --> www.woofie.com /u1/vhome/louis/www/wtv/minesweeper/images t4.gif
98.03.11 18:42 B C:\Louis\minesweeper\images\t5.gif --> www.woofie.com /u1/vhome/louis/www/wtv/minesweeper/images t5.gif
98.03.11 18:42 B C:\Louis\minesweeper\images\t6.gif --> www.woofie.com /u1/vhome/louis/www/wtv/minesweeper/images t6.gif
98.03.11 18:42 B C:\Louis\minesweeper\images\t7.gif --> www.woofie.com /u1/vhome/louis/www/wtv/minesweeper/images t7.gif
98.03.11 18:42 B C:\Louis\minesweeper\images\t8.gif --> www.woofie.com /u1/vhome/louis/www/wtv/minesweeper/images t8.gif
98.03.11 18:42 B C:\Louis\minesweeper\images\t9.gif --> www.woofie.com /u1/vhome/louis/www/wtv/minesweeper/images t9.gif
98.03.11 18:42 B C:\Louis\minesweeper\images\uncovermode.gif --> www.woofie.com /u1/vhome/louis/www/wtv/minesweeper/images uncovermode.gif
98.03.11 18:43 B C:\Louis\minesweeper\images\wait.gif --> www.woofie.com /u1/vhome/louis/www/wtv/minesweeper/images wait.gif
98.03.11 18:43 B C:\Louis\minesweeper\images\waitoff.gif --> www.woofie.com /u1/vhome/louis/www/wtv/minesweeper/images waitoff.gif
98.03.11 18:43 B C:\Louis\minesweeper\images\win.gif --> www.woofie.com /u1/vhome/louis/www/wtv/minesweeper/images win.gif
98.03.20 11:53 B C:\Louis\minesweeper\images\0.gif --> www.woofie.com /u1/vhome/louis/www/wtv/minesweeper/images 0.gif
98.03.20 11:53 B C:\Louis\minesweeper\images\0205_ms_play.gif --> www.woofie.com /u1/vhome/louis/www/wtv/minesweeper/images 0205_ms_play.gif
98.03.20 11:53 B C:\Louis\minesweeper\images\0205_ms_tips.gif --> www.woofie.com /u1/vhome/louis/www/wtv/minesweeper/images 0205_ms_tips.gif
98.03.20 11:53 B C:\Louis\minesweeper\images\0207_ms_newback.gif --> www.woofie.com /u1/vhome/louis/www/wtv/minesweeper/images 0207_ms_newback.gif
98.03.20 11:53 B C:\Louis\minesweeper\images\0207_ms_quit.gif --> www.woofie.com /u1/vhome/louis/www/wtv/minesweeper/images 0207_ms_quit.gif
98.03.20 11:53 B C:\Louis\minesweeper\images\0217_ms_bigmoreinfo.gif --> www.woofie.com /u1/vhome/louis/www/wtv/minesweeper/images 0217_ms_bigmoreinfo.gif
98.03.20 11:53 B C:\Louis\minesweeper\images\0217_ms_bigplay.gif --> www.woofie.com /u1/vhome/louis/www/wtv/minesweeper/images 0217_ms_bigplay.gif
98.03.20 11:53 B C:\Louis\minesweeper\images\0217_ms_bigrestart.gif --> www.woofie.com /u1/vhome/louis/www/wtv/minesweeper/images 0217_ms_bigrestart.gif
98.03.20 11:53 B C:\Louis\minesweeper\images\0217_ms_bigtips.gif --> www.woofie.com /u1/vhome/louis/www/wtv/minesweeper/images 0217_ms_bigtips.gif
98.03.20 11:53 B C:\Louis\minesweeper\images\0217_ms_choosealevel.gif --> www.woofie.com /u1/vhome/louis/www/wtv/minesweeper/images 0217_ms_choosealevel.gif
98.03.20 11:53 B C:\Louis\minesweeper\images\0217_ms_general.gif --> www.woofie.com /u1/vhome/louis/www/wtv/minesweeper/images 0217_ms_general.gif
98.03.20 11:53 B C:\Louis\minesweeper\images\0217_ms_major.gif --> www.woofie.com /u1/vhome/louis/www/wtv/minesweeper/images 0217_ms_major.gif
98.03.20 11:53 B C:\Louis\minesweeper\images\0217_ms_playagain.gif --> www.woofie.com /u1/vhome/louis/www/wtv/minesweeper/images 0217_ms_playagain.gif
98.03.20 11:53 B C:\Louis\minesweeper\images\0217_ms_private.gif --> www.woofie.com /u1/vhome/louis/www/wtv/minesweeper/images 0217_ms_private.gif
98.03.20 11:53 B C:\Louis\minesweeper\images\1.gif --> www.woofie.com /u1/vhome/louis/www/wtv/minesweeper/images 1.gif
98.03.20 11:53 B C:\Louis\minesweeper\images\2.gif --> www.woofie.com /u1/vhome/louis/www/wtv/minesweeper/images 2.gif
98.03.20 11:53 B C:\Louis\minesweeper\images\3.gif --> www.woofie.com /u1/vhome/louis/www/wtv/minesweeper/images 3.gif
98.03.20 11:53 B C:\Louis\minesweeper\images\4.gif --> www.woofie.com /u1/vhome/louis/www/wtv/minesweeper/images 4.gif
98.03.20 11:53 B C:\Louis\minesweeper\images\5.gif --> www.woofie.com /u1/vhome/louis/www/wtv/minesweeper/images 5.gif
98.03.20 11:53 B C:\Louis\minesweeper\images\6.gif --> www.woofie.com /u1/vhome/louis/www/wtv/minesweeper/images 6.gif
98.03.20 11:53 B C:\Louis\minesweeper\images\7.gif --> www.woofie.com /u1/vhome/louis/www/wtv/minesweeper/images 7.gif
98.03.20 11:53 B C:\Louis\minesweeper\images\8.gif --> www.woofie.com /u1/vhome/louis/www/wtv/minesweeper/images 8.gif
98.03.20 11:53 B C:\Louis\minesweeper\images\9.gif --> www.woofie.com /u1/vhome/louis/www/wtv/minesweeper/images 9.gif
98.03.20 11:53 B C:\Louis\minesweeper\images\b.gif --> www.woofie.com /u1/vhome/louis/www/wtv/minesweeper/images b.gif
98.03.20 11:53 B C:\Louis\minesweeper\images\BACK.JPG --> www.woofie.com /u1/vhome/louis/www/wtv/minesweeper/images BACK.JPG
98.03.20 11:53 B C:\Louis\minesweeper\images\BACKv1.JPG --> www.woofie.com /u1/vhome/louis/www/wtv/minesweeper/images BACKv1.JPG
98.03.20 11:53 B C:\Louis\minesweeper\images\BACKv2.JPG --> www.woofie.com /u1/vhome/louis/www/wtv/minesweeper/images BACKv2.JPG
98.03.20 11:53 B C:\Louis\minesweeper\images\begin.gif --> www.woofie.com /u1/vhome/louis/www/wtv/minesweeper/images begin.gif
98.03.20 11:53 B C:\Louis\minesweeper\images\COLON.GIF --> www.woofie.com /u1/vhome/louis/www/wtv/minesweeper/images COLON.GIF
98.03.20 11:53 B C:\Louis\minesweeper\images\cpms --> www.woofie.com /u1/vhome/louis/www/wtv/minesweeper/images cpms
98.03.20 11:53 B C:\Louis\minesweeper\images\done.gif --> www.woofie.com /u1/vhome/louis/www/wtv/minesweeper/images done.gif
98.03.20 11:53 B C:\Louis\minesweeper\images\flag.gif --> www.woofie.com /u1/vhome/louis/www/wtv/minesweeper/images flag.gif
98.03.20 11:53 B C:\Louis\minesweeper\images\flagcell.gif --> www.woofie.com /u1/vhome/louis/www/wtv/minesweeper/images flagcell.gif
98.03.20 11:53 B C:\Louis\minesweeper\images\flagmode.gif --> www.woofie.com /u1/vhome/louis/www/wtv/minesweeper/images flagmode.gif
98.03.20 11:53 B C:\Louis\minesweeper\images\green1.gif --> www.woofie.com /u1/vhome/louis/www/wtv/minesweeper/images green1.gif
98.03.20 11:53 B C:\Louis\minesweeper\images\green2.gif --> www.woofie.com /u1/vhome/louis/www/wtv/minesweeper/images green2.gif
98.03.20 11:53 B C:\Louis\minesweeper\images\hidden.gif --> www.woofie.com /u1/vhome/louis/www/wtv/minesweeper/images hidden.gif
98.03.20 11:53 B C:\Louis\minesweeper\images\hiddenbg.gif --> www.woofie.com /u1/vhome/louis/www/wtv/minesweeper/images hiddenbg.gif
98.03.20 11:53 B C:\Louis\minesweeper\images\LOGO.GIF --> www.woofie.com /u1/vhome/louis/www/wtv/minesweeper/images LOGO.GIF
98.03.20 11:53 B C:\Louis\minesweeper\images\lose.gif --> www.woofie.com /u1/vhome/louis/www/wtv/minesweeper/images lose.gif
98.03.20 11:53 B C:\Louis\minesweeper\images\mark.jpg --> www.woofie.com /u1/vhome/louis/www/wtv/minesweeper/images mark.jpg
98.03.20 11:53 B C:\Louis\minesweeper\images\moreinfo.gif --> www.woofie.com /u1/vhome/louis/www/wtv/minesweeper/images moreinfo.gif
98.03.20 11:53 B C:\Louis\minesweeper\images\New-1.gif --> www.woofie.com /u1/vhome/louis/www/wtv/minesweeper/images New-1.gif
98.03.20 11:53 B C:\Louis\minesweeper\images\PLAY.GIF --> www.woofie.com /u1/vhome/louis/www/wtv/minesweeper/images PLAY.GIF
98.03.20 11:53 B C:\Louis\minesweeper\images\playagain.gif --> www.woofie.com /u1/vhome/louis/www/wtv/minesweeper/images playagain.gif
98.03.20 11:53 B C:\Louis\minesweeper\images\QUIT.GIF --> www.woofie.com /u1/vhome/louis/www/wtv/minesweeper/images QUIT.GIF
98.03.20 11:54 B C:\Louis\minesweeper\images\RESTART.GIF --> www.woofie.com /u1/vhome/louis/www/wtv/minesweeper/images RESTART.GIF
98.03.20 11:54 B C:\Louis\minesweeper\images\sweep.jpg --> www.woofie.com /u1/vhome/louis/www/wtv/minesweeper/images sweep.jpg
98.03.20 11:54 B C:\Louis\minesweeper\images\switchmark.jpg --> www.woofie.com /u1/vhome/louis/www/wtv/minesweeper/images switchmark.jpg
98.03.20 11:54 B C:\Louis\minesweeper\images\switchsweep.jpg --> www.woofie.com /u1/vhome/louis/www/wtv/minesweeper/images switchsweep.jpg
98.03.20 11:54 B C:\Louis\minesweeper\images\t0.gif --> www.woofie.com /u1/vhome/louis/www/wtv/minesweeper/images t0.gif
98.03.20 11:54 B C:\Louis\minesweeper\images\t1.gif --> www.woofie.com /u1/vhome/louis/www/wtv/minesweeper/images t1.gif
98.03.20 11:54 B C:\Louis\minesweeper\images\t2.gif --> www.woofie.com /u1/vhome/louis/www/wtv/minesweeper/images t2.gif
98.03.20 11:54 B C:\Louis\minesweeper\images\t3.gif --> www.woofie.com /u1/vhome/louis/www/wtv/minesweeper/images t3.gif
98.03.20 11:54 B C:\Louis\minesweeper\images\t4.gif --> www.woofie.com /u1/vhome/louis/www/wtv/minesweeper/images t4.gif
98.03.20 11:54 B C:\Louis\minesweeper\images\t5.gif --> www.woofie.com /u1/vhome/louis/www/wtv/minesweeper/images t5.gif
98.03.20 11:54 B C:\Louis\minesweeper\images\t6.gif --> www.woofie.com /u1/vhome/louis/www/wtv/minesweeper/images t6.gif
98.03.20 11:54 B C:\Louis\minesweeper\images\t7.gif --> www.woofie.com /u1/vhome/louis/www/wtv/minesweeper/images t7.gif
98.03.20 11:54 B C:\Louis\minesweeper\images\t8.gif --> www.woofie.com /u1/vhome/louis/www/wtv/minesweeper/images t8.gif
98.03.20 11:54 B C:\Louis\minesweeper\images\t9.gif --> www.woofie.com /u1/vhome/louis/www/wtv/minesweeper/images t9.gif
98.03.20 11:54 B C:\Louis\minesweeper\images\uncovermode.gif --> www.woofie.com /u1/vhome/louis/www/wtv/minesweeper/images uncovermode.gif
98.03.20 11:54 B C:\Louis\minesweeper\images\wait.gif --> www.woofie.com /u1/vhome/louis/www/wtv/minesweeper/images wait.gif
98.03.20 11:54 B C:\Louis\minesweeper\images\waitoff.gif --> www.woofie.com /u1/vhome/louis/www/wtv/minesweeper/images waitoff.gif
98.03.20 11:54 B C:\Louis\minesweeper\images\win.gif --> www.woofie.com /u1/vhome/louis/www/wtv/minesweeper/images win.gif
