97.09.30 10:00 B D:\LouisRoehrs\crosswordtool\includes\final.old <-- AEd /usr/home/tpark/public_html/crosswordtool/includes final.old
97.09.30 10:00 B D:\LouisRoehrs\crosswordtool\includes\final.thtml <-- AEd /usr/home/tpark/public_html/crosswordtool/includes final.thtml
97.09.30 10:00 B D:\LouisRoehrs\crosswordtool\includes\index.thtml <-- AEd /usr/home/tpark/public_html/crosswordtool/includes index.thtml
97.09.30 10:07 B D:\LouisRoehrs\crosswordtool\includes\final.old --> ed.webtv.net /usr/home/tpark/public_html/louis/crosswordtool/includes final.old
97.09.30 10:07 B D:\LouisRoehrs\crosswordtool\includes\final.thtml --> ed.webtv.net /usr/home/tpark/public_html/louis/crosswordtool/includes final.thtml
97.09.30 10:07 B D:\LouisRoehrs\crosswordtool\includes\index.thtml --> ed.webtv.net /usr/home/tpark/public_html/louis/crosswordtool/includes index.thtml
97.09.30 10:07 B D:\LouisRoehrs\crosswordtool\includes\WS_FTP.LOG --> ed.webtv.net /usr/home/tpark/public_html/louis/crosswordtool/includes WS_FTP.LOG
97.10.06 22:53 B D:\LouisRoehrs\crosswordtool\includes\final.old --> ed.webtv.net /usr/home/tpark/public_html/louis/images/crosswordtool/includes final.old
97.10.06 22:53 B D:\LouisRoehrs\crosswordtool\includes\final.thtml --> ed.webtv.net /usr/home/tpark/public_html/louis/images/crosswordtool/includes final.thtml
97.10.06 22:53 B D:\LouisRoehrs\crosswordtool\includes\index.thtml --> ed.webtv.net /usr/home/tpark/public_html/louis/images/crosswordtool/includes index.thtml
97.10.06 22:53 B D:\LouisRoehrs\crosswordtool\includes\WS_FTP.LOG --> ed.webtv.net /usr/home/tpark/public_html/louis/images/crosswordtool/includes WS_FTP.LOG
97.10.13 12:27 B D:\LouisRoehrs\crosswordtool\includes\final.old --> vp2.netgate.net /u1/vhome/louis/www/wtv/crosswordtool/includes final.old
97.10.13 12:27 B D:\LouisRoehrs\crosswordtool\includes\final.thtml --> vp2.netgate.net /u1/vhome/louis/www/wtv/crosswordtool/includes final.thtml
97.10.13 12:27 B D:\LouisRoehrs\crosswordtool\includes\index.thtml --> vp2.netgate.net /u1/vhome/louis/www/wtv/crosswordtool/includes index.thtml
97.10.13 12:27 B D:\LouisRoehrs\crosswordtool\includes\WS_FTP.LOG --> vp2.netgate.net /u1/vhome/louis/www/wtv/crosswordtool/includes WS_FTP.LOG
97.10.21 19:51 B D:\LouisRoehrs\crosswordtool\includes\final.old --> vp2.netgate.net /u1/vhome/louis/www/wtv/crosswordtool/includes final.old
97.10.21 19:51 B D:\LouisRoehrs\crosswordtool\includes\final.thtml --> vp2.netgate.net /u1/vhome/louis/www/wtv/crosswordtool/includes final.thtml
97.10.21 19:51 B D:\LouisRoehrs\crosswordtool\includes\index.thtml --> vp2.netgate.net /u1/vhome/louis/www/wtv/crosswordtool/includes index.thtml
97.10.21 19:51 B D:\LouisRoehrs\crosswordtool\includes\WS_FTP.LOG --> vp2.netgate.net /u1/vhome/louis/www/wtv/crosswordtool/includes WS_FTP.LOG
97.10.24 18:30 B D:\LouisRoehrs\crosswordtool\includes\final.old --> vp2.netgate.net /u1/vhome/louis/www/wtv/crosswordtool/includes final.old
97.10.24 18:30 B D:\LouisRoehrs\crosswordtool\includes\final.thtml --> vp2.netgate.net /u1/vhome/louis/www/wtv/crosswordtool/includes final.thtml
97.10.24 18:30 B D:\LouisRoehrs\crosswordtool\includes\index.thtml --> vp2.netgate.net /u1/vhome/louis/www/wtv/crosswordtool/includes index.thtml
