98.01.20 17:53 A C:\Louis\wordfind\19970922planets.html <-- content /home/content/webtv.disco/content/explore2d/programming/wordfind 19970922planets.html
98.01.20 17:53 A C:\Louis\wordfind\index.tmpl <-- content /home/content/webtv.disco/content/explore2d/programming/wordfind index.tmpl
98.01.20 17:53 A C:\Louis\wordfind\index2.tmpl <-- content /home/content/webtv.disco/content/explore2d/programming/wordfind index2.tmpl
98.01.20 17:53 A C:\Louis\wordfind\lose.tmpl <-- content /home/content/webtv.disco/content/explore2d/programming/wordfind lose.tmpl
98.01.20 17:53 A C:\Louis\wordfind\planets.html <-- content /home/content/webtv.disco/content/explore2d/programming/wordfind planets.html
98.01.20 17:53 A C:\Louis\wordfind\ss.tmpl <-- content /home/content/webtv.disco/content/explore2d/programming/wordfind ss.tmpl
98.01.20 17:53 A C:\Louis\wordfind\ss2.tmpl <-- content /home/content/webtv.disco/content/explore2d/programming/wordfind ss2.tmpl
98.01.20 17:53 A C:\Louis\wordfind\wf10.tmpl <-- content /home/content/webtv.disco/content/explore2d/programming/wordfind wf10.tmpl
98.01.20 17:53 A C:\Louis\wordfind\wf5.html <-- content /home/content/webtv.disco/content/explore2d/programming/wordfind wf5.html
98.01.20 17:53 A C:\Louis\wordfind\wf5.tmpl <-- content /home/content/webtv.disco/content/explore2d/programming/wordfind wf5.tmpl
98.01.20 17:53 A C:\Louis\wordfind\wf6.tmpl <-- content /home/content/webtv.disco/content/explore2d/programming/wordfind wf6.tmpl
98.01.20 17:53 A C:\Louis\wordfind\wf7.tmpl <-- content /home/content/webtv.disco/content/explore2d/programming/wordfind wf7.tmpl
98.01.20 17:53 A C:\Louis\wordfind\wf8.tmpl <-- content /home/content/webtv.disco/content/explore2d/programming/wordfind wf8.tmpl
98.01.20 17:53 A C:\Louis\wordfind\wf9.tmpl <-- content /home/content/webtv.disco/content/explore2d/programming/wordfind wf9.tmpl
98.01.20 17:53 A C:\Louis\wordfind\win.tmpl <-- content /home/content/webtv.disco/content/explore2d/programming/wordfind win.tmpl
98.01.20 17:53 A C:\Louis\wordfind\wordfind.tmpl <-- content /home/content/webtv.disco/content/explore2d/programming/wordfind wordfind.tmpl
98.01.20 17:53 A C:\Louis\wordfind\wordfind2.tmpl <-- content /home/content/webtv.disco/content/explore2d/programming/wordfind wordfind2.tmpl
98.01.20 17:53 A C:\Louis\wordfind\wordfind3.tmpl <-- content /home/content/webtv.disco/content/explore2d/programming/wordfind wordfind3.tmpl
98.01.20 17:53 A C:\Louis\wordfind\wordfind4.tmpl <-- content /home/content/webtv.disco/content/explore2d/programming/wordfind wordfind4.tmpl
98.01.20 17:53 A C:\Louis\wordfind\wordlose.tmpl <-- content /home/content/webtv.disco/content/explore2d/programming/wordfind wordlose.tmpl
98.01.20 17:53 A C:\Louis\wordfind\wordwin.tmpl <-- content /home/content/webtv.disco/content/explore2d/programming/wordfind wordwin.tmpl
98.01.20 18:50 A C:\Louis\wordfind\19970922planets.html --> www.woofie.com /u1/vhome/louis/www/wtv/wordfind 19970922planets.html
98.01.20 18:50 A C:\Louis\wordfind\index.tmpl --> www.woofie.com /u1/vhome/louis/www/wtv/wordfind index.tmpl
98.01.20 18:50 A C:\Louis\wordfind\index2.tmpl --> www.woofie.com /u1/vhome/louis/www/wtv/wordfind index2.tmpl
98.01.20 18:50 A C:\Louis\wordfind\lose.tmpl --> www.woofie.com /u1/vhome/louis/www/wtv/wordfind lose.tmpl
98.01.20 18:50 A C:\Louis\wordfind\planets.html --> www.woofie.com /u1/vhome/louis/www/wtv/wordfind planets.html
98.01.20 18:50 A C:\Louis\wordfind\ss.tmpl --> www.woofie.com /u1/vhome/louis/www/wtv/wordfind ss.tmpl
98.01.20 18:50 A C:\Louis\wordfind\ss2.tmpl --> www.woofie.com /u1/vhome/louis/www/wtv/wordfind ss2.tmpl
98.01.20 18:50 A C:\Louis\wordfind\wf10.tmpl --> www.woofie.com /u1/vhome/louis/www/wtv/wordfind wf10.tmpl
98.01.20 18:51 A C:\Louis\wordfind\wf5.html --> www.woofie.com /u1/vhome/louis/www/wtv/wordfind wf5.html
98.01.20 18:51 A C:\Louis\wordfind\wf5.tmpl --> www.woofie.com /u1/vhome/louis/www/wtv/wordfind wf5.tmpl
98.01.20 18:51 A C:\Louis\wordfind\wf6.tmpl --> www.woofie.com /u1/vhome/louis/www/wtv/wordfind wf6.tmpl
98.01.20 18:51 A C:\Louis\wordfind\wf7.tmpl --> www.woofie.com /u1/vhome/louis/www/wtv/wordfind wf7.tmpl
98.01.20 18:51 A C:\Louis\wordfind\wf8.tmpl --> www.woofie.com /u1/vhome/louis/www/wtv/wordfind wf8.tmpl
98.01.20 18:51 A C:\Louis\wordfind\wf9.tmpl --> www.woofie.com /u1/vhome/louis/www/wtv/wordfind wf9.tmpl
98.01.20 18:51 A C:\Louis\wordfind\win.tmpl --> www.woofie.com /u1/vhome/louis/www/wtv/wordfind win.tmpl
98.01.20 18:51 A C:\Louis\wordfind\wordfind.tmpl --> www.woofie.com /u1/vhome/louis/www/wtv/wordfind wordfind.tmpl
98.01.20 18:51 A C:\Louis\wordfind\wordfind2.tmpl --> www.woofie.com /u1/vhome/louis/www/wtv/wordfind wordfind2.tmpl
98.01.20 18:51 A C:\Louis\wordfind\wordfind3.tmpl --> www.woofie.com /u1/vhome/louis/www/wtv/wordfind wordfind3.tmpl
98.01.20 18:51 A C:\Louis\wordfind\wordfind4.tmpl --> www.woofie.com /u1/vhome/louis/www/wtv/wordfind wordfind4.tmpl
98.01.20 18:51 A C:\Louis\wordfind\wordlose.tmpl --> www.woofie.com /u1/vhome/louis/www/wtv/wordfind wordlose.tmpl
98.01.20 18:51 A C:\Louis\wordfind\wordwin.tmpl --> www.woofie.com /u1/vhome/louis/www/wtv/wordfind wordwin.tmpl
98.01.21 16:25 A C:\Louis\wordfind\index.html --> www.woofie.com /u1/vhome/louis/www/wtv/wordfind index.html
98.01.21 16:25 A C:\Louis\wordfind\index2.html --> www.woofie.com /u1/vhome/louis/www/wtv/wordfind index2.html
98.01.21 16:28 A C:\Louis\wordfind\index.html --> www.woofie.com /u1/vhome/louis/www/wtv/wordfind index.html
98.01.21 16:30 A C:\Louis\wordfind\index.html --> www.woofie.com /u1/vhome/louis/www/wtv/wordfind index.html
98.01.21 16:30 A C:\Louis\wordfind\index2.html --> www.woofie.com /u1/vhome/louis/www/wtv/wordfind index2.html
98.01.21 16:31 A C:\Louis\wordfind\index.html --> www.woofie.com /u1/vhome/louis/www/wtv/wordfind index.html
98.01.21 16:31 A C:\Louis\wordfind\index2.html --> www.woofie.com /u1/vhome/louis/www/wtv/wordfind index2.html
98.01.21 16:38 A C:\Louis\wordfind\index.html --> www.woofie.com /u1/vhome/louis/www/wtv/wordfind index.html
98.01.21 16:38 A C:\Louis\wordfind\index2.html --> www.woofie.com /u1/vhome/louis/www/wtv/wordfind index2.html
98.01.21 16:39 A C:\Louis\wordfind\index.html --> www.woofie.com /u1/vhome/louis/www/wtv/wordfind index.html
98.01.21 16:39 A C:\Louis\wordfind\index2.html --> www.woofie.com /u1/vhome/louis/www/wtv/wordfind index2.html
98.01.21 16:40 A C:\Louis\wordfind\index.html --> www.woofie.com /u1/vhome/louis/www/wtv/wordfind index.html
98.01.21 16:40 A C:\Louis\wordfind\index2.html --> www.woofie.com /u1/vhome/louis/www/wtv/wordfind index2.html
98.01.21 16:55 A C:\Louis\wordfind\index.html --> www.woofie.com /u1/vhome/louis/www/wtv/wordfind index.html
98.01.21 16:55 A C:\Louis\wordfind\index2.html --> www.woofie.com /u1/vhome/louis/www/wtv/wordfind index2.html
98.01.21 16:57 A C:\Louis\wordfind\index.html --> www.woofie.com /u1/vhome/louis/www/wtv/wordfind index.html
98.01.21 16:57 A C:\Louis\wordfind\index2.html --> www.woofie.com /u1/vhome/louis/www/wtv/wordfind index2.html
98.01.21 16:58 A C:\Louis\wordfind\index.html --> www.woofie.com /u1/vhome/louis/www/wtv/wordfind index.html
98.01.21 16:58 A C:\Louis\wordfind\index2.html --> www.woofie.com /u1/vhome/louis/www/wtv/wordfind index2.html
98.01.21 17:01 A C:\Louis\wordfind\index.html --> www.woofie.com /u1/vhome/louis/www/wtv/wordfind index.html
98.01.21 17:01 A C:\Louis\wordfind\index2.html --> www.woofie.com /u1/vhome/louis/www/wtv/wordfind index2.html
98.01.21 17:03 A C:\Louis\wordfind\index.html --> www.woofie.com /u1/vhome/louis/www/wtv/wordfind index.html
98.01.21 17:03 A C:\Louis\wordfind\index2.html --> www.woofie.com /u1/vhome/louis/www/wtv/wordfind index2.html
98.01.21 17:05 A C:\Louis\wordfind\index.html --> www.woofie.com /u1/vhome/louis/www/wtv/wordfind index.html
98.01.21 17:06 A C:\Louis\wordfind\index2.html --> www.woofie.com /u1/vhome/louis/www/wtv/wordfind index2.html
98.01.21 17:08 A C:\Louis\wordfind\index.html --> www.woofie.com /u1/vhome/louis/www/wtv/wordfind index.html
98.01.21 17:08 A C:\Louis\wordfind\index2.html --> www.woofie.com /u1/vhome/louis/www/wtv/wordfind index2.html
98.01.21 17:16 A C:\Louis\wordfind\index.html --> www.woofie.com /u1/vhome/louis/www/wtv/wordfind index.html
98.01.21 17:16 A C:\Louis\wordfind\index2.html --> www.woofie.com /u1/vhome/louis/www/wtv/wordfind index2.html
98.01.21 17:39 A C:\Louis\wordfind\index.html --> www.woofie.com /u1/vhome/louis/www/wtv/wordfind index.html
98.01.21 17:39 A C:\Louis\wordfind\index2.html --> www.woofie.com /u1/vhome/louis/www/wtv/wordfind index2.html
98.01.21 18:56 A C:\Louis\wordfind\intro.html --> www.woofie.com /u1/vhome/louis/www/wtv/wordfind/navmap intro.html
98.01.21 18:56 A C:\Louis\wordfind\rules.html --> www.woofie.com /u1/vhome/louis/www/wtv/wordfind/navmap rules.html
98.01.29 19:56 A C:\Louis\wordfind\flyin.html <-- content /home/content/webtv.disco/content/explore2d/programming/wordfind flyin.html
98.01.29 19:56 A C:\Louis\wordfind\flyin.html --> homeless.artemis.com /home/content/webtv.disco/content/explore2d/programming/wordfind flyin.html
98.01.29 19:57 A C:\Louis\wordfind\webtvpresents.html <-- content /home/content/webtv.disco/content/explore2d/programming/wordfind webtvpresents.html
98.01.29 20:01 A C:\Louis\wordfind\webtvpresents.html --> homeless.artemis.com /home/content/webtv.disco/content/explore2d/programming/wordfind webtvpresents.html
98.01.29 20:02 A C:\Louis\wordfind\webtvpresents.html --> homeless.artemis.com /home/content/webtv.disco/content/explore2d/programming/wordfind webtvpresents.html
98.01.29 20:05 A C:\Louis\wordfind\webtvpresents.html --> homeless.artemis.com /home/content/webtv.disco/content/explore2d/programming/wordfind webtvpresents.html
98.02.02 17:32 B C:\Louis\wordfind\flyin.html --> www.woofie.com /u1/vhome/louis/www/wtv/wordfind flyin.html
98.02.02 17:32 A C:\Louis\wordfind\webtvpresents.html --> www.woofie.com /u1/vhome/louis/www/wtv/wordfind webtvpresents.html
98.02.02 17:32 A C:\Louis\wordfind\flyin.html --> www.woofie.com /u1/vhome/louis/www/wtv/wordfind flyin.html
98.02.02 17:33 A C:\Louis\wordfind\flyin.html --> homeless.artemis.com /home/content/webtv.disco/content/explore2d/programming/wordfind flyin.html
98.02.17 17:50 A C:\Louis\wordfind\webtvpresents.html --> homeless.artemis.com /home/content/webtv.disco/content/explore2d/programming/wordfind webtvpresents.html
98.02.17 17:50 A C:\Louis\wordfind\webtvpresents.html --> homeless.artemis.com /home/content/webtv.disco/content/explore2d/programming/minesweeper webtvpresents.html
98.02.17 21:16 A C:\Louis\wordfind\webtvpresents.html --> homeless.artemis.com /home/content/webtv.disco/content/explore2d/programming/minesweeper webtvpresents.html
98.02.17 21:51 A C:\Louis\wordfind\webtvpresents.html <-- content /home/content/webtv.disco/content/explore2d/programming/minesweeper webtvpresents.html
98.02.17 21:53 A C:\Louis\wordfind\webtvpresents.html --> homeless.artemis.com /home/content/webtv.disco/content/explore2d/programming/wordfind webtvpresents.html
98.02.17 22:41 A C:\Louis\wordfind\flyin.html --> homeless.artemis.com /home/content/webtv.disco/content/explore2d/programming/wordfind flyin.html
98.02.17 22:42 A C:\Louis\wordfind\flyin.html --> homeless.artemis.com /home/content/webtv.disco/content/explore2d/programming/wordfind flyin.html
98.02.17 22:44 A C:\Louis\wordfind\flyin.html --> homeless.artemis.com /home/content/webtv.disco/content/explore2d/programming/wordfind flyin.html
98.02.19 19:53 A C:\Louis\wordfind\flyin.html --> www.woofie.com /u1/vhome/louis/www/wtv/wordfind flyin.html
98.02.19 19:53 A C:\Louis\wordfind\index.html --> www.woofie.com /u1/vhome/louis/www/wtv/wordfind index.html
98.02.19 19:53 A C:\Louis\wordfind\index.tmpl --> www.woofie.com /u1/vhome/louis/www/wtv/wordfind index.tmpl
98.02.19 19:53 A C:\Louis\wordfind\index2.html --> www.woofie.com /u1/vhome/louis/www/wtv/wordfind index2.html
98.02.19 19:53 A C:\Louis\wordfind\index2o.tmpl --> www.woofie.com /u1/vhome/louis/www/wtv/wordfind index2o.tmpl
98.02.19 19:53 A C:\Louis\wordfind\indexo.tmpl --> www.woofie.com /u1/vhome/louis/www/wtv/wordfind indexo.tmpl
98.02.19 19:53 A C:\Louis\wordfind\lose.tmpl --> www.woofie.com /u1/vhome/louis/www/wtv/wordfind lose.tmpl
98.02.19 19:53 A C:\Louis\wordfind\planets.html --> www.woofie.com /u1/vhome/louis/www/wtv/wordfind planets.html
98.02.19 19:54 A C:\Louis\wordfind\ss.tmpl --> www.woofie.com /u1/vhome/louis/www/wtv/wordfind ss.tmpl
98.02.19 19:54 A C:\Louis\wordfind\ss2.tmpl --> www.woofie.com /u1/vhome/louis/www/wtv/wordfind ss2.tmpl
98.02.19 19:54 A C:\Louis\wordfind\webtvpresents.html --> www.woofie.com /u1/vhome/louis/www/wtv/wordfind webtvpresents.html
98.02.19 19:54 A C:\Louis\wordfind\wf10.tmpl --> www.woofie.com /u1/vhome/louis/www/wtv/wordfind wf10.tmpl
98.02.19 19:54 A C:\Louis\wordfind\wf5.html --> www.woofie.com /u1/vhome/louis/www/wtv/wordfind wf5.html
98.02.19 19:54 A C:\Louis\wordfind\wf5.tmpl --> www.woofie.com /u1/vhome/louis/www/wtv/wordfind wf5.tmpl
98.02.19 19:54 A C:\Louis\wordfind\wf6.tmpl --> www.woofie.com /u1/vhome/louis/www/wtv/wordfind wf6.tmpl
98.02.19 19:54 A C:\Louis\wordfind\wf7.tmpl --> www.woofie.com /u1/vhome/louis/www/wtv/wordfind wf7.tmpl
98.02.19 19:54 A C:\Louis\wordfind\wf8.tmpl --> www.woofie.com /u1/vhome/louis/www/wtv/wordfind wf8.tmpl
98.02.19 19:54 A C:\Louis\wordfind\wf9.tmpl --> www.woofie.com /u1/vhome/louis/www/wtv/wordfind wf9.tmpl
98.02.19 19:54 A C:\Louis\wordfind\win.tmpl --> www.woofie.com /u1/vhome/louis/www/wtv/wordfind win.tmpl
98.02.19 19:54 A C:\Louis\wordfind\wordfind.tmpl --> www.woofie.com /u1/vhome/louis/www/wtv/wordfind wordfind.tmpl
98.02.19 19:54 A C:\Louis\wordfind\wordfind2.tmpl --> www.woofie.com /u1/vhome/louis/www/wtv/wordfind wordfind2.tmpl
98.02.19 19:54 A C:\Louis\wordfind\wordfind3.tmpl --> www.woofie.com /u1/vhome/louis/www/wtv/wordfind wordfind3.tmpl
98.02.19 19:54 A C:\Louis\wordfind\wordfind4.tmpl --> www.woofie.com /u1/vhome/louis/www/wtv/wordfind wordfind4.tmpl
98.02.19 19:54 A C:\Louis\wordfind\wordlose.tmpl --> www.woofie.com /u1/vhome/louis/www/wtv/wordfind wordlose.tmpl
98.02.19 19:54 A C:\Louis\wordfind\wordwin.tmpl --> www.woofie.com /u1/vhome/louis/www/wtv/wordfind wordwin.tmpl
98.02.19 19:54 B C:\Louis\wordfind\WS_FTP.LOG --> www.woofie.com /u1/vhome/louis/www/wtv/wordfind WS_FTP.LOG
98.02.24 17:59 A C:\Louis\wordfind\flyin.html --> homeless.artemis.com /home/content/webtv.disco/content/explore2d/programming/wordfind flyin.html
98.02.24 17:59 A C:\Louis\wordfind\webtvpresents.html --> homeless.artemis.com /home/content/webtv.disco/content/explore2d/programming/wordfind webtvpresents.html
98.02.24 21:09 A C:\Louis\wordfind\webtvpresents.html --> homeless.artemis.com /home/content/webtv.disco/content/explore2d/programming/wordfind webtvpresents.html
98.02.24 21:21 A C:\Louis\wordfind\webtvpresents.html --> homeless.artemis.com /home/content/webtv.disco/content/explore2d/programming/wordfind webtvpresents.html
98.02.24 21:24 A C:\Louis\wordfind\webtvpresents.html --> homeless.artemis.com /home/content/webtv.disco/content/explore2d/programming/wordfind webtvpresents.html
98.02.24 21:30 A C:\Louis\wordfind\index.html --> homeless.artemis.com /home/content/webtv.disco/content/explore2d/programming/wordfind index.html
98.03.06 11:31 A C:\Louis\wordfind\webtvpresents.html --> homeless.artemis.com /home/content/webtv.disco/content/explore2d/programming/wordfind webtvpresents.html
98.03.09 14:47 A C:\Louis\wordfind\C:\Louis\wordfindtool\Wordfind\woofie3.tmpl --> homeless.artemis.com /home/content/webtv.disco/content/explore2d/programming/wordfind/entertainment woofie3.tmpl
98.03.09 14:49 A C:\Louis\wordfind\C:\Louis\wordfindtool\Wordfind\woofie3.tmpl --> homeless.artemis.com /home/content/webtv.disco/content/explore2d/programming/wordfind/entertainment woofie3.tmpl
98.03.09 15:01 B C:\Louis\wordfind\C:\Louis\wordfindtool\Wordfind\woofie3.tmpl --> homeless.artemis.com /home/content/webtv.disco/content/explore2d/programming/wordfind/entertainment woofie3.tmpl
98.03.09 15:04 B C:\Louis\wordfind\C:\Louis\wordfindtool\Wordfind\woofie3.tmpl --> homeless.artemis.com /home/content/webtv.disco/content/explore2d/programming/wordfind/entertainment woofie3.tmpl
98.03.09 15:07 B C:\Louis\wordfind\C:\Louis\wordfindtool\Wordfind\woofie3.tmpl --> homeless.artemis.com /home/content/webtv.disco/content/explore2d/programming/wordfind/entertainment woofie3.tmpl
98.03.09 15:11 B C:\Louis\wordfind\C:\Louis\wordfindtool\Wordfind\woofie3.tmpl --> homeless.artemis.com /home/content/webtv.disco/content/explore2d/programming/wordfind/entertainment woofie3.tmpl
98.03.09 15:16 B C:\Louis\wordfind\C:\Louis\wordfindtool\Wordfind\woofie3.tmpl --> homeless.artemis.com /home/content/webtv.disco/content/explore2d/programming/wordfind/entertainment woofie3.tmpl
98.03.09 16:44 B C:\Louis\wordfind\C:\Louis\wordfindtool\Wordfind\woofie3.tmpl --> homeless.artemis.com /home/content/webtv.disco/content/explore2d/programming/wordfind/entertainment woofie3.tmpl
98.03.09 16:59 B C:\Louis\wordfind\C:\Louis\wordfindtool\Wordfind\woofie3.tmpl --> homeless.artemis.com /home/content/webtv.disco/content/explore2d/programming/wordfind/entertainment woofie3.tmpl
98.03.09 19:25 A C:\Louis\wordfind\flyin.html --> homeless.artemis.com /home/content/webtv.disco/content/explore2d/programming/wordfind flyin.html
98.03.24 11:45 A C:\Louis\wordfind\flyin.html --> www.woofie.com /u1/vhome/louis/www/wtv/wordfind flyin.html
98.03.24 11:45 A C:\Louis\wordfind\index.html --> www.woofie.com /u1/vhome/louis/www/wtv/wordfind index.html
98.03.24 11:45 A C:\Louis\wordfind\index.tmpl --> www.woofie.com /u1/vhome/louis/www/wtv/wordfind index.tmpl
98.03.24 11:45 A C:\Louis\wordfind\index2.html --> www.woofie.com /u1/vhome/louis/www/wtv/wordfind index2.html
98.03.24 11:45 A C:\Louis\wordfind\index2o.tmpl --> www.woofie.com /u1/vhome/louis/www/wtv/wordfind index2o.tmpl
98.03.24 11:45 A C:\Louis\wordfind\indexo.tmpl --> www.woofie.com /u1/vhome/louis/www/wtv/wordfind indexo.tmpl
98.03.24 11:45 A C:\Louis\wordfind\lose.tmpl --> www.woofie.com /u1/vhome/louis/www/wtv/wordfind lose.tmpl
98.03.24 11:45 A C:\Louis\wordfind\planets.html --> www.woofie.com /u1/vhome/louis/www/wtv/wordfind planets.html
98.03.24 11:45 A C:\Louis\wordfind\ss.tmpl --> www.woofie.com /u1/vhome/louis/www/wtv/wordfind ss.tmpl
98.03.24 11:45 A C:\Louis\wordfind\ss2.tmpl --> www.woofie.com /u1/vhome/louis/www/wtv/wordfind ss2.tmpl
98.03.24 11:45 A C:\Louis\wordfind\webtvpresents.html --> www.woofie.com /u1/vhome/louis/www/wtv/wordfind webtvpresents.html
98.03.24 11:45 A C:\Louis\wordfind\wf10.tmpl --> www.woofie.com /u1/vhome/louis/www/wtv/wordfind wf10.tmpl
98.03.24 11:45 A C:\Louis\wordfind\wf5.html --> www.woofie.com /u1/vhome/louis/www/wtv/wordfind wf5.html
98.03.24 11:45 A C:\Louis\wordfind\wf5.tmpl --> www.woofie.com /u1/vhome/louis/www/wtv/wordfind wf5.tmpl
98.03.24 11:45 A C:\Louis\wordfind\wf6.tmpl --> www.woofie.com /u1/vhome/louis/www/wtv/wordfind wf6.tmpl
98.03.24 11:45 A C:\Louis\wordfind\wf7.tmpl --> www.woofie.com /u1/vhome/louis/www/wtv/wordfind wf7.tmpl
98.03.24 11:45 A C:\Louis\wordfind\wf8.tmpl --> www.woofie.com /u1/vhome/louis/www/wtv/wordfind wf8.tmpl
98.03.24 11:45 A C:\Louis\wordfind\wf9.tmpl --> www.woofie.com /u1/vhome/louis/www/wtv/wordfind wf9.tmpl
98.03.24 11:45 A C:\Louis\wordfind\win.tmpl --> www.woofie.com /u1/vhome/louis/www/wtv/wordfind win.tmpl
98.03.24 11:45 A C:\Louis\wordfind\wordfind.tmpl --> www.woofie.com /u1/vhome/louis/www/wtv/wordfind wordfind.tmpl
98.03.24 11:45 A C:\Louis\wordfind\wordfind2.tmpl --> www.woofie.com /u1/vhome/louis/www/wtv/wordfind wordfind2.tmpl
98.03.24 11:45 A C:\Louis\wordfind\wordfind3.tmpl --> www.woofie.com /u1/vhome/louis/www/wtv/wordfind wordfind3.tmpl
98.03.24 11:45 A C:\Louis\wordfind\wordfind4.tmpl --> www.woofie.com /u1/vhome/louis/www/wtv/wordfind wordfind4.tmpl
98.03.24 11:45 A C:\Louis\wordfind\wordlose.tmpl --> www.woofie.com /u1/vhome/louis/www/wtv/wordfind wordlose.tmpl
98.03.24 11:45 A C:\Louis\wordfind\wordwin.tmpl --> www.woofie.com /u1/vhome/louis/www/wtv/wordfind wordwin.tmpl
98.05.04 18:05 A C:\Louis\wordfind\index.tmpl --> homeless.artemis.com /home/content/webtv.disco/content/explore2d/programming/wordfind index.tmpl
98.05.04 20:40 A C:\Louis\wordfind\flyin.html --> homeless.artemis.com /home/content/webtv.disco/content/explore2d/programming/wordfind flyin.html
98.05.04 20:43 B C:\Louis\wordfind\continue2.gif <-- content /home/content/webtv.disco/content/explore2d/programming/wordfind/images continue2.gif
98.05.04 20:43 B C:\Louis\wordfind\hint2.gif <-- content /home/content/webtv.disco/content/explore2d/programming/wordfind/images hint2.gif
98.05.04 20:43 B C:\Louis\wordfind\play2.gif <-- content /home/content/webtv.disco/content/explore2d/programming/wordfind/images play2.gif
98.05.04 20:43 B C:\Louis\wordfind\quit2.gif <-- content /home/content/webtv.disco/content/explore2d/programming/wordfind/images quit2.gif
98.05.04 20:43 B C:\Louis\wordfind\rules2.gif <-- content /home/content/webtv.disco/content/explore2d/programming/wordfind/images rules2.gif
98.05.04 20:43 B C:\Louis\wordfind\solve2.gif <-- content /home/content/webtv.disco/content/explore2d/programming/wordfind/images solve2.gif
98.05.04 20:49 A C:\Louis\wordfind\index.html <-- content /home/content/webtv.disco/content/explore2d/programming/wordfind index.html
98.05.04 20:49 A C:\Louis\wordfind\index.tmpl <-- content /home/content/webtv.disco/content/explore2d/programming/wordfind index.tmpl
98.05.04 20:49 A C:\Louis\wordfind\intro.tmpl <-- content /home/content/webtv.disco/content/explore2d/programming/wordfind intro.tmpl
98.05.04 20:50 A C:\Louis\wordfind\flyin.html --> homeless.artemis.com /home/content/webtv.disco/content/explore2d/programming/wordfind flyin.html
98.05.04 20:50 A C:\Louis\wordfind\index.tmpl --> homeless.artemis.com /home/content/webtv.disco/content/explore2d/programming/wordfind index.tmpl
98.05.04 20:50 A C:\Louis\wordfind\intro.tmpl --> homeless.artemis.com /home/content/webtv.disco/content/explore2d/programming/wordfind intro.tmpl
98.05.04 20:50 A C:\Louis\wordfind\webtvpresents.html --> homeless.artemis.com /home/content/webtv.disco/content/explore2d/programming/wordfind webtvpresents.html
98.05.04 20:53 A C:\Louis\wordfind\index.tmpl --> homeless.artemis.com /home/content/webtv.disco/content/explore2d/programming/wordfind index.tmpl
98.05.04 20:53 A C:\Louis\wordfind\intro.tmpl --> homeless.artemis.com /home/content/webtv.disco/content/explore2d/programming/wordfind intro.tmpl
98.05.04 20:55 A C:\Louis\wordfind\index.tmpl --> homeless.artemis.com /home/content/webtv.disco/content/explore2d/programming/wordfind index.tmpl
98.05.04 21:12 B C:\Louis\wordfind\C:\Louis\wordfindtool\Wordfind\tempwordfind.tmpl --> homeless.artemis.com /home/content/webtv.disco/content/explore2d/programming/wordfind/games tempwordfind.tmpl
98.05.04 21:12 A C:\Louis\wordfind\C:\Louis\wordfindtool\Wordfind\tempwordfind.tmpl --> homeless.artemis.com /home/content/webtv.disco/content/explore2d/programming/wordfind/games tempwordfind.tmpl
98.05.04 21:14 A C:\Louis\wordfind\C:\Louis\wordfindtool\Wordfind\tempwordfind.tmpl --> homeless.artemis.com /home/content/webtv.disco/content/explore2d/programming/wordfind/games tempwordfind.tmpl
98.05.04 21:19 A C:\Louis\wordfind\C:\Louis\wordfindtool\Wordfind\tempwordfind.tmpl --> homeless.artemis.com /home/content/webtv.disco/content/explore2d/programming/wordfind/games tempwordfind.tmpl
98.05.04 21:20 A C:\Louis\wordfind\C:\Louis\wordfindtool\Wordfind\tempwordfind.tmpl --> homeless.artemis.com /home/content/webtv.disco/content/explore2d/programming/wordfind/games tempwordfind.tmpl
98.05.04 21:25 A C:\Louis\wordfind\C:\Louis\wordfindtool\Wordfind\tempwordfind.tmpl --> homeless.artemis.com /home/content/webtv.disco/content/explore2d/programming/wordfind/games tempwordfind.tmpl
98.05.04 21:28 A C:\Louis\wordfind\C:\Louis\wordfindtool\Wordfind\tempwordfind.tmpl --> homeless.artemis.com /home/content/webtv.disco/content/explore2d/programming/wordfind/games tempwordfind.tmpl
98.05.04 21:32 A C:\Louis\wordfind\C:\Louis\wordfindtool\Wordfind\tempwordfind.tmpl --> homeless.artemis.com /home/content/webtv.disco/content/explore2d/programming/wordfind/games tempwordfind.tmpl
98.05.04 21:33 A C:\Louis\wordfind\C:\Louis\wordfindtool\Wordfind\tempwordfind.tmpl --> homeless.artemis.com /home/content/webtv.disco/content/explore2d/programming/wordfind/games tempwordfind.tmpl
98.05.04 21:34 A C:\Louis\wordfind\C:\Louis\wordfindtool\Wordfind\tempwordfind.tmpl --> homeless.artemis.com /home/content/webtv.disco/content/explore2d/programming/wordfind/games tempwordfind.tmpl
98.05.04 21:35 A C:\Louis\wordfind\C:\Louis\wordfindtool\Wordfind\tempwordfind.tmpl --> homeless.artemis.com /home/content/webtv.disco/content/explore2d/programming/wordfind/games tempwordfind.tmpl
98.05.04 21:40 A C:\Louis\wordfind\C:\Louis\wordfindtool\Wordfind\tempwordfind.tmpl --> homeless.artemis.com /home/content/webtv.disco/content/explore2d/programming/wordfind/games tempwordfind.tmpl
98.05.04 21:50 A C:\Louis\wordfind\C:\Louis\wordfindtool\Wordfind\tempwordfind.tmpl --> homeless.artemis.com /home/content/webtv.disco/content/explore2d/programming/wordfind/games tempwordfind.tmpl
98.05.04 21:53 A C:\Louis\wordfind\C:\Louis\wordfindtool\Wordfind\tempwordfind.tmpl --> homeless.artemis.com /home/content/webtv.disco/content/explore2d/programming/wordfind/games tempwordfind.tmpl
98.05.04 21:58 A C:\Louis\wordfind\C:\Louis\wordfindtool\Wordfind\tempwordfind.tmpl --> homeless.artemis.com /home/content/webtv.disco/content/explore2d/programming/wordfind/games tempwordfind.tmpl
98.05.04 22:06 A C:\Louis\wordfind\C:\Louis\wordfindtool\Wordfind\tempwordfind.tmpl --> homeless.artemis.com /home/content/webtv.disco/content/explore2d/programming/wordfind/games tempwordfind.tmpl
98.05.04 22:13 A C:\Louis\wordfind\C:\Louis\wordfindtool\Wordfind\tempwordfind.tmpl --> homeless.artemis.com /home/content/webtv.disco/content/explore2d/programming/wordfind/games tempwordfind.tmpl
98.05.05 14:23 B C:\Louis\wordfind\C:\Louis\wordfindtool\Wordfind\tempwordfind.tmpl --> homeless.artemis.com /home/content/webtv.disco/content/explore2d/programming/wordfind/games tempwordfind.tmpl
98.05.05 14:23 A C:\Louis\wordfind\C:\Louis\wordfindtool\Wordfind\tempwordfind.tmpl --> homeless.artemis.com /home/content/webtv.disco/content/explore2d/programming/wordfind/games tempwordfind.tmpl
98.05.05 14:26 A C:\Louis\wordfind\C:\Louis\wordfindtool\Wordfind\tempwordfind.tmpl --> homeless.artemis.com /home/content/webtv.disco/content/explore2d/programming/wordfind/games tempwordfind.tmpl
98.05.05 14:28 A C:\Louis\wordfind\intro.tmpl --> homeless.artemis.com /home/content/webtv.disco/content/explore2d/programming/wordfind intro.tmpl
98.05.05 14:28 A C:\Louis\wordfind\index.tmpl --> homeless.artemis.com /home/content/webtv.disco/content/explore2d/programming/wordfind index.tmpl
98.05.05 14:29 A C:\Louis\wordfind\index.tmpl --> homeless.artemis.com /home/content/webtv.disco/content/explore2d/programming/wordfind index.tmpl
98.05.05 14:29 A C:\Louis\wordfind\intro.tmpl --> homeless.artemis.com /home/content/webtv.disco/content/explore2d/programming/wordfind intro.tmpl
98.05.05 14:29 A C:\Louis\wordfind\intro.tmpl --> homeless.artemis.com /home/content/webtv.disco/content/explore2d/programming/wordfind intro.tmpl
98.05.05 14:44 A C:\Louis\wordfind\C:\Louis\wordfindtool\Wordfind\tempwordfind.tmpl --> homeless.artemis.com /home/content/webtv.disco/content/explore2d/programming/wordfind/games tempwordfind.tmpl
98.05.05 14:45 A C:\Louis\wordfind\C:\Louis\wordfindtool\Wordfind\tempwordfind.tmpl --> homeless.artemis.com /home/content/webtv.disco/content/explore2d/programming/wordfind/games tempwordfind.tmpl
98.05.05 14:45 A C:\Louis\wordfind\C:\Louis\wordfindtool\Wordfind\tempwordfind.tmpl --> homeless.artemis.com /home/content/webtv.disco/content/explore2d/programming/wordfind/games tempwordfind.tmpl
98.05.05 14:46 A C:\Louis\wordfind\C:\Louis\wordfindtool\Wordfind\tempwordfind.tmpl --> homeless.artemis.com /home/content/webtv.disco/content/explore2d/programming/wordfind/games tempwordfind.tmpl
98.05.05 14:46 A C:\Louis\wordfind\C:\Louis\wordfindtool\Wordfind\tempwordfind.tmpl --> homeless.artemis.com /home/content/webtv.disco/content/explore2d/programming/wordfind/games tempwordfind.tmpl
98.05.05 14:46 A C:\Louis\wordfind\C:\Louis\wordfindtool\Wordfind\tempwordfind.tmpl --> homeless.artemis.com /home/content/webtv.disco/content/explore2d/programming/wordfind/games tempwordfind.tmpl
98.05.05 14:47 A C:\Louis\wordfind\index.tmpl --> homeless.artemis.com /home/content/webtv.disco/content/explore2d/programming/wordfind index.tmpl
98.05.05 14:47 A C:\Louis\wordfind\intro.tmpl --> homeless.artemis.com /home/content/webtv.disco/content/explore2d/programming/wordfind intro.tmpl
98.05.05 14:48 A C:\Louis\wordfind\index.tmpl --> homeless.artemis.com /home/content/webtv.disco/content/explore2d/programming/wordfind index.tmpl
98.05.05 14:48 A C:\Louis\wordfind\intro.tmpl --> homeless.artemis.com /home/content/webtv.disco/content/explore2d/programming/wordfind intro.tmpl
98.05.05 14:57 A C:\Louis\wordfind\win.tmpl --> homeless.artemis.com /home/content/webtv.disco/content/explore2d/programming/wordfind win.tmpl
98.05.05 15:29 B C:\Louis\wordfind\win.tmpl --> homeless.artemis.com /home/content/webtv.disco/content/explore2d/programming/wordfind win.tmpl
98.05.05 15:29 A C:\Louis\wordfind\win.tmpl --> homeless.artemis.com /home/content/webtv.disco/content/explore2d/programming/wordfind win.tmpl
98.05.06 16:45 A C:\Louis\wordfind\index.tmpl --> homeless.artemis.com /home/content/webtv.disco/content/explore2d/programming/wordfind index.tmpl
98.05.06 16:45 A C:\Louis\wordfind\intro.tmpl --> homeless.artemis.com /home/content/webtv.disco/content/explore2d/programming/wordfind intro.tmpl
98.05.06 16:46 A C:\Louis\wordfind\index.tmpl --> homeless.artemis.com /home/content/webtv.disco/content/explore2d/programming/wordfind index.tmpl
98.05.06 16:46 A C:\Louis\wordfind\intro.tmpl --> homeless.artemis.com /home/content/webtv.disco/content/explore2d/programming/wordfind intro.tmpl
98.05.06 16:47 A C:\Louis\wordfind\index.tmpl --> homeless.artemis.com /home/content/webtv.disco/content/explore2d/programming/wordfind index.tmpl
98.05.06 16:47 A C:\Louis\wordfind\intro.tmpl --> homeless.artemis.com /home/content/webtv.disco/content/explore2d/programming/wordfind intro.tmpl
98.05.06 16:48 A C:\Louis\wordfind\index.tmpl --> homeless.artemis.com /home/content/webtv.disco/content/explore2d/programming/wordfind index.tmpl
98.05.06 16:48 A C:\Louis\wordfind\intro.tmpl --> homeless.artemis.com /home/content/webtv.disco/content/explore2d/programming/wordfind intro.tmpl
98.05.06 16:56 A C:\Louis\wordfind\C:\Louis\wordfindtool\Wordfind\tempwordfind.tmpl --> homeless.artemis.com /home/content/webtv.disco/content/explore2d/programming/wordfind/games tempwordfind.tmpl
98.05.06 16:56 A C:\Louis\wordfind\C:\Louis\wordfindtool\Wordfind\tempwordfind.tmpl --> homeless.artemis.com /home/content/webtv.disco/content/explore2d/programming/wordfind/games tempwordfind.tmpl
98.05.06 16:57 A C:\Louis\wordfind\C:\Louis\wordfindtool\Wordfind\tempwordfind.tmpl --> homeless.artemis.com /home/content/webtv.disco/content/explore2d/programming/wordfind/games tempwordfind.tmpl
98.05.06 16:57 A C:\Louis\wordfind\C:\Louis\wordfindtool\Wordfind\tempwordfind.tmpl --> homeless.artemis.com /home/content/webtv.disco/content/explore2d/programming/wordfind/games tempwordfind.tmpl
98.05.06 16:57 A C:\Louis\wordfind\C:\Louis\wordfindtool\Wordfind\tempwordfind.tmpl --> homeless.artemis.com /home/content/webtv.disco/content/explore2d/programming/wordfind/games tempwordfind.tmpl
98.05.06 17:00 A C:\Louis\wordfind\index.tmpl --> homeless.artemis.com /home/content/webtv.disco/content/explore2d/programming/wordfind index.tmpl
98.05.06 17:08 A C:\Louis\wordfind\C:\Louis\wordfindtool\Wordfind\tempwordfind.tmpl --> homeless.artemis.com /home/content/webtv.disco/content/explore2d/programming/wordfind/games tempwordfind.tmpl
98.05.06 17:11 A C:\Louis\wordfind\C:\Louis\wordfindtool\Wordfind\tempwordfind.tmpl --> homeless.artemis.com /home/content/webtv.disco/content/explore2d/programming/wordfind/games tempwordfind.tmpl
98.05.06 17:16 A C:\Louis\wordfind\C:\Louis\wordfindtool\Wordfind\tempwordfind.tmpl --> homeless.artemis.com /home/content/webtv.disco/content/explore2d/programming/wordfind/games tempwordfind.tmpl
98.05.15 17:25 A C:\Louis\wordfind\webtvpresents.html --> homeless.artemis.com /home/contnxt/network.main/content/installed/explore2d/programming/wordfind webtvpresents.html
98.05.15 17:27 A C:\Louis\wordfind\index.tmpl --> homeless.artemis.com /home/contnxt/network.main/content/installed/explore2d/programming/wordfind index.tmpl
98.05.15 17:29 A C:\Louis\wordfind\index.tmpl --> homeless.artemis.com /home/contnxt/network.main/content/installed/explore2d/programming/wordfind/sounds index.tmpl
98.05.15 17:29 A C:\Louis\wordfind\intro.tmpl --> homeless.artemis.com /home/contnxt/network.main/content/installed/explore2d/programming/wordfind/sounds intro.tmpl
98.05.15 18:20 A C:\Louis\wordfind\index.tmpl --> homeless.artemis.com /home/content/webtv.disco/content/explore2d/programming/wordfind index.tmpl
98.05.15 18:20 A C:\Louis\wordfind\intro.tmpl --> homeless.artemis.com /home/content/webtv.disco/content/explore2d/programming/wordfind intro.tmpl
98.05.15 18:20 A C:\Louis\wordfind\webtvpresents.html --> homeless.artemis.com /home/content/webtv.disco/content/explore2d/programming/wordfind webtvpresents.html
98.05.15 18:20 A C:\Louis\wordfind\win.tmpl --> homeless.artemis.com /home/content/webtv.disco/content/explore2d/programming/wordfind win.tmpl
98.05.15 18:21 A C:\Louis\wordfind\index.tmpl --> homeless.artemis.com /home/contnxt/network.main/content/installed/explore2d/programming/wordfind index.tmpl
98.05.15 18:21 A C:\Louis\wordfind\intro.tmpl --> homeless.artemis.com /home/contnxt/network.main/content/installed/explore2d/programming/wordfind intro.tmpl
98.05.15 18:21 A C:\Louis\wordfind\webtvpresents.html --> homeless.artemis.com /home/contnxt/network.main/content/installed/explore2d/programming/wordfind webtvpresents.html
98.05.15 18:21 A C:\Louis\wordfind\win.tmpl --> homeless.artemis.com /home/contnxt/network.main/content/installed/explore2d/programming/wordfind win.tmpl
98.05.18 20:06 A C:\Louis\wordfind\index.tmpl --> homeless.artemis.com /home/contnxt/network.main/content/installed/explore2d/programming/wordfind index.tmpl
98.05.18 20:14 A C:\Louis\wordfind\index.tmpl --> homeless.artemis.com /home/contnxt/network.main/content/installed/explore2d/programming/wordfind index.tmpl
98.05.18 20:18 A C:\Louis\wordfind\index.tmpl --> homeless.artemis.com /home/contnxt/network.main/content/installed/explore2d/programming/wordfind index.tmpl
98.05.19 14:38 A C:\Louis\wordfind\index.tmpl --> homeless.artemis.com /home/contnxt/network.main/content/installed/explore2d/programming/wordfind index.tmpl
98.05.19 14:39 A C:\Louis\wordfind\index.tmpl --> homeless.artemis.com /home/contnxt/network.main/content/installed/explore2d/programming/wordfind index.tmpl
98.05.19 14:48 A C:\Louis\wordfind\flyin.html --> homeless.artemis.com /home/content/webtv.disco/content/explore2d/programming/wordfind flyin.html
98.05.19 14:48 A C:\Louis\wordfind\index.tmpl --> homeless.artemis.com /home/content/webtv.disco/content/explore2d/programming/wordfind index.tmpl
98.05.19 14:48 A C:\Louis\wordfind\intro.tmpl --> homeless.artemis.com /home/content/webtv.disco/content/explore2d/programming/wordfind intro.tmpl
98.05.19 14:48 A C:\Louis\wordfind\webtvpresents.html --> homeless.artemis.com /home/content/webtv.disco/content/explore2d/programming/wordfind webtvpresents.html
98.05.19 14:48 A C:\Louis\wordfind\win.tmpl --> homeless.artemis.com /home/content/webtv.disco/content/explore2d/programming/wordfind win.tmpl
98.05.21 16:42 A C:\Louis\wordfind\indexedit.tmpl --> homeless.artemis.com /home/contnxt/network.main/content/installed/explore2d/programming/wordfind indexedit.tmpl
98.05.21 16:43 A C:\Louis\wordfind\indexedit.tmpl --> homeless.artemis.com /home/contnxt/network.main/content/installed/explore2d/programming/wordfind indexedit.tmpl
98.05.21 16:43 A C:\Louis\wordfind\indexedit.tmpl --> homeless.artemis.com /home/contnxt/network.main/content/installed/explore2d/programming/wordfind indexedit.tmpl
98.05.21 16:44 A C:\Louis\wordfind\indexedit.tmpl --> homeless.artemis.com /home/contnxt/network.main/content/installed/explore2d/programming/wordfind indexedit.tmpl
98.05.21 17:40 A C:\Louis\wordfind\flyin.html --> www.woofie.com /u1/vhome/louis/www/wtv/wordfind flyin.html
98.05.21 17:40 A C:\Louis\wordfind\index.tmpl --> www.woofie.com /u1/vhome/louis/www/wtv/wordfind index.tmpl
98.05.21 17:40 A C:\Louis\wordfind\indexedit.tmpl --> www.woofie.com /u1/vhome/louis/www/wtv/wordfind indexedit.tmpl
98.05.21 17:40 A C:\Louis\wordfind\intro.tmpl --> www.woofie.com /u1/vhome/louis/www/wtv/wordfind intro.tmpl
98.05.21 17:40 A C:\Louis\wordfind\webtvpresents.html --> www.woofie.com /u1/vhome/louis/www/wtv/wordfind webtvpresents.html
98.05.21 17:40 A C:\Louis\wordfind\win.tmpl --> www.woofie.com /u1/vhome/louis/www/wtv/wordfind win.tmpl
