97.03.26 20:09 B C:\newUI\Games\logos\cards-2s.gif --> vp2.netgate.net /u1/vhome/louis/www/portfolio/newUI/Games/logos cards-2s.gif
97.03.26 20:09 B C:\newUI\Games\logos\domain.gif --> vp2.netgate.net /u1/vhome/louis/www/portfolio/newUI/Games/logos domain.gif
97.03.26 20:09 B C:\newUI\Games\logos\pocahontas.gif --> vp2.netgate.net /u1/vhome/louis/www/portfolio/newUI/Games/logos pocahontas.gif
97.03.26 20:10 B C:\newUI\Games\logos\pooh.gif --> vp2.netgate.net /u1/vhome/louis/www/portfolio/newUI/Games/logos pooh.gif
97.03.26 20:10 B C:\newUI\Games\logos\puppy.gif --> vp2.netgate.net /u1/vhome/louis/www/portfolio/newUI/Games/logos puppy.gif
97.03.26 20:10 B C:\newUI\Games\logos\tetris.gif --> vp2.netgate.net /u1/vhome/louis/www/portfolio/newUI/Games/logos tetris.gif
97.03.26 20:10 B C:\newUI\Games\logos\cards-2s.gif --> vp2.netgate.net /u1/vhome/louis/www/portfolio/newUI/Games/logos cards-2s.gif
97.03.26 20:10 B C:\newUI\Games\logos\domain.gif --> vp2.netgate.net /u1/vhome/louis/www/portfolio/newUI/Games/logos domain.gif
97.03.26 20:46 B C:\newUI\Games\logos\cards-2s.gif --> vp2.netgate.net /u1/vhome/louis/www/portfolio/newUI/Games/logos cards-2s.gif
97.03.26 20:46 B C:\newUI\Games\logos\domain.gif --> vp2.netgate.net /u1/vhome/louis/www/portfolio/newUI/Games/logos domain.gif
97.03.26 20:46 B C:\newUI\Games\logos\pocahontas.gif --> vp2.netgate.net /u1/vhome/louis/www/portfolio/newUI/Games/logos pocahontas.gif
97.03.26 20:46 B C:\newUI\Games\logos\pooh.gif --> vp2.netgate.net /u1/vhome/louis/www/portfolio/newUI/Games/logos pooh.gif
97.03.26 20:46 B C:\newUI\Games\logos\puppy.gif --> vp2.netgate.net /u1/vhome/louis/www/portfolio/newUI/Games/logos puppy.gif
97.03.26 20:46 B C:\newUI\Games\logos\tetris.gif --> vp2.netgate.net /u1/vhome/louis/www/portfolio/newUI/Games/logos tetris.gif
97.03.26 20:46 B C:\newUI\Games\logos\WS_FTP.LOG --> vp2.netgate.net /u1/vhome/louis/www/portfolio/newUI/Games/logos WS_FTP.LOG
97.03.26 21:36 B C:\newUI\Games\logos\cards-2s.gif --> vp2.netgate.net /u1/vhome/louis/www/portfolio/newUI/Games/logos cards-2s.gif
97.03.26 21:36 B C:\newUI\Games\logos\domain.gif --> vp2.netgate.net /u1/vhome/louis/www/portfolio/newUI/Games/logos domain.gif
97.03.26 21:36 B C:\newUI\Games\logos\pocahontas.gif --> vp2.netgate.net /u1/vhome/louis/www/portfolio/newUI/Games/logos pocahontas.gif
97.03.26 21:36 B C:\newUI\Games\logos\pooh.gif --> vp2.netgate.net /u1/vhome/louis/www/portfolio/newUI/Games/logos pooh.gif
97.03.26 21:36 B C:\newUI\Games\logos\puppy.gif --> vp2.netgate.net /u1/vhome/louis/www/portfolio/newUI/Games/logos puppy.gif
97.03.26 21:36 B C:\newUI\Games\logos\tetris.gif --> vp2.netgate.net /u1/vhome/louis/www/portfolio/newUI/Games/logos tetris.gif
