97.03.26 20:47 B C:\newUI\Money\banking.html --> vp2.netgate.net /u1/vhome/louis/www/portfolio/newUI/Money banking.html
97.03.26 20:47 B C:\newUI\Money\bofa.gif --> vp2.netgate.net /u1/vhome/louis/www/portfolio/newUI/Money bofa.gif
97.03.26 20:47 B C:\newUI\Money\citi_ban.gif --> vp2.netgate.net /u1/vhome/louis/www/portfolio/newUI/Money citi_ban.gif
97.03.26 20:48 B C:\newUI\Money\control.html --> vp2.netgate.net /u1/vhome/louis/www/portfolio/newUI/Money control.html
97.03.26 20:48 B C:\newUI\Money\estate.jpg --> vp2.netgate.net /u1/vhome/louis/www/portfolio/newUI/Money estate.jpg
97.03.26 20:48 B C:\newUI\Money\fed.gif --> vp2.netgate.net /u1/vhome/louis/www/portfolio/newUI/Money fed.gif
97.03.26 20:48 B C:\newUI\Money\home_top.gif --> vp2.netgate.net /u1/vhome/louis/www/portfolio/newUI/Money home_top.gif
97.03.26 20:48 B C:\newUI\Money\magazines.html --> vp2.netgate.net /u1/vhome/louis/www/portfolio/newUI/Money magazines.html
97.03.26 20:48 B C:\newUI\Money\money.mid --> vp2.netgate.net /u1/vhome/louis/www/portfolio/newUI/Money money.mid
97.03.26 20:48 B C:\newUI\Money\realestate.html --> vp2.netgate.net /u1/vhome/louis/www/portfolio/newUI/Money realestate.html
97.03.26 20:48 B C:\newUI\Money\retit.gif --> vp2.netgate.net /u1/vhome/louis/www/portfolio/newUI/Money retit.gif
97.03.26 20:48 B C:\newUI\Money\stocks.html --> vp2.netgate.net /u1/vhome/louis/www/portfolio/newUI/Money stocks.html
97.03.26 20:48 B C:\newUI\Money\wrapper.html --> vp2.netgate.net /u1/vhome/louis/www/portfolio/newUI/Money wrapper.html
97.03.26 21:38 B C:\newUI\Money\banking.html --> vp2.netgate.net /u1/vhome/louis/www/portfolio/newUI/Money banking.html
97.03.26 21:38 B C:\newUI\Money\bofa.gif --> vp2.netgate.net /u1/vhome/louis/www/portfolio/newUI/Money bofa.gif
97.03.26 21:38 B C:\newUI\Money\citi_ban.gif --> vp2.netgate.net /u1/vhome/louis/www/portfolio/newUI/Money citi_ban.gif
97.03.26 21:38 B C:\newUI\Money\control.html --> vp2.netgate.net /u1/vhome/louis/www/portfolio/newUI/Money control.html
97.03.26 21:38 B C:\newUI\Money\estate.jpg --> vp2.netgate.net /u1/vhome/louis/www/portfolio/newUI/Money estate.jpg
97.03.26 21:38 B C:\newUI\Money\fed.gif --> vp2.netgate.net /u1/vhome/louis/www/portfolio/newUI/Money fed.gif
97.03.26 21:38 B C:\newUI\Money\home_top.gif --> vp2.netgate.net /u1/vhome/louis/www/portfolio/newUI/Money home_top.gif
97.03.26 21:38 B C:\newUI\Money\magazines.html --> vp2.netgate.net /u1/vhome/louis/www/portfolio/newUI/Money magazines.html
97.03.26 21:38 B C:\newUI\Money\money.mid --> vp2.netgate.net /u1/vhome/louis/www/portfolio/newUI/Money money.mid
97.03.26 21:38 B C:\newUI\Money\realestate.html --> vp2.netgate.net /u1/vhome/louis/www/portfolio/newUI/Money realestate.html
97.03.26 21:38 B C:\newUI\Money\retit.gif --> vp2.netgate.net /u1/vhome/louis/www/portfolio/newUI/Money retit.gif
97.03.26 21:38 B C:\newUI\Money\stocks.html --> vp2.netgate.net /u1/vhome/louis/www/portfolio/newUI/Money stocks.html
97.03.26 21:38 B C:\newUI\Money\wrapper.html --> vp2.netgate.net /u1/vhome/louis/www/portfolio/newUI/Money wrapper.html
