98.01.14 13:44 B C:\Louis\tools\woofiegrid.gif <-- woofie /u1/vhome/louis/www/tools woofiegrid.gif
98.01.14 13:45 B C:\Louis\tools\woofiegridblack <-- woofie /u1/vhome/louis/www/tools woofiegridblack
98.01.14 13:45 B C:\Louis\tools\woofiegridblack.gif <-- woofie /u1/vhome/louis/www/tools woofiegridblack.gif
98.01.14 13:45 B C:\Louis\tools\woofiegridwhite <-- woofie /u1/vhome/louis/www/tools woofiegridwhite
98.01.14 13:45 B C:\Louis\tools\woofiegridwhite.gif <-- woofie /u1/vhome/louis/www/tools woofiegridwhite.gif
98.01.14 13:45 B C:\Louis\tools\woofiegrid.html --> www.woofie.com /u1/vhome/louis/www/tools woofiegrid.html
98.01.14 13:46 B C:\Louis\tools\woofiegridblack.html --> www.woofie.com /u1/vhome/louis/www/tools woofiegridblack.html
98.01.14 13:46 B C:\Louis\tools\woofiegridwhite.html --> www.woofie.com /u1/vhome/louis/www/tools woofiegridwhite.html
98.01.14 13:54 B C:\Louis\tools\help.html --> www.woofie.com /u1/vhome/louis/www/tools help.html
98.01.14 13:55 B C:\Louis\tools\help.html --> www.woofie.com /u1/vhome/louis/www/tools help.html
98.01.14 13:55 B C:\Louis\tools\help.html --> www.woofie.com /u1/vhome/louis/www/tools help.html
98.01.14 14:51 A C:\Louis\tools\help.html --> www.woofie.com /u1/vhome/louis/www/tools help.html
98.01.14 14:51 A C:\Louis\tools\standards.html --> www.woofie.com /u1/vhome/louis/www/tools standards.html
98.01.14 14:51 B C:\Louis\tools\woofiegrid.gif --> www.woofie.com /u1/vhome/louis/www/tools woofiegrid.gif
98.01.14 14:51 A C:\Louis\tools\woofiegrid.html --> www.woofie.com /u1/vhome/louis/www/tools woofiegrid.html
98.01.14 14:52 B C:\Louis\tools\woofiegridblack --> www.woofie.com /u1/vhome/louis/www/tools woofiegridblack
98.01.14 14:52 B C:\Louis\tools\woofiegridblack.gif --> www.woofie.com /u1/vhome/louis/www/tools woofiegridblack.gif
98.01.14 14:52 A C:\Louis\tools\woofiegridblack.html --> www.woofie.com /u1/vhome/louis/www/tools woofiegridblack.html
98.01.14 14:52 B C:\Louis\tools\woofiegridwhite --> www.woofie.com /u1/vhome/louis/www/tools woofiegridwhite
98.01.14 14:52 B C:\Louis\tools\woofiegridwhite.gif --> www.woofie.com /u1/vhome/louis/www/tools woofiegridwhite.gif
98.01.14 14:52 A C:\Louis\tools\woofiegridwhite.html --> www.woofie.com /u1/vhome/louis/www/tools woofiegridwhite.html
