97.09.29 15:44 B D:\LouisRoehrs\makeamatch\sounds\BELL.MP2 <-- AWoofie /u1/vhome/louis/www/makeamatch/sounds BELL.MP2
97.09.29 15:45 B D:\LouisRoehrs\makeamatch\sounds\BUZZER.AIF <-- AWoofie /u1/vhome/louis/www/makeamatch/sounds BUZZER.AIF
97.09.29 15:57 B D:\LouisRoehrs\makeamatch\sounds\BELL.MP2 --> ed.webtv.net /usr/home/tpark/public_html/louis/makeamatch/sounds BELL.MP2
97.09.29 15:57 B D:\LouisRoehrs\makeamatch\sounds\BUZZER.AIF --> ed.webtv.net /usr/home/tpark/public_html/louis/makeamatch/sounds BUZZER.AIF
97.09.29 15:57 B D:\LouisRoehrs\makeamatch\sounds\kidstheme8.mid --> ed.webtv.net /usr/home/tpark/public_html/louis/makeamatch/sounds kidstheme8.mid
97.09.29 15:57 B D:\LouisRoehrs\makeamatch\sounds\WHOOSH.MP2 --> ed.webtv.net /usr/home/tpark/public_html/louis/makeamatch/sounds WHOOSH.MP2
97.09.29 15:57 B D:\LouisRoehrs\makeamatch\sounds\WS_FTP.LOG --> ed.webtv.net /usr/home/tpark/public_html/louis/makeamatch/sounds WS_FTP.LOG
97.09.29 20:38 B D:\LouisRoehrs\makeamatch\sounds\BELL.MP2 --> vp2.netgate.net /u1/vhome/louis/www/makeamatch/sounds BELL.MP2
97.09.29 20:39 B D:\LouisRoehrs\makeamatch\sounds\BUZZER.AIF --> vp2.netgate.net /u1/vhome/louis/www/makeamatch/sounds BUZZER.AIF
97.09.29 20:39 B D:\LouisRoehrs\makeamatch\sounds\kidstheme8.mid --> vp2.netgate.net /u1/vhome/louis/www/makeamatch/sounds kidstheme8.mid
97.09.29 20:39 B D:\LouisRoehrs\makeamatch\sounds\WHOOSH.MP2 --> vp2.netgate.net /u1/vhome/louis/www/makeamatch/sounds WHOOSH.MP2
97.09.29 20:39 B D:\LouisRoehrs\makeamatch\sounds\WS_FTP.LOG --> vp2.netgate.net /u1/vhome/louis/www/makeamatch/sounds WS_FTP.LOG
97.10.01 20:17 B D:\LouisRoehrs\makeamatch\sounds\bell.mp2 --> ed.webtv.net /usr/home/tpark/public_html/louis/makeamatch/sounds bell.mp2
97.10.01 20:17 B D:\LouisRoehrs\makeamatch\sounds\buzzer.aif --> ed.webtv.net /usr/home/tpark/public_html/louis/makeamatch/sounds buzzer.aif
97.10.01 20:18 B D:\LouisRoehrs\makeamatch\sounds\whoosh.mp2 --> ed.webtv.net /usr/home/tpark/public_html/louis/makeamatch/sounds whoosh.mp2
97.10.02 09:53 B D:\LouisRoehrs\makeamatch\sounds\buzz.mid --> ed.webtv.net /usr/home/tpark/public_html/louis/makeamatch/sounds buzz.mid
97.10.02 09:53 B D:\LouisRoehrs\makeamatch\sounds\littsong.mid --> ed.webtv.net /usr/home/tpark/public_html/louis/makeamatch/sounds littsong.mid
97.10.02 10:37 B D:\LouisRoehrs\makeamatch\sounds\buzz.mid --> ed.webtv.net /usr/home/tpark/public_html/louis/makeamatch/sounds buzz.mid
97.10.02 21:32 B D:\LouisRoehrs\makeamatch\sounds\bell.mp2 --> ed.webtv.net /usr/home/tpark/public_html/louis/makeamatch/sounds bell.mp2
97.10.02 21:33 B D:\LouisRoehrs\makeamatch\sounds\bell.mp2 --> ed.webtv.net /usr/home/tpark/public_html/louis/makeamatch/sounds bell.mp2
97.10.02 22:21 B D:\LouisRoehrs\makeamatch\sounds\newsong.mid --> ed.webtv.net /usr/home/tpark/public_html/louis/makeamatch/sounds newsong.mid
97.10.02 22:22 B D:\LouisRoehrs\makeamatch\sounds\newbell.mid --> ed.webtv.net /usr/home/tpark/public_html/louis/makeamatch/sounds newbell.mid
97.10.02 22:26 B D:\LouisRoehrs\makeamatch\sounds\newbell.mid --> ed.webtv.net /usr/home/tpark/public_html/louis/makeamatch/sounds newbell.mid
97.10.02 22:29 B D:\LouisRoehrs\makeamatch\sounds\ding.wav --> ed.webtv.net /usr/home/tpark/public_html/louis/makeamatch/sounds ding.wav
97.10.02 22:34 B D:\LouisRoehrs\makeamatch\sounds\newbell.mid --> ed.webtv.net /usr/home/tpark/public_html/louis/makeamatch/sounds newbell.mid
97.10.02 22:34 B D:\LouisRoehrs\makeamatch\sounds\newbell.mid --> ed.webtv.net /usr/home/tpark/public_html/louis/makeamatch/sounds newbell.mid
97.10.02 22:45 B D:\LouisRoehrs\makeamatch\sounds\newbell2.mid --> ed.webtv.net /usr/home/tpark/public_html/louis/makeamatch/sounds newbell2.mid
97.10.02 23:00 B D:\LouisRoehrs\makeamatch\sounds\newbell3.mid --> ed.webtv.net /usr/home/tpark/public_html/louis/makeamatch/sounds newbell3.mid
97.10.07 18:01 B D:\LouisRoehrs\makeamatch\sounds\kidstheme8.zip --> ed.webtv.net /usr/home/tpark/public_html/louis/makeamatch kidstheme8.zip
97.10.07 18:01 B D:\LouisRoehrs\makeamatch\sounds\kidstheme8.zip --> ed.webtv.net /usr/home/tpark/public_html/louis/makeamatch/sounds kidstheme8.zip
97.10.09 11:34 B D:\LouisRoehrs\makeamatch\sounds\losetone.mid --> ed.webtv.net /usr/home/tpark/public_html/louis/makeamatch/sounds losetone.mid
97.10.13 12:29 B D:\LouisRoehrs\makeamatch\sounds\bell.mp2 --> vp2.netgate.net /u1/vhome/louis/www/wtv/makeamatch/sounds bell.mp2
97.10.13 12:29 B D:\LouisRoehrs\makeamatch\sounds\bothtone.mid --> vp2.netgate.net /u1/vhome/louis/www/wtv/makeamatch/sounds bothtone.mid
97.10.13 12:29 B D:\LouisRoehrs\makeamatch\sounds\buzz.mid --> vp2.netgate.net /u1/vhome/louis/www/wtv/makeamatch/sounds buzz.mid
97.10.13 12:29 B D:\LouisRoehrs\makeamatch\sounds\buzz2.mid --> vp2.netgate.net /u1/vhome/louis/www/wtv/makeamatch/sounds buzz2.mid
97.10.13 12:29 B D:\LouisRoehrs\makeamatch\sounds\buzzer.aif --> vp2.netgate.net /u1/vhome/louis/www/wtv/makeamatch/sounds buzzer.aif
97.10.13 12:29 B D:\LouisRoehrs\makeamatch\sounds\ding.wav --> vp2.netgate.net /u1/vhome/louis/www/wtv/makeamatch/sounds ding.wav
97.10.13 12:29 B D:\LouisRoehrs\makeamatch\sounds\kidstheme8.mid --> vp2.netgate.net /u1/vhome/louis/www/wtv/makeamatch/sounds kidstheme8.mid
97.10.13 12:29 B D:\LouisRoehrs\makeamatch\sounds\kidstheme8.zip --> vp2.netgate.net /u1/vhome/louis/www/wtv/makeamatch/sounds kidstheme8.zip
97.10.13 12:29 B D:\LouisRoehrs\makeamatch\sounds\littsong.mid --> vp2.netgate.net /u1/vhome/louis/www/wtv/makeamatch/sounds littsong.mid
97.10.13 12:29 B D:\LouisRoehrs\makeamatch\sounds\losetone.mid --> vp2.netgate.net /u1/vhome/louis/www/wtv/makeamatch/sounds losetone.mid
97.10.13 12:29 B D:\LouisRoehrs\makeamatch\sounds\newbell.mid --> vp2.netgate.net /u1/vhome/louis/www/wtv/makeamatch/sounds newbell.mid
97.10.13 12:29 B D:\LouisRoehrs\makeamatch\sounds\newbell2.mid --> vp2.netgate.net /u1/vhome/louis/www/wtv/makeamatch/sounds newbell2.mid
97.10.13 12:29 B D:\LouisRoehrs\makeamatch\sounds\newbell3.mid --> vp2.netgate.net /u1/vhome/louis/www/wtv/makeamatch/sounds newbell3.mid
97.10.13 12:30 B D:\LouisRoehrs\makeamatch\sounds\newsong.mid --> vp2.netgate.net /u1/vhome/louis/www/wtv/makeamatch/sounds newsong.mid
97.10.13 12:30 B D:\LouisRoehrs\makeamatch\sounds\whoosh.mp2 --> vp2.netgate.net /u1/vhome/louis/www/wtv/makeamatch/sounds whoosh.mp2
97.10.13 12:30 B D:\LouisRoehrs\makeamatch\sounds\WS_FTP.LOG --> vp2.netgate.net /u1/vhome/louis/www/wtv/makeamatch/sounds WS_FTP.LOG
97.10.14 16:32 B D:\LouisRoehrs\makeamatch\sounds\bell.mp2 --> best.com /webx/web2/louisr/public_html/makeamatch/sounds bell.mp2
97.10.14 16:32 B D:\LouisRoehrs\makeamatch\sounds\bothtone.mid --> best.com /webx/web2/louisr/public_html/makeamatch/sounds bothtone.mid
97.10.14 16:32 B D:\LouisRoehrs\makeamatch\sounds\buzz.mid --> best.com /webx/web2/louisr/public_html/makeamatch/sounds buzz.mid
97.10.14 16:32 B D:\LouisRoehrs\makeamatch\sounds\buzz2.mid --> best.com /webx/web2/louisr/public_html/makeamatch/sounds buzz2.mid
97.10.14 16:32 B D:\LouisRoehrs\makeamatch\sounds\buzzer.aif --> best.com /webx/web2/louisr/public_html/makeamatch/sounds buzzer.aif
97.10.14 16:32 B D:\LouisRoehrs\makeamatch\sounds\ding.wav --> best.com /webx/web2/louisr/public_html/makeamatch/sounds ding.wav
97.10.14 16:32 B D:\LouisRoehrs\makeamatch\sounds\kidstheme8.mid --> best.com /webx/web2/louisr/public_html/makeamatch/sounds kidstheme8.mid
97.10.14 16:32 B D:\LouisRoehrs\makeamatch\sounds\kidstheme8.zip --> best.com /webx/web2/louisr/public_html/makeamatch/sounds kidstheme8.zip
97.10.14 16:32 B D:\LouisRoehrs\makeamatch\sounds\littsong.mid --> best.com /webx/web2/louisr/public_html/makeamatch/sounds littsong.mid
97.10.14 16:32 B D:\LouisRoehrs\makeamatch\sounds\losetone.mid --> best.com /webx/web2/louisr/public_html/makeamatch/sounds losetone.mid
97.10.14 16:32 B D:\LouisRoehrs\makeamatch\sounds\newbell.mid --> best.com /webx/web2/louisr/public_html/makeamatch/sounds newbell.mid
97.10.14 16:32 B D:\LouisRoehrs\makeamatch\sounds\newbell2.mid --> best.com /webx/web2/louisr/public_html/makeamatch/sounds newbell2.mid
97.10.14 16:32 B D:\LouisRoehrs\makeamatch\sounds\newbell3.mid --> best.com /webx/web2/louisr/public_html/makeamatch/sounds newbell3.mid
97.10.14 16:32 B D:\LouisRoehrs\makeamatch\sounds\newsong.mid --> best.com /webx/web2/louisr/public_html/makeamatch/sounds newsong.mid
97.10.14 16:32 B D:\LouisRoehrs\makeamatch\sounds\whoosh.mp2 --> best.com /webx/web2/louisr/public_html/makeamatch/sounds whoosh.mp2
97.10.14 16:32 B D:\LouisRoehrs\makeamatch\sounds\WS_FTP.LOG --> best.com /webx/web2/louisr/public_html/makeamatch/sounds WS_FTP.LOG
97.10.21 19:54 B D:\LouisRoehrs\makeamatch\sounds\bell.mp2 --> vp2.netgate.net /u1/vhome/louis/www/wtv/makeamatch/sounds bell.mp2
97.10.21 19:54 B D:\LouisRoehrs\makeamatch\sounds\bothtone.mid --> vp2.netgate.net /u1/vhome/louis/www/wtv/makeamatch/sounds bothtone.mid
97.10.21 19:54 B D:\LouisRoehrs\makeamatch\sounds\buzz.mid --> vp2.netgate.net /u1/vhome/louis/www/wtv/makeamatch/sounds buzz.mid
97.10.21 19:54 B D:\LouisRoehrs\makeamatch\sounds\buzz2.mid --> vp2.netgate.net /u1/vhome/louis/www/wtv/makeamatch/sounds buzz2.mid
97.10.21 19:54 B D:\LouisRoehrs\makeamatch\sounds\buzzer.aif --> vp2.netgate.net /u1/vhome/louis/www/wtv/makeamatch/sounds buzzer.aif
97.10.21 19:54 B D:\LouisRoehrs\makeamatch\sounds\ding.wav --> vp2.netgate.net /u1/vhome/louis/www/wtv/makeamatch/sounds ding.wav
97.10.21 19:54 B D:\LouisRoehrs\makeamatch\sounds\kidstheme8.mid --> vp2.netgate.net /u1/vhome/louis/www/wtv/makeamatch/sounds kidstheme8.mid
97.10.21 19:54 B D:\LouisRoehrs\makeamatch\sounds\kidstheme8.zip --> vp2.netgate.net /u1/vhome/louis/www/wtv/makeamatch/sounds kidstheme8.zip
97.10.21 19:54 B D:\LouisRoehrs\makeamatch\sounds\littsong.mid --> vp2.netgate.net /u1/vhome/louis/www/wtv/makeamatch/sounds littsong.mid
97.10.21 19:54 B D:\LouisRoehrs\makeamatch\sounds\losetone.mid --> vp2.netgate.net /u1/vhome/louis/www/wtv/makeamatch/sounds losetone.mid
97.10.21 19:54 B D:\LouisRoehrs\makeamatch\sounds\newbell.mid --> vp2.netgate.net /u1/vhome/louis/www/wtv/makeamatch/sounds newbell.mid
97.10.21 19:54 B D:\LouisRoehrs\makeamatch\sounds\newbell2.mid --> vp2.netgate.net /u1/vhome/louis/www/wtv/makeamatch/sounds newbell2.mid
97.10.21 19:54 B D:\LouisRoehrs\makeamatch\sounds\newbell3.mid --> vp2.netgate.net /u1/vhome/louis/www/wtv/makeamatch/sounds newbell3.mid
97.10.21 19:54 B D:\LouisRoehrs\makeamatch\sounds\newsong.mid --> vp2.netgate.net /u1/vhome/louis/www/wtv/makeamatch/sounds newsong.mid
97.10.21 19:54 B D:\LouisRoehrs\makeamatch\sounds\whoosh.mp2 --> vp2.netgate.net /u1/vhome/louis/www/wtv/makeamatch/sounds whoosh.mp2
97.10.21 19:54 B D:\LouisRoehrs\makeamatch\sounds\WS_FTP.LOG --> vp2.netgate.net /u1/vhome/louis/www/wtv/makeamatch/sounds WS_FTP.LOG
97.10.24 18:33 B D:\LouisRoehrs\makeamatch\sounds\bell.mp2 --> vp2.netgate.net /u1/vhome/louis/www/wtv/makeamatch/sounds bell.mp2
97.10.24 18:33 B D:\LouisRoehrs\makeamatch\sounds\bothtone.mid --> vp2.netgate.net /u1/vhome/louis/www/wtv/makeamatch/sounds bothtone.mid
97.10.24 18:33 B D:\LouisRoehrs\makeamatch\sounds\buzz.mid --> vp2.netgate.net /u1/vhome/louis/www/wtv/makeamatch/sounds buzz.mid
97.10.24 18:33 B D:\LouisRoehrs\makeamatch\sounds\buzz2.mid --> vp2.netgate.net /u1/vhome/louis/www/wtv/makeamatch/sounds buzz2.mid
97.10.24 18:33 B D:\LouisRoehrs\makeamatch\sounds\buzzer.aif --> vp2.netgate.net /u1/vhome/louis/www/wtv/makeamatch/sounds buzzer.aif
97.10.24 18:33 B D:\LouisRoehrs\makeamatch\sounds\ding.wav --> vp2.netgate.net /u1/vhome/louis/www/wtv/makeamatch/sounds ding.wav
97.10.24 18:33 B D:\LouisRoehrs\makeamatch\sounds\kidstheme8.mid --> vp2.netgate.net /u1/vhome/louis/www/wtv/makeamatch/sounds kidstheme8.mid
97.10.24 18:33 B D:\LouisRoehrs\makeamatch\sounds\kidstheme8.zip --> vp2.netgate.net /u1/vhome/louis/www/wtv/makeamatch/sounds kidstheme8.zip
97.10.24 18:33 B D:\LouisRoehrs\makeamatch\sounds\littsong.mid --> vp2.netgate.net /u1/vhome/louis/www/wtv/makeamatch/sounds littsong.mid
97.10.24 18:33 B D:\LouisRoehrs\makeamatch\sounds\losetone.mid --> vp2.netgate.net /u1/vhome/louis/www/wtv/makeamatch/sounds losetone.mid
97.10.24 18:33 B D:\LouisRoehrs\makeamatch\sounds\newbell.mid --> vp2.netgate.net /u1/vhome/louis/www/wtv/makeamatch/sounds newbell.mid
97.10.24 18:33 B D:\LouisRoehrs\makeamatch\sounds\newbell2.mid --> vp2.netgate.net /u1/vhome/louis/www/wtv/makeamatch/sounds newbell2.mid
97.10.24 18:33 B D:\LouisRoehrs\makeamatch\sounds\newbell3.mid --> vp2.netgate.net /u1/vhome/louis/www/wtv/makeamatch/sounds newbell3.mid
97.10.24 18:33 B D:\LouisRoehrs\makeamatch\sounds\newsong.mid --> vp2.netgate.net /u1/vhome/louis/www/wtv/makeamatch/sounds newsong.mid
97.10.24 18:33 B D:\LouisRoehrs\makeamatch\sounds\whoosh.mp2 --> vp2.netgate.net /u1/vhome/louis/www/wtv/makeamatch/sounds whoosh.mp2
97.10.27 20:30 B C:\AWork\AWebSites\wtv\makeamatch\sounds\WS_FTP.LOG <-- A woofie.com /u1/vhome/louis/www/wtv/makeamatch/sounds WS_FTP.LOG
97.12.10 00:16 B C:\AWork\AWebSites\wtv\matchmate\sounds\bell.mp2 --> vp2.netgate.net /u1/vhome/louis/www/wtv/matchmate/sounds bell.mp2
97.12.10 00:16 B C:\AWork\AWebSites\wtv\matchmate\sounds\bothtone.mid --> vp2.netgate.net /u1/vhome/louis/www/wtv/matchmate/sounds bothtone.mid
97.12.10 00:16 B C:\AWork\AWebSites\wtv\matchmate\sounds\buzz.mid --> vp2.netgate.net /u1/vhome/louis/www/wtv/matchmate/sounds buzz.mid
97.12.10 00:16 B C:\AWork\AWebSites\wtv\matchmate\sounds\buzz2.mid --> vp2.netgate.net /u1/vhome/louis/www/wtv/matchmate/sounds buzz2.mid
97.12.10 00:16 B C:\AWork\AWebSites\wtv\matchmate\sounds\buzzer.aif --> vp2.netgate.net /u1/vhome/louis/www/wtv/matchmate/sounds buzzer.aif
97.12.10 00:17 B C:\AWork\AWebSites\wtv\matchmate\sounds\ding.wav --> vp2.netgate.net /u1/vhome/louis/www/wtv/matchmate/sounds ding.wav
97.12.10 00:17 B C:\AWork\AWebSites\wtv\matchmate\sounds\kidstheme8.mid --> vp2.netgate.net /u1/vhome/louis/www/wtv/matchmate/sounds kidstheme8.mid
97.12.10 00:17 B C:\AWork\AWebSites\wtv\matchmate\sounds\kidstheme8.zip --> vp2.netgate.net /u1/vhome/louis/www/wtv/matchmate/sounds kidstheme8.zip
97.12.10 00:17 B C:\AWork\AWebSites\wtv\matchmate\sounds\littsong.mid --> vp2.netgate.net /u1/vhome/louis/www/wtv/matchmate/sounds littsong.mid
97.12.10 00:17 B C:\AWork\AWebSites\wtv\matchmate\sounds\losetone.mid --> vp2.netgate.net /u1/vhome/louis/www/wtv/matchmate/sounds losetone.mid
97.12.10 00:17 B C:\AWork\AWebSites\wtv\matchmate\sounds\newbell.mid --> vp2.netgate.net /u1/vhome/louis/www/wtv/matchmate/sounds newbell.mid
97.12.10 00:17 B C:\AWork\AWebSites\wtv\matchmate\sounds\newbell2.mid --> vp2.netgate.net /u1/vhome/louis/www/wtv/matchmate/sounds newbell2.mid
97.12.10 00:17 B C:\AWork\AWebSites\wtv\matchmate\sounds\newbell3.mid --> vp2.netgate.net /u1/vhome/louis/www/wtv/matchmate/sounds newbell3.mid
97.12.10 00:17 B C:\AWork\AWebSites\wtv\matchmate\sounds\newsong.mid --> vp2.netgate.net /u1/vhome/louis/www/wtv/matchmate/sounds newsong.mid
97.12.10 00:17 B C:\AWork\AWebSites\wtv\matchmate\sounds\whoosh.mp2 --> vp2.netgate.net /u1/vhome/louis/www/wtv/matchmate/sounds whoosh.mp2
98.03.17 17:32 B C:\Louis\matchmate\sounds\WS_FTP.LOG <-- woofie /u1/vhome/louis/www/wtv/matchmateold/sounds WS_FTP.LOG
98.03.17 17:34 A C:\Louis\matchmate\sounds\bell.mp2 --> www.woofie.com /u1/vhome/louis/www/wtv/matchmate/sounds bell.mp2
98.03.17 17:34 A C:\Louis\matchmate\sounds\bothtone.mid --> www.woofie.com /u1/vhome/louis/www/wtv/matchmate/sounds bothtone.mid
98.03.17 17:34 A C:\Louis\matchmate\sounds\buzz.mid --> www.woofie.com /u1/vhome/louis/www/wtv/matchmate/sounds buzz.mid
98.03.17 17:34 A C:\Louis\matchmate\sounds\buzz2.mid --> www.woofie.com /u1/vhome/louis/www/wtv/matchmate/sounds buzz2.mid
98.03.17 17:34 A C:\Louis\matchmate\sounds\buzzer.aif --> www.woofie.com /u1/vhome/louis/www/wtv/matchmate/sounds buzzer.aif
98.03.17 17:34 A C:\Louis\matchmate\sounds\ding.wav --> www.woofie.com /u1/vhome/louis/www/wtv/matchmate/sounds ding.wav
98.03.17 17:34 A C:\Louis\matchmate\sounds\dowshep.mid --> www.woofie.com /u1/vhome/louis/www/wtv/matchmate/sounds dowshep.mid
98.03.17 17:34 A C:\Louis\matchmate\sounds\kidstheme8.mid --> www.woofie.com /u1/vhome/louis/www/wtv/matchmate/sounds kidstheme8.mid
98.03.17 17:34 A C:\Louis\matchmate\sounds\kidstheme8.zip --> www.woofie.com /u1/vhome/louis/www/wtv/matchmate/sounds kidstheme8.zip
98.03.17 17:34 A C:\Louis\matchmate\sounds\lamntris.mid --> www.woofie.com /u1/vhome/louis/www/wtv/matchmate/sounds lamntris.mid
98.03.17 17:34 A C:\Louis\matchmate\sounds\littsong.mid --> www.woofie.com /u1/vhome/louis/www/wtv/matchmate/sounds littsong.mid
98.03.17 17:34 A C:\Louis\matchmate\sounds\losetone.mid --> www.woofie.com /u1/vhome/louis/www/wtv/matchmate/sounds losetone.mid
98.03.17 17:34 A C:\Louis\matchmate\sounds\newbell.mid --> www.woofie.com /u1/vhome/louis/www/wtv/matchmate/sounds newbell.mid
98.03.17 17:34 A C:\Louis\matchmate\sounds\newbell2.mid --> www.woofie.com /u1/vhome/louis/www/wtv/matchmate/sounds newbell2.mid
98.03.17 17:34 A C:\Louis\matchmate\sounds\newbell3.mid --> www.woofie.com /u1/vhome/louis/www/wtv/matchmate/sounds newbell3.mid
98.03.17 17:34 A C:\Louis\matchmate\sounds\newsong.mid --> www.woofie.com /u1/vhome/louis/www/wtv/matchmate/sounds newsong.mid
98.03.17 17:34 A C:\Louis\matchmate\sounds\patadlla.mid --> www.woofie.com /u1/vhome/louis/www/wtv/matchmate/sounds patadlla.mid
98.03.17 17:34 A C:\Louis\matchmate\sounds\scrmshwm.mid --> www.woofie.com /u1/vhome/louis/www/wtv/matchmate/sounds scrmshwm.mid
98.03.17 17:34 A C:\Louis\matchmate\sounds\susallem.mid --> www.woofie.com /u1/vhome/louis/www/wtv/matchmate/sounds susallem.mid
98.03.17 17:34 A C:\Louis\matchmate\sounds\whoosh.mp2 --> www.woofie.com /u1/vhome/louis/www/wtv/matchmate/sounds whoosh.mp2
98.03.17 17:34 A C:\Louis\matchmate\sounds\windyule.mid --> www.woofie.com /u1/vhome/louis/www/wtv/matchmate/sounds windyule.mid
