98.03.17 11:48 B C:\Louis\matchmate\images\arrow.gif <-- content /home/content/webtv.disco/content/explore2d/programming/matchmate/images arrow.gif
98.03.17 11:48 B C:\Louis\matchmate\images\blink1_ani.gif <-- content /home/content/webtv.disco/content/explore2d/programming/matchmate/images blink1_ani.gif
98.03.17 11:48 B C:\Louis\matchmate\images\blink2_ani.gif <-- content /home/content/webtv.disco/content/explore2d/programming/matchmate/images blink2_ani.gif
98.03.17 11:48 B C:\Louis\matchmate\images\blink3_ani.gif <-- content /home/content/webtv.disco/content/explore2d/programming/matchmate/images blink3_ani.gif
98.03.17 11:48 B C:\Louis\matchmate\images\bubble.gif <-- content /home/content/webtv.disco/content/explore2d/programming/matchmate/images bubble.gif
98.03.17 11:48 B C:\Louis\matchmate\images\button_play.gif <-- content /home/content/webtv.disco/content/explore2d/programming/matchmate/images button_play.gif
98.03.17 11:48 B C:\Louis\matchmate\images\button_quit.gif <-- content /home/content/webtv.disco/content/explore2d/programming/matchmate/images button_quit.gif
98.03.17 11:48 B C:\Louis\matchmate\images\button_rules.gif <-- content /home/content/webtv.disco/content/explore2d/programming/matchmate/images button_rules.gif
98.03.17 11:48 B C:\Louis\matchmate\images\chester_rules.gif <-- content /home/content/webtv.disco/content/explore2d/programming/matchmate/images chester_rules.gif
98.03.17 11:48 B C:\Louis\matchmate\images\chester_welcome.gif <-- content /home/content/webtv.disco/content/explore2d/programming/matchmate/images chester_welcome.gif
98.03.17 11:48 B C:\Louis\matchmate\images\choose_ani.gif <-- content /home/content/webtv.disco/content/explore2d/programming/matchmate/images choose_ani.gif
98.03.17 11:48 B C:\Louis\matchmate\images\game_bg.gif <-- content /home/content/webtv.disco/content/explore2d/programming/matchmate/images game_bg.gif
98.03.17 11:48 B C:\Louis\matchmate\images\lose_ani.gif <-- content /home/content/webtv.disco/content/explore2d/programming/matchmate/images lose_ani.gif
98.03.17 11:48 B C:\Louis\matchmate\images\mm_logo_lg.gif <-- content /home/content/webtv.disco/content/explore2d/programming/matchmate/images mm_logo_lg.gif
98.03.17 11:48 B C:\Louis\matchmate\images\mm_logo_sm.gif <-- content /home/content/webtv.disco/content/explore2d/programming/matchmate/images mm_logo_sm.gif
98.03.17 11:48 B C:\Louis\matchmate\images\player1_bg_off.gif <-- content /home/content/webtv.disco/content/explore2d/programming/matchmate/images player1_bg_off.gif
98.03.17 11:48 B C:\Louis\matchmate\images\player1_bg_on.gif <-- content /home/content/webtv.disco/content/explore2d/programming/matchmate/images player1_bg_on.gif
98.03.17 11:48 B C:\Louis\matchmate\images\player2_bg_off.gif <-- content /home/content/webtv.disco/content/explore2d/programming/matchmate/images player2_bg_off.gif
98.03.17 11:48 B C:\Louis\matchmate\images\player2_bg_on.gif <-- content /home/content/webtv.disco/content/explore2d/programming/matchmate/images player2_bg_on.gif
98.03.17 11:48 B C:\Louis\matchmate\images\TemplateGames.gif <-- content /home/content/webtv.disco/content/explore2d/programming/matchmate/images TemplateGames.gif
98.03.17 11:48 B C:\Louis\matchmate\images\tile1.gif <-- content /home/content/webtv.disco/content/explore2d/programming/matchmate/images tile1.gif
98.03.17 11:48 B C:\Louis\matchmate\images\tile2.gif <-- content /home/content/webtv.disco/content/explore2d/programming/matchmate/images tile2.gif
98.03.17 11:48 B C:\Louis\matchmate\images\title_rules.gif <-- content /home/content/webtv.disco/content/explore2d/programming/matchmate/images title_rules.gif
98.03.17 11:48 B C:\Louis\matchmate\images\title_welcome.gif <-- content /home/content/webtv.disco/content/explore2d/programming/matchmate/images title_welcome.gif
98.03.17 11:48 B C:\Louis\matchmate\images\title_you_lose.gif <-- content /home/content/webtv.disco/content/explore2d/programming/matchmate/images title_you_lose.gif
98.03.17 11:48 B C:\Louis\matchmate\images\winner_ani.gif <-- content /home/content/webtv.disco/content/explore2d/programming/matchmate/images winner_ani.gif
98.03.17 11:49 B C:\Louis\matchmate\images\arrow.gif --> www.woofie.com /u1/vhome/louis/www/wtv/matchmate/images arrow.gif
98.03.17 11:49 B C:\Louis\matchmate\images\blink1_ani.gif --> www.woofie.com /u1/vhome/louis/www/wtv/matchmate/images blink1_ani.gif
98.03.17 11:49 B C:\Louis\matchmate\images\blink2_ani.gif --> www.woofie.com /u1/vhome/louis/www/wtv/matchmate/images blink2_ani.gif
98.03.17 11:49 B C:\Louis\matchmate\images\blink3_ani.gif --> www.woofie.com /u1/vhome/louis/www/wtv/matchmate/images blink3_ani.gif
98.03.17 11:49 B C:\Louis\matchmate\images\bubble.gif --> www.woofie.com /u1/vhome/louis/www/wtv/matchmate/images bubble.gif
98.03.17 11:49 B C:\Louis\matchmate\images\button_play.gif --> www.woofie.com /u1/vhome/louis/www/wtv/matchmate/images button_play.gif
98.03.17 11:49 B C:\Louis\matchmate\images\button_quit.gif --> www.woofie.com /u1/vhome/louis/www/wtv/matchmate/images button_quit.gif
98.03.17 11:49 B C:\Louis\matchmate\images\button_rules.gif --> www.woofie.com /u1/vhome/louis/www/wtv/matchmate/images button_rules.gif
98.03.17 11:49 B C:\Louis\matchmate\images\chester_rules.gif --> www.woofie.com /u1/vhome/louis/www/wtv/matchmate/images chester_rules.gif
98.03.17 11:49 B C:\Louis\matchmate\images\chester_welcome.gif --> www.woofie.com /u1/vhome/louis/www/wtv/matchmate/images chester_welcome.gif
98.03.17 11:49 B C:\Louis\matchmate\images\choose_ani.gif --> www.woofie.com /u1/vhome/louis/www/wtv/matchmate/images choose_ani.gif
98.03.17 11:49 B C:\Louis\matchmate\images\game_bg.gif --> www.woofie.com /u1/vhome/louis/www/wtv/matchmate/images game_bg.gif
98.03.17 11:49 B C:\Louis\matchmate\images\lose_ani.gif --> www.woofie.com /u1/vhome/louis/www/wtv/matchmate/images lose_ani.gif
98.03.17 11:49 B C:\Louis\matchmate\images\mm_logo_lg.gif --> www.woofie.com /u1/vhome/louis/www/wtv/matchmate/images mm_logo_lg.gif
98.03.17 11:49 B C:\Louis\matchmate\images\mm_logo_sm.gif --> www.woofie.com /u1/vhome/louis/www/wtv/matchmate/images mm_logo_sm.gif
98.03.17 11:49 B C:\Louis\matchmate\images\player1_bg_off.gif --> www.woofie.com /u1/vhome/louis/www/wtv/matchmate/images player1_bg_off.gif
98.03.17 11:49 B C:\Louis\matchmate\images\player1_bg_on.gif --> www.woofie.com /u1/vhome/louis/www/wtv/matchmate/images player1_bg_on.gif
98.03.17 11:49 B C:\Louis\matchmate\images\player2_bg_off.gif --> www.woofie.com /u1/vhome/louis/www/wtv/matchmate/images player2_bg_off.gif
98.03.17 11:49 B C:\Louis\matchmate\images\player2_bg_on.gif --> www.woofie.com /u1/vhome/louis/www/wtv/matchmate/images player2_bg_on.gif
98.03.17 11:49 B C:\Louis\matchmate\images\TemplateGames.gif --> www.woofie.com /u1/vhome/louis/www/wtv/matchmate/images TemplateGames.gif
98.03.17 11:49 B C:\Louis\matchmate\images\tile1.gif --> www.woofie.com /u1/vhome/louis/www/wtv/matchmate/images tile1.gif
98.03.17 11:49 B C:\Louis\matchmate\images\tile2.gif --> www.woofie.com /u1/vhome/louis/www/wtv/matchmate/images tile2.gif
98.03.17 11:49 B C:\Louis\matchmate\images\title_rules.gif --> www.woofie.com /u1/vhome/louis/www/wtv/matchmate/images title_rules.gif
98.03.17 11:49 B C:\Louis\matchmate\images\title_welcome.gif --> www.woofie.com /u1/vhome/louis/www/wtv/matchmate/images title_welcome.gif
98.03.17 11:49 B C:\Louis\matchmate\images\title_you_lose.gif --> www.woofie.com /u1/vhome/louis/www/wtv/matchmate/images title_you_lose.gif
98.03.17 11:49 B C:\Louis\matchmate\images\winner_ani.gif --> www.woofie.com /u1/vhome/louis/www/wtv/matchmate/images winner_ani.gif
