97.10.01 14:36 B D:\LouisRoehrs\content\contentd\crossword\#index.html# <-- Homeless /home/content/webtv.classical/content/contentd/crossword #index.html#
97.10.01 14:36 B D:\LouisRoehrs\content\contentd\crossword\index.html <-- Homeless /home/content/webtv.classical/content/contentd/crossword index.html
97.10.01 14:36 B D:\LouisRoehrs\content\contentd\crossword\index.tmpl <-- Homeless /home/content/webtv.classical/content/contentd/crossword index.tmpl
97.10.01 14:36 B D:\LouisRoehrs\content\contentd\crossword\index2.html <-- Homeless /home/content/webtv.classical/content/contentd/crossword index2.html
97.10.01 14:36 B D:\LouisRoehrs\content\contentd\crossword\past.html <-- Homeless /home/content/webtv.classical/content/contentd/crossword past.html
97.10.01 14:36 B D:\LouisRoehrs\content\contentd\crossword\play.html <-- Homeless /home/content/webtv.classical/content/contentd/crossword play.html
97.10.01 14:41 B D:\LouisRoehrs\content\contentd\crossword\play.html --> homeless.artemis.com /home/content/webtv.classical/content/contentd/crossword play.html
97.10.01 14:41 B D:\LouisRoehrs\content\contentd\crossword\past.html --> homeless.artemis.com /home/content/webtv.classical/content/contentd/crossword past.html
97.10.06 13:30 B D:\LouisRoehrs\content\contentd\crossword\past.html --> homeless.artemis.com /home/content/webtv.classical/content/contentd/crossword past.html
97.10.06 13:30 B D:\LouisRoehrs\content\contentd\crossword\play.html --> homeless.artemis.com /home/content/webtv.classical/content/contentd/crossword play.html
97.10.06 16:21 B D:\LouisRoehrs\content\contentd\crossword\past.html --> homeless.artemis.com /home/content/webtv.classical/content/contentd/crossword past.html
97.10.06 16:21 B D:\LouisRoehrs\content\contentd\crossword\play.html --> homeless.artemis.com /home/content/webtv.classical/content/contentd/crossword play.html
97.10.06 16:21 B D:\LouisRoehrs\content\contentd\crossword\play.html --> homeless.artemis.com /home/content/webtv.classical/content/contentd/crossword play.html
97.10.06 16:21 B D:\LouisRoehrs\content\contentd\crossword\past.html --> homeless.artemis.com /home/content/webtv.classical/content/contentd/crossword past.html
97.10.06 16:29 B D:\LouisRoehrs\content\contentd\crossword\past.html --> homeless.artemis.com /home/content/webtv.classical/content/contentd/crossword past.html
97.10.06 16:34 B D:\LouisRoehrs\content\contentd\crossword\play.html --> homeless.artemis.com /home/content/webtv.classical/content/contentd/crossword play.html
97.10.06 16:34 B D:\LouisRoehrs\content\contentd\crossword\past.html --> homeless.artemis.com /home/content/webtv.classical/content/contentd/crossword past.html
97.10.13 12:26 B D:\LouisRoehrs\content\contentd\crossword\#index.html# --> vp2.netgate.net /u1/vhome/louis/www/wtv/content/contentd/crossword #index.html#
97.10.13 12:26 B D:\LouisRoehrs\content\contentd\crossword\index.html --> vp2.netgate.net /u1/vhome/louis/www/wtv/content/contentd/crossword index.html
97.10.13 12:26 B D:\LouisRoehrs\content\contentd\crossword\index.tmpl --> vp2.netgate.net /u1/vhome/louis/www/wtv/content/contentd/crossword index.tmpl
97.10.13 12:26 B D:\LouisRoehrs\content\contentd\crossword\index2.html --> vp2.netgate.net /u1/vhome/louis/www/wtv/content/contentd/crossword index2.html
97.10.13 12:26 B D:\LouisRoehrs\content\contentd\crossword\past.html --> vp2.netgate.net /u1/vhome/louis/www/wtv/content/contentd/crossword past.html
97.10.13 12:26 B D:\LouisRoehrs\content\contentd\crossword\play.html --> vp2.netgate.net /u1/vhome/louis/www/wtv/content/contentd/crossword play.html
97.10.13 12:26 B D:\LouisRoehrs\content\contentd\crossword\play1003.html --> vp2.netgate.net /u1/vhome/louis/www/wtv/content/contentd/crossword play1003.html
97.10.13 12:26 B D:\LouisRoehrs\content\contentd\crossword\WS_FTP.LOG --> vp2.netgate.net /u1/vhome/louis/www/wtv/content/contentd/crossword WS_FTP.LOG
97.10.13 15:11 B D:\LouisRoehrs\content\contentd\crossword\past.html --> ultra1 /home/tpark/webtv/content/contentd/crossword past.html
97.10.13 15:12 B D:\LouisRoehrs\content\contentd\crossword\play.html --> ultra1 /home/tpark/webtv/content/contentd/crossword play.html
97.10.13 15:29 B D:\LouisRoehrs\content\contentd\crossword\past.html --> homeless.artemis.com /home/content/webtv.classical/content/contentd/crossword past.html
97.10.13 15:29 B D:\LouisRoehrs\content\contentd\crossword\play.html --> homeless.artemis.com /home/content/webtv.classical/content/contentd/crossword play.html
97.10.13 15:33 B D:\LouisRoehrs\content\contentd\crossword\play.html --> homeless.artemis.com /home/content/webtv.classical/content/contentd/crossword play.html
97.10.13 15:33 B D:\LouisRoehrs\content\contentd\crossword\past.html --> homeless.artemis.com /home/content/webtv.classical/content/contentd/crossword past.html
97.10.13 15:33 B D:\LouisRoehrs\content\contentd\crossword\past.html --> homeless.artemis.com /home/content/webtv.classical/content/contentd/crossword past.html
97.10.21 19:50 B D:\LouisRoehrs\content\contentd\crossword\#index.html# --> vp2.netgate.net /u1/vhome/louis/www/wtv/content/contentd/crossword #index.html#
97.10.21 19:50 B D:\LouisRoehrs\content\contentd\crossword\index.html --> vp2.netgate.net /u1/vhome/louis/www/wtv/content/contentd/crossword index.html
97.10.21 19:50 B D:\LouisRoehrs\content\contentd\crossword\index.tmpl --> vp2.netgate.net /u1/vhome/louis/www/wtv/content/contentd/crossword index.tmpl
97.10.21 19:50 B D:\LouisRoehrs\content\contentd\crossword\index2.html --> vp2.netgate.net /u1/vhome/louis/www/wtv/content/contentd/crossword index2.html
97.10.21 19:50 B D:\LouisRoehrs\content\contentd\crossword\past.html --> vp2.netgate.net /u1/vhome/louis/www/wtv/content/contentd/crossword past.html
97.10.21 19:50 B D:\LouisRoehrs\content\contentd\crossword\past1013.html --> vp2.netgate.net /u1/vhome/louis/www/wtv/content/contentd/crossword past1013.html
97.10.21 19:50 B D:\LouisRoehrs\content\contentd\crossword\past1020.html --> vp2.netgate.net /u1/vhome/louis/www/wtv/content/contentd/crossword past1020.html
97.10.21 19:50 B D:\LouisRoehrs\content\contentd\crossword\play.html --> vp2.netgate.net /u1/vhome/louis/www/wtv/content/contentd/crossword play.html
97.10.21 19:50 B D:\LouisRoehrs\content\contentd\crossword\play1003.html --> vp2.netgate.net /u1/vhome/louis/www/wtv/content/contentd/crossword play1003.html
97.10.21 19:50 B D:\LouisRoehrs\content\contentd\crossword\play1013.html --> vp2.netgate.net /u1/vhome/louis/www/wtv/content/contentd/crossword play1013.html
