97.10.07 19:14 B D:\LouisRoehrs\offminesweep\sounds\applause.MP2 <-- AEd /usr/home/tpark/public_html/offminesweep/sounds applause.MP2
97.10.07 19:14 B D:\LouisRoehrs\offminesweep\sounds\buzzer.aif <-- AEd /usr/home/tpark/public_html/offminesweep/sounds buzzer.aif
97.10.07 19:14 B D:\LouisRoehrs\offminesweep\sounds\door.MP2 <-- AEd /usr/home/tpark/public_html/offminesweep/sounds door.MP2
97.10.07 19:14 B D:\LouisRoehrs\offminesweep\sounds\laugh.MP2 <-- AEd /usr/home/tpark/public_html/offminesweep/sounds laugh.MP2
97.10.07 19:14 B D:\LouisRoehrs\offminesweep\sounds\var6.mid <-- AEd /usr/home/tpark/public_html/offminesweep/sounds var6.mid
97.10.07 19:14 B D:\LouisRoehrs\offminesweep\sounds\var7.mid <-- AEd /usr/home/tpark/public_html/offminesweep/sounds var7.mid
97.10.07 19:14 B D:\LouisRoehrs\offminesweep\sounds\var8.mid <-- AEd /usr/home/tpark/public_html/offminesweep/sounds var8.mid
97.10.08 10:20 B D:\LouisRoehrs\offminesweep\sounds\applause.MP2 --> ed.webtv.net /usr/home/tpark/public_html/louis/offminesweep/sounds applause.MP2
97.10.08 10:20 B D:\LouisRoehrs\offminesweep\sounds\buzzer.aif --> ed.webtv.net /usr/home/tpark/public_html/louis/offminesweep/sounds buzzer.aif
97.10.08 10:20 B D:\LouisRoehrs\offminesweep\sounds\door.MP2 --> ed.webtv.net /usr/home/tpark/public_html/louis/offminesweep/sounds door.MP2
97.10.08 10:20 B D:\LouisRoehrs\offminesweep\sounds\laugh.MP2 --> ed.webtv.net /usr/home/tpark/public_html/louis/offminesweep/sounds laugh.MP2
97.10.08 10:20 B D:\LouisRoehrs\offminesweep\sounds\var6.mid --> ed.webtv.net /usr/home/tpark/public_html/louis/offminesweep/sounds var6.mid
97.10.08 10:20 B D:\LouisRoehrs\offminesweep\sounds\var7.mid --> ed.webtv.net /usr/home/tpark/public_html/louis/offminesweep/sounds var7.mid
97.10.08 10:20 B D:\LouisRoehrs\offminesweep\sounds\var8.mid --> ed.webtv.net /usr/home/tpark/public_html/louis/offminesweep/sounds var8.mid
97.10.08 10:20 B D:\LouisRoehrs\offminesweep\sounds\WS_FTP.LOG --> ed.webtv.net /usr/home/tpark/public_html/louis/offminesweep/sounds WS_FTP.LOG
97.10.13 12:33 B D:\LouisRoehrs\offminesweep\sounds\applause.MP2 --> vp2.netgate.net /u1/vhome/louis/www/wtv/offminesweep/sounds applause.MP2
97.10.13 12:33 B D:\LouisRoehrs\offminesweep\sounds\buzzer.aif --> vp2.netgate.net /u1/vhome/louis/www/wtv/offminesweep/sounds buzzer.aif
97.10.13 12:33 B D:\LouisRoehrs\offminesweep\sounds\door.MP2 --> vp2.netgate.net /u1/vhome/louis/www/wtv/offminesweep/sounds door.MP2
97.10.13 12:33 B D:\LouisRoehrs\offminesweep\sounds\laugh.MP2 --> vp2.netgate.net /u1/vhome/louis/www/wtv/offminesweep/sounds laugh.MP2
97.10.13 12:33 B D:\LouisRoehrs\offminesweep\sounds\var6.mid --> vp2.netgate.net /u1/vhome/louis/www/wtv/offminesweep/sounds var6.mid
97.10.13 12:33 B D:\LouisRoehrs\offminesweep\sounds\var7.mid --> vp2.netgate.net /u1/vhome/louis/www/wtv/offminesweep/sounds var7.mid
97.10.13 12:33 B D:\LouisRoehrs\offminesweep\sounds\var8.mid --> vp2.netgate.net /u1/vhome/louis/www/wtv/offminesweep/sounds var8.mid
97.10.13 12:33 B D:\LouisRoehrs\offminesweep\sounds\WS_FTP.LOG --> vp2.netgate.net /u1/vhome/louis/www/wtv/offminesweep/sounds WS_FTP.LOG
97.10.21 19:57 B D:\LouisRoehrs\offminesweep\sounds\applause.MP2 --> vp2.netgate.net /u1/vhome/louis/www/wtv/offminesweep/sounds applause.MP2
97.10.21 19:57 B D:\LouisRoehrs\offminesweep\sounds\buzzer.aif --> vp2.netgate.net /u1/vhome/louis/www/wtv/offminesweep/sounds buzzer.aif
97.10.21 19:57 B D:\LouisRoehrs\offminesweep\sounds\door.MP2 --> vp2.netgate.net /u1/vhome/louis/www/wtv/offminesweep/sounds door.MP2
97.10.21 19:57 B D:\LouisRoehrs\offminesweep\sounds\laugh.MP2 --> vp2.netgate.net /u1/vhome/louis/www/wtv/offminesweep/sounds laugh.MP2
97.10.21 19:57 B D:\LouisRoehrs\offminesweep\sounds\var6.mid --> vp2.netgate.net /u1/vhome/louis/www/wtv/offminesweep/sounds var6.mid
97.10.21 19:57 B D:\LouisRoehrs\offminesweep\sounds\var7.mid --> vp2.netgate.net /u1/vhome/louis/www/wtv/offminesweep/sounds var7.mid
97.10.21 19:57 B D:\LouisRoehrs\offminesweep\sounds\var8.mid --> vp2.netgate.net /u1/vhome/louis/www/wtv/offminesweep/sounds var8.mid
97.10.21 19:57 B D:\LouisRoehrs\offminesweep\sounds\WS_FTP.LOG --> vp2.netgate.net /u1/vhome/louis/www/wtv/offminesweep/sounds WS_FTP.LOG
97.10.24 18:35 B D:\LouisRoehrs\offminesweep\sounds\applause.MP2 --> vp2.netgate.net /u1/vhome/louis/www/wtv/offminesweep/sounds applause.MP2
97.10.24 18:35 B D:\LouisRoehrs\offminesweep\sounds\buzzer.aif --> vp2.netgate.net /u1/vhome/louis/www/wtv/offminesweep/sounds buzzer.aif
97.10.24 18:35 B D:\LouisRoehrs\offminesweep\sounds\door.MP2 --> vp2.netgate.net /u1/vhome/louis/www/wtv/offminesweep/sounds door.MP2
97.10.24 18:35 B D:\LouisRoehrs\offminesweep\sounds\laugh.MP2 --> vp2.netgate.net /u1/vhome/louis/www/wtv/offminesweep/sounds laugh.MP2
97.10.24 18:35 B D:\LouisRoehrs\offminesweep\sounds\var6.mid --> vp2.netgate.net /u1/vhome/louis/www/wtv/offminesweep/sounds var6.mid
97.10.24 18:35 B D:\LouisRoehrs\offminesweep\sounds\var7.mid --> vp2.netgate.net /u1/vhome/louis/www/wtv/offminesweep/sounds var7.mid
97.10.24 18:35 B D:\LouisRoehrs\offminesweep\sounds\var8.mid --> vp2.netgate.net /u1/vhome/louis/www/wtv/offminesweep/sounds var8.mid
