97.09.30 10:03 B D:\LouisRoehrs\ROMCache\spacer.gif <-- AWoofie /u1/vhome/louis/www/ROMCache spacer.gif
97.09.30 10:04 B D:\LouisRoehrs\ROMCache\spacer.gif --> ed.webtv.net /usr/home/tpark/public_html/ROMCache spacer.gif
97.09.30 10:04 B D:\LouisRoehrs\ROMCache\WS_FTP.LOG --> ed.webtv.net /usr/home/tpark/public_html/ROMCache WS_FTP.LOG
97.10.13 12:34 B D:\LouisRoehrs\ROMCache\spacer.gif --> vp2.netgate.net /u1/vhome/louis/www/wtv/ROMCache spacer.gif
97.10.13 12:34 B D:\LouisRoehrs\ROMCache\WS_FTP.LOG --> vp2.netgate.net /u1/vhome/louis/www/wtv/ROMCache WS_FTP.LOG
97.10.17 01:49 B D:\LouisRoehrs\ROMCache\Back.gif <-- Homeless /home/content/webtv.classical/content/guided/images Back.gif
97.10.17 01:49 B D:\LouisRoehrs\ROMCache\BulletArrow.gif <-- Homeless /home/content/webtv.classical/content/guided/images BulletArrow.gif
97.10.17 01:49 B D:\LouisRoehrs\ROMCache\CenterButton.gif <-- Homeless /home/content/webtv.classical/content/guided/images CenterButton.gif
97.10.17 01:49 B D:\LouisRoehrs\ROMCache\CodeSet.gif <-- Homeless /home/content/webtv.classical/content/guided/images CodeSet.gif
97.10.17 01:49 B D:\LouisRoehrs\ROMCache\ContinueButton.gif <-- Homeless /home/content/webtv.classical/content/guided/images ContinueButton.gif
97.10.17 01:49 B D:\LouisRoehrs\ROMCache\Cursor.gif <-- Homeless /home/content/webtv.classical/content/guided/images Cursor.gif
97.10.17 01:49 B D:\LouisRoehrs\ROMCache\DoneButton.gif <-- Homeless /home/content/webtv.classical/content/guided/images DoneButton.gif
97.10.17 01:49 B D:\LouisRoehrs\ROMCache\EmptyMailbox.gif <-- Homeless /home/content/webtv.classical/content/guided/images EmptyMailbox.gif
97.10.17 01:49 B D:\LouisRoehrs\ROMCache\Favorites.gif <-- Homeless /home/content/webtv.classical/content/guided/images Favorites.gif
97.10.17 01:49 B D:\LouisRoehrs\ROMCache\GuideBanner.gif <-- Homeless /home/content/webtv.classical/content/guided/images GuideBanner.gif
97.10.17 01:49 B D:\LouisRoehrs\ROMCache\Home.gif <-- Homeless /home/content/webtv.classical/content/guided/images Home.gif
97.10.17 01:49 B D:\LouisRoehrs\ROMCache\LittleRemote.gif <-- Homeless /home/content/webtv.classical/content/guided/images LittleRemote.gif
97.10.17 01:49 B D:\LouisRoehrs\ROMCache\mail_delete.gif <-- Homeless /home/content/webtv.classical/content/guided/images mail_delete.gif
97.10.17 01:49 B D:\LouisRoehrs\ROMCache\mail_forward.gif <-- Homeless /home/content/webtv.classical/content/guided/images mail_forward.gif
97.10.17 01:49 B D:\LouisRoehrs\ROMCache\mail_reply.gif <-- Homeless /home/content/webtv.classical/content/guided/images mail_reply.gif
97.10.17 01:49 B D:\LouisRoehrs\ROMCache\mail_save.gif <-- Homeless /home/content/webtv.classical/content/guided/images mail_save.gif
97.10.17 01:49 B D:\LouisRoehrs\ROMCache\mail_send.gif <-- Homeless /home/content/webtv.classical/content/guided/images mail_send.gif
97.10.17 01:49 B D:\LouisRoehrs\ROMCache\marketplace.gif <-- Homeless /home/content/webtv.classical/content/guided/images marketplace.gif
97.10.17 01:49 B D:\LouisRoehrs\ROMCache\network.gif <-- Homeless /home/content/webtv.classical/content/guided/images network.gif
97.10.17 01:49 B D:\LouisRoehrs\ROMCache\Nothing.gif <-- Homeless /home/content/webtv.classical/content/guided/images Nothing.gif
97.10.17 01:49 B D:\LouisRoehrs\ROMCache\Numbers.gif <-- Homeless /home/content/webtv.classical/content/guided/images Numbers.gif
97.10.17 01:49 B D:\LouisRoehrs\ROMCache\Options.gif <-- Homeless /home/content/webtv.classical/content/guided/images Options.gif
97.10.17 01:49 B D:\LouisRoehrs\ROMCache\OptionsButton.gif <-- Homeless /home/content/webtv.classical/content/guided/images OptionsButton.gif
97.10.17 01:49 B D:\LouisRoehrs\ROMCache\PhilipsArrowsGlow.gif <-- Homeless /home/content/webtv.classical/content/guided/images PhilipsArrowsGlow.gif
97.10.17 01:49 B D:\LouisRoehrs\ROMCache\PhilipsBackGlow.gif <-- Homeless /home/content/webtv.classical/content/guided/images PhilipsBackGlow.gif
97.10.17 01:49 B D:\LouisRoehrs\ROMCache\PhilipsCenterButton.gif <-- Homeless /home/content/webtv.classical/content/guided/images PhilipsCenterButton.gif
97.10.17 01:49 B D:\LouisRoehrs\ROMCache\PhilipsFavoritesGlow.gif <-- Homeless /home/content/webtv.classical/content/guided/images PhilipsFavoritesGlow.gif
97.10.17 01:49 B D:\LouisRoehrs\ROMCache\PhilipsHomeGlow.gif <-- Homeless /home/content/webtv.classical/content/guided/images PhilipsHomeGlow.gif
97.10.17 01:49 B D:\LouisRoehrs\ROMCache\PhilipsOptionsGlow.gif <-- Homeless /home/content/webtv.classical/content/guided/images PhilipsOptionsGlow.gif
97.10.17 01:49 B D:\LouisRoehrs\ROMCache\PhilipsPowerGlow.gif <-- Homeless /home/content/webtv.classical/content/guided/images PhilipsPowerGlow.gif
97.10.17 01:49 B D:\LouisRoehrs\ROMCache\PhilipsRecentGlow.gif <-- Homeless /home/content/webtv.classical/content/guided/images PhilipsRecentGlow.gif
97.10.17 01:49 B D:\LouisRoehrs\ROMCache\PhilipsRemote.gif <-- Homeless /home/content/webtv.classical/content/guided/images PhilipsRemote.gif
97.10.17 01:49 B D:\LouisRoehrs\ROMCache\PhilipsScrollGlow.gif <-- Homeless /home/content/webtv.classical/content/guided/images PhilipsScrollGlow.gif
97.10.17 01:49 B D:\LouisRoehrs\ROMCache\PhilipsSearchGlow.gif <-- Homeless /home/content/webtv.classical/content/guided/images PhilipsSearchGlow.gif
97.10.17 01:49 B D:\LouisRoehrs\ROMCache\PhilipsTVWebGlow.gif <-- Homeless /home/content/webtv.classical/content/guided/images PhilipsTVWebGlow.gif
97.10.17 01:49 B D:\LouisRoehrs\ROMCache\power-highlight.gif <-- Homeless /home/content/webtv.classical/content/guided/images power-highlight.gif
97.10.17 01:49 B D:\LouisRoehrs\ROMCache\Recent.gif <-- Homeless /home/content/webtv.classical/content/guided/images Recent.gif
97.10.17 01:49 B D:\LouisRoehrs\ROMCache\remote-bottom-half.jpg <-- Homeless /home/content/webtv.classical/content/guided/images remote-bottom-half.jpg
97.10.17 01:49 B D:\LouisRoehrs\ROMCache\remote-top-half.jpg <-- Homeless /home/content/webtv.classical/content/guided/images remote-top-half.jpg
97.10.17 01:49 B D:\LouisRoehrs\ROMCache\remote_sec.1b.jpg <-- Homeless /home/content/webtv.classical/content/guided/images remote_sec.1b.jpg
97.10.17 01:49 B D:\LouisRoehrs\ROMCache\Rule.gif <-- Homeless /home/content/webtv.classical/content/guided/images Rule.gif
97.10.17 01:49 B D:\LouisRoehrs\ROMCache\RuleLeftEnd.gif <-- Homeless /home/content/webtv.classical/content/guided/images RuleLeftEnd.gif
97.10.17 01:49 B D:\LouisRoehrs\ROMCache\Scroll.gif <-- Homeless /home/content/webtv.classical/content/guided/images Scroll.gif
97.10.17 01:49 B D:\LouisRoehrs\ROMCache\Searching.gif <-- Homeless /home/content/webtv.classical/content/guided/images Searching.gif
97.10.17 01:49 B D:\LouisRoehrs\ROMCache\Signature.gif <-- Homeless /home/content/webtv.classical/content/guided/images Signature.gif
97.10.17 01:49 B D:\LouisRoehrs\ROMCache\SonyArrowsGlow.gif <-- Homeless /home/content/webtv.classical/content/guided/images SonyArrowsGlow.gif
97.10.17 01:49 B D:\LouisRoehrs\ROMCache\SonyBackGlow.gif <-- Homeless /home/content/webtv.classical/content/guided/images SonyBackGlow.gif
97.10.17 01:49 B D:\LouisRoehrs\ROMCache\SonyCodeSetGlow.gif <-- Homeless /home/content/webtv.classical/content/guided/images SonyCodeSetGlow.gif
97.10.17 01:49 B D:\LouisRoehrs\ROMCache\SonyHomeGlow.gif <-- Homeless /home/content/webtv.classical/content/guided/images SonyHomeGlow.gif
97.10.17 01:49 B D:\LouisRoehrs\ROMCache\SonyNumbersGlow.gif <-- Homeless /home/content/webtv.classical/content/guided/images SonyNumbersGlow.gif
97.10.17 01:49 B D:\LouisRoehrs\ROMCache\SonyOptionsGlow.gif <-- Homeless /home/content/webtv.classical/content/guided/images SonyOptionsGlow.gif
97.10.17 01:49 B D:\LouisRoehrs\ROMCache\SonyPowerGlow.gif <-- Homeless /home/content/webtv.classical/content/guided/images SonyPowerGlow.gif
97.10.17 01:49 B D:\LouisRoehrs\ROMCache\SonyRecentGlow.gif <-- Homeless /home/content/webtv.classical/content/guided/images SonyRecentGlow.gif
97.10.17 01:49 B D:\LouisRoehrs\ROMCache\SonyRemote.gif <-- Homeless /home/content/webtv.classical/content/guided/images SonyRemote.gif
97.10.17 01:49 B D:\LouisRoehrs\ROMCache\SonyScrollGlow.gif <-- Homeless /home/content/webtv.classical/content/guided/images SonyScrollGlow.gif
97.10.17 01:49 B D:\LouisRoehrs\ROMCache\SonyVolChGlow.gif <-- Homeless /home/content/webtv.classical/content/guided/images SonyVolChGlow.gif
97.10.17 01:49 B D:\LouisRoehrs\ROMCache\Steps.gif <-- Homeless /home/content/webtv.classical/content/guided/images Steps.gif
97.10.17 01:49 B D:\LouisRoehrs\ROMCache\UsingWebTVBanner.gif <-- Homeless /home/content/webtv.classical/content/guided/images UsingWebTVBanner.gif
97.10.17 01:49 B D:\LouisRoehrs\ROMCache\VolCh.gif <-- Homeless /home/content/webtv.classical/content/guided/images VolCh.gif
97.10.17 01:49 B D:\LouisRoehrs\ROMCache\YellowPixel.gif <-- Homeless /home/content/webtv.classical/content/guided/images YellowPixel.gif
97.10.21 19:58 B D:\LouisRoehrs\ROMCache\Back.gif --> vp2.netgate.net /u1/vhome/louis/www/wtv/ROMCache Back.gif
97.10.21 19:58 B D:\LouisRoehrs\ROMCache\BulletArrow.gif --> vp2.netgate.net /u1/vhome/louis/www/wtv/ROMCache BulletArrow.gif
97.10.21 19:58 B D:\LouisRoehrs\ROMCache\CenterButton.gif --> vp2.netgate.net /u1/vhome/louis/www/wtv/ROMCache CenterButton.gif
97.10.21 19:58 B D:\LouisRoehrs\ROMCache\CodeSet.gif --> vp2.netgate.net /u1/vhome/louis/www/wtv/ROMCache CodeSet.gif
97.10.21 19:58 B D:\LouisRoehrs\ROMCache\ContinueButton.gif --> vp2.netgate.net /u1/vhome/louis/www/wtv/ROMCache ContinueButton.gif
97.10.21 19:58 B D:\LouisRoehrs\ROMCache\Cursor.gif --> vp2.netgate.net /u1/vhome/louis/www/wtv/ROMCache Cursor.gif
97.10.21 19:58 B D:\LouisRoehrs\ROMCache\DoneButton.gif --> vp2.netgate.net /u1/vhome/louis/www/wtv/ROMCache DoneButton.gif
97.10.21 19:58 B D:\LouisRoehrs\ROMCache\EmptyMailbox.gif --> vp2.netgate.net /u1/vhome/louis/www/wtv/ROMCache EmptyMailbox.gif
97.10.21 19:58 B D:\LouisRoehrs\ROMCache\Favorites.gif --> vp2.netgate.net /u1/vhome/louis/www/wtv/ROMCache Favorites.gif
97.10.21 19:58 B D:\LouisRoehrs\ROMCache\GuideBanner.gif --> vp2.netgate.net /u1/vhome/louis/www/wtv/ROMCache GuideBanner.gif
97.10.21 19:58 B D:\LouisRoehrs\ROMCache\Home.gif --> vp2.netgate.net /u1/vhome/louis/www/wtv/ROMCache Home.gif
97.10.21 19:58 B D:\LouisRoehrs\ROMCache\LittleRemote.gif --> vp2.netgate.net /u1/vhome/louis/www/wtv/ROMCache LittleRemote.gif
97.10.21 19:58 B D:\LouisRoehrs\ROMCache\mail_delete.gif --> vp2.netgate.net /u1/vhome/louis/www/wtv/ROMCache mail_delete.gif
97.10.21 19:58 B D:\LouisRoehrs\ROMCache\mail_forward.gif --> vp2.netgate.net /u1/vhome/louis/www/wtv/ROMCache mail_forward.gif
97.10.21 19:58 B D:\LouisRoehrs\ROMCache\mail_reply.gif --> vp2.netgate.net /u1/vhome/louis/www/wtv/ROMCache mail_reply.gif
97.10.21 19:58 B D:\LouisRoehrs\ROMCache\mail_save.gif --> vp2.netgate.net /u1/vhome/louis/www/wtv/ROMCache mail_save.gif
97.10.21 19:58 B D:\LouisRoehrs\ROMCache\mail_send.gif --> vp2.netgate.net /u1/vhome/louis/www/wtv/ROMCache mail_send.gif
97.10.21 19:58 B D:\LouisRoehrs\ROMCache\marketplace.gif --> vp2.netgate.net /u1/vhome/louis/www/wtv/ROMCache marketplace.gif
97.10.21 19:58 B D:\LouisRoehrs\ROMCache\network.gif --> vp2.netgate.net /u1/vhome/louis/www/wtv/ROMCache network.gif
97.10.21 19:58 B D:\LouisRoehrs\ROMCache\Nothing.gif --> vp2.netgate.net /u1/vhome/louis/www/wtv/ROMCache Nothing.gif
97.10.21 19:58 B D:\LouisRoehrs\ROMCache\Numbers.gif --> vp2.netgate.net /u1/vhome/louis/www/wtv/ROMCache Numbers.gif
97.10.21 19:58 B D:\LouisRoehrs\ROMCache\Options.gif --> vp2.netgate.net /u1/vhome/louis/www/wtv/ROMCache Options.gif
97.10.21 19:58 B D:\LouisRoehrs\ROMCache\OptionsButton.gif --> vp2.netgate.net /u1/vhome/louis/www/wtv/ROMCache OptionsButton.gif
97.10.21 19:58 B D:\LouisRoehrs\ROMCache\PhilipsArrowsGlow.gif --> vp2.netgate.net /u1/vhome/louis/www/wtv/ROMCache PhilipsArrowsGlow.gif
97.10.21 19:58 B D:\LouisRoehrs\ROMCache\PhilipsBackGlow.gif --> vp2.netgate.net /u1/vhome/louis/www/wtv/ROMCache PhilipsBackGlow.gif
97.10.21 19:58 B D:\LouisRoehrs\ROMCache\PhilipsCenterButton.gif --> vp2.netgate.net /u1/vhome/louis/www/wtv/ROMCache PhilipsCenterButton.gif
97.10.21 19:58 B D:\LouisRoehrs\ROMCache\PhilipsFavoritesGlow.gif --> vp2.netgate.net /u1/vhome/louis/www/wtv/ROMCache PhilipsFavoritesGlow.gif
97.10.21 19:58 B D:\LouisRoehrs\ROMCache\PhilipsHomeGlow.gif --> vp2.netgate.net /u1/vhome/louis/www/wtv/ROMCache PhilipsHomeGlow.gif
97.10.21 19:58 B D:\LouisRoehrs\ROMCache\PhilipsOptionsGlow.gif --> vp2.netgate.net /u1/vhome/louis/www/wtv/ROMCache PhilipsOptionsGlow.gif
97.10.21 19:58 B D:\LouisRoehrs\ROMCache\PhilipsPowerGlow.gif --> vp2.netgate.net /u1/vhome/louis/www/wtv/ROMCache PhilipsPowerGlow.gif
97.10.21 19:58 B D:\LouisRoehrs\ROMCache\PhilipsRecentGlow.gif --> vp2.netgate.net /u1/vhome/louis/www/wtv/ROMCache PhilipsRecentGlow.gif
97.10.21 19:58 B D:\LouisRoehrs\ROMCache\PhilipsRemote.gif --> vp2.netgate.net /u1/vhome/louis/www/wtv/ROMCache PhilipsRemote.gif
97.10.21 19:58 B D:\LouisRoehrs\ROMCache\PhilipsScrollGlow.gif --> vp2.netgate.net /u1/vhome/louis/www/wtv/ROMCache PhilipsScrollGlow.gif
97.10.21 19:58 B D:\LouisRoehrs\ROMCache\PhilipsSearchGlow.gif --> vp2.netgate.net /u1/vhome/louis/www/wtv/ROMCache PhilipsSearchGlow.gif
97.10.21 19:58 B D:\LouisRoehrs\ROMCache\PhilipsTVWebGlow.gif --> vp2.netgate.net /u1/vhome/louis/www/wtv/ROMCache PhilipsTVWebGlow.gif
97.10.21 19:58 B D:\LouisRoehrs\ROMCache\power-highlight.gif --> vp2.netgate.net /u1/vhome/louis/www/wtv/ROMCache power-highlight.gif
97.10.21 19:58 B D:\LouisRoehrs\ROMCache\Recent.gif --> vp2.netgate.net /u1/vhome/louis/www/wtv/ROMCache Recent.gif
97.10.21 19:58 B D:\LouisRoehrs\ROMCache\remote-bottom-half.jpg --> vp2.netgate.net /u1/vhome/louis/www/wtv/ROMCache remote-bottom-half.jpg
97.10.21 19:58 B D:\LouisRoehrs\ROMCache\remote-top-half.jpg --> vp2.netgate.net /u1/vhome/louis/www/wtv/ROMCache remote-top-half.jpg
97.10.21 19:58 B D:\LouisRoehrs\ROMCache\remote_sec.1b.jpg --> vp2.netgate.net /u1/vhome/louis/www/wtv/ROMCache remote_sec.1b.jpg
97.10.21 19:58 B D:\LouisRoehrs\ROMCache\Rule.gif --> vp2.netgate.net /u1/vhome/louis/www/wtv/ROMCache Rule.gif
97.10.21 19:58 B D:\LouisRoehrs\ROMCache\RuleLeftEnd.gif --> vp2.netgate.net /u1/vhome/louis/www/wtv/ROMCache RuleLeftEnd.gif
97.10.21 19:59 B D:\LouisRoehrs\ROMCache\Scroll.gif --> vp2.netgate.net /u1/vhome/louis/www/wtv/ROMCache Scroll.gif
97.10.21 19:59 B D:\LouisRoehrs\ROMCache\Searching.gif --> vp2.netgate.net /u1/vhome/louis/www/wtv/ROMCache Searching.gif
97.10.21 19:59 B D:\LouisRoehrs\ROMCache\Signature.gif --> vp2.netgate.net /u1/vhome/louis/www/wtv/ROMCache Signature.gif
97.10.21 19:59 B D:\LouisRoehrs\ROMCache\SonyArrowsGlow.gif --> vp2.netgate.net /u1/vhome/louis/www/wtv/ROMCache SonyArrowsGlow.gif
97.10.21 19:59 B D:\LouisRoehrs\ROMCache\SonyBackGlow.gif --> vp2.netgate.net /u1/vhome/louis/www/wtv/ROMCache SonyBackGlow.gif
97.10.21 19:59 B D:\LouisRoehrs\ROMCache\SonyCodeSetGlow.gif --> vp2.netgate.net /u1/vhome/louis/www/wtv/ROMCache SonyCodeSetGlow.gif
97.10.21 19:59 B D:\LouisRoehrs\ROMCache\SonyHomeGlow.gif --> vp2.netgate.net /u1/vhome/louis/www/wtv/ROMCache SonyHomeGlow.gif
97.10.21 19:59 B D:\LouisRoehrs\ROMCache\SonyNumbersGlow.gif --> vp2.netgate.net /u1/vhome/louis/www/wtv/ROMCache SonyNumbersGlow.gif
97.10.21 19:59 B D:\LouisRoehrs\ROMCache\SonyOptionsGlow.gif --> vp2.netgate.net /u1/vhome/louis/www/wtv/ROMCache SonyOptionsGlow.gif
97.10.21 19:59 B D:\LouisRoehrs\ROMCache\SonyPowerGlow.gif --> vp2.netgate.net /u1/vhome/louis/www/wtv/ROMCache SonyPowerGlow.gif
97.10.21 19:59 B D:\LouisRoehrs\ROMCache\SonyRecentGlow.gif --> vp2.netgate.net /u1/vhome/louis/www/wtv/ROMCache SonyRecentGlow.gif
97.10.21 19:59 B D:\LouisRoehrs\ROMCache\SonyRemote.gif --> vp2.netgate.net /u1/vhome/louis/www/wtv/ROMCache SonyRemote.gif
97.10.21 19:59 B D:\LouisRoehrs\ROMCache\SonyScrollGlow.gif --> vp2.netgate.net /u1/vhome/louis/www/wtv/ROMCache SonyScrollGlow.gif
97.10.21 19:59 B D:\LouisRoehrs\ROMCache\SonyVolChGlow.gif --> vp2.netgate.net /u1/vhome/louis/www/wtv/ROMCache SonyVolChGlow.gif
97.10.21 19:59 B D:\LouisRoehrs\ROMCache\spacer.gif --> vp2.netgate.net /u1/vhome/louis/www/wtv/ROMCache spacer.gif
97.10.21 19:59 B D:\LouisRoehrs\ROMCache\Steps.gif --> vp2.netgate.net /u1/vhome/louis/www/wtv/ROMCache Steps.gif
97.10.21 19:59 B D:\LouisRoehrs\ROMCache\UsingWebTVBanner.gif --> vp2.netgate.net /u1/vhome/louis/www/wtv/ROMCache UsingWebTVBanner.gif
97.10.21 19:59 B D:\LouisRoehrs\ROMCache\VolCh.gif --> vp2.netgate.net /u1/vhome/louis/www/wtv/ROMCache VolCh.gif
97.10.21 19:59 B D:\LouisRoehrs\ROMCache\WS_FTP.LOG --> vp2.netgate.net /u1/vhome/louis/www/wtv/ROMCache WS_FTP.LOG
97.10.21 19:59 B D:\LouisRoehrs\ROMCache\YellowPixel.gif --> vp2.netgate.net /u1/vhome/louis/www/wtv/ROMCache YellowPixel.gif
97.10.24 18:37 B D:\LouisRoehrs\ROMCache\Back.gif --> vp2.netgate.net /u1/vhome/louis/www/wtv/ROMCache Back.gif
97.10.24 18:37 B D:\LouisRoehrs\ROMCache\BulletArrow.gif --> vp2.netgate.net /u1/vhome/louis/www/wtv/ROMCache BulletArrow.gif
97.10.24 18:37 B D:\LouisRoehrs\ROMCache\CenterButton.gif --> vp2.netgate.net /u1/vhome/louis/www/wtv/ROMCache CenterButton.gif
97.10.24 18:37 B D:\LouisRoehrs\ROMCache\CodeSet.gif --> vp2.netgate.net /u1/vhome/louis/www/wtv/ROMCache CodeSet.gif
97.10.24 18:37 B D:\LouisRoehrs\ROMCache\ContinueButton.gif --> vp2.netgate.net /u1/vhome/louis/www/wtv/ROMCache ContinueButton.gif
97.10.24 18:37 B D:\LouisRoehrs\ROMCache\Cursor.gif --> vp2.netgate.net /u1/vhome/louis/www/wtv/ROMCache Cursor.gif
97.10.24 18:37 B D:\LouisRoehrs\ROMCache\DoneButton.gif --> vp2.netgate.net /u1/vhome/louis/www/wtv/ROMCache DoneButton.gif
97.10.24 18:37 B D:\LouisRoehrs\ROMCache\EmptyMailbox.gif --> vp2.netgate.net /u1/vhome/louis/www/wtv/ROMCache EmptyMailbox.gif
97.10.24 18:37 B D:\LouisRoehrs\ROMCache\Favorites.gif --> vp2.netgate.net /u1/vhome/louis/www/wtv/ROMCache Favorites.gif
97.10.24 18:37 B D:\LouisRoehrs\ROMCache\GuideBanner.gif --> vp2.netgate.net /u1/vhome/louis/www/wtv/ROMCache GuideBanner.gif
97.10.24 18:37 B D:\LouisRoehrs\ROMCache\Home.gif --> vp2.netgate.net /u1/vhome/louis/www/wtv/ROMCache Home.gif
97.10.24 18:37 B D:\LouisRoehrs\ROMCache\LittleRemote.gif --> vp2.netgate.net /u1/vhome/louis/www/wtv/ROMCache LittleRemote.gif
97.10.24 18:37 B D:\LouisRoehrs\ROMCache\mail_delete.gif --> vp2.netgate.net /u1/vhome/louis/www/wtv/ROMCache mail_delete.gif
97.10.24 18:37 B D:\LouisRoehrs\ROMCache\mail_forward.gif --> vp2.netgate.net /u1/vhome/louis/www/wtv/ROMCache mail_forward.gif
97.10.24 18:37 B D:\LouisRoehrs\ROMCache\mail_reply.gif --> vp2.netgate.net /u1/vhome/louis/www/wtv/ROMCache mail_reply.gif
97.10.24 18:37 B D:\LouisRoehrs\ROMCache\mail_save.gif --> vp2.netgate.net /u1/vhome/louis/www/wtv/ROMCache mail_save.gif
97.10.24 18:37 B D:\LouisRoehrs\ROMCache\mail_send.gif --> vp2.netgate.net /u1/vhome/louis/www/wtv/ROMCache mail_send.gif
97.10.24 18:37 B D:\LouisRoehrs\ROMCache\marketplace.gif --> vp2.netgate.net /u1/vhome/louis/www/wtv/ROMCache marketplace.gif
97.10.24 18:37 B D:\LouisRoehrs\ROMCache\network.gif --> vp2.netgate.net /u1/vhome/louis/www/wtv/ROMCache network.gif
97.10.24 18:37 B D:\LouisRoehrs\ROMCache\Nothing.gif --> vp2.netgate.net /u1/vhome/louis/www/wtv/ROMCache Nothing.gif
97.10.24 18:37 B D:\LouisRoehrs\ROMCache\Numbers.gif --> vp2.netgate.net /u1/vhome/louis/www/wtv/ROMCache Numbers.gif
97.10.24 18:37 B D:\LouisRoehrs\ROMCache\Options.gif --> vp2.netgate.net /u1/vhome/louis/www/wtv/ROMCache Options.gif
97.10.24 18:37 B D:\LouisRoehrs\ROMCache\OptionsButton.gif --> vp2.netgate.net /u1/vhome/louis/www/wtv/ROMCache OptionsButton.gif
97.10.24 18:37 B D:\LouisRoehrs\ROMCache\PhilipsArrowsGlow.gif --> vp2.netgate.net /u1/vhome/louis/www/wtv/ROMCache PhilipsArrowsGlow.gif
97.10.24 18:37 B D:\LouisRoehrs\ROMCache\PhilipsBackGlow.gif --> vp2.netgate.net /u1/vhome/louis/www/wtv/ROMCache PhilipsBackGlow.gif
97.10.24 18:37 B D:\LouisRoehrs\ROMCache\PhilipsCenterButton.gif --> vp2.netgate.net /u1/vhome/louis/www/wtv/ROMCache PhilipsCenterButton.gif
97.10.24 18:37 B D:\LouisRoehrs\ROMCache\PhilipsFavoritesGlow.gif --> vp2.netgate.net /u1/vhome/louis/www/wtv/ROMCache PhilipsFavoritesGlow.gif
97.10.24 18:37 B D:\LouisRoehrs\ROMCache\PhilipsHomeGlow.gif --> vp2.netgate.net /u1/vhome/louis/www/wtv/ROMCache PhilipsHomeGlow.gif
97.10.24 18:37 B D:\LouisRoehrs\ROMCache\PhilipsOptionsGlow.gif --> vp2.netgate.net /u1/vhome/louis/www/wtv/ROMCache PhilipsOptionsGlow.gif
97.10.24 18:37 B D:\LouisRoehrs\ROMCache\PhilipsPowerGlow.gif --> vp2.netgate.net /u1/vhome/louis/www/wtv/ROMCache PhilipsPowerGlow.gif
97.10.24 18:37 B D:\LouisRoehrs\ROMCache\PhilipsRecentGlow.gif --> vp2.netgate.net /u1/vhome/louis/www/wtv/ROMCache PhilipsRecentGlow.gif
97.10.24 18:37 B D:\LouisRoehrs\ROMCache\PhilipsRemote.gif --> vp2.netgate.net /u1/vhome/louis/www/wtv/ROMCache PhilipsRemote.gif
97.10.24 18:37 B D:\LouisRoehrs\ROMCache\PhilipsScrollGlow.gif --> vp2.netgate.net /u1/vhome/louis/www/wtv/ROMCache PhilipsScrollGlow.gif
97.10.24 18:37 B D:\LouisRoehrs\ROMCache\PhilipsSearchGlow.gif --> vp2.netgate.net /u1/vhome/louis/www/wtv/ROMCache PhilipsSearchGlow.gif
97.10.24 18:37 B D:\LouisRoehrs\ROMCache\PhilipsTVWebGlow.gif --> vp2.netgate.net /u1/vhome/louis/www/wtv/ROMCache PhilipsTVWebGlow.gif
97.10.24 18:37 B D:\LouisRoehrs\ROMCache\power-highlight.gif --> vp2.netgate.net /u1/vhome/louis/www/wtv/ROMCache power-highlight.gif
97.10.24 18:37 B D:\LouisRoehrs\ROMCache\Recent.gif --> vp2.netgate.net /u1/vhome/louis/www/wtv/ROMCache Recent.gif
97.10.24 18:37 B D:\LouisRoehrs\ROMCache\remote-bottom-half.jpg --> vp2.netgate.net /u1/vhome/louis/www/wtv/ROMCache remote-bottom-half.jpg
97.10.24 18:37 B D:\LouisRoehrs\ROMCache\remote-top-half.jpg --> vp2.netgate.net /u1/vhome/louis/www/wtv/ROMCache remote-top-half.jpg
97.10.24 18:37 B D:\LouisRoehrs\ROMCache\remote_sec.1b.jpg --> vp2.netgate.net /u1/vhome/louis/www/wtv/ROMCache remote_sec.1b.jpg
97.10.24 18:37 B D:\LouisRoehrs\ROMCache\Rule.gif --> vp2.netgate.net /u1/vhome/louis/www/wtv/ROMCache Rule.gif
97.10.24 18:37 B D:\LouisRoehrs\ROMCache\RuleLeftEnd.gif --> vp2.netgate.net /u1/vhome/louis/www/wtv/ROMCache RuleLeftEnd.gif
97.10.24 18:37 B D:\LouisRoehrs\ROMCache\Scroll.gif --> vp2.netgate.net /u1/vhome/louis/www/wtv/ROMCache Scroll.gif
97.10.24 18:37 B D:\LouisRoehrs\ROMCache\Searching.gif --> vp2.netgate.net /u1/vhome/louis/www/wtv/ROMCache Searching.gif
97.10.24 18:37 B D:\LouisRoehrs\ROMCache\Signature.gif --> vp2.netgate.net /u1/vhome/louis/www/wtv/ROMCache Signature.gif
97.10.24 18:37 B D:\LouisRoehrs\ROMCache\SonyArrowsGlow.gif --> vp2.netgate.net /u1/vhome/louis/www/wtv/ROMCache SonyArrowsGlow.gif
97.10.24 18:37 B D:\LouisRoehrs\ROMCache\SonyBackGlow.gif --> vp2.netgate.net /u1/vhome/louis/www/wtv/ROMCache SonyBackGlow.gif
97.10.24 18:37 B D:\LouisRoehrs\ROMCache\SonyCodeSetGlow.gif --> vp2.netgate.net /u1/vhome/louis/www/wtv/ROMCache SonyCodeSetGlow.gif
97.10.24 18:37 B D:\LouisRoehrs\ROMCache\SonyHomeGlow.gif --> vp2.netgate.net /u1/vhome/louis/www/wtv/ROMCache SonyHomeGlow.gif
97.10.24 18:37 B D:\LouisRoehrs\ROMCache\SonyNumbersGlow.gif --> vp2.netgate.net /u1/vhome/louis/www/wtv/ROMCache SonyNumbersGlow.gif
97.10.24 18:37 B D:\LouisRoehrs\ROMCache\SonyOptionsGlow.gif --> vp2.netgate.net /u1/vhome/louis/www/wtv/ROMCache SonyOptionsGlow.gif
97.10.24 18:37 B D:\LouisRoehrs\ROMCache\SonyPowerGlow.gif --> vp2.netgate.net /u1/vhome/louis/www/wtv/ROMCache SonyPowerGlow.gif
97.10.24 18:37 B D:\LouisRoehrs\ROMCache\SonyRecentGlow.gif --> vp2.netgate.net /u1/vhome/louis/www/wtv/ROMCache SonyRecentGlow.gif
97.10.24 18:37 B D:\LouisRoehrs\ROMCache\SonyRemote.gif --> vp2.netgate.net /u1/vhome/louis/www/wtv/ROMCache SonyRemote.gif
97.10.24 18:37 B D:\LouisRoehrs\ROMCache\SonyScrollGlow.gif --> vp2.netgate.net /u1/vhome/louis/www/wtv/ROMCache SonyScrollGlow.gif
97.10.24 18:37 B D:\LouisRoehrs\ROMCache\SonyVolChGlow.gif --> vp2.netgate.net /u1/vhome/louis/www/wtv/ROMCache SonyVolChGlow.gif
97.10.24 18:37 B D:\LouisRoehrs\ROMCache\spacer.gif --> vp2.netgate.net /u1/vhome/louis/www/wtv/ROMCache spacer.gif
97.10.24 18:37 B D:\LouisRoehrs\ROMCache\Steps.gif --> vp2.netgate.net /u1/vhome/louis/www/wtv/ROMCache Steps.gif
97.10.24 18:37 B D:\LouisRoehrs\ROMCache\UsingWebTVBanner.gif --> vp2.netgate.net /u1/vhome/louis/www/wtv/ROMCache UsingWebTVBanner.gif
97.10.24 18:37 B D:\LouisRoehrs\ROMCache\VolCh.gif --> vp2.netgate.net /u1/vhome/louis/www/wtv/ROMCache VolCh.gif
