97.10.13 12:38 B D:\LouisRoehrs\software\cdcopy35.zip --> vp2.netgate.net /u1/vhome/louis/www/wtv/software cdcopy35.zip
97.10.13 12:39 B D:\LouisRoehrs\software\ddcl220p.zip --> vp2.netgate.net /u1/vhome/louis/www/wtv/software ddcl220p.zip
97.10.13 12:40 B D:\LouisRoehrs\software\DreamPR1.exe --> vp2.netgate.net /u1/vhome/louis/www/wtv/software DreamPR1.exe
97.10.13 12:41 B D:\LouisRoehrs\software\gmvgr20.exe --> vp2.netgate.net /u1/vhome/louis/www/wtv/software gmvgr20.exe
97.10.13 12:41 B D:\LouisRoehrs\software\HomeSiteRegistration.html --> vp2.netgate.net /u1/vhome/louis/www/wtv/software HomeSiteRegistration.html
97.10.13 12:41 B D:\LouisRoehrs\software\hs25set.exe --> vp2.netgate.net /u1/vhome/louis/www/wtv/software hs25set.exe
97.10.13 12:41 B D:\LouisRoehrs\software\powertoy.exe --> vp2.netgate.net /u1/vhome/louis/www/wtv/software powertoy.exe
97.10.13 12:41 B D:\LouisRoehrs\software\psp32bit.zip --> vp2.netgate.net /u1/vhome/louis/www/wtv/software psp32bit.zip
97.10.13 12:42 B D:\LouisRoehrs\software\pws10a.exe --> vp2.netgate.net /u1/vhome/louis/www/wtv/software pws10a.exe
97.10.13 12:42 B D:\LouisRoehrs\software\rp32_401.exe --> vp2.netgate.net /u1/vhome/louis/www/wtv/software rp32_401.exe
97.10.13 12:42 B D:\LouisRoehrs\software\Shockwave_Flash_Installer.exe --> vp2.netgate.net /u1/vhome/louis/www/wtv/software Shockwave_Flash_Installer.exe
97.10.13 12:42 B D:\LouisRoehrs\software\testkidstheme.zip --> vp2.netgate.net /u1/vhome/louis/www/wtv/software testkidstheme.zip
97.10.13 12:42 B D:\LouisRoehrs\software\ws_ftp32.zip --> vp2.netgate.net /u1/vhome/louis/www/wtv/software ws_ftp32.zip
97.10.14 18:13 B D:\LouisRoehrs\software\msql-2_0_3_tar.tar --> ed.webtv.net /usr/home/tpark/newmsql msql-2_0_3_tar.tar
97.10.15 12:57 B D:\LouisRoehrs\software\msql-2_0-rel_tar.tar --> best.com /users/u2/louisr msql-2_0-rel_tar.tar
97.10.16 23:09 B D:\LouisRoehrs\software\mSQL-JDBC_tar.gz --> ed.webtv.net /usr/home/tpark mSQL-JDBC_tar.gz
97.10.16 23:10 B D:\LouisRoehrs\software\mSQL-JDBC_tar.gz --> ed.webtv.net /usr/local/etc/apache_1.2.1/htdocs/tpark/newmsql mSQL-JDBC_tar.gz
97.10.21 20:02 B D:\LouisRoehrs\software\cdcopy35.zip --> vp2.netgate.net /u1/vhome/louis/www/wtv/software cdcopy35.zip
97.10.21 20:02 B D:\LouisRoehrs\software\ddcl220p.zip --> vp2.netgate.net /u1/vhome/louis/www/wtv/software ddcl220p.zip
97.10.21 20:03 B D:\LouisRoehrs\software\DreamPR1.exe --> vp2.netgate.net /u1/vhome/louis/www/wtv/software DreamPR1.exe
97.10.21 20:04 B D:\LouisRoehrs\software\gmvgr20.exe --> vp2.netgate.net /u1/vhome/louis/www/wtv/software gmvgr20.exe
97.10.21 20:04 B D:\LouisRoehrs\software\HomeSiteRegistration.html --> vp2.netgate.net /u1/vhome/louis/www/wtv/software HomeSiteRegistration.html
97.10.21 20:04 B D:\LouisRoehrs\software\hs25set.exe --> vp2.netgate.net /u1/vhome/louis/www/wtv/software hs25set.exe
97.10.21 20:04 B D:\LouisRoehrs\software\msql-2_0-rel_tar.gz --> vp2.netgate.net /u1/vhome/louis/www/wtv/software msql-2_0-rel_tar.gz
97.10.21 20:04 B D:\LouisRoehrs\software\msql-2_0-rel_tar.tar --> vp2.netgate.net /u1/vhome/louis/www/wtv/software msql-2_0-rel_tar.tar
97.10.21 20:05 B D:\LouisRoehrs\software\msql-2_0_3_tar.tar --> vp2.netgate.net /u1/vhome/louis/www/wtv/software msql-2_0_3_tar.tar
97.10.21 20:05 B D:\LouisRoehrs\software\mSQL-JDBC_tar.gz --> vp2.netgate.net /u1/vhome/louis/www/wtv/software mSQL-JDBC_tar.gz
97.10.21 20:05 B D:\LouisRoehrs\software\mwteluk.zip --> vp2.netgate.net /u1/vhome/louis/www/wtv/software mwteluk.zip
97.10.21 20:05 B D:\LouisRoehrs\software\powertoy.exe --> vp2.netgate.net /u1/vhome/louis/www/wtv/software powertoy.exe
97.10.21 20:05 B D:\LouisRoehrs\software\psp32bit.zip --> vp2.netgate.net /u1/vhome/louis/www/wtv/software psp32bit.zip
97.10.21 20:05 B D:\LouisRoehrs\software\pws10a.exe --> vp2.netgate.net /u1/vhome/louis/www/wtv/software pws10a.exe
97.10.21 20:06 B D:\LouisRoehrs\software\rp32_401.exe --> vp2.netgate.net /u1/vhome/louis/www/wtv/software rp32_401.exe
97.10.21 20:06 B D:\LouisRoehrs\software\Shockwave_Flash_Installer.exe --> vp2.netgate.net /u1/vhome/louis/www/wtv/software Shockwave_Flash_Installer.exe
97.10.21 20:06 B D:\LouisRoehrs\software\Shockwave_Installer.exe --> vp2.netgate.net /u1/vhome/louis/www/wtv/software Shockwave_Installer.exe
97.10.21 20:06 B D:\LouisRoehrs\software\testkidstheme.zip --> vp2.netgate.net /u1/vhome/louis/www/wtv/software testkidstheme.zip
