98.03.24 15:17 B C:\Louis\matchmate\flash\4Jestor.spl <-- content /home/content/webtv.disco/content/explore2d/programming/demo/flash 4Jestor.spl
98.03.24 15:20 B C:\Louis\matchmate\flash\4Jestor.spl --> www.woofie.com /u1/vhome/louis/www/wtv/matchmate/flash 4Jestor.spl
98.03.24 15:20 B C:\Louis\matchmate\flash\WS_FTP.LOG --> www.woofie.com /u1/vhome/louis/www/wtv/matchmate/flash WS_FTP.LOG
98.03.24 15:35 B C:\Louis\matchmate\flash\3Jestor.spl <-- content /home/content/webtv.disco/content/explore2d/programming/demo/flash 3Jestor.spl
98.03.24 15:36 A C:\Louis\matchmate\flash\Jestor.spl <-- content /home/content/webtv.disco/content/explore2d/programming/demo/flash Jestor.spl
98.03.24 15:36 B C:\Louis\matchmate\flash\Jestor.spl <-- content /home/content/webtv.disco/content/explore2d/programming/demo/flash Jestor.spl
98.03.24 15:37 A C:\Louis\matchmate\flash\Jestor.spl --> www.woofie.com /u1/vhome/louis/www/wtv/matchmate/flash Jestor.spl
98.03.24 15:37 B C:\Louis\matchmate\flash\Jestor.spl --> www.woofie.com /u1/vhome/louis/www/wtv/matchmate/flash Jestor.spl
98.03.24 15:37 B C:\Louis\matchmate\flash\3Jestor.spl --> www.woofie.com /u1/vhome/louis/www/wtv/matchmate/flash 3Jestor.spl
98.03.24 16:23 B C:\Louis\matchmate\flash\jestorlink.spl --> www.woofie.com /u1/vhome/louis/www/wtv/matchmate/flash jestorlink.spl
98.03.24 16:36 A C:\Louis\matchmate\flash\jestorlink.spl --> www.woofie.com /u1/vhome/louis/www/wtv/matchmate/flash jestorlink.spl
98.03.24 16:37 B C:\Louis\matchmate\flash\jestorlink.spl --> www.woofie.com /u1/vhome/louis/www/wtv/matchmate/flash jestorlink.spl
98.03.28 02:06 B C:\Louis\matchmate\flash\3Jestor.spl --> www.teletrex.com /webadmin/home/web1/louisr/public_html/wtv/matchmate/backup/backup/flash 3Jestor.spl
98.03.28 02:06 B C:\Louis\matchmate\flash\4Jestor.spl --> www.teletrex.com /webadmin/home/web1/louisr/public_html/wtv/matchmate/backup/backup/flash 4Jestor.spl
98.03.28 02:06 B C:\Louis\matchmate\flash\Jestor.spl --> www.teletrex.com /webadmin/home/web1/louisr/public_html/wtv/matchmate/backup/backup/flash Jestor.spl
98.03.28 02:06 B C:\Louis\matchmate\flash\jestorlink.spl --> www.teletrex.com /webadmin/home/web1/louisr/public_html/wtv/matchmate/backup/backup/flash jestorlink.spl
98.03.28 02:06 B C:\Louis\matchmate\flash\WS_FTP.LOG --> www.teletrex.com /webadmin/home/web1/louisr/public_html/wtv/matchmate/backup/backup/flash WS_FTP.LOG
98.03.28 02:09 B C:\Louis\matchmate\flash\3Jestor.spl --> www.teletrex.com /webadmin/home/web1/louisr/public_html/wtv/matchmate/flash 3Jestor.spl
98.03.28 02:09 B C:\Louis\matchmate\flash\4Jestor.spl --> www.teletrex.com /webadmin/home/web1/louisr/public_html/wtv/matchmate/flash 4Jestor.spl
98.03.28 02:09 B C:\Louis\matchmate\flash\Jestor.spl --> www.teletrex.com /webadmin/home/web1/louisr/public_html/wtv/matchmate/flash Jestor.spl
98.03.28 02:09 B C:\Louis\matchmate\flash\jestorlink.spl --> www.teletrex.com /webadmin/home/web1/louisr/public_html/wtv/matchmate/flash jestorlink.spl
98.03.28 02:09 B C:\Louis\matchmate\flash\WS_FTP.LOG --> www.teletrex.com /webadmin/home/web1/louisr/public_html/wtv/matchmate/flash WS_FTP.LOG
98.03.31 13:46 B C:\Louis\matchmate\flash\4Jestor1.spl <-- content /home/content/webtv.disco/content/explore2d/programming/demo/flash 4Jestor1.spl
98.03.31 13:46 B C:\Louis\matchmate\flash\4Jestor1.spl --> www.woofie.com /u1/vhome/louis/www/wtv/matchmate/flash 4Jestor1.spl
98.03.31 13:48 B C:\Louis\matchmate\flash\4Jestor1.spl --> homeless.artemis.com /home/content/webtv.disco/content/explore2d/programming/matchmate/flash 4Jestor1.spl
98.03.31 15:32 B C:\Louis\matchmatens\flash\3Jestor.spl --> www.woofie.com /u1/vhome/louis/www/matchmatens/flash 3Jestor.spl
98.03.31 15:32 B C:\Louis\matchmatens\flash\4Jestor.spl --> www.woofie.com /u1/vhome/louis/www/matchmatens/flash 4Jestor.spl
98.03.31 15:32 B C:\Louis\matchmatens\flash\4Jestor1.spl --> www.woofie.com /u1/vhome/louis/www/matchmatens/flash 4Jestor1.spl
98.03.31 15:33 B C:\Louis\matchmatens\flash\Jestor.spl --> www.woofie.com /u1/vhome/louis/www/matchmatens/flash Jestor.spl
98.03.31 15:33 B C:\Louis\matchmatens\flash\jestorlink.spl --> www.woofie.com /u1/vhome/louis/www/matchmatens/flash jestorlink.spl
